-- Using CATKIN_DEVEL_PREFIX: /home/daisuke/Autoware/ros/build/udon_socket/devel
-- Using CMAKE_PREFIX_PATH: /home/daisuke/Autoware/ros/install/tablet_socket_msgs;/home/daisuke/Autoware/ros/install/autoware_build_flags;/home/daisuke/Autoware/ros/devel;/opt/ros/kinetic
-- This workspace overlays: /home/daisuke/Autoware/ros/install/tablet_socket_msgs;/home/daisuke/Autoware/ros/install/autoware_build_flags;/opt/ros/kinetic
-- Using PYTHON_EXECUTABLE: /home/daisuke/pyenv/shims/python
-- Using Debian Python package layout
-- Using empy: /usr/bin/empy
-- Using CATKIN_ENABLE_TESTING: ON
-- Call enable_testing()
-- Using CATKIN_TEST_RESULTS_DIR: /home/daisuke/Autoware/ros/build/udon_socket/test_results
-- Found gmock sources under '/usr/src/gmock': gmock will be built
-- Found gtest sources under '/usr/src/gmock': gtests will be built
-- Using Python nosetests: /usr/bin/nosetests-2.7
-- catkin 0.7.14
-- Configuring done
-- Generating done
-- Build files have been written to: /home/daisuke/Autoware/ros/build/udon_socket
[  0%] Built target rosgraph_msgs_generate_messages_eus
[  0%] Built target rosgraph_msgs_generate_messages_nodejs
[  0%] Built target roscpp_generate_messages_cpp
[  0%] Built target std_msgs_generate_messages_lisp
[ 33%] Built target udon
[ 33%] Built target std_msgs_generate_messages_cpp
[ 33%] Built target rosgraph_msgs_generate_messages_cpp
[ 33%] Built target roscpp_generate_messages_eus
[ 33%] Built target rosgraph_msgs_generate_messages_lisp
[ 33%] Built target rosgraph_msgs_generate_messages_py
[ 33%] Built target roscpp_generate_messages_nodejs
[ 33%] Built target roscpp_generate_messages_py
[ 66%] Built target udon_receiver
[ 66%] Built target std_msgs_generate_messages_eus
[ 66%] Built target std_msgs_generate_messages_nodejs
[ 66%] Built target roscpp_generate_messages_lisp
[ 66%] Built target std_msgs_generate_messages_py
[100%] Built target udon_sender
Built target tests
[  0%] Built target rosgraph_msgs_generate_messages_eus
[  0%] Built target rosgraph_msgs_generate_messages_nodejs
[  0%] Built target std_msgs_generate_messages_py
[  0%] Built target std_msgs_generate_messages_nodejs
[  0%] Built target roscpp_generate_messages_lisp
[  0%] Built target std_msgs_generate_messages_eus
[ 33%] Built target udon
[ 33%] Built target roscpp_generate_messages_cpp
[ 33%] Built target std_msgs_generate_messages_lisp
[ 33%] Built target std_msgs_generate_messages_cpp
[ 33%] Built target rosgraph_msgs_generate_messages_cpp
[ 33%] Built target roscpp_generate_messages_eus
[ 33%] Built target rosgraph_msgs_generate_messages_py
[ 33%] Built target rosgraph_msgs_generate_messages_lisp
[ 33%] Built target roscpp_generate_messages_nodejs
[ 33%] Built target roscpp_generate_messages_py
[ 66%] Built target udon_sender
[100%] Built target udon_receiver
[36mInstall the project...[0m
-- Install configuration: "Release"
-- Installing: /home/daisuke/Autoware/ros/install/udon_socket/lib/pkgconfig/udon_socket.pc
-- Up-to-date: /home/daisuke/Autoware/ros/install/udon_socket/share/udon_socket/cmake/udon_socketConfig.cmake
-- Up-to-date: /home/daisuke/Autoware/ros/install/udon_socket/share/udon_socket/cmake/udon_socketConfig-version.cmake
-- Up-to-date: /home/daisuke/Autoware/ros/install/udon_socket/share/udon_socket/package.xml
-- Up-to-date: /home/daisuke/Autoware/ros/install/udon_socket/lib/libudon.so
-- Up-to-date: /home/daisuke/Autoware/ros/install/udon_socket/lib/udon_socket/udon_receiver
-- Up-to-date: /home/daisuke/Autoware/ros/install/udon_socket/lib/udon_socket/udon_sender
