Invoking command in '/home/daisuke/Autoware/ros/build/lgsvl_simulator_bridge': CMAKE_PREFIX_PATH=/home/daisuke/Autoware/ros/install/autoware_msgs:${CMAKE_PREFIX_PATH} PKG_CONFIG_PATH=/home/daisuke/Autoware/ros/install/autoware_msgs/lib/pkgconfig:${PKG_CONFIG_PATH} PYTHONPATH=/home/daisuke/Autoware/ros/install/autoware_msgs/lib/python2.7/dist-packages:${PYTHONPATH} ROS_PACKAGE_PATH=/home/daisuke/Autoware/ros/install/autoware_msgs/share:${ROS_PACKAGE_PATH} /usr/bin/cmake /home/daisuke/Autoware/ros/src/simulation/lgsvl_simulator/lgsvl_simulator_bridge -DCMAKE_BUILD_TYPE=Release -DCMAKE_LIBRARY_PATH=/usr/local/cuda/lib64/stubs -DCATKIN_INSTALL_INTO_PREFIX_ROOT=0 -DCMAKE_INSTALL_PREFIX=/home/daisuke/Autoware/ros/install/lgsvl_simulator_bridge
-- The C compiler identification is GNU 5.4.0
-- The CXX compiler identification is GNU 5.4.0
-- Check for working C compiler: /usr/bin/cc
-- Check for working C compiler: /usr/bin/cc -- works
-- Detecting C compiler ABI info
-- Detecting C compiler ABI info - done
-- Detecting C compile features
-- Detecting C compile features - done
-- Check for working CXX compiler: /usr/bin/c++
-- Check for working CXX compiler: /usr/bin/c++ -- works
-- Detecting CXX compiler ABI info
-- Detecting CXX compiler ABI info - done
-- Detecting CXX compile features
-- Detecting CXX compile features - done
-- Using CATKIN_DEVEL_PREFIX: /home/daisuke/Autoware/ros/build/lgsvl_simulator_bridge/devel
-- Using CMAKE_PREFIX_PATH: /home/daisuke/Autoware/ros/install/autoware_msgs;/home/daisuke/Autoware/ros/devel;/opt/ros/kinetic
-- This workspace overlays: /home/daisuke/Autoware/ros/install/autoware_msgs;/opt/ros/kinetic
-- Found PythonInterp: /home/daisuke/pyenv/shims/python (found version "2.7.12") 
-- Using PYTHON_EXECUTABLE: /home/daisuke/pyenv/shims/python
-- Using Debian Python package layout
-- Using empy: /usr/bin/empy
-- Using CATKIN_ENABLE_TESTING: ON
-- Call enable_testing()
-- Using CATKIN_TEST_RESULTS_DIR: /home/daisuke/Autoware/ros/build/lgsvl_simulator_bridge/test_results
-- Found gmock sources under '/usr/src/gmock': gmock will be built
-- Looking for pthread.h
-- Looking for pthread.h - found
-- Looking for pthread_create
-- Looking for pthread_create - not found
-- Looking for pthread_create in pthreads
-- Looking for pthread_create in pthreads - not found
-- Looking for pthread_create in pthread
-- Looking for pthread_create in pthread - found
-- Found Threads: TRUE  
-- Found gtest sources under '/usr/src/gmock': gtests will be built
-- Using Python nosetests: /usr/bin/nosetests-2.7
-- catkin 0.7.14
-- Using these message generators: gencpp;geneus;genlisp;gennodejs;genpy
-- Configuring done
-- Generating done
-- Build files have been written to: /home/daisuke/Autoware/ros/build/lgsvl_simulator_bridge
Invoked command in '/home/daisuke/Autoware/ros/build/lgsvl_simulator_bridge' returned '0': CMAKE_PREFIX_PATH=/home/daisuke/Autoware/ros/install/autoware_msgs:${CMAKE_PREFIX_PATH} PKG_CONFIG_PATH=/home/daisuke/Autoware/ros/install/autoware_msgs/lib/pkgconfig:${PKG_CONFIG_PATH} PYTHONPATH=/home/daisuke/Autoware/ros/install/autoware_msgs/lib/python2.7/dist-packages:${PYTHONPATH} ROS_PACKAGE_PATH=/home/daisuke/Autoware/ros/install/autoware_msgs/share:${ROS_PACKAGE_PATH} /usr/bin/cmake /home/daisuke/Autoware/ros/src/simulation/lgsvl_simulator/lgsvl_simulator_bridge -DCMAKE_BUILD_TYPE=Release -DCMAKE_LIBRARY_PATH=/usr/local/cuda/lib64/stubs -DCATKIN_INSTALL_INTO_PREFIX_ROOT=0 -DCMAKE_INSTALL_PREFIX=/home/daisuke/Autoware/ros/install/lgsvl_simulator_bridge
Invoking command in '/home/daisuke/Autoware/ros/build/lgsvl_simulator_bridge': CMAKE_PREFIX_PATH=/home/daisuke/Autoware/ros/install/autoware_msgs:${CMAKE_PREFIX_PATH} PKG_CONFIG_PATH=/home/daisuke/Autoware/ros/install/autoware_msgs/lib/pkgconfig:${PKG_CONFIG_PATH} PYTHONPATH=/home/daisuke/Autoware/ros/install/autoware_msgs/lib/python2.7/dist-packages:${PYTHONPATH} ROS_PACKAGE_PATH=/home/daisuke/Autoware/ros/install/autoware_msgs/share:${ROS_PACKAGE_PATH} /usr/bin/cmake --build /home/daisuke/Autoware/ros/build/lgsvl_simulator_bridge -- -j8 -l8
Invoked command in '/home/daisuke/Autoware/ros/build/lgsvl_simulator_bridge' returned '0': CMAKE_PREFIX_PATH=/home/daisuke/Autoware/ros/install/autoware_msgs:${CMAKE_PREFIX_PATH} PKG_CONFIG_PATH=/home/daisuke/Autoware/ros/install/autoware_msgs/lib/pkgconfig:${PKG_CONFIG_PATH} PYTHONPATH=/home/daisuke/Autoware/ros/install/autoware_msgs/lib/python2.7/dist-packages:${PYTHONPATH} ROS_PACKAGE_PATH=/home/daisuke/Autoware/ros/install/autoware_msgs/share:${ROS_PACKAGE_PATH} /usr/bin/cmake --build /home/daisuke/Autoware/ros/build/lgsvl_simulator_bridge -- -j8 -l8
Invoking command in '/home/daisuke/Autoware/ros/build/lgsvl_simulator_bridge': CMAKE_PREFIX_PATH=/home/daisuke/Autoware/ros/install/autoware_msgs:${CMAKE_PREFIX_PATH} PKG_CONFIG_PATH=/home/daisuke/Autoware/ros/install/autoware_msgs/lib/pkgconfig:${PKG_CONFIG_PATH} PYTHONPATH=/home/daisuke/Autoware/ros/install/autoware_msgs/lib/python2.7/dist-packages:${PYTHONPATH} ROS_PACKAGE_PATH=/home/daisuke/Autoware/ros/install/autoware_msgs/share:${ROS_PACKAGE_PATH} /usr/bin/cmake --build /home/daisuke/Autoware/ros/build/lgsvl_simulator_bridge --target tests -- -j8 -l8
[35m[1mScanning dependencies of target tests[0m
Built target tests
Invoked command in '/home/daisuke/Autoware/ros/build/lgsvl_simulator_bridge' returned '0': CMAKE_PREFIX_PATH=/home/daisuke/Autoware/ros/install/autoware_msgs:${CMAKE_PREFIX_PATH} PKG_CONFIG_PATH=/home/daisuke/Autoware/ros/install/autoware_msgs/lib/pkgconfig:${PKG_CONFIG_PATH} PYTHONPATH=/home/daisuke/Autoware/ros/install/autoware_msgs/lib/python2.7/dist-packages:${PYTHONPATH} ROS_PACKAGE_PATH=/home/daisuke/Autoware/ros/install/autoware_msgs/share:${ROS_PACKAGE_PATH} /usr/bin/cmake --build /home/daisuke/Autoware/ros/build/lgsvl_simulator_bridge --target tests -- -j8 -l8
Invoking command in '/home/daisuke/Autoware/ros/build/lgsvl_simulator_bridge': CMAKE_PREFIX_PATH=/home/daisuke/Autoware/ros/install/autoware_msgs:${CMAKE_PREFIX_PATH} PKG_CONFIG_PATH=/home/daisuke/Autoware/ros/install/autoware_msgs/lib/pkgconfig:${PKG_CONFIG_PATH} PYTHONPATH=/home/daisuke/Autoware/ros/install/autoware_msgs/lib/python2.7/dist-packages:${PYTHONPATH} ROS_PACKAGE_PATH=/home/daisuke/Autoware/ros/install/autoware_msgs/share:${ROS_PACKAGE_PATH} /usr/bin/cmake --build /home/daisuke/Autoware/ros/build/lgsvl_simulator_bridge --target install
[36mInstall the project...[0m
-- Install configuration: "Release"
+ cd /home/daisuke/Autoware/ros/src/simulation/lgsvl_simulator/lgsvl_simulator_bridge
+ mkdir -p /home/daisuke/Autoware/ros/install/lgsvl_simulator_bridge/lib/python2.7/dist-packages
+ /usr/bin/env PYTHONPATH=/home/daisuke/Autoware/ros/install/lgsvl_simulator_bridge/lib/python2.7/dist-packages:/home/daisuke/Autoware/ros/build/lgsvl_simulator_bridge/lib/python2.7/dist-packages:/home/daisuke/Autoware/ros/install/autoware_msgs/lib/python2.7/dist-packages:/home/daisuke/Autoware/ros/devel/lib/python2.7/dist-packages:/opt/ros/kinetic/lib/python2.7/dist-packages CATKIN_BINARY_DIR=/home/daisuke/Autoware/ros/build/lgsvl_simulator_bridge /home/daisuke/pyenv/shims/python /home/daisuke/Autoware/ros/src/simulation/lgsvl_simulator/lgsvl_simulator_bridge/setup.py build --build-base /home/daisuke/Autoware/ros/build/lgsvl_simulator_bridge install --install-layout=deb --prefix=/home/daisuke/Autoware/ros/install/lgsvl_simulator_bridge --install-scripts=/home/daisuke/Autoware/ros/install/lgsvl_simulator_bridge/bin
running build
running build_py
creating /home/daisuke/Autoware/ros/build/lgsvl_simulator_bridge/lib.linux-x86_64-2.7
creating /home/daisuke/Autoware/ros/build/lgsvl_simulator_bridge/lib.linux-x86_64-2.7/lgsvl_simulator_bridge
copying src/lgsvl_simulator_bridge/__init__.py -> /home/daisuke/Autoware/ros/build/lgsvl_simulator_bridge/lib.linux-x86_64-2.7/lgsvl_simulator_bridge
copying src/lgsvl_simulator_bridge/configurator.py -> /home/daisuke/Autoware/ros/build/lgsvl_simulator_bridge/lib.linux-x86_64-2.7/lgsvl_simulator_bridge
running install
running install_lib
creating /home/daisuke/Autoware/ros/install/lgsvl_simulator_bridge/lib/python2.7/dist-packages/lgsvl_simulator_bridge
copying /home/daisuke/Autoware/ros/build/lgsvl_simulator_bridge/lib.linux-x86_64-2.7/lgsvl_simulator_bridge/__init__.py -> /home/daisuke/Autoware/ros/install/lgsvl_simulator_bridge/lib/python2.7/dist-packages/lgsvl_simulator_bridge
copying /home/daisuke/Autoware/ros/build/lgsvl_simulator_bridge/lib.linux-x86_64-2.7/lgsvl_simulator_bridge/configurator.py -> /home/daisuke/Autoware/ros/install/lgsvl_simulator_bridge/lib/python2.7/dist-packages/lgsvl_simulator_bridge
byte-compiling /home/daisuke/Autoware/ros/install/lgsvl_simulator_bridge/lib/python2.7/dist-packages/lgsvl_simulator_bridge/__init__.py to __init__.pyc
byte-compiling /home/daisuke/Autoware/ros/install/lgsvl_simulator_bridge/lib/python2.7/dist-packages/lgsvl_simulator_bridge/configurator.py to configurator.pyc
running install_egg_info
Writing /home/daisuke/Autoware/ros/install/lgsvl_simulator_bridge/lib/python2.7/dist-packages/lgsvl_simulator_bridge-1.10.0.egg-info
-- Installing: /home/daisuke/Autoware/ros/install/lgsvl_simulator_bridge/lib/pkgconfig/lgsvl_simulator_bridge.pc
-- Installing: /home/daisuke/Autoware/ros/install/lgsvl_simulator_bridge/share/lgsvl_simulator_bridge/cmake/lgsvl_simulator_bridgeConfig.cmake
-- Installing: /home/daisuke/Autoware/ros/install/lgsvl_simulator_bridge/share/lgsvl_simulator_bridge/cmake/lgsvl_simulator_bridgeConfig-version.cmake
-- Installing: /home/daisuke/Autoware/ros/install/lgsvl_simulator_bridge/share/lgsvl_simulator_bridge/package.xml
-- Installing: /home/daisuke/Autoware/ros/install/lgsvl_simulator_bridge/share/lgsvl_simulator_bridge/launch
-- Installing: /home/daisuke/Autoware/ros/install/lgsvl_simulator_bridge/share/lgsvl_simulator_bridge/launch/lgsvl_simulator.launch
-- Installing: /home/daisuke/Autoware/ros/install/lgsvl_simulator_bridge/share/lgsvl_simulator_bridge/launch/bridge.launch
-- Installing: /home/daisuke/Autoware/ros/install/lgsvl_simulator_bridge/share/lgsvl_simulator_bridge/rviz
-- Installing: /home/daisuke/Autoware/ros/install/lgsvl_simulator_bridge/share/lgsvl_simulator_bridge/rviz/lgsvl_simulator.rviz
-- Installing: /home/daisuke/Autoware/ros/install/lgsvl_simulator_bridge/share/lgsvl_simulator_bridge/config
-- Installing: /home/daisuke/Autoware/ros/install/lgsvl_simulator_bridge/share/lgsvl_simulator_bridge/config/sample.json
-- Installing: /home/daisuke/Autoware/ros/install/lgsvl_simulator_bridge/share/lgsvl_simulator_bridge/media
-- Installing: /home/daisuke/Autoware/ros/install/lgsvl_simulator_bridge/share/lgsvl_simulator_bridge/media/autoware.png
-- Installing: /home/daisuke/Autoware/ros/install/lgsvl_simulator_bridge/share/lgsvl_simulator_bridge/media/lgsvl_simulator_bridge.png
-- Installing: /home/daisuke/Autoware/ros/install/lgsvl_simulator_bridge/lib/lgsvl_simulator_bridge/launch_sim.bash
-- Installing: /home/daisuke/Autoware/ros/install/lgsvl_simulator_bridge/lib/lgsvl_simulator_bridge/__init__.py
-- Installing: /home/daisuke/Autoware/ros/install/lgsvl_simulator_bridge/lib/lgsvl_simulator_bridge/configurator.py
Invoked command in '/home/daisuke/Autoware/ros/build/lgsvl_simulator_bridge' returned '0': CMAKE_PREFIX_PATH=/home/daisuke/Autoware/ros/install/autoware_msgs:${CMAKE_PREFIX_PATH} PKG_CONFIG_PATH=/home/daisuke/Autoware/ros/install/autoware_msgs/lib/pkgconfig:${PKG_CONFIG_PATH} PYTHONPATH=/home/daisuke/Autoware/ros/install/autoware_msgs/lib/python2.7/dist-packages:${PYTHONPATH} ROS_PACKAGE_PATH=/home/daisuke/Autoware/ros/install/autoware_msgs/share:${ROS_PACKAGE_PATH} /usr/bin/cmake --build /home/daisuke/Autoware/ros/build/lgsvl_simulator_bridge --target install
