** WARNING ** io features related to openni2 will be disabled
** WARNING ** io features related to pcap will be disabled
** WARNING ** io features related to png will be disabled
** WARNING ** visualization features related to openni2 will be disabled
ptxas info    : 0 bytes gmem
ptxas info    : 14 bytes gmem, 272 bytes cmem[3]
ptxas info    : Compiling entry function '_ZN6thrust8cuda_cub4core13_kernel_agentINS0_14__parallel_for16ParallelForAgentINS0_11__transform17unary_transform_fINS_10device_ptrIiEEPiNS5_14no_stencil_tagENS_8identityIiEENS5_21always_true_predicateEEElEESE_lEEvT0_T1_' for 'sm_52'
ptxas info    : Function properties for _ZN6thrust8cuda_cub4core13_kernel_agentINS0_14__parallel_for16ParallelForAgentINS0_11__transform17unary_transform_fINS_10device_ptrIiEEPiNS5_14no_stencil_tagENS_8identityIiEENS5_21always_true_predicateEEElEESE_lEEvT0_T1_
    0 bytes stack frame, 0 bytes spill stores, 0 bytes spill loads
ptxas info    : Used 8 registers, 352 bytes cmem[0]
ptxas info    : Compiling entry function '_ZN6thrust8cuda_cub4core13_kernel_agentINS0_14__parallel_for16ParallelForAgentINS0_11__transform17unary_transform_fIPKiNS_10device_ptrIiEENS5_14no_stencil_tagENS_8identityIiEENS5_21always_true_predicateEEElEESF_lEEvT0_T1_' for 'sm_52'
ptxas info    : Function properties for _ZN6thrust8cuda_cub4core13_kernel_agentINS0_14__parallel_for16ParallelForAgentINS0_11__transform17unary_transform_fIPKiNS_10device_ptrIiEENS5_14no_stencil_tagENS_8identityIiEENS5_21always_true_predicateEEElEESF_lEEvT0_T1_
    0 bytes stack frame, 0 bytes spill stores, 0 bytes spill loads
ptxas info    : Used 12 registers, 352 bytes cmem[0]
ptxas info    : Compiling entry function '_ZN6thrust8cuda_cub4core13_kernel_agentINS0_6__scan9ScanAgentINS_10device_ptrIiEES6_NS_4plusIiEEiiNS_6detail17integral_constantIbLb0EEEEES6_S6_S8_iNS0_3cub13ScanTileStateIiLb1EEENS3_22AddInitToExclusiveScanIiS8_EEEEvT0_T1_T2_T3_T4_T5_' for 'sm_52'
ptxas info    : Function properties for _ZN6thrust8cuda_cub4core13_kernel_agentINS0_6__scan9ScanAgentINS_10device_ptrIiEES6_NS_4plusIiEEiiNS_6detail17integral_constantIbLb0EEEEES6_S6_S8_iNS0_3cub13ScanTileStateIiLb1EEENS3_22AddInitToExclusiveScanIiS8_EEEEvT0_T1_T2_T3_T4_T5_
    0 bytes stack frame, 0 bytes spill stores, 0 bytes spill loads
ptxas info    : Used 43 registers, 360 bytes cmem[0], 4 bytes cmem[2]
ptxas info    : Compiling entry function '_ZN6thrust8cuda_cub4core13_kernel_agentINS0_6__scan9InitAgentINS0_3cub13ScanTileStateIiLb1EEEiEES7_iEEvT0_T1_' for 'sm_52'
ptxas info    : Function properties for _ZN6thrust8cuda_cub4core13_kernel_agentINS0_6__scan9InitAgentINS0_3cub13ScanTileStateIiLb1EEEiEES7_iEEvT0_T1_
    0 bytes stack frame, 0 bytes spill stores, 0 bytes spill loads
ptxas info    : Used 8 registers, 332 bytes cmem[0]
ptxas info    : Compiling entry function '_ZN6thrust8cuda_cub3cub11EmptyKernelIvEEvv' for 'sm_52'
ptxas info    : Function properties for _ZN6thrust8cuda_cub3cub11EmptyKernelIvEEvv
    0 bytes stack frame, 0 bytes spill stores, 0 bytes spill loads
ptxas info    : Used 2 registers, 320 bytes cmem[0]
ptxas info    : Compiling entry function 'verifyDistances' for 'sm_52'
ptxas info    : Function properties for verifyDistances
    0 bytes stack frame, 0 bytes spill stores, 0 bytes spill loads
ptxas info    : Used 11 registers, 348 bytes cmem[0]
ptxas info    : Compiling entry function 'nearestPointSearch' for 'sm_52'
ptxas info    : Function properties for nearestPointSearch
    0 bytes stack frame, 0 bytes spill stores, 0 bytes spill loads
ptxas info    : Used 28 registers, 448 bytes cmem[0], 16 bytes cmem[2]
ptxas info    : Compiling entry function 'nearestOctreeNodeSearch' for 'sm_52'
ptxas info    : Function properties for nearestOctreeNodeSearch
    0 bytes stack frame, 0 bytes spill stores, 0 bytes spill loads
ptxas info    : Used 56 registers, 408 bytes cmem[0], 20 bytes cmem[2]
ptxas info    : Compiling entry function 'scatterPointsToVoxels' for 'sm_52'
ptxas info    : Function properties for scatterPointsToVoxels
    0 bytes stack frame, 0 bytes spill stores, 0 bytes spill loads
ptxas info    : Used 19 registers, 408 bytes cmem[0], 12 bytes cmem[2]
ptxas info    : Compiling entry function 'insertPointsToGrid' for 'sm_52'
ptxas info    : Function properties for insertPointsToGrid
    0 bytes stack frame, 0 bytes spill stores, 0 bytes spill loads
ptxas info    : Used 19 registers, 400 bytes cmem[0], 12 bytes cmem[2]
ptxas info    : Compiling entry function 'buildParent' for 'sm_52'
ptxas info    : Function properties for buildParent
    0 bytes stack frame, 0 bytes spill stores, 0 bytes spill loads
ptxas info    : Used 32 registers, 380 bytes cmem[0], 32 bytes cmem[2]
ptxas info    : Compiling entry function 'collectValidVoxelCount' for 'sm_52'
ptxas info    : Function properties for collectValidVoxelCount
    0 bytes stack frame, 0 bytes spill stores, 0 bytes spill loads
ptxas info    : Used 10 registers, 348 bytes cmem[0]
ptxas info    : Compiling entry function 'collectValidVoxels' for 'sm_52'
ptxas info    : Function properties for collectValidVoxels
    0 bytes stack frame, 0 bytes spill stores, 0 bytes spill loads
ptxas info    : Used 10 registers, 356 bytes cmem[0]
ptxas info    : Compiling entry function 'inspectCandidateVoxels' for 'sm_52'
ptxas info    : Function properties for inspectCandidateVoxels
    0 bytes stack frame, 0 bytes spill stores, 0 bytes spill loads
ptxas info    : Used 39 registers, 424 bytes cmem[0], 20 bytes cmem[2]
ptxas info    : Compiling entry function 'updateCandidateVoxelIds' for 'sm_52'
ptxas info    : Function properties for updateCandidateVoxelIds
    0 bytes stack frame, 0 bytes spill stores, 0 bytes spill loads
ptxas info    : Used 32 registers, 400 bytes cmem[0]
ptxas info    : Compiling entry function 'collectValidPoints' for 'sm_52'
ptxas info    : Function properties for collectValidPoints
    0 bytes stack frame, 0 bytes spill stores, 0 bytes spill loads
ptxas info    : Used 10 registers, 348 bytes cmem[0]
ptxas info    : Compiling entry function 'findBoundariesOfCandidateVoxels' for 'sm_52'
ptxas info    : Function properties for findBoundariesOfCandidateVoxels
    0 bytes stack frame, 0 bytes spill stores, 0 bytes spill loads
ptxas info    : Used 28 registers, 448 bytes cmem[0], 12 bytes cmem[2]
ptxas info    : Compiling entry function 'findMin' for 'sm_52'
ptxas info    : Function properties for findMin
    0 bytes stack frame, 0 bytes spill stores, 0 bytes spill loads
ptxas info    : Used 15 registers, 352 bytes cmem[0]
ptxas info    : Compiling entry function 'findMax' for 'sm_52'
ptxas info    : Function properties for findMax
    0 bytes stack frame, 0 bytes spill stores, 0 bytes spill loads
ptxas info    : Used 15 registers, 352 bytes cmem[0]
ptxas info    : Compiling entry function 'updateEval2' for 'sm_52'
ptxas info    : Function properties for updateEval2
    0 bytes stack frame, 0 bytes spill stores, 0 bytes spill loads
ptxas info    : Used 20 registers, 344 bytes cmem[0], 8 bytes cmem[2]
ptxas info    : Compiling entry function 'updateEval' for 'sm_52'
ptxas info    : Function properties for updateEval
    0 bytes stack frame, 0 bytes spill stores, 0 bytes spill loads
ptxas info    : Used 18 registers, 408 bytes cmem[0]
ptxas info    : Compiling entry function 'computeEvec2' for 'sm_52'
ptxas info    : Function properties for computeEvec2
    0 bytes stack frame, 0 bytes spill stores, 0 bytes spill loads
ptxas info    : Used 32 registers, 408 bytes cmem[0]
ptxas info    : Compiling entry function 'computeEvec11' for 'sm_52'
ptxas info    : Function properties for computeEvec11
    16 bytes stack frame, 0 bytes spill stores, 0 bytes spill loads
ptxas info    : Used 40 registers, 408 bytes cmem[0], 52 bytes cmem[2]
ptxas info    : Compiling entry function 'computeEvec10' for 'sm_52'
ptxas info    : Function properties for computeEvec10
    0 bytes stack frame, 0 bytes spill stores, 0 bytes spill loads
ptxas info    : Used 56 registers, 408 bytes cmem[0], 28 bytes cmem[2]
ptxas info    : Compiling entry function 'computeEvec01' for 'sm_52'
ptxas info    : Function properties for computeEvec01
    0 bytes stack frame, 0 bytes spill stores, 0 bytes spill loads
ptxas info    : Used 39 registers, 408 bytes cmem[0], 44 bytes cmem[2]
ptxas info    : Compiling entry function 'computeEvec00' for 'sm_52'
ptxas info    : Function properties for computeEvec00
    0 bytes stack frame, 0 bytes spill stores, 0 bytes spill loads
ptxas info    : Used 56 registers, 408 bytes cmem[0]
ptxas info    : Compiling entry function 'computeEigenvalues' for 'sm_52'
ptxas info    : Function properties for computeEigenvalues
    48 bytes stack frame, 0 bytes spill stores, 0 bytes spill loads
ptxas info    : Used 53 registers, 408 bytes cmem[0], 332 bytes cmem[2]
ptxas info    : Function properties for __internal_trig_reduction_slowpathd
    0 bytes stack frame, 0 bytes spill stores, 0 bytes spill loads
ptxas info    : Compiling entry function 'normalize' for 'sm_52'
ptxas info    : Function properties for normalize
    0 bytes stack frame, 0 bytes spill stores, 0 bytes spill loads
ptxas info    : Used 56 registers, 408 bytes cmem[0], 20 bytes cmem[2]
ptxas info    : Compiling entry function 'initBoolean' for 'sm_52'
ptxas info    : Function properties for initBoolean
    0 bytes stack frame, 0 bytes spill stores, 0 bytes spill loads
ptxas info    : Used 11 registers, 332 bytes cmem[0]
ptxas info    : Compiling entry function 'computeInverseCovariance' for 'sm_52'
ptxas info    : Function properties for computeInverseCovariance
    0 bytes stack frame, 0 bytes spill stores, 0 bytes spill loads
ptxas info    : Used 40 registers, 352 bytes cmem[0], 20 bytes cmem[2]
ptxas info    : Compiling entry function 'updateCovarianceS1' for 'sm_52'
ptxas info    : Function properties for updateCovarianceS1
    0 bytes stack frame, 0 bytes spill stores, 0 bytes spill loads
ptxas info    : Used 32 registers, 368 bytes cmem[0]
ptxas info    : Compiling entry function 'updateCovarianceS0' for 'sm_52'
ptxas info    : Function properties for updateCovarianceS0
    0 bytes stack frame, 0 bytes spill stores, 0 bytes spill loads
ptxas info    : Used 26 registers, 356 bytes cmem[0]
ptxas info    : Compiling entry function 'computeInverseEigenvectors' for 'sm_52'
ptxas info    : Function properties for computeInverseEigenvectors
    0 bytes stack frame, 0 bytes spill stores, 0 bytes spill loads
ptxas info    : Used 40 registers, 356 bytes cmem[0], 20 bytes cmem[2]
ptxas info    : Compiling entry function 'updateVoxelCovariance' for 'sm_52'
ptxas info    : Function properties for updateVoxelCovariance
    0 bytes stack frame, 0 bytes spill stores, 0 bytes spill loads
ptxas info    : Used 49 registers, 360 bytes cmem[0], 32 bytes cmem[2]
ptxas info    : Compiling entry function 'updateVoxelCentroid' for 'sm_52'
ptxas info    : Function properties for updateVoxelCentroid
    0 bytes stack frame, 0 bytes spill stores, 0 bytes spill loads
ptxas info    : Used 28 registers, 340 bytes cmem[0], 32 bytes cmem[2]
ptxas info    : Compiling entry function 'initCentroidAndCovariance' for 'sm_52'
ptxas info    : Function properties for initCentroidAndCovariance
    0 bytes stack frame, 0 bytes spill stores, 0 bytes spill loads
ptxas info    : Used 40 registers, 380 bytes cmem[0], 8 bytes cmem[2]
ptxas info    : 0 bytes gmem
ptxas info    : Compiling entry function '_ZN3gpu12convertInputIN3pcl8PointXYZEEEvPT_PfS5_S5_i' for 'sm_52'
ptxas info    : Function properties for _ZN3gpu12convertInputIN3pcl8PointXYZEEEvPT_PfS5_S5_i
    0 bytes stack frame, 0 bytes spill stores, 0 bytes spill loads
ptxas info    : Used 14 registers, 356 bytes cmem[0]
ptxas info    : Compiling entry function '_ZN3gpu12convertInputIN3pcl9PointXYZIEEEvPT_PfS5_S5_i' for 'sm_52'
ptxas info    : Function properties for _ZN3gpu12convertInputIN3pcl9PointXYZIEEEvPT_PfS5_S5_i
    0 bytes stack frame, 0 bytes spill stores, 0 bytes spill loads
ptxas info    : Used 14 registers, 356 bytes cmem[0]
ptxas info    : 0 bytes gmem
ptxas info    : Compiling entry function '_ZN3gpu6gpuSumIiEEvPT_ii' for 'sm_52'
ptxas info    : Function properties for _ZN3gpu6gpuSumIiEEvPT_ii
    0 bytes stack frame, 0 bytes spill stores, 0 bytes spill loads
ptxas info    : Used 10 registers, 336 bytes cmem[0]
ptxas info    : Compiling entry function '_ZN3gpu6gpuSumIdEEvPT_ii' for 'sm_52'
ptxas info    : Function properties for _ZN3gpu6gpuSumIdEEvPT_ii
    0 bytes stack frame, 0 bytes spill stores, 0 bytes spill loads
ptxas info    : Used 11 registers, 336 bytes cmem[0]
ptxas info    : Compiling entry function '_ZN3gpu12gpuTransformEPfS0_S0_S0_S0_S0_iNS_12MatrixDeviceE' for 'sm_52'
ptxas info    : Function properties for _ZN3gpu12gpuTransformEPfS0_S0_S0_S0_S0_iNS_12MatrixDeviceE
    0 bytes stack frame, 0 bytes spill stores, 0 bytes spill loads
ptxas info    : Used 40 registers, 400 bytes cmem[0]
ptxas info    : Compiling entry function '_ZN3gpu8sumScoreEPdii' for 'sm_52'
ptxas info    : Function properties for _ZN3gpu8sumScoreEPdii
    0 bytes stack frame, 0 bytes spill stores, 0 bytes spill loads
ptxas info    : Used 12 registers, 336 bytes cmem[0]
ptxas info    : Compiling entry function '_ZN3gpu9matrixSumEPdiiiii' for 'sm_52'
ptxas info    : Function properties for _ZN3gpu9matrixSumEPdiiiii
    0 bytes stack frame, 0 bytes spill stores, 0 bytes spill loads
ptxas info    : Used 13 registers, 348 bytes cmem[0]
ptxas info    : Compiling entry function '_ZN3gpu20computeHessianListS2EPfS0_S0_PiS1_S1_iPdS2_S2_dS2_S2_S2_S2_S2_S2_S2_S2_S2_S2_S2_S2_i' for 'sm_52'
ptxas info    : Function properties for _ZN3gpu20computeHessianListS2EPfS0_S0_PiS1_S1_iPdS2_S2_dS2_S2_S2_S2_S2_S2_S2_S2_S2_S2_S2_S2_i
    0 bytes stack frame, 0 bytes spill stores, 0 bytes spill loads
ptxas info    : Used 40 registers, 508 bytes cmem[0]
ptxas info    : Compiling entry function '_ZN3gpu20computeHessianListS1EPfS0_S0_PiS1_S1_iPdS2_S2_ddS2_S2_S2_S2_S2_i' for 'sm_52'
ptxas info    : Function properties for _ZN3gpu20computeHessianListS1EPfS0_S0_PiS1_S1_iPdS2_S2_ddS2_S2_S2_S2_S2_i
    0 bytes stack frame, 0 bytes spill stores, 0 bytes spill loads
ptxas info    : Used 53 registers, 460 bytes cmem[0]
ptxas info    : Compiling entry function '_ZN3gpu20computeHessianListS0EPfS0_S0_PiS1_S1_iPdS2_S2_S2_S2_S2_S2_S2_S2_S2_S2_S2_S2_S2_i' for 'sm_52'
ptxas info    : Function properties for _ZN3gpu20computeHessianListS0EPfS0_S0_PiS1_S1_iPdS2_S2_S2_S2_S2_S2_S2_S2_S2_S2_S2_S2_S2_i
    0 bytes stack frame, 0 bytes spill stores, 0 bytes spill loads
ptxas info    : Used 32 registers, 492 bytes cmem[0]
ptxas info    : Compiling entry function '_ZN3gpu15computeCovDxdPiEPiS0_S0_iPdiddS1_S1_i' for 'sm_52'
ptxas info    : Function properties for _ZN3gpu15computeCovDxdPiEPiS0_S0_iPdiddS1_S1_i
    0 bytes stack frame, 0 bytes spill stores, 0 bytes spill loads
ptxas info    : Used 32 registers, 404 bytes cmem[0]
ptxas info    : Compiling entry function '_ZN3gpu12updateExCovXEPddi' for 'sm_52'
ptxas info    : Function properties for _ZN3gpu12updateExCovXEPddi
    0 bytes stack frame, 0 bytes spill stores, 0 bytes spill loads
ptxas info    : Used 8 registers, 340 bytes cmem[0]
ptxas info    : Compiling entry function '_ZN3gpu13computeExCovXEPfS0_S0_PiS1_S1_iPdS2_S2_ddS2_S2_S2_S2_S2_S2_S2_S2_S2_S2_' for 'sm_52'
ptxas info    : Function properties for _ZN3gpu13computeExCovXEPfS0_S0_PiS1_S1_iPdS2_S2_ddS2_S2_S2_S2_S2_S2_S2_S2_S2_S2_
    0 bytes stack frame, 0 bytes spill stores, 0 bytes spill loads
ptxas info    : Used 32 registers, 496 bytes cmem[0], 112 bytes cmem[2]
ptxas info    : Compiling entry function '_ZN3gpu24computeScoreGradientListEPfS0_S0_PiS1_S1_iPdS2_S2_iS2_S2_diS2_' for 'sm_52'
ptxas info    : Function properties for _ZN3gpu24computeScoreGradientListEPfS0_S0_PiS1_S1_iPdS2_S2_iS2_S2_diS2_
    0 bytes stack frame, 0 bytes spill stores, 0 bytes spill loads
ptxas info    : Used 40 registers, 448 bytes cmem[0]
ptxas info    : Compiling entry function '_ZN3gpu16computeScoreListEPiS0_iPddS1_' for 'sm_52'
ptxas info    : Function properties for _ZN3gpu16computeScoreListEPiS0_iPddS1_
    0 bytes stack frame, 0 bytes spill stores, 0 bytes spill loads
ptxas info    : Used 32 registers, 368 bytes cmem[0]
ptxas info    : Compiling entry function '_ZN3gpu20computePointHessian2EPfS0_S0_iPiiPdS2_S2_S2_' for 'sm_52'
ptxas info    : Function properties for _ZN3gpu20computePointHessian2EPfS0_S0_iPiiPdS2_S2_S2_
    0 bytes stack frame, 0 bytes spill stores, 0 bytes spill loads
ptxas info    : Used 32 registers, 72 bytes smem, 400 bytes cmem[0]
ptxas info    : Compiling entry function '_ZN3gpu20computePointHessian1EPfS0_S0_iPiiPdS2_S2_S2_S2_S2_S2_S2_S2_S2_' for 'sm_52'
ptxas info    : Function properties for _ZN3gpu20computePointHessian1EPfS0_S0_iPiiPdS2_S2_S2_S2_S2_S2_S2_S2_S2_
    0 bytes stack frame, 0 bytes spill stores, 0 bytes spill loads
ptxas info    : Used 56 registers, 144 bytes smem, 448 bytes cmem[0]
ptxas info    : Compiling entry function '_ZN3gpu20computePointHessian0EPfS0_S0_iPiiPdS2_S2_S2_S2_S2_S2_S2_S2_S2_S2_S2_S2_S2_S2_S2_' for 'sm_52'
ptxas info    : Function properties for _ZN3gpu20computePointHessian0EPfS0_S0_iPiiPdS2_S2_S2_S2_S2_S2_S2_S2_S2_S2_S2_S2_S2_S2_S2_
    0 bytes stack frame, 0 bytes spill stores, 0 bytes spill loads
ptxas info    : Used 56 registers, 144 bytes smem, 496 bytes cmem[0]
ptxas info    : Compiling entry function '_ZN3gpu22computePointGradients1EPfS0_S0_iPiiPdS2_S2_S2_S2_' for 'sm_52'
ptxas info    : Function properties for _ZN3gpu22computePointGradients1EPfS0_S0_iPiiPdS2_S2_S2_S2_
    0 bytes stack frame, 0 bytes spill stores, 0 bytes spill loads
ptxas info    : Used 40 registers, 96 bytes smem, 408 bytes cmem[0]
ptxas info    : Compiling entry function '_ZN3gpu22computePointGradients0EPfS0_S0_iPiiPdS2_S2_S2_S2_S2_S2_S2_' for 'sm_52'
ptxas info    : Function properties for _ZN3gpu22computePointGradients0EPfS0_S0_iPiiPdS2_S2_S2_S2_S2_S2_S2_
    0 bytes stack frame, 0 bytes spill stores, 0 bytes spill loads
ptxas info    : Used 40 registers, 96 bytes smem, 432 bytes cmem[0]
ptxas info    : 0 bytes gmem
ptxas info    : Compiling entry function 'copyMatrixDevToDev' for 'sm_52'
ptxas info    : Function properties for copyMatrixDevToDev
    0 bytes stack frame, 0 bytes spill stores, 0 bytes spill loads
ptxas info    : Used 7 registers, 368 bytes cmem[0]
ptxas info    : 0 bytes gmem
** WARNING ** io features related to openni2 will be disabled
** WARNING ** io features related to pcap will be disabled
** WARNING ** io features related to png will be disabled
** WARNING ** visualization features related to openni2 will be disabled
