Invoking command in '/home/daisuke/Autoware/ros/build/ndt_gpu': /usr/bin/cmake /home/daisuke/Autoware/ros/src/computing/perception/localization/lib/ndt_gpu -DCMAKE_BUILD_TYPE=Release -DCMAKE_LIBRARY_PATH=/usr/local/cuda/lib64/stubs -DCATKIN_INSTALL_INTO_PREFIX_ROOT=0 -DCMAKE_INSTALL_PREFIX=/home/daisuke/Autoware/ros/install/ndt_gpu
-- The C compiler identification is GNU 5.4.0
-- The CXX compiler identification is GNU 5.4.0
-- Check for working C compiler: /usr/bin/cc
-- Check for working C compiler: /usr/bin/cc -- works
-- Detecting C compiler ABI info
-- Detecting C compiler ABI info - done
-- Detecting C compile features
-- Detecting C compile features - done
-- Check for working CXX compiler: /usr/bin/c++
-- Check for working CXX compiler: /usr/bin/c++ -- works
-- Detecting CXX compiler ABI info
-- Detecting CXX compiler ABI info - done
-- Detecting CXX compile features
-- Detecting CXX compile features - done
-- Using CATKIN_DEVEL_PREFIX: /home/daisuke/Autoware/ros/build/ndt_gpu/devel
-- Using CMAKE_PREFIX_PATH: /home/daisuke/Autoware/ros/devel;/opt/ros/kinetic
-- This workspace overlays: /opt/ros/kinetic
-- Found PythonInterp: /home/daisuke/pyenv/shims/python (found version "2.7.12") 
-- Using PYTHON_EXECUTABLE: /home/daisuke/pyenv/shims/python
-- Using Debian Python package layout
-- Using empy: /usr/bin/empy
-- Using CATKIN_ENABLE_TESTING: ON
-- Call enable_testing()
-- Using CATKIN_TEST_RESULTS_DIR: /home/daisuke/Autoware/ros/build/ndt_gpu/test_results
-- Found gmock sources under '/usr/src/gmock': gmock will be built
-- Looking for pthread.h
-- Looking for pthread.h - found
-- Looking for pthread_create
-- Looking for pthread_create - not found
-- Looking for pthread_create in pthreads
-- Looking for pthread_create in pthreads - not found
-- Looking for pthread_create in pthread
-- Looking for pthread_create in pthread - found
-- Found Threads: TRUE  
-- Found gtest sources under '/usr/src/gmock': gtests will be built
-- Using Python nosetests: /usr/bin/nosetests-2.7
-- catkin 0.7.14
-- Checking for module 'eigen3'
--   Found eigen3, version 3.2.92
-- Found eigen: /usr/include/eigen3  
-- Boost version: 1.58.0
-- Found the following Boost libraries:
--   system
--   filesystem
--   thread
--   date_time
--   iostreams
--   serialization
--   chrono
--   atomic
--   regex
-- Checking for module 'flann'
--   Found flann, version 1.8.4
-- Found Flann: /usr/lib/x86_64-linux-gnu/libflann_cpp_s.a  
-- Checking for module 'libopenni'
--   Found libopenni, version 1.5.4.0
-- Found openni: /usr/lib/libOpenNI.so  
-- Checking for module 'libopenni2'
--   No package 'libopenni2' found
-- Could NOT find OpenNI2 (missing:  OPENNI2_LIBRARY OPENNI2_INCLUDE_DIRS) 
-- The imported target "vtkRenderingPythonTkWidgets" references the file
   "/usr/lib/x86_64-linux-gnu/libvtkRenderingPythonTkWidgets.so"
but this file does not exist.  Possible reasons include:
* The file was deleted, renamed, or moved to another location.
* An install or uninstall procedure did not complete successfully.
* The installation package was faulty and contained
   "/usr/lib/cmake/vtk-6.2/VTKTargets.cmake"
but not all the files it references.

-- The imported target "vtk" references the file
   "/usr/bin/vtk"
but this file does not exist.  Possible reasons include:
* The file was deleted, renamed, or moved to another location.
* An install or uninstall procedure did not complete successfully.
* The installation package was faulty and contained
   "/usr/lib/cmake/vtk-6.2/VTKTargets.cmake"
but not all the files it references.

-- Found libusb-1.0: /usr/include  
-- Found qhull: /usr/lib/x86_64-linux-gnu/libqhull.so  
-- Checking for module 'libopenni2'
--   No package 'libopenni2' found
-- Could NOT find OpenNI2 (missing:  OPENNI2_LIBRARY OPENNI2_INCLUDE_DIRS) 
-- looking for PCL_COMMON
-- Found PCL_COMMON: /usr/lib/x86_64-linux-gnu/libpcl_common.so  
-- looking for PCL_KDTREE
-- Found PCL_KDTREE: /usr/lib/x86_64-linux-gnu/libpcl_kdtree.so  
-- looking for PCL_OCTREE
-- Found PCL_OCTREE: /usr/lib/x86_64-linux-gnu/libpcl_octree.so  
-- looking for PCL_SEARCH
-- Found PCL_SEARCH: /usr/lib/x86_64-linux-gnu/libpcl_search.so  
-- looking for PCL_IO
-- Found PCL_IO: /usr/lib/x86_64-linux-gnu/libpcl_io.so  
-- looking for PCL_SAMPLE_CONSENSUS
-- Found PCL_SAMPLE_CONSENSUS: /usr/lib/x86_64-linux-gnu/libpcl_sample_consensus.so  
-- looking for PCL_FILTERS
-- Found PCL_FILTERS: /usr/lib/x86_64-linux-gnu/libpcl_filters.so  
-- looking for PCL_GEOMETRY
-- Found PCL_GEOMETRY: /usr/include/pcl-1.7  
-- looking for PCL_FEATURES
-- Found PCL_FEATURES: /usr/lib/x86_64-linux-gnu/libpcl_features.so  
-- looking for PCL_SEGMENTATION
-- Found PCL_SEGMENTATION: /usr/lib/x86_64-linux-gnu/libpcl_segmentation.so  
-- looking for PCL_SURFACE
-- Found PCL_SURFACE: /usr/lib/x86_64-linux-gnu/libpcl_surface.so  
-- looking for PCL_REGISTRATION
-- Found PCL_REGISTRATION: /usr/lib/x86_64-linux-gnu/libpcl_registration.so  
-- looking for PCL_RECOGNITION
-- Found PCL_RECOGNITION: /usr/lib/x86_64-linux-gnu/libpcl_recognition.so  
-- looking for PCL_KEYPOINTS
-- Found PCL_KEYPOINTS: /usr/lib/x86_64-linux-gnu/libpcl_keypoints.so  
-- looking for PCL_VISUALIZATION
-- Found PCL_VISUALIZATION: /usr/lib/x86_64-linux-gnu/libpcl_visualization.so  
-- looking for PCL_PEOPLE
-- Found PCL_PEOPLE: /usr/lib/x86_64-linux-gnu/libpcl_people.so  
-- looking for PCL_OUTOFCORE
-- Found PCL_OUTOFCORE: /usr/lib/x86_64-linux-gnu/libpcl_outofcore.so  
-- looking for PCL_TRACKING
-- Found PCL_TRACKING: /usr/lib/x86_64-linux-gnu/libpcl_tracking.so  
-- looking for PCL_APPS
-- Could NOT find PCL_APPS (missing:  PCL_APPS_LIBRARY) 
-- looking for PCL_MODELER
-- Found PCL_MODELER: /usr/include/pcl-1.7  
-- looking for PCL_IN_HAND_SCANNER
-- Found PCL_IN_HAND_SCANNER: /usr/include/pcl-1.7  
-- looking for PCL_POINT_CLOUD_EDITOR
-- Found PCL_POINT_CLOUD_EDITOR: /usr/include/pcl-1.7  
-- Found PCL: /usr/lib/x86_64-linux-gnu/libboost_system.so;/usr/lib/x86_64-linux-gnu/libboost_filesystem.so;/usr/lib/x86_64-linux-gnu/libboost_thread.so;/usr/lib/x86_64-linux-gnu/libboost_date_time.so;/usr/lib/x86_64-linux-gnu/libboost_iostreams.so;/usr/lib/x86_64-linux-gnu/libboost_serialization.so;/usr/lib/x86_64-linux-gnu/libboost_chrono.so;/usr/lib/x86_64-linux-gnu/libboost_atomic.so;/usr/lib/x86_64-linux-gnu/libboost_regex.so;/usr/lib/x86_64-linux-gnu/libpthread.so;optimized;/usr/lib/x86_64-linux-gnu/libpcl_common.so;debug;/usr/lib/x86_64-linux-gnu/libpcl_common.so;optimized;/usr/lib/x86_64-linux-gnu/libflann_cpp_s.a;debug;/usr/lib/x86_64-linux-gnu/libflann_cpp_s.a;optimized;/usr/lib/x86_64-linux-gnu/libpcl_kdtree.so;debug;/usr/lib/x86_64-linux-gnu/libpcl_kdtree.so;optimized;/usr/lib/x86_64-linux-gnu/libpcl_octree.so;debug;/usr/lib/x86_64-linux-gnu/libpcl_octree.so;optimized;/usr/lib/x86_64-linux-gnu/libpcl_search.so;debug;/usr/lib/x86_64-linux-gnu/libpcl_search.so;/usr/lib/libOpenNI.so;vtkImagingStencil;vtkCommonComputationalGeometry;vtkCommonDataModel;vtkCommonMath;vtkCommonCore;vtksys;vtkCommonMisc;vtkCommonSystem;vtkCommonTransforms;vtkImagingCore;vtkCommonExecutionModel;vtkFiltersAMR;vtkFiltersGeneral;vtkFiltersCore;vtkParallelCore;vtkIOLegacy;vtkIOCore;/usr/lib/x86_64-linux-gnu/libz.so;vtkInteractionWidgets;vtkFiltersHybrid;vtkImagingSources;vtkRenderingCore;vtkCommonColor;vtkFiltersExtraction;vtkFiltersStatistics;vtkImagingFourier;vtkalglib;vtkFiltersGeometry;vtkFiltersSources;vtkFiltersModeling;vtkImagingGeneral;vtkImagingHybrid;vtkIOImage;vtkDICOMParser;vtkmetaio;/usr/lib/x86_64-linux-gnu/libjpeg.so;/usr/lib/x86_64-linux-gnu/libpng.so;/usr/lib/x86_64-linux-gnu/libtiff.so;vtkInteractionStyle;vtkRenderingAnnotation;vtkImagingColor;vtkRenderingFreeType;/usr/lib/x86_64-linux-gnu/libfreetype.so;vtkftgl;vtkRenderingVolume;vtkIOParallelNetCDF;vtkParallelMPI;/usr/lib/x86_64-linux-gnu/libnetcdf_c++.so;/usr/lib/x86_64-linux-gnu/libnetcdf.so;/usr/lib/x86_64-linux-gnu/hdf5/serial/lib/libhdf5.so;/usr/lib/x86_64-linux-gnu/libsz.so;/usr/lib/x86_64-linux-gnu/libdl.so;/usr/lib/x86_64-linux-gnu/libm.so;/usr/lib/x86_64-linux-gnu/hdf5/serial/lib/libhdf5_hl.so;vtkRenderingOpenGL;vtkIOLSDyna;vtkIOXML;vtkIOGeometry;/usr/lib/x86_64-linux-gnu/libjsoncpp.so;vtkIOXMLParser;/usr/lib/x86_64-linux-gnu/libexpat.so;vtkLocalExample;vtkInfovisCore;vtkGeovisCore;vtkInfovisLayout;vtkViewsCore;vtkproj4;/usr/lib/x86_64-linux-gnu/libpython2.7.so;vtkTestingGenericBridge;/usr/lib/libgl2ps.so;verdict;vtkIOMovie;/usr/lib/x86_64-linux-gnu/libtheoraenc.so;/usr/lib/x86_64-linux-gnu/libtheoradec.so;/usr/lib/x86_64-linux-gnu/libogg.so;vtkFiltersImaging;vtkIOMINC;vtkRenderingLOD;vtkViewsQt;vtkGUISupportQt;vtkViewsInfovis;vtkChartsCore;vtkRenderingContext2D;vtkRenderingLabel;vtkRenderingImage;vtkFiltersFlowPaths;vtkxdmf2;/usr/lib/x86_64-linux-gnu/libxml2.so;vtkFiltersReebGraph;vtkViewsContext2D;vtkIOXdmf2;vtkIOAMR;vtkRenderingContextOpenGL;vtkImagingStatistics;vtkIOParallel;vtkFiltersParallel;vtkIONetCDF;vtkexoIIc;vtkGUISupportQtOpenGL;vtkIOParallelLSDyna;vtkFiltersParallelGeometry;vtkGUISupportQtWebkit;vtkIOPLY;vtkWrappingTools;vtkFiltersHyperTree;vtkRenderingVolumeOpenGL;vtkIOExodus;vtkIOPostgreSQL;vtkIOSQL;sqlite3;vtkWrappingJava;vtkFiltersParallelFlowPaths;vtkFiltersParallelStatistics;vtkFiltersProgrammable;vtkFiltersParallelImaging;vtkRenderingParallelLIC;vtkRenderingLIC;vtkInteractionImage;vtkFiltersPython;vtkWrappingPythonCore;vtkIOParallelExodus;vtkFiltersGeneric;vtkIOVideo;vtkRenderingQt;vtkFiltersTexture;vtkIOInfovis;vtkGUISupportQtSQL;vtkRenderingFreeTypeOpenGL;vtkInfovisBoostGraphAlgorithms;vtkRenderingGL2PS;vtkIOGeoJSON;vtkFiltersVerdict;vtkViewsGeovis;vtkIOImport;vtkTestingIOSQL;vtkPythonInterpreter;vtkIOODBC;vtkIOEnSight;vtkIOMySQL;vtkRenderingMatplotlib;vtkDomainsChemistry;vtkIOExport;vtkFiltersParallelMPI;vtkIOParallelXML;vtkTestingRendering;vtkIOMPIParallel;vtkParallelMPI4Py;vtkFiltersSMP;vtkFiltersSelection;vtkIOVPIC;VPIC;vtkImagingMath;vtkImagingMorphological;vtkRenderingParallel;vtkRenderingFreeTypeFontConfig;vtkIOFFMPEG;vtkIOMPIImage;vtkIOGDAL;optimized;/usr/lib/x86_64-linux-gnu/libpcl_io.so;debug;/usr/lib/x86_64-linux-gnu/libpcl_io.so;optimized;/usr/lib/x86_64-linux-gnu/libpcl_sample_consensus.so;debug;/usr/lib/x86_64-linux-gnu/libpcl_sample_consensus.so;optimized;/usr/lib/x86_64-linux-gnu/libpcl_filters.so;debug;/usr/lib/x86_64-linux-gnu/libpcl_filters.so;optimized;/usr/lib/x86_64-linux-gnu/libpcl_features.so;debug;/usr/lib/x86_64-linux-gnu/libpcl_features.so;optimized;/usr/lib/x86_64-linux-gnu/libpcl_segmentation.so;debug;/usr/lib/x86_64-linux-gnu/libpcl_segmentation.so;optimized;/usr/lib/x86_64-linux-gnu/libqhull.so;debug;/usr/lib/x86_64-linux-gnu/libqhull.so;optimized;/usr/lib/x86_64-linux-gnu/libpcl_surface.so;debug;/usr/lib/x86_64-linux-gnu/libpcl_surface.so;optimized;/usr/lib/x86_64-linux-gnu/libpcl_registration.so;debug;/usr/lib/x86_64-linux-gnu/libpcl_registration.so;optimized;/usr/lib/x86_64-linux-gnu/libpcl_recognition.so;debug;/usr/lib/x86_64-linux-gnu/libpcl_recognition.so;optimized;/usr/lib/x86_64-linux-gnu/libpcl_keypoints.so;debug;/usr/lib/x86_64-linux-gnu/libpcl_keypoints.so;optimized;/usr/lib/x86_64-linux-gnu/libpcl_visualization.so;debug;/usr/lib/x86_64-linux-gnu/libpcl_visualization.so;optimized;/usr/lib/x86_64-linux-gnu/libpcl_people.so;debug;/usr/lib/x86_64-linux-gnu/libpcl_people.so;optimized;/usr/lib/x86_64-linux-gnu/libpcl_outofcore.so;debug;/usr/lib/x86_64-linux-gnu/libpcl_outofcore.so;optimized;/usr/lib/x86_64-linux-gnu/libpcl_tracking.so;debug;/usr/lib/x86_64-linux-gnu/libpcl_tracking.so;/usr/lib/x86_64-linux-gnu/libboost_system.so;/usr/lib/x86_64-linux-gnu/libboost_filesystem.so;/usr/lib/x86_64-linux-gnu/libboost_thread.so;/usr/lib/x86_64-linux-gnu/libboost_date_time.so;/usr/lib/x86_64-linux-gnu/libboost_iostreams.so;/usr/lib/x86_64-linux-gnu/libboost_serialization.so;/usr/lib/x86_64-linux-gnu/libboost_chrono.so;/usr/lib/x86_64-linux-gnu/libboost_atomic.so;/usr/lib/x86_64-linux-gnu/libboost_regex.so;/usr/lib/x86_64-linux-gnu/libpthread.so;optimized;/usr/lib/x86_64-linux-gnu/libqhull.so;debug;/usr/lib/x86_64-linux-gnu/libqhull.so;/usr/lib/libOpenNI.so;optimized;/usr/lib/x86_64-linux-gnu/libflann_cpp_s.a;debug;/usr/lib/x86_64-linux-gnu/libflann_cpp_s.a;vtkImagingStencil;vtkCommonComputationalGeometry;vtkCommonDataModel;vtkCommonMath;vtkCommonCore;vtksys;vtkCommonMisc;vtkCommonSystem;vtkCommonTransforms;vtkImagingCore;vtkCommonExecutionModel;vtkFiltersAMR;vtkFiltersGeneral;vtkFiltersCore;vtkParallelCore;vtkIOLegacy;vtkIOCore;/usr/lib/x86_64-linux-gnu/libz.so;vtkInteractionWidgets;vtkFiltersHybrid;vtkImagingSources;vtkRenderingCore;vtkCommonColor;vtkFiltersExtraction;vtkFiltersStatistics;vtkImagingFourier;vtkalglib;vtkFiltersGeometry;vtkFiltersSources;vtkFiltersModeling;vtkImagingGeneral;vtkImagingHybrid;vtkIOImage;vtkDICOMParser;vtkmetaio;/usr/lib/x86_64-linux-gnu/libjpeg.so;/usr/lib/x86_64-linux-gnu/libpng.so;/usr/lib/x86_64-linux-gnu/libtiff.so;vtkInteractionStyle;vtkRenderingAnnotation;vtkImagingColor;vtkRenderingFreeType;/usr/lib/x86_64-linux-gnu/libfreetype.so;vtkftgl;vtkRenderingVolume;vtkIOParallelNetCDF;vtkParallelMPI;/usr/lib/x86_64-linux-gnu/libnetcdf_c++.so;/usr/lib/x86_64-linux-gnu/libnetcdf.so;/usr/lib/x86_64-linux-gnu/hdf5/serial/lib/libhdf5.so;/usr/lib/x86_64-linux-gnu/libpthread.so;/usr/lib/x86_64-linux-gnu/libsz.so;/usr/lib/x86_64-linux-gnu/libdl.so;/usr/lib/x86_64-linux-gnu/libm.so;/usr/lib/x86_64-linux-gnu/hdf5/serial/lib/libhdf5_hl.so;vtkRenderingOpenGL;vtkIOLSDyna;vtkIOXML;vtkIOGeometry;/usr/lib/x86_64-linux-gnu/libjsoncpp.so;vtkIOXMLParser;/usr/lib/x86_64-linux-gnu/libexpat.so;vtkLocalExample;vtkInfovisCore;vtkGeovisCore;vtkInfovisLayout;vtkViewsCore;vtkproj4;/usr/lib/x86_64-linux-gnu/libpython2.7.so;vtkTestingGenericBridge;/usr/lib/libgl2ps.so;verdict;vtkIOMovie;/usr/lib/x86_64-linux-gnu/libtheoraenc.so;/usr/lib/x86_64-linux-gnu/libtheoradec.so;/usr/lib/x86_64-linux-gnu/libogg.so;vtkFiltersImaging;vtkIOMINC;vtkRenderingLOD;vtkViewsQt;vtkGUISupportQt;vtkViewsInfovis;vtkChartsCore;vtkRenderingContext2D;vtkRenderingLabel;vtkRenderingImage;vtkFiltersFlowPaths;vtkxdmf2;/usr/lib/x86_64-linux-gnu/libxml2.so;vtkFiltersReebGraph;vtkViewsContext2D;vtkIOXdmf2;vtkIOAMR;vtkRenderingContextOpenGL;vtkImagingStatistics;vtkIOParallel;vtkFiltersParallel;vtkIONetCDF;vtkexoIIc;vtkGUISupportQtOpenGL;vtkIOParallelLSDyna;vtkFiltersParallelGeometry;vtkGUISupportQtWebkit;vtkIOPLY;vtkWrappingTools;vtkFiltersHyperTree;vtkRenderingVolumeOpenGL;vtkIOExodus;vtkIOPostgreSQL;vtkIOSQL;sqlite3;vtkWrappingJava;vtkFiltersParallelFlowPaths;vtkFiltersParallelStatistics;vtkFiltersProgrammable;vtkFiltersParallelImaging;vtkRenderingParallelLIC;vtkRenderingLIC;vtkInteractionImage;vtkFiltersPython;vtkWrappingPythonCore;vtkIOParallelExodus;vtkFiltersGeneric;vtkIOVideo;vtkRenderingQt;vtkFiltersTexture;vtkIOInfovis;vtkGUISupportQtSQL;vtkRenderingFreeTypeOpenGL;vtkInfovisBoostGraphAlgorithms;vtkRenderingGL2PS;vtkIOGeoJSON;vtkFiltersVerdict;vtkViewsGeovis;vtkIOImport;vtkTestingIOSQL;vtkPythonInterpreter;vtkIOODBC;vtkIOEnSight;vtkIOMySQL;vtkRenderingMatplotlib;vtkDomainsChemistry;vtkIOExport;vtkFiltersParallelMPI;vtkIOParallelXML;vtkTestingRendering;vtkIOMPIParallel;vtkParallelMPI4Py;vtkFiltersSMP;vtkFiltersSelection;vtkIOVPIC;VPIC;vtkImagingMath;vtkImagingMorphological;vtkRenderingParallel;vtkRenderingFreeTypeFontConfig;vtkIOFFMPEG;vtkIOMPIImage;vtkIOGDAL  
-- Found CUDA: /usr/local/cuda-9.2 (found version "9.2") 
-- Configuring done
-- Generating done
-- Build files have been written to: /home/daisuke/Autoware/ros/build/ndt_gpu
** WARNING ** io features related to openni2 will be disabled
** WARNING ** io features related to pcap will be disabled
** WARNING ** io features related to png will be disabled
** WARNING ** visualization features related to openni2 will be disabled
Invoked command in '/home/daisuke/Autoware/ros/build/ndt_gpu' returned '0': /usr/bin/cmake /home/daisuke/Autoware/ros/src/computing/perception/localization/lib/ndt_gpu -DCMAKE_BUILD_TYPE=Release -DCMAKE_LIBRARY_PATH=/usr/local/cuda/lib64/stubs -DCATKIN_INSTALL_INTO_PREFIX_ROOT=0 -DCMAKE_INSTALL_PREFIX=/home/daisuke/Autoware/ros/install/ndt_gpu
Invoking command in '/home/daisuke/Autoware/ros/build/ndt_gpu': /usr/bin/cmake --build /home/daisuke/Autoware/ros/build/ndt_gpu -- -j8 -l8
[ 14%] [34m[1mBuilding NVCC (Device) object CMakeFiles/ndt_gpu.dir/src/ndt_gpu_generated_SymmetricEigenSolver.cu.o[0m
[ 28%] [34m[1mBuilding NVCC (Device) object CMakeFiles/ndt_gpu.dir/src/ndt_gpu_generated_VoxelGrid.cu.o[0m
[ 42%] [34m[1mBuilding NVCC (Device) object CMakeFiles/ndt_gpu.dir/src/ndt_gpu_generated_Registration.cu.o[0m
[ 57%] [34m[1mBuilding NVCC (Device) object CMakeFiles/ndt_gpu.dir/src/ndt_gpu_generated_NormalDistributionsTransform.cu.o[0m
ptxas info    : 0 bytes gmem
ptxas info    : 14 bytes gmem, 272 bytes cmem[3]
ptxas info    : Compiling entry function '_ZN6thrust8cuda_cub4core13_kernel_agentINS0_14__parallel_for16ParallelForAgentINS0_11__transform17unary_transform_fINS_10device_ptrIiEEPiNS5_14no_stencil_tagENS_8identityIiEENS5_21always_true_predicateEEElEESE_lEEvT0_T1_' for 'sm_52'
ptxas info    : Function properties for _ZN6thrust8cuda_cub4core13_kernel_agentINS0_14__parallel_for16ParallelForAgentINS0_11__transform17unary_transform_fINS_10device_ptrIiEEPiNS5_14no_stencil_tagENS_8identityIiEENS5_21always_true_predicateEEElEESE_lEEvT0_T1_
    0 bytes stack frame, 0 bytes spill stores, 0 bytes spill loads
ptxas info    : Used 8 registers, 352 bytes cmem[0]
ptxas info    : Compiling entry function '_ZN6thrust8cuda_cub4core13_kernel_agentINS0_14__parallel_for16ParallelForAgentINS0_11__transform17unary_transform_fIPKiNS_10device_ptrIiEENS5_14no_stencil_tagENS_8identityIiEENS5_21always_true_predicateEEElEESF_lEEvT0_T1_' for 'sm_52'
ptxas info    : Function properties for _ZN6thrust8cuda_cub4core13_kernel_agentINS0_14__parallel_for16ParallelForAgentINS0_11__transform17unary_transform_fIPKiNS_10device_ptrIiEENS5_14no_stencil_tagENS_8identityIiEENS5_21always_true_predicateEEElEESF_lEEvT0_T1_
    0 bytes stack frame, 0 bytes spill stores, 0 bytes spill loads
ptxas info    : Used 12 registers, 352 bytes cmem[0]
ptxas info    : Compiling entry function '_ZN6thrust8cuda_cub4core13_kernel_agentINS0_6__scan9ScanAgentINS_10device_ptrIiEES6_NS_4plusIiEEiiNS_6detail17integral_constantIbLb0EEEEES6_S6_S8_iNS0_3cub13ScanTileStateIiLb1EEENS3_22AddInitToExclusiveScanIiS8_EEEEvT0_T1_T2_T3_T4_T5_' for 'sm_52'
ptxas info    : Function properties for _ZN6thrust8cuda_cub4core13_kernel_agentINS0_6__scan9ScanAgentINS_10device_ptrIiEES6_NS_4plusIiEEiiNS_6detail17integral_constantIbLb0EEEEES6_S6_S8_iNS0_3cub13ScanTileStateIiLb1EEENS3_22AddInitToExclusiveScanIiS8_EEEEvT0_T1_T2_T3_T4_T5_
    0 bytes stack frame, 0 bytes spill stores, 0 bytes spill loads
ptxas info    : Used 43 registers, 360 bytes cmem[0], 4 bytes cmem[2]
ptxas info    : Compiling entry function '_ZN6thrust8cuda_cub4core13_kernel_agentINS0_6__scan9InitAgentINS0_3cub13ScanTileStateIiLb1EEEiEES7_iEEvT0_T1_' for 'sm_52'
ptxas info    : Function properties for _ZN6thrust8cuda_cub4core13_kernel_agentINS0_6__scan9InitAgentINS0_3cub13ScanTileStateIiLb1EEEiEES7_iEEvT0_T1_
    0 bytes stack frame, 0 bytes spill stores, 0 bytes spill loads
ptxas info    : Used 8 registers, 332 bytes cmem[0]
ptxas info    : Compiling entry function '_ZN6thrust8cuda_cub3cub11EmptyKernelIvEEvv' for 'sm_52'
ptxas info    : Function properties for _ZN6thrust8cuda_cub3cub11EmptyKernelIvEEvv
    0 bytes stack frame, 0 bytes spill stores, 0 bytes spill loads
ptxas info    : Used 2 registers, 320 bytes cmem[0]
ptxas info    : Compiling entry function 'verifyDistances' for 'sm_52'
ptxas info    : Function properties for verifyDistances
    0 bytes stack frame, 0 bytes spill stores, 0 bytes spill loads
ptxas info    : Used 11 registers, 348 bytes cmem[0]
ptxas info    : Compiling entry function 'nearestPointSearch' for 'sm_52'
ptxas info    : Function properties for nearestPointSearch
    0 bytes stack frame, 0 bytes spill stores, 0 bytes spill loads
ptxas info    : Used 28 registers, 448 bytes cmem[0], 16 bytes cmem[2]
ptxas info    : Compiling entry function 'nearestOctreeNodeSearch' for 'sm_52'
ptxas info    : Function properties for nearestOctreeNodeSearch
    0 bytes stack frame, 0 bytes spill stores, 0 bytes spill loads
ptxas info    : Used 56 registers, 408 bytes cmem[0], 20 bytes cmem[2]
ptxas info    : Compiling entry function 'scatterPointsToVoxels' for 'sm_52'
ptxas info    : Function properties for scatterPointsToVoxels
    0 bytes stack frame, 0 bytes spill stores, 0 bytes spill loads
ptxas info    : Used 19 registers, 408 bytes cmem[0], 12 bytes cmem[2]
ptxas info    : Compiling entry function 'insertPointsToGrid' for 'sm_52'
ptxas info    : Function properties for insertPointsToGrid
    0 bytes stack frame, 0 bytes spill stores, 0 bytes spill loads
ptxas info    : Used 19 registers, 400 bytes cmem[0], 12 bytes cmem[2]
ptxas info    : Compiling entry function 'buildParent' for 'sm_52'
ptxas info    : Function properties for buildParent
    0 bytes stack frame, 0 bytes spill stores, 0 bytes spill loads
ptxas info    : Used 32 registers, 380 bytes cmem[0], 32 bytes cmem[2]
ptxas info    : Compiling entry function 'collectValidVoxelCount' for 'sm_52'
ptxas info    : Function properties for collectValidVoxelCount
    0 bytes stack frame, 0 bytes spill stores, 0 bytes spill loads
ptxas info    : Used 10 registers, 348 bytes cmem[0]
ptxas info    : Compiling entry function 'collectValidVoxels' for 'sm_52'
ptxas info    : Function properties for collectValidVoxels
    0 bytes stack frame, 0 bytes spill stores, 0 bytes spill loads
ptxas info    : Used 10 registers, 356 bytes cmem[0]
ptxas info    : Compiling entry function 'inspectCandidateVoxels' for 'sm_52'
ptxas info    : Function properties for inspectCandidateVoxels
    0 bytes stack frame, 0 bytes spill stores, 0 bytes spill loads
ptxas info    : Used 39 registers, 424 bytes cmem[0], 20 bytes cmem[2]
ptxas info    : Compiling entry function 'updateCandidateVoxelIds' for 'sm_52'
ptxas info    : Function properties for updateCandidateVoxelIds
    0 bytes stack frame, 0 bytes spill stores, 0 bytes spill loads
ptxas info    : Used 32 registers, 400 bytes cmem[0]
ptxas info    : Compiling entry function 'collectValidPoints' for 'sm_52'
ptxas info    : Function properties for collectValidPoints
    0 bytes stack frame, 0 bytes spill stores, 0 bytes spill loads
ptxas info    : Used 10 registers, 348 bytes cmem[0]
ptxas info    : Compiling entry function 'findBoundariesOfCandidateVoxels' for 'sm_52'
ptxas info    : Function properties for findBoundariesOfCandidateVoxels
    0 bytes stack frame, 0 bytes spill stores, 0 bytes spill loads
ptxas info    : Used 28 registers, 448 bytes cmem[0], 12 bytes cmem[2]
ptxas info    : Compiling entry function 'findMin' for 'sm_52'
ptxas info    : Function properties for findMin
    0 bytes stack frame, 0 bytes spill stores, 0 bytes spill loads
ptxas info    : Used 15 registers, 352 bytes cmem[0]
ptxas info    : Compiling entry function 'findMax' for 'sm_52'
ptxas info    : Function properties for findMax
    0 bytes stack frame, 0 bytes spill stores, 0 bytes spill loads
ptxas info    : Used 15 registers, 352 bytes cmem[0]
ptxas info    : Compiling entry function 'updateEval2' for 'sm_52'
ptxas info    : Function properties for updateEval2
    0 bytes stack frame, 0 bytes spill stores, 0 bytes spill loads
ptxas info    : Used 20 registers, 344 bytes cmem[0], 8 bytes cmem[2]
ptxas info    : Compiling entry function 'updateEval' for 'sm_52'
ptxas info    : Function properties for updateEval
    0 bytes stack frame, 0 bytes spill stores, 0 bytes spill loads
ptxas info    : Used 18 registers, 408 bytes cmem[0]
ptxas info    : Compiling entry function 'computeEvec2' for 'sm_52'
ptxas info    : Function properties for computeEvec2
    0 bytes stack frame, 0 bytes spill stores, 0 bytes spill loads
ptxas info    : Used 32 registers, 408 bytes cmem[0]
ptxas info    : Compiling entry function 'computeEvec11' for 'sm_52'
ptxas info    : Function properties for computeEvec11
    16 bytes stack frame, 0 bytes spill stores, 0 bytes spill loads
ptxas info    : Used 40 registers, 408 bytes cmem[0], 52 bytes cmem[2]
ptxas info    : Compiling entry function 'computeEvec10' for 'sm_52'
ptxas info    : Function properties for computeEvec10
    0 bytes stack frame, 0 bytes spill stores, 0 bytes spill loads
ptxas info    : Used 56 registers, 408 bytes cmem[0], 28 bytes cmem[2]
ptxas info    : Compiling entry function 'computeEvec01' for 'sm_52'
ptxas info    : Function properties for computeEvec01
    0 bytes stack frame, 0 bytes spill stores, 0 bytes spill loads
ptxas info    : Used 39 registers, 408 bytes cmem[0], 44 bytes cmem[2]
ptxas info    : Compiling entry function 'computeEvec00' for 'sm_52'
ptxas info    : Function properties for computeEvec00
    0 bytes stack frame, 0 bytes spill stores, 0 bytes spill loads
ptxas info    : Used 56 registers, 408 bytes cmem[0]
ptxas info    : Compiling entry function 'computeEigenvalues' for 'sm_52'
ptxas info    : Function properties for computeEigenvalues
    48 bytes stack frame, 0 bytes spill stores, 0 bytes spill loads
ptxas info    : Used 53 registers, 408 bytes cmem[0], 332 bytes cmem[2]
ptxas info    : Function properties for __internal_trig_reduction_slowpathd
    0 bytes stack frame, 0 bytes spill stores, 0 bytes spill loads
ptxas info    : Compiling entry function 'normalize' for 'sm_52'
ptxas info    : Function properties for normalize
    0 bytes stack frame, 0 bytes spill stores, 0 bytes spill loads
ptxas info    : Used 56 registers, 408 bytes cmem[0], 20 bytes cmem[2]
ptxas info    : Compiling entry function 'initBoolean' for 'sm_52'
ptxas info    : Function properties for initBoolean
    0 bytes stack frame, 0 bytes spill stores, 0 bytes spill loads
ptxas info    : Used 11 registers, 332 bytes cmem[0]
ptxas info    : Compiling entry function 'computeInverseCovariance' for 'sm_52'
ptxas info    : Function properties for computeInverseCovariance
    0 bytes stack frame, 0 bytes spill stores, 0 bytes spill loads
ptxas info    : Used 40 registers, 352 bytes cmem[0], 20 bytes cmem[2]
ptxas info    : Compiling entry function 'updateCovarianceS1' for 'sm_52'
ptxas info    : Function properties for updateCovarianceS1
    0 bytes stack frame, 0 bytes spill stores, 0 bytes spill loads
ptxas info    : Used 32 registers, 368 bytes cmem[0]
ptxas info    : Compiling entry function 'updateCovarianceS0' for 'sm_52'
ptxas info    : Function properties for updateCovarianceS0
    0 bytes stack frame, 0 bytes spill stores, 0 bytes spill loads
ptxas info    : Used 26 registers, 356 bytes cmem[0]
ptxas info    : Compiling entry function 'computeInverseEigenvectors' for 'sm_52'
ptxas info    : Function properties for computeInverseEigenvectors
    0 bytes stack frame, 0 bytes spill stores, 0 bytes spill loads
ptxas info    : Used 40 registers, 356 bytes cmem[0], 20 bytes cmem[2]
ptxas info    : Compiling entry function 'updateVoxelCovariance' for 'sm_52'
ptxas info    : Function properties for updateVoxelCovariance
    0 bytes stack frame, 0 bytes spill stores, 0 bytes spill loads
ptxas info    : Used 49 registers, 360 bytes cmem[0], 32 bytes cmem[2]
ptxas info    : Compiling entry function 'updateVoxelCentroid' for 'sm_52'
ptxas info    : Function properties for updateVoxelCentroid
    0 bytes stack frame, 0 bytes spill stores, 0 bytes spill loads
ptxas info    : Used 28 registers, 340 bytes cmem[0], 32 bytes cmem[2]
ptxas info    : Compiling entry function 'initCentroidAndCovariance' for 'sm_52'
ptxas info    : Function properties for initCentroidAndCovariance
    0 bytes stack frame, 0 bytes spill stores, 0 bytes spill loads
ptxas info    : Used 40 registers, 380 bytes cmem[0], 8 bytes cmem[2]
ptxas info    : 0 bytes gmem
ptxas info    : Compiling entry function '_ZN3gpu12convertInputIN3pcl8PointXYZEEEvPT_PfS5_S5_i' for 'sm_52'
ptxas info    : Function properties for _ZN3gpu12convertInputIN3pcl8PointXYZEEEvPT_PfS5_S5_i
    0 bytes stack frame, 0 bytes spill stores, 0 bytes spill loads
ptxas info    : Used 14 registers, 356 bytes cmem[0]
ptxas info    : Compiling entry function '_ZN3gpu12convertInputIN3pcl9PointXYZIEEEvPT_PfS5_S5_i' for 'sm_52'
ptxas info    : Function properties for _ZN3gpu12convertInputIN3pcl9PointXYZIEEEvPT_PfS5_S5_i
    0 bytes stack frame, 0 bytes spill stores, 0 bytes spill loads
ptxas info    : Used 14 registers, 356 bytes cmem[0]
ptxas info    : 0 bytes gmem
ptxas info    : Compiling entry function '_ZN3gpu6gpuSumIiEEvPT_ii' for 'sm_52'
ptxas info    : Function properties for _ZN3gpu6gpuSumIiEEvPT_ii
    0 bytes stack frame, 0 bytes spill stores, 0 bytes spill loads
ptxas info    : Used 10 registers, 336 bytes cmem[0]
ptxas info    : Compiling entry function '_ZN3gpu6gpuSumIdEEvPT_ii' for 'sm_52'
ptxas info    : Function properties for _ZN3gpu6gpuSumIdEEvPT_ii
    0 bytes stack frame, 0 bytes spill stores, 0 bytes spill loads
ptxas info    : Used 11 registers, 336 bytes cmem[0]
ptxas info    : Compiling entry function '_ZN3gpu12gpuTransformEPfS0_S0_S0_S0_S0_iNS_12MatrixDeviceE' for 'sm_52'
ptxas info    : Function properties for _ZN3gpu12gpuTransformEPfS0_S0_S0_S0_S0_iNS_12MatrixDeviceE
    0 bytes stack frame, 0 bytes spill stores, 0 bytes spill loads
ptxas info    : Used 40 registers, 400 bytes cmem[0]
ptxas info    : Compiling entry function '_ZN3gpu8sumScoreEPdii' for 'sm_52'
ptxas info    : Function properties for _ZN3gpu8sumScoreEPdii
    0 bytes stack frame, 0 bytes spill stores, 0 bytes spill loads
ptxas info    : Used 12 registers, 336 bytes cmem[0]
ptxas info    : Compiling entry function '_ZN3gpu9matrixSumEPdiiiii' for 'sm_52'
ptxas info    : Function properties for _ZN3gpu9matrixSumEPdiiiii
    0 bytes stack frame, 0 bytes spill stores, 0 bytes spill loads
ptxas info    : Used 13 registers, 348 bytes cmem[0]
ptxas info    : Compiling entry function '_ZN3gpu20computeHessianListS2EPfS0_S0_PiS1_S1_iPdS2_S2_dS2_S2_S2_S2_S2_S2_S2_S2_S2_S2_S2_S2_i' for 'sm_52'
ptxas info    : Function properties for _ZN3gpu20computeHessianListS2EPfS0_S0_PiS1_S1_iPdS2_S2_dS2_S2_S2_S2_S2_S2_S2_S2_S2_S2_S2_S2_i
    0 bytes stack frame, 0 bytes spill stores, 0 bytes spill loads
ptxas info    : Used 40 registers, 508 bytes cmem[0]
ptxas info    : Compiling entry function '_ZN3gpu20computeHessianListS1EPfS0_S0_PiS1_S1_iPdS2_S2_ddS2_S2_S2_S2_S2_i' for 'sm_52'
ptxas info    : Function properties for _ZN3gpu20computeHessianListS1EPfS0_S0_PiS1_S1_iPdS2_S2_ddS2_S2_S2_S2_S2_i
    0 bytes stack frame, 0 bytes spill stores, 0 bytes spill loads
ptxas info    : Used 53 registers, 460 bytes cmem[0]
ptxas info    : Compiling entry function '_ZN3gpu20computeHessianListS0EPfS0_S0_PiS1_S1_iPdS2_S2_S2_S2_S2_S2_S2_S2_S2_S2_S2_S2_S2_i' for 'sm_52'
ptxas info    : Function properties for _ZN3gpu20computeHessianListS0EPfS0_S0_PiS1_S1_iPdS2_S2_S2_S2_S2_S2_S2_S2_S2_S2_S2_S2_S2_i
    0 bytes stack frame, 0 bytes spill stores, 0 bytes spill loads
ptxas info    : Used 32 registers, 492 bytes cmem[0]
ptxas info    : Compiling entry function '_ZN3gpu15computeCovDxdPiEPiS0_S0_iPdiddS1_S1_i' for 'sm_52'
ptxas info    : Function properties for _ZN3gpu15computeCovDxdPiEPiS0_S0_iPdiddS1_S1_i
    0 bytes stack frame, 0 bytes spill stores, 0 bytes spill loads
ptxas info    : Used 32 registers, 404 bytes cmem[0]
ptxas info    : Compiling entry function '_ZN3gpu12updateExCovXEPddi' for 'sm_52'
ptxas info    : Function properties for _ZN3gpu12updateExCovXEPddi
    0 bytes stack frame, 0 bytes spill stores, 0 bytes spill loads
ptxas info    : Used 8 registers, 340 bytes cmem[0]
ptxas info    : Compiling entry function '_ZN3gpu13computeExCovXEPfS0_S0_PiS1_S1_iPdS2_S2_ddS2_S2_S2_S2_S2_S2_S2_S2_S2_S2_' for 'sm_52'
ptxas info    : Function properties for _ZN3gpu13computeExCovXEPfS0_S0_PiS1_S1_iPdS2_S2_ddS2_S2_S2_S2_S2_S2_S2_S2_S2_S2_
    0 bytes stack frame, 0 bytes spill stores, 0 bytes spill loads
ptxas info    : Used 32 registers, 496 bytes cmem[0], 112 bytes cmem[2]
ptxas info    : Compiling entry function '_ZN3gpu24computeScoreGradientListEPfS0_S0_PiS1_S1_iPdS2_S2_iS2_S2_diS2_' for 'sm_52'
ptxas info    : Function properties for _ZN3gpu24computeScoreGradientListEPfS0_S0_PiS1_S1_iPdS2_S2_iS2_S2_diS2_
    0 bytes stack frame, 0 bytes spill stores, 0 bytes spill loads
ptxas info    : Used 40 registers, 448 bytes cmem[0]
ptxas info    : Compiling entry function '_ZN3gpu16computeScoreListEPiS0_iPddS1_' for 'sm_52'
ptxas info    : Function properties for _ZN3gpu16computeScoreListEPiS0_iPddS1_
    0 bytes stack frame, 0 bytes spill stores, 0 bytes spill loads
ptxas info    : Used 32 registers, 368 bytes cmem[0]
ptxas info    : Compiling entry function '_ZN3gpu20computePointHessian2EPfS0_S0_iPiiPdS2_S2_S2_' for 'sm_52'
ptxas info    : Function properties for _ZN3gpu20computePointHessian2EPfS0_S0_iPiiPdS2_S2_S2_
    0 bytes stack frame, 0 bytes spill stores, 0 bytes spill loads
ptxas info    : Used 32 registers, 72 bytes smem, 400 bytes cmem[0]
ptxas info    : Compiling entry function '_ZN3gpu20computePointHessian1EPfS0_S0_iPiiPdS2_S2_S2_S2_S2_S2_S2_S2_S2_' for 'sm_52'
ptxas info    : Function properties for _ZN3gpu20computePointHessian1EPfS0_S0_iPiiPdS2_S2_S2_S2_S2_S2_S2_S2_S2_
    0 bytes stack frame, 0 bytes spill stores, 0 bytes spill loads
ptxas info    : Used 56 registers, 144 bytes smem, 448 bytes cmem[0]
ptxas info    : Compiling entry function '_ZN3gpu20computePointHessian0EPfS0_S0_iPiiPdS2_S2_S2_S2_S2_S2_S2_S2_S2_S2_S2_S2_S2_S2_S2_' for 'sm_52'
ptxas info    : Function properties for _ZN3gpu20computePointHessian0EPfS0_S0_iPiiPdS2_S2_S2_S2_S2_S2_S2_S2_S2_S2_S2_S2_S2_S2_S2_
    0 bytes stack frame, 0 bytes spill stores, 0 bytes spill loads
ptxas info    : Used 56 registers, 144 bytes smem, 496 bytes cmem[0]
ptxas info    : Compiling entry function '_ZN3gpu22computePointGradients1EPfS0_S0_iPiiPdS2_S2_S2_S2_' for 'sm_52'
ptxas info    : Function properties for _ZN3gpu22computePointGradients1EPfS0_S0_iPiiPdS2_S2_S2_S2_
    0 bytes stack frame, 0 bytes spill stores, 0 bytes spill loads
ptxas info    : Used 40 registers, 96 bytes smem, 408 bytes cmem[0]
ptxas info    : Compiling entry function '_ZN3gpu22computePointGradients0EPfS0_S0_iPiiPdS2_S2_S2_S2_S2_S2_S2_' for 'sm_52'
ptxas info    : Function properties for _ZN3gpu22computePointGradients0EPfS0_S0_iPiiPdS2_S2_S2_S2_S2_S2_S2_
    0 bytes stack frame, 0 bytes spill stores, 0 bytes spill loads
ptxas info    : Used 40 registers, 96 bytes smem, 432 bytes cmem[0]
[ 71%] [34m[1mBuilding NVCC (Device) object CMakeFiles/ndt_gpu.dir/src/ndt_gpu_generated_MatrixHost.cu.o[0m
ptxas info    : 0 bytes gmem
ptxas info    : Compiling entry function 'copyMatrixDevToDev' for 'sm_52'
ptxas info    : Function properties for copyMatrixDevToDev
    0 bytes stack frame, 0 bytes spill stores, 0 bytes spill loads
ptxas info    : Used 7 registers, 368 bytes cmem[0]
[ 85%] [34m[1mBuilding NVCC (Device) object CMakeFiles/ndt_gpu.dir/src/ndt_gpu_generated_MatrixDevice.cu.o[0m
ptxas info    : 0 bytes gmem
[35m[1mScanning dependencies of target ndt_gpu[0m
[100%] [32m[1mLinking CXX shared library devel/lib/libndt_gpu.so[0m
[100%] Built target ndt_gpu
Invoked command in '/home/daisuke/Autoware/ros/build/ndt_gpu' returned '0': /usr/bin/cmake --build /home/daisuke/Autoware/ros/build/ndt_gpu -- -j8 -l8
Invoking command in '/home/daisuke/Autoware/ros/build/ndt_gpu': /usr/bin/cmake --build /home/daisuke/Autoware/ros/build/ndt_gpu --target tests -- -j8 -l8
** WARNING ** io features related to openni2 will be disabled
** WARNING ** io features related to pcap will be disabled
** WARNING ** io features related to png will be disabled
** WARNING ** visualization features related to openni2 will be disabled
-- Using CATKIN_DEVEL_PREFIX: /home/daisuke/Autoware/ros/build/ndt_gpu/devel
-- Using CMAKE_PREFIX_PATH: /home/daisuke/Autoware/ros/devel;/opt/ros/kinetic
-- This workspace overlays: /opt/ros/kinetic
-- Using PYTHON_EXECUTABLE: /home/daisuke/pyenv/shims/python
-- Using Debian Python package layout
-- Using empy: /usr/bin/empy
-- Using CATKIN_ENABLE_TESTING: ON
-- Call enable_testing()
-- Using CATKIN_TEST_RESULTS_DIR: /home/daisuke/Autoware/ros/build/ndt_gpu/test_results
-- Found gmock sources under '/usr/src/gmock': gmock will be built
-- Found gtest sources under '/usr/src/gmock': gtests will be built
-- Using Python nosetests: /usr/bin/nosetests-2.7
-- catkin 0.7.14
-- Boost version: 1.58.0
-- Found the following Boost libraries:
--   system
--   filesystem
--   thread
--   date_time
--   iostreams
--   serialization
--   chrono
--   atomic
--   regex
-- Checking for module 'libopenni2'
--   No package 'libopenni2' found
-- Could NOT find OpenNI2 (missing:  OPENNI2_LIBRARY OPENNI2_INCLUDE_DIRS) 
-- The imported target "vtkRenderingPythonTkWidgets" references the file
   "/usr/lib/x86_64-linux-gnu/libvtkRenderingPythonTkWidgets.so"
but this file does not exist.  Possible reasons include:
* The file was deleted, renamed, or moved to another location.
* An install or uninstall procedure did not complete successfully.
* The installation package was faulty and contained
   "/usr/lib/cmake/vtk-6.2/VTKTargets.cmake"
but not all the files it references.

-- The imported target "vtk" references the file
   "/usr/bin/vtk"
but this file does not exist.  Possible reasons include:
* The file was deleted, renamed, or moved to another location.
* An install or uninstall procedure did not complete successfully.
* The installation package was faulty and contained
   "/usr/lib/cmake/vtk-6.2/VTKTargets.cmake"
but not all the files it references.

-- Checking for module 'libopenni2'
--   No package 'libopenni2' found
-- Could NOT find OpenNI2 (missing:  OPENNI2_LIBRARY OPENNI2_INCLUDE_DIRS) 
-- looking for PCL_COMMON
-- looking for PCL_KDTREE
-- looking for PCL_OCTREE
-- looking for PCL_SEARCH
-- looking for PCL_IO
-- looking for PCL_SAMPLE_CONSENSUS
-- looking for PCL_FILTERS
-- looking for PCL_GEOMETRY
-- looking for PCL_FEATURES
-- looking for PCL_SEGMENTATION
-- looking for PCL_SURFACE
-- looking for PCL_REGISTRATION
-- looking for PCL_RECOGNITION
-- looking for PCL_KEYPOINTS
-- looking for PCL_VISUALIZATION
-- looking for PCL_PEOPLE
-- looking for PCL_OUTOFCORE
-- looking for PCL_TRACKING
-- looking for PCL_APPS
-- Could NOT find PCL_APPS (missing:  PCL_APPS_LIBRARY) 
-- looking for PCL_MODELER
-- looking for PCL_IN_HAND_SCANNER
-- looking for PCL_POINT_CLOUD_EDITOR
-- Configuring done
-- Generating done
-- Build files have been written to: /home/daisuke/Autoware/ros/build/ndt_gpu
[35m[1mScanning dependencies of target tests[0m
Built target tests
Invoked command in '/home/daisuke/Autoware/ros/build/ndt_gpu' returned '0': /usr/bin/cmake --build /home/daisuke/Autoware/ros/build/ndt_gpu --target tests -- -j8 -l8
Invoking command in '/home/daisuke/Autoware/ros/build/ndt_gpu': /usr/bin/cmake --build /home/daisuke/Autoware/ros/build/ndt_gpu --target install
[ 14%] [32m[1mLinking CXX shared library devel/lib/libndt_gpu.so[0m
[100%] Built target ndt_gpu
[36mInstall the project...[0m
-- Install configuration: "Release"
-- Installing: /home/daisuke/Autoware/ros/install/ndt_gpu/lib/pkgconfig/ndt_gpu.pc
-- Installing: /home/daisuke/Autoware/ros/install/ndt_gpu/share/ndt_gpu/cmake/ndt_gpuConfig.cmake
-- Installing: /home/daisuke/Autoware/ros/install/ndt_gpu/share/ndt_gpu/cmake/ndt_gpuConfig-version.cmake
-- Installing: /home/daisuke/Autoware/ros/install/ndt_gpu/share/ndt_gpu/package.xml
-- Installing: /home/daisuke/Autoware/ros/install/ndt_gpu/include/ndt_gpu
-- Installing: /home/daisuke/Autoware/ros/install/ndt_gpu/include/ndt_gpu/debug.h
-- Installing: /home/daisuke/Autoware/ros/install/ndt_gpu/include/ndt_gpu/MatrixHost.h
-- Installing: /home/daisuke/Autoware/ros/install/ndt_gpu/include/ndt_gpu/VoxelGrid.h
-- Installing: /home/daisuke/Autoware/ros/install/ndt_gpu/include/ndt_gpu/MatrixDevice.h
-- Installing: /home/daisuke/Autoware/ros/install/ndt_gpu/include/ndt_gpu/Registration.h
-- Installing: /home/daisuke/Autoware/ros/install/ndt_gpu/include/ndt_gpu/NormalDistributionsTransform.h
-- Installing: /home/daisuke/Autoware/ros/install/ndt_gpu/include/ndt_gpu/common.h
-- Installing: /home/daisuke/Autoware/ros/install/ndt_gpu/include/ndt_gpu/Matrix.h
-- Installing: /home/daisuke/Autoware/ros/install/ndt_gpu/include/ndt_gpu/SymmetricEigenSolver.h
-- Installing: /home/daisuke/Autoware/ros/install/ndt_gpu/lib/libndt_gpu.so
-- Set runtime path of "/home/daisuke/Autoware/ros/install/ndt_gpu/lib/libndt_gpu.so" to ""
Invoked command in '/home/daisuke/Autoware/ros/build/ndt_gpu' returned '0': /usr/bin/cmake --build /home/daisuke/Autoware/ros/build/ndt_gpu --target install
