Invoking command in '/home/daisuke/Autoware/ros/build/autoware_build_flags': /usr/bin/cmake /home/daisuke/Autoware/ros/src/common/cmake/autoware_build_flags -DCATKIN_INSTALL_INTO_PREFIX_ROOT=0 -DCMAKE_INSTALL_PREFIX=/home/daisuke/Autoware/ros/install/autoware_build_flags
-- Using CATKIN_DEVEL_PREFIX: /home/daisuke/Autoware/ros/build/autoware_build_flags/devel
-- Using CMAKE_PREFIX_PATH: /home/daisuke/Autoware/ros/devel;/opt/ros/kinetic
-- This workspace overlays: /opt/ros/kinetic
-- Using PYTHON_EXECUTABLE: /home/daisuke/pyenv/shims/python
-- Using Debian Python package layout
-- Using empy: /usr/bin/empy
-- Using CATKIN_ENABLE_TESTING: ON
-- Call enable_testing()
-- Using CATKIN_TEST_RESULTS_DIR: /home/daisuke/Autoware/ros/build/autoware_build_flags/test_results
-- Found gmock sources under '/usr/src/gmock': gmock will be built
-- Found gtest sources under '/usr/src/gmock': gtests will be built
-- Using Python nosetests: /usr/bin/nosetests-2.7
-- catkin 0.7.14
-- Configuring done
-- Generating done
-- Build files have been written to: /home/daisuke/Autoware/ros/build/autoware_build_flags
Invoked command in '/home/daisuke/Autoware/ros/build/autoware_build_flags' returned '0': /usr/bin/cmake /home/daisuke/Autoware/ros/src/common/cmake/autoware_build_flags -DCATKIN_INSTALL_INTO_PREFIX_ROOT=0 -DCMAKE_INSTALL_PREFIX=/home/daisuke/Autoware/ros/install/autoware_build_flags
Invoking command in '/home/daisuke/Autoware/ros/build/autoware_build_flags': /usr/bin/cmake --build /home/daisuke/Autoware/ros/build/autoware_build_flags -- -j8 -l8
Invoked command in '/home/daisuke/Autoware/ros/build/autoware_build_flags' returned '0': /usr/bin/cmake --build /home/daisuke/Autoware/ros/build/autoware_build_flags -- -j8 -l8
Invoking command in '/home/daisuke/Autoware/ros/build/autoware_build_flags': /usr/bin/cmake --build /home/daisuke/Autoware/ros/build/autoware_build_flags --target tests -- -j8 -l8
Built target tests
Invoked command in '/home/daisuke/Autoware/ros/build/autoware_build_flags' returned '0': /usr/bin/cmake --build /home/daisuke/Autoware/ros/build/autoware_build_flags --target tests -- -j8 -l8
Invoking command in '/home/daisuke/Autoware/ros/build/autoware_build_flags': /usr/bin/cmake --build /home/daisuke/Autoware/ros/build/autoware_build_flags --target install
[36mInstall the project...[0m
-- Install configuration: "Release"
-- Installing: /home/daisuke/Autoware/ros/install/autoware_build_flags/lib/pkgconfig/autoware_build_flags.pc
-- Up-to-date: /home/daisuke/Autoware/ros/install/autoware_build_flags/share/autoware_build_flags/cmake/autoware_build_flags-extras.cmake
-- Up-to-date: /home/daisuke/Autoware/ros/install/autoware_build_flags/share/autoware_build_flags/cmake/autoware_build_flagsConfig.cmake
-- Up-to-date: /home/daisuke/Autoware/ros/install/autoware_build_flags/share/autoware_build_flags/cmake/autoware_build_flagsConfig-version.cmake
-- Up-to-date: /home/daisuke/Autoware/ros/install/autoware_build_flags/share/autoware_build_flags/package.xml
Invoked command in '/home/daisuke/Autoware/ros/build/autoware_build_flags' returned '0': /usr/bin/cmake --build /home/daisuke/Autoware/ros/build/autoware_build_flags --target install
