Invoking command in '/home/daisuke/Autoware/ros/build/points2image': CMAKE_PREFIX_PATH=/home/daisuke/Autoware/ros/install/rosinterface:/home/daisuke/Autoware/ros/install/fastvirtualscan:/home/daisuke/Autoware/ros/install/autoware_msgs:/home/daisuke/Autoware/ros/install/autoware_build_flags:${CMAKE_PREFIX_PATH} LD_LIBRARY_PATH=/home/daisuke/Autoware/ros/install/rosinterface/lib:/home/daisuke/Autoware/ros/install/fastvirtualscan/lib:${LD_LIBRARY_PATH} PKG_CONFIG_PATH=/home/daisuke/Autoware/ros/install/rosinterface/lib/pkgconfig:/home/daisuke/Autoware/ros/install/fastvirtualscan/lib/pkgconfig:/home/daisuke/Autoware/ros/install/autoware_msgs/lib/pkgconfig:/home/daisuke/Autoware/ros/install/autoware_build_flags/lib/pkgconfig:${PKG_CONFIG_PATH} PYTHONPATH=/home/daisuke/Autoware/ros/install/autoware_msgs/lib/python2.7/dist-packages:${PYTHONPATH} ROS_PACKAGE_PATH=/home/daisuke/Autoware/ros/install/rosinterface/share:/home/daisuke/Autoware/ros/install/fastvirtualscan/share:/home/daisuke/Autoware/ros/install/autoware_msgs/share:/home/daisuke/Autoware/ros/install/autoware_build_flags/share:${ROS_PACKAGE_PATH} /usr/bin/cmake /home/daisuke/Autoware/ros/src/sensing/fusion/packages/points2image -DCATKIN_INSTALL_INTO_PREFIX_ROOT=0 -DCMAKE_INSTALL_PREFIX=/home/daisuke/Autoware/ros/install/points2image
-- Using CATKIN_DEVEL_PREFIX: /home/daisuke/Autoware/ros/build/points2image/devel
-- Using CMAKE_PREFIX_PATH: /home/daisuke/Autoware/ros/install/rosinterface;/home/daisuke/Autoware/ros/install/fastvirtualscan;/home/daisuke/Autoware/ros/install/autoware_msgs;/home/daisuke/Autoware/ros/install/autoware_build_flags;/home/daisuke/Autoware/ros/devel;/opt/ros/kinetic
-- This workspace overlays: /home/daisuke/Autoware/ros/install/rosinterface;/home/daisuke/Autoware/ros/install/fastvirtualscan;/home/daisuke/Autoware/ros/install/autoware_msgs;/home/daisuke/Autoware/ros/install/autoware_build_flags;/opt/ros/kinetic
-- Using PYTHON_EXECUTABLE: /home/daisuke/pyenv/shims/python
-- Using Debian Python package layout
-- Using empy: /usr/bin/empy
-- Using CATKIN_ENABLE_TESTING: ON
-- Call enable_testing()
-- Using CATKIN_TEST_RESULTS_DIR: /home/daisuke/Autoware/ros/build/points2image/test_results
-- Found gmock sources under '/usr/src/gmock': gmock will be built
-- Found gtest sources under '/usr/src/gmock': gtests will be built
-- Using Python nosetests: /usr/bin/nosetests-2.7
-- catkin 0.7.14
-- Using these message generators: gencpp;geneus;genlisp;gennodejs;genpy
-- Configuring done
-- Generating done
-- Build files have been written to: /home/daisuke/Autoware/ros/build/points2image
Invoked command in '/home/daisuke/Autoware/ros/build/points2image' returned '0': CMAKE_PREFIX_PATH=/home/daisuke/Autoware/ros/install/rosinterface:/home/daisuke/Autoware/ros/install/fastvirtualscan:/home/daisuke/Autoware/ros/install/autoware_msgs:/home/daisuke/Autoware/ros/install/autoware_build_flags:${CMAKE_PREFIX_PATH} LD_LIBRARY_PATH=/home/daisuke/Autoware/ros/install/rosinterface/lib:/home/daisuke/Autoware/ros/install/fastvirtualscan/lib:${LD_LIBRARY_PATH} PKG_CONFIG_PATH=/home/daisuke/Autoware/ros/install/rosinterface/lib/pkgconfig:/home/daisuke/Autoware/ros/install/fastvirtualscan/lib/pkgconfig:/home/daisuke/Autoware/ros/install/autoware_msgs/lib/pkgconfig:/home/daisuke/Autoware/ros/install/autoware_build_flags/lib/pkgconfig:${PKG_CONFIG_PATH} PYTHONPATH=/home/daisuke/Autoware/ros/install/autoware_msgs/lib/python2.7/dist-packages:${PYTHONPATH} ROS_PACKAGE_PATH=/home/daisuke/Autoware/ros/install/rosinterface/share:/home/daisuke/Autoware/ros/install/fastvirtualscan/share:/home/daisuke/Autoware/ros/install/autoware_msgs/share:/home/daisuke/Autoware/ros/install/autoware_build_flags/share:${ROS_PACKAGE_PATH} /usr/bin/cmake /home/daisuke/Autoware/ros/src/sensing/fusion/packages/points2image -DCATKIN_INSTALL_INTO_PREFIX_ROOT=0 -DCMAKE_INSTALL_PREFIX=/home/daisuke/Autoware/ros/install/points2image
Invoking command in '/home/daisuke/Autoware/ros/build/points2image': CMAKE_PREFIX_PATH=/home/daisuke/Autoware/ros/install/rosinterface:/home/daisuke/Autoware/ros/install/fastvirtualscan:/home/daisuke/Autoware/ros/install/autoware_msgs:/home/daisuke/Autoware/ros/install/autoware_build_flags:${CMAKE_PREFIX_PATH} LD_LIBRARY_PATH=/home/daisuke/Autoware/ros/install/rosinterface/lib:/home/daisuke/Autoware/ros/install/fastvirtualscan/lib:${LD_LIBRARY_PATH} PKG_CONFIG_PATH=/home/daisuke/Autoware/ros/install/rosinterface/lib/pkgconfig:/home/daisuke/Autoware/ros/install/fastvirtualscan/lib/pkgconfig:/home/daisuke/Autoware/ros/install/autoware_msgs/lib/pkgconfig:/home/daisuke/Autoware/ros/install/autoware_build_flags/lib/pkgconfig:${PKG_CONFIG_PATH} PYTHONPATH=/home/daisuke/Autoware/ros/install/autoware_msgs/lib/python2.7/dist-packages:${PYTHONPATH} ROS_PACKAGE_PATH=/home/daisuke/Autoware/ros/install/rosinterface/share:/home/daisuke/Autoware/ros/install/fastvirtualscan/share:/home/daisuke/Autoware/ros/install/autoware_msgs/share:/home/daisuke/Autoware/ros/install/autoware_build_flags/share:${ROS_PACKAGE_PATH} /usr/bin/cmake --build /home/daisuke/Autoware/ros/build/points2image -- -j8 -l8
[  0%] Built target topic_tools_generate_messages_lisp
[  0%] Built target topic_tools_generate_messages_py
[  4%] [34m[1mAutomatic moc for target points_image[0m
[  9%] [34m[1mAutomatic moc for target points2image[0m
[  9%] Built target tf_generate_messages_cpp
[  9%] Built target points_image_automoc
[  9%] Built target points2image_automoc
[  9%] Built target autoware_msgs_generate_messages_py
[  9%] Built target std_srvs_generate_messages_eus
[  9%] Built target jsk_footstep_msgs_generate_messages_py
[  9%] Built target actionlib_generate_messages_lisp
[  9%] Built target actionlib_msgs_generate_messages_eus
[  9%] Built target actionlib_generate_messages_nodejs
[  9%] Built target actionlib_msgs_generate_messages_nodejs
[  9%] Built target sensor_msgs_generate_messages_eus
[  9%] Built target actionlib_msgs_generate_messages_cpp
[  9%] Built target tf2_msgs_generate_messages_py
[  9%] Built target jsk_footstep_msgs_generate_messages_nodejs
[  9%] Built target dynamic_reconfigure_generate_messages_nodejs
[  9%] Built target jsk_footstep_msgs_generate_messages_eus
[  9%] Built target pcl_msgs_generate_messages_nodejs
[  9%] Built target std_srvs_generate_messages_nodejs
[  9%] Built target pcl_msgs_generate_messages_eus
[  9%] Built target jsk_footstep_msgs_generate_messages_cpp
[  9%] Built target std_srvs_generate_messages_lisp
[  9%] Built target autoware_msgs_generate_messages_lisp
[  9%] Built target rosgraph_msgs_generate_messages_cpp
[  9%] Built target jsk_recognition_msgs_generate_messages_py
[  9%] Built target jsk_recognition_msgs_generate_messages_nodejs
[  9%] Built target actionlib_msgs_generate_messages_py
[  9%] Built target std_msgs_generate_messages_nodejs
[  9%] Built target jsk_recognition_msgs_generate_messages_lisp
[  9%] Built target geometry_msgs_generate_messages_py
[  9%] Built target geometry_msgs_generate_messages_lisp
[  9%] Built target pcl_msgs_generate_messages_lisp
[  9%] Built target std_msgs_generate_messages_lisp
[  9%] Built target jsk_recognition_msgs_generate_messages_cpp
[  9%] Built target autoware_msgs_generate_messages_eus
[  9%] Built target bond_generate_messages_py
[  9%] Built target jsk_footstep_msgs_generate_messages_lisp
[  9%] Built target geometry_msgs_generate_messages_eus
[  9%] Built target geometry_msgs_generate_messages_nodejs
[  9%] Built target sensor_msgs_generate_messages_cpp
[  9%] Built target geometry_msgs_generate_messages_cpp
[  9%] Built target actionlib_msgs_generate_messages_lisp
[  9%] Built target sensor_msgs_generate_messages_nodejs
[  9%] Built target std_msgs_generate_messages_cpp
[  9%] Built target sensor_msgs_generate_messages_lisp
[  9%] Built target topic_tools_generate_messages_nodejs
[  9%] Built target roscpp_generate_messages_cpp
[  9%] Built target nodelet_generate_messages_py
[  9%] Built target roscpp_generate_messages_lisp
[  9%] Built target bond_generate_messages_eus
[  9%] Built target roscpp_generate_messages_nodejs
[  9%] Built target sensor_msgs_generate_messages_py
[  9%] Built target roscpp_generate_messages_eus
[  9%] Built target roscpp_generate_messages_py
[  9%] Built target tf_generate_messages_nodejs
[  9%] Built target jsk_recognition_msgs_generate_messages_eus
[  9%] Built target std_srvs_generate_messages_py
[  9%] Built target rosgraph_msgs_generate_messages_lisp
[  9%] Built target std_msgs_generate_messages_py
[  9%] Built target rosgraph_msgs_generate_messages_eus
[  9%] Built target rosgraph_msgs_generate_messages_nodejs
[  9%] Built target rosgraph_msgs_generate_messages_py
[  9%] Built target tf_generate_messages_eus
[  9%] Built target actionlib_generate_messages_cpp
[  9%] Built target tf_generate_messages_lisp
[  9%] Built target actionlib_generate_messages_eus
[  9%] Built target tf_generate_messages_py
[  9%] Built target tf2_msgs_generate_messages_cpp
[  9%] Built target std_msgs_generate_messages_eus
[  9%] Built target autoware_msgs_generate_messages_cpp
[  9%] Built target nodelet_generate_messages_cpp
[  9%] Built target tf2_msgs_generate_messages_lisp
[  9%] Built target pcl_msgs_generate_messages_py
[  9%] Built target tf2_msgs_generate_messages_eus
[  9%] Built target dynamic_reconfigure_generate_messages_cpp
[  9%] Built target tf2_msgs_generate_messages_nodejs
[  9%] Built target bond_generate_messages_nodejs
[  9%] Built target dynamic_reconfigure_generate_messages_lisp
[  9%] Built target actionlib_generate_messages_py
[  9%] Built target dynamic_reconfigure_generate_messages_eus
[  9%] Built target dynamic_reconfigure_generate_messages_py
[  9%] Built target dynamic_reconfigure_gencfg
[  9%] Built target nodelet_generate_messages_lisp
[  9%] Built target nodelet_generate_messages_nodejs
[  9%] Built target bond_generate_messages_lisp
[  9%] Built target nodelet_generate_messages_eus
[  9%] Built target bond_generate_messages_cpp
[  9%] Built target topic_tools_generate_messages_cpp
[  9%] Built target topic_tools_generate_messages_eus
[  9%] Built target nodelet_topic_tools_gencfg
[  9%] Built target pcl_msgs_generate_messages_cpp
[  9%] Built target autoware_msgs_generate_messages_nodejs
[  9%] Built target std_srvs_generate_messages_cpp
[ 13%] [34m[1mAutomatic moc for target vscan2image[0m
[ 18%] [34m[1mAutomatic moc for target vscan2linelist[0m
[ 22%] [34m[1mAutomatic moc for target points2vscan[0m
[ 22%] Built target vscan2image_automoc
[ 22%] Built target pcl_ros_gencfg
[ 22%] Built target vscan2linelist_automoc
[ 22%] Built target points2vscan_automoc
[ 36%] Built target points_image
[ 50%] Built target vscan2linelist
[ 63%] Built target points2image
[ 77%] Built target vscan2image
[100%] Built target points2vscan
Invoked command in '/home/daisuke/Autoware/ros/build/points2image' returned '0': CMAKE_PREFIX_PATH=/home/daisuke/Autoware/ros/install/rosinterface:/home/daisuke/Autoware/ros/install/fastvirtualscan:/home/daisuke/Autoware/ros/install/autoware_msgs:/home/daisuke/Autoware/ros/install/autoware_build_flags:${CMAKE_PREFIX_PATH} LD_LIBRARY_PATH=/home/daisuke/Autoware/ros/install/rosinterface/lib:/home/daisuke/Autoware/ros/install/fastvirtualscan/lib:${LD_LIBRARY_PATH} PKG_CONFIG_PATH=/home/daisuke/Autoware/ros/install/rosinterface/lib/pkgconfig:/home/daisuke/Autoware/ros/install/fastvirtualscan/lib/pkgconfig:/home/daisuke/Autoware/ros/install/autoware_msgs/lib/pkgconfig:/home/daisuke/Autoware/ros/install/autoware_build_flags/lib/pkgconfig:${PKG_CONFIG_PATH} PYTHONPATH=/home/daisuke/Autoware/ros/install/autoware_msgs/lib/python2.7/dist-packages:${PYTHONPATH} ROS_PACKAGE_PATH=/home/daisuke/Autoware/ros/install/rosinterface/share:/home/daisuke/Autoware/ros/install/fastvirtualscan/share:/home/daisuke/Autoware/ros/install/autoware_msgs/share:/home/daisuke/Autoware/ros/install/autoware_build_flags/share:${ROS_PACKAGE_PATH} /usr/bin/cmake --build /home/daisuke/Autoware/ros/build/points2image -- -j8 -l8
Invoking command in '/home/daisuke/Autoware/ros/build/points2image': CMAKE_PREFIX_PATH=/home/daisuke/Autoware/ros/install/rosinterface:/home/daisuke/Autoware/ros/install/fastvirtualscan:/home/daisuke/Autoware/ros/install/autoware_msgs:/home/daisuke/Autoware/ros/install/autoware_build_flags:${CMAKE_PREFIX_PATH} LD_LIBRARY_PATH=/home/daisuke/Autoware/ros/install/rosinterface/lib:/home/daisuke/Autoware/ros/install/fastvirtualscan/lib:${LD_LIBRARY_PATH} PKG_CONFIG_PATH=/home/daisuke/Autoware/ros/install/rosinterface/lib/pkgconfig:/home/daisuke/Autoware/ros/install/fastvirtualscan/lib/pkgconfig:/home/daisuke/Autoware/ros/install/autoware_msgs/lib/pkgconfig:/home/daisuke/Autoware/ros/install/autoware_build_flags/lib/pkgconfig:${PKG_CONFIG_PATH} PYTHONPATH=/home/daisuke/Autoware/ros/install/autoware_msgs/lib/python2.7/dist-packages:${PYTHONPATH} ROS_PACKAGE_PATH=/home/daisuke/Autoware/ros/install/rosinterface/share:/home/daisuke/Autoware/ros/install/fastvirtualscan/share:/home/daisuke/Autoware/ros/install/autoware_msgs/share:/home/daisuke/Autoware/ros/install/autoware_build_flags/share:${ROS_PACKAGE_PATH} /usr/bin/cmake --build /home/daisuke/Autoware/ros/build/points2image --target tests -- -j8 -l8
Built target tests
Invoked command in '/home/daisuke/Autoware/ros/build/points2image' returned '0': CMAKE_PREFIX_PATH=/home/daisuke/Autoware/ros/install/rosinterface:/home/daisuke/Autoware/ros/install/fastvirtualscan:/home/daisuke/Autoware/ros/install/autoware_msgs:/home/daisuke/Autoware/ros/install/autoware_build_flags:${CMAKE_PREFIX_PATH} LD_LIBRARY_PATH=/home/daisuke/Autoware/ros/install/rosinterface/lib:/home/daisuke/Autoware/ros/install/fastvirtualscan/lib:${LD_LIBRARY_PATH} PKG_CONFIG_PATH=/home/daisuke/Autoware/ros/install/rosinterface/lib/pkgconfig:/home/daisuke/Autoware/ros/install/fastvirtualscan/lib/pkgconfig:/home/daisuke/Autoware/ros/install/autoware_msgs/lib/pkgconfig:/home/daisuke/Autoware/ros/install/autoware_build_flags/lib/pkgconfig:${PKG_CONFIG_PATH} PYTHONPATH=/home/daisuke/Autoware/ros/install/autoware_msgs/lib/python2.7/dist-packages:${PYTHONPATH} ROS_PACKAGE_PATH=/home/daisuke/Autoware/ros/install/rosinterface/share:/home/daisuke/Autoware/ros/install/fastvirtualscan/share:/home/daisuke/Autoware/ros/install/autoware_msgs/share:/home/daisuke/Autoware/ros/install/autoware_build_flags/share:${ROS_PACKAGE_PATH} /usr/bin/cmake --build /home/daisuke/Autoware/ros/build/points2image --target tests -- -j8 -l8
Invoking command in '/home/daisuke/Autoware/ros/build/points2image': CMAKE_PREFIX_PATH=/home/daisuke/Autoware/ros/install/rosinterface:/home/daisuke/Autoware/ros/install/fastvirtualscan:/home/daisuke/Autoware/ros/install/autoware_msgs:/home/daisuke/Autoware/ros/install/autoware_build_flags:${CMAKE_PREFIX_PATH} LD_LIBRARY_PATH=/home/daisuke/Autoware/ros/install/rosinterface/lib:/home/daisuke/Autoware/ros/install/fastvirtualscan/lib:${LD_LIBRARY_PATH} PKG_CONFIG_PATH=/home/daisuke/Autoware/ros/install/rosinterface/lib/pkgconfig:/home/daisuke/Autoware/ros/install/fastvirtualscan/lib/pkgconfig:/home/daisuke/Autoware/ros/install/autoware_msgs/lib/pkgconfig:/home/daisuke/Autoware/ros/install/autoware_build_flags/lib/pkgconfig:${PKG_CONFIG_PATH} PYTHONPATH=/home/daisuke/Autoware/ros/install/autoware_msgs/lib/python2.7/dist-packages:${PYTHONPATH} ROS_PACKAGE_PATH=/home/daisuke/Autoware/ros/install/rosinterface/share:/home/daisuke/Autoware/ros/install/fastvirtualscan/share:/home/daisuke/Autoware/ros/install/autoware_msgs/share:/home/daisuke/Autoware/ros/install/autoware_build_flags/share:${ROS_PACKAGE_PATH} /usr/bin/cmake --build /home/daisuke/Autoware/ros/build/points2image --target install
[  4%] [34m[1mAutomatic moc for target points2image[0m
[  4%] Built target points2image_automoc
[  9%] [34m[1mAutomatic moc for target points_image[0m
[  9%] Built target points_image_automoc
[  9%] Built target topic_tools_generate_messages_py
[  9%] Built target topic_tools_generate_messages_lisp
[  9%] Built target topic_tools_generate_messages_nodejs
[  9%] Built target sensor_msgs_generate_messages_lisp
[  9%] Built target actionlib_msgs_generate_messages_lisp
[  9%] Built target autoware_msgs_generate_messages_py
[  9%] Built target tf_generate_messages_cpp
[  9%] Built target std_srvs_generate_messages_eus
[  9%] Built target actionlib_msgs_generate_messages_eus
[  9%] Built target jsk_footstep_msgs_generate_messages_py
[  9%] Built target actionlib_generate_messages_lisp
[  9%] Built target actionlib_msgs_generate_messages_cpp
[  9%] Built target sensor_msgs_generate_messages_eus
[  9%] Built target actionlib_generate_messages_nodejs
[  9%] Built target actionlib_msgs_generate_messages_nodejs
[  9%] Built target tf2_msgs_generate_messages_py
[  9%] Built target jsk_footstep_msgs_generate_messages_nodejs
[  9%] Built target dynamic_reconfigure_generate_messages_nodejs
[  9%] Built target jsk_footstep_msgs_generate_messages_eus
[  9%] Built target pcl_msgs_generate_messages_nodejs
[  9%] Built target std_srvs_generate_messages_nodejs
[  9%] Built target std_srvs_generate_messages_lisp
[  9%] Built target pcl_msgs_generate_messages_eus
[  9%] Built target jsk_footstep_msgs_generate_messages_cpp
[  9%] Built target autoware_msgs_generate_messages_lisp
[  9%] Built target rosgraph_msgs_generate_messages_cpp
[  9%] Built target jsk_recognition_msgs_generate_messages_py
[  9%] Built target jsk_recognition_msgs_generate_messages_nodejs
[  9%] Built target actionlib_msgs_generate_messages_py
[  9%] Built target std_msgs_generate_messages_nodejs
[  9%] Built target geometry_msgs_generate_messages_lisp
[  9%] Built target geometry_msgs_generate_messages_py
[  9%] Built target jsk_recognition_msgs_generate_messages_lisp
[  9%] Built target pcl_msgs_generate_messages_lisp
[  9%] Built target bond_generate_messages_py
[  9%] Built target autoware_msgs_generate_messages_eus
[  9%] Built target std_msgs_generate_messages_lisp
[  9%] Built target jsk_recognition_msgs_generate_messages_cpp
[  9%] Built target geometry_msgs_generate_messages_eus
[  9%] Built target geometry_msgs_generate_messages_nodejs
[  9%] Built target jsk_footstep_msgs_generate_messages_lisp
[  9%] Built target sensor_msgs_generate_messages_cpp
[  9%] Built target geometry_msgs_generate_messages_cpp
[  9%] Built target std_msgs_generate_messages_cpp
[  9%] Built target sensor_msgs_generate_messages_nodejs
[  9%] Built target autoware_msgs_generate_messages_cpp
[  9%] Built target roscpp_generate_messages_cpp
[  9%] Built target nodelet_generate_messages_py
[  9%] Built target roscpp_generate_messages_eus
[  9%] Built target bond_generate_messages_eus
[  9%] Built target roscpp_generate_messages_lisp
[  9%] Built target sensor_msgs_generate_messages_py
[  9%] Built target roscpp_generate_messages_nodejs
[  9%] Built target jsk_recognition_msgs_generate_messages_eus
[  9%] Built target roscpp_generate_messages_py
[  9%] Built target std_srvs_generate_messages_py
[  9%] Built target tf_generate_messages_nodejs
[  9%] Built target std_msgs_generate_messages_py
[  9%] Built target rosgraph_msgs_generate_messages_eus
[  9%] Built target rosgraph_msgs_generate_messages_lisp
[  9%] Built target rosgraph_msgs_generate_messages_nodejs
[  9%] Built target actionlib_generate_messages_cpp
[  9%] Built target rosgraph_msgs_generate_messages_py
[  9%] Built target tf_generate_messages_lisp
[  9%] Built target tf_generate_messages_eus
[  9%] Built target tf_generate_messages_py
[  9%] Built target std_msgs_generate_messages_eus
[  9%] Built target actionlib_generate_messages_eus
[  9%] Built target tf2_msgs_generate_messages_cpp
[  9%] Built target pcl_ros_gencfg
[  9%] Built target tf2_msgs_generate_messages_eus
[  9%] Built target nodelet_generate_messages_cpp
[  9%] Built target tf2_msgs_generate_messages_lisp
[  9%] Built target tf2_msgs_generate_messages_nodejs
[  9%] Built target dynamic_reconfigure_generate_messages_cpp
[  9%] Built target pcl_msgs_generate_messages_py
[  9%] Built target bond_generate_messages_nodejs
[  9%] Built target dynamic_reconfigure_generate_messages_eus
[  9%] Built target dynamic_reconfigure_generate_messages_lisp
[  9%] Built target actionlib_generate_messages_py
[  9%] Built target dynamic_reconfigure_generate_messages_py
[  9%] Built target dynamic_reconfigure_gencfg
[  9%] Built target nodelet_generate_messages_lisp
[  9%] Built target nodelet_generate_messages_nodejs
[  9%] Built target bond_generate_messages_cpp
[  9%] Built target bond_generate_messages_lisp
[  9%] Built target nodelet_generate_messages_eus
[  9%] Built target topic_tools_generate_messages_cpp
[  9%] Built target topic_tools_generate_messages_eus
[  9%] Built target nodelet_topic_tools_gencfg
[  9%] Built target autoware_msgs_generate_messages_nodejs
[  9%] Built target pcl_msgs_generate_messages_cpp
[  9%] Built target std_srvs_generate_messages_cpp
[ 22%] Built target points_image
[ 36%] Built target points2image
[ 40%] [34m[1mAutomatic moc for target vscan2image[0m
[ 40%] Built target vscan2image_automoc
[ 54%] Built target vscan2image
[ 59%] [34m[1mAutomatic moc for target points2vscan[0m
[ 59%] Built target points2vscan_automoc
[ 81%] Built target points2vscan
[ 86%] [34m[1mAutomatic moc for target vscan2linelist[0m
[ 86%] Built target vscan2linelist_automoc
[100%] Built target vscan2linelist
[36mInstall the project...[0m
-- Install configuration: "Release"
-- Installing: /home/daisuke/Autoware/ros/install/points2image/lib/pkgconfig/points2image.pc
-- Up-to-date: /home/daisuke/Autoware/ros/install/points2image/share/points2image/cmake/points2imageConfig.cmake
-- Up-to-date: /home/daisuke/Autoware/ros/install/points2image/share/points2image/cmake/points2imageConfig-version.cmake
-- Up-to-date: /home/daisuke/Autoware/ros/install/points2image/share/points2image/package.xml
-- Up-to-date: /home/daisuke/Autoware/ros/install/points2image/lib/libpoints_image.so
-- Up-to-date: /home/daisuke/Autoware/ros/install/points2image/lib/points2image/vscan2linelist
-- Up-to-date: /home/daisuke/Autoware/ros/install/points2image/lib/points2image/vscan2image
-- Up-to-date: /home/daisuke/Autoware/ros/install/points2image/lib/points2image/points2image
-- Up-to-date: /home/daisuke/Autoware/ros/install/points2image/lib/points2image/points2vscan
Invoked command in '/home/daisuke/Autoware/ros/build/points2image' returned '0': CMAKE_PREFIX_PATH=/home/daisuke/Autoware/ros/install/rosinterface:/home/daisuke/Autoware/ros/install/fastvirtualscan:/home/daisuke/Autoware/ros/install/autoware_msgs:/home/daisuke/Autoware/ros/install/autoware_build_flags:${CMAKE_PREFIX_PATH} LD_LIBRARY_PATH=/home/daisuke/Autoware/ros/install/rosinterface/lib:/home/daisuke/Autoware/ros/install/fastvirtualscan/lib:${LD_LIBRARY_PATH} PKG_CONFIG_PATH=/home/daisuke/Autoware/ros/install/rosinterface/lib/pkgconfig:/home/daisuke/Autoware/ros/install/fastvirtualscan/lib/pkgconfig:/home/daisuke/Autoware/ros/install/autoware_msgs/lib/pkgconfig:/home/daisuke/Autoware/ros/install/autoware_build_flags/lib/pkgconfig:${PKG_CONFIG_PATH} PYTHONPATH=/home/daisuke/Autoware/ros/install/autoware_msgs/lib/python2.7/dist-packages:${PYTHONPATH} ROS_PACKAGE_PATH=/home/daisuke/Autoware/ros/install/rosinterface/share:/home/daisuke/Autoware/ros/install/fastvirtualscan/share:/home/daisuke/Autoware/ros/install/autoware_msgs/share:/home/daisuke/Autoware/ros/install/autoware_build_flags/share:${ROS_PACKAGE_PATH} /usr/bin/cmake --build /home/daisuke/Autoware/ros/build/points2image --target install
