Invoking command in '/home/daisuke/Autoware/ros/build/autoware_rviz_plugins': CMAKE_PREFIX_PATH=/home/daisuke/Autoware/ros/install/autoware_build_flags:${CMAKE_PREFIX_PATH} PKG_CONFIG_PATH=/home/daisuke/Autoware/ros/install/autoware_build_flags/lib/pkgconfig:${PKG_CONFIG_PATH} ROS_PACKAGE_PATH=/home/daisuke/Autoware/ros/install/autoware_build_flags/share:${ROS_PACKAGE_PATH} /usr/bin/cmake /home/daisuke/Autoware/ros/src/util/packages/autoware_rviz_plugins/state_panel -DCMAKE_BUILD_TYPE=Release -DCMAKE_LIBRARY_PATH=/usr/local/cuda/lib64/stubs -DCATKIN_INSTALL_INTO_PREFIX_ROOT=0 -DCMAKE_INSTALL_PREFIX=/home/daisuke/Autoware/ros/install/autoware_rviz_plugins
-- The C compiler identification is GNU 5.4.0
-- The CXX compiler identification is GNU 5.4.0
-- Check for working C compiler: /usr/bin/cc
-- Check for working C compiler: /usr/bin/cc -- works
-- Detecting C compiler ABI info
-- Detecting C compiler ABI info - done
-- Detecting C compile features
-- Detecting C compile features - done
-- Check for working CXX compiler: /usr/bin/c++
-- Check for working CXX compiler: /usr/bin/c++ -- works
-- Detecting CXX compiler ABI info
-- Detecting CXX compiler ABI info - done
-- Detecting CXX compile features
-- Detecting CXX compile features - done
-- Using CATKIN_DEVEL_PREFIX: /home/daisuke/Autoware/ros/build/autoware_rviz_plugins/devel
-- Using CMAKE_PREFIX_PATH: /home/daisuke/Autoware/ros/install/autoware_build_flags;/home/daisuke/Autoware/ros/devel;/opt/ros/kinetic
-- This workspace overlays: /home/daisuke/Autoware/ros/install/autoware_build_flags;/opt/ros/kinetic
-- Found PythonInterp: /home/daisuke/pyenv/shims/python (found version "2.7.12") 
-- Using PYTHON_EXECUTABLE: /home/daisuke/pyenv/shims/python
-- Using Debian Python package layout
-- Using empy: /usr/bin/empy
-- Using CATKIN_ENABLE_TESTING: ON
-- Call enable_testing()
-- Using CATKIN_TEST_RESULTS_DIR: /home/daisuke/Autoware/ros/build/autoware_rviz_plugins/test_results
-- Found gmock sources under '/usr/src/gmock': gmock will be built
-- Looking for pthread.h
-- Looking for pthread.h - found
-- Looking for pthread_create
-- Looking for pthread_create - not found
-- Looking for pthread_create in pthreads
-- Looking for pthread_create in pthreads - not found
-- Looking for pthread_create in pthread
-- Looking for pthread_create in pthread - found
-- Found Threads: TRUE  
-- Found gtest sources under '/usr/src/gmock': gtests will be built
-- Using Python nosetests: /usr/bin/nosetests-2.7
-- catkin 0.7.14
-- Using these message generators: gencpp;geneus;genlisp;gennodejs;genpy
-- Using Qt5 based on the rviz_QT_VERSION: 5.5.1
-- Configuring done
-- Generating done
-- Build files have been written to: /home/daisuke/Autoware/ros/build/autoware_rviz_plugins
Invoked command in '/home/daisuke/Autoware/ros/build/autoware_rviz_plugins' returned '0': CMAKE_PREFIX_PATH=/home/daisuke/Autoware/ros/install/autoware_build_flags:${CMAKE_PREFIX_PATH} PKG_CONFIG_PATH=/home/daisuke/Autoware/ros/install/autoware_build_flags/lib/pkgconfig:${PKG_CONFIG_PATH} ROS_PACKAGE_PATH=/home/daisuke/Autoware/ros/install/autoware_build_flags/share:${ROS_PACKAGE_PATH} /usr/bin/cmake /home/daisuke/Autoware/ros/src/util/packages/autoware_rviz_plugins/state_panel -DCMAKE_BUILD_TYPE=Release -DCMAKE_LIBRARY_PATH=/usr/local/cuda/lib64/stubs -DCATKIN_INSTALL_INTO_PREFIX_ROOT=0 -DCMAKE_INSTALL_PREFIX=/home/daisuke/Autoware/ros/install/autoware_rviz_plugins
Invoking command in '/home/daisuke/Autoware/ros/build/autoware_rviz_plugins': CMAKE_PREFIX_PATH=/home/daisuke/Autoware/ros/install/autoware_build_flags:${CMAKE_PREFIX_PATH} PKG_CONFIG_PATH=/home/daisuke/Autoware/ros/install/autoware_build_flags/lib/pkgconfig:${PKG_CONFIG_PATH} ROS_PACKAGE_PATH=/home/daisuke/Autoware/ros/install/autoware_build_flags/share:${ROS_PACKAGE_PATH} /usr/bin/cmake --build /home/daisuke/Autoware/ros/build/autoware_rviz_plugins -- -j8 -l8
[35m[1mScanning dependencies of target autoware_rviz_plugins_automoc[0m
[ 20%] [34m[1mAutomatic moc for target autoware_rviz_plugins[0m
[34m[1mGenerating moc_autoware_flag_tool.cpp[0m
[34m[1mGenerating moc_state_panel.cpp[0m
[ 20%] Built target autoware_rviz_plugins_automoc
[35m[1mScanning dependencies of target autoware_rviz_plugins[0m
[ 40%] [32mBuilding CXX object CMakeFiles/autoware_rviz_plugins.dir/src/sim_object/autoware_flag_tool.cpp.o[0m
[ 60%] [32mBuilding CXX object CMakeFiles/autoware_rviz_plugins.dir/src/state_panel/state_panel.cpp.o[0m
[ 80%] [32mBuilding CXX object CMakeFiles/autoware_rviz_plugins.dir/autoware_rviz_plugins_automoc.cpp.o[0m
[100%] [32m[1mLinking CXX shared library devel/lib/libautoware_rviz_plugins.so[0m
[100%] Built target autoware_rviz_plugins
Invoked command in '/home/daisuke/Autoware/ros/build/autoware_rviz_plugins' returned '0': CMAKE_PREFIX_PATH=/home/daisuke/Autoware/ros/install/autoware_build_flags:${CMAKE_PREFIX_PATH} PKG_CONFIG_PATH=/home/daisuke/Autoware/ros/install/autoware_build_flags/lib/pkgconfig:${PKG_CONFIG_PATH} ROS_PACKAGE_PATH=/home/daisuke/Autoware/ros/install/autoware_build_flags/share:${ROS_PACKAGE_PATH} /usr/bin/cmake --build /home/daisuke/Autoware/ros/build/autoware_rviz_plugins -- -j8 -l8
Invoking command in '/home/daisuke/Autoware/ros/build/autoware_rviz_plugins': CMAKE_PREFIX_PATH=/home/daisuke/Autoware/ros/install/autoware_build_flags:${CMAKE_PREFIX_PATH} PKG_CONFIG_PATH=/home/daisuke/Autoware/ros/install/autoware_build_flags/lib/pkgconfig:${PKG_CONFIG_PATH} ROS_PACKAGE_PATH=/home/daisuke/Autoware/ros/install/autoware_build_flags/share:${ROS_PACKAGE_PATH} /usr/bin/cmake --build /home/daisuke/Autoware/ros/build/autoware_rviz_plugins --target tests -- -j8 -l8
[35m[1mScanning dependencies of target tests[0m
Built target tests
Invoked command in '/home/daisuke/Autoware/ros/build/autoware_rviz_plugins' returned '0': CMAKE_PREFIX_PATH=/home/daisuke/Autoware/ros/install/autoware_build_flags:${CMAKE_PREFIX_PATH} PKG_CONFIG_PATH=/home/daisuke/Autoware/ros/install/autoware_build_flags/lib/pkgconfig:${PKG_CONFIG_PATH} ROS_PACKAGE_PATH=/home/daisuke/Autoware/ros/install/autoware_build_flags/share:${ROS_PACKAGE_PATH} /usr/bin/cmake --build /home/daisuke/Autoware/ros/build/autoware_rviz_plugins --target tests -- -j8 -l8
Invoking command in '/home/daisuke/Autoware/ros/build/autoware_rviz_plugins': CMAKE_PREFIX_PATH=/home/daisuke/Autoware/ros/install/autoware_build_flags:${CMAKE_PREFIX_PATH} PKG_CONFIG_PATH=/home/daisuke/Autoware/ros/install/autoware_build_flags/lib/pkgconfig:${PKG_CONFIG_PATH} ROS_PACKAGE_PATH=/home/daisuke/Autoware/ros/install/autoware_build_flags/share:${ROS_PACKAGE_PATH} /usr/bin/cmake --build /home/daisuke/Autoware/ros/build/autoware_rviz_plugins --target install
[ 20%] [34m[1mAutomatic moc for target autoware_rviz_plugins[0m
[ 20%] Built target autoware_rviz_plugins_automoc
[100%] Built target autoware_rviz_plugins
[36mInstall the project...[0m
-- Install configuration: "Release"
-- Installing: /home/daisuke/Autoware/ros/install/autoware_rviz_plugins/lib/pkgconfig/autoware_rviz_plugins.pc
-- Installing: /home/daisuke/Autoware/ros/install/autoware_rviz_plugins/share/autoware_rviz_plugins/cmake/autoware_rviz_pluginsConfig.cmake
-- Installing: /home/daisuke/Autoware/ros/install/autoware_rviz_plugins/share/autoware_rviz_plugins/cmake/autoware_rviz_pluginsConfig-version.cmake
-- Installing: /home/daisuke/Autoware/ros/install/autoware_rviz_plugins/share/autoware_rviz_plugins/package.xml
-- Installing: /home/daisuke/Autoware/ros/install/autoware_rviz_plugins/lib/libautoware_rviz_plugins.so
-- Set runtime path of "/home/daisuke/Autoware/ros/install/autoware_rviz_plugins/lib/libautoware_rviz_plugins.so" to ""
-- Installing: /home/daisuke/Autoware/ros/install/autoware_rviz_plugins/share/autoware_rviz_plugins/media
-- Installing: /home/daisuke/Autoware/ros/install/autoware_rviz_plugins/share/autoware_rviz_plugins/media/flag.dae
-- Installing: /home/daisuke/Autoware/ros/install/autoware_rviz_plugins/share/autoware_rviz_plugins/icons
-- Installing: /home/daisuke/Autoware/ros/install/autoware_rviz_plugins/share/autoware_rviz_plugins/icons/classes
-- Installing: /home/daisuke/Autoware/ros/install/autoware_rviz_plugins/share/autoware_rviz_plugins/icons/classes/OpFlag.png
-- Installing: /home/daisuke/Autoware/ros/install/autoware_rviz_plugins/share/autoware_rviz_plugins/plugin_description.xml
Invoked command in '/home/daisuke/Autoware/ros/build/autoware_rviz_plugins' returned '0': CMAKE_PREFIX_PATH=/home/daisuke/Autoware/ros/install/autoware_build_flags:${CMAKE_PREFIX_PATH} PKG_CONFIG_PATH=/home/daisuke/Autoware/ros/install/autoware_build_flags/lib/pkgconfig:${PKG_CONFIG_PATH} ROS_PACKAGE_PATH=/home/daisuke/Autoware/ros/install/autoware_build_flags/share:${ROS_PACKAGE_PATH} /usr/bin/cmake --build /home/daisuke/Autoware/ros/build/autoware_rviz_plugins --target install
