Invoking command in '/home/daisuke/Autoware/ros/build/kvaser': CMAKE_PREFIX_PATH=/home/daisuke/Autoware/ros/install/autoware_can_msgs:${CMAKE_PREFIX_PATH} PKG_CONFIG_PATH=/home/daisuke/Autoware/ros/install/autoware_can_msgs/lib/pkgconfig:${PKG_CONFIG_PATH} PYTHONPATH=/home/daisuke/Autoware/ros/install/autoware_can_msgs/lib/python2.7/dist-packages:${PYTHONPATH} ROS_PACKAGE_PATH=/home/daisuke/Autoware/ros/install/autoware_can_msgs/share:${ROS_PACKAGE_PATH} /usr/bin/cmake /home/daisuke/Autoware/ros/src/sensing/drivers/can/packages/kvaser -DCMAKE_BUILD_TYPE=Release -DCMAKE_LIBRARY_PATH=/usr/local/cuda/lib64/stubs -DCATKIN_INSTALL_INTO_PREFIX_ROOT=0 -DCMAKE_INSTALL_PREFIX=/home/daisuke/Autoware/ros/install/kvaser
-- The C compiler identification is GNU 5.4.0
-- The CXX compiler identification is GNU 5.4.0
-- Check for working C compiler: /usr/bin/cc
-- Check for working C compiler: /usr/bin/cc -- works
-- Detecting C compiler ABI info
-- Detecting C compiler ABI info - done
-- Detecting C compile features
-- Detecting C compile features - done
-- Check for working CXX compiler: /usr/bin/c++
-- Check for working CXX compiler: /usr/bin/c++ -- works
-- Detecting CXX compiler ABI info
-- Detecting CXX compiler ABI info - done
-- Detecting CXX compile features
-- Detecting CXX compile features - done
-- Using CATKIN_DEVEL_PREFIX: /home/daisuke/Autoware/ros/build/kvaser/devel
-- Using CMAKE_PREFIX_PATH: /home/daisuke/Autoware/ros/install/autoware_can_msgs;/home/daisuke/Autoware/ros/devel;/opt/ros/kinetic
-- This workspace overlays: /home/daisuke/Autoware/ros/install/autoware_can_msgs;/opt/ros/kinetic
-- Found PythonInterp: /home/daisuke/pyenv/shims/python (found version "2.7.12") 
-- Using PYTHON_EXECUTABLE: /home/daisuke/pyenv/shims/python
-- Using Debian Python package layout
-- Using empy: /usr/bin/empy
-- Using CATKIN_ENABLE_TESTING: ON
-- Call enable_testing()
-- Using CATKIN_TEST_RESULTS_DIR: /home/daisuke/Autoware/ros/build/kvaser/test_results
-- Found gmock sources under '/usr/src/gmock': gmock will be built
-- Looking for pthread.h
-- Looking for pthread.h - found
-- Looking for pthread_create
-- Looking for pthread_create - not found
-- Looking for pthread_create in pthreads
-- Looking for pthread_create in pthreads - not found
-- Looking for pthread_create in pthread
-- Looking for pthread_create in pthread - found
-- Found Threads: TRUE  
-- Found gtest sources under '/usr/src/gmock': gtests will be built
-- Using Python nosetests: /usr/bin/nosetests-2.7
-- catkin 0.7.14
-- Configuring done
-- Generating done
-- Build files have been written to: /home/daisuke/Autoware/ros/build/kvaser
Invoked command in '/home/daisuke/Autoware/ros/build/kvaser' returned '0': CMAKE_PREFIX_PATH=/home/daisuke/Autoware/ros/install/autoware_can_msgs:${CMAKE_PREFIX_PATH} PKG_CONFIG_PATH=/home/daisuke/Autoware/ros/install/autoware_can_msgs/lib/pkgconfig:${PKG_CONFIG_PATH} PYTHONPATH=/home/daisuke/Autoware/ros/install/autoware_can_msgs/lib/python2.7/dist-packages:${PYTHONPATH} ROS_PACKAGE_PATH=/home/daisuke/Autoware/ros/install/autoware_can_msgs/share:${ROS_PACKAGE_PATH} /usr/bin/cmake /home/daisuke/Autoware/ros/src/sensing/drivers/can/packages/kvaser -DCMAKE_BUILD_TYPE=Release -DCMAKE_LIBRARY_PATH=/usr/local/cuda/lib64/stubs -DCATKIN_INSTALL_INTO_PREFIX_ROOT=0 -DCMAKE_INSTALL_PREFIX=/home/daisuke/Autoware/ros/install/kvaser
Invoking command in '/home/daisuke/Autoware/ros/build/kvaser': CMAKE_PREFIX_PATH=/home/daisuke/Autoware/ros/install/autoware_can_msgs:${CMAKE_PREFIX_PATH} PKG_CONFIG_PATH=/home/daisuke/Autoware/ros/install/autoware_can_msgs/lib/pkgconfig:${PKG_CONFIG_PATH} PYTHONPATH=/home/daisuke/Autoware/ros/install/autoware_can_msgs/lib/python2.7/dist-packages:${PYTHONPATH} ROS_PACKAGE_PATH=/home/daisuke/Autoware/ros/install/autoware_can_msgs/share:${ROS_PACKAGE_PATH} /usr/bin/cmake --build /home/daisuke/Autoware/ros/build/kvaser -- -j8 -l8
[35m[1mScanning dependencies of target std_msgs_generate_messages_eus[0m
[  0%] Built target std_msgs_generate_messages_eus
[35m[1mScanning dependencies of target rosgraph_msgs_generate_messages_eus[0m
[  0%] Built target rosgraph_msgs_generate_messages_eus
[35m[1mScanning dependencies of target geometry_msgs_generate_messages_nodejs[0m
[  0%] Built target geometry_msgs_generate_messages_nodejs
[35m[1mScanning dependencies of target visualization_msgs_generate_messages_py[0m
[  0%] Built target visualization_msgs_generate_messages_py
[35m[1mScanning dependencies of target std_msgs_generate_messages_nodejs[0m
[  0%] Built target std_msgs_generate_messages_nodejs
[35m[1mScanning dependencies of target geometry_msgs_generate_messages_eus[0m
[  0%] Built target geometry_msgs_generate_messages_eus
[35m[1mScanning dependencies of target roscpp_generate_messages_cpp[0m
[  0%] Built target roscpp_generate_messages_cpp
[35m[1mScanning dependencies of target visualization_msgs_generate_messages_lisp[0m
[  0%] Built target visualization_msgs_generate_messages_lisp
[35m[1mScanning dependencies of target roscpp_generate_messages_eus[0m
[  0%] Built target roscpp_generate_messages_eus
[35m[1mScanning dependencies of target geometry_msgs_generate_messages_lisp[0m
[  0%] Built target geometry_msgs_generate_messages_lisp
[35m[1mScanning dependencies of target std_msgs_generate_messages_lisp[0m
[  0%] Built target std_msgs_generate_messages_lisp
[35m[1mScanning dependencies of target autoware_can_msgs_generate_messages_cpp[0m
[  0%] Built target autoware_can_msgs_generate_messages_cpp
[35m[1mScanning dependencies of target visualization_msgs_generate_messages_eus[0m
[  0%] Built target visualization_msgs_generate_messages_eus
[35m[1mScanning dependencies of target autoware_can_msgs_generate_messages_lisp[0m
[  0%] Built target autoware_can_msgs_generate_messages_lisp
[35m[1mScanning dependencies of target std_msgs_generate_messages_cpp[0m
[  0%] Built target std_msgs_generate_messages_cpp
[35m[1mScanning dependencies of target rosgraph_msgs_generate_messages_cpp[0m
[  0%] Built target rosgraph_msgs_generate_messages_cpp
[35m[1mScanning dependencies of target rosgraph_msgs_generate_messages_nodejs[0m
[  0%] Built target rosgraph_msgs_generate_messages_nodejs
[35m[1mScanning dependencies of target autoware_can_msgs_generate_messages_py[0m
[  0%] Built target autoware_can_msgs_generate_messages_py
[35m[1mScanning dependencies of target visualization_msgs_generate_messages_cpp[0m
[  0%] Built target visualization_msgs_generate_messages_cpp
[35m[1mScanning dependencies of target roscpp_generate_messages_nodejs[0m
[  0%] Built target roscpp_generate_messages_nodejs
[35m[1mScanning dependencies of target rosgraph_msgs_generate_messages_lisp[0m
[  0%] Built target rosgraph_msgs_generate_messages_lisp
[35m[1mScanning dependencies of target rosgraph_msgs_generate_messages_py[0m
[  0%] Built target rosgraph_msgs_generate_messages_py
[35m[1mScanning dependencies of target std_msgs_generate_messages_py[0m
[  0%] Built target std_msgs_generate_messages_py
[35m[1mScanning dependencies of target roscpp_generate_messages_lisp[0m
[  0%] Built target roscpp_generate_messages_lisp
[35m[1mScanning dependencies of target roscpp_generate_messages_py[0m
[  0%] Built target roscpp_generate_messages_py
[35m[1mScanning dependencies of target visualization_msgs_generate_messages_nodejs[0m
[  0%] Built target visualization_msgs_generate_messages_nodejs
[35m[1mScanning dependencies of target geometry_msgs_generate_messages_cpp[0m
[  0%] Built target geometry_msgs_generate_messages_cpp
[35m[1mScanning dependencies of target geometry_msgs_generate_messages_py[0m
[  0%] Built target geometry_msgs_generate_messages_py
[35m[1mScanning dependencies of target autoware_can_msgs_generate_messages_eus[0m
[  0%] Built target autoware_can_msgs_generate_messages_eus
[35m[1mScanning dependencies of target autoware_can_msgs_generate_messages_nodejs[0m
[  0%] Built target autoware_can_msgs_generate_messages_nodejs
[35m[1mScanning dependencies of target can_converter[0m
[ 16%] [32mBuilding CXX object CMakeFiles/can_converter.dir/nodes/can_converter/can_converter.cpp.o[0m
[ 33%] [32m[1mLinking CXX executable devel/lib/kvaser/can_converter[0m
[ 33%] Built target can_converter
[35m[1mScanning dependencies of target can_listener[0m
[ 50%] [32mBuilding CXX object CMakeFiles/can_listener.dir/nodes/can_listener/can_listener.cpp.o[0m
[ 66%] [32m[1mLinking CXX executable devel/lib/kvaser/can_listener[0m
[ 66%] Built target can_listener
[35m[1mScanning dependencies of target can_draw[0m
[ 83%] [32mBuilding CXX object CMakeFiles/can_draw.dir/nodes/can_draw/can_draw.cpp.o[0m
[100%] [32m[1mLinking CXX executable devel/lib/kvaser/can_draw[0m
[100%] Built target can_draw
Invoked command in '/home/daisuke/Autoware/ros/build/kvaser' returned '0': CMAKE_PREFIX_PATH=/home/daisuke/Autoware/ros/install/autoware_can_msgs:${CMAKE_PREFIX_PATH} PKG_CONFIG_PATH=/home/daisuke/Autoware/ros/install/autoware_can_msgs/lib/pkgconfig:${PKG_CONFIG_PATH} PYTHONPATH=/home/daisuke/Autoware/ros/install/autoware_can_msgs/lib/python2.7/dist-packages:${PYTHONPATH} ROS_PACKAGE_PATH=/home/daisuke/Autoware/ros/install/autoware_can_msgs/share:${ROS_PACKAGE_PATH} /usr/bin/cmake --build /home/daisuke/Autoware/ros/build/kvaser -- -j8 -l8
Invoking command in '/home/daisuke/Autoware/ros/build/kvaser': CMAKE_PREFIX_PATH=/home/daisuke/Autoware/ros/install/autoware_can_msgs:${CMAKE_PREFIX_PATH} PKG_CONFIG_PATH=/home/daisuke/Autoware/ros/install/autoware_can_msgs/lib/pkgconfig:${PKG_CONFIG_PATH} PYTHONPATH=/home/daisuke/Autoware/ros/install/autoware_can_msgs/lib/python2.7/dist-packages:${PYTHONPATH} ROS_PACKAGE_PATH=/home/daisuke/Autoware/ros/install/autoware_can_msgs/share:${ROS_PACKAGE_PATH} /usr/bin/cmake --build /home/daisuke/Autoware/ros/build/kvaser --target tests -- -j8 -l8
[35m[1mScanning dependencies of target tests[0m
Built target tests
Invoked command in '/home/daisuke/Autoware/ros/build/kvaser' returned '0': CMAKE_PREFIX_PATH=/home/daisuke/Autoware/ros/install/autoware_can_msgs:${CMAKE_PREFIX_PATH} PKG_CONFIG_PATH=/home/daisuke/Autoware/ros/install/autoware_can_msgs/lib/pkgconfig:${PKG_CONFIG_PATH} PYTHONPATH=/home/daisuke/Autoware/ros/install/autoware_can_msgs/lib/python2.7/dist-packages:${PYTHONPATH} ROS_PACKAGE_PATH=/home/daisuke/Autoware/ros/install/autoware_can_msgs/share:${ROS_PACKAGE_PATH} /usr/bin/cmake --build /home/daisuke/Autoware/ros/build/kvaser --target tests -- -j8 -l8
Invoking command in '/home/daisuke/Autoware/ros/build/kvaser': CMAKE_PREFIX_PATH=/home/daisuke/Autoware/ros/install/autoware_can_msgs:${CMAKE_PREFIX_PATH} PKG_CONFIG_PATH=/home/daisuke/Autoware/ros/install/autoware_can_msgs/lib/pkgconfig:${PKG_CONFIG_PATH} PYTHONPATH=/home/daisuke/Autoware/ros/install/autoware_can_msgs/lib/python2.7/dist-packages:${PYTHONPATH} ROS_PACKAGE_PATH=/home/daisuke/Autoware/ros/install/autoware_can_msgs/share:${ROS_PACKAGE_PATH} /usr/bin/cmake --build /home/daisuke/Autoware/ros/build/kvaser --target install
[  0%] Built target std_msgs_generate_messages_eus
[  0%] Built target autoware_can_msgs_generate_messages_nodejs
[  0%] Built target autoware_can_msgs_generate_messages_eus
[  0%] Built target geometry_msgs_generate_messages_py
[  0%] Built target geometry_msgs_generate_messages_cpp
[  0%] Built target visualization_msgs_generate_messages_nodejs
[  0%] Built target roscpp_generate_messages_py
[  0%] Built target rosgraph_msgs_generate_messages_eus
[  0%] Built target geometry_msgs_generate_messages_nodejs
[  0%] Built target visualization_msgs_generate_messages_py
[  0%] Built target std_msgs_generate_messages_nodejs
[  0%] Built target geometry_msgs_generate_messages_eus
[  0%] Built target roscpp_generate_messages_cpp
[  0%] Built target visualization_msgs_generate_messages_lisp
[  0%] Built target roscpp_generate_messages_eus
[  0%] Built target geometry_msgs_generate_messages_lisp
[  0%] Built target std_msgs_generate_messages_lisp
[  0%] Built target autoware_can_msgs_generate_messages_cpp
[  0%] Built target visualization_msgs_generate_messages_eus
[  0%] Built target autoware_can_msgs_generate_messages_lisp
[  0%] Built target std_msgs_generate_messages_cpp
[  0%] Built target rosgraph_msgs_generate_messages_cpp
[  0%] Built target rosgraph_msgs_generate_messages_nodejs
[  0%] Built target autoware_can_msgs_generate_messages_py
[  0%] Built target visualization_msgs_generate_messages_cpp
[  0%] Built target roscpp_generate_messages_nodejs
[  0%] Built target rosgraph_msgs_generate_messages_lisp
[  0%] Built target rosgraph_msgs_generate_messages_py
[  0%] Built target std_msgs_generate_messages_py
[  0%] Built target roscpp_generate_messages_lisp
[ 33%] Built target can_converter
[ 66%] Built target can_draw
[100%] Built target can_listener
[36mInstall the project...[0m
-- Install configuration: "Release"
-- Installing: /home/daisuke/Autoware/ros/install/kvaser/lib/pkgconfig/kvaser.pc
-- Installing: /home/daisuke/Autoware/ros/install/kvaser/share/kvaser/cmake/kvaserConfig.cmake
-- Installing: /home/daisuke/Autoware/ros/install/kvaser/share/kvaser/cmake/kvaserConfig-version.cmake
-- Installing: /home/daisuke/Autoware/ros/install/kvaser/share/kvaser/package.xml
-- Installing: /home/daisuke/Autoware/ros/install/kvaser/lib/kvaser/can_listener
-- Set runtime path of "/home/daisuke/Autoware/ros/install/kvaser/lib/kvaser/can_listener" to ""
-- Installing: /home/daisuke/Autoware/ros/install/kvaser/lib/kvaser/can_converter
-- Set runtime path of "/home/daisuke/Autoware/ros/install/kvaser/lib/kvaser/can_converter" to ""
-- Installing: /home/daisuke/Autoware/ros/install/kvaser/lib/kvaser/can_draw
-- Set runtime path of "/home/daisuke/Autoware/ros/install/kvaser/lib/kvaser/can_draw" to ""
Invoked command in '/home/daisuke/Autoware/ros/build/kvaser' returned '0': CMAKE_PREFIX_PATH=/home/daisuke/Autoware/ros/install/autoware_can_msgs:${CMAKE_PREFIX_PATH} PKG_CONFIG_PATH=/home/daisuke/Autoware/ros/install/autoware_can_msgs/lib/pkgconfig:${PKG_CONFIG_PATH} PYTHONPATH=/home/daisuke/Autoware/ros/install/autoware_can_msgs/lib/python2.7/dist-packages:${PYTHONPATH} ROS_PACKAGE_PATH=/home/daisuke/Autoware/ros/install/autoware_can_msgs/share:${ROS_PACKAGE_PATH} /usr/bin/cmake --build /home/daisuke/Autoware/ros/build/kvaser --target install
