Invoking command in '/home/daisuke/Autoware/ros/build/memsic_imu': /usr/bin/cmake /home/daisuke/Autoware/ros/src/sensing/drivers/imu/packages/memsic -DCATKIN_INSTALL_INTO_PREFIX_ROOT=0 -DCMAKE_INSTALL_PREFIX=/home/daisuke/Autoware/ros/install/memsic_imu
-- Using CATKIN_DEVEL_PREFIX: /home/daisuke/Autoware/ros/build/memsic_imu/devel
-- Using CMAKE_PREFIX_PATH: /home/daisuke/Autoware/ros/devel;/opt/ros/kinetic
-- This workspace overlays: /opt/ros/kinetic
-- Using PYTHON_EXECUTABLE: /home/daisuke/pyenv/shims/python
-- Using Debian Python package layout
-- Using empy: /usr/bin/empy
-- Using CATKIN_ENABLE_TESTING: ON
-- Call enable_testing()
-- Using CATKIN_TEST_RESULTS_DIR: /home/daisuke/Autoware/ros/build/memsic_imu/test_results
-- Found gmock sources under '/usr/src/gmock': gmock will be built
-- Found gtest sources under '/usr/src/gmock': gtests will be built
-- Using Python nosetests: /usr/bin/nosetests-2.7
-- catkin 0.7.14
-- Using these message generators: gencpp;geneus;genlisp;gennodejs;genpy
-- Configuring done
-- Generating done
-- Build files have been written to: /home/daisuke/Autoware/ros/build/memsic_imu
Invoked command in '/home/daisuke/Autoware/ros/build/memsic_imu' returned '0': /usr/bin/cmake /home/daisuke/Autoware/ros/src/sensing/drivers/imu/packages/memsic -DCATKIN_INSTALL_INTO_PREFIX_ROOT=0 -DCMAKE_INSTALL_PREFIX=/home/daisuke/Autoware/ros/install/memsic_imu
Invoking command in '/home/daisuke/Autoware/ros/build/memsic_imu': /usr/bin/cmake --build /home/daisuke/Autoware/ros/build/memsic_imu -- -j8 -l8
[100%] Built target vg440_node
Invoked command in '/home/daisuke/Autoware/ros/build/memsic_imu' returned '0': /usr/bin/cmake --build /home/daisuke/Autoware/ros/build/memsic_imu -- -j8 -l8
Invoking command in '/home/daisuke/Autoware/ros/build/memsic_imu': /usr/bin/cmake --build /home/daisuke/Autoware/ros/build/memsic_imu --target tests -- -j8 -l8
Built target tests
Invoked command in '/home/daisuke/Autoware/ros/build/memsic_imu' returned '0': /usr/bin/cmake --build /home/daisuke/Autoware/ros/build/memsic_imu --target tests -- -j8 -l8
Invoking command in '/home/daisuke/Autoware/ros/build/memsic_imu': /usr/bin/cmake --build /home/daisuke/Autoware/ros/build/memsic_imu --target install
[100%] Built target vg440_node
[36mInstall the project...[0m
-- Install configuration: "Release"
-- Installing: /home/daisuke/Autoware/ros/install/memsic_imu/lib/pkgconfig/memsic_imu.pc
-- Up-to-date: /home/daisuke/Autoware/ros/install/memsic_imu/share/memsic_imu/cmake/memsic_imuConfig.cmake
-- Up-to-date: /home/daisuke/Autoware/ros/install/memsic_imu/share/memsic_imu/cmake/memsic_imuConfig-version.cmake
-- Up-to-date: /home/daisuke/Autoware/ros/install/memsic_imu/share/memsic_imu/package.xml
-- Up-to-date: /home/daisuke/Autoware/ros/install/memsic_imu/lib/memsic_imu/vg440_node
-- Up-to-date: /home/daisuke/Autoware/ros/install/memsic_imu/share/memsic_imu/launch
-- Up-to-date: /home/daisuke/Autoware/ros/install/memsic_imu/share/memsic_imu/launch/vg440.launch
Invoked command in '/home/daisuke/Autoware/ros/build/memsic_imu' returned '0': /usr/bin/cmake --build /home/daisuke/Autoware/ros/build/memsic_imu --target install
