-- Using CATKIN_DEVEL_PREFIX: /home/daisuke/Autoware/ros/build/vehicle_description/devel
-- Using CMAKE_PREFIX_PATH: /home/daisuke/Autoware/ros/devel;/opt/ros/kinetic
-- This workspace overlays: /opt/ros/kinetic
-- Using PYTHON_EXECUTABLE: /home/daisuke/pyenv/shims/python
-- Using Debian Python package layout
-- Using empy: /usr/bin/empy
-- Using CATKIN_ENABLE_TESTING: ON
-- Call enable_testing()
-- Using CATKIN_TEST_RESULTS_DIR: /home/daisuke/Autoware/ros/build/vehicle_description/test_results
-- Found gmock sources under '/usr/src/gmock': gmock will be built
-- Found gtest sources under '/usr/src/gmock': gtests will be built
-- Using Python nosetests: /usr/bin/nosetests-2.7
-- catkin 0.7.14
-- Configuring done
-- Generating done
-- Build files have been written to: /home/daisuke/Autoware/ros/build/vehicle_description
Built target vehicle_description_xacro_generated_to_devel_space_
Built target tests
Built target vehicle_description_xacro_generated_to_devel_space_
[36mInstall the project...[0m
-- Install configuration: "Release"
-- Installing: /home/daisuke/Autoware/ros/install/vehicle_description/lib/pkgconfig/vehicle_description.pc
-- Up-to-date: /home/daisuke/Autoware/ros/install/vehicle_description/share/vehicle_description/cmake/vehicle_descriptionConfig.cmake
-- Up-to-date: /home/daisuke/Autoware/ros/install/vehicle_description/share/vehicle_description/cmake/vehicle_descriptionConfig-version.cmake
-- Up-to-date: /home/daisuke/Autoware/ros/install/vehicle_description/share/vehicle_description/package.xml
-- Up-to-date: /home/daisuke/Autoware/ros/install/vehicle_description/share/vehicle_description/launch
-- Up-to-date: /home/daisuke/Autoware/ros/install/vehicle_description/share/vehicle_description/launch/vehicle_model.launch
-- Up-to-date: /home/daisuke/Autoware/ros/install/vehicle_description/share/vehicle_description/launch/milee.launch
-- Up-to-date: /home/daisuke/Autoware/ros/install/vehicle_description/share/vehicle_description/launch/estima_black.launch
-- Up-to-date: /home/daisuke/Autoware/ros/install/vehicle_description/share/vehicle_description/launch/estima_gray.launch
-- Up-to-date: /home/daisuke/Autoware/ros/install/vehicle_description/share/vehicle_description/launch/estima_white.launch
-- Up-to-date: /home/daisuke/Autoware/ros/install/vehicle_description/share/vehicle_description/mesh
-- Up-to-date: /home/daisuke/Autoware/ros/install/vehicle_description/share/vehicle_description/mesh/estima_left_black.jpg
-- Up-to-date: /home/daisuke/Autoware/ros/install/vehicle_description/share/vehicle_description/mesh/estima_black.dae
-- Up-to-date: /home/daisuke/Autoware/ros/install/vehicle_description/share/vehicle_description/mesh/estima_white.dae
-- Up-to-date: /home/daisuke/Autoware/ros/install/vehicle_description/share/vehicle_description/mesh/estima_right_gray.jpg
-- Up-to-date: /home/daisuke/Autoware/ros/install/vehicle_description/share/vehicle_description/mesh/estima_right_black.jpg
-- Up-to-date: /home/daisuke/Autoware/ros/install/vehicle_description/share/vehicle_description/mesh/_51225ex1diffuse.jpeg
-- Up-to-date: /home/daisuke/Autoware/ros/install/vehicle_description/share/vehicle_description/mesh/estima_bg_white.jpg
-- Up-to-date: /home/daisuke/Autoware/ros/install/vehicle_description/share/vehicle_description/mesh/milee.dae
-- Up-to-date: /home/daisuke/Autoware/ros/install/vehicle_description/share/vehicle_description/mesh/estima_left_white.jpg
-- Up-to-date: /home/daisuke/Autoware/ros/install/vehicle_description/share/vehicle_description/mesh/CAR_original.dae
-- Up-to-date: /home/daisuke/Autoware/ros/install/vehicle_description/share/vehicle_description/mesh/default.dae
-- Up-to-date: /home/daisuke/Autoware/ros/install/vehicle_description/share/vehicle_description/mesh/prius.dae
-- Up-to-date: /home/daisuke/Autoware/ros/install/vehicle_description/share/vehicle_description/mesh/estima_left_gray.jpg
-- Up-to-date: /home/daisuke/Autoware/ros/install/vehicle_description/share/vehicle_description/mesh/_51225ex2diffuse.jpeg
-- Up-to-date: /home/daisuke/Autoware/ros/install/vehicle_description/share/vehicle_description/mesh/estima_right_white.jpg
-- Up-to-date: /home/daisuke/Autoware/ros/install/vehicle_description/share/vehicle_description/mesh/estima_bg_gray.jpg
-- Up-to-date: /home/daisuke/Autoware/ros/install/vehicle_description/share/vehicle_description/mesh/estima_gray.dae
-- Up-to-date: /home/daisuke/Autoware/ros/install/vehicle_description/share/vehicle_description/mesh/xe.dae
-- Up-to-date: /home/daisuke/Autoware/ros/install/vehicle_description/share/vehicle_description/mesh/estima_bg_black.jpg
-- Up-to-date: /home/daisuke/Autoware/ros/install/vehicle_description/share/vehicle_description/mesh/CAR_original.stl
-- Up-to-date: /home/daisuke/Autoware/ros/install/vehicle_description/share/vehicle_description/urdf
-- Up-to-date: /home/daisuke/Autoware/ros/install/vehicle_description/share/vehicle_description/urdf/prius.urdf
-- Up-to-date: /home/daisuke/Autoware/ros/install/vehicle_description/share/vehicle_description/urdf/default.urdf
-- Up-to-date: /home/daisuke/Autoware/ros/install/vehicle_description/share/vehicle_description/urdf/sim_default.urdf
-- Up-to-date: /home/daisuke/Autoware/ros/install/vehicle_description/share/vehicle_description/urdf/estima_white.urdf
-- Up-to-date: /home/daisuke/Autoware/ros/install/vehicle_description/share/vehicle_description/urdf/milee.urdf
-- Up-to-date: /home/daisuke/Autoware/ros/install/vehicle_description/share/vehicle_description/urdf/xe.urdf
-- Up-to-date: /home/daisuke/Autoware/ros/install/vehicle_description/share/vehicle_description/urdf/estima_gray.urdf
-- Up-to-date: /home/daisuke/Autoware/ros/install/vehicle_description/share/vehicle_description/urdf/estima_black.urdf
