-- Using CATKIN_DEVEL_PREFIX: /home/daisuke/Autoware/ros/build/vision_segment_enet_detect/devel
-- Using CMAKE_PREFIX_PATH: /home/daisuke/Autoware/ros/install/autoware_build_flags;/home/daisuke/Autoware/ros/devel;/opt/ros/kinetic
-- This workspace overlays: /home/daisuke/Autoware/ros/install/autoware_build_flags;/opt/ros/kinetic
-- Using PYTHON_EXECUTABLE: /home/daisuke/pyenv/shims/python
-- Using Debian Python package layout
-- Using empy: /usr/bin/empy
-- Using CATKIN_ENABLE_TESTING: ON
-- Call enable_testing()
-- Using CATKIN_TEST_RESULTS_DIR: /home/daisuke/Autoware/ros/build/vision_segment_enet_detect/test_results
-- Found gmock sources under '/usr/src/gmock': gmock will be built
-- Found gtest sources under '/usr/src/gmock': gtests will be built
-- Using Python nosetests: /usr/bin/nosetests-2.7
-- catkin 0.7.14
-- Configuring done
-- Generating done
-- Build files have been written to: /home/daisuke/Autoware/ros/build/vision_segment_enet_detect
Built target tests
[36mInstall the project...[0m
-- Install configuration: "Release"
-- Installing: /home/daisuke/Autoware/ros/install/vision_segment_enet_detect/lib/pkgconfig/vision_segment_enet_detect.pc
-- Up-to-date: /home/daisuke/Autoware/ros/install/vision_segment_enet_detect/share/vision_segment_enet_detect/cmake/vision_segment_enet_detectConfig.cmake
-- Up-to-date: /home/daisuke/Autoware/ros/install/vision_segment_enet_detect/share/vision_segment_enet_detect/cmake/vision_segment_enet_detectConfig-version.cmake
-- Up-to-date: /home/daisuke/Autoware/ros/install/vision_segment_enet_detect/share/vision_segment_enet_detect/package.xml
