Invoking command in '/home/daisuke/Autoware/ros/build/javad_navsat_driver': /usr/bin/cmake /home/daisuke/Autoware/ros/src/sensing/drivers/gnss/packages/javad_navsat_driver -DCMAKE_BUILD_TYPE=Release -DCMAKE_LIBRARY_PATH=/usr/local/cuda/lib64/stubs -DCATKIN_INSTALL_INTO_PREFIX_ROOT=0 -DCMAKE_INSTALL_PREFIX=/home/daisuke/Autoware/ros/install/javad_navsat_driver
-- The C compiler identification is GNU 5.4.0
-- The CXX compiler identification is GNU 5.4.0
-- Check for working C compiler: /usr/bin/cc
-- Check for working C compiler: /usr/bin/cc -- works
-- Detecting C compiler ABI info
-- Detecting C compiler ABI info - done
-- Detecting C compile features
-- Detecting C compile features - done
-- Check for working CXX compiler: /usr/bin/c++
-- Check for working CXX compiler: /usr/bin/c++ -- works
-- Detecting CXX compiler ABI info
-- Detecting CXX compiler ABI info - done
-- Detecting CXX compile features
-- Detecting CXX compile features - done
-- Using CATKIN_DEVEL_PREFIX: /home/daisuke/Autoware/ros/build/javad_navsat_driver/devel
-- Using CMAKE_PREFIX_PATH: /home/daisuke/Autoware/ros/devel;/opt/ros/kinetic
-- This workspace overlays: /opt/ros/kinetic
-- Found PythonInterp: /home/daisuke/pyenv/shims/python (found version "2.7.12") 
-- Using PYTHON_EXECUTABLE: /home/daisuke/pyenv/shims/python
-- Using Debian Python package layout
-- Using empy: /usr/bin/empy
-- Using CATKIN_ENABLE_TESTING: ON
-- Call enable_testing()
-- Using CATKIN_TEST_RESULTS_DIR: /home/daisuke/Autoware/ros/build/javad_navsat_driver/test_results
-- Found gmock sources under '/usr/src/gmock': gmock will be built
-- Looking for pthread.h
-- Looking for pthread.h - found
-- Looking for pthread_create
-- Looking for pthread_create - not found
-- Looking for pthread_create in pthreads
-- Looking for pthread_create in pthreads - not found
-- Looking for pthread_create in pthread
-- Looking for pthread_create in pthread - found
-- Found Threads: TRUE  
-- Found gtest sources under '/usr/src/gmock': gtests will be built
-- Using Python nosetests: /usr/bin/nosetests-2.7
-- catkin 0.7.14
-- Configuring done
-- Generating done
-- Build files have been written to: /home/daisuke/Autoware/ros/build/javad_navsat_driver
Invoked command in '/home/daisuke/Autoware/ros/build/javad_navsat_driver' returned '0': /usr/bin/cmake /home/daisuke/Autoware/ros/src/sensing/drivers/gnss/packages/javad_navsat_driver -DCMAKE_BUILD_TYPE=Release -DCMAKE_LIBRARY_PATH=/usr/local/cuda/lib64/stubs -DCATKIN_INSTALL_INTO_PREFIX_ROOT=0 -DCMAKE_INSTALL_PREFIX=/home/daisuke/Autoware/ros/install/javad_navsat_driver
Invoking command in '/home/daisuke/Autoware/ros/build/javad_navsat_driver': /usr/bin/cmake --build /home/daisuke/Autoware/ros/build/javad_navsat_driver -- -j8 -l8
Invoked command in '/home/daisuke/Autoware/ros/build/javad_navsat_driver' returned '0': /usr/bin/cmake --build /home/daisuke/Autoware/ros/build/javad_navsat_driver -- -j8 -l8
Invoking command in '/home/daisuke/Autoware/ros/build/javad_navsat_driver': /usr/bin/cmake --build /home/daisuke/Autoware/ros/build/javad_navsat_driver --target tests -- -j8 -l8
[35m[1mScanning dependencies of target tests[0m
Built target tests
Invoked command in '/home/daisuke/Autoware/ros/build/javad_navsat_driver' returned '0': /usr/bin/cmake --build /home/daisuke/Autoware/ros/build/javad_navsat_driver --target tests -- -j8 -l8
Invoking command in '/home/daisuke/Autoware/ros/build/javad_navsat_driver': /usr/bin/cmake --build /home/daisuke/Autoware/ros/build/javad_navsat_driver --target install
[36mInstall the project...[0m
-- Install configuration: "Release"
+ cd /home/daisuke/Autoware/ros/src/sensing/drivers/gnss/packages/javad_navsat_driver
+ mkdir -p /home/daisuke/Autoware/ros/install/javad_navsat_driver/lib/python2.7/dist-packages
+ /usr/bin/env PYTHONPATH=/home/daisuke/Autoware/ros/install/javad_navsat_driver/lib/python2.7/dist-packages:/home/daisuke/Autoware/ros/build/javad_navsat_driver/lib/python2.7/dist-packages:/home/daisuke/Autoware/ros/devel/lib/python2.7/dist-packages:/opt/ros/kinetic/lib/python2.7/dist-packages CATKIN_BINARY_DIR=/home/daisuke/Autoware/ros/build/javad_navsat_driver /home/daisuke/pyenv/shims/python /home/daisuke/Autoware/ros/src/sensing/drivers/gnss/packages/javad_navsat_driver/setup.py build --build-base /home/daisuke/Autoware/ros/build/javad_navsat_driver install --install-layout=deb --prefix=/home/daisuke/Autoware/ros/install/javad_navsat_driver --install-scripts=/home/daisuke/Autoware/ros/install/javad_navsat_driver/bin
running build
running build_py
creating /home/daisuke/Autoware/ros/build/javad_navsat_driver/lib.linux-x86_64-2.7
creating /home/daisuke/Autoware/ros/build/javad_navsat_driver/lib.linux-x86_64-2.7/libjavad_navsat_driver
copying lib/libjavad_navsat_driver/checksum_utils.py -> /home/daisuke/Autoware/ros/build/javad_navsat_driver/lib.linux-x86_64-2.7/libjavad_navsat_driver
copying lib/libjavad_navsat_driver/driver.py -> /home/daisuke/Autoware/ros/build/javad_navsat_driver/lib.linux-x86_64-2.7/libjavad_navsat_driver
copying lib/libjavad_navsat_driver/parser.py -> /home/daisuke/Autoware/ros/build/javad_navsat_driver/lib.linux-x86_64-2.7/libjavad_navsat_driver
copying lib/libjavad_navsat_driver/__init__.py -> /home/daisuke/Autoware/ros/build/javad_navsat_driver/lib.linux-x86_64-2.7/libjavad_navsat_driver
running install
running install_lib
creating /home/daisuke/Autoware/ros/install/javad_navsat_driver/lib/python2.7/dist-packages/libjavad_navsat_driver
copying /home/daisuke/Autoware/ros/build/javad_navsat_driver/lib.linux-x86_64-2.7/libjavad_navsat_driver/checksum_utils.py -> /home/daisuke/Autoware/ros/install/javad_navsat_driver/lib/python2.7/dist-packages/libjavad_navsat_driver
copying /home/daisuke/Autoware/ros/build/javad_navsat_driver/lib.linux-x86_64-2.7/libjavad_navsat_driver/driver.py -> /home/daisuke/Autoware/ros/install/javad_navsat_driver/lib/python2.7/dist-packages/libjavad_navsat_driver
copying /home/daisuke/Autoware/ros/build/javad_navsat_driver/lib.linux-x86_64-2.7/libjavad_navsat_driver/parser.py -> /home/daisuke/Autoware/ros/install/javad_navsat_driver/lib/python2.7/dist-packages/libjavad_navsat_driver
copying /home/daisuke/Autoware/ros/build/javad_navsat_driver/lib.linux-x86_64-2.7/libjavad_navsat_driver/__init__.py -> /home/daisuke/Autoware/ros/install/javad_navsat_driver/lib/python2.7/dist-packages/libjavad_navsat_driver
byte-compiling /home/daisuke/Autoware/ros/install/javad_navsat_driver/lib/python2.7/dist-packages/libjavad_navsat_driver/checksum_utils.py to checksum_utils.pyc
byte-compiling /home/daisuke/Autoware/ros/install/javad_navsat_driver/lib/python2.7/dist-packages/libjavad_navsat_driver/driver.py to driver.pyc
byte-compiling /home/daisuke/Autoware/ros/install/javad_navsat_driver/lib/python2.7/dist-packages/libjavad_navsat_driver/parser.py to parser.pyc
byte-compiling /home/daisuke/Autoware/ros/install/javad_navsat_driver/lib/python2.7/dist-packages/libjavad_navsat_driver/__init__.py to __init__.pyc
running install_egg_info
Writing /home/daisuke/Autoware/ros/install/javad_navsat_driver/lib/python2.7/dist-packages/javad_navsat_driver-1.10.0.egg-info
-- Installing: /home/daisuke/Autoware/ros/install/javad_navsat_driver/lib/pkgconfig/javad_navsat_driver.pc
-- Installing: /home/daisuke/Autoware/ros/install/javad_navsat_driver/share/javad_navsat_driver/cmake/javad_navsat_driverConfig.cmake
-- Installing: /home/daisuke/Autoware/ros/install/javad_navsat_driver/share/javad_navsat_driver/cmake/javad_navsat_driverConfig-version.cmake
-- Installing: /home/daisuke/Autoware/ros/install/javad_navsat_driver/share/javad_navsat_driver/package.xml
-- Installing: /home/daisuke/Autoware/ros/install/javad_navsat_driver/lib/javad_navsat_driver/javad_serial_driver
-- Installing: /home/daisuke/Autoware/ros/install/javad_navsat_driver/lib/javad_navsat_driver/javad_topic_driver
-- Installing: /home/daisuke/Autoware/ros/install/javad_navsat_driver/lib/javad_navsat_driver/javad_topic_serial_reader
-- Installing: /home/daisuke/Autoware/ros/install/javad_navsat_driver/share/javad_navsat_driver/launch
-- Installing: /home/daisuke/Autoware/ros/install/javad_navsat_driver/share/javad_navsat_driver/launch/javad_navsat.launch
-- Installing: /home/daisuke/Autoware/ros/install/javad_navsat_driver/share/javad_navsat_driver/cfg
-- Installing: /home/daisuke/Autoware/ros/install/javad_navsat_driver/share/javad_navsat_driver/cfg/enable.cfg
-- Installing: /home/daisuke/Autoware/ros/install/javad_navsat_driver/share/javad_navsat_driver/cfg/disable.cfg
Invoked command in '/home/daisuke/Autoware/ros/build/javad_navsat_driver' returned '0': /usr/bin/cmake --build /home/daisuke/Autoware/ros/build/javad_navsat_driver --target install
