-- Using CATKIN_DEVEL_PREFIX: /home/daisuke/Autoware/ros/build/autoware_can_msgs/devel
-- Using CMAKE_PREFIX_PATH: /home/daisuke/Autoware/ros/devel;/opt/ros/kinetic
-- This workspace overlays: /opt/ros/kinetic
-- Using PYTHON_EXECUTABLE: /home/daisuke/pyenv/shims/python
-- Using Debian Python package layout
-- Using empy: /usr/bin/empy
-- Using CATKIN_ENABLE_TESTING: ON
-- Call enable_testing()
-- Using CATKIN_TEST_RESULTS_DIR: /home/daisuke/Autoware/ros/build/autoware_can_msgs/test_results
-- Found gmock sources under '/usr/src/gmock': gmock will be built
-- Found gtest sources under '/usr/src/gmock': gtests will be built
-- Using Python nosetests: /usr/bin/nosetests-2.7
-- catkin 0.7.14
-- Using these message generators: gencpp;geneus;genlisp;gennodejs;genpy
-- autoware_can_msgs: 3 messages, 0 services
-- Configuring done
-- Generating done
-- Build files have been written to: /home/daisuke/Autoware/ros/build/autoware_can_msgs
[  0%] Built target std_msgs_generate_messages_nodejs
[  0%] Built target std_msgs_generate_messages_lisp
[  0%] Built target std_msgs_generate_messages_eus
[  0%] Built target std_msgs_generate_messages_cpp
[  0%] Built target std_msgs_generate_messages_py
[  0%] Built target _autoware_can_msgs_generate_messages_check_deps_CANPacket
[  0%] Built target _autoware_can_msgs_generate_messages_check_deps_CANInfo
[  0%] Built target _autoware_can_msgs_generate_messages_check_deps_CANData
[ 23%] Built target autoware_can_msgs_generate_messages_py
[ 41%] Built target autoware_can_msgs_generate_messages_lisp
[ 58%] Built target autoware_can_msgs_generate_messages_cpp
[ 76%] Built target autoware_can_msgs_generate_messages_nodejs
[100%] Built target autoware_can_msgs_generate_messages_eus
[100%] Built target autoware_can_msgs_generate_messages
Built target tests
[  0%] Built target _autoware_can_msgs_generate_messages_check_deps_CANInfo
[  0%] Built target std_msgs_generate_messages_nodejs
[  0%] Built target _autoware_can_msgs_generate_messages_check_deps_CANData
[  0%] Built target _autoware_can_msgs_generate_messages_check_deps_CANPacket
[ 17%] Built target autoware_can_msgs_generate_messages_nodejs
[ 17%] Built target std_msgs_generate_messages_py
[ 41%] Built target autoware_can_msgs_generate_messages_py
[ 41%] Built target std_msgs_generate_messages_cpp
[ 58%] Built target autoware_can_msgs_generate_messages_cpp
[ 58%] Built target std_msgs_generate_messages_lisp
[ 76%] Built target autoware_can_msgs_generate_messages_lisp
[ 76%] Built target std_msgs_generate_messages_eus
[100%] Built target autoware_can_msgs_generate_messages_eus
[100%] Built target autoware_can_msgs_generate_messages
[36mInstall the project...[0m
-- Install configuration: "Release"
-- Up-to-date: /home/daisuke/Autoware/ros/install/autoware_can_msgs/share/autoware_can_msgs/msg/CANInfo.msg
-- Up-to-date: /home/daisuke/Autoware/ros/install/autoware_can_msgs/share/autoware_can_msgs/msg/CANData.msg
-- Up-to-date: /home/daisuke/Autoware/ros/install/autoware_can_msgs/share/autoware_can_msgs/msg/CANPacket.msg
-- Up-to-date: /home/daisuke/Autoware/ros/install/autoware_can_msgs/share/autoware_can_msgs/cmake/autoware_can_msgs-msg-paths.cmake
-- Up-to-date: /home/daisuke/Autoware/ros/install/autoware_can_msgs/include/autoware_can_msgs
-- Up-to-date: /home/daisuke/Autoware/ros/install/autoware_can_msgs/include/autoware_can_msgs/CANPacket.h
-- Up-to-date: /home/daisuke/Autoware/ros/install/autoware_can_msgs/include/autoware_can_msgs/CANData.h
-- Up-to-date: /home/daisuke/Autoware/ros/install/autoware_can_msgs/include/autoware_can_msgs/CANInfo.h
-- Up-to-date: /home/daisuke/Autoware/ros/install/autoware_can_msgs/share/roseus/ros/autoware_can_msgs
-- Up-to-date: /home/daisuke/Autoware/ros/install/autoware_can_msgs/share/roseus/ros/autoware_can_msgs/manifest.l
-- Up-to-date: /home/daisuke/Autoware/ros/install/autoware_can_msgs/share/roseus/ros/autoware_can_msgs/msg
-- Up-to-date: /home/daisuke/Autoware/ros/install/autoware_can_msgs/share/roseus/ros/autoware_can_msgs/msg/CANPacket.l
-- Up-to-date: /home/daisuke/Autoware/ros/install/autoware_can_msgs/share/roseus/ros/autoware_can_msgs/msg/CANData.l
-- Up-to-date: /home/daisuke/Autoware/ros/install/autoware_can_msgs/share/roseus/ros/autoware_can_msgs/msg/CANInfo.l
-- Up-to-date: /home/daisuke/Autoware/ros/install/autoware_can_msgs/share/common-lisp/ros/autoware_can_msgs
-- Up-to-date: /home/daisuke/Autoware/ros/install/autoware_can_msgs/share/common-lisp/ros/autoware_can_msgs/msg
-- Up-to-date: /home/daisuke/Autoware/ros/install/autoware_can_msgs/share/common-lisp/ros/autoware_can_msgs/msg/CANData.lisp
-- Up-to-date: /home/daisuke/Autoware/ros/install/autoware_can_msgs/share/common-lisp/ros/autoware_can_msgs/msg/_package_CANInfo.lisp
-- Up-to-date: /home/daisuke/Autoware/ros/install/autoware_can_msgs/share/common-lisp/ros/autoware_can_msgs/msg/CANInfo.lisp
-- Up-to-date: /home/daisuke/Autoware/ros/install/autoware_can_msgs/share/common-lisp/ros/autoware_can_msgs/msg/autoware_can_msgs-msg.asd
-- Up-to-date: /home/daisuke/Autoware/ros/install/autoware_can_msgs/share/common-lisp/ros/autoware_can_msgs/msg/_package_CANData.lisp
-- Up-to-date: /home/daisuke/Autoware/ros/install/autoware_can_msgs/share/common-lisp/ros/autoware_can_msgs/msg/_package.lisp
-- Up-to-date: /home/daisuke/Autoware/ros/install/autoware_can_msgs/share/common-lisp/ros/autoware_can_msgs/msg/_package_CANPacket.lisp
-- Up-to-date: /home/daisuke/Autoware/ros/install/autoware_can_msgs/share/common-lisp/ros/autoware_can_msgs/msg/CANPacket.lisp
-- Up-to-date: /home/daisuke/Autoware/ros/install/autoware_can_msgs/share/gennodejs/ros/autoware_can_msgs
-- Up-to-date: /home/daisuke/Autoware/ros/install/autoware_can_msgs/share/gennodejs/ros/autoware_can_msgs/msg
-- Up-to-date: /home/daisuke/Autoware/ros/install/autoware_can_msgs/share/gennodejs/ros/autoware_can_msgs/msg/CANInfo.js
-- Up-to-date: /home/daisuke/Autoware/ros/install/autoware_can_msgs/share/gennodejs/ros/autoware_can_msgs/msg/_index.js
-- Up-to-date: /home/daisuke/Autoware/ros/install/autoware_can_msgs/share/gennodejs/ros/autoware_can_msgs/msg/CANPacket.js
-- Up-to-date: /home/daisuke/Autoware/ros/install/autoware_can_msgs/share/gennodejs/ros/autoware_can_msgs/msg/CANData.js
-- Up-to-date: /home/daisuke/Autoware/ros/install/autoware_can_msgs/share/gennodejs/ros/autoware_can_msgs/_index.js
Listing /home/daisuke/Autoware/ros/build/autoware_can_msgs/devel/lib/python2.7/dist-packages/autoware_can_msgs ...
Listing /home/daisuke/Autoware/ros/build/autoware_can_msgs/devel/lib/python2.7/dist-packages/autoware_can_msgs/msg ...
-- Up-to-date: /home/daisuke/Autoware/ros/install/autoware_can_msgs/lib/python2.7/dist-packages/autoware_can_msgs
-- Up-to-date: /home/daisuke/Autoware/ros/install/autoware_can_msgs/lib/python2.7/dist-packages/autoware_can_msgs/__init__.pyc
-- Up-to-date: /home/daisuke/Autoware/ros/install/autoware_can_msgs/lib/python2.7/dist-packages/autoware_can_msgs/__init__.py
-- Up-to-date: /home/daisuke/Autoware/ros/install/autoware_can_msgs/lib/python2.7/dist-packages/autoware_can_msgs/msg
-- Up-to-date: /home/daisuke/Autoware/ros/install/autoware_can_msgs/lib/python2.7/dist-packages/autoware_can_msgs/msg/_CANPacket.pyc
-- Up-to-date: /home/daisuke/Autoware/ros/install/autoware_can_msgs/lib/python2.7/dist-packages/autoware_can_msgs/msg/_CANInfo.py
-- Up-to-date: /home/daisuke/Autoware/ros/install/autoware_can_msgs/lib/python2.7/dist-packages/autoware_can_msgs/msg/__init__.pyc
-- Up-to-date: /home/daisuke/Autoware/ros/install/autoware_can_msgs/lib/python2.7/dist-packages/autoware_can_msgs/msg/__init__.py
-- Up-to-date: /home/daisuke/Autoware/ros/install/autoware_can_msgs/lib/python2.7/dist-packages/autoware_can_msgs/msg/_CANData.py
-- Up-to-date: /home/daisuke/Autoware/ros/install/autoware_can_msgs/lib/python2.7/dist-packages/autoware_can_msgs/msg/_CANInfo.pyc
-- Up-to-date: /home/daisuke/Autoware/ros/install/autoware_can_msgs/lib/python2.7/dist-packages/autoware_can_msgs/msg/_CANPacket.py
-- Up-to-date: /home/daisuke/Autoware/ros/install/autoware_can_msgs/lib/python2.7/dist-packages/autoware_can_msgs/msg/_CANData.pyc
-- Installing: /home/daisuke/Autoware/ros/install/autoware_can_msgs/lib/pkgconfig/autoware_can_msgs.pc
-- Up-to-date: /home/daisuke/Autoware/ros/install/autoware_can_msgs/share/autoware_can_msgs/cmake/autoware_can_msgs-msg-extras.cmake
-- Up-to-date: /home/daisuke/Autoware/ros/install/autoware_can_msgs/share/autoware_can_msgs/cmake/autoware_can_msgsConfig.cmake
-- Up-to-date: /home/daisuke/Autoware/ros/install/autoware_can_msgs/share/autoware_can_msgs/cmake/autoware_can_msgsConfig-version.cmake
-- Up-to-date: /home/daisuke/Autoware/ros/install/autoware_can_msgs/share/autoware_can_msgs/package.xml
