Invoking command in '/home/daisuke/Autoware/ros/build/adi_driver': /usr/bin/cmake /home/daisuke/Autoware/ros/src/sensing/drivers/imu/packages/analog_devices -DCMAKE_BUILD_TYPE=Release -DCMAKE_LIBRARY_PATH=/usr/local/cuda/lib64/stubs -DCATKIN_INSTALL_INTO_PREFIX_ROOT=0 -DCMAKE_INSTALL_PREFIX=/home/daisuke/Autoware/ros/install/adi_driver
-- The C compiler identification is GNU 5.4.0
-- The CXX compiler identification is GNU 5.4.0
-- Check for working C compiler: /usr/bin/cc
-- Check for working C compiler: /usr/bin/cc -- works
-- Detecting C compiler ABI info
-- Detecting C compiler ABI info - done
-- Detecting C compile features
-- Detecting C compile features - done
-- Check for working CXX compiler: /usr/bin/c++
-- Check for working CXX compiler: /usr/bin/c++ -- works
-- Detecting CXX compiler ABI info
-- Detecting CXX compiler ABI info - done
-- Detecting CXX compile features
-- Detecting CXX compile features - done
-- Using CATKIN_DEVEL_PREFIX: /home/daisuke/Autoware/ros/build/adi_driver/devel
-- Using CMAKE_PREFIX_PATH: /home/daisuke/Autoware/ros/devel;/opt/ros/kinetic
-- This workspace overlays: /opt/ros/kinetic
-- Found PythonInterp: /home/daisuke/pyenv/shims/python (found version "2.7.12") 
-- Using PYTHON_EXECUTABLE: /home/daisuke/pyenv/shims/python
-- Using Debian Python package layout
-- Using empy: /usr/bin/empy
-- Using CATKIN_ENABLE_TESTING: ON
-- Call enable_testing()
-- Using CATKIN_TEST_RESULTS_DIR: /home/daisuke/Autoware/ros/build/adi_driver/test_results
-- Found gmock sources under '/usr/src/gmock': gmock will be built
-- Looking for pthread.h
-- Looking for pthread.h - found
-- Looking for pthread_create
-- Looking for pthread_create - not found
-- Looking for pthread_create in pthreads
-- Looking for pthread_create in pthreads - not found
-- Looking for pthread_create in pthread
-- Looking for pthread_create in pthread - found
-- Found Threads: TRUE  
-- Found gtest sources under '/usr/src/gmock': gtests will be built
-- Using Python nosetests: /usr/bin/nosetests-2.7
-- catkin 0.7.14
-- Configuring done
-- Generating done
-- Build files have been written to: /home/daisuke/Autoware/ros/build/adi_driver
Invoked command in '/home/daisuke/Autoware/ros/build/adi_driver' returned '0': /usr/bin/cmake /home/daisuke/Autoware/ros/src/sensing/drivers/imu/packages/analog_devices -DCMAKE_BUILD_TYPE=Release -DCMAKE_LIBRARY_PATH=/usr/local/cuda/lib64/stubs -DCATKIN_INSTALL_INTO_PREFIX_ROOT=0 -DCMAKE_INSTALL_PREFIX=/home/daisuke/Autoware/ros/install/adi_driver
Invoking command in '/home/daisuke/Autoware/ros/build/adi_driver': /usr/bin/cmake --build /home/daisuke/Autoware/ros/build/adi_driver -- -j8 -l8
[35m[1mScanning dependencies of target adis16470_node[0m
[ 16%] [32mBuilding CXX object CMakeFiles/adis16470_node.dir/src/adis16470_node.cpp.o[0m
[ 33%] [32mBuilding CXX object CMakeFiles/adis16470_node.dir/src/adis16470.cpp.o[0m
[ 50%] [32m[1mLinking CXX executable devel/lib/adi_driver/adis16470_node[0m
[ 50%] Built target adis16470_node
[35m[1mScanning dependencies of target adxl345_node[0m
[ 66%] [32mBuilding CXX object CMakeFiles/adxl345_node.dir/src/adxl345_node.cpp.o[0m
[ 83%] [32mBuilding CXX object CMakeFiles/adxl345_node.dir/src/adxl345.cpp.o[0m
[100%] [32m[1mLinking CXX executable devel/lib/adi_driver/adxl345_node[0m
[100%] Built target adxl345_node
Invoked command in '/home/daisuke/Autoware/ros/build/adi_driver' returned '0': /usr/bin/cmake --build /home/daisuke/Autoware/ros/build/adi_driver -- -j8 -l8
Invoking command in '/home/daisuke/Autoware/ros/build/adi_driver': /usr/bin/cmake --build /home/daisuke/Autoware/ros/build/adi_driver --target tests -- -j8 -l8
[35m[1mScanning dependencies of target tests[0m
Built target tests
Invoked command in '/home/daisuke/Autoware/ros/build/adi_driver' returned '0': /usr/bin/cmake --build /home/daisuke/Autoware/ros/build/adi_driver --target tests -- -j8 -l8
Invoking command in '/home/daisuke/Autoware/ros/build/adi_driver': /usr/bin/cmake --build /home/daisuke/Autoware/ros/build/adi_driver --target install
[ 50%] Built target adis16470_node
[100%] Built target adxl345_node
[36mInstall the project...[0m
-- Install configuration: "Release"
-- Installing: /home/daisuke/Autoware/ros/install/adi_driver/lib/pkgconfig/adi_driver.pc
-- Installing: /home/daisuke/Autoware/ros/install/adi_driver/share/adi_driver/cmake/adi_driverConfig.cmake
-- Installing: /home/daisuke/Autoware/ros/install/adi_driver/share/adi_driver/cmake/adi_driverConfig-version.cmake
-- Installing: /home/daisuke/Autoware/ros/install/adi_driver/share/adi_driver/package.xml
-- Installing: /home/daisuke/Autoware/ros/install/adi_driver/lib/adi_driver/adis16470_node
-- Set runtime path of "/home/daisuke/Autoware/ros/install/adi_driver/lib/adi_driver/adis16470_node" to ""
-- Installing: /home/daisuke/Autoware/ros/install/adi_driver/lib/adi_driver/adxl345_node
-- Set runtime path of "/home/daisuke/Autoware/ros/install/adi_driver/lib/adi_driver/adxl345_node" to ""
-- Installing: /home/daisuke/Autoware/ros/install/adi_driver/include/adi_driver
-- Installing: /home/daisuke/Autoware/ros/install/adi_driver/include/adi_driver/adxl345.h
-- Installing: /home/daisuke/Autoware/ros/install/adi_driver/include/adi_driver/adis16470.h
-- Installing: /home/daisuke/Autoware/ros/install/adi_driver/share/adi_driver/launch
-- Installing: /home/daisuke/Autoware/ros/install/adi_driver/share/adi_driver/launch/imu.rviz
-- Installing: /home/daisuke/Autoware/ros/install/adi_driver/share/adi_driver/launch/adxl345.launch
-- Installing: /home/daisuke/Autoware/ros/install/adi_driver/share/adi_driver/launch/adis16470.launch
-- Installing: /home/daisuke/Autoware/ros/install/adi_driver/share/adi_driver/test
-- Installing: /home/daisuke/Autoware/ros/install/adi_driver/share/adi_driver/test/test_adxl345.py
-- Installing: /home/daisuke/Autoware/ros/install/adi_driver/share/adi_driver/test/test_adis16470.py
-- Installing: /home/daisuke/Autoware/ros/install/adi_driver/share/adi_driver/urdf
-- Installing: /home/daisuke/Autoware/ros/install/adi_driver/share/adi_driver/urdf/adis16470_breakout.urdf
Invoked command in '/home/daisuke/Autoware/ros/build/adi_driver' returned '0': /usr/bin/cmake --build /home/daisuke/Autoware/ros/build/adi_driver --target install
