Invoking command in '/home/daisuke/Autoware/ros/build/autoware_can_msgs': /usr/bin/cmake /home/daisuke/Autoware/ros/src/msgs/autoware_can_msgs -DCMAKE_BUILD_TYPE=Release -DCMAKE_LIBRARY_PATH=/usr/local/cuda/lib64/stubs -DCATKIN_INSTALL_INTO_PREFIX_ROOT=0 -DCMAKE_INSTALL_PREFIX=/home/daisuke/Autoware/ros/install/autoware_can_msgs
-- The C compiler identification is GNU 5.4.0
-- The CXX compiler identification is GNU 5.4.0
-- Check for working C compiler: /usr/bin/cc
-- Check for working C compiler: /usr/bin/cc -- works
-- Detecting C compiler ABI info
-- Detecting C compiler ABI info - done
-- Detecting C compile features
-- Detecting C compile features - done
-- Check for working CXX compiler: /usr/bin/c++
-- Check for working CXX compiler: /usr/bin/c++ -- works
-- Detecting CXX compiler ABI info
-- Detecting CXX compiler ABI info - done
-- Detecting CXX compile features
-- Detecting CXX compile features - done
-- Using CATKIN_DEVEL_PREFIX: /home/daisuke/Autoware/ros/build/autoware_can_msgs/devel
-- Using CMAKE_PREFIX_PATH: /home/daisuke/Autoware/ros/devel;/opt/ros/kinetic
-- This workspace overlays: /opt/ros/kinetic
-- Found PythonInterp: /home/daisuke/pyenv/shims/python (found version "2.7.12") 
-- Using PYTHON_EXECUTABLE: /home/daisuke/pyenv/shims/python
-- Using Debian Python package layout
-- Using empy: /usr/bin/empy
-- Using CATKIN_ENABLE_TESTING: ON
-- Call enable_testing()
-- Using CATKIN_TEST_RESULTS_DIR: /home/daisuke/Autoware/ros/build/autoware_can_msgs/test_results
-- Found gmock sources under '/usr/src/gmock': gmock will be built
-- Looking for pthread.h
-- Looking for pthread.h - found
-- Looking for pthread_create
-- Looking for pthread_create - not found
-- Looking for pthread_create in pthreads
-- Looking for pthread_create in pthreads - not found
-- Looking for pthread_create in pthread
-- Looking for pthread_create in pthread - found
-- Found Threads: TRUE  
-- Found gtest sources under '/usr/src/gmock': gtests will be built
-- Using Python nosetests: /usr/bin/nosetests-2.7
-- catkin 0.7.14
-- Using these message generators: gencpp;geneus;genlisp;gennodejs;genpy
-- autoware_can_msgs: 3 messages, 0 services
-- Configuring done
-- Generating done
-- Build files have been written to: /home/daisuke/Autoware/ros/build/autoware_can_msgs
Invoked command in '/home/daisuke/Autoware/ros/build/autoware_can_msgs' returned '0': /usr/bin/cmake /home/daisuke/Autoware/ros/src/msgs/autoware_can_msgs -DCMAKE_BUILD_TYPE=Release -DCMAKE_LIBRARY_PATH=/usr/local/cuda/lib64/stubs -DCATKIN_INSTALL_INTO_PREFIX_ROOT=0 -DCMAKE_INSTALL_PREFIX=/home/daisuke/Autoware/ros/install/autoware_can_msgs
Invoking command in '/home/daisuke/Autoware/ros/build/autoware_can_msgs': /usr/bin/cmake --build /home/daisuke/Autoware/ros/build/autoware_can_msgs -- -j8 -l8
[35m[1mScanning dependencies of target _autoware_can_msgs_generate_messages_check_deps_CANPacket[0m
[35m[1mScanning dependencies of target std_msgs_generate_messages_py[0m
[35m[1mScanning dependencies of target std_msgs_generate_messages_cpp[0m
[35m[1mScanning dependencies of target _autoware_can_msgs_generate_messages_check_deps_CANData[0m
[35m[1mScanning dependencies of target std_msgs_generate_messages_eus[0m
[  0%] Built target std_msgs_generate_messages_cpp
[35m[1mScanning dependencies of target std_msgs_generate_messages_nodejs[0m
[  0%] Built target std_msgs_generate_messages_py
[35m[1mScanning dependencies of target std_msgs_generate_messages_lisp[0m
[  0%] Built target std_msgs_generate_messages_nodejs
[35m[1mScanning dependencies of target _autoware_can_msgs_generate_messages_check_deps_CANInfo[0m
[  0%] Built target std_msgs_generate_messages_eus
[  0%] Built target std_msgs_generate_messages_lisp
[  0%] Built target _autoware_can_msgs_generate_messages_check_deps_CANPacket
[  0%] Built target _autoware_can_msgs_generate_messages_check_deps_CANData
[  0%] Built target _autoware_can_msgs_generate_messages_check_deps_CANInfo
[35m[1mScanning dependencies of target autoware_can_msgs_generate_messages_eus[0m
[35m[1mScanning dependencies of target autoware_can_msgs_generate_messages_cpp[0m
[35m[1mScanning dependencies of target autoware_can_msgs_generate_messages_py[0m
[35m[1mScanning dependencies of target autoware_can_msgs_generate_messages_nodejs[0m
[  5%] [34m[1mGenerating EusLisp code from autoware_can_msgs/CANPacket.msg[0m
[35m[1mScanning dependencies of target autoware_can_msgs_generate_messages_lisp[0m
[ 11%] [34m[1mGenerating EusLisp code from autoware_can_msgs/CANInfo.msg[0m
[ 17%] [34m[1mGenerating EusLisp manifest code for autoware_can_msgs[0m
[ 23%] [34m[1mGenerating EusLisp code from autoware_can_msgs/CANData.msg[0m
[ 29%] [34m[1mGenerating Javascript code from autoware_can_msgs/CANData.msg[0m
[ 35%] [34m[1mGenerating Lisp code from autoware_can_msgs/CANData.msg[0m
[ 41%] [34m[1mGenerating C++ code from autoware_can_msgs/CANData.msg[0m
[ 47%] [34m[1mGenerating Python from MSG autoware_can_msgs/CANData[0m
[ 52%] [34m[1mGenerating Python from MSG autoware_can_msgs/CANInfo[0m
[ 58%] [34m[1mGenerating Javascript code from autoware_can_msgs/CANInfo.msg[0m
[ 64%] [34m[1mGenerating Python from MSG autoware_can_msgs/CANPacket[0m
[ 70%] [34m[1mGenerating Javascript code from autoware_can_msgs/CANPacket.msg[0m
[ 76%] [34m[1mGenerating Lisp code from autoware_can_msgs/CANInfo.msg[0m
[ 82%] [34m[1mGenerating Lisp code from autoware_can_msgs/CANPacket.msg[0m
[ 88%] [34m[1mGenerating C++ code from autoware_can_msgs/CANInfo.msg[0m
[ 94%] [34m[1mGenerating C++ code from autoware_can_msgs/CANPacket.msg[0m
[ 94%] Built target autoware_can_msgs_generate_messages_nodejs
[100%] [34m[1mGenerating Python msg __init__.py for autoware_can_msgs[0m
[100%] Built target autoware_can_msgs_generate_messages_lisp
[100%] Built target autoware_can_msgs_generate_messages_eus
[100%] Built target autoware_can_msgs_generate_messages_cpp
[100%] Built target autoware_can_msgs_generate_messages_py
[35m[1mScanning dependencies of target autoware_can_msgs_generate_messages[0m
[100%] Built target autoware_can_msgs_generate_messages
Invoked command in '/home/daisuke/Autoware/ros/build/autoware_can_msgs' returned '0': /usr/bin/cmake --build /home/daisuke/Autoware/ros/build/autoware_can_msgs -- -j8 -l8
Invoking command in '/home/daisuke/Autoware/ros/build/autoware_can_msgs': /usr/bin/cmake --build /home/daisuke/Autoware/ros/build/autoware_can_msgs --target tests -- -j8 -l8
[35m[1mScanning dependencies of target tests[0m
Built target tests
Invoked command in '/home/daisuke/Autoware/ros/build/autoware_can_msgs' returned '0': /usr/bin/cmake --build /home/daisuke/Autoware/ros/build/autoware_can_msgs --target tests -- -j8 -l8
Invoking command in '/home/daisuke/Autoware/ros/build/autoware_can_msgs': /usr/bin/cmake --build /home/daisuke/Autoware/ros/build/autoware_can_msgs --target install
[  0%] Built target _autoware_can_msgs_generate_messages_check_deps_CANInfo
[  0%] Built target std_msgs_generate_messages_nodejs
[  0%] Built target _autoware_can_msgs_generate_messages_check_deps_CANData
[  0%] Built target _autoware_can_msgs_generate_messages_check_deps_CANPacket
[ 17%] Built target autoware_can_msgs_generate_messages_nodejs
[ 17%] Built target std_msgs_generate_messages_py
[ 41%] Built target autoware_can_msgs_generate_messages_py
[ 41%] Built target std_msgs_generate_messages_cpp
[ 58%] Built target autoware_can_msgs_generate_messages_cpp
[ 58%] Built target std_msgs_generate_messages_lisp
[ 76%] Built target autoware_can_msgs_generate_messages_lisp
[ 76%] Built target std_msgs_generate_messages_eus
[100%] Built target autoware_can_msgs_generate_messages_eus
[100%] Built target autoware_can_msgs_generate_messages
[36mInstall the project...[0m
-- Install configuration: "Release"
-- Installing: /home/daisuke/Autoware/ros/install/autoware_can_msgs/share/autoware_can_msgs/msg/CANInfo.msg
-- Installing: /home/daisuke/Autoware/ros/install/autoware_can_msgs/share/autoware_can_msgs/msg/CANData.msg
-- Installing: /home/daisuke/Autoware/ros/install/autoware_can_msgs/share/autoware_can_msgs/msg/CANPacket.msg
-- Installing: /home/daisuke/Autoware/ros/install/autoware_can_msgs/share/autoware_can_msgs/cmake/autoware_can_msgs-msg-paths.cmake
-- Installing: /home/daisuke/Autoware/ros/install/autoware_can_msgs/include/autoware_can_msgs
-- Installing: /home/daisuke/Autoware/ros/install/autoware_can_msgs/include/autoware_can_msgs/CANPacket.h
-- Installing: /home/daisuke/Autoware/ros/install/autoware_can_msgs/include/autoware_can_msgs/CANData.h
-- Installing: /home/daisuke/Autoware/ros/install/autoware_can_msgs/include/autoware_can_msgs/CANInfo.h
-- Installing: /home/daisuke/Autoware/ros/install/autoware_can_msgs/share/roseus/ros/autoware_can_msgs
-- Installing: /home/daisuke/Autoware/ros/install/autoware_can_msgs/share/roseus/ros/autoware_can_msgs/manifest.l
-- Installing: /home/daisuke/Autoware/ros/install/autoware_can_msgs/share/roseus/ros/autoware_can_msgs/msg
-- Installing: /home/daisuke/Autoware/ros/install/autoware_can_msgs/share/roseus/ros/autoware_can_msgs/msg/CANPacket.l
-- Installing: /home/daisuke/Autoware/ros/install/autoware_can_msgs/share/roseus/ros/autoware_can_msgs/msg/CANData.l
-- Installing: /home/daisuke/Autoware/ros/install/autoware_can_msgs/share/roseus/ros/autoware_can_msgs/msg/CANInfo.l
-- Installing: /home/daisuke/Autoware/ros/install/autoware_can_msgs/share/common-lisp/ros/autoware_can_msgs
-- Installing: /home/daisuke/Autoware/ros/install/autoware_can_msgs/share/common-lisp/ros/autoware_can_msgs/msg
-- Installing: /home/daisuke/Autoware/ros/install/autoware_can_msgs/share/common-lisp/ros/autoware_can_msgs/msg/CANData.lisp
-- Installing: /home/daisuke/Autoware/ros/install/autoware_can_msgs/share/common-lisp/ros/autoware_can_msgs/msg/_package_CANInfo.lisp
-- Installing: /home/daisuke/Autoware/ros/install/autoware_can_msgs/share/common-lisp/ros/autoware_can_msgs/msg/CANInfo.lisp
-- Installing: /home/daisuke/Autoware/ros/install/autoware_can_msgs/share/common-lisp/ros/autoware_can_msgs/msg/autoware_can_msgs-msg.asd
-- Installing: /home/daisuke/Autoware/ros/install/autoware_can_msgs/share/common-lisp/ros/autoware_can_msgs/msg/_package_CANData.lisp
-- Installing: /home/daisuke/Autoware/ros/install/autoware_can_msgs/share/common-lisp/ros/autoware_can_msgs/msg/_package.lisp
-- Installing: /home/daisuke/Autoware/ros/install/autoware_can_msgs/share/common-lisp/ros/autoware_can_msgs/msg/_package_CANPacket.lisp
-- Installing: /home/daisuke/Autoware/ros/install/autoware_can_msgs/share/common-lisp/ros/autoware_can_msgs/msg/CANPacket.lisp
-- Installing: /home/daisuke/Autoware/ros/install/autoware_can_msgs/share/gennodejs/ros/autoware_can_msgs
-- Installing: /home/daisuke/Autoware/ros/install/autoware_can_msgs/share/gennodejs/ros/autoware_can_msgs/msg
-- Installing: /home/daisuke/Autoware/ros/install/autoware_can_msgs/share/gennodejs/ros/autoware_can_msgs/msg/CANInfo.js
-- Installing: /home/daisuke/Autoware/ros/install/autoware_can_msgs/share/gennodejs/ros/autoware_can_msgs/msg/_index.js
-- Installing: /home/daisuke/Autoware/ros/install/autoware_can_msgs/share/gennodejs/ros/autoware_can_msgs/msg/CANPacket.js
-- Installing: /home/daisuke/Autoware/ros/install/autoware_can_msgs/share/gennodejs/ros/autoware_can_msgs/msg/CANData.js
-- Installing: /home/daisuke/Autoware/ros/install/autoware_can_msgs/share/gennodejs/ros/autoware_can_msgs/_index.js
Listing /home/daisuke/Autoware/ros/build/autoware_can_msgs/devel/lib/python2.7/dist-packages/autoware_can_msgs ...
Compiling /home/daisuke/Autoware/ros/build/autoware_can_msgs/devel/lib/python2.7/dist-packages/autoware_can_msgs/__init__.py ...
Listing /home/daisuke/Autoware/ros/build/autoware_can_msgs/devel/lib/python2.7/dist-packages/autoware_can_msgs/msg ...
Compiling /home/daisuke/Autoware/ros/build/autoware_can_msgs/devel/lib/python2.7/dist-packages/autoware_can_msgs/msg/_CANData.py ...
Compiling /home/daisuke/Autoware/ros/build/autoware_can_msgs/devel/lib/python2.7/dist-packages/autoware_can_msgs/msg/_CANInfo.py ...
Compiling /home/daisuke/Autoware/ros/build/autoware_can_msgs/devel/lib/python2.7/dist-packages/autoware_can_msgs/msg/_CANPacket.py ...
Compiling /home/daisuke/Autoware/ros/build/autoware_can_msgs/devel/lib/python2.7/dist-packages/autoware_can_msgs/msg/__init__.py ...
-- Installing: /home/daisuke/Autoware/ros/install/autoware_can_msgs/lib/python2.7/dist-packages/autoware_can_msgs
-- Installing: /home/daisuke/Autoware/ros/install/autoware_can_msgs/lib/python2.7/dist-packages/autoware_can_msgs/__init__.pyc
-- Installing: /home/daisuke/Autoware/ros/install/autoware_can_msgs/lib/python2.7/dist-packages/autoware_can_msgs/__init__.py
-- Installing: /home/daisuke/Autoware/ros/install/autoware_can_msgs/lib/python2.7/dist-packages/autoware_can_msgs/msg
-- Installing: /home/daisuke/Autoware/ros/install/autoware_can_msgs/lib/python2.7/dist-packages/autoware_can_msgs/msg/_CANPacket.pyc
-- Installing: /home/daisuke/Autoware/ros/install/autoware_can_msgs/lib/python2.7/dist-packages/autoware_can_msgs/msg/_CANInfo.py
-- Installing: /home/daisuke/Autoware/ros/install/autoware_can_msgs/lib/python2.7/dist-packages/autoware_can_msgs/msg/__init__.pyc
-- Installing: /home/daisuke/Autoware/ros/install/autoware_can_msgs/lib/python2.7/dist-packages/autoware_can_msgs/msg/__init__.py
-- Installing: /home/daisuke/Autoware/ros/install/autoware_can_msgs/lib/python2.7/dist-packages/autoware_can_msgs/msg/_CANData.py
-- Installing: /home/daisuke/Autoware/ros/install/autoware_can_msgs/lib/python2.7/dist-packages/autoware_can_msgs/msg/_CANInfo.pyc
-- Installing: /home/daisuke/Autoware/ros/install/autoware_can_msgs/lib/python2.7/dist-packages/autoware_can_msgs/msg/_CANPacket.py
-- Installing: /home/daisuke/Autoware/ros/install/autoware_can_msgs/lib/python2.7/dist-packages/autoware_can_msgs/msg/_CANData.pyc
-- Installing: /home/daisuke/Autoware/ros/install/autoware_can_msgs/lib/pkgconfig/autoware_can_msgs.pc
-- Installing: /home/daisuke/Autoware/ros/install/autoware_can_msgs/share/autoware_can_msgs/cmake/autoware_can_msgs-msg-extras.cmake
-- Installing: /home/daisuke/Autoware/ros/install/autoware_can_msgs/share/autoware_can_msgs/cmake/autoware_can_msgsConfig.cmake
-- Installing: /home/daisuke/Autoware/ros/install/autoware_can_msgs/share/autoware_can_msgs/cmake/autoware_can_msgsConfig-version.cmake
-- Installing: /home/daisuke/Autoware/ros/install/autoware_can_msgs/share/autoware_can_msgs/package.xml
Invoked command in '/home/daisuke/Autoware/ros/build/autoware_can_msgs' returned '0': /usr/bin/cmake --build /home/daisuke/Autoware/ros/build/autoware_can_msgs --target install
