Invoking command in '/home/daisuke/Autoware/ros/build/autoware_bag_tools': /usr/bin/cmake /home/daisuke/Autoware/ros/src/util/packages/autoware_bag_tools -DCATKIN_INSTALL_INTO_PREFIX_ROOT=0 -DCMAKE_INSTALL_PREFIX=/home/daisuke/Autoware/ros/install/autoware_bag_tools
-- Using CATKIN_DEVEL_PREFIX: /home/daisuke/Autoware/ros/build/autoware_bag_tools/devel
-- Using CMAKE_PREFIX_PATH: /home/daisuke/Autoware/ros/devel;/opt/ros/kinetic
-- This workspace overlays: /opt/ros/kinetic
-- Using PYTHON_EXECUTABLE: /home/daisuke/pyenv/shims/python
-- Using Debian Python package layout
-- Using empy: /usr/bin/empy
-- Using CATKIN_ENABLE_TESTING: ON
-- Call enable_testing()
-- Using CATKIN_TEST_RESULTS_DIR: /home/daisuke/Autoware/ros/build/autoware_bag_tools/test_results
-- Found gmock sources under '/usr/src/gmock': gmock will be built
-- Found gtest sources under '/usr/src/gmock': gtests will be built
-- Using Python nosetests: /usr/bin/nosetests-2.7
-- catkin 0.7.14
-- Configuring done
-- Generating done
-- Build files have been written to: /home/daisuke/Autoware/ros/build/autoware_bag_tools
Invoked command in '/home/daisuke/Autoware/ros/build/autoware_bag_tools' returned '0': /usr/bin/cmake /home/daisuke/Autoware/ros/src/util/packages/autoware_bag_tools -DCATKIN_INSTALL_INTO_PREFIX_ROOT=0 -DCMAKE_INSTALL_PREFIX=/home/daisuke/Autoware/ros/install/autoware_bag_tools
Invoking command in '/home/daisuke/Autoware/ros/build/autoware_bag_tools': /usr/bin/cmake --build /home/daisuke/Autoware/ros/build/autoware_bag_tools -- -j8 -l8
[  0%] Built target std_srvs_generate_messages_eus
[  0%] Built target topic_tools_generate_messages_eus
[  0%] Built target topic_tools_generate_messages_cpp
[  0%] Built target std_srvs_generate_messages_nodejs
[  0%] Built target roscpp_generate_messages_py
[  0%] Built target rosgraph_msgs_generate_messages_eus
[  0%] Built target std_msgs_generate_messages_nodejs
[  0%] Built target roscpp_generate_messages_cpp
[  0%] Built target std_srvs_generate_messages_py
[  0%] Built target roscpp_generate_messages_eus
[  0%] Built target std_msgs_generate_messages_lisp
[  0%] Built target std_msgs_generate_messages_cpp
[  0%] Built target rosgraph_msgs_generate_messages_cpp
[  0%] Built target rosgraph_msgs_generate_messages_nodejs
[  0%] Built target nmea_msgs_generate_messages_nodejs
[  0%] Built target std_msgs_generate_messages_py
[  0%] Built target std_srvs_generate_messages_lisp
[  0%] Built target roscpp_generate_messages_lisp
[  0%] Built target std_msgs_generate_messages_eus
[  0%] Built target roscpp_generate_messages_nodejs
[  0%] Built target rosgraph_msgs_generate_messages_lisp
[  0%] Built target rosgraph_msgs_generate_messages_py
[  0%] Built target std_srvs_generate_messages_cpp
[  0%] Built target topic_tools_generate_messages_nodejs
[  0%] Built target topic_tools_generate_messages_lisp
[  0%] Built target topic_tools_generate_messages_py
[  0%] Built target nmea_msgs_generate_messages_cpp
[  0%] Built target nmea_msgs_generate_messages_eus
[  0%] Built target nmea_msgs_generate_messages_lisp
[  0%] Built target nmea_msgs_generate_messages_py
[100%] Built target nmea2kml
Invoked command in '/home/daisuke/Autoware/ros/build/autoware_bag_tools' returned '0': /usr/bin/cmake --build /home/daisuke/Autoware/ros/build/autoware_bag_tools -- -j8 -l8
Invoking command in '/home/daisuke/Autoware/ros/build/autoware_bag_tools': /usr/bin/cmake --build /home/daisuke/Autoware/ros/build/autoware_bag_tools --target tests -- -j8 -l8
Built target tests
Invoked command in '/home/daisuke/Autoware/ros/build/autoware_bag_tools' returned '0': /usr/bin/cmake --build /home/daisuke/Autoware/ros/build/autoware_bag_tools --target tests -- -j8 -l8
Invoking command in '/home/daisuke/Autoware/ros/build/autoware_bag_tools': /usr/bin/cmake --build /home/daisuke/Autoware/ros/build/autoware_bag_tools --target install
[  0%] Built target std_srvs_generate_messages_eus
[  0%] Built target nmea_msgs_generate_messages_py
[  0%] Built target nmea_msgs_generate_messages_lisp
[  0%] Built target nmea_msgs_generate_messages_eus
[  0%] Built target nmea_msgs_generate_messages_cpp
[  0%] Built target topic_tools_generate_messages_py
[  0%] Built target topic_tools_generate_messages_lisp
[  0%] Built target topic_tools_generate_messages_eus
[  0%] Built target topic_tools_generate_messages_cpp
[  0%] Built target std_srvs_generate_messages_nodejs
[  0%] Built target roscpp_generate_messages_py
[  0%] Built target rosgraph_msgs_generate_messages_eus
[  0%] Built target std_msgs_generate_messages_nodejs
[  0%] Built target roscpp_generate_messages_cpp
[  0%] Built target std_srvs_generate_messages_py
[  0%] Built target roscpp_generate_messages_eus
[  0%] Built target std_msgs_generate_messages_lisp
[  0%] Built target std_msgs_generate_messages_cpp
[  0%] Built target rosgraph_msgs_generate_messages_cpp
[  0%] Built target rosgraph_msgs_generate_messages_nodejs
[  0%] Built target nmea_msgs_generate_messages_nodejs
[  0%] Built target std_msgs_generate_messages_py
[  0%] Built target std_srvs_generate_messages_lisp
[  0%] Built target roscpp_generate_messages_lisp
[  0%] Built target std_msgs_generate_messages_eus
[  0%] Built target roscpp_generate_messages_nodejs
[  0%] Built target rosgraph_msgs_generate_messages_lisp
[  0%] Built target rosgraph_msgs_generate_messages_py
[  0%] Built target std_srvs_generate_messages_cpp
[  0%] Built target topic_tools_generate_messages_nodejs
[100%] Built target nmea2kml
[36mInstall the project...[0m
-- Install configuration: "Release"
-- Installing: /home/daisuke/Autoware/ros/install/autoware_bag_tools/lib/pkgconfig/autoware_bag_tools.pc
-- Up-to-date: /home/daisuke/Autoware/ros/install/autoware_bag_tools/share/autoware_bag_tools/cmake/autoware_bag_toolsConfig.cmake
-- Up-to-date: /home/daisuke/Autoware/ros/install/autoware_bag_tools/share/autoware_bag_tools/cmake/autoware_bag_toolsConfig-version.cmake
-- Up-to-date: /home/daisuke/Autoware/ros/install/autoware_bag_tools/share/autoware_bag_tools/package.xml
-- Up-to-date: /home/daisuke/Autoware/ros/install/autoware_bag_tools/lib/autoware_bag_tools/change_frame_id.py
-- Up-to-date: /home/daisuke/Autoware/ros/install/autoware_bag_tools/lib/autoware_bag_tools/replace_msg_time_with_hdr.py
-- Up-to-date: /home/daisuke/Autoware/ros/install/autoware_bag_tools/lib/autoware_bag_tools/nmea2kml
Invoked command in '/home/daisuke/Autoware/ros/build/autoware_bag_tools' returned '0': /usr/bin/cmake --build /home/daisuke/Autoware/ros/build/autoware_bag_tools --target install
