-- Using CATKIN_DEVEL_PREFIX: /home/daisuke/Autoware/ros/build/xsens_driver/devel
-- Using CMAKE_PREFIX_PATH: /home/daisuke/Autoware/ros/install/custom_msgs;/home/daisuke/Autoware/ros/devel;/opt/ros/kinetic
-- This workspace overlays: /home/daisuke/Autoware/ros/install/custom_msgs;/opt/ros/kinetic
-- Using PYTHON_EXECUTABLE: /home/daisuke/pyenv/shims/python
-- Using Debian Python package layout
-- Using empy: /usr/bin/empy
-- Using CATKIN_ENABLE_TESTING: ON
-- Call enable_testing()
-- Using CATKIN_TEST_RESULTS_DIR: /home/daisuke/Autoware/ros/build/xsens_driver/test_results
-- Found gmock sources under '/usr/src/gmock': gmock will be built
-- Found gtest sources under '/usr/src/gmock': gtests will be built
-- Using Python nosetests: /usr/bin/nosetests-2.7
-- catkin 0.7.14
-- Using these message generators: gencpp;geneus;genlisp;gennodejs;genpy
-- Configuring done
-- Generating done
-- Build files have been written to: /home/daisuke/Autoware/ros/build/xsens_driver
Built target tests
[36mInstall the project...[0m
-- Install configuration: "Release"
-- Installing: /home/daisuke/Autoware/ros/install/xsens_driver/lib/pkgconfig/xsens_driver.pc
-- Up-to-date: /home/daisuke/Autoware/ros/install/xsens_driver/share/xsens_driver/cmake/xsens_driverConfig.cmake
-- Up-to-date: /home/daisuke/Autoware/ros/install/xsens_driver/share/xsens_driver/cmake/xsens_driverConfig-version.cmake
-- Up-to-date: /home/daisuke/Autoware/ros/install/xsens_driver/share/xsens_driver/package.xml
-- Up-to-date: /home/daisuke/Autoware/ros/install/xsens_driver/lib/xsens_driver/mtnode.py
-- Up-to-date: /home/daisuke/Autoware/ros/install/xsens_driver/lib/xsens_driver/mtdef.py
-- Up-to-date: /home/daisuke/Autoware/ros/install/xsens_driver/lib/xsens_driver/mtdevice.py
-- Up-to-date: /home/daisuke/Autoware/ros/install/xsens_driver/share/xsens_driver/launch
-- Up-to-date: /home/daisuke/Autoware/ros/install/xsens_driver/share/xsens_driver/launch/mti300.launch
