Invoking command in '/home/daisuke/Autoware/ros/build/xsens_driver': CMAKE_PREFIX_PATH=/home/daisuke/Autoware/ros/install/custom_msgs:${CMAKE_PREFIX_PATH} PKG_CONFIG_PATH=/home/daisuke/Autoware/ros/install/custom_msgs/lib/pkgconfig:${PKG_CONFIG_PATH} PYTHONPATH=/home/daisuke/Autoware/ros/install/custom_msgs/lib/python2.7/dist-packages:${PYTHONPATH} ROS_PACKAGE_PATH=/home/daisuke/Autoware/ros/install/custom_msgs/share:${ROS_PACKAGE_PATH} /usr/bin/cmake /home/daisuke/Autoware/ros/src/sensing/drivers/imu/packages/xsens/src/xsens_driver -DCATKIN_INSTALL_INTO_PREFIX_ROOT=0 -DCMAKE_INSTALL_PREFIX=/home/daisuke/Autoware/ros/install/xsens_driver
-- Using CATKIN_DEVEL_PREFIX: /home/daisuke/Autoware/ros/build/xsens_driver/devel
-- Using CMAKE_PREFIX_PATH: /home/daisuke/Autoware/ros/install/custom_msgs;/home/daisuke/Autoware/ros/devel;/opt/ros/kinetic
-- This workspace overlays: /home/daisuke/Autoware/ros/install/custom_msgs;/opt/ros/kinetic
-- Using PYTHON_EXECUTABLE: /home/daisuke/pyenv/shims/python
-- Using Debian Python package layout
-- Using empy: /usr/bin/empy
-- Using CATKIN_ENABLE_TESTING: ON
-- Call enable_testing()
-- Using CATKIN_TEST_RESULTS_DIR: /home/daisuke/Autoware/ros/build/xsens_driver/test_results
-- Found gmock sources under '/usr/src/gmock': gmock will be built
-- Found gtest sources under '/usr/src/gmock': gtests will be built
-- Using Python nosetests: /usr/bin/nosetests-2.7
-- catkin 0.7.14
-- Using these message generators: gencpp;geneus;genlisp;gennodejs;genpy
-- Configuring done
-- Generating done
-- Build files have been written to: /home/daisuke/Autoware/ros/build/xsens_driver
Invoked command in '/home/daisuke/Autoware/ros/build/xsens_driver' returned '0': CMAKE_PREFIX_PATH=/home/daisuke/Autoware/ros/install/custom_msgs:${CMAKE_PREFIX_PATH} PKG_CONFIG_PATH=/home/daisuke/Autoware/ros/install/custom_msgs/lib/pkgconfig:${PKG_CONFIG_PATH} PYTHONPATH=/home/daisuke/Autoware/ros/install/custom_msgs/lib/python2.7/dist-packages:${PYTHONPATH} ROS_PACKAGE_PATH=/home/daisuke/Autoware/ros/install/custom_msgs/share:${ROS_PACKAGE_PATH} /usr/bin/cmake /home/daisuke/Autoware/ros/src/sensing/drivers/imu/packages/xsens/src/xsens_driver -DCATKIN_INSTALL_INTO_PREFIX_ROOT=0 -DCMAKE_INSTALL_PREFIX=/home/daisuke/Autoware/ros/install/xsens_driver
Invoking command in '/home/daisuke/Autoware/ros/build/xsens_driver': CMAKE_PREFIX_PATH=/home/daisuke/Autoware/ros/install/custom_msgs:${CMAKE_PREFIX_PATH} PKG_CONFIG_PATH=/home/daisuke/Autoware/ros/install/custom_msgs/lib/pkgconfig:${PKG_CONFIG_PATH} PYTHONPATH=/home/daisuke/Autoware/ros/install/custom_msgs/lib/python2.7/dist-packages:${PYTHONPATH} ROS_PACKAGE_PATH=/home/daisuke/Autoware/ros/install/custom_msgs/share:${ROS_PACKAGE_PATH} /usr/bin/cmake --build /home/daisuke/Autoware/ros/build/xsens_driver -- -j8 -l8
Invoked command in '/home/daisuke/Autoware/ros/build/xsens_driver' returned '0': CMAKE_PREFIX_PATH=/home/daisuke/Autoware/ros/install/custom_msgs:${CMAKE_PREFIX_PATH} PKG_CONFIG_PATH=/home/daisuke/Autoware/ros/install/custom_msgs/lib/pkgconfig:${PKG_CONFIG_PATH} PYTHONPATH=/home/daisuke/Autoware/ros/install/custom_msgs/lib/python2.7/dist-packages:${PYTHONPATH} ROS_PACKAGE_PATH=/home/daisuke/Autoware/ros/install/custom_msgs/share:${ROS_PACKAGE_PATH} /usr/bin/cmake --build /home/daisuke/Autoware/ros/build/xsens_driver -- -j8 -l8
Invoking command in '/home/daisuke/Autoware/ros/build/xsens_driver': CMAKE_PREFIX_PATH=/home/daisuke/Autoware/ros/install/custom_msgs:${CMAKE_PREFIX_PATH} PKG_CONFIG_PATH=/home/daisuke/Autoware/ros/install/custom_msgs/lib/pkgconfig:${PKG_CONFIG_PATH} PYTHONPATH=/home/daisuke/Autoware/ros/install/custom_msgs/lib/python2.7/dist-packages:${PYTHONPATH} ROS_PACKAGE_PATH=/home/daisuke/Autoware/ros/install/custom_msgs/share:${ROS_PACKAGE_PATH} /usr/bin/cmake --build /home/daisuke/Autoware/ros/build/xsens_driver --target tests -- -j8 -l8
Built target tests
Invoked command in '/home/daisuke/Autoware/ros/build/xsens_driver' returned '0': CMAKE_PREFIX_PATH=/home/daisuke/Autoware/ros/install/custom_msgs:${CMAKE_PREFIX_PATH} PKG_CONFIG_PATH=/home/daisuke/Autoware/ros/install/custom_msgs/lib/pkgconfig:${PKG_CONFIG_PATH} PYTHONPATH=/home/daisuke/Autoware/ros/install/custom_msgs/lib/python2.7/dist-packages:${PYTHONPATH} ROS_PACKAGE_PATH=/home/daisuke/Autoware/ros/install/custom_msgs/share:${ROS_PACKAGE_PATH} /usr/bin/cmake --build /home/daisuke/Autoware/ros/build/xsens_driver --target tests -- -j8 -l8
Invoking command in '/home/daisuke/Autoware/ros/build/xsens_driver': CMAKE_PREFIX_PATH=/home/daisuke/Autoware/ros/install/custom_msgs:${CMAKE_PREFIX_PATH} PKG_CONFIG_PATH=/home/daisuke/Autoware/ros/install/custom_msgs/lib/pkgconfig:${PKG_CONFIG_PATH} PYTHONPATH=/home/daisuke/Autoware/ros/install/custom_msgs/lib/python2.7/dist-packages:${PYTHONPATH} ROS_PACKAGE_PATH=/home/daisuke/Autoware/ros/install/custom_msgs/share:${ROS_PACKAGE_PATH} /usr/bin/cmake --build /home/daisuke/Autoware/ros/build/xsens_driver --target install
[36mInstall the project...[0m
-- Install configuration: "Release"
-- Installing: /home/daisuke/Autoware/ros/install/xsens_driver/lib/pkgconfig/xsens_driver.pc
-- Up-to-date: /home/daisuke/Autoware/ros/install/xsens_driver/share/xsens_driver/cmake/xsens_driverConfig.cmake
-- Up-to-date: /home/daisuke/Autoware/ros/install/xsens_driver/share/xsens_driver/cmake/xsens_driverConfig-version.cmake
-- Up-to-date: /home/daisuke/Autoware/ros/install/xsens_driver/share/xsens_driver/package.xml
-- Up-to-date: /home/daisuke/Autoware/ros/install/xsens_driver/lib/xsens_driver/mtnode.py
-- Up-to-date: /home/daisuke/Autoware/ros/install/xsens_driver/lib/xsens_driver/mtdef.py
-- Up-to-date: /home/daisuke/Autoware/ros/install/xsens_driver/lib/xsens_driver/mtdevice.py
-- Up-to-date: /home/daisuke/Autoware/ros/install/xsens_driver/share/xsens_driver/launch
-- Up-to-date: /home/daisuke/Autoware/ros/install/xsens_driver/share/xsens_driver/launch/mti300.launch
Invoked command in '/home/daisuke/Autoware/ros/build/xsens_driver' returned '0': CMAKE_PREFIX_PATH=/home/daisuke/Autoware/ros/install/custom_msgs:${CMAKE_PREFIX_PATH} PKG_CONFIG_PATH=/home/daisuke/Autoware/ros/install/custom_msgs/lib/pkgconfig:${PKG_CONFIG_PATH} PYTHONPATH=/home/daisuke/Autoware/ros/install/custom_msgs/lib/python2.7/dist-packages:${PYTHONPATH} ROS_PACKAGE_PATH=/home/daisuke/Autoware/ros/install/custom_msgs/share:${ROS_PACKAGE_PATH} /usr/bin/cmake --build /home/daisuke/Autoware/ros/build/xsens_driver --target install
