-- Using CATKIN_DEVEL_PREFIX: /home/daisuke/Autoware/ros/build/glviewer/devel
-- Using CMAKE_PREFIX_PATH: /home/daisuke/Autoware/ros/install/autoware_build_flags;/home/daisuke/Autoware/ros/devel;/opt/ros/kinetic
-- This workspace overlays: /home/daisuke/Autoware/ros/install/autoware_build_flags;/opt/ros/kinetic
-- Using PYTHON_EXECUTABLE: /home/daisuke/pyenv/shims/python
-- Using Debian Python package layout
-- Using empy: /usr/bin/empy
-- Using CATKIN_ENABLE_TESTING: ON
-- Call enable_testing()
-- Using CATKIN_TEST_RESULTS_DIR: /home/daisuke/Autoware/ros/build/glviewer/test_results
-- Found gmock sources under '/usr/src/gmock': gmock will be built
-- Found gtest sources under '/usr/src/gmock': gtests will be built
-- Using Python nosetests: /usr/bin/nosetests-2.7
-- catkin 0.7.14
-- Configuring done
-- Generating done
-- Build files have been written to: /home/daisuke/Autoware/ros/build/glviewer
[ 16%] [34m[1mAutomatic moc for target glviewer[0m
[ 16%] Built target glviewer_automoc
[100%] Built target glviewer
Built target tests
[ 16%] [34m[1mAutomatic moc for target glviewer[0m
[ 16%] Built target glviewer_automoc
[100%] Built target glviewer
[36mInstall the project...[0m
-- Install configuration: "Release"
-- Installing: /home/daisuke/Autoware/ros/install/glviewer/lib/pkgconfig/glviewer.pc
-- Up-to-date: /home/daisuke/Autoware/ros/install/glviewer/share/glviewer/cmake/glviewerConfig.cmake
-- Up-to-date: /home/daisuke/Autoware/ros/install/glviewer/share/glviewer/cmake/glviewerConfig-version.cmake
-- Up-to-date: /home/daisuke/Autoware/ros/install/glviewer/share/glviewer/package.xml
-- Up-to-date: /home/daisuke/Autoware/ros/install/glviewer/include/glviewer
-- Up-to-date: /home/daisuke/Autoware/ros/install/glviewer/include/glviewer/glviewer.h
-- Up-to-date: /home/daisuke/Autoware/ros/install/glviewer/lib/libglviewer.so
