Invoking command in '/home/daisuke/Autoware/ros/build/sick_ldmrs_msgs': /usr/bin/cmake /home/daisuke/Autoware/ros/src/sensing/drivers/lidar/packages/sick/ldmrs/sick_ldmrs_msgs -DCATKIN_INSTALL_INTO_PREFIX_ROOT=0 -DCMAKE_INSTALL_PREFIX=/home/daisuke/Autoware/ros/install/sick_ldmrs_msgs
-- Using CATKIN_DEVEL_PREFIX: /home/daisuke/Autoware/ros/build/sick_ldmrs_msgs/devel
-- Using CMAKE_PREFIX_PATH: /home/daisuke/Autoware/ros/devel;/opt/ros/kinetic
-- This workspace overlays: /opt/ros/kinetic
-- Using PYTHON_EXECUTABLE: /home/daisuke/pyenv/shims/python
-- Using Debian Python package layout
-- Using empy: /usr/bin/empy
-- Using CATKIN_ENABLE_TESTING: ON
-- Call enable_testing()
-- Using CATKIN_TEST_RESULTS_DIR: /home/daisuke/Autoware/ros/build/sick_ldmrs_msgs/test_results
-- Found gmock sources under '/usr/src/gmock': gmock will be built
-- Found gtest sources under '/usr/src/gmock': gtests will be built
-- Using Python nosetests: /usr/bin/nosetests-2.7
-- catkin 0.7.14
-- Using these message generators: gencpp;geneus;genlisp;gennodejs;genpy
-- sick_ldmrs_msgs: 2 messages, 0 services
-- Configuring done
-- Generating done
-- Build files have been written to: /home/daisuke/Autoware/ros/build/sick_ldmrs_msgs
Invoked command in '/home/daisuke/Autoware/ros/build/sick_ldmrs_msgs' returned '0': /usr/bin/cmake /home/daisuke/Autoware/ros/src/sensing/drivers/lidar/packages/sick/ldmrs/sick_ldmrs_msgs -DCATKIN_INSTALL_INTO_PREFIX_ROOT=0 -DCMAKE_INSTALL_PREFIX=/home/daisuke/Autoware/ros/install/sick_ldmrs_msgs
Invoking command in '/home/daisuke/Autoware/ros/build/sick_ldmrs_msgs': /usr/bin/cmake --build /home/daisuke/Autoware/ros/build/sick_ldmrs_msgs -- -j8 -l8
[  0%] Built target std_msgs_generate_messages_nodejs
[  0%] Built target geometry_msgs_generate_messages_eus
[  0%] Built target geometry_msgs_generate_messages_py
[  0%] Built target std_msgs_generate_messages_py
[  0%] Built target geometry_msgs_generate_messages_nodejs
[  0%] Built target std_msgs_generate_messages_eus
[  0%] Built target geometry_msgs_generate_messages_cpp
[  0%] Built target geometry_msgs_generate_messages_lisp
[  0%] Built target std_msgs_generate_messages_cpp
[  0%] Built target std_msgs_generate_messages_lisp
[  0%] Built target _sick_ldmrs_msgs_generate_messages_check_deps_Object
[  0%] Built target _sick_ldmrs_msgs_generate_messages_check_deps_ObjectArray
[ 16%] Built target sick_ldmrs_msgs_generate_messages_lisp
[ 41%] Built target sick_ldmrs_msgs_generate_messages_eus
[ 58%] Built target sick_ldmrs_msgs_generate_messages_cpp
[ 75%] Built target sick_ldmrs_msgs_generate_messages_nodejs
[100%] Built target sick_ldmrs_msgs_generate_messages_py
[100%] Built target sick_ldmrs_msgs_generate_messages
Invoked command in '/home/daisuke/Autoware/ros/build/sick_ldmrs_msgs' returned '0': /usr/bin/cmake --build /home/daisuke/Autoware/ros/build/sick_ldmrs_msgs -- -j8 -l8
Invoking command in '/home/daisuke/Autoware/ros/build/sick_ldmrs_msgs': /usr/bin/cmake --build /home/daisuke/Autoware/ros/build/sick_ldmrs_msgs --target tests -- -j8 -l8
Built target tests
Invoked command in '/home/daisuke/Autoware/ros/build/sick_ldmrs_msgs' returned '0': /usr/bin/cmake --build /home/daisuke/Autoware/ros/build/sick_ldmrs_msgs --target tests -- -j8 -l8
Invoking command in '/home/daisuke/Autoware/ros/build/sick_ldmrs_msgs': /usr/bin/cmake --build /home/daisuke/Autoware/ros/build/sick_ldmrs_msgs --target install
[  0%] Built target _sick_ldmrs_msgs_generate_messages_check_deps_ObjectArray
[  0%] Built target geometry_msgs_generate_messages_eus
[  0%] Built target _sick_ldmrs_msgs_generate_messages_check_deps_Object
[  0%] Built target std_msgs_generate_messages_eus
[ 25%] Built target sick_ldmrs_msgs_generate_messages_eus
[ 25%] Built target geometry_msgs_generate_messages_py
[ 25%] Built target std_msgs_generate_messages_py
[ 50%] Built target sick_ldmrs_msgs_generate_messages_py
[ 50%] Built target geometry_msgs_generate_messages_nodejs
[ 50%] Built target std_msgs_generate_messages_nodejs
[ 66%] Built target sick_ldmrs_msgs_generate_messages_nodejs
[ 66%] Built target geometry_msgs_generate_messages_lisp
[ 66%] Built target std_msgs_generate_messages_lisp
[ 83%] Built target sick_ldmrs_msgs_generate_messages_lisp
[ 83%] Built target geometry_msgs_generate_messages_cpp
[ 83%] Built target std_msgs_generate_messages_cpp
[100%] Built target sick_ldmrs_msgs_generate_messages_cpp
[100%] Built target sick_ldmrs_msgs_generate_messages
[36mInstall the project...[0m
-- Install configuration: "Release"
-- Up-to-date: /home/daisuke/Autoware/ros/install/sick_ldmrs_msgs/share/sick_ldmrs_msgs/msg/Object.msg
-- Up-to-date: /home/daisuke/Autoware/ros/install/sick_ldmrs_msgs/share/sick_ldmrs_msgs/msg/ObjectArray.msg
-- Up-to-date: /home/daisuke/Autoware/ros/install/sick_ldmrs_msgs/share/sick_ldmrs_msgs/cmake/sick_ldmrs_msgs-msg-paths.cmake
-- Up-to-date: /home/daisuke/Autoware/ros/install/sick_ldmrs_msgs/include/sick_ldmrs_msgs
-- Up-to-date: /home/daisuke/Autoware/ros/install/sick_ldmrs_msgs/include/sick_ldmrs_msgs/ObjectArray.h
-- Up-to-date: /home/daisuke/Autoware/ros/install/sick_ldmrs_msgs/include/sick_ldmrs_msgs/Object.h
-- Up-to-date: /home/daisuke/Autoware/ros/install/sick_ldmrs_msgs/share/roseus/ros/sick_ldmrs_msgs
-- Up-to-date: /home/daisuke/Autoware/ros/install/sick_ldmrs_msgs/share/roseus/ros/sick_ldmrs_msgs/manifest.l
-- Up-to-date: /home/daisuke/Autoware/ros/install/sick_ldmrs_msgs/share/roseus/ros/sick_ldmrs_msgs/msg
-- Up-to-date: /home/daisuke/Autoware/ros/install/sick_ldmrs_msgs/share/roseus/ros/sick_ldmrs_msgs/msg/ObjectArray.l
-- Up-to-date: /home/daisuke/Autoware/ros/install/sick_ldmrs_msgs/share/roseus/ros/sick_ldmrs_msgs/msg/Object.l
-- Up-to-date: /home/daisuke/Autoware/ros/install/sick_ldmrs_msgs/share/common-lisp/ros/sick_ldmrs_msgs
-- Up-to-date: /home/daisuke/Autoware/ros/install/sick_ldmrs_msgs/share/common-lisp/ros/sick_ldmrs_msgs/msg
-- Up-to-date: /home/daisuke/Autoware/ros/install/sick_ldmrs_msgs/share/common-lisp/ros/sick_ldmrs_msgs/msg/ObjectArray.lisp
-- Up-to-date: /home/daisuke/Autoware/ros/install/sick_ldmrs_msgs/share/common-lisp/ros/sick_ldmrs_msgs/msg/_package_Object.lisp
-- Up-to-date: /home/daisuke/Autoware/ros/install/sick_ldmrs_msgs/share/common-lisp/ros/sick_ldmrs_msgs/msg/sick_ldmrs_msgs-msg.asd
-- Up-to-date: /home/daisuke/Autoware/ros/install/sick_ldmrs_msgs/share/common-lisp/ros/sick_ldmrs_msgs/msg/_package_ObjectArray.lisp
-- Up-to-date: /home/daisuke/Autoware/ros/install/sick_ldmrs_msgs/share/common-lisp/ros/sick_ldmrs_msgs/msg/_package.lisp
-- Up-to-date: /home/daisuke/Autoware/ros/install/sick_ldmrs_msgs/share/common-lisp/ros/sick_ldmrs_msgs/msg/Object.lisp
-- Up-to-date: /home/daisuke/Autoware/ros/install/sick_ldmrs_msgs/share/gennodejs/ros/sick_ldmrs_msgs
-- Up-to-date: /home/daisuke/Autoware/ros/install/sick_ldmrs_msgs/share/gennodejs/ros/sick_ldmrs_msgs/msg
-- Up-to-date: /home/daisuke/Autoware/ros/install/sick_ldmrs_msgs/share/gennodejs/ros/sick_ldmrs_msgs/msg/ObjectArray.js
-- Up-to-date: /home/daisuke/Autoware/ros/install/sick_ldmrs_msgs/share/gennodejs/ros/sick_ldmrs_msgs/msg/Object.js
-- Up-to-date: /home/daisuke/Autoware/ros/install/sick_ldmrs_msgs/share/gennodejs/ros/sick_ldmrs_msgs/msg/_index.js
-- Up-to-date: /home/daisuke/Autoware/ros/install/sick_ldmrs_msgs/share/gennodejs/ros/sick_ldmrs_msgs/_index.js
Listing /home/daisuke/Autoware/ros/build/sick_ldmrs_msgs/devel/lib/python2.7/dist-packages/sick_ldmrs_msgs ...
Listing /home/daisuke/Autoware/ros/build/sick_ldmrs_msgs/devel/lib/python2.7/dist-packages/sick_ldmrs_msgs/msg ...
-- Up-to-date: /home/daisuke/Autoware/ros/install/sick_ldmrs_msgs/lib/python2.7/dist-packages/sick_ldmrs_msgs
-- Up-to-date: /home/daisuke/Autoware/ros/install/sick_ldmrs_msgs/lib/python2.7/dist-packages/sick_ldmrs_msgs/__init__.pyc
-- Up-to-date: /home/daisuke/Autoware/ros/install/sick_ldmrs_msgs/lib/python2.7/dist-packages/sick_ldmrs_msgs/__init__.py
-- Up-to-date: /home/daisuke/Autoware/ros/install/sick_ldmrs_msgs/lib/python2.7/dist-packages/sick_ldmrs_msgs/msg
-- Up-to-date: /home/daisuke/Autoware/ros/install/sick_ldmrs_msgs/lib/python2.7/dist-packages/sick_ldmrs_msgs/msg/_Object.pyc
-- Up-to-date: /home/daisuke/Autoware/ros/install/sick_ldmrs_msgs/lib/python2.7/dist-packages/sick_ldmrs_msgs/msg/__init__.pyc
-- Up-to-date: /home/daisuke/Autoware/ros/install/sick_ldmrs_msgs/lib/python2.7/dist-packages/sick_ldmrs_msgs/msg/__init__.py
-- Up-to-date: /home/daisuke/Autoware/ros/install/sick_ldmrs_msgs/lib/python2.7/dist-packages/sick_ldmrs_msgs/msg/_ObjectArray.pyc
-- Up-to-date: /home/daisuke/Autoware/ros/install/sick_ldmrs_msgs/lib/python2.7/dist-packages/sick_ldmrs_msgs/msg/_Object.py
-- Up-to-date: /home/daisuke/Autoware/ros/install/sick_ldmrs_msgs/lib/python2.7/dist-packages/sick_ldmrs_msgs/msg/_ObjectArray.py
-- Installing: /home/daisuke/Autoware/ros/install/sick_ldmrs_msgs/lib/pkgconfig/sick_ldmrs_msgs.pc
-- Up-to-date: /home/daisuke/Autoware/ros/install/sick_ldmrs_msgs/share/sick_ldmrs_msgs/cmake/sick_ldmrs_msgs-msg-extras.cmake
-- Up-to-date: /home/daisuke/Autoware/ros/install/sick_ldmrs_msgs/share/sick_ldmrs_msgs/cmake/sick_ldmrs_msgsConfig.cmake
-- Up-to-date: /home/daisuke/Autoware/ros/install/sick_ldmrs_msgs/share/sick_ldmrs_msgs/cmake/sick_ldmrs_msgsConfig-version.cmake
-- Up-to-date: /home/daisuke/Autoware/ros/install/sick_ldmrs_msgs/share/sick_ldmrs_msgs/package.xml
-- Up-to-date: /home/daisuke/Autoware/ros/install/sick_ldmrs_msgs/include/sick_ldmrs_msgs
-- Up-to-date: /home/daisuke/Autoware/ros/install/sick_ldmrs_msgs/include/sick_ldmrs_msgs/sick_ldmrs_point_type.h
Invoked command in '/home/daisuke/Autoware/ros/build/sick_ldmrs_msgs' returned '0': /usr/bin/cmake --build /home/daisuke/Autoware/ros/build/sick_ldmrs_msgs --target install
