Invoking command in '/home/daisuke/Autoware/ros/build/points_downsampler': CMAKE_PREFIX_PATH=/home/daisuke/Autoware/ros/install/autoware_config_msgs:/home/daisuke/Autoware/ros/install/autoware_build_flags:${CMAKE_PREFIX_PATH} PKG_CONFIG_PATH=/home/daisuke/Autoware/ros/install/autoware_config_msgs/lib/pkgconfig:/home/daisuke/Autoware/ros/install/autoware_build_flags/lib/pkgconfig:${PKG_CONFIG_PATH} PYTHONPATH=/home/daisuke/Autoware/ros/install/autoware_config_msgs/lib/python2.7/dist-packages:${PYTHONPATH} ROS_PACKAGE_PATH=/home/daisuke/Autoware/ros/install/autoware_config_msgs/share:/home/daisuke/Autoware/ros/install/autoware_build_flags/share:${ROS_PACKAGE_PATH} /usr/bin/cmake /home/daisuke/Autoware/ros/src/sensing/filters/packages/points_downsampler -DCMAKE_BUILD_TYPE=Release -DCMAKE_LIBRARY_PATH=/usr/local/cuda/lib64/stubs -DCATKIN_INSTALL_INTO_PREFIX_ROOT=0 -DCMAKE_INSTALL_PREFIX=/home/daisuke/Autoware/ros/install/points_downsampler
-- The C compiler identification is GNU 5.4.0
-- The CXX compiler identification is GNU 5.4.0
-- Check for working C compiler: /usr/bin/cc
-- Check for working C compiler: /usr/bin/cc -- works
-- Detecting C compiler ABI info
-- Detecting C compiler ABI info - done
-- Detecting C compile features
-- Detecting C compile features - done
-- Check for working CXX compiler: /usr/bin/c++
-- Check for working CXX compiler: /usr/bin/c++ -- works
-- Detecting CXX compiler ABI info
-- Detecting CXX compiler ABI info - done
-- Detecting CXX compile features
-- Detecting CXX compile features - done
-- Using CATKIN_DEVEL_PREFIX: /home/daisuke/Autoware/ros/build/points_downsampler/devel
-- Using CMAKE_PREFIX_PATH: /home/daisuke/Autoware/ros/install/autoware_config_msgs;/home/daisuke/Autoware/ros/install/autoware_build_flags;/home/daisuke/Autoware/ros/devel;/opt/ros/kinetic
-- This workspace overlays: /home/daisuke/Autoware/ros/install/autoware_config_msgs;/home/daisuke/Autoware/ros/install/autoware_build_flags;/opt/ros/kinetic
-- Found PythonInterp: /home/daisuke/pyenv/shims/python (found version "2.7.12") 
-- Using PYTHON_EXECUTABLE: /home/daisuke/pyenv/shims/python
-- Using Debian Python package layout
-- Using empy: /usr/bin/empy
-- Using CATKIN_ENABLE_TESTING: ON
-- Call enable_testing()
-- Using CATKIN_TEST_RESULTS_DIR: /home/daisuke/Autoware/ros/build/points_downsampler/test_results
-- Found gmock sources under '/usr/src/gmock': gmock will be built
-- Looking for pthread.h
-- Looking for pthread.h - found
-- Looking for pthread_create
-- Looking for pthread_create - not found
-- Looking for pthread_create in pthreads
-- Looking for pthread_create in pthreads - not found
-- Looking for pthread_create in pthread
-- Looking for pthread_create in pthread - found
-- Found Threads: TRUE  
-- Found gtest sources under '/usr/src/gmock': gtests will be built
-- Using Python nosetests: /usr/bin/nosetests-2.7
-- catkin 0.7.14
-- Using these message generators: gencpp;geneus;genlisp;gennodejs;genpy
-- points_downsampler: 1 messages, 0 services
-- Configuring done
-- Generating done
-- Build files have been written to: /home/daisuke/Autoware/ros/build/points_downsampler
Invoked command in '/home/daisuke/Autoware/ros/build/points_downsampler' returned '0': CMAKE_PREFIX_PATH=/home/daisuke/Autoware/ros/install/autoware_config_msgs:/home/daisuke/Autoware/ros/install/autoware_build_flags:${CMAKE_PREFIX_PATH} PKG_CONFIG_PATH=/home/daisuke/Autoware/ros/install/autoware_config_msgs/lib/pkgconfig:/home/daisuke/Autoware/ros/install/autoware_build_flags/lib/pkgconfig:${PKG_CONFIG_PATH} PYTHONPATH=/home/daisuke/Autoware/ros/install/autoware_config_msgs/lib/python2.7/dist-packages:${PYTHONPATH} ROS_PACKAGE_PATH=/home/daisuke/Autoware/ros/install/autoware_config_msgs/share:/home/daisuke/Autoware/ros/install/autoware_build_flags/share:${ROS_PACKAGE_PATH} /usr/bin/cmake /home/daisuke/Autoware/ros/src/sensing/filters/packages/points_downsampler -DCMAKE_BUILD_TYPE=Release -DCMAKE_LIBRARY_PATH=/usr/local/cuda/lib64/stubs -DCATKIN_INSTALL_INTO_PREFIX_ROOT=0 -DCMAKE_INSTALL_PREFIX=/home/daisuke/Autoware/ros/install/points_downsampler
Invoking command in '/home/daisuke/Autoware/ros/build/points_downsampler': CMAKE_PREFIX_PATH=/home/daisuke/Autoware/ros/install/autoware_config_msgs:/home/daisuke/Autoware/ros/install/autoware_build_flags:${CMAKE_PREFIX_PATH} PKG_CONFIG_PATH=/home/daisuke/Autoware/ros/install/autoware_config_msgs/lib/pkgconfig:/home/daisuke/Autoware/ros/install/autoware_build_flags/lib/pkgconfig:${PKG_CONFIG_PATH} PYTHONPATH=/home/daisuke/Autoware/ros/install/autoware_config_msgs/lib/python2.7/dist-packages:${PYTHONPATH} ROS_PACKAGE_PATH=/home/daisuke/Autoware/ros/install/autoware_config_msgs/share:/home/daisuke/Autoware/ros/install/autoware_build_flags/share:${ROS_PACKAGE_PATH} /usr/bin/cmake --build /home/daisuke/Autoware/ros/build/points_downsampler -- -j8 -l8
[01m[K/home/daisuke/Autoware/ros/src/sensing/filters/packages/points_downsampler/nodes/random_filter/random_filter.cpp:[m[K In function ‘[01m[Kvoid scan_callback(const ConstPtr&)[m[K’:
[01m[K/home/daisuke/Autoware/ros/src/sensing/filters/packages/points_downsampler/nodes/random_filter/random_filter.cpp:74:25:[m[K [01;35m[Kwarning: [m[Kcomparison between signed and unsigned integer expressions [-Wsign-compare]
   if(scan.points.size() >= sample_num)
[01;32m[K                         ^[m[K
[35m[1mScanning dependencies of target _points_downsampler_generate_messages_check_deps_PointsDownsamplerInfo[0m
[35m[1mScanning dependencies of target std_msgs_generate_messages_eus[0m
[35m[1mScanning dependencies of target std_msgs_generate_messages_py[0m
[35m[1mScanning dependencies of target std_msgs_generate_messages_cpp[0m
[35m[1mScanning dependencies of target velodyne_msgs_generate_messages_py[0m
[35m[1mScanning dependencies of target diagnostic_msgs_generate_messages_nodejs[0m
[35m[1mScanning dependencies of target std_msgs_generate_messages_nodejs[0m
[  0%] Built target std_msgs_generate_messages_cpp
[  0%] Built target diagnostic_msgs_generate_messages_nodejs
[  0%] Built target std_msgs_generate_messages_eus
[  0%] Built target std_msgs_generate_messages_py
[  0%] Built target velodyne_msgs_generate_messages_py
[  0%] Built target std_msgs_generate_messages_nodejs
[35m[1mScanning dependencies of target nodelet_topic_tools_gencfg[0m
[35m[1mScanning dependencies of target pcl_msgs_generate_messages_eus[0m
[35m[1mScanning dependencies of target rosgraph_msgs_generate_messages_cpp[0m
[35m[1mScanning dependencies of target velodyne_msgs_generate_messages_eus[0m
[35m[1mScanning dependencies of target bond_generate_messages_lisp[0m
[  0%] Built target pcl_msgs_generate_messages_eus
[35m[1mScanning dependencies of target nodelet_generate_messages_eus[0m
[  0%] Built target velodyne_msgs_generate_messages_eus
[  0%] Built target nodelet_topic_tools_gencfg
[  0%] Built target rosgraph_msgs_generate_messages_cpp
[  0%] Built target nodelet_generate_messages_eus
[  0%] Built target bond_generate_messages_lisp
[35m[1mScanning dependencies of target topic_tools_generate_messages_cpp[0m
[35m[1mScanning dependencies of target topic_tools_generate_messages_eus[0m
[35m[1mScanning dependencies of target velodyne_driver_gencfg[0m
[35m[1mScanning dependencies of target bond_generate_messages_eus[0m
[  0%] Built target topic_tools_generate_messages_cpp
[  0%] Built target topic_tools_generate_messages_eus
[  0%] Built target bond_generate_messages_eus
[  0%] Built target velodyne_driver_gencfg
[  0%] Built target _points_downsampler_generate_messages_check_deps_PointsDownsamplerInfo
[35m[1mScanning dependencies of target nodelet_generate_messages_cpp[0m
[  0%] Built target nodelet_generate_messages_cpp
[35m[1mScanning dependencies of target bond_generate_messages_py[0m
[  0%] Built target bond_generate_messages_py
[35m[1mScanning dependencies of target geometry_msgs_generate_messages_py[0m
[  0%] Built target geometry_msgs_generate_messages_py
[35m[1mScanning dependencies of target geometry_msgs_generate_messages_lisp[0m
[  0%] Built target geometry_msgs_generate_messages_lisp
[35m[1mScanning dependencies of target std_srvs_generate_messages_lisp[0m
[  0%] Built target std_srvs_generate_messages_lisp
[35m[1mScanning dependencies of target dynamic_reconfigure_generate_messages_cpp[0m
[  0%] Built target dynamic_reconfigure_generate_messages_cpp
[35m[1mScanning dependencies of target nodelet_generate_messages_lisp[0m
[  0%] Built target nodelet_generate_messages_lisp
[35m[1mScanning dependencies of target std_msgs_generate_messages_lisp[0m
[  0%] Built target std_msgs_generate_messages_lisp
[35m[1mScanning dependencies of target dynamic_reconfigure_gencfg[0m
[  0%] Built target dynamic_reconfigure_gencfg
[35m[1mScanning dependencies of target bond_generate_messages_cpp[0m
[  0%] Built target bond_generate_messages_cpp
[35m[1mScanning dependencies of target actionlib_generate_messages_lisp[0m
[  0%] Built target actionlib_generate_messages_lisp
[35m[1mScanning dependencies of target actionlib_msgs_generate_messages_eus[0m
[  0%] Built target actionlib_msgs_generate_messages_eus
[35m[1mScanning dependencies of target tf_generate_messages_lisp[0m
[  0%] Built target tf_generate_messages_lisp
[35m[1mScanning dependencies of target diagnostic_msgs_generate_messages_py[0m
[  0%] Built target diagnostic_msgs_generate_messages_py
[35m[1mScanning dependencies of target rosgraph_msgs_generate_messages_lisp[0m
[  0%] Built target rosgraph_msgs_generate_messages_lisp
[35m[1mScanning dependencies of target pcl_msgs_generate_messages_nodejs[0m
[  0%] Built target pcl_msgs_generate_messages_nodejs
[35m[1mScanning dependencies of target std_srvs_generate_messages_nodejs[0m
[  0%] Built target std_srvs_generate_messages_nodejs
[35m[1mScanning dependencies of target dynamic_reconfigure_generate_messages_lisp[0m
[  0%] Built target dynamic_reconfigure_generate_messages_lisp
[35m[1mScanning dependencies of target tf2_msgs_generate_messages_eus[0m
[  0%] Built target tf2_msgs_generate_messages_eus
[35m[1mScanning dependencies of target pcl_ros_gencfg[0m
[  0%] Built target pcl_ros_gencfg
[35m[1mScanning dependencies of target geometry_msgs_generate_messages_cpp[0m
[  0%] Built target geometry_msgs_generate_messages_cpp
[35m[1mScanning dependencies of target roscpp_generate_messages_lisp[0m
[  0%] Built target roscpp_generate_messages_lisp
[35m[1mScanning dependencies of target dynamic_reconfigure_generate_messages_nodejs[0m
[  0%] Built target dynamic_reconfigure_generate_messages_nodejs
[35m[1mScanning dependencies of target rosgraph_msgs_generate_messages_eus[0m
[  0%] Built target rosgraph_msgs_generate_messages_eus
[35m[1mScanning dependencies of target diagnostic_msgs_generate_messages_lisp[0m
[  0%] Built target diagnostic_msgs_generate_messages_lisp
[35m[1mScanning dependencies of target pcl_msgs_generate_messages_lisp[0m
[  0%] Built target pcl_msgs_generate_messages_lisp
[35m[1mScanning dependencies of target sensor_msgs_generate_messages_eus[0m
[  0%] Built target sensor_msgs_generate_messages_eus
[35m[1mScanning dependencies of target actionlib_generate_messages_nodejs[0m
[  0%] Built target actionlib_generate_messages_nodejs
[35m[1mScanning dependencies of target actionlib_msgs_generate_messages_cpp[0m
[  0%] Built target actionlib_msgs_generate_messages_cpp
[35m[1mScanning dependencies of target std_srvs_generate_messages_eus[0m
[  0%] Built target std_srvs_generate_messages_eus
[35m[1mScanning dependencies of target tf_generate_messages_cpp[0m
[  0%] Built target tf_generate_messages_cpp
[35m[1mScanning dependencies of target roscpp_generate_messages_py[0m
[  0%] Built target roscpp_generate_messages_py
[35m[1mScanning dependencies of target std_srvs_generate_messages_py[0m
[  0%] Built target std_srvs_generate_messages_py
[35m[1mScanning dependencies of target tf_generate_messages_nodejs[0m
[  0%] Built target tf_generate_messages_nodejs
[35m[1mScanning dependencies of target bond_generate_messages_nodejs[0m
[  0%] Built target bond_generate_messages_nodejs
[35m[1mScanning dependencies of target dynamic_reconfigure_generate_messages_eus[0m
[  0%] Built target dynamic_reconfigure_generate_messages_eus
[35m[1mScanning dependencies of target pcl_msgs_generate_messages_py[0m
[  0%] Built target pcl_msgs_generate_messages_py
[35m[1mScanning dependencies of target sensor_msgs_generate_messages_cpp[0m
[  0%] Built target sensor_msgs_generate_messages_cpp
[35m[1mScanning dependencies of target tf2_msgs_generate_messages_nodejs[0m
[  0%] Built target tf2_msgs_generate_messages_nodejs
[35m[1mScanning dependencies of target velodyne_msgs_generate_messages_cpp[0m
[  0%] Built target velodyne_msgs_generate_messages_cpp
[35m[1mScanning dependencies of target sensor_msgs_generate_messages_nodejs[0m
[  0%] Built target sensor_msgs_generate_messages_nodejs
[35m[1mScanning dependencies of target roscpp_generate_messages_nodejs[0m
[  0%] Built target roscpp_generate_messages_nodejs
[35m[1mScanning dependencies of target sensor_msgs_generate_messages_py[0m
[  0%] Built target sensor_msgs_generate_messages_py
[35m[1mScanning dependencies of target rosgraph_msgs_generate_messages_py[0m
[  0%] Built target rosgraph_msgs_generate_messages_py
[35m[1mScanning dependencies of target actionlib_generate_messages_cpp[0m
[  0%] Built target actionlib_generate_messages_cpp
[35m[1mScanning dependencies of target geometry_msgs_generate_messages_eus[0m
[  0%] Built target geometry_msgs_generate_messages_eus
[35m[1mScanning dependencies of target geometry_msgs_generate_messages_nodejs[0m
[  0%] Built target geometry_msgs_generate_messages_nodejs
[35m[1mScanning dependencies of target pcl_msgs_generate_messages_cpp[0m
[  0%] Built target pcl_msgs_generate_messages_cpp
[35m[1mScanning dependencies of target std_srvs_generate_messages_cpp[0m
[  0%] Built target std_srvs_generate_messages_cpp
[35m[1mScanning dependencies of target topic_tools_generate_messages_lisp[0m
[  0%] Built target topic_tools_generate_messages_lisp
[35m[1mScanning dependencies of target sensor_msgs_generate_messages_lisp[0m
[  0%] Built target sensor_msgs_generate_messages_lisp
[35m[1mScanning dependencies of target topic_tools_generate_messages_nodejs[0m
[  0%] Built target topic_tools_generate_messages_nodejs
[35m[1mScanning dependencies of target topic_tools_generate_messages_py[0m
[  0%] Built target topic_tools_generate_messages_py
[35m[1mScanning dependencies of target actionlib_msgs_generate_messages_nodejs[0m
[  0%] Built target actionlib_msgs_generate_messages_nodejs
[35m[1mScanning dependencies of target points_downsampler_generate_messages_lisp[0m
[  6%] [34m[1mGenerating Lisp code from points_downsampler/PointsDownsamplerInfo.msg[0m
[  6%] Built target points_downsampler_generate_messages_lisp
[35m[1mScanning dependencies of target tf2_msgs_generate_messages_py[0m
[  6%] Built target tf2_msgs_generate_messages_py
[35m[1mScanning dependencies of target tf_generate_messages_eus[0m
[  6%] Built target tf_generate_messages_eus
[35m[1mScanning dependencies of target velodyne_msgs_generate_messages_lisp[0m
[  6%] Built target velodyne_msgs_generate_messages_lisp
[35m[1mScanning dependencies of target tf_generate_messages_py[0m
[  6%] Built target tf_generate_messages_py
[35m[1mScanning dependencies of target actionlib_generate_messages_eus[0m
[  6%] Built target actionlib_generate_messages_eus
[35m[1mScanning dependencies of target dynamic_reconfigure_generate_messages_py[0m
[  6%] Built target dynamic_reconfigure_generate_messages_py
[35m[1mScanning dependencies of target actionlib_generate_messages_py[0m
[  6%] Built target actionlib_generate_messages_py
[35m[1mScanning dependencies of target actionlib_msgs_generate_messages_lisp[0m
[  6%] Built target actionlib_msgs_generate_messages_lisp
[35m[1mScanning dependencies of target velodyne_msgs_generate_messages_nodejs[0m
[  6%] Built target velodyne_msgs_generate_messages_nodejs
[35m[1mScanning dependencies of target actionlib_msgs_generate_messages_py[0m
[  6%] Built target actionlib_msgs_generate_messages_py
[35m[1mScanning dependencies of target tf2_msgs_generate_messages_cpp[0m
[  6%] Built target tf2_msgs_generate_messages_cpp
[35m[1mScanning dependencies of target tf2_msgs_generate_messages_lisp[0m
[  6%] Built target tf2_msgs_generate_messages_lisp
[35m[1mScanning dependencies of target velodyne_pointcloud_gencfg[0m
[  6%] Built target velodyne_pointcloud_gencfg
[35m[1mScanning dependencies of target diagnostic_msgs_generate_messages_cpp[0m
[  6%] Built target diagnostic_msgs_generate_messages_cpp
[35m[1mScanning dependencies of target points_downsampler_generate_messages_py[0m
[ 13%] [34m[1mGenerating Python from MSG points_downsampler/PointsDownsamplerInfo[0m
[ 20%] [34m[1mGenerating Python msg __init__.py for points_downsampler[0m
[35m[1mScanning dependencies of target points_downsampler_generate_messages_nodejs[0m
[ 26%] [34m[1mGenerating Javascript code from points_downsampler/PointsDownsamplerInfo.msg[0m
[ 26%] Built target points_downsampler_generate_messages_py
[35m[1mScanning dependencies of target rosgraph_msgs_generate_messages_nodejs[0m
[ 26%] Built target rosgraph_msgs_generate_messages_nodejs
[35m[1mScanning dependencies of target points_downsampler_generate_messages_eus[0m
[ 33%] [34m[1mGenerating EusLisp code from points_downsampler/PointsDownsamplerInfo.msg[0m
[ 33%] Built target points_downsampler_generate_messages_nodejs
[ 40%] [34m[1mGenerating EusLisp manifest code for points_downsampler[0m
[35m[1mScanning dependencies of target points_downsampler_generate_messages_cpp[0m
[ 46%] [34m[1mGenerating C++ code from points_downsampler/PointsDownsamplerInfo.msg[0m
[ 46%] Built target points_downsampler_generate_messages_cpp
[35m[1mScanning dependencies of target roscpp_generate_messages_cpp[0m
[ 46%] Built target roscpp_generate_messages_cpp
[35m[1mScanning dependencies of target nodelet_generate_messages_py[0m
[ 46%] Built target nodelet_generate_messages_py
[35m[1mScanning dependencies of target diagnostic_msgs_generate_messages_eus[0m
[ 46%] Built target diagnostic_msgs_generate_messages_eus
[35m[1mScanning dependencies of target nodelet_generate_messages_nodejs[0m
[ 46%] Built target nodelet_generate_messages_nodejs
[35m[1mScanning dependencies of target roscpp_generate_messages_eus[0m
[ 46%] Built target roscpp_generate_messages_eus
[ 46%] Built target points_downsampler_generate_messages_eus
[35m[1mScanning dependencies of target random_filter[0m
[35m[1mScanning dependencies of target ring_filter[0m
[ 53%] [32mBuilding CXX object CMakeFiles/random_filter.dir/nodes/random_filter/random_filter.cpp.o[0m
[ 60%] [32mBuilding CXX object CMakeFiles/ring_filter.dir/nodes/ring_filter/ring_filter.cpp.o[0m
[ 66%] [32m[1mLinking CXX executable devel/lib/points_downsampler/random_filter[0m
[ 66%] Built target random_filter
[35m[1mScanning dependencies of target points_downsampler_generate_messages[0m
[35m[1mScanning dependencies of target distance_filter[0m
[35m[1mScanning dependencies of target voxel_grid_filter[0m
[ 66%] Built target points_downsampler_generate_messages
[ 73%] [32mBuilding CXX object CMakeFiles/voxel_grid_filter.dir/nodes/voxel_grid_filter/voxel_grid_filter.cpp.o[0m
[ 80%] [32mBuilding CXX object CMakeFiles/distance_filter.dir/nodes/distance_filter/distance_filter.cpp.o[0m
[ 86%] [32m[1mLinking CXX executable devel/lib/points_downsampler/ring_filter[0m
[ 86%] Built target ring_filter
[ 93%] [32m[1mLinking CXX executable devel/lib/points_downsampler/distance_filter[0m
[ 93%] Built target distance_filter
[100%] [32m[1mLinking CXX executable devel/lib/points_downsampler/voxel_grid_filter[0m
[100%] Built target voxel_grid_filter
Invoked command in '/home/daisuke/Autoware/ros/build/points_downsampler' returned '0': CMAKE_PREFIX_PATH=/home/daisuke/Autoware/ros/install/autoware_config_msgs:/home/daisuke/Autoware/ros/install/autoware_build_flags:${CMAKE_PREFIX_PATH} PKG_CONFIG_PATH=/home/daisuke/Autoware/ros/install/autoware_config_msgs/lib/pkgconfig:/home/daisuke/Autoware/ros/install/autoware_build_flags/lib/pkgconfig:${PKG_CONFIG_PATH} PYTHONPATH=/home/daisuke/Autoware/ros/install/autoware_config_msgs/lib/python2.7/dist-packages:${PYTHONPATH} ROS_PACKAGE_PATH=/home/daisuke/Autoware/ros/install/autoware_config_msgs/share:/home/daisuke/Autoware/ros/install/autoware_build_flags/share:${ROS_PACKAGE_PATH} /usr/bin/cmake --build /home/daisuke/Autoware/ros/build/points_downsampler -- -j8 -l8
Invoking command in '/home/daisuke/Autoware/ros/build/points_downsampler': CMAKE_PREFIX_PATH=/home/daisuke/Autoware/ros/install/autoware_config_msgs:/home/daisuke/Autoware/ros/install/autoware_build_flags:${CMAKE_PREFIX_PATH} PKG_CONFIG_PATH=/home/daisuke/Autoware/ros/install/autoware_config_msgs/lib/pkgconfig:/home/daisuke/Autoware/ros/install/autoware_build_flags/lib/pkgconfig:${PKG_CONFIG_PATH} PYTHONPATH=/home/daisuke/Autoware/ros/install/autoware_config_msgs/lib/python2.7/dist-packages:${PYTHONPATH} ROS_PACKAGE_PATH=/home/daisuke/Autoware/ros/install/autoware_config_msgs/share:/home/daisuke/Autoware/ros/install/autoware_build_flags/share:${ROS_PACKAGE_PATH} /usr/bin/cmake --build /home/daisuke/Autoware/ros/build/points_downsampler --target tests -- -j8 -l8
[35m[1mScanning dependencies of target tests[0m
Built target tests
Invoked command in '/home/daisuke/Autoware/ros/build/points_downsampler' returned '0': CMAKE_PREFIX_PATH=/home/daisuke/Autoware/ros/install/autoware_config_msgs:/home/daisuke/Autoware/ros/install/autoware_build_flags:${CMAKE_PREFIX_PATH} PKG_CONFIG_PATH=/home/daisuke/Autoware/ros/install/autoware_config_msgs/lib/pkgconfig:/home/daisuke/Autoware/ros/install/autoware_build_flags/lib/pkgconfig:${PKG_CONFIG_PATH} PYTHONPATH=/home/daisuke/Autoware/ros/install/autoware_config_msgs/lib/python2.7/dist-packages:${PYTHONPATH} ROS_PACKAGE_PATH=/home/daisuke/Autoware/ros/install/autoware_config_msgs/share:/home/daisuke/Autoware/ros/install/autoware_build_flags/share:${ROS_PACKAGE_PATH} /usr/bin/cmake --build /home/daisuke/Autoware/ros/build/points_downsampler --target tests -- -j8 -l8
Invoking command in '/home/daisuke/Autoware/ros/build/points_downsampler': CMAKE_PREFIX_PATH=/home/daisuke/Autoware/ros/install/autoware_config_msgs:/home/daisuke/Autoware/ros/install/autoware_build_flags:${CMAKE_PREFIX_PATH} PKG_CONFIG_PATH=/home/daisuke/Autoware/ros/install/autoware_config_msgs/lib/pkgconfig:/home/daisuke/Autoware/ros/install/autoware_build_flags/lib/pkgconfig:${PKG_CONFIG_PATH} PYTHONPATH=/home/daisuke/Autoware/ros/install/autoware_config_msgs/lib/python2.7/dist-packages:${PYTHONPATH} ROS_PACKAGE_PATH=/home/daisuke/Autoware/ros/install/autoware_config_msgs/share:/home/daisuke/Autoware/ros/install/autoware_build_flags/share:${ROS_PACKAGE_PATH} /usr/bin/cmake --build /home/daisuke/Autoware/ros/build/points_downsampler --target install
[  0%] Built target diagnostic_msgs_generate_messages_nodejs
[  0%] Built target std_msgs_generate_messages_py
[  0%] Built target _points_downsampler_generate_messages_check_deps_PointsDownsamplerInfo
[ 13%] Built target points_downsampler_generate_messages_py
[ 13%] Built target std_msgs_generate_messages_nodejs
[ 20%] Built target points_downsampler_generate_messages_nodejs
[ 20%] Built target std_msgs_generate_messages_eus
[ 33%] Built target points_downsampler_generate_messages_eus
[ 33%] Built target std_msgs_generate_messages_cpp
[ 40%] Built target points_downsampler_generate_messages_cpp
[ 40%] Built target velodyne_msgs_generate_messages_py
[ 40%] Built target velodyne_msgs_generate_messages_eus
[ 40%] Built target pcl_msgs_generate_messages_eus
[ 40%] Built target rosgraph_msgs_generate_messages_cpp
[ 40%] Built target nodelet_topic_tools_gencfg
[ 40%] Built target bond_generate_messages_lisp
[ 40%] Built target nodelet_generate_messages_eus
[ 40%] Built target topic_tools_generate_messages_cpp
[ 40%] Built target topic_tools_generate_messages_eus
[ 40%] Built target velodyne_driver_gencfg
[ 40%] Built target bond_generate_messages_eus
[ 40%] Built target roscpp_generate_messages_eus
[ 40%] Built target nodelet_generate_messages_nodejs
[ 40%] Built target diagnostic_msgs_generate_messages_eus
[ 40%] Built target nodelet_generate_messages_py
[ 40%] Built target roscpp_generate_messages_cpp
[ 40%] Built target rosgraph_msgs_generate_messages_nodejs
[ 40%] Built target nodelet_generate_messages_cpp
[ 40%] Built target bond_generate_messages_py
[ 40%] Built target geometry_msgs_generate_messages_py
[ 40%] Built target geometry_msgs_generate_messages_lisp
[ 40%] Built target std_srvs_generate_messages_lisp
[ 40%] Built target dynamic_reconfigure_generate_messages_cpp
[ 40%] Built target nodelet_generate_messages_lisp
[ 40%] Built target std_msgs_generate_messages_lisp
[ 40%] Built target dynamic_reconfigure_gencfg
[ 40%] Built target bond_generate_messages_cpp
[ 40%] Built target actionlib_generate_messages_lisp
[ 40%] Built target actionlib_msgs_generate_messages_eus
[ 40%] Built target tf_generate_messages_lisp
[ 40%] Built target diagnostic_msgs_generate_messages_py
[ 40%] Built target rosgraph_msgs_generate_messages_lisp
[ 40%] Built target pcl_msgs_generate_messages_nodejs
[ 40%] Built target std_srvs_generate_messages_nodejs
[ 40%] Built target dynamic_reconfigure_generate_messages_lisp
[ 40%] Built target tf2_msgs_generate_messages_eus
[ 40%] Built target pcl_ros_gencfg
[ 40%] Built target geometry_msgs_generate_messages_cpp
[ 40%] Built target roscpp_generate_messages_lisp
[ 40%] Built target dynamic_reconfigure_generate_messages_nodejs
[ 40%] Built target rosgraph_msgs_generate_messages_eus
[ 40%] Built target diagnostic_msgs_generate_messages_lisp
[ 40%] Built target pcl_msgs_generate_messages_lisp
[ 40%] Built target sensor_msgs_generate_messages_eus
[ 40%] Built target actionlib_generate_messages_nodejs
[ 40%] Built target actionlib_msgs_generate_messages_cpp
[ 40%] Built target std_srvs_generate_messages_eus
[ 40%] Built target tf_generate_messages_cpp
[ 40%] Built target roscpp_generate_messages_py
[ 40%] Built target std_srvs_generate_messages_py
[ 40%] Built target tf_generate_messages_nodejs
[ 40%] Built target bond_generate_messages_nodejs
[ 40%] Built target dynamic_reconfigure_generate_messages_eus
[ 40%] Built target pcl_msgs_generate_messages_py
[ 40%] Built target sensor_msgs_generate_messages_cpp
[ 40%] Built target tf2_msgs_generate_messages_nodejs
[ 40%] Built target velodyne_msgs_generate_messages_cpp
[ 40%] Built target sensor_msgs_generate_messages_nodejs
[ 40%] Built target roscpp_generate_messages_nodejs
[ 40%] Built target sensor_msgs_generate_messages_py
[ 40%] Built target rosgraph_msgs_generate_messages_py
[ 40%] Built target actionlib_generate_messages_cpp
[ 40%] Built target geometry_msgs_generate_messages_eus
[ 40%] Built target geometry_msgs_generate_messages_nodejs
[ 40%] Built target pcl_msgs_generate_messages_cpp
[ 40%] Built target std_srvs_generate_messages_cpp
[ 40%] Built target topic_tools_generate_messages_lisp
[ 40%] Built target sensor_msgs_generate_messages_lisp
[ 40%] Built target topic_tools_generate_messages_nodejs
[ 40%] Built target topic_tools_generate_messages_py
[ 40%] Built target actionlib_msgs_generate_messages_nodejs
[ 46%] Built target points_downsampler_generate_messages_lisp
[ 46%] Built target tf2_msgs_generate_messages_py
[ 46%] Built target tf_generate_messages_eus
[ 46%] Built target velodyne_msgs_generate_messages_lisp
[ 46%] Built target tf_generate_messages_py
[ 46%] Built target actionlib_generate_messages_eus
[ 46%] Built target dynamic_reconfigure_generate_messages_py
[ 46%] Built target actionlib_generate_messages_py
[ 46%] Built target actionlib_msgs_generate_messages_lisp
[ 46%] Built target velodyne_msgs_generate_messages_nodejs
[ 46%] Built target actionlib_msgs_generate_messages_py
[ 46%] Built target tf2_msgs_generate_messages_cpp
[ 46%] Built target tf2_msgs_generate_messages_lisp
[ 46%] Built target velodyne_pointcloud_gencfg
[ 46%] Built target diagnostic_msgs_generate_messages_cpp
[ 60%] Built target random_filter
[ 73%] Built target ring_filter
[ 86%] Built target voxel_grid_filter
[ 86%] Built target points_downsampler_generate_messages
[100%] Built target distance_filter
[36mInstall the project...[0m
-- Install configuration: "Release"
-- Installing: /home/daisuke/Autoware/ros/install/points_downsampler/share/points_downsampler/msg/PointsDownsamplerInfo.msg
-- Installing: /home/daisuke/Autoware/ros/install/points_downsampler/share/points_downsampler/cmake/points_downsampler-msg-paths.cmake
-- Installing: /home/daisuke/Autoware/ros/install/points_downsampler/include/points_downsampler
-- Installing: /home/daisuke/Autoware/ros/install/points_downsampler/include/points_downsampler/PointsDownsamplerInfo.h
-- Installing: /home/daisuke/Autoware/ros/install/points_downsampler/share/roseus/ros/points_downsampler
-- Installing: /home/daisuke/Autoware/ros/install/points_downsampler/share/roseus/ros/points_downsampler/manifest.l
-- Installing: /home/daisuke/Autoware/ros/install/points_downsampler/share/roseus/ros/points_downsampler/msg
-- Installing: /home/daisuke/Autoware/ros/install/points_downsampler/share/roseus/ros/points_downsampler/msg/PointsDownsamplerInfo.l
-- Installing: /home/daisuke/Autoware/ros/install/points_downsampler/share/common-lisp/ros/points_downsampler
-- Installing: /home/daisuke/Autoware/ros/install/points_downsampler/share/common-lisp/ros/points_downsampler/msg
-- Installing: /home/daisuke/Autoware/ros/install/points_downsampler/share/common-lisp/ros/points_downsampler/msg/_package.lisp
-- Installing: /home/daisuke/Autoware/ros/install/points_downsampler/share/common-lisp/ros/points_downsampler/msg/PointsDownsamplerInfo.lisp
-- Installing: /home/daisuke/Autoware/ros/install/points_downsampler/share/common-lisp/ros/points_downsampler/msg/points_downsampler-msg.asd
-- Installing: /home/daisuke/Autoware/ros/install/points_downsampler/share/common-lisp/ros/points_downsampler/msg/_package_PointsDownsamplerInfo.lisp
-- Installing: /home/daisuke/Autoware/ros/install/points_downsampler/share/gennodejs/ros/points_downsampler
-- Installing: /home/daisuke/Autoware/ros/install/points_downsampler/share/gennodejs/ros/points_downsampler/msg
-- Installing: /home/daisuke/Autoware/ros/install/points_downsampler/share/gennodejs/ros/points_downsampler/msg/PointsDownsamplerInfo.js
-- Installing: /home/daisuke/Autoware/ros/install/points_downsampler/share/gennodejs/ros/points_downsampler/msg/_index.js
-- Installing: /home/daisuke/Autoware/ros/install/points_downsampler/share/gennodejs/ros/points_downsampler/_index.js
Listing /home/daisuke/Autoware/ros/build/points_downsampler/devel/lib/python2.7/dist-packages/points_downsampler ...
Compiling /home/daisuke/Autoware/ros/build/points_downsampler/devel/lib/python2.7/dist-packages/points_downsampler/__init__.py ...
Listing /home/daisuke/Autoware/ros/build/points_downsampler/devel/lib/python2.7/dist-packages/points_downsampler/msg ...
Compiling /home/daisuke/Autoware/ros/build/points_downsampler/devel/lib/python2.7/dist-packages/points_downsampler/msg/_PointsDownsamplerInfo.py ...
Compiling /home/daisuke/Autoware/ros/build/points_downsampler/devel/lib/python2.7/dist-packages/points_downsampler/msg/__init__.py ...
-- Installing: /home/daisuke/Autoware/ros/install/points_downsampler/lib/python2.7/dist-packages/points_downsampler
-- Installing: /home/daisuke/Autoware/ros/install/points_downsampler/lib/python2.7/dist-packages/points_downsampler/__init__.pyc
-- Installing: /home/daisuke/Autoware/ros/install/points_downsampler/lib/python2.7/dist-packages/points_downsampler/__init__.py
-- Installing: /home/daisuke/Autoware/ros/install/points_downsampler/lib/python2.7/dist-packages/points_downsampler/msg
-- Installing: /home/daisuke/Autoware/ros/install/points_downsampler/lib/python2.7/dist-packages/points_downsampler/msg/_PointsDownsamplerInfo.pyc
-- Installing: /home/daisuke/Autoware/ros/install/points_downsampler/lib/python2.7/dist-packages/points_downsampler/msg/_PointsDownsamplerInfo.py
-- Installing: /home/daisuke/Autoware/ros/install/points_downsampler/lib/python2.7/dist-packages/points_downsampler/msg/__init__.pyc
-- Installing: /home/daisuke/Autoware/ros/install/points_downsampler/lib/python2.7/dist-packages/points_downsampler/msg/__init__.py
-- Installing: /home/daisuke/Autoware/ros/install/points_downsampler/lib/pkgconfig/points_downsampler.pc
-- Installing: /home/daisuke/Autoware/ros/install/points_downsampler/share/points_downsampler/cmake/points_downsampler-msg-extras.cmake
-- Installing: /home/daisuke/Autoware/ros/install/points_downsampler/share/points_downsampler/cmake/points_downsamplerConfig.cmake
-- Installing: /home/daisuke/Autoware/ros/install/points_downsampler/share/points_downsampler/cmake/points_downsamplerConfig-version.cmake
-- Installing: /home/daisuke/Autoware/ros/install/points_downsampler/share/points_downsampler/package.xml
-- Installing: /home/daisuke/Autoware/ros/install/points_downsampler/lib/points_downsampler/voxel_grid_filter
-- Set runtime path of "/home/daisuke/Autoware/ros/install/points_downsampler/lib/points_downsampler/voxel_grid_filter" to ""
-- Installing: /home/daisuke/Autoware/ros/install/points_downsampler/lib/points_downsampler/ring_filter
-- Set runtime path of "/home/daisuke/Autoware/ros/install/points_downsampler/lib/points_downsampler/ring_filter" to ""
-- Installing: /home/daisuke/Autoware/ros/install/points_downsampler/lib/points_downsampler/distance_filter
-- Set runtime path of "/home/daisuke/Autoware/ros/install/points_downsampler/lib/points_downsampler/distance_filter" to ""
-- Installing: /home/daisuke/Autoware/ros/install/points_downsampler/lib/points_downsampler/random_filter
-- Set runtime path of "/home/daisuke/Autoware/ros/install/points_downsampler/lib/points_downsampler/random_filter" to ""
-- Installing: /home/daisuke/Autoware/ros/install/points_downsampler/share/points_downsampler/launch/launch
-- Installing: /home/daisuke/Autoware/ros/install/points_downsampler/share/points_downsampler/launch/launch/points_downsample.launch
Invoked command in '/home/daisuke/Autoware/ros/build/points_downsampler' returned '0': CMAKE_PREFIX_PATH=/home/daisuke/Autoware/ros/install/autoware_config_msgs:/home/daisuke/Autoware/ros/install/autoware_build_flags:${CMAKE_PREFIX_PATH} PKG_CONFIG_PATH=/home/daisuke/Autoware/ros/install/autoware_config_msgs/lib/pkgconfig:/home/daisuke/Autoware/ros/install/autoware_build_flags/lib/pkgconfig:${PKG_CONFIG_PATH} PYTHONPATH=/home/daisuke/Autoware/ros/install/autoware_config_msgs/lib/python2.7/dist-packages:${PYTHONPATH} ROS_PACKAGE_PATH=/home/daisuke/Autoware/ros/install/autoware_config_msgs/share:/home/daisuke/Autoware/ros/install/autoware_build_flags/share:${ROS_PACKAGE_PATH} /usr/bin/cmake --build /home/daisuke/Autoware/ros/build/points_downsampler --target install
