Invoking command in '/home/daisuke/Autoware/ros/build/dp_planner': CMAKE_PREFIX_PATH=/home/daisuke/Autoware/ros/install/op_simu:/home/daisuke/Autoware/ros/install/op_planner:/home/daisuke/Autoware/ros/install/op_utility:/home/daisuke/Autoware/ros/install/vector_map_server:/home/daisuke/Autoware/ros/install/map_file:/home/daisuke/Autoware/ros/install/waypoint_follower:/home/daisuke/Autoware/ros/install/vector_map:/home/daisuke/Autoware/ros/install/vector_map_msgs:/home/daisuke/Autoware/ros/install/autoware_health_checker:/home/daisuke/Autoware/ros/install/tablet_socket_msgs:/home/daisuke/Autoware/ros/install/autoware_system_msgs:/home/daisuke/Autoware/ros/install/autoware_msgs:/home/daisuke/Autoware/ros/install/autoware_config_msgs:/home/daisuke/Autoware/ros/install/autoware_can_msgs:/home/daisuke/Autoware/ros/install/autoware_build_flags:${CMAKE_PREFIX_PATH} LD_LIBRARY_PATH=/home/daisuke/Autoware/ros/install/op_simu/lib:/home/daisuke/Autoware/ros/install/op_planner/lib:/home/daisuke/Autoware/ros/install/op_utility/lib:/home/daisuke/Autoware/ros/install/map_file/lib:/home/daisuke/Autoware/ros/install/waypoint_follower/lib:/home/daisuke/Autoware/ros/install/vector_map/lib:/home/daisuke/Autoware/ros/install/autoware_health_checker/lib:${LD_LIBRARY_PATH} PKG_CONFIG_PATH=/home/daisuke/Autoware/ros/install/op_simu/lib/pkgconfig:/home/daisuke/Autoware/ros/install/op_planner/lib/pkgconfig:/home/daisuke/Autoware/ros/install/op_utility/lib/pkgconfig:/home/daisuke/Autoware/ros/install/vector_map_server/lib/pkgconfig:/home/daisuke/Autoware/ros/install/map_file/lib/pkgconfig:/home/daisuke/Autoware/ros/install/waypoint_follower/lib/pkgconfig:/home/daisuke/Autoware/ros/install/vector_map/lib/pkgconfig:/home/daisuke/Autoware/ros/install/vector_map_msgs/lib/pkgconfig:/home/daisuke/Autoware/ros/install/autoware_health_checker/lib/pkgconfig:/home/daisuke/Autoware/ros/install/tablet_socket_msgs/lib/pkgconfig:/home/daisuke/Autoware/ros/install/autoware_system_msgs/lib/pkgconfig:/home/daisuke/Autoware/ros/install/autoware_msgs/lib/pkgconfig:/home/daisuke/Autoware/ros/install/autoware_config_msgs/lib/pkgconfig:/home/daisuke/Autoware/ros/install/autoware_can_msgs/lib/pkgconfig:/home/daisuke/Autoware/ros/install/autoware_build_flags/lib/pkgconfig:${PKG_CONFIG_PATH} PYTHONPATH=/home/daisuke/Autoware/ros/install/vector_map_server/lib/python2.7/dist-packages:/home/daisuke/Autoware/ros/install/vector_map_msgs/lib/python2.7/dist-packages:/home/daisuke/Autoware/ros/install/tablet_socket_msgs/lib/python2.7/dist-packages:/home/daisuke/Autoware/ros/install/autoware_system_msgs/lib/python2.7/dist-packages:/home/daisuke/Autoware/ros/install/autoware_msgs/lib/python2.7/dist-packages:/home/daisuke/Autoware/ros/install/autoware_config_msgs/lib/python2.7/dist-packages:/home/daisuke/Autoware/ros/install/autoware_can_msgs/lib/python2.7/dist-packages:${PYTHONPATH} ROS_PACKAGE_PATH=/home/daisuke/Autoware/ros/install/op_simu/share:/home/daisuke/Autoware/ros/install/op_planner/share:/home/daisuke/Autoware/ros/install/op_utility/share:/home/daisuke/Autoware/ros/install/vector_map_server/share:/home/daisuke/Autoware/ros/install/map_file/share:/home/daisuke/Autoware/ros/install/waypoint_follower/share:/home/daisuke/Autoware/ros/install/vector_map/share:/home/daisuke/Autoware/ros/install/vector_map_msgs/share:/home/daisuke/Autoware/ros/install/autoware_health_checker/share:/home/daisuke/Autoware/ros/install/tablet_socket_msgs/share:/home/daisuke/Autoware/ros/install/autoware_system_msgs/share:/home/daisuke/Autoware/ros/install/autoware_msgs/share:/home/daisuke/Autoware/ros/install/autoware_config_msgs/share:/home/daisuke/Autoware/ros/install/autoware_can_msgs/share:/home/daisuke/Autoware/ros/install/autoware_build_flags/share:${ROS_PACKAGE_PATH} /usr/bin/cmake /home/daisuke/Autoware/ros/src/computing/planning/motion/packages/dp_planner -DCMAKE_BUILD_TYPE=Release -DCMAKE_LIBRARY_PATH=/usr/local/cuda/lib64/stubs -DCATKIN_INSTALL_INTO_PREFIX_ROOT=0 -DCMAKE_INSTALL_PREFIX=/home/daisuke/Autoware/ros/install/dp_planner
-- The C compiler identification is GNU 5.4.0
-- The CXX compiler identification is GNU 5.4.0
-- Check for working C compiler: /usr/bin/cc
-- Check for working C compiler: /usr/bin/cc -- works
-- Detecting C compiler ABI info
-- Detecting C compiler ABI info - done
-- Detecting C compile features
-- Detecting C compile features - done
-- Check for working CXX compiler: /usr/bin/c++
-- Check for working CXX compiler: /usr/bin/c++ -- works
-- Detecting CXX compiler ABI info
-- Detecting CXX compiler ABI info - done
-- Detecting CXX compile features
-- Detecting CXX compile features - done
-- Found OpenCV: /opt/ros/kinetic (found version "3.3.1") 
-- Using CATKIN_DEVEL_PREFIX: /home/daisuke/Autoware/ros/build/dp_planner/devel
-- Using CMAKE_PREFIX_PATH: /home/daisuke/Autoware/ros/install/op_simu;/home/daisuke/Autoware/ros/install/op_planner;/home/daisuke/Autoware/ros/install/op_utility;/home/daisuke/Autoware/ros/install/vector_map_server;/home/daisuke/Autoware/ros/install/map_file;/home/daisuke/Autoware/ros/install/waypoint_follower;/home/daisuke/Autoware/ros/install/vector_map;/home/daisuke/Autoware/ros/install/vector_map_msgs;/home/daisuke/Autoware/ros/install/autoware_health_checker;/home/daisuke/Autoware/ros/install/tablet_socket_msgs;/home/daisuke/Autoware/ros/install/autoware_system_msgs;/home/daisuke/Autoware/ros/install/autoware_msgs;/home/daisuke/Autoware/ros/install/autoware_config_msgs;/home/daisuke/Autoware/ros/install/autoware_can_msgs;/home/daisuke/Autoware/ros/install/autoware_build_flags;/home/daisuke/Autoware/ros/devel;/opt/ros/kinetic
-- This workspace overlays: /home/daisuke/Autoware/ros/install/op_simu;/home/daisuke/Autoware/ros/install/op_planner;/home/daisuke/Autoware/ros/install/op_utility;/home/daisuke/Autoware/ros/install/vector_map_server;/home/daisuke/Autoware/ros/install/map_file;/home/daisuke/Autoware/ros/install/waypoint_follower;/home/daisuke/Autoware/ros/install/vector_map;/home/daisuke/Autoware/ros/install/vector_map_msgs;/home/daisuke/Autoware/ros/install/autoware_health_checker;/home/daisuke/Autoware/ros/install/tablet_socket_msgs;/home/daisuke/Autoware/ros/install/autoware_system_msgs;/home/daisuke/Autoware/ros/install/autoware_msgs;/home/daisuke/Autoware/ros/install/autoware_config_msgs;/home/daisuke/Autoware/ros/install/autoware_can_msgs;/home/daisuke/Autoware/ros/install/autoware_build_flags;/opt/ros/kinetic
-- Found PythonInterp: /home/daisuke/pyenv/shims/python (found version "2.7.12") 
-- Using PYTHON_EXECUTABLE: /home/daisuke/pyenv/shims/python
-- Using Debian Python package layout
-- Using empy: /usr/bin/empy
-- Using CATKIN_ENABLE_TESTING: ON
-- Call enable_testing()
-- Using CATKIN_TEST_RESULTS_DIR: /home/daisuke/Autoware/ros/build/dp_planner/test_results
-- Found gmock sources under '/usr/src/gmock': gmock will be built
-- Looking for pthread.h
-- Looking for pthread.h - found
-- Looking for pthread_create
-- Looking for pthread_create - not found
-- Looking for pthread_create in pthreads
-- Looking for pthread_create in pthreads - not found
-- Looking for pthread_create in pthread
-- Looking for pthread_create in pthread - found
-- Found Threads: TRUE  
-- Found gtest sources under '/usr/src/gmock': gtests will be built
-- Using Python nosetests: /usr/bin/nosetests-2.7
-- catkin 0.7.14
-- Using these message generators: gencpp;geneus;genlisp;gennodejs;genpy
-- Configuring done
-- Generating done
-- Build files have been written to: /home/daisuke/Autoware/ros/build/dp_planner
Invoked command in '/home/daisuke/Autoware/ros/build/dp_planner' returned '0': CMAKE_PREFIX_PATH=/home/daisuke/Autoware/ros/install/op_simu:/home/daisuke/Autoware/ros/install/op_planner:/home/daisuke/Autoware/ros/install/op_utility:/home/daisuke/Autoware/ros/install/vector_map_server:/home/daisuke/Autoware/ros/install/map_file:/home/daisuke/Autoware/ros/install/waypoint_follower:/home/daisuke/Autoware/ros/install/vector_map:/home/daisuke/Autoware/ros/install/vector_map_msgs:/home/daisuke/Autoware/ros/install/autoware_health_checker:/home/daisuke/Autoware/ros/install/tablet_socket_msgs:/home/daisuke/Autoware/ros/install/autoware_system_msgs:/home/daisuke/Autoware/ros/install/autoware_msgs:/home/daisuke/Autoware/ros/install/autoware_config_msgs:/home/daisuke/Autoware/ros/install/autoware_can_msgs:/home/daisuke/Autoware/ros/install/autoware_build_flags:${CMAKE_PREFIX_PATH} LD_LIBRARY_PATH=/home/daisuke/Autoware/ros/install/op_simu/lib:/home/daisuke/Autoware/ros/install/op_planner/lib:/home/daisuke/Autoware/ros/install/op_utility/lib:/home/daisuke/Autoware/ros/install/map_file/lib:/home/daisuke/Autoware/ros/install/waypoint_follower/lib:/home/daisuke/Autoware/ros/install/vector_map/lib:/home/daisuke/Autoware/ros/install/autoware_health_checker/lib:${LD_LIBRARY_PATH} PKG_CONFIG_PATH=/home/daisuke/Autoware/ros/install/op_simu/lib/pkgconfig:/home/daisuke/Autoware/ros/install/op_planner/lib/pkgconfig:/home/daisuke/Autoware/ros/install/op_utility/lib/pkgconfig:/home/daisuke/Autoware/ros/install/vector_map_server/lib/pkgconfig:/home/daisuke/Autoware/ros/install/map_file/lib/pkgconfig:/home/daisuke/Autoware/ros/install/waypoint_follower/lib/pkgconfig:/home/daisuke/Autoware/ros/install/vector_map/lib/pkgconfig:/home/daisuke/Autoware/ros/install/vector_map_msgs/lib/pkgconfig:/home/daisuke/Autoware/ros/install/autoware_health_checker/lib/pkgconfig:/home/daisuke/Autoware/ros/install/tablet_socket_msgs/lib/pkgconfig:/home/daisuke/Autoware/ros/install/autoware_system_msgs/lib/pkgconfig:/home/daisuke/Autoware/ros/install/autoware_msgs/lib/pkgconfig:/home/daisuke/Autoware/ros/install/autoware_config_msgs/lib/pkgconfig:/home/daisuke/Autoware/ros/install/autoware_can_msgs/lib/pkgconfig:/home/daisuke/Autoware/ros/install/autoware_build_flags/lib/pkgconfig:${PKG_CONFIG_PATH} PYTHONPATH=/home/daisuke/Autoware/ros/install/vector_map_server/lib/python2.7/dist-packages:/home/daisuke/Autoware/ros/install/vector_map_msgs/lib/python2.7/dist-packages:/home/daisuke/Autoware/ros/install/tablet_socket_msgs/lib/python2.7/dist-packages:/home/daisuke/Autoware/ros/install/autoware_system_msgs/lib/python2.7/dist-packages:/home/daisuke/Autoware/ros/install/autoware_msgs/lib/python2.7/dist-packages:/home/daisuke/Autoware/ros/install/autoware_config_msgs/lib/python2.7/dist-packages:/home/daisuke/Autoware/ros/install/autoware_can_msgs/lib/python2.7/dist-packages:${PYTHONPATH} ROS_PACKAGE_PATH=/home/daisuke/Autoware/ros/install/op_simu/share:/home/daisuke/Autoware/ros/install/op_planner/share:/home/daisuke/Autoware/ros/install/op_utility/share:/home/daisuke/Autoware/ros/install/vector_map_server/share:/home/daisuke/Autoware/ros/install/map_file/share:/home/daisuke/Autoware/ros/install/waypoint_follower/share:/home/daisuke/Autoware/ros/install/vector_map/share:/home/daisuke/Autoware/ros/install/vector_map_msgs/share:/home/daisuke/Autoware/ros/install/autoware_health_checker/share:/home/daisuke/Autoware/ros/install/tablet_socket_msgs/share:/home/daisuke/Autoware/ros/install/autoware_system_msgs/share:/home/daisuke/Autoware/ros/install/autoware_msgs/share:/home/daisuke/Autoware/ros/install/autoware_config_msgs/share:/home/daisuke/Autoware/ros/install/autoware_can_msgs/share:/home/daisuke/Autoware/ros/install/autoware_build_flags/share:${ROS_PACKAGE_PATH} /usr/bin/cmake /home/daisuke/Autoware/ros/src/computing/planning/motion/packages/dp_planner -DCMAKE_BUILD_TYPE=Release -DCMAKE_LIBRARY_PATH=/usr/local/cuda/lib64/stubs -DCATKIN_INSTALL_INTO_PREFIX_ROOT=0 -DCMAKE_INSTALL_PREFIX=/home/daisuke/Autoware/ros/install/dp_planner
Invoking command in '/home/daisuke/Autoware/ros/build/dp_planner': CMAKE_PREFIX_PATH=/home/daisuke/Autoware/ros/install/op_simu:/home/daisuke/Autoware/ros/install/op_planner:/home/daisuke/Autoware/ros/install/op_utility:/home/daisuke/Autoware/ros/install/vector_map_server:/home/daisuke/Autoware/ros/install/map_file:/home/daisuke/Autoware/ros/install/waypoint_follower:/home/daisuke/Autoware/ros/install/vector_map:/home/daisuke/Autoware/ros/install/vector_map_msgs:/home/daisuke/Autoware/ros/install/autoware_health_checker:/home/daisuke/Autoware/ros/install/tablet_socket_msgs:/home/daisuke/Autoware/ros/install/autoware_system_msgs:/home/daisuke/Autoware/ros/install/autoware_msgs:/home/daisuke/Autoware/ros/install/autoware_config_msgs:/home/daisuke/Autoware/ros/install/autoware_can_msgs:/home/daisuke/Autoware/ros/install/autoware_build_flags:${CMAKE_PREFIX_PATH} LD_LIBRARY_PATH=/home/daisuke/Autoware/ros/install/op_simu/lib:/home/daisuke/Autoware/ros/install/op_planner/lib:/home/daisuke/Autoware/ros/install/op_utility/lib:/home/daisuke/Autoware/ros/install/map_file/lib:/home/daisuke/Autoware/ros/install/waypoint_follower/lib:/home/daisuke/Autoware/ros/install/vector_map/lib:/home/daisuke/Autoware/ros/install/autoware_health_checker/lib:${LD_LIBRARY_PATH} PKG_CONFIG_PATH=/home/daisuke/Autoware/ros/install/op_simu/lib/pkgconfig:/home/daisuke/Autoware/ros/install/op_planner/lib/pkgconfig:/home/daisuke/Autoware/ros/install/op_utility/lib/pkgconfig:/home/daisuke/Autoware/ros/install/vector_map_server/lib/pkgconfig:/home/daisuke/Autoware/ros/install/map_file/lib/pkgconfig:/home/daisuke/Autoware/ros/install/waypoint_follower/lib/pkgconfig:/home/daisuke/Autoware/ros/install/vector_map/lib/pkgconfig:/home/daisuke/Autoware/ros/install/vector_map_msgs/lib/pkgconfig:/home/daisuke/Autoware/ros/install/autoware_health_checker/lib/pkgconfig:/home/daisuke/Autoware/ros/install/tablet_socket_msgs/lib/pkgconfig:/home/daisuke/Autoware/ros/install/autoware_system_msgs/lib/pkgconfig:/home/daisuke/Autoware/ros/install/autoware_msgs/lib/pkgconfig:/home/daisuke/Autoware/ros/install/autoware_config_msgs/lib/pkgconfig:/home/daisuke/Autoware/ros/install/autoware_can_msgs/lib/pkgconfig:/home/daisuke/Autoware/ros/install/autoware_build_flags/lib/pkgconfig:${PKG_CONFIG_PATH} PYTHONPATH=/home/daisuke/Autoware/ros/install/vector_map_server/lib/python2.7/dist-packages:/home/daisuke/Autoware/ros/install/vector_map_msgs/lib/python2.7/dist-packages:/home/daisuke/Autoware/ros/install/tablet_socket_msgs/lib/python2.7/dist-packages:/home/daisuke/Autoware/ros/install/autoware_system_msgs/lib/python2.7/dist-packages:/home/daisuke/Autoware/ros/install/autoware_msgs/lib/python2.7/dist-packages:/home/daisuke/Autoware/ros/install/autoware_config_msgs/lib/python2.7/dist-packages:/home/daisuke/Autoware/ros/install/autoware_can_msgs/lib/python2.7/dist-packages:${PYTHONPATH} ROS_PACKAGE_PATH=/home/daisuke/Autoware/ros/install/op_simu/share:/home/daisuke/Autoware/ros/install/op_planner/share:/home/daisuke/Autoware/ros/install/op_utility/share:/home/daisuke/Autoware/ros/install/vector_map_server/share:/home/daisuke/Autoware/ros/install/map_file/share:/home/daisuke/Autoware/ros/install/waypoint_follower/share:/home/daisuke/Autoware/ros/install/vector_map/share:/home/daisuke/Autoware/ros/install/vector_map_msgs/share:/home/daisuke/Autoware/ros/install/autoware_health_checker/share:/home/daisuke/Autoware/ros/install/tablet_socket_msgs/share:/home/daisuke/Autoware/ros/install/autoware_system_msgs/share:/home/daisuke/Autoware/ros/install/autoware_msgs/share:/home/daisuke/Autoware/ros/install/autoware_config_msgs/share:/home/daisuke/Autoware/ros/install/autoware_can_msgs/share:/home/daisuke/Autoware/ros/install/autoware_build_flags/share:${ROS_PACKAGE_PATH} /usr/bin/cmake --build /home/daisuke/Autoware/ros/build/dp_planner -- -j8 -l8
[35m[1mScanning dependencies of target jsk_recognition_msgs_generate_messages_lisp[0m
[35m[1mScanning dependencies of target autoware_system_msgs_generate_messages_cpp[0m
[35m[1mScanning dependencies of target tablet_socket_msgs_generate_messages_nodejs[0m
[35m[1mScanning dependencies of target autoware_system_msgs_generate_messages_nodejs[0m
[  0%] Built target jsk_recognition_msgs_generate_messages_lisp
[  0%] Built target autoware_system_msgs_generate_messages_nodejs
[  0%] Built target autoware_system_msgs_generate_messages_cpp
[  0%] Built target tablet_socket_msgs_generate_messages_nodejs
[35m[1mScanning dependencies of target autoware_config_msgs_generate_messages_eus[0m
[35m[1mScanning dependencies of target tablet_socket_msgs_generate_messages_eus[0m
[35m[1mScanning dependencies of target autoware_config_msgs_generate_messages_lisp[0m
[35m[1mScanning dependencies of target autoware_config_msgs_generate_messages_py[0m
[35m[1mScanning dependencies of target tablet_socket_msgs_generate_messages_cpp[0m
[  0%] Built target autoware_config_msgs_generate_messages_eus
[35m[1mScanning dependencies of target visualization_msgs_generate_messages_py[0m
[35m[1mScanning dependencies of target visualization_msgs_generate_messages_lisp[0m
[  0%] Built target tablet_socket_msgs_generate_messages_eus
[  0%] Built target autoware_config_msgs_generate_messages_py
[  0%] Built target autoware_config_msgs_generate_messages_lisp
[  0%] Built target tablet_socket_msgs_generate_messages_cpp
[  0%] Built target visualization_msgs_generate_messages_py
[  0%] Built target visualization_msgs_generate_messages_lisp
[35m[1mScanning dependencies of target autoware_msgs_generate_messages_cpp[0m
[35m[1mScanning dependencies of target vector_map_server_generate_messages_nodejs[0m
[35m[1mScanning dependencies of target visualization_msgs_generate_messages_cpp[0m
[  0%] Built target autoware_msgs_generate_messages_cpp
[35m[1mScanning dependencies of target autoware_config_msgs_generate_messages_nodejs[0m
[35m[1mScanning dependencies of target jsk_footstep_msgs_generate_messages_py[0m
[  0%] Built target vector_map_server_generate_messages_nodejs
[35m[1mScanning dependencies of target jsk_footstep_msgs_generate_messages_nodejs[0m
[35m[1mScanning dependencies of target vector_map_server_generate_messages_lisp[0m
[  0%] Built target jsk_footstep_msgs_generate_messages_py
[  0%] Built target visualization_msgs_generate_messages_cpp
[  0%] Built target vector_map_server_generate_messages_lisp
[35m[1mScanning dependencies of target jsk_footstep_msgs_generate_messages_eus[0m
[  0%] Built target jsk_footstep_msgs_generate_messages_nodejs
[35m[1mScanning dependencies of target autoware_msgs_generate_messages_lisp[0m
[  0%] Built target autoware_config_msgs_generate_messages_nodejs
[35m[1mScanning dependencies of target jsk_footstep_msgs_generate_messages_cpp[0m
[35m[1mScanning dependencies of target jsk_recognition_msgs_generate_messages_py[0m
[35m[1mScanning dependencies of target jsk_recognition_msgs_generate_messages_nodejs[0m
[  0%] Built target jsk_footstep_msgs_generate_messages_eus
[  0%] Built target jsk_footstep_msgs_generate_messages_cpp
[35m[1mScanning dependencies of target autoware_system_msgs_generate_messages_eus[0m
[  0%] Built target jsk_recognition_msgs_generate_messages_py
[  0%] Built target autoware_msgs_generate_messages_lisp
[  0%] Built target autoware_system_msgs_generate_messages_eus
[  0%] Built target jsk_recognition_msgs_generate_messages_nodejs
[35m[1mScanning dependencies of target autoware_msgs_generate_messages_py[0m
[35m[1mScanning dependencies of target tablet_socket_msgs_generate_messages_py[0m
[35m[1mScanning dependencies of target actionlib_msgs_generate_messages_cpp[0m
[35m[1mScanning dependencies of target sensor_msgs_generate_messages_eus[0m
[35m[1mScanning dependencies of target jsk_footstep_msgs_generate_messages_lisp[0m
[35m[1mScanning dependencies of target actionlib_generate_messages_nodejs[0m
[  0%] Built target actionlib_generate_messages_nodejs
[  0%] Built target autoware_msgs_generate_messages_py
[  0%] Built target jsk_footstep_msgs_generate_messages_lisp
[  0%] Built target actionlib_msgs_generate_messages_cpp
[  0%] Built target tablet_socket_msgs_generate_messages_py
[35m[1mScanning dependencies of target std_srvs_generate_messages_nodejs[0m
[35m[1mScanning dependencies of target pcl_msgs_generate_messages_nodejs[0m
[35m[1mScanning dependencies of target sensor_msgs_generate_messages_cpp[0m
[  0%] Built target sensor_msgs_generate_messages_eus
[35m[1mScanning dependencies of target rosgraph_msgs_generate_messages_cpp[0m
[35m[1mScanning dependencies of target pcl_msgs_generate_messages_eus[0m
[  0%] Built target std_srvs_generate_messages_nodejs
[35m[1mScanning dependencies of target rosgraph_msgs_generate_messages_lisp[0m
[  0%] Built target pcl_msgs_generate_messages_nodejs
[  0%] Built target sensor_msgs_generate_messages_cpp
[35m[1mScanning dependencies of target autoware_can_msgs_generate_messages_nodejs[0m
[35m[1mScanning dependencies of target std_srvs_generate_messages_eus[0m
[  0%] Built target rosgraph_msgs_generate_messages_lisp
[35m[1mScanning dependencies of target autoware_can_msgs_generate_messages_eus[0m
[  0%] Built target pcl_msgs_generate_messages_eus
[  0%] Built target rosgraph_msgs_generate_messages_cpp
[  0%] Built target autoware_can_msgs_generate_messages_nodejs
[  0%] Built target std_srvs_generate_messages_eus
[35m[1mScanning dependencies of target autoware_can_msgs_generate_messages_cpp[0m
[35m[1mScanning dependencies of target std_msgs_generate_messages_cpp[0m
[35m[1mScanning dependencies of target visualization_msgs_generate_messages_nodejs[0m
[  0%] Built target autoware_can_msgs_generate_messages_eus
[35m[1mScanning dependencies of target rosgraph_msgs_generate_messages_nodejs[0m
[  0%] Built target autoware_can_msgs_generate_messages_cpp
[  0%] Built target visualization_msgs_generate_messages_nodejs
[  0%] Built target std_msgs_generate_messages_cpp
[35m[1mScanning dependencies of target geometry_msgs_generate_messages_cpp[0m
[35m[1mScanning dependencies of target vector_map_msgs_generate_messages_cpp[0m
[35m[1mScanning dependencies of target sensor_msgs_generate_messages_nodejs[0m
[  0%] Built target rosgraph_msgs_generate_messages_nodejs
[  0%] Built target geometry_msgs_generate_messages_cpp
[  0%] Built target vector_map_msgs_generate_messages_cpp
[35m[1mScanning dependencies of target autoware_can_msgs_generate_messages_py[0m
[35m[1mScanning dependencies of target std_msgs_generate_messages_nodejs[0m
[  0%] Built target sensor_msgs_generate_messages_nodejs
[  0%] Built target autoware_can_msgs_generate_messages_py
[35m[1mScanning dependencies of target geometry_msgs_generate_messages_eus[0m
[35m[1mScanning dependencies of target geometry_msgs_generate_messages_py[0m
[35m[1mScanning dependencies of target jsk_recognition_msgs_generate_messages_cpp[0m
[35m[1mScanning dependencies of target geometry_msgs_generate_messages_nodejs[0m
[  0%] Built target std_msgs_generate_messages_nodejs
[35m[1mScanning dependencies of target geometry_msgs_generate_messages_lisp[0m
[  0%] Built target geometry_msgs_generate_messages_nodejs
[  0%] Built target geometry_msgs_generate_messages_py
[  0%] Built target geometry_msgs_generate_messages_eus
[  0%] Built target geometry_msgs_generate_messages_lisp
[35m[1mScanning dependencies of target autoware_msgs_generate_messages_eus[0m
[  0%] Built target jsk_recognition_msgs_generate_messages_cpp
[35m[1mScanning dependencies of target bond_generate_messages_py[0m
[  0%] Built target autoware_msgs_generate_messages_eus
[35m[1mScanning dependencies of target vector_map_msgs_generate_messages_eus[0m
[35m[1mScanning dependencies of target std_srvs_generate_messages_lisp[0m
[35m[1mScanning dependencies of target roscpp_generate_messages_lisp[0m
[35m[1mScanning dependencies of target std_msgs_generate_messages_lisp[0m
[  0%] Built target bond_generate_messages_py
[35m[1mScanning dependencies of target tf_generate_messages_cpp[0m
[  0%] Built target std_srvs_generate_messages_lisp
[  0%] Built target roscpp_generate_messages_lisp
[  0%] Built target vector_map_msgs_generate_messages_eus
[  0%] Built target tf_generate_messages_cpp
[35m[1mScanning dependencies of target vector_map_server_generate_messages_eus[0m
[  0%] Built target std_msgs_generate_messages_lisp
[35m[1mScanning dependencies of target roscpp_generate_messages_cpp[0m
[35m[1mScanning dependencies of target vector_map_server_generate_messages_cpp[0m
[35m[1mScanning dependencies of target nodelet_generate_messages_py[0m
[35m[1mScanning dependencies of target nodelet_generate_messages_lisp[0m
[35m[1mScanning dependencies of target tablet_socket_msgs_generate_messages_lisp[0m
[  0%] Built target vector_map_server_generate_messages_eus
[35m[1mScanning dependencies of target vector_map_msgs_generate_messages_lisp[0m
[35m[1mScanning dependencies of target autoware_msgs_generate_messages_nodejs[0m
[  0%] Built target roscpp_generate_messages_cpp
[  0%] Built target nodelet_generate_messages_py
[  0%] Built target tablet_socket_msgs_generate_messages_lisp
[  0%] Built target nodelet_generate_messages_lisp
[  0%] Built target vector_map_msgs_generate_messages_lisp
[  0%] Built target vector_map_server_generate_messages_cpp
[35m[1mScanning dependencies of target pcl_msgs_generate_messages_cpp[0m
[  0%] Built target autoware_msgs_generate_messages_nodejs
[35m[1mScanning dependencies of target autoware_can_msgs_generate_messages_lisp[0m
[35m[1mScanning dependencies of target pcl_msgs_generate_messages_lisp[0m
[35m[1mScanning dependencies of target roscpp_generate_messages_eus[0m
[35m[1mScanning dependencies of target tf2_msgs_generate_messages_lisp[0m
[35m[1mScanning dependencies of target vector_map_msgs_generate_messages_py[0m
[  0%] Built target pcl_msgs_generate_messages_cpp
[35m[1mScanning dependencies of target std_srvs_generate_messages_cpp[0m
[35m[1mScanning dependencies of target bond_generate_messages_eus[0m
[  0%] Built target vector_map_msgs_generate_messages_py
[  0%] Built target tf2_msgs_generate_messages_lisp
[  0%] Built target autoware_can_msgs_generate_messages_lisp
[  0%] Built target pcl_msgs_generate_messages_lisp
[35m[1mScanning dependencies of target rosgraph_msgs_generate_messages_py[0m
[  0%] Built target roscpp_generate_messages_eus
[35m[1mScanning dependencies of target actionlib_generate_messages_cpp[0m
[  0%] Built target std_srvs_generate_messages_cpp
[35m[1mScanning dependencies of target tf_generate_messages_lisp[0m
[  0%] Built target bond_generate_messages_eus
[35m[1mScanning dependencies of target roscpp_generate_messages_nodejs[0m
[35m[1mScanning dependencies of target sensor_msgs_generate_messages_py[0m
[35m[1mScanning dependencies of target jsk_recognition_msgs_generate_messages_eus[0m
[  0%] Built target actionlib_generate_messages_cpp
[  0%] Built target rosgraph_msgs_generate_messages_py
[35m[1mScanning dependencies of target roscpp_generate_messages_py[0m
[  0%] Built target tf_generate_messages_lisp
[  0%] Built target roscpp_generate_messages_nodejs
[  0%] Built target sensor_msgs_generate_messages_py
[  0%] Built target jsk_recognition_msgs_generate_messages_eus
[35m[1mScanning dependencies of target std_srvs_generate_messages_py[0m
[35m[1mScanning dependencies of target tf_generate_messages_nodejs[0m
[  0%] Built target roscpp_generate_messages_py
[35m[1mScanning dependencies of target rosgraph_msgs_generate_messages_eus[0m
[35m[1mScanning dependencies of target std_msgs_generate_messages_py[0m
[35m[1mScanning dependencies of target dynamic_reconfigure_generate_messages_cpp[0m
[35m[1mScanning dependencies of target dynamic_reconfigure_generate_messages_lisp[0m
[35m[1mScanning dependencies of target dynamic_reconfigure_generate_messages_nodejs[0m
[  0%] Built target std_srvs_generate_messages_py
[  0%] Built target rosgraph_msgs_generate_messages_eus
[  0%] Built target tf_generate_messages_nodejs
[35m[1mScanning dependencies of target autoware_config_msgs_generate_messages_cpp[0m
[  0%] Built target dynamic_reconfigure_generate_messages_nodejs
[  0%] Built target dynamic_reconfigure_generate_messages_lisp
[35m[1mScanning dependencies of target vector_map_msgs_generate_messages_nodejs[0m
[  0%] Built target std_msgs_generate_messages_py
[35m[1mScanning dependencies of target dynamic_reconfigure_gencfg[0m
[  0%] Built target dynamic_reconfigure_generate_messages_cpp
[35m[1mScanning dependencies of target nodelet_generate_messages_cpp[0m
[  0%] Built target autoware_config_msgs_generate_messages_cpp
[35m[1mScanning dependencies of target tf2_msgs_generate_messages_eus[0m
[35m[1mScanning dependencies of target visualization_msgs_generate_messages_eus[0m
[  0%] Built target dynamic_reconfigure_gencfg
[  0%] Built target vector_map_msgs_generate_messages_nodejs
[35m[1mScanning dependencies of target vector_map_server_generate_messages_py[0m
[35m[1mScanning dependencies of target pcl_ros_gencfg[0m
[  0%] Built target pcl_ros_gencfg
[  0%] Built target visualization_msgs_generate_messages_eus
[  0%] Built target tf2_msgs_generate_messages_eus
[35m[1mScanning dependencies of target pcl_msgs_generate_messages_py[0m
[  0%] Built target nodelet_generate_messages_cpp
[35m[1mScanning dependencies of target dynamic_reconfigure_generate_messages_eus[0m
[  0%] Built target vector_map_server_generate_messages_py
[35m[1mScanning dependencies of target bond_generate_messages_nodejs[0m
[35m[1mScanning dependencies of target tf2_msgs_generate_messages_nodejs[0m
[35m[1mScanning dependencies of target nodelet_generate_messages_nodejs[0m
[  0%] Built target pcl_msgs_generate_messages_py
[35m[1mScanning dependencies of target bond_generate_messages_cpp[0m
[35m[1mScanning dependencies of target autoware_system_msgs_generate_messages_py[0m
[  0%] Built target bond_generate_messages_nodejs
[  0%] Built target dynamic_reconfigure_generate_messages_eus
[35m[1mScanning dependencies of target bond_generate_messages_lisp[0m
[  0%] Built target nodelet_generate_messages_nodejs
[  0%] Built target bond_generate_messages_cpp
[35m[1mScanning dependencies of target nodelet_generate_messages_eus[0m
[  0%] Built target tf2_msgs_generate_messages_nodejs
[35m[1mScanning dependencies of target topic_tools_generate_messages_cpp[0m
[35m[1mScanning dependencies of target sensor_msgs_generate_messages_lisp[0m
[35m[1mScanning dependencies of target topic_tools_generate_messages_eus[0m
[  0%] Built target autoware_system_msgs_generate_messages_py
[35m[1mScanning dependencies of target topic_tools_generate_messages_lisp[0m
[  0%] Built target topic_tools_generate_messages_cpp
[  0%] Built target bond_generate_messages_lisp
[35m[1mScanning dependencies of target nodelet_topic_tools_gencfg[0m
[  0%] Built target nodelet_generate_messages_eus
[  0%] Built target sensor_msgs_generate_messages_lisp
[  0%] Built target topic_tools_generate_messages_eus
[  0%] Built target topic_tools_generate_messages_lisp
[35m[1mScanning dependencies of target topic_tools_generate_messages_nodejs[0m
[35m[1mScanning dependencies of target topic_tools_generate_messages_py[0m
[35m[1mScanning dependencies of target autoware_system_msgs_generate_messages_lisp[0m
[  0%] Built target nodelet_topic_tools_gencfg
[35m[1mScanning dependencies of target actionlib_msgs_generate_messages_nodejs[0m
[35m[1mScanning dependencies of target tf_generate_messages_eus[0m
[35m[1mScanning dependencies of target tf2_msgs_generate_messages_py[0m
[  0%] Built target topic_tools_generate_messages_nodejs
[  0%] Built target topic_tools_generate_messages_py
[35m[1mScanning dependencies of target tf_generate_messages_py[0m
[  0%] Built target autoware_system_msgs_generate_messages_lisp
[  0%] Built target actionlib_msgs_generate_messages_nodejs
[  0%] Built target tf_generate_messages_eus
[35m[1mScanning dependencies of target std_msgs_generate_messages_eus[0m
[  0%] Built target tf2_msgs_generate_messages_py
[35m[1mScanning dependencies of target actionlib_generate_messages_lisp[0m
[35m[1mScanning dependencies of target actionlib_generate_messages_eus[0m
[35m[1mScanning dependencies of target dynamic_reconfigure_generate_messages_py[0m
[  0%] Built target tf_generate_messages_py
[35m[1mScanning dependencies of target actionlib_msgs_generate_messages_eus[0m
[  0%] Built target std_msgs_generate_messages_eus
[35m[1mScanning dependencies of target actionlib_generate_messages_py[0m
[  0%] Built target actionlib_generate_messages_lisp
[35m[1mScanning dependencies of target actionlib_msgs_generate_messages_lisp[0m
[  0%] Built target dynamic_reconfigure_generate_messages_py
[  0%] Built target actionlib_generate_messages_eus
[  0%] Built target actionlib_msgs_generate_messages_eus
[  0%] Built target actionlib_msgs_generate_messages_lisp
[  0%] Built target actionlib_generate_messages_py
[35m[1mScanning dependencies of target tf2_msgs_generate_messages_cpp[0m
[  0%] Built target tf2_msgs_generate_messages_cpp
[35m[1mScanning dependencies of target actionlib_msgs_generate_messages_py[0m
[  0%] Built target actionlib_msgs_generate_messages_py
[35m[1mScanning dependencies of target dp_planner[0m
[ 20%] [32mBuilding CXX object CMakeFiles/dp_planner.dir/nodes/dp_planner.cpp.o[0m
[ 40%] [32mBuilding CXX object CMakeFiles/dp_planner.dir/nodes/PolygonGenerator.cpp.o[0m
[ 60%] [32mBuilding CXX object CMakeFiles/dp_planner.dir/nodes/ROSHelpers.cpp.o[0m
[01m[K/home/daisuke/Autoware/ros/src/computing/planning/motion/packages/dp_planner/nodes/ROSHelpers.cpp:[m[K In static member function ‘[01m[Kstatic void PlannerXNS::ROSHelpers::ConvertFromPlannerHRectangleToAutowareRviz(const std::vector<PlannerHNS::GPSPoint>&, visualization_msgs::Marker&)[m[K’:
[01m[K/home/daisuke/Autoware/ros/src/computing/planning/motion/packages/dp_planner/nodes/ROSHelpers.cpp:142:6:[m[K [01;35m[Kwarning: [m[Kunused variable ‘[01m[Kid[m[K’ [-Wunused-variable]
  int id = 0;
[01;32m[K      ^[m[K
[01m[K/home/daisuke/Autoware/ros/src/computing/planning/motion/packages/dp_planner/nodes/ROSHelpers.cpp:[m[K In static member function ‘[01m[Kstatic void PlannerXNS::ROSHelpers::ConvertFromPlannerHToAutowareVisualizePathFormat(const std::vector<PlannerHNS::WayPoint>&, const std::vector<std::vector<std::vector<PlannerHNS::WayPoint> > >&, const PlannerHNS::LocalPlannerH&, visualization_msgs::MarkerArray&)[m[K’:
[01m[K/home/daisuke/Autoware/ros/src/computing/planning/motion/packages/dp_planner/nodes/ROSHelpers.cpp:245:9:[m[K [01;35m[Kwarning: [m[Kcomparison between signed and unsigned integer expressions [-Wsign-compare]
    if(i == localPlanner.m_iSafeTrajectory && il == localPlanner.m_iCurrentTotal
[01;32m[K         ^[m[K
[01m[K/home/daisuke/Autoware/ros/src/computing/planning/motion/packages/dp_planner/nodes/ROSHelpers.cpp:245:49:[m[K [01;35m[Kwarning: [m[Kcomparison between signed and unsigned integer expressions [-Wsign-compare]
    if(i == localPlanner.m_iSafeTrajectory && il == localPlanner.m_iCurrentTotal
[01;32m[K                                                 ^[m[K
[01m[K/home/daisuke/Autoware/ros/src/computing/planning/motion/packages/dp_planner/nodes/ROSHelpers.cpp:[m[K In static member function ‘[01m[Kstatic void PlannerXNS::ROSHelpers::ConvertFromAutowareCloudClusterObstaclesToPlannerH(const PlannerHNS::WayPoint&, const PlannerHNS::CAR_BASIC_INFO&, const CloudClusterArray&, std::vector<PlannerHNS::DetectedObject>&, int&, int&)[m[K’:
[01m[K/home/daisuke/Autoware/ros/src/computing/planning/motion/packages/dp_planner/nodes/ROSHelpers.cpp:646:10:[m[K [01;35m[Kwarning: [m[Kunused variable ‘[01m[Ksize[m[K’ [-Wunused-variable]
   double size = (obj.w+obj.l)/2.0;
[01;32m[K          ^[m[K
[ 80%] [32mBuilding CXX object CMakeFiles/dp_planner.dir/nodes/dp_planner_core.cpp.o[0m
[100%] [32m[1mLinking CXX executable devel/lib/dp_planner/dp_planner[0m
[100%] Built target dp_planner
Invoked command in '/home/daisuke/Autoware/ros/build/dp_planner' returned '0': CMAKE_PREFIX_PATH=/home/daisuke/Autoware/ros/install/op_simu:/home/daisuke/Autoware/ros/install/op_planner:/home/daisuke/Autoware/ros/install/op_utility:/home/daisuke/Autoware/ros/install/vector_map_server:/home/daisuke/Autoware/ros/install/map_file:/home/daisuke/Autoware/ros/install/waypoint_follower:/home/daisuke/Autoware/ros/install/vector_map:/home/daisuke/Autoware/ros/install/vector_map_msgs:/home/daisuke/Autoware/ros/install/autoware_health_checker:/home/daisuke/Autoware/ros/install/tablet_socket_msgs:/home/daisuke/Autoware/ros/install/autoware_system_msgs:/home/daisuke/Autoware/ros/install/autoware_msgs:/home/daisuke/Autoware/ros/install/autoware_config_msgs:/home/daisuke/Autoware/ros/install/autoware_can_msgs:/home/daisuke/Autoware/ros/install/autoware_build_flags:${CMAKE_PREFIX_PATH} LD_LIBRARY_PATH=/home/daisuke/Autoware/ros/install/op_simu/lib:/home/daisuke/Autoware/ros/install/op_planner/lib:/home/daisuke/Autoware/ros/install/op_utility/lib:/home/daisuke/Autoware/ros/install/map_file/lib:/home/daisuke/Autoware/ros/install/waypoint_follower/lib:/home/daisuke/Autoware/ros/install/vector_map/lib:/home/daisuke/Autoware/ros/install/autoware_health_checker/lib:${LD_LIBRARY_PATH} PKG_CONFIG_PATH=/home/daisuke/Autoware/ros/install/op_simu/lib/pkgconfig:/home/daisuke/Autoware/ros/install/op_planner/lib/pkgconfig:/home/daisuke/Autoware/ros/install/op_utility/lib/pkgconfig:/home/daisuke/Autoware/ros/install/vector_map_server/lib/pkgconfig:/home/daisuke/Autoware/ros/install/map_file/lib/pkgconfig:/home/daisuke/Autoware/ros/install/waypoint_follower/lib/pkgconfig:/home/daisuke/Autoware/ros/install/vector_map/lib/pkgconfig:/home/daisuke/Autoware/ros/install/vector_map_msgs/lib/pkgconfig:/home/daisuke/Autoware/ros/install/autoware_health_checker/lib/pkgconfig:/home/daisuke/Autoware/ros/install/tablet_socket_msgs/lib/pkgconfig:/home/daisuke/Autoware/ros/install/autoware_system_msgs/lib/pkgconfig:/home/daisuke/Autoware/ros/install/autoware_msgs/lib/pkgconfig:/home/daisuke/Autoware/ros/install/autoware_config_msgs/lib/pkgconfig:/home/daisuke/Autoware/ros/install/autoware_can_msgs/lib/pkgconfig:/home/daisuke/Autoware/ros/install/autoware_build_flags/lib/pkgconfig:${PKG_CONFIG_PATH} PYTHONPATH=/home/daisuke/Autoware/ros/install/vector_map_server/lib/python2.7/dist-packages:/home/daisuke/Autoware/ros/install/vector_map_msgs/lib/python2.7/dist-packages:/home/daisuke/Autoware/ros/install/tablet_socket_msgs/lib/python2.7/dist-packages:/home/daisuke/Autoware/ros/install/autoware_system_msgs/lib/python2.7/dist-packages:/home/daisuke/Autoware/ros/install/autoware_msgs/lib/python2.7/dist-packages:/home/daisuke/Autoware/ros/install/autoware_config_msgs/lib/python2.7/dist-packages:/home/daisuke/Autoware/ros/install/autoware_can_msgs/lib/python2.7/dist-packages:${PYTHONPATH} ROS_PACKAGE_PATH=/home/daisuke/Autoware/ros/install/op_simu/share:/home/daisuke/Autoware/ros/install/op_planner/share:/home/daisuke/Autoware/ros/install/op_utility/share:/home/daisuke/Autoware/ros/install/vector_map_server/share:/home/daisuke/Autoware/ros/install/map_file/share:/home/daisuke/Autoware/ros/install/waypoint_follower/share:/home/daisuke/Autoware/ros/install/vector_map/share:/home/daisuke/Autoware/ros/install/vector_map_msgs/share:/home/daisuke/Autoware/ros/install/autoware_health_checker/share:/home/daisuke/Autoware/ros/install/tablet_socket_msgs/share:/home/daisuke/Autoware/ros/install/autoware_system_msgs/share:/home/daisuke/Autoware/ros/install/autoware_msgs/share:/home/daisuke/Autoware/ros/install/autoware_config_msgs/share:/home/daisuke/Autoware/ros/install/autoware_can_msgs/share:/home/daisuke/Autoware/ros/install/autoware_build_flags/share:${ROS_PACKAGE_PATH} /usr/bin/cmake --build /home/daisuke/Autoware/ros/build/dp_planner -- -j8 -l8
Invoking command in '/home/daisuke/Autoware/ros/build/dp_planner': CMAKE_PREFIX_PATH=/home/daisuke/Autoware/ros/install/op_simu:/home/daisuke/Autoware/ros/install/op_planner:/home/daisuke/Autoware/ros/install/op_utility:/home/daisuke/Autoware/ros/install/vector_map_server:/home/daisuke/Autoware/ros/install/map_file:/home/daisuke/Autoware/ros/install/waypoint_follower:/home/daisuke/Autoware/ros/install/vector_map:/home/daisuke/Autoware/ros/install/vector_map_msgs:/home/daisuke/Autoware/ros/install/autoware_health_checker:/home/daisuke/Autoware/ros/install/tablet_socket_msgs:/home/daisuke/Autoware/ros/install/autoware_system_msgs:/home/daisuke/Autoware/ros/install/autoware_msgs:/home/daisuke/Autoware/ros/install/autoware_config_msgs:/home/daisuke/Autoware/ros/install/autoware_can_msgs:/home/daisuke/Autoware/ros/install/autoware_build_flags:${CMAKE_PREFIX_PATH} LD_LIBRARY_PATH=/home/daisuke/Autoware/ros/install/op_simu/lib:/home/daisuke/Autoware/ros/install/op_planner/lib:/home/daisuke/Autoware/ros/install/op_utility/lib:/home/daisuke/Autoware/ros/install/map_file/lib:/home/daisuke/Autoware/ros/install/waypoint_follower/lib:/home/daisuke/Autoware/ros/install/vector_map/lib:/home/daisuke/Autoware/ros/install/autoware_health_checker/lib:${LD_LIBRARY_PATH} PKG_CONFIG_PATH=/home/daisuke/Autoware/ros/install/op_simu/lib/pkgconfig:/home/daisuke/Autoware/ros/install/op_planner/lib/pkgconfig:/home/daisuke/Autoware/ros/install/op_utility/lib/pkgconfig:/home/daisuke/Autoware/ros/install/vector_map_server/lib/pkgconfig:/home/daisuke/Autoware/ros/install/map_file/lib/pkgconfig:/home/daisuke/Autoware/ros/install/waypoint_follower/lib/pkgconfig:/home/daisuke/Autoware/ros/install/vector_map/lib/pkgconfig:/home/daisuke/Autoware/ros/install/vector_map_msgs/lib/pkgconfig:/home/daisuke/Autoware/ros/install/autoware_health_checker/lib/pkgconfig:/home/daisuke/Autoware/ros/install/tablet_socket_msgs/lib/pkgconfig:/home/daisuke/Autoware/ros/install/autoware_system_msgs/lib/pkgconfig:/home/daisuke/Autoware/ros/install/autoware_msgs/lib/pkgconfig:/home/daisuke/Autoware/ros/install/autoware_config_msgs/lib/pkgconfig:/home/daisuke/Autoware/ros/install/autoware_can_msgs/lib/pkgconfig:/home/daisuke/Autoware/ros/install/autoware_build_flags/lib/pkgconfig:${PKG_CONFIG_PATH} PYTHONPATH=/home/daisuke/Autoware/ros/install/vector_map_server/lib/python2.7/dist-packages:/home/daisuke/Autoware/ros/install/vector_map_msgs/lib/python2.7/dist-packages:/home/daisuke/Autoware/ros/install/tablet_socket_msgs/lib/python2.7/dist-packages:/home/daisuke/Autoware/ros/install/autoware_system_msgs/lib/python2.7/dist-packages:/home/daisuke/Autoware/ros/install/autoware_msgs/lib/python2.7/dist-packages:/home/daisuke/Autoware/ros/install/autoware_config_msgs/lib/python2.7/dist-packages:/home/daisuke/Autoware/ros/install/autoware_can_msgs/lib/python2.7/dist-packages:${PYTHONPATH} ROS_PACKAGE_PATH=/home/daisuke/Autoware/ros/install/op_simu/share:/home/daisuke/Autoware/ros/install/op_planner/share:/home/daisuke/Autoware/ros/install/op_utility/share:/home/daisuke/Autoware/ros/install/vector_map_server/share:/home/daisuke/Autoware/ros/install/map_file/share:/home/daisuke/Autoware/ros/install/waypoint_follower/share:/home/daisuke/Autoware/ros/install/vector_map/share:/home/daisuke/Autoware/ros/install/vector_map_msgs/share:/home/daisuke/Autoware/ros/install/autoware_health_checker/share:/home/daisuke/Autoware/ros/install/tablet_socket_msgs/share:/home/daisuke/Autoware/ros/install/autoware_system_msgs/share:/home/daisuke/Autoware/ros/install/autoware_msgs/share:/home/daisuke/Autoware/ros/install/autoware_config_msgs/share:/home/daisuke/Autoware/ros/install/autoware_can_msgs/share:/home/daisuke/Autoware/ros/install/autoware_build_flags/share:${ROS_PACKAGE_PATH} /usr/bin/cmake --build /home/daisuke/Autoware/ros/build/dp_planner --target tests -- -j8 -l8
[35m[1mScanning dependencies of target tests[0m
Built target tests
Invoked command in '/home/daisuke/Autoware/ros/build/dp_planner' returned '0': CMAKE_PREFIX_PATH=/home/daisuke/Autoware/ros/install/op_simu:/home/daisuke/Autoware/ros/install/op_planner:/home/daisuke/Autoware/ros/install/op_utility:/home/daisuke/Autoware/ros/install/vector_map_server:/home/daisuke/Autoware/ros/install/map_file:/home/daisuke/Autoware/ros/install/waypoint_follower:/home/daisuke/Autoware/ros/install/vector_map:/home/daisuke/Autoware/ros/install/vector_map_msgs:/home/daisuke/Autoware/ros/install/autoware_health_checker:/home/daisuke/Autoware/ros/install/tablet_socket_msgs:/home/daisuke/Autoware/ros/install/autoware_system_msgs:/home/daisuke/Autoware/ros/install/autoware_msgs:/home/daisuke/Autoware/ros/install/autoware_config_msgs:/home/daisuke/Autoware/ros/install/autoware_can_msgs:/home/daisuke/Autoware/ros/install/autoware_build_flags:${CMAKE_PREFIX_PATH} LD_LIBRARY_PATH=/home/daisuke/Autoware/ros/install/op_simu/lib:/home/daisuke/Autoware/ros/install/op_planner/lib:/home/daisuke/Autoware/ros/install/op_utility/lib:/home/daisuke/Autoware/ros/install/map_file/lib:/home/daisuke/Autoware/ros/install/waypoint_follower/lib:/home/daisuke/Autoware/ros/install/vector_map/lib:/home/daisuke/Autoware/ros/install/autoware_health_checker/lib:${LD_LIBRARY_PATH} PKG_CONFIG_PATH=/home/daisuke/Autoware/ros/install/op_simu/lib/pkgconfig:/home/daisuke/Autoware/ros/install/op_planner/lib/pkgconfig:/home/daisuke/Autoware/ros/install/op_utility/lib/pkgconfig:/home/daisuke/Autoware/ros/install/vector_map_server/lib/pkgconfig:/home/daisuke/Autoware/ros/install/map_file/lib/pkgconfig:/home/daisuke/Autoware/ros/install/waypoint_follower/lib/pkgconfig:/home/daisuke/Autoware/ros/install/vector_map/lib/pkgconfig:/home/daisuke/Autoware/ros/install/vector_map_msgs/lib/pkgconfig:/home/daisuke/Autoware/ros/install/autoware_health_checker/lib/pkgconfig:/home/daisuke/Autoware/ros/install/tablet_socket_msgs/lib/pkgconfig:/home/daisuke/Autoware/ros/install/autoware_system_msgs/lib/pkgconfig:/home/daisuke/Autoware/ros/install/autoware_msgs/lib/pkgconfig:/home/daisuke/Autoware/ros/install/autoware_config_msgs/lib/pkgconfig:/home/daisuke/Autoware/ros/install/autoware_can_msgs/lib/pkgconfig:/home/daisuke/Autoware/ros/install/autoware_build_flags/lib/pkgconfig:${PKG_CONFIG_PATH} PYTHONPATH=/home/daisuke/Autoware/ros/install/vector_map_server/lib/python2.7/dist-packages:/home/daisuke/Autoware/ros/install/vector_map_msgs/lib/python2.7/dist-packages:/home/daisuke/Autoware/ros/install/tablet_socket_msgs/lib/python2.7/dist-packages:/home/daisuke/Autoware/ros/install/autoware_system_msgs/lib/python2.7/dist-packages:/home/daisuke/Autoware/ros/install/autoware_msgs/lib/python2.7/dist-packages:/home/daisuke/Autoware/ros/install/autoware_config_msgs/lib/python2.7/dist-packages:/home/daisuke/Autoware/ros/install/autoware_can_msgs/lib/python2.7/dist-packages:${PYTHONPATH} ROS_PACKAGE_PATH=/home/daisuke/Autoware/ros/install/op_simu/share:/home/daisuke/Autoware/ros/install/op_planner/share:/home/daisuke/Autoware/ros/install/op_utility/share:/home/daisuke/Autoware/ros/install/vector_map_server/share:/home/daisuke/Autoware/ros/install/map_file/share:/home/daisuke/Autoware/ros/install/waypoint_follower/share:/home/daisuke/Autoware/ros/install/vector_map/share:/home/daisuke/Autoware/ros/install/vector_map_msgs/share:/home/daisuke/Autoware/ros/install/autoware_health_checker/share:/home/daisuke/Autoware/ros/install/tablet_socket_msgs/share:/home/daisuke/Autoware/ros/install/autoware_system_msgs/share:/home/daisuke/Autoware/ros/install/autoware_msgs/share:/home/daisuke/Autoware/ros/install/autoware_config_msgs/share:/home/daisuke/Autoware/ros/install/autoware_can_msgs/share:/home/daisuke/Autoware/ros/install/autoware_build_flags/share:${ROS_PACKAGE_PATH} /usr/bin/cmake --build /home/daisuke/Autoware/ros/build/dp_planner --target tests -- -j8 -l8
Invoking command in '/home/daisuke/Autoware/ros/build/dp_planner': CMAKE_PREFIX_PATH=/home/daisuke/Autoware/ros/install/op_simu:/home/daisuke/Autoware/ros/install/op_planner:/home/daisuke/Autoware/ros/install/op_utility:/home/daisuke/Autoware/ros/install/vector_map_server:/home/daisuke/Autoware/ros/install/map_file:/home/daisuke/Autoware/ros/install/waypoint_follower:/home/daisuke/Autoware/ros/install/vector_map:/home/daisuke/Autoware/ros/install/vector_map_msgs:/home/daisuke/Autoware/ros/install/autoware_health_checker:/home/daisuke/Autoware/ros/install/tablet_socket_msgs:/home/daisuke/Autoware/ros/install/autoware_system_msgs:/home/daisuke/Autoware/ros/install/autoware_msgs:/home/daisuke/Autoware/ros/install/autoware_config_msgs:/home/daisuke/Autoware/ros/install/autoware_can_msgs:/home/daisuke/Autoware/ros/install/autoware_build_flags:${CMAKE_PREFIX_PATH} LD_LIBRARY_PATH=/home/daisuke/Autoware/ros/install/op_simu/lib:/home/daisuke/Autoware/ros/install/op_planner/lib:/home/daisuke/Autoware/ros/install/op_utility/lib:/home/daisuke/Autoware/ros/install/map_file/lib:/home/daisuke/Autoware/ros/install/waypoint_follower/lib:/home/daisuke/Autoware/ros/install/vector_map/lib:/home/daisuke/Autoware/ros/install/autoware_health_checker/lib:${LD_LIBRARY_PATH} PKG_CONFIG_PATH=/home/daisuke/Autoware/ros/install/op_simu/lib/pkgconfig:/home/daisuke/Autoware/ros/install/op_planner/lib/pkgconfig:/home/daisuke/Autoware/ros/install/op_utility/lib/pkgconfig:/home/daisuke/Autoware/ros/install/vector_map_server/lib/pkgconfig:/home/daisuke/Autoware/ros/install/map_file/lib/pkgconfig:/home/daisuke/Autoware/ros/install/waypoint_follower/lib/pkgconfig:/home/daisuke/Autoware/ros/install/vector_map/lib/pkgconfig:/home/daisuke/Autoware/ros/install/vector_map_msgs/lib/pkgconfig:/home/daisuke/Autoware/ros/install/autoware_health_checker/lib/pkgconfig:/home/daisuke/Autoware/ros/install/tablet_socket_msgs/lib/pkgconfig:/home/daisuke/Autoware/ros/install/autoware_system_msgs/lib/pkgconfig:/home/daisuke/Autoware/ros/install/autoware_msgs/lib/pkgconfig:/home/daisuke/Autoware/ros/install/autoware_config_msgs/lib/pkgconfig:/home/daisuke/Autoware/ros/install/autoware_can_msgs/lib/pkgconfig:/home/daisuke/Autoware/ros/install/autoware_build_flags/lib/pkgconfig:${PKG_CONFIG_PATH} PYTHONPATH=/home/daisuke/Autoware/ros/install/vector_map_server/lib/python2.7/dist-packages:/home/daisuke/Autoware/ros/install/vector_map_msgs/lib/python2.7/dist-packages:/home/daisuke/Autoware/ros/install/tablet_socket_msgs/lib/python2.7/dist-packages:/home/daisuke/Autoware/ros/install/autoware_system_msgs/lib/python2.7/dist-packages:/home/daisuke/Autoware/ros/install/autoware_msgs/lib/python2.7/dist-packages:/home/daisuke/Autoware/ros/install/autoware_config_msgs/lib/python2.7/dist-packages:/home/daisuke/Autoware/ros/install/autoware_can_msgs/lib/python2.7/dist-packages:${PYTHONPATH} ROS_PACKAGE_PATH=/home/daisuke/Autoware/ros/install/op_simu/share:/home/daisuke/Autoware/ros/install/op_planner/share:/home/daisuke/Autoware/ros/install/op_utility/share:/home/daisuke/Autoware/ros/install/vector_map_server/share:/home/daisuke/Autoware/ros/install/map_file/share:/home/daisuke/Autoware/ros/install/waypoint_follower/share:/home/daisuke/Autoware/ros/install/vector_map/share:/home/daisuke/Autoware/ros/install/vector_map_msgs/share:/home/daisuke/Autoware/ros/install/autoware_health_checker/share:/home/daisuke/Autoware/ros/install/tablet_socket_msgs/share:/home/daisuke/Autoware/ros/install/autoware_system_msgs/share:/home/daisuke/Autoware/ros/install/autoware_msgs/share:/home/daisuke/Autoware/ros/install/autoware_config_msgs/share:/home/daisuke/Autoware/ros/install/autoware_can_msgs/share:/home/daisuke/Autoware/ros/install/autoware_build_flags/share:${ROS_PACKAGE_PATH} /usr/bin/cmake --build /home/daisuke/Autoware/ros/build/dp_planner --target install
[  0%] Built target jsk_recognition_msgs_generate_messages_lisp
[  0%] Built target autoware_system_msgs_generate_messages_nodejs
[  0%] Built target autoware_system_msgs_generate_messages_cpp
[  0%] Built target tablet_socket_msgs_generate_messages_nodejs
[  0%] Built target tablet_socket_msgs_generate_messages_lisp
[  0%] Built target tablet_socket_msgs_generate_messages_eus
[  0%] Built target tablet_socket_msgs_generate_messages_cpp
[  0%] Built target autoware_config_msgs_generate_messages_lisp
[  0%] Built target autoware_config_msgs_generate_messages_py
[  0%] Built target autoware_config_msgs_generate_messages_eus
[  0%] Built target visualization_msgs_generate_messages_py
[  0%] Built target visualization_msgs_generate_messages_lisp
[  0%] Built target autoware_config_msgs_generate_messages_nodejs
[  0%] Built target visualization_msgs_generate_messages_cpp
[  0%] Built target autoware_msgs_generate_messages_cpp
[  0%] Built target vector_map_server_generate_messages_nodejs
[  0%] Built target vector_map_server_generate_messages_lisp
[  0%] Built target jsk_footstep_msgs_generate_messages_py
[  0%] Built target jsk_footstep_msgs_generate_messages_nodejs
[  0%] Built target jsk_footstep_msgs_generate_messages_eus
[  0%] Built target autoware_msgs_generate_messages_lisp
[  0%] Built target jsk_footstep_msgs_generate_messages_cpp
[  0%] Built target jsk_recognition_msgs_generate_messages_py
[  0%] Built target jsk_recognition_msgs_generate_messages_nodejs
[  0%] Built target autoware_system_msgs_generate_messages_eus
[  0%] Built target autoware_msgs_generate_messages_py
[  0%] Built target sensor_msgs_generate_messages_eus
[  0%] Built target tablet_socket_msgs_generate_messages_py
[  0%] Built target actionlib_generate_messages_nodejs
[  0%] Built target actionlib_msgs_generate_messages_cpp
[  0%] Built target jsk_footstep_msgs_generate_messages_lisp
[  0%] Built target sensor_msgs_generate_messages_cpp
[  0%] Built target pcl_msgs_generate_messages_nodejs
[  0%] Built target std_srvs_generate_messages_nodejs
[  0%] Built target pcl_msgs_generate_messages_eus
[  0%] Built target rosgraph_msgs_generate_messages_cpp
[  0%] Built target rosgraph_msgs_generate_messages_lisp
[  0%] Built target autoware_can_msgs_generate_messages_nodejs
[  0%] Built target std_srvs_generate_messages_eus
[  0%] Built target autoware_can_msgs_generate_messages_eus
[  0%] Built target visualization_msgs_generate_messages_nodejs
[  0%] Built target autoware_can_msgs_generate_messages_cpp
[  0%] Built target std_msgs_generate_messages_cpp
[  0%] Built target sensor_msgs_generate_messages_nodejs
[  0%] Built target geometry_msgs_generate_messages_cpp
[  0%] Built target rosgraph_msgs_generate_messages_nodejs
[  0%] Built target vector_map_msgs_generate_messages_cpp
[  0%] Built target std_msgs_generate_messages_nodejs
[  0%] Built target autoware_can_msgs_generate_messages_py
[  0%] Built target geometry_msgs_generate_messages_eus
[  0%] Built target geometry_msgs_generate_messages_nodejs
[  0%] Built target jsk_recognition_msgs_generate_messages_cpp
[  0%] Built target geometry_msgs_generate_messages_py
[  0%] Built target geometry_msgs_generate_messages_lisp
[  0%] Built target autoware_msgs_generate_messages_eus
[  0%] Built target bond_generate_messages_py
[  0%] Built target std_srvs_generate_messages_lisp
[  0%] Built target std_msgs_generate_messages_lisp
[  0%] Built target roscpp_generate_messages_lisp
[  0%] Built target tf_generate_messages_cpp
[  0%] Built target vector_map_msgs_generate_messages_eus
[  0%] Built target vector_map_server_generate_messages_eus
[  0%] Built target nodelet_generate_messages_lisp
[  0%] Built target roscpp_generate_messages_cpp
[  0%] Built target vector_map_server_generate_messages_cpp
[  0%] Built target nodelet_generate_messages_py
[  0%] Built target vector_map_msgs_generate_messages_lisp
[  0%] Built target autoware_msgs_generate_messages_nodejs
[  0%] Built target pcl_msgs_generate_messages_cpp
[  0%] Built target std_srvs_generate_messages_cpp
[  0%] Built target pcl_msgs_generate_messages_lisp
[  0%] Built target autoware_can_msgs_generate_messages_lisp
[  0%] Built target tf2_msgs_generate_messages_lisp
[  0%] Built target vector_map_msgs_generate_messages_py
[  0%] Built target roscpp_generate_messages_eus
[  0%] Built target bond_generate_messages_eus
[  0%] Built target actionlib_generate_messages_cpp
[  0%] Built target rosgraph_msgs_generate_messages_py
[  0%] Built target tf_generate_messages_lisp
[  0%] Built target sensor_msgs_generate_messages_py
[  0%] Built target roscpp_generate_messages_nodejs
[  0%] Built target jsk_recognition_msgs_generate_messages_eus
[  0%] Built target roscpp_generate_messages_py
[  0%] Built target std_srvs_generate_messages_py
[  0%] Built target tf_generate_messages_nodejs
[  0%] Built target std_msgs_generate_messages_py
[  0%] Built target rosgraph_msgs_generate_messages_eus
[  0%] Built target dynamic_reconfigure_generate_messages_cpp
[  0%] Built target dynamic_reconfigure_generate_messages_lisp
[  0%] Built target dynamic_reconfigure_generate_messages_nodejs
[  0%] Built target autoware_config_msgs_generate_messages_cpp
[  0%] Built target vector_map_msgs_generate_messages_nodejs
[  0%] Built target dynamic_reconfigure_gencfg
[  0%] Built target nodelet_generate_messages_cpp
[  0%] Built target pcl_ros_gencfg
[  0%] Built target tf2_msgs_generate_messages_eus
[  0%] Built target visualization_msgs_generate_messages_eus
[  0%] Built target vector_map_server_generate_messages_py
[  0%] Built target pcl_msgs_generate_messages_py
[  0%] Built target dynamic_reconfigure_generate_messages_eus
[  0%] Built target bond_generate_messages_nodejs
[  0%] Built target tf2_msgs_generate_messages_nodejs
[  0%] Built target nodelet_generate_messages_nodejs
[  0%] Built target autoware_system_msgs_generate_messages_py
[  0%] Built target bond_generate_messages_cpp
[  0%] Built target bond_generate_messages_lisp
[  0%] Built target nodelet_generate_messages_eus
[  0%] Built target topic_tools_generate_messages_cpp
[  0%] Built target topic_tools_generate_messages_eus
[  0%] Built target nodelet_topic_tools_gencfg
[  0%] Built target topic_tools_generate_messages_lisp
[  0%] Built target sensor_msgs_generate_messages_lisp
[  0%] Built target topic_tools_generate_messages_nodejs
[  0%] Built target topic_tools_generate_messages_py
[  0%] Built target autoware_system_msgs_generate_messages_lisp
[  0%] Built target actionlib_msgs_generate_messages_nodejs
[  0%] Built target tf2_msgs_generate_messages_py
[  0%] Built target tf_generate_messages_eus
[  0%] Built target tf_generate_messages_py
[  0%] Built target std_msgs_generate_messages_eus
[  0%] Built target actionlib_generate_messages_eus
[  0%] Built target actionlib_generate_messages_lisp
[  0%] Built target actionlib_msgs_generate_messages_eus
[  0%] Built target dynamic_reconfigure_generate_messages_py
[  0%] Built target actionlib_generate_messages_py
[  0%] Built target actionlib_msgs_generate_messages_lisp
[  0%] Built target actionlib_msgs_generate_messages_py
[  0%] Built target tf2_msgs_generate_messages_cpp
[100%] Built target dp_planner
[36mInstall the project...[0m
-- Install configuration: "Release"
-- Installing: /home/daisuke/Autoware/ros/install/dp_planner/lib/pkgconfig/dp_planner.pc
-- Installing: /home/daisuke/Autoware/ros/install/dp_planner/share/dp_planner/cmake/dp_plannerConfig.cmake
-- Installing: /home/daisuke/Autoware/ros/install/dp_planner/share/dp_planner/cmake/dp_plannerConfig-version.cmake
-- Installing: /home/daisuke/Autoware/ros/install/dp_planner/share/dp_planner/package.xml
-- Installing: /home/daisuke/Autoware/ros/install/dp_planner/lib/dp_planner/dp_planner
-- Set runtime path of "/home/daisuke/Autoware/ros/install/dp_planner/lib/dp_planner/dp_planner" to ""
-- Installing: /home/daisuke/Autoware/ros/install/dp_planner/share/dp_planner/launch
-- Installing: /home/daisuke/Autoware/ros/install/dp_planner/share/dp_planner/launch/dp_planner_exp.launch
-- Installing: /home/daisuke/Autoware/ros/install/dp_planner/share/dp_planner/launch/dp_planner.launch
Invoked command in '/home/daisuke/Autoware/ros/build/dp_planner' returned '0': CMAKE_PREFIX_PATH=/home/daisuke/Autoware/ros/install/op_simu:/home/daisuke/Autoware/ros/install/op_planner:/home/daisuke/Autoware/ros/install/op_utility:/home/daisuke/Autoware/ros/install/vector_map_server:/home/daisuke/Autoware/ros/install/map_file:/home/daisuke/Autoware/ros/install/waypoint_follower:/home/daisuke/Autoware/ros/install/vector_map:/home/daisuke/Autoware/ros/install/vector_map_msgs:/home/daisuke/Autoware/ros/install/autoware_health_checker:/home/daisuke/Autoware/ros/install/tablet_socket_msgs:/home/daisuke/Autoware/ros/install/autoware_system_msgs:/home/daisuke/Autoware/ros/install/autoware_msgs:/home/daisuke/Autoware/ros/install/autoware_config_msgs:/home/daisuke/Autoware/ros/install/autoware_can_msgs:/home/daisuke/Autoware/ros/install/autoware_build_flags:${CMAKE_PREFIX_PATH} LD_LIBRARY_PATH=/home/daisuke/Autoware/ros/install/op_simu/lib:/home/daisuke/Autoware/ros/install/op_planner/lib:/home/daisuke/Autoware/ros/install/op_utility/lib:/home/daisuke/Autoware/ros/install/map_file/lib:/home/daisuke/Autoware/ros/install/waypoint_follower/lib:/home/daisuke/Autoware/ros/install/vector_map/lib:/home/daisuke/Autoware/ros/install/autoware_health_checker/lib:${LD_LIBRARY_PATH} PKG_CONFIG_PATH=/home/daisuke/Autoware/ros/install/op_simu/lib/pkgconfig:/home/daisuke/Autoware/ros/install/op_planner/lib/pkgconfig:/home/daisuke/Autoware/ros/install/op_utility/lib/pkgconfig:/home/daisuke/Autoware/ros/install/vector_map_server/lib/pkgconfig:/home/daisuke/Autoware/ros/install/map_file/lib/pkgconfig:/home/daisuke/Autoware/ros/install/waypoint_follower/lib/pkgconfig:/home/daisuke/Autoware/ros/install/vector_map/lib/pkgconfig:/home/daisuke/Autoware/ros/install/vector_map_msgs/lib/pkgconfig:/home/daisuke/Autoware/ros/install/autoware_health_checker/lib/pkgconfig:/home/daisuke/Autoware/ros/install/tablet_socket_msgs/lib/pkgconfig:/home/daisuke/Autoware/ros/install/autoware_system_msgs/lib/pkgconfig:/home/daisuke/Autoware/ros/install/autoware_msgs/lib/pkgconfig:/home/daisuke/Autoware/ros/install/autoware_config_msgs/lib/pkgconfig:/home/daisuke/Autoware/ros/install/autoware_can_msgs/lib/pkgconfig:/home/daisuke/Autoware/ros/install/autoware_build_flags/lib/pkgconfig:${PKG_CONFIG_PATH} PYTHONPATH=/home/daisuke/Autoware/ros/install/vector_map_server/lib/python2.7/dist-packages:/home/daisuke/Autoware/ros/install/vector_map_msgs/lib/python2.7/dist-packages:/home/daisuke/Autoware/ros/install/tablet_socket_msgs/lib/python2.7/dist-packages:/home/daisuke/Autoware/ros/install/autoware_system_msgs/lib/python2.7/dist-packages:/home/daisuke/Autoware/ros/install/autoware_msgs/lib/python2.7/dist-packages:/home/daisuke/Autoware/ros/install/autoware_config_msgs/lib/python2.7/dist-packages:/home/daisuke/Autoware/ros/install/autoware_can_msgs/lib/python2.7/dist-packages:${PYTHONPATH} ROS_PACKAGE_PATH=/home/daisuke/Autoware/ros/install/op_simu/share:/home/daisuke/Autoware/ros/install/op_planner/share:/home/daisuke/Autoware/ros/install/op_utility/share:/home/daisuke/Autoware/ros/install/vector_map_server/share:/home/daisuke/Autoware/ros/install/map_file/share:/home/daisuke/Autoware/ros/install/waypoint_follower/share:/home/daisuke/Autoware/ros/install/vector_map/share:/home/daisuke/Autoware/ros/install/vector_map_msgs/share:/home/daisuke/Autoware/ros/install/autoware_health_checker/share:/home/daisuke/Autoware/ros/install/tablet_socket_msgs/share:/home/daisuke/Autoware/ros/install/autoware_system_msgs/share:/home/daisuke/Autoware/ros/install/autoware_msgs/share:/home/daisuke/Autoware/ros/install/autoware_config_msgs/share:/home/daisuke/Autoware/ros/install/autoware_can_msgs/share:/home/daisuke/Autoware/ros/install/autoware_build_flags/share:${ROS_PACKAGE_PATH} /usr/bin/cmake --build /home/daisuke/Autoware/ros/build/dp_planner --target install
