-- Using CATKIN_DEVEL_PREFIX: /home/daisuke/Autoware/ros/build/vehicle_model/devel
-- Using CMAKE_PREFIX_PATH: /home/daisuke/Autoware/ros/install/gazebo_imu_description;/home/daisuke/Autoware/ros/install/gazebo_camera_description;/home/daisuke/Autoware/ros/install/autoware_build_flags;/home/daisuke/Autoware/ros/devel;/opt/ros/kinetic
-- This workspace overlays: /home/daisuke/Autoware/ros/install/gazebo_imu_description;/home/daisuke/Autoware/ros/install/gazebo_camera_description;/home/daisuke/Autoware/ros/install/autoware_build_flags;/opt/ros/kinetic
-- Using PYTHON_EXECUTABLE: /home/daisuke/pyenv/shims/python
-- Using Debian Python package layout
-- Using empy: /usr/bin/empy
-- Using CATKIN_ENABLE_TESTING: ON
-- Call enable_testing()
-- Using CATKIN_TEST_RESULTS_DIR: /home/daisuke/Autoware/ros/build/vehicle_model/test_results
-- Found gmock sources under '/usr/src/gmock': gmock will be built
-- Found gtest sources under '/usr/src/gmock': gtests will be built
-- Using Python nosetests: /usr/bin/nosetests-2.7
-- catkin 0.7.14
-- Configuring done
-- Generating done
-- Build files have been written to: /home/daisuke/Autoware/ros/build/vehicle_model
Built target tests
[36mInstall the project...[0m
-- Install configuration: "Release"
-- Installing: /home/daisuke/Autoware/ros/install/vehicle_model/lib/pkgconfig/vehicle_model.pc
-- Up-to-date: /home/daisuke/Autoware/ros/install/vehicle_model/share/vehicle_model/cmake/vehicle_modelConfig.cmake
-- Up-to-date: /home/daisuke/Autoware/ros/install/vehicle_model/share/vehicle_model/cmake/vehicle_modelConfig-version.cmake
-- Up-to-date: /home/daisuke/Autoware/ros/install/vehicle_model/share/vehicle_model/package.xml
-- Up-to-date: /home/daisuke/Autoware/ros/install/vehicle_model/share/vehicle_model/mesh
-- Up-to-date: /home/daisuke/Autoware/ros/install/vehicle_model/share/vehicle_model/mesh/_51225ex1diffuse.jpeg
-- Up-to-date: /home/daisuke/Autoware/ros/install/vehicle_model/share/vehicle_model/mesh/wheel.dae
-- Up-to-date: /home/daisuke/Autoware/ros/install/vehicle_model/share/vehicle_model/mesh/README.md
-- Up-to-date: /home/daisuke/Autoware/ros/install/vehicle_model/share/vehicle_model/mesh/_51225ex2diffuse.jpeg
-- Up-to-date: /home/daisuke/Autoware/ros/install/vehicle_model/share/vehicle_model/mesh/body.dae
-- Up-to-date: /home/daisuke/Autoware/ros/install/vehicle_model/share/vehicle_model/urdf
-- Up-to-date: /home/daisuke/Autoware/ros/install/vehicle_model/share/vehicle_model/urdf/vehicle.xacro
-- Up-to-date: /home/daisuke/Autoware/ros/install/vehicle_model/share/vehicle_model/urdf/actuator.xacro
-- Up-to-date: /home/daisuke/Autoware/ros/install/vehicle_model/share/vehicle_model/urdf/steering.xacro
-- Up-to-date: /home/daisuke/Autoware/ros/install/vehicle_model/share/vehicle_model/urdf/wheel.gazebo
-- Up-to-date: /home/daisuke/Autoware/ros/install/vehicle_model/share/vehicle_model/urdf/vehicle.gazebo
-- Up-to-date: /home/daisuke/Autoware/ros/install/vehicle_model/share/vehicle_model/urdf/wheel.xacro
-- Up-to-date: /home/daisuke/Autoware/ros/install/vehicle_model/share/vehicle_model/urdf/body.xacro
-- Up-to-date: /home/daisuke/Autoware/ros/install/vehicle_model/share/vehicle_model/urdf/steering.gazebo
-- Up-to-date: /home/daisuke/Autoware/ros/install/vehicle_model/share/vehicle_model/config
-- Up-to-date: /home/daisuke/Autoware/ros/install/vehicle_model/share/vehicle_model/config/calibration.yaml
-- Up-to-date: /home/daisuke/Autoware/ros/install/vehicle_model/share/vehicle_model/config/controller.yaml
-- Up-to-date: /home/daisuke/Autoware/ros/install/vehicle_model/share/vehicle_model/config/vehicle_info.yaml
