Invoking command in '/home/daisuke/Autoware/ros/build/rslidar_msgs': /usr/bin/cmake /home/daisuke/Autoware/ros/src/sensing/drivers/lidar/packages/robosense/rslidar_msgs -DCATKIN_INSTALL_INTO_PREFIX_ROOT=0 -DCMAKE_INSTALL_PREFIX=/home/daisuke/Autoware/ros/install/rslidar_msgs
-- Using CATKIN_DEVEL_PREFIX: /home/daisuke/Autoware/ros/build/rslidar_msgs/devel
-- Using CMAKE_PREFIX_PATH: /home/daisuke/Autoware/ros/devel;/opt/ros/kinetic
-- This workspace overlays: /opt/ros/kinetic
-- Using PYTHON_EXECUTABLE: /home/daisuke/pyenv/shims/python
-- Using Debian Python package layout
-- Using empy: /usr/bin/empy
-- Using CATKIN_ENABLE_TESTING: ON
-- Call enable_testing()
-- Using CATKIN_TEST_RESULTS_DIR: /home/daisuke/Autoware/ros/build/rslidar_msgs/test_results
-- Found gmock sources under '/usr/src/gmock': gmock will be built
-- Found gtest sources under '/usr/src/gmock': gtests will be built
-- Using Python nosetests: /usr/bin/nosetests-2.7
-- catkin 0.7.14
-- Using these message generators: gencpp;geneus;genlisp;gennodejs;genpy
-- rslidar_msgs: 2 messages, 0 services
-- Configuring done
-- Generating done
-- Build files have been written to: /home/daisuke/Autoware/ros/build/rslidar_msgs
Invoked command in '/home/daisuke/Autoware/ros/build/rslidar_msgs' returned '0': /usr/bin/cmake /home/daisuke/Autoware/ros/src/sensing/drivers/lidar/packages/robosense/rslidar_msgs -DCATKIN_INSTALL_INTO_PREFIX_ROOT=0 -DCMAKE_INSTALL_PREFIX=/home/daisuke/Autoware/ros/install/rslidar_msgs
Invoking command in '/home/daisuke/Autoware/ros/build/rslidar_msgs': /usr/bin/cmake --build /home/daisuke/Autoware/ros/build/rslidar_msgs -- -j8 -l8
[  0%] Built target std_msgs_generate_messages_py
[  0%] Built target std_msgs_generate_messages_nodejs
[  0%] Built target std_msgs_generate_messages_cpp
[  0%] Built target std_msgs_generate_messages_lisp
[  0%] Built target std_msgs_generate_messages_eus
[  0%] Built target _rslidar_msgs_generate_messages_check_deps_rslidarPacket
[  0%] Built target _rslidar_msgs_generate_messages_check_deps_rslidarScan
[ 25%] Built target rslidar_msgs_generate_messages_py
[ 41%] Built target rslidar_msgs_generate_messages_cpp
[ 66%] Built target rslidar_msgs_generate_messages_eus
[ 83%] Built target rslidar_msgs_generate_messages_lisp
[100%] Built target rslidar_msgs_generate_messages_nodejs
[100%] Built target rslidar_msgs_generate_messages
Invoked command in '/home/daisuke/Autoware/ros/build/rslidar_msgs' returned '0': /usr/bin/cmake --build /home/daisuke/Autoware/ros/build/rslidar_msgs -- -j8 -l8
Invoking command in '/home/daisuke/Autoware/ros/build/rslidar_msgs': /usr/bin/cmake --build /home/daisuke/Autoware/ros/build/rslidar_msgs --target tests -- -j8 -l8
Built target tests
Invoked command in '/home/daisuke/Autoware/ros/build/rslidar_msgs' returned '0': /usr/bin/cmake --build /home/daisuke/Autoware/ros/build/rslidar_msgs --target tests -- -j8 -l8
Invoking command in '/home/daisuke/Autoware/ros/build/rslidar_msgs': /usr/bin/cmake --build /home/daisuke/Autoware/ros/build/rslidar_msgs --target install
[  0%] Built target _rslidar_msgs_generate_messages_check_deps_rslidarPacket
[  0%] Built target _rslidar_msgs_generate_messages_check_deps_rslidarScan
[  0%] Built target std_msgs_generate_messages_eus
[ 25%] Built target rslidar_msgs_generate_messages_eus
[ 25%] Built target std_msgs_generate_messages_py
[ 50%] Built target rslidar_msgs_generate_messages_py
[ 50%] Built target std_msgs_generate_messages_lisp
[ 66%] Built target rslidar_msgs_generate_messages_lisp
[ 66%] Built target std_msgs_generate_messages_nodejs
[ 83%] Built target rslidar_msgs_generate_messages_nodejs
[ 83%] Built target std_msgs_generate_messages_cpp
[100%] Built target rslidar_msgs_generate_messages_cpp
[100%] Built target rslidar_msgs_generate_messages
[36mInstall the project...[0m
-- Install configuration: "Release"
-- Up-to-date: /home/daisuke/Autoware/ros/install/rslidar_msgs/share/rslidar_msgs/msg/rslidarPacket.msg
-- Up-to-date: /home/daisuke/Autoware/ros/install/rslidar_msgs/share/rslidar_msgs/msg/rslidarScan.msg
-- Up-to-date: /home/daisuke/Autoware/ros/install/rslidar_msgs/share/rslidar_msgs/cmake/rslidar_msgs-msg-paths.cmake
-- Up-to-date: /home/daisuke/Autoware/ros/install/rslidar_msgs/include/rslidar_msgs
-- Up-to-date: /home/daisuke/Autoware/ros/install/rslidar_msgs/include/rslidar_msgs/rslidarPacket.h
-- Up-to-date: /home/daisuke/Autoware/ros/install/rslidar_msgs/include/rslidar_msgs/rslidarScan.h
-- Up-to-date: /home/daisuke/Autoware/ros/install/rslidar_msgs/share/roseus/ros/rslidar_msgs
-- Up-to-date: /home/daisuke/Autoware/ros/install/rslidar_msgs/share/roseus/ros/rslidar_msgs/manifest.l
-- Up-to-date: /home/daisuke/Autoware/ros/install/rslidar_msgs/share/roseus/ros/rslidar_msgs/msg
-- Up-to-date: /home/daisuke/Autoware/ros/install/rslidar_msgs/share/roseus/ros/rslidar_msgs/msg/rslidarPacket.l
-- Up-to-date: /home/daisuke/Autoware/ros/install/rslidar_msgs/share/roseus/ros/rslidar_msgs/msg/rslidarScan.l
-- Up-to-date: /home/daisuke/Autoware/ros/install/rslidar_msgs/share/common-lisp/ros/rslidar_msgs
-- Up-to-date: /home/daisuke/Autoware/ros/install/rslidar_msgs/share/common-lisp/ros/rslidar_msgs/msg
-- Up-to-date: /home/daisuke/Autoware/ros/install/rslidar_msgs/share/common-lisp/ros/rslidar_msgs/msg/rslidarPacket.lisp
-- Up-to-date: /home/daisuke/Autoware/ros/install/rslidar_msgs/share/common-lisp/ros/rslidar_msgs/msg/rslidar_msgs-msg.asd
-- Up-to-date: /home/daisuke/Autoware/ros/install/rslidar_msgs/share/common-lisp/ros/rslidar_msgs/msg/_package.lisp
-- Up-to-date: /home/daisuke/Autoware/ros/install/rslidar_msgs/share/common-lisp/ros/rslidar_msgs/msg/rslidarScan.lisp
-- Up-to-date: /home/daisuke/Autoware/ros/install/rslidar_msgs/share/common-lisp/ros/rslidar_msgs/msg/_package_rslidarScan.lisp
-- Up-to-date: /home/daisuke/Autoware/ros/install/rslidar_msgs/share/common-lisp/ros/rslidar_msgs/msg/_package_rslidarPacket.lisp
-- Up-to-date: /home/daisuke/Autoware/ros/install/rslidar_msgs/share/gennodejs/ros/rslidar_msgs
-- Up-to-date: /home/daisuke/Autoware/ros/install/rslidar_msgs/share/gennodejs/ros/rslidar_msgs/msg
-- Up-to-date: /home/daisuke/Autoware/ros/install/rslidar_msgs/share/gennodejs/ros/rslidar_msgs/msg/rslidarPacket.js
-- Up-to-date: /home/daisuke/Autoware/ros/install/rslidar_msgs/share/gennodejs/ros/rslidar_msgs/msg/rslidarScan.js
-- Up-to-date: /home/daisuke/Autoware/ros/install/rslidar_msgs/share/gennodejs/ros/rslidar_msgs/msg/_index.js
-- Up-to-date: /home/daisuke/Autoware/ros/install/rslidar_msgs/share/gennodejs/ros/rslidar_msgs/_index.js
Listing /home/daisuke/Autoware/ros/build/rslidar_msgs/devel/lib/python2.7/dist-packages/rslidar_msgs ...
Listing /home/daisuke/Autoware/ros/build/rslidar_msgs/devel/lib/python2.7/dist-packages/rslidar_msgs/msg ...
-- Up-to-date: /home/daisuke/Autoware/ros/install/rslidar_msgs/lib/python2.7/dist-packages/rslidar_msgs
-- Up-to-date: /home/daisuke/Autoware/ros/install/rslidar_msgs/lib/python2.7/dist-packages/rslidar_msgs/__init__.pyc
-- Up-to-date: /home/daisuke/Autoware/ros/install/rslidar_msgs/lib/python2.7/dist-packages/rslidar_msgs/__init__.py
-- Up-to-date: /home/daisuke/Autoware/ros/install/rslidar_msgs/lib/python2.7/dist-packages/rslidar_msgs/msg
-- Up-to-date: /home/daisuke/Autoware/ros/install/rslidar_msgs/lib/python2.7/dist-packages/rslidar_msgs/msg/_rslidarScan.py
-- Up-to-date: /home/daisuke/Autoware/ros/install/rslidar_msgs/lib/python2.7/dist-packages/rslidar_msgs/msg/_rslidarPacket.py
-- Up-to-date: /home/daisuke/Autoware/ros/install/rslidar_msgs/lib/python2.7/dist-packages/rslidar_msgs/msg/__init__.pyc
-- Up-to-date: /home/daisuke/Autoware/ros/install/rslidar_msgs/lib/python2.7/dist-packages/rslidar_msgs/msg/__init__.py
-- Up-to-date: /home/daisuke/Autoware/ros/install/rslidar_msgs/lib/python2.7/dist-packages/rslidar_msgs/msg/_rslidarScan.pyc
-- Up-to-date: /home/daisuke/Autoware/ros/install/rslidar_msgs/lib/python2.7/dist-packages/rslidar_msgs/msg/_rslidarPacket.pyc
-- Installing: /home/daisuke/Autoware/ros/install/rslidar_msgs/lib/pkgconfig/rslidar_msgs.pc
-- Up-to-date: /home/daisuke/Autoware/ros/install/rslidar_msgs/share/rslidar_msgs/cmake/rslidar_msgs-msg-extras.cmake
-- Up-to-date: /home/daisuke/Autoware/ros/install/rslidar_msgs/share/rslidar_msgs/cmake/rslidar_msgsConfig.cmake
-- Up-to-date: /home/daisuke/Autoware/ros/install/rslidar_msgs/share/rslidar_msgs/cmake/rslidar_msgsConfig-version.cmake
-- Up-to-date: /home/daisuke/Autoware/ros/install/rslidar_msgs/share/rslidar_msgs/package.xml
Invoked command in '/home/daisuke/Autoware/ros/build/rslidar_msgs' returned '0': /usr/bin/cmake --build /home/daisuke/Autoware/ros/build/rslidar_msgs --target install
