-- Using CATKIN_DEVEL_PREFIX: /home/daisuke/Autoware/ros/build/autoware_driveworks_interface/devel
-- Using CMAKE_PREFIX_PATH: /home/daisuke/Autoware/ros/install/autoware_msgs;/home/daisuke/Autoware/ros/install/autoware_build_flags;/home/daisuke/Autoware/ros/devel;/opt/ros/kinetic
-- This workspace overlays: /home/daisuke/Autoware/ros/install/autoware_msgs;/home/daisuke/Autoware/ros/install/autoware_build_flags;/opt/ros/kinetic
-- Using PYTHON_EXECUTABLE: /home/daisuke/pyenv/shims/python
-- Using Debian Python package layout
-- Using empy: /usr/bin/empy
-- Using CATKIN_ENABLE_TESTING: ON
-- Call enable_testing()
-- Using CATKIN_TEST_RESULTS_DIR: /home/daisuke/Autoware/ros/build/autoware_driveworks_interface/test_results
-- Found gmock sources under '/usr/src/gmock': gmock will be built
-- Found gtest sources under '/usr/src/gmock': gtests will be built
-- Using Python nosetests: /usr/bin/nosetests-2.7
-- catkin 0.7.14
-- Using these message generators: gencpp;geneus;genlisp;gennodejs;genpy
-- Configuring done
-- Generating done
-- Build files have been written to: /home/daisuke/Autoware/ros/build/autoware_driveworks_interface
autoware_driveworks_interface won't be built, CUDA and aarch64 are required.
Built target tests
[36mInstall the project...[0m
-- Install configuration: "Release"
-- Installing: /home/daisuke/Autoware/ros/install/autoware_driveworks_interface/lib/pkgconfig/autoware_driveworks_interface.pc
-- Up-to-date: /home/daisuke/Autoware/ros/install/autoware_driveworks_interface/share/autoware_driveworks_interface/cmake/autoware_driveworks_interfaceConfig.cmake
-- Up-to-date: /home/daisuke/Autoware/ros/install/autoware_driveworks_interface/share/autoware_driveworks_interface/cmake/autoware_driveworks_interfaceConfig-version.cmake
-- Up-to-date: /home/daisuke/Autoware/ros/install/autoware_driveworks_interface/share/autoware_driveworks_interface/package.xml
