-- Using CATKIN_DEVEL_PREFIX: /home/daisuke/Autoware/ros/build/vision_beyond_track/devel
-- Using CMAKE_PREFIX_PATH: /home/daisuke/Autoware/ros/install/autoware_msgs;/home/daisuke/Autoware/ros/install/autoware_build_flags;/home/daisuke/Autoware/ros/devel;/opt/ros/kinetic
-- This workspace overlays: /home/daisuke/Autoware/ros/install/autoware_msgs;/home/daisuke/Autoware/ros/install/autoware_build_flags;/opt/ros/kinetic
-- Using PYTHON_EXECUTABLE: /home/daisuke/pyenv/shims/python
-- Using Debian Python package layout
-- Using empy: /usr/bin/empy
-- Using CATKIN_ENABLE_TESTING: ON
-- Call enable_testing()
-- Using CATKIN_TEST_RESULTS_DIR: /home/daisuke/Autoware/ros/build/vision_beyond_track/test_results
-- Found gmock sources under '/usr/src/gmock': gmock will be built
-- Found gtest sources under '/usr/src/gmock': gtests will be built
-- Using Python nosetests: /usr/bin/nosetests-2.7
-- catkin 0.7.14
-- Using these message generators: gencpp;geneus;genlisp;gennodejs;genpy
-- Configuring done
-- Generating done
-- Build files have been written to: /home/daisuke/Autoware/ros/build/vision_beyond_track
[  0%] Built target tf2_msgs_generate_messages_lisp
[ 50%] Built target beyond_track_lib
[ 50%] Built target tf2_msgs_generate_messages_nodejs
[ 50%] Built target sensor_msgs_generate_messages_lisp
[ 50%] Built target tf2_msgs_generate_messages_eus
[ 50%] Built target rosgraph_msgs_generate_messages_py
[ 50%] Built target rosgraph_msgs_generate_messages_nodejs
[ 50%] Built target tf_generate_messages_lisp
[ 50%] Built target tf_generate_messages_py
[ 50%] Built target rosgraph_msgs_generate_messages_lisp
[ 50%] Built target tf_generate_messages_eus
[ 50%] Built target rosgraph_msgs_generate_messages_eus
[ 50%] Built target actionlib_generate_messages_eus
[ 50%] Built target roscpp_generate_messages_py
[ 50%] Built target roscpp_generate_messages_nodejs
[ 50%] Built target roscpp_generate_messages_lisp
[ 50%] Built target roscpp_generate_messages_eus
[ 50%] Built target roscpp_generate_messages_cpp
[ 50%] Built target actionlib_generate_messages_py
[ 50%] Built target actionlib_generate_messages_cpp
[ 50%] Built target sensor_msgs_generate_messages_py
[ 50%] Built target pcl_msgs_generate_messages_py
[ 50%] Built target geometry_msgs_generate_messages_cpp
[ 50%] Built target sensor_msgs_generate_messages_nodejs
[ 50%] Built target autoware_msgs_generate_messages_cpp
[ 50%] Built target sensor_msgs_generate_messages_cpp
[ 50%] Built target geometry_msgs_generate_messages_nodejs
[ 50%] Built target jsk_recognition_msgs_generate_messages_cpp
[ 50%] Built target autoware_msgs_generate_messages_eus
[ 50%] Built target std_msgs_generate_messages_lisp
[ 50%] Built target pcl_msgs_generate_messages_lisp
[ 50%] Built target jsk_recognition_msgs_generate_messages_lisp
[ 50%] Built target std_msgs_generate_messages_eus
[ 50%] Built target geometry_msgs_generate_messages_py
[ 50%] Built target std_msgs_generate_messages_nodejs
[ 50%] Built target geometry_msgs_generate_messages_eus
[ 50%] Built target actionlib_msgs_generate_messages_py
[ 50%] Built target std_msgs_generate_messages_py
[ 50%] Built target jsk_recognition_msgs_generate_messages_nodejs
[ 50%] Built target jsk_recognition_msgs_generate_messages_py
[ 50%] Built target pcl_msgs_generate_messages_cpp
[ 50%] Built target rosgraph_msgs_generate_messages_cpp
[ 50%] Built target tf_generate_messages_nodejs
[ 50%] Built target geometry_msgs_generate_messages_lisp
[ 50%] Built target pcl_msgs_generate_messages_eus
[ 50%] Built target jsk_footstep_msgs_generate_messages_cpp
[ 50%] Built target autoware_msgs_generate_messages_nodejs
[ 50%] Built target autoware_msgs_generate_messages_lisp
[ 50%] Built target tf2_msgs_generate_messages_cpp
[ 50%] Built target jsk_footstep_msgs_generate_messages_eus
[ 50%] Built target pcl_msgs_generate_messages_nodejs
[ 50%] Built target jsk_footstep_msgs_generate_messages_lisp
[ 50%] Built target actionlib_msgs_generate_messages_nodejs
[ 50%] Built target tf2_msgs_generate_messages_py
[ 50%] Built target jsk_footstep_msgs_generate_messages_nodejs
[ 50%] Built target sensor_msgs_generate_messages_eus
[ 50%] Built target actionlib_generate_messages_nodejs
[ 50%] Built target std_msgs_generate_messages_cpp
[ 50%] Built target tf_generate_messages_cpp
[ 50%] Built target actionlib_generate_messages_lisp
[ 50%] Built target actionlib_msgs_generate_messages_eus
[ 50%] Built target jsk_footstep_msgs_generate_messages_py
[ 50%] Built target jsk_recognition_msgs_generate_messages_eus
[ 50%] Built target actionlib_msgs_generate_messages_cpp
[ 50%] Built target autoware_msgs_generate_messages_py
[ 50%] Built target actionlib_msgs_generate_messages_lisp
[35m[1mScanning dependencies of target vision_beyond_track[0m
[ 83%] [32mBuilding CXX object CMakeFiles/vision_beyond_track.dir/src/vision_beyond_track.cpp.o[0m
[ 83%] [32mBuilding CXX object CMakeFiles/vision_beyond_track.dir/src/vision_beyond_track_node.cpp.o[0m
[100%] [32m[1mLinking CXX executable devel/lib/vision_beyond_track/vision_beyond_track[0m
[100%] Built target vision_beyond_track
Built target tests
[ 50%] Built target beyond_track_lib
[ 50%] Built target sensor_msgs_generate_messages_lisp
[ 50%] Built target tf2_msgs_generate_messages_nodejs
[ 50%] Built target tf2_msgs_generate_messages_lisp
[ 50%] Built target tf2_msgs_generate_messages_eus
[ 50%] Built target tf2_msgs_generate_messages_cpp
[ 50%] Built target actionlib_generate_messages_eus
[ 50%] Built target tf_generate_messages_py
[ 50%] Built target tf_generate_messages_eus
[ 50%] Built target tf_generate_messages_lisp
[ 50%] Built target rosgraph_msgs_generate_messages_py
[ 50%] Built target rosgraph_msgs_generate_messages_nodejs
[ 50%] Built target rosgraph_msgs_generate_messages_lisp
[ 50%] Built target rosgraph_msgs_generate_messages_eus
[ 50%] Built target tf_generate_messages_nodejs
[ 50%] Built target roscpp_generate_messages_py
[ 50%] Built target roscpp_generate_messages_nodejs
[ 50%] Built target roscpp_generate_messages_lisp
[ 50%] Built target roscpp_generate_messages_eus
[ 50%] Built target roscpp_generate_messages_cpp
[ 50%] Built target actionlib_generate_messages_cpp
[ 50%] Built target sensor_msgs_generate_messages_py
[ 50%] Built target actionlib_generate_messages_py
[ 50%] Built target autoware_msgs_generate_messages_cpp
[ 50%] Built target pcl_msgs_generate_messages_py
[ 50%] Built target sensor_msgs_generate_messages_nodejs
[ 50%] Built target geometry_msgs_generate_messages_cpp
[ 50%] Built target sensor_msgs_generate_messages_cpp
[ 50%] Built target geometry_msgs_generate_messages_nodejs
[ 50%] Built target jsk_recognition_msgs_generate_messages_cpp
[ 50%] Built target std_msgs_generate_messages_lisp
[ 50%] Built target autoware_msgs_generate_messages_eus
[ 50%] Built target pcl_msgs_generate_messages_lisp
[ 50%] Built target std_msgs_generate_messages_eus
[ 50%] Built target jsk_recognition_msgs_generate_messages_lisp
[ 50%] Built target geometry_msgs_generate_messages_py
[ 50%] Built target std_msgs_generate_messages_nodejs
[ 50%] Built target geometry_msgs_generate_messages_eus
[ 50%] Built target actionlib_msgs_generate_messages_py
[ 50%] Built target std_msgs_generate_messages_py
[ 50%] Built target jsk_recognition_msgs_generate_messages_nodejs
[ 50%] Built target jsk_recognition_msgs_generate_messages_py
[ 50%] Built target pcl_msgs_generate_messages_cpp
[ 50%] Built target rosgraph_msgs_generate_messages_cpp
[ 50%] Built target autoware_msgs_generate_messages_lisp
[ 50%] Built target pcl_msgs_generate_messages_eus
[ 50%] Built target geometry_msgs_generate_messages_lisp
[ 50%] Built target jsk_footstep_msgs_generate_messages_cpp
[ 50%] Built target pcl_msgs_generate_messages_nodejs
[ 50%] Built target autoware_msgs_generate_messages_nodejs
[ 50%] Built target jsk_footstep_msgs_generate_messages_eus
[ 50%] Built target jsk_footstep_msgs_generate_messages_lisp
[ 50%] Built target jsk_footstep_msgs_generate_messages_nodejs
[ 50%] Built target tf2_msgs_generate_messages_py
[ 50%] Built target actionlib_msgs_generate_messages_nodejs
[ 50%] Built target actionlib_generate_messages_nodejs
[ 50%] Built target sensor_msgs_generate_messages_eus
[ 50%] Built target jsk_recognition_msgs_generate_messages_eus
[ 50%] Built target std_msgs_generate_messages_cpp
[ 50%] Built target actionlib_msgs_generate_messages_cpp
[ 50%] Built target actionlib_generate_messages_lisp
[ 50%] Built target jsk_footstep_msgs_generate_messages_py
[ 50%] Built target actionlib_msgs_generate_messages_eus
[ 50%] Built target tf_generate_messages_cpp
[ 50%] Built target autoware_msgs_generate_messages_py
[ 50%] Built target actionlib_msgs_generate_messages_lisp
[100%] Built target vision_beyond_track
[36mInstall the project...[0m
-- Install configuration: "Release"
-- Installing: /home/daisuke/Autoware/ros/install/vision_beyond_track/lib/pkgconfig/vision_beyond_track.pc
-- Up-to-date: /home/daisuke/Autoware/ros/install/vision_beyond_track/share/vision_beyond_track/cmake/vision_beyond_trackConfig.cmake
-- Up-to-date: /home/daisuke/Autoware/ros/install/vision_beyond_track/share/vision_beyond_track/cmake/vision_beyond_trackConfig-version.cmake
-- Up-to-date: /home/daisuke/Autoware/ros/install/vision_beyond_track/share/vision_beyond_track/package.xml
-- Up-to-date: /home/daisuke/Autoware/ros/install/vision_beyond_track/lib/libbeyond_track_lib.a
-- Installing: /home/daisuke/Autoware/ros/install/vision_beyond_track/lib/vision_beyond_track/vision_beyond_track
-- Set runtime path of "/home/daisuke/Autoware/ros/install/vision_beyond_track/lib/vision_beyond_track/vision_beyond_track" to ""
-- Up-to-date: /home/daisuke/Autoware/ros/install/vision_beyond_track/share/vision_beyond_track/launch
-- Up-to-date: /home/daisuke/Autoware/ros/install/vision_beyond_track/share/vision_beyond_track/launch/vision_beyond_track.launch
