Invoking command in '/home/daisuke/Autoware/ros/build/autoware_config_msgs': /usr/bin/cmake /home/daisuke/Autoware/ros/src/msgs/autoware_config_msgs -DCATKIN_INSTALL_INTO_PREFIX_ROOT=0 -DCMAKE_INSTALL_PREFIX=/home/daisuke/Autoware/ros/install/autoware_config_msgs
-- Using CATKIN_DEVEL_PREFIX: /home/daisuke/Autoware/ros/build/autoware_config_msgs/devel
-- Using CMAKE_PREFIX_PATH: /home/daisuke/Autoware/ros/devel;/opt/ros/kinetic
-- This workspace overlays: /opt/ros/kinetic
-- Using PYTHON_EXECUTABLE: /home/daisuke/pyenv/shims/python
-- Using Debian Python package layout
-- Using empy: /usr/bin/empy
-- Using CATKIN_ENABLE_TESTING: ON
-- Call enable_testing()
-- Using CATKIN_TEST_RESULTS_DIR: /home/daisuke/Autoware/ros/build/autoware_config_msgs/test_results
-- Found gmock sources under '/usr/src/gmock': gmock will be built
-- Found gtest sources under '/usr/src/gmock': gtests will be built
-- Using Python nosetests: /usr/bin/nosetests-2.7
-- catkin 0.7.14
-- Using these message generators: gencpp;geneus;genlisp;gennodejs;genpy
-- autoware_config_msgs: 31 messages, 0 services
-- Configuring done
-- Generating done
-- Build files have been written to: /home/daisuke/Autoware/ros/build/autoware_config_msgs
Invoked command in '/home/daisuke/Autoware/ros/build/autoware_config_msgs' returned '0': /usr/bin/cmake /home/daisuke/Autoware/ros/src/msgs/autoware_config_msgs -DCATKIN_INSTALL_INTO_PREFIX_ROOT=0 -DCMAKE_INSTALL_PREFIX=/home/daisuke/Autoware/ros/install/autoware_config_msgs
Invoking command in '/home/daisuke/Autoware/ros/build/autoware_config_msgs': /usr/bin/cmake --build /home/daisuke/Autoware/ros/build/autoware_config_msgs -- -j8 -l8
[  0%] Built target _autoware_config_msgs_generate_messages_check_deps_ConfigCarKF
[  0%] Built target _autoware_config_msgs_generate_messages_check_deps_ConfigPoints2Polygon
[  0%] Built target _autoware_config_msgs_generate_messages_check_deps_ConfigWaypointReplanner
[  0%] Built target _autoware_config_msgs_generate_messages_check_deps_ConfigPedestrianDPM
[  0%] Built target _autoware_config_msgs_generate_messages_check_deps_ConfigTwistFilter
[  0%] Built target _autoware_config_msgs_generate_messages_check_deps_ConfigCarFusion
[  0%] Built target _autoware_config_msgs_generate_messages_check_deps_ConfigSSD
[  0%] Built target _autoware_config_msgs_generate_messages_check_deps_ConfigVoxelGridFilter
[  0%] Built target _autoware_config_msgs_generate_messages_check_deps_ConfigRcnn
[  0%] Built target _autoware_config_msgs_generate_messages_check_deps_ConfigRingFilter
[  0%] Built target _autoware_config_msgs_generate_messages_check_deps_ConfigLaneStop
[  0%] Built target _autoware_config_msgs_generate_messages_check_deps_ConfigWaypointFollower
[  0%] Built target _autoware_config_msgs_generate_messages_check_deps_ConfigLatticeVelocitySet
[  0%] Built target _autoware_config_msgs_generate_messages_check_deps_ConfigPedestrianFusion
[  0%] Built target _autoware_config_msgs_generate_messages_check_deps_ConfigLaneSelect
[  0%] Built target std_msgs_generate_messages_lisp
[  0%] Built target _autoware_config_msgs_generate_messages_check_deps_ConfigRayGroundFilter
[  0%] Built target _autoware_config_msgs_generate_messages_check_deps_ConfigApproximateNDTMapping
[  0%] Built target _autoware_config_msgs_generate_messages_check_deps_ConfigNDTMappingOutput
[  0%] Built target _autoware_config_msgs_generate_messages_check_deps_ConfigLaneRule
[  0%] Built target _autoware_config_msgs_generate_messages_check_deps_ConfigRingGroundFilter
[  0%] Built target _autoware_config_msgs_generate_messages_check_deps_ConfigPlannerSelector
[  0%] Built target _autoware_config_msgs_generate_messages_check_deps_ConfigCarDPM
[  0%] Built target _autoware_config_msgs_generate_messages_check_deps_ConfigNDTMapping
[  0%] Built target _autoware_config_msgs_generate_messages_check_deps_ConfigDistanceFilter
[  0%] Built target std_msgs_generate_messages_py
[  0%] Built target _autoware_config_msgs_generate_messages_check_deps_ConfigICP
[  0%] Built target std_msgs_generate_messages_nodejs
[  0%] Built target _autoware_config_msgs_generate_messages_check_deps_ConfigDecisionMaker
[  0%] Built target _autoware_config_msgs_generate_messages_check_deps_ConfigCompareMapFilter
[  0%] Built target _autoware_config_msgs_generate_messages_check_deps_ConfigPedestrianKF
[  0%] Built target std_msgs_generate_messages_cpp
[  0%] Built target _autoware_config_msgs_generate_messages_check_deps_ConfigRandomFilter
[  0%] Built target _autoware_config_msgs_generate_messages_check_deps_ConfigVelocitySet
[  0%] Built target std_msgs_generate_messages_eus
[  0%] Built target _autoware_config_msgs_generate_messages_check_deps_ConfigNDT
[  1%] [34m[1mGenerating Python from MSG autoware_config_msgs/ConfigDecisionMaker[0m
[  1%] [34m[1mGenerating Javascript code from autoware_config_msgs/ConfigDecisionMaker.msg[0m
[  2%] [34m[1mGenerating EusLisp code from autoware_config_msgs/ConfigDecisionMaker.msg[0m
[  2%] [34m[1mGenerating C++ code from autoware_config_msgs/ConfigDecisionMaker.msg[0m
[  3%] [34m[1mGenerating Lisp code from autoware_config_msgs/ConfigDecisionMaker.msg[0m
[ 23%] Built target autoware_config_msgs_generate_messages_nodejs
[ 43%] Built target autoware_config_msgs_generate_messages_eus
[ 61%] Built target autoware_config_msgs_generate_messages_lisp
[ 62%] [34m[1mGenerating Python msg __init__.py for autoware_config_msgs[0m
[ 81%] Built target autoware_config_msgs_generate_messages_cpp
[100%] Built target autoware_config_msgs_generate_messages_py
[100%] Built target autoware_config_msgs_generate_messages
Invoked command in '/home/daisuke/Autoware/ros/build/autoware_config_msgs' returned '0': /usr/bin/cmake --build /home/daisuke/Autoware/ros/build/autoware_config_msgs -- -j8 -l8
Invoking command in '/home/daisuke/Autoware/ros/build/autoware_config_msgs': /usr/bin/cmake --build /home/daisuke/Autoware/ros/build/autoware_config_msgs --target tests -- -j8 -l8
Built target tests
Invoked command in '/home/daisuke/Autoware/ros/build/autoware_config_msgs' returned '0': /usr/bin/cmake --build /home/daisuke/Autoware/ros/build/autoware_config_msgs --target tests -- -j8 -l8
Invoking command in '/home/daisuke/Autoware/ros/build/autoware_config_msgs': /usr/bin/cmake --build /home/daisuke/Autoware/ros/build/autoware_config_msgs --target install
[  0%] Built target _autoware_config_msgs_generate_messages_check_deps_ConfigCarFusion
[  0%] Built target _autoware_config_msgs_generate_messages_check_deps_ConfigCarKF
[  0%] Built target _autoware_config_msgs_generate_messages_check_deps_ConfigSSD
[  0%] Built target _autoware_config_msgs_generate_messages_check_deps_ConfigVoxelGridFilter
[  0%] Built target _autoware_config_msgs_generate_messages_check_deps_ConfigTwistFilter
[  0%] Built target _autoware_config_msgs_generate_messages_check_deps_ConfigPoints2Polygon
[  0%] Built target _autoware_config_msgs_generate_messages_check_deps_ConfigPedestrianDPM
[  0%] Built target _autoware_config_msgs_generate_messages_check_deps_ConfigWaypointReplanner
[  0%] Built target _autoware_config_msgs_generate_messages_check_deps_ConfigLatticeVelocitySet
[  0%] Built target _autoware_config_msgs_generate_messages_check_deps_ConfigLaneStop
[  0%] Built target _autoware_config_msgs_generate_messages_check_deps_ConfigRingFilter
[  0%] Built target _autoware_config_msgs_generate_messages_check_deps_ConfigRcnn
[  0%] Built target _autoware_config_msgs_generate_messages_check_deps_ConfigWaypointFollower
[  0%] Built target _autoware_config_msgs_generate_messages_check_deps_ConfigPedestrianFusion
[  0%] Built target _autoware_config_msgs_generate_messages_check_deps_ConfigLaneSelect
[  0%] Built target _autoware_config_msgs_generate_messages_check_deps_ConfigRayGroundFilter
[  0%] Built target _autoware_config_msgs_generate_messages_check_deps_ConfigApproximateNDTMapping
[  0%] Built target std_msgs_generate_messages_lisp
[  0%] Built target _autoware_config_msgs_generate_messages_check_deps_ConfigRingGroundFilter
[  0%] Built target _autoware_config_msgs_generate_messages_check_deps_ConfigPlannerSelector
[  0%] Built target _autoware_config_msgs_generate_messages_check_deps_ConfigLaneRule
[  0%] Built target _autoware_config_msgs_generate_messages_check_deps_ConfigDistanceFilter
[  0%] Built target _autoware_config_msgs_generate_messages_check_deps_ConfigNDTMappingOutput
[  0%] Built target _autoware_config_msgs_generate_messages_check_deps_ConfigCarDPM
[  0%] Built target _autoware_config_msgs_generate_messages_check_deps_ConfigNDTMapping
[  0%] Built target _autoware_config_msgs_generate_messages_check_deps_ConfigDecisionMaker
[  0%] Built target _autoware_config_msgs_generate_messages_check_deps_ConfigCompareMapFilter
[  0%] Built target _autoware_config_msgs_generate_messages_check_deps_ConfigRandomFilter
[  0%] Built target _autoware_config_msgs_generate_messages_check_deps_ConfigICP
[  0%] Built target _autoware_config_msgs_generate_messages_check_deps_ConfigPedestrianKF
[  0%] Built target _autoware_config_msgs_generate_messages_check_deps_ConfigNDT
[  0%] Built target _autoware_config_msgs_generate_messages_check_deps_ConfigVelocitySet
[ 19%] Built target autoware_config_msgs_generate_messages_lisp
[ 19%] Built target std_msgs_generate_messages_py
[ 39%] Built target autoware_config_msgs_generate_messages_py
[ 39%] Built target std_msgs_generate_messages_nodejs
[ 60%] Built target autoware_config_msgs_generate_messages_nodejs
[ 60%] Built target std_msgs_generate_messages_cpp
[ 79%] Built target autoware_config_msgs_generate_messages_cpp
[ 79%] Built target std_msgs_generate_messages_eus
[100%] Built target autoware_config_msgs_generate_messages_eus
[100%] Built target autoware_config_msgs_generate_messages
[36mInstall the project...[0m
-- Install configuration: "Release"
-- Up-to-date: /home/daisuke/Autoware/ros/install/autoware_config_msgs/share/autoware_config_msgs/msg/ConfigApproximateNDTMapping.msg
-- Up-to-date: /home/daisuke/Autoware/ros/install/autoware_config_msgs/share/autoware_config_msgs/msg/ConfigCarDPM.msg
-- Up-to-date: /home/daisuke/Autoware/ros/install/autoware_config_msgs/share/autoware_config_msgs/msg/ConfigCarFusion.msg
-- Up-to-date: /home/daisuke/Autoware/ros/install/autoware_config_msgs/share/autoware_config_msgs/msg/ConfigCarKF.msg
-- Up-to-date: /home/daisuke/Autoware/ros/install/autoware_config_msgs/share/autoware_config_msgs/msg/ConfigCompareMapFilter.msg
-- Installing: /home/daisuke/Autoware/ros/install/autoware_config_msgs/share/autoware_config_msgs/msg/ConfigDecisionMaker.msg
-- Up-to-date: /home/daisuke/Autoware/ros/install/autoware_config_msgs/share/autoware_config_msgs/msg/ConfigDistanceFilter.msg
-- Up-to-date: /home/daisuke/Autoware/ros/install/autoware_config_msgs/share/autoware_config_msgs/msg/ConfigICP.msg
-- Up-to-date: /home/daisuke/Autoware/ros/install/autoware_config_msgs/share/autoware_config_msgs/msg/ConfigLaneRule.msg
-- Up-to-date: /home/daisuke/Autoware/ros/install/autoware_config_msgs/share/autoware_config_msgs/msg/ConfigLaneSelect.msg
-- Up-to-date: /home/daisuke/Autoware/ros/install/autoware_config_msgs/share/autoware_config_msgs/msg/ConfigLaneStop.msg
-- Up-to-date: /home/daisuke/Autoware/ros/install/autoware_config_msgs/share/autoware_config_msgs/msg/ConfigLatticeVelocitySet.msg
-- Up-to-date: /home/daisuke/Autoware/ros/install/autoware_config_msgs/share/autoware_config_msgs/msg/ConfigNDTMapping.msg
-- Up-to-date: /home/daisuke/Autoware/ros/install/autoware_config_msgs/share/autoware_config_msgs/msg/ConfigNDTMappingOutput.msg
-- Up-to-date: /home/daisuke/Autoware/ros/install/autoware_config_msgs/share/autoware_config_msgs/msg/ConfigNDT.msg
-- Up-to-date: /home/daisuke/Autoware/ros/install/autoware_config_msgs/share/autoware_config_msgs/msg/ConfigPedestrianDPM.msg
-- Up-to-date: /home/daisuke/Autoware/ros/install/autoware_config_msgs/share/autoware_config_msgs/msg/ConfigPedestrianFusion.msg
-- Up-to-date: /home/daisuke/Autoware/ros/install/autoware_config_msgs/share/autoware_config_msgs/msg/ConfigPedestrianKF.msg
-- Up-to-date: /home/daisuke/Autoware/ros/install/autoware_config_msgs/share/autoware_config_msgs/msg/ConfigPlannerSelector.msg
-- Up-to-date: /home/daisuke/Autoware/ros/install/autoware_config_msgs/share/autoware_config_msgs/msg/ConfigPoints2Polygon.msg
-- Up-to-date: /home/daisuke/Autoware/ros/install/autoware_config_msgs/share/autoware_config_msgs/msg/ConfigRandomFilter.msg
-- Up-to-date: /home/daisuke/Autoware/ros/install/autoware_config_msgs/share/autoware_config_msgs/msg/ConfigRayGroundFilter.msg
-- Up-to-date: /home/daisuke/Autoware/ros/install/autoware_config_msgs/share/autoware_config_msgs/msg/ConfigRcnn.msg
-- Up-to-date: /home/daisuke/Autoware/ros/install/autoware_config_msgs/share/autoware_config_msgs/msg/ConfigRingFilter.msg
-- Up-to-date: /home/daisuke/Autoware/ros/install/autoware_config_msgs/share/autoware_config_msgs/msg/ConfigRingGroundFilter.msg
-- Up-to-date: /home/daisuke/Autoware/ros/install/autoware_config_msgs/share/autoware_config_msgs/msg/ConfigSSD.msg
-- Up-to-date: /home/daisuke/Autoware/ros/install/autoware_config_msgs/share/autoware_config_msgs/msg/ConfigTwistFilter.msg
-- Up-to-date: /home/daisuke/Autoware/ros/install/autoware_config_msgs/share/autoware_config_msgs/msg/ConfigVelocitySet.msg
-- Up-to-date: /home/daisuke/Autoware/ros/install/autoware_config_msgs/share/autoware_config_msgs/msg/ConfigVoxelGridFilter.msg
-- Up-to-date: /home/daisuke/Autoware/ros/install/autoware_config_msgs/share/autoware_config_msgs/msg/ConfigWaypointFollower.msg
-- Up-to-date: /home/daisuke/Autoware/ros/install/autoware_config_msgs/share/autoware_config_msgs/msg/ConfigWaypointReplanner.msg
-- Up-to-date: /home/daisuke/Autoware/ros/install/autoware_config_msgs/share/autoware_config_msgs/cmake/autoware_config_msgs-msg-paths.cmake
-- Up-to-date: /home/daisuke/Autoware/ros/install/autoware_config_msgs/include/autoware_config_msgs
-- Up-to-date: /home/daisuke/Autoware/ros/install/autoware_config_msgs/include/autoware_config_msgs/ConfigLaneRule.h
-- Up-to-date: /home/daisuke/Autoware/ros/install/autoware_config_msgs/include/autoware_config_msgs/ConfigWaypointFollower.h
-- Up-to-date: /home/daisuke/Autoware/ros/install/autoware_config_msgs/include/autoware_config_msgs/ConfigLatticeVelocitySet.h
-- Installing: /home/daisuke/Autoware/ros/install/autoware_config_msgs/include/autoware_config_msgs/ConfigDecisionMaker.h
-- Up-to-date: /home/daisuke/Autoware/ros/install/autoware_config_msgs/include/autoware_config_msgs/ConfigSSD.h
-- Up-to-date: /home/daisuke/Autoware/ros/install/autoware_config_msgs/include/autoware_config_msgs/ConfigWaypointReplanner.h
-- Up-to-date: /home/daisuke/Autoware/ros/install/autoware_config_msgs/include/autoware_config_msgs/ConfigTwistFilter.h
-- Up-to-date: /home/daisuke/Autoware/ros/install/autoware_config_msgs/include/autoware_config_msgs/ConfigPedestrianKF.h
-- Up-to-date: /home/daisuke/Autoware/ros/install/autoware_config_msgs/include/autoware_config_msgs/ConfigCarKF.h
-- Up-to-date: /home/daisuke/Autoware/ros/install/autoware_config_msgs/include/autoware_config_msgs/ConfigVoxelGridFilter.h
-- Up-to-date: /home/daisuke/Autoware/ros/install/autoware_config_msgs/include/autoware_config_msgs/ConfigRingFilter.h
-- Up-to-date: /home/daisuke/Autoware/ros/install/autoware_config_msgs/include/autoware_config_msgs/ConfigRayGroundFilter.h
-- Up-to-date: /home/daisuke/Autoware/ros/install/autoware_config_msgs/include/autoware_config_msgs/ConfigNDTMapping.h
-- Up-to-date: /home/daisuke/Autoware/ros/install/autoware_config_msgs/include/autoware_config_msgs/ConfigRingGroundFilter.h
-- Up-to-date: /home/daisuke/Autoware/ros/install/autoware_config_msgs/include/autoware_config_msgs/ConfigNDT.h
-- Up-to-date: /home/daisuke/Autoware/ros/install/autoware_config_msgs/include/autoware_config_msgs/ConfigCarDPM.h
-- Up-to-date: /home/daisuke/Autoware/ros/install/autoware_config_msgs/include/autoware_config_msgs/ConfigPoints2Polygon.h
-- Up-to-date: /home/daisuke/Autoware/ros/install/autoware_config_msgs/include/autoware_config_msgs/ConfigRcnn.h
-- Up-to-date: /home/daisuke/Autoware/ros/install/autoware_config_msgs/include/autoware_config_msgs/ConfigPedestrianFusion.h
-- Up-to-date: /home/daisuke/Autoware/ros/install/autoware_config_msgs/include/autoware_config_msgs/ConfigCompareMapFilter.h
-- Up-to-date: /home/daisuke/Autoware/ros/install/autoware_config_msgs/include/autoware_config_msgs/ConfigRandomFilter.h
-- Up-to-date: /home/daisuke/Autoware/ros/install/autoware_config_msgs/include/autoware_config_msgs/ConfigApproximateNDTMapping.h
-- Up-to-date: /home/daisuke/Autoware/ros/install/autoware_config_msgs/include/autoware_config_msgs/ConfigICP.h
-- Up-to-date: /home/daisuke/Autoware/ros/install/autoware_config_msgs/include/autoware_config_msgs/ConfigCarFusion.h
-- Up-to-date: /home/daisuke/Autoware/ros/install/autoware_config_msgs/include/autoware_config_msgs/ConfigVelocitySet.h
-- Up-to-date: /home/daisuke/Autoware/ros/install/autoware_config_msgs/include/autoware_config_msgs/ConfigNDTMappingOutput.h
-- Up-to-date: /home/daisuke/Autoware/ros/install/autoware_config_msgs/include/autoware_config_msgs/ConfigPedestrianDPM.h
-- Up-to-date: /home/daisuke/Autoware/ros/install/autoware_config_msgs/include/autoware_config_msgs/ConfigPlannerSelector.h
-- Up-to-date: /home/daisuke/Autoware/ros/install/autoware_config_msgs/include/autoware_config_msgs/ConfigLaneSelect.h
-- Up-to-date: /home/daisuke/Autoware/ros/install/autoware_config_msgs/include/autoware_config_msgs/ConfigLaneStop.h
-- Up-to-date: /home/daisuke/Autoware/ros/install/autoware_config_msgs/include/autoware_config_msgs/ConfigDistanceFilter.h
-- Up-to-date: /home/daisuke/Autoware/ros/install/autoware_config_msgs/share/roseus/ros/autoware_config_msgs
-- Up-to-date: /home/daisuke/Autoware/ros/install/autoware_config_msgs/share/roseus/ros/autoware_config_msgs/manifest.l
-- Up-to-date: /home/daisuke/Autoware/ros/install/autoware_config_msgs/share/roseus/ros/autoware_config_msgs/msg
-- Up-to-date: /home/daisuke/Autoware/ros/install/autoware_config_msgs/share/roseus/ros/autoware_config_msgs/msg/ConfigLatticeVelocitySet.l
-- Up-to-date: /home/daisuke/Autoware/ros/install/autoware_config_msgs/share/roseus/ros/autoware_config_msgs/msg/ConfigICP.l
-- Up-to-date: /home/daisuke/Autoware/ros/install/autoware_config_msgs/share/roseus/ros/autoware_config_msgs/msg/ConfigLaneSelect.l
-- Up-to-date: /home/daisuke/Autoware/ros/install/autoware_config_msgs/share/roseus/ros/autoware_config_msgs/msg/ConfigRingFilter.l
-- Up-to-date: /home/daisuke/Autoware/ros/install/autoware_config_msgs/share/roseus/ros/autoware_config_msgs/msg/ConfigNDTMappingOutput.l
-- Up-to-date: /home/daisuke/Autoware/ros/install/autoware_config_msgs/share/roseus/ros/autoware_config_msgs/msg/ConfigLaneStop.l
-- Up-to-date: /home/daisuke/Autoware/ros/install/autoware_config_msgs/share/roseus/ros/autoware_config_msgs/msg/ConfigVoxelGridFilter.l
-- Installing: /home/daisuke/Autoware/ros/install/autoware_config_msgs/share/roseus/ros/autoware_config_msgs/msg/ConfigDecisionMaker.l
-- Up-to-date: /home/daisuke/Autoware/ros/install/autoware_config_msgs/share/roseus/ros/autoware_config_msgs/msg/ConfigCarDPM.l
-- Up-to-date: /home/daisuke/Autoware/ros/install/autoware_config_msgs/share/roseus/ros/autoware_config_msgs/msg/ConfigPoints2Polygon.l
-- Up-to-date: /home/daisuke/Autoware/ros/install/autoware_config_msgs/share/roseus/ros/autoware_config_msgs/msg/ConfigTwistFilter.l
-- Up-to-date: /home/daisuke/Autoware/ros/install/autoware_config_msgs/share/roseus/ros/autoware_config_msgs/msg/ConfigApproximateNDTMapping.l
-- Up-to-date: /home/daisuke/Autoware/ros/install/autoware_config_msgs/share/roseus/ros/autoware_config_msgs/msg/ConfigWaypointFollower.l
-- Up-to-date: /home/daisuke/Autoware/ros/install/autoware_config_msgs/share/roseus/ros/autoware_config_msgs/msg/ConfigLaneRule.l
-- Up-to-date: /home/daisuke/Autoware/ros/install/autoware_config_msgs/share/roseus/ros/autoware_config_msgs/msg/ConfigRingGroundFilter.l
-- Up-to-date: /home/daisuke/Autoware/ros/install/autoware_config_msgs/share/roseus/ros/autoware_config_msgs/msg/ConfigCompareMapFilter.l
-- Up-to-date: /home/daisuke/Autoware/ros/install/autoware_config_msgs/share/roseus/ros/autoware_config_msgs/msg/ConfigPedestrianDPM.l
-- Up-to-date: /home/daisuke/Autoware/ros/install/autoware_config_msgs/share/roseus/ros/autoware_config_msgs/msg/ConfigPlannerSelector.l
-- Up-to-date: /home/daisuke/Autoware/ros/install/autoware_config_msgs/share/roseus/ros/autoware_config_msgs/msg/ConfigCarFusion.l
-- Up-to-date: /home/daisuke/Autoware/ros/install/autoware_config_msgs/share/roseus/ros/autoware_config_msgs/msg/ConfigPedestrianFusion.l
-- Up-to-date: /home/daisuke/Autoware/ros/install/autoware_config_msgs/share/roseus/ros/autoware_config_msgs/msg/ConfigRcnn.l
-- Up-to-date: /home/daisuke/Autoware/ros/install/autoware_config_msgs/share/roseus/ros/autoware_config_msgs/msg/ConfigPedestrianKF.l
-- Up-to-date: /home/daisuke/Autoware/ros/install/autoware_config_msgs/share/roseus/ros/autoware_config_msgs/msg/ConfigRayGroundFilter.l
-- Up-to-date: /home/daisuke/Autoware/ros/install/autoware_config_msgs/share/roseus/ros/autoware_config_msgs/msg/ConfigDistanceFilter.l
-- Up-to-date: /home/daisuke/Autoware/ros/install/autoware_config_msgs/share/roseus/ros/autoware_config_msgs/msg/ConfigSSD.l
-- Up-to-date: /home/daisuke/Autoware/ros/install/autoware_config_msgs/share/roseus/ros/autoware_config_msgs/msg/ConfigNDT.l
-- Up-to-date: /home/daisuke/Autoware/ros/install/autoware_config_msgs/share/roseus/ros/autoware_config_msgs/msg/ConfigWaypointReplanner.l
-- Up-to-date: /home/daisuke/Autoware/ros/install/autoware_config_msgs/share/roseus/ros/autoware_config_msgs/msg/ConfigVelocitySet.l
-- Up-to-date: /home/daisuke/Autoware/ros/install/autoware_config_msgs/share/roseus/ros/autoware_config_msgs/msg/ConfigCarKF.l
-- Up-to-date: /home/daisuke/Autoware/ros/install/autoware_config_msgs/share/roseus/ros/autoware_config_msgs/msg/ConfigRandomFilter.l
-- Up-to-date: /home/daisuke/Autoware/ros/install/autoware_config_msgs/share/roseus/ros/autoware_config_msgs/msg/ConfigNDTMapping.l
-- Up-to-date: /home/daisuke/Autoware/ros/install/autoware_config_msgs/share/common-lisp/ros/autoware_config_msgs
-- Up-to-date: /home/daisuke/Autoware/ros/install/autoware_config_msgs/share/common-lisp/ros/autoware_config_msgs/msg
-- Up-to-date: /home/daisuke/Autoware/ros/install/autoware_config_msgs/share/common-lisp/ros/autoware_config_msgs/msg/ConfigCarDPM.lisp
-- Up-to-date: /home/daisuke/Autoware/ros/install/autoware_config_msgs/share/common-lisp/ros/autoware_config_msgs/msg/_package_ConfigCompareMapFilter.lisp
-- Installing: /home/daisuke/Autoware/ros/install/autoware_config_msgs/share/common-lisp/ros/autoware_config_msgs/msg/ConfigDecisionMaker.lisp
-- Up-to-date: /home/daisuke/Autoware/ros/install/autoware_config_msgs/share/common-lisp/ros/autoware_config_msgs/msg/_package_ConfigPoints2Polygon.lisp
-- Up-to-date: /home/daisuke/Autoware/ros/install/autoware_config_msgs/share/common-lisp/ros/autoware_config_msgs/msg/_package_ConfigCarDPM.lisp
-- Up-to-date: /home/daisuke/Autoware/ros/install/autoware_config_msgs/share/common-lisp/ros/autoware_config_msgs/msg/_package_ConfigCarFusion.lisp
-- Up-to-date: /home/daisuke/Autoware/ros/install/autoware_config_msgs/share/common-lisp/ros/autoware_config_msgs/msg/ConfigDistanceFilter.lisp
-- Up-to-date: /home/daisuke/Autoware/ros/install/autoware_config_msgs/share/common-lisp/ros/autoware_config_msgs/msg/_package_ConfigPedestrianDPM.lisp
-- Up-to-date: /home/daisuke/Autoware/ros/install/autoware_config_msgs/share/common-lisp/ros/autoware_config_msgs/msg/_package_ConfigICP.lisp
-- Up-to-date: /home/daisuke/Autoware/ros/install/autoware_config_msgs/share/common-lisp/ros/autoware_config_msgs/msg/_package_ConfigRandomFilter.lisp
-- Up-to-date: /home/daisuke/Autoware/ros/install/autoware_config_msgs/share/common-lisp/ros/autoware_config_msgs/msg/_package_ConfigSSD.lisp
-- Up-to-date: /home/daisuke/Autoware/ros/install/autoware_config_msgs/share/common-lisp/ros/autoware_config_msgs/msg/_package_ConfigDistanceFilter.lisp
-- Up-to-date: /home/daisuke/Autoware/ros/install/autoware_config_msgs/share/common-lisp/ros/autoware_config_msgs/msg/_package_ConfigPedestrianKF.lisp
-- Up-to-date: /home/daisuke/Autoware/ros/install/autoware_config_msgs/share/common-lisp/ros/autoware_config_msgs/msg/ConfigPedestrianFusion.lisp
-- Up-to-date: /home/daisuke/Autoware/ros/install/autoware_config_msgs/share/common-lisp/ros/autoware_config_msgs/msg/ConfigWaypointFollower.lisp
-- Up-to-date: /home/daisuke/Autoware/ros/install/autoware_config_msgs/share/common-lisp/ros/autoware_config_msgs/msg/_package_ConfigApproximateNDTMapping.lisp
-- Installing: /home/daisuke/Autoware/ros/install/autoware_config_msgs/share/common-lisp/ros/autoware_config_msgs/msg/_package.lisp
-- Up-to-date: /home/daisuke/Autoware/ros/install/autoware_config_msgs/share/common-lisp/ros/autoware_config_msgs/msg/ConfigLatticeVelocitySet.lisp
-- Up-to-date: /home/daisuke/Autoware/ros/install/autoware_config_msgs/share/common-lisp/ros/autoware_config_msgs/msg/ConfigApproximateNDTMapping.lisp
-- Up-to-date: /home/daisuke/Autoware/ros/install/autoware_config_msgs/share/common-lisp/ros/autoware_config_msgs/msg/ConfigNDTMappingOutput.lisp
-- Up-to-date: /home/daisuke/Autoware/ros/install/autoware_config_msgs/share/common-lisp/ros/autoware_config_msgs/msg/_package_ConfigCarKF.lisp
-- Up-to-date: /home/daisuke/Autoware/ros/install/autoware_config_msgs/share/common-lisp/ros/autoware_config_msgs/msg/_package_ConfigLaneRule.lisp
-- Up-to-date: /home/daisuke/Autoware/ros/install/autoware_config_msgs/share/common-lisp/ros/autoware_config_msgs/msg/_package_ConfigNDTMappingOutput.lisp
-- Up-to-date: /home/daisuke/Autoware/ros/install/autoware_config_msgs/share/common-lisp/ros/autoware_config_msgs/msg/ConfigRingGroundFilter.lisp
-- Up-to-date: /home/daisuke/Autoware/ros/install/autoware_config_msgs/share/common-lisp/ros/autoware_config_msgs/msg/_package_ConfigRayGroundFilter.lisp
-- Up-to-date: /home/daisuke/Autoware/ros/install/autoware_config_msgs/share/common-lisp/ros/autoware_config_msgs/msg/_package_ConfigPlannerSelector.lisp
-- Up-to-date: /home/daisuke/Autoware/ros/install/autoware_config_msgs/share/common-lisp/ros/autoware_config_msgs/msg/ConfigPlannerSelector.lisp
-- Up-to-date: /home/daisuke/Autoware/ros/install/autoware_config_msgs/share/common-lisp/ros/autoware_config_msgs/msg/_package_ConfigPedestrianFusion.lisp
-- Up-to-date: /home/daisuke/Autoware/ros/install/autoware_config_msgs/share/common-lisp/ros/autoware_config_msgs/msg/_package_ConfigLatticeVelocitySet.lisp
-- Up-to-date: /home/daisuke/Autoware/ros/install/autoware_config_msgs/share/common-lisp/ros/autoware_config_msgs/msg/ConfigLaneStop.lisp
-- Up-to-date: /home/daisuke/Autoware/ros/install/autoware_config_msgs/share/common-lisp/ros/autoware_config_msgs/msg/_package_ConfigRcnn.lisp
-- Up-to-date: /home/daisuke/Autoware/ros/install/autoware_config_msgs/share/common-lisp/ros/autoware_config_msgs/msg/ConfigVelocitySet.lisp
-- Up-to-date: /home/daisuke/Autoware/ros/install/autoware_config_msgs/share/common-lisp/ros/autoware_config_msgs/msg/_package_ConfigWaypointReplanner.lisp
-- Up-to-date: /home/daisuke/Autoware/ros/install/autoware_config_msgs/share/common-lisp/ros/autoware_config_msgs/msg/ConfigNDT.lisp
-- Up-to-date: /home/daisuke/Autoware/ros/install/autoware_config_msgs/share/common-lisp/ros/autoware_config_msgs/msg/_package_ConfigNDT.lisp
-- Up-to-date: /home/daisuke/Autoware/ros/install/autoware_config_msgs/share/common-lisp/ros/autoware_config_msgs/msg/ConfigCarKF.lisp
-- Up-to-date: /home/daisuke/Autoware/ros/install/autoware_config_msgs/share/common-lisp/ros/autoware_config_msgs/msg/ConfigCompareMapFilter.lisp
-- Up-to-date: /home/daisuke/Autoware/ros/install/autoware_config_msgs/share/common-lisp/ros/autoware_config_msgs/msg/ConfigSSD.lisp
-- Up-to-date: /home/daisuke/Autoware/ros/install/autoware_config_msgs/share/common-lisp/ros/autoware_config_msgs/msg/ConfigLaneSelect.lisp
-- Up-to-date: /home/daisuke/Autoware/ros/install/autoware_config_msgs/share/common-lisp/ros/autoware_config_msgs/msg/_package_ConfigVoxelGridFilter.lisp
-- Up-to-date: /home/daisuke/Autoware/ros/install/autoware_config_msgs/share/common-lisp/ros/autoware_config_msgs/msg/ConfigNDTMapping.lisp
-- Up-to-date: /home/daisuke/Autoware/ros/install/autoware_config_msgs/share/common-lisp/ros/autoware_config_msgs/msg/ConfigLaneRule.lisp
-- Up-to-date: /home/daisuke/Autoware/ros/install/autoware_config_msgs/share/common-lisp/ros/autoware_config_msgs/msg/_package_ConfigVelocitySet.lisp
-- Up-to-date: /home/daisuke/Autoware/ros/install/autoware_config_msgs/share/common-lisp/ros/autoware_config_msgs/msg/_package_ConfigRingGroundFilter.lisp
-- Up-to-date: /home/daisuke/Autoware/ros/install/autoware_config_msgs/share/common-lisp/ros/autoware_config_msgs/msg/_package_ConfigLaneSelect.lisp
-- Up-to-date: /home/daisuke/Autoware/ros/install/autoware_config_msgs/share/common-lisp/ros/autoware_config_msgs/msg/ConfigPedestrianDPM.lisp
-- Up-to-date: /home/daisuke/Autoware/ros/install/autoware_config_msgs/share/common-lisp/ros/autoware_config_msgs/msg/ConfigPedestrianKF.lisp
-- Up-to-date: /home/daisuke/Autoware/ros/install/autoware_config_msgs/share/common-lisp/ros/autoware_config_msgs/msg/_package_ConfigTwistFilter.lisp
-- Up-to-date: /home/daisuke/Autoware/ros/install/autoware_config_msgs/share/common-lisp/ros/autoware_config_msgs/msg/ConfigCarFusion.lisp
-- Up-to-date: /home/daisuke/Autoware/ros/install/autoware_config_msgs/share/common-lisp/ros/autoware_config_msgs/msg/ConfigRayGroundFilter.lisp
-- Up-to-date: /home/daisuke/Autoware/ros/install/autoware_config_msgs/share/common-lisp/ros/autoware_config_msgs/msg/_package_ConfigRingFilter.lisp
-- Up-to-date: /home/daisuke/Autoware/ros/install/autoware_config_msgs/share/common-lisp/ros/autoware_config_msgs/msg/_package_ConfigWaypointFollower.lisp
-- Up-to-date: /home/daisuke/Autoware/ros/install/autoware_config_msgs/share/common-lisp/ros/autoware_config_msgs/msg/ConfigRandomFilter.lisp
-- Up-to-date: /home/daisuke/Autoware/ros/install/autoware_config_msgs/share/common-lisp/ros/autoware_config_msgs/msg/ConfigWaypointReplanner.lisp
-- Up-to-date: /home/daisuke/Autoware/ros/install/autoware_config_msgs/share/common-lisp/ros/autoware_config_msgs/msg/ConfigICP.lisp
-- Installing: /home/daisuke/Autoware/ros/install/autoware_config_msgs/share/common-lisp/ros/autoware_config_msgs/msg/_package_ConfigDecisionMaker.lisp
-- Up-to-date: /home/daisuke/Autoware/ros/install/autoware_config_msgs/share/common-lisp/ros/autoware_config_msgs/msg/ConfigPoints2Polygon.lisp
-- Up-to-date: /home/daisuke/Autoware/ros/install/autoware_config_msgs/share/common-lisp/ros/autoware_config_msgs/msg/_package_ConfigNDTMapping.lisp
-- Up-to-date: /home/daisuke/Autoware/ros/install/autoware_config_msgs/share/common-lisp/ros/autoware_config_msgs/msg/ConfigRingFilter.lisp
-- Up-to-date: /home/daisuke/Autoware/ros/install/autoware_config_msgs/share/common-lisp/ros/autoware_config_msgs/msg/ConfigRcnn.lisp
-- Installing: /home/daisuke/Autoware/ros/install/autoware_config_msgs/share/common-lisp/ros/autoware_config_msgs/msg/autoware_config_msgs-msg.asd
-- Up-to-date: /home/daisuke/Autoware/ros/install/autoware_config_msgs/share/common-lisp/ros/autoware_config_msgs/msg/ConfigVoxelGridFilter.lisp
-- Up-to-date: /home/daisuke/Autoware/ros/install/autoware_config_msgs/share/common-lisp/ros/autoware_config_msgs/msg/_package_ConfigLaneStop.lisp
-- Up-to-date: /home/daisuke/Autoware/ros/install/autoware_config_msgs/share/common-lisp/ros/autoware_config_msgs/msg/ConfigTwistFilter.lisp
-- Up-to-date: /home/daisuke/Autoware/ros/install/autoware_config_msgs/share/gennodejs/ros/autoware_config_msgs
-- Up-to-date: /home/daisuke/Autoware/ros/install/autoware_config_msgs/share/gennodejs/ros/autoware_config_msgs/msg
-- Up-to-date: /home/daisuke/Autoware/ros/install/autoware_config_msgs/share/gennodejs/ros/autoware_config_msgs/msg/ConfigTwistFilter.js
-- Up-to-date: /home/daisuke/Autoware/ros/install/autoware_config_msgs/share/gennodejs/ros/autoware_config_msgs/msg/ConfigVoxelGridFilter.js
-- Up-to-date: /home/daisuke/Autoware/ros/install/autoware_config_msgs/share/gennodejs/ros/autoware_config_msgs/msg/ConfigRcnn.js
-- Up-to-date: /home/daisuke/Autoware/ros/install/autoware_config_msgs/share/gennodejs/ros/autoware_config_msgs/msg/ConfigNDTMapping.js
-- Up-to-date: /home/daisuke/Autoware/ros/install/autoware_config_msgs/share/gennodejs/ros/autoware_config_msgs/msg/ConfigPedestrianKF.js
-- Up-to-date: /home/daisuke/Autoware/ros/install/autoware_config_msgs/share/gennodejs/ros/autoware_config_msgs/msg/ConfigPoints2Polygon.js
-- Up-to-date: /home/daisuke/Autoware/ros/install/autoware_config_msgs/share/gennodejs/ros/autoware_config_msgs/msg/ConfigLaneStop.js
-- Up-to-date: /home/daisuke/Autoware/ros/install/autoware_config_msgs/share/gennodejs/ros/autoware_config_msgs/msg/ConfigPedestrianDPM.js
-- Up-to-date: /home/daisuke/Autoware/ros/install/autoware_config_msgs/share/gennodejs/ros/autoware_config_msgs/msg/ConfigApproximateNDTMapping.js
-- Up-to-date: /home/daisuke/Autoware/ros/install/autoware_config_msgs/share/gennodejs/ros/autoware_config_msgs/msg/ConfigWaypointFollower.js
-- Up-to-date: /home/daisuke/Autoware/ros/install/autoware_config_msgs/share/gennodejs/ros/autoware_config_msgs/msg/ConfigVelocitySet.js
-- Up-to-date: /home/daisuke/Autoware/ros/install/autoware_config_msgs/share/gennodejs/ros/autoware_config_msgs/msg/ConfigPlannerSelector.js
-- Up-to-date: /home/daisuke/Autoware/ros/install/autoware_config_msgs/share/gennodejs/ros/autoware_config_msgs/msg/ConfigICP.js
-- Up-to-date: /home/daisuke/Autoware/ros/install/autoware_config_msgs/share/gennodejs/ros/autoware_config_msgs/msg/ConfigSSD.js
-- Up-to-date: /home/daisuke/Autoware/ros/install/autoware_config_msgs/share/gennodejs/ros/autoware_config_msgs/msg/ConfigRingFilter.js
-- Up-to-date: /home/daisuke/Autoware/ros/install/autoware_config_msgs/share/gennodejs/ros/autoware_config_msgs/msg/ConfigWaypointReplanner.js
-- Up-to-date: /home/daisuke/Autoware/ros/install/autoware_config_msgs/share/gennodejs/ros/autoware_config_msgs/msg/ConfigCompareMapFilter.js
-- Up-to-date: /home/daisuke/Autoware/ros/install/autoware_config_msgs/share/gennodejs/ros/autoware_config_msgs/msg/ConfigDistanceFilter.js
-- Installing: /home/daisuke/Autoware/ros/install/autoware_config_msgs/share/gennodejs/ros/autoware_config_msgs/msg/ConfigDecisionMaker.js
-- Up-to-date: /home/daisuke/Autoware/ros/install/autoware_config_msgs/share/gennodejs/ros/autoware_config_msgs/msg/ConfigCarKF.js
-- Up-to-date: /home/daisuke/Autoware/ros/install/autoware_config_msgs/share/gennodejs/ros/autoware_config_msgs/msg/ConfigRingGroundFilter.js
-- Up-to-date: /home/daisuke/Autoware/ros/install/autoware_config_msgs/share/gennodejs/ros/autoware_config_msgs/msg/ConfigLaneRule.js
-- Up-to-date: /home/daisuke/Autoware/ros/install/autoware_config_msgs/share/gennodejs/ros/autoware_config_msgs/msg/ConfigNDT.js
-- Up-to-date: /home/daisuke/Autoware/ros/install/autoware_config_msgs/share/gennodejs/ros/autoware_config_msgs/msg/ConfigLaneSelect.js
-- Up-to-date: /home/daisuke/Autoware/ros/install/autoware_config_msgs/share/gennodejs/ros/autoware_config_msgs/msg/ConfigCarDPM.js
-- Installing: /home/daisuke/Autoware/ros/install/autoware_config_msgs/share/gennodejs/ros/autoware_config_msgs/msg/_index.js
-- Up-to-date: /home/daisuke/Autoware/ros/install/autoware_config_msgs/share/gennodejs/ros/autoware_config_msgs/msg/ConfigRandomFilter.js
-- Up-to-date: /home/daisuke/Autoware/ros/install/autoware_config_msgs/share/gennodejs/ros/autoware_config_msgs/msg/ConfigLatticeVelocitySet.js
-- Up-to-date: /home/daisuke/Autoware/ros/install/autoware_config_msgs/share/gennodejs/ros/autoware_config_msgs/msg/ConfigCarFusion.js
-- Up-to-date: /home/daisuke/Autoware/ros/install/autoware_config_msgs/share/gennodejs/ros/autoware_config_msgs/msg/ConfigRayGroundFilter.js
-- Up-to-date: /home/daisuke/Autoware/ros/install/autoware_config_msgs/share/gennodejs/ros/autoware_config_msgs/msg/ConfigPedestrianFusion.js
-- Up-to-date: /home/daisuke/Autoware/ros/install/autoware_config_msgs/share/gennodejs/ros/autoware_config_msgs/msg/ConfigNDTMappingOutput.js
-- Installing: /home/daisuke/Autoware/ros/install/autoware_config_msgs/share/gennodejs/ros/autoware_config_msgs/_index.js
Listing /home/daisuke/Autoware/ros/build/autoware_config_msgs/devel/lib/python2.7/dist-packages/autoware_config_msgs ...
Listing /home/daisuke/Autoware/ros/build/autoware_config_msgs/devel/lib/python2.7/dist-packages/autoware_config_msgs/msg ...
Compiling /home/daisuke/Autoware/ros/build/autoware_config_msgs/devel/lib/python2.7/dist-packages/autoware_config_msgs/msg/_ConfigDecisionMaker.py ...
Compiling /home/daisuke/Autoware/ros/build/autoware_config_msgs/devel/lib/python2.7/dist-packages/autoware_config_msgs/msg/__init__.py ...
-- Up-to-date: /home/daisuke/Autoware/ros/install/autoware_config_msgs/lib/python2.7/dist-packages/autoware_config_msgs
-- Up-to-date: /home/daisuke/Autoware/ros/install/autoware_config_msgs/lib/python2.7/dist-packages/autoware_config_msgs/__init__.pyc
-- Up-to-date: /home/daisuke/Autoware/ros/install/autoware_config_msgs/lib/python2.7/dist-packages/autoware_config_msgs/__init__.py
-- Up-to-date: /home/daisuke/Autoware/ros/install/autoware_config_msgs/lib/python2.7/dist-packages/autoware_config_msgs/msg
-- Up-to-date: /home/daisuke/Autoware/ros/install/autoware_config_msgs/lib/python2.7/dist-packages/autoware_config_msgs/msg/_ConfigPlannerSelector.pyc
-- Up-to-date: /home/daisuke/Autoware/ros/install/autoware_config_msgs/lib/python2.7/dist-packages/autoware_config_msgs/msg/_ConfigLatticeVelocitySet.pyc
-- Up-to-date: /home/daisuke/Autoware/ros/install/autoware_config_msgs/lib/python2.7/dist-packages/autoware_config_msgs/msg/_ConfigCompareMapFilter.pyc
-- Up-to-date: /home/daisuke/Autoware/ros/install/autoware_config_msgs/lib/python2.7/dist-packages/autoware_config_msgs/msg/_ConfigLaneSelect.py
-- Up-to-date: /home/daisuke/Autoware/ros/install/autoware_config_msgs/lib/python2.7/dist-packages/autoware_config_msgs/msg/_ConfigCarKF.py
-- Up-to-date: /home/daisuke/Autoware/ros/install/autoware_config_msgs/lib/python2.7/dist-packages/autoware_config_msgs/msg/_ConfigTwistFilter.pyc
-- Up-to-date: /home/daisuke/Autoware/ros/install/autoware_config_msgs/lib/python2.7/dist-packages/autoware_config_msgs/msg/_ConfigRayGroundFilter.py
-- Up-to-date: /home/daisuke/Autoware/ros/install/autoware_config_msgs/lib/python2.7/dist-packages/autoware_config_msgs/msg/_ConfigRcnn.py
-- Up-to-date: /home/daisuke/Autoware/ros/install/autoware_config_msgs/lib/python2.7/dist-packages/autoware_config_msgs/msg/_ConfigRingFilter.pyc
-- Up-to-date: /home/daisuke/Autoware/ros/install/autoware_config_msgs/lib/python2.7/dist-packages/autoware_config_msgs/msg/_ConfigWaypointReplanner.py
-- Up-to-date: /home/daisuke/Autoware/ros/install/autoware_config_msgs/lib/python2.7/dist-packages/autoware_config_msgs/msg/_ConfigRingFilter.py
-- Up-to-date: /home/daisuke/Autoware/ros/install/autoware_config_msgs/lib/python2.7/dist-packages/autoware_config_msgs/msg/_ConfigCarDPM.py
-- Up-to-date: /home/daisuke/Autoware/ros/install/autoware_config_msgs/lib/python2.7/dist-packages/autoware_config_msgs/msg/_ConfigRandomFilter.pyc
-- Up-to-date: /home/daisuke/Autoware/ros/install/autoware_config_msgs/lib/python2.7/dist-packages/autoware_config_msgs/msg/_ConfigNDT.py
-- Up-to-date: /home/daisuke/Autoware/ros/install/autoware_config_msgs/lib/python2.7/dist-packages/autoware_config_msgs/msg/_ConfigLaneStop.pyc
-- Up-to-date: /home/daisuke/Autoware/ros/install/autoware_config_msgs/lib/python2.7/dist-packages/autoware_config_msgs/msg/_ConfigPlannerSelector.py
-- Up-to-date: /home/daisuke/Autoware/ros/install/autoware_config_msgs/lib/python2.7/dist-packages/autoware_config_msgs/msg/_ConfigICP.py
-- Up-to-date: /home/daisuke/Autoware/ros/install/autoware_config_msgs/lib/python2.7/dist-packages/autoware_config_msgs/msg/_ConfigWaypointReplanner.pyc
-- Up-to-date: /home/daisuke/Autoware/ros/install/autoware_config_msgs/lib/python2.7/dist-packages/autoware_config_msgs/msg/_ConfigRcnn.pyc
-- Up-to-date: /home/daisuke/Autoware/ros/install/autoware_config_msgs/lib/python2.7/dist-packages/autoware_config_msgs/msg/_ConfigSSD.py
-- Up-to-date: /home/daisuke/Autoware/ros/install/autoware_config_msgs/lib/python2.7/dist-packages/autoware_config_msgs/msg/_ConfigPoints2Polygon.pyc
-- Up-to-date: /home/daisuke/Autoware/ros/install/autoware_config_msgs/lib/python2.7/dist-packages/autoware_config_msgs/msg/_ConfigTwistFilter.py
-- Up-to-date: /home/daisuke/Autoware/ros/install/autoware_config_msgs/lib/python2.7/dist-packages/autoware_config_msgs/msg/_ConfigApproximateNDTMapping.py
-- Up-to-date: /home/daisuke/Autoware/ros/install/autoware_config_msgs/lib/python2.7/dist-packages/autoware_config_msgs/msg/_ConfigNDT.pyc
-- Up-to-date: /home/daisuke/Autoware/ros/install/autoware_config_msgs/lib/python2.7/dist-packages/autoware_config_msgs/msg/_ConfigVoxelGridFilter.py
-- Up-to-date: /home/daisuke/Autoware/ros/install/autoware_config_msgs/lib/python2.7/dist-packages/autoware_config_msgs/msg/_ConfigNDTMappingOutput.py
-- Up-to-date: /home/daisuke/Autoware/ros/install/autoware_config_msgs/lib/python2.7/dist-packages/autoware_config_msgs/msg/_ConfigVelocitySet.pyc
-- Up-to-date: /home/daisuke/Autoware/ros/install/autoware_config_msgs/lib/python2.7/dist-packages/autoware_config_msgs/msg/_ConfigVelocitySet.py
-- Up-to-date: /home/daisuke/Autoware/ros/install/autoware_config_msgs/lib/python2.7/dist-packages/autoware_config_msgs/msg/_ConfigPedestrianFusion.pyc
-- Up-to-date: /home/daisuke/Autoware/ros/install/autoware_config_msgs/lib/python2.7/dist-packages/autoware_config_msgs/msg/_ConfigVoxelGridFilter.pyc
-- Up-to-date: /home/daisuke/Autoware/ros/install/autoware_config_msgs/lib/python2.7/dist-packages/autoware_config_msgs/msg/_ConfigCompareMapFilter.py
-- Up-to-date: /home/daisuke/Autoware/ros/install/autoware_config_msgs/lib/python2.7/dist-packages/autoware_config_msgs/msg/_ConfigWaypointFollower.pyc
-- Up-to-date: /home/daisuke/Autoware/ros/install/autoware_config_msgs/lib/python2.7/dist-packages/autoware_config_msgs/msg/_ConfigCarKF.pyc
-- Installing: /home/daisuke/Autoware/ros/install/autoware_config_msgs/lib/python2.7/dist-packages/autoware_config_msgs/msg/__init__.pyc
-- Installing: /home/daisuke/Autoware/ros/install/autoware_config_msgs/lib/python2.7/dist-packages/autoware_config_msgs/msg/__init__.py
-- Installing: /home/daisuke/Autoware/ros/install/autoware_config_msgs/lib/python2.7/dist-packages/autoware_config_msgs/msg/_ConfigDecisionMaker.pyc
-- Installing: /home/daisuke/Autoware/ros/install/autoware_config_msgs/lib/python2.7/dist-packages/autoware_config_msgs/msg/_ConfigDecisionMaker.py
-- Up-to-date: /home/daisuke/Autoware/ros/install/autoware_config_msgs/lib/python2.7/dist-packages/autoware_config_msgs/msg/_ConfigNDTMapping.pyc
-- Up-to-date: /home/daisuke/Autoware/ros/install/autoware_config_msgs/lib/python2.7/dist-packages/autoware_config_msgs/msg/_ConfigDistanceFilter.pyc
-- Up-to-date: /home/daisuke/Autoware/ros/install/autoware_config_msgs/lib/python2.7/dist-packages/autoware_config_msgs/msg/_ConfigPedestrianKF.pyc
-- Up-to-date: /home/daisuke/Autoware/ros/install/autoware_config_msgs/lib/python2.7/dist-packages/autoware_config_msgs/msg/_ConfigCarFusion.pyc
-- Up-to-date: /home/daisuke/Autoware/ros/install/autoware_config_msgs/lib/python2.7/dist-packages/autoware_config_msgs/msg/_ConfigNDTMappingOutput.pyc
-- Up-to-date: /home/daisuke/Autoware/ros/install/autoware_config_msgs/lib/python2.7/dist-packages/autoware_config_msgs/msg/_ConfigLaneStop.py
-- Up-to-date: /home/daisuke/Autoware/ros/install/autoware_config_msgs/lib/python2.7/dist-packages/autoware_config_msgs/msg/_ConfigRingGroundFilter.pyc
-- Up-to-date: /home/daisuke/Autoware/ros/install/autoware_config_msgs/lib/python2.7/dist-packages/autoware_config_msgs/msg/_ConfigLaneRule.py
-- Up-to-date: /home/daisuke/Autoware/ros/install/autoware_config_msgs/lib/python2.7/dist-packages/autoware_config_msgs/msg/_ConfigPedestrianDPM.py
-- Up-to-date: /home/daisuke/Autoware/ros/install/autoware_config_msgs/lib/python2.7/dist-packages/autoware_config_msgs/msg/_ConfigPedestrianKF.py
-- Up-to-date: /home/daisuke/Autoware/ros/install/autoware_config_msgs/lib/python2.7/dist-packages/autoware_config_msgs/msg/_ConfigLaneRule.pyc
-- Up-to-date: /home/daisuke/Autoware/ros/install/autoware_config_msgs/lib/python2.7/dist-packages/autoware_config_msgs/msg/_ConfigLatticeVelocitySet.py
-- Up-to-date: /home/daisuke/Autoware/ros/install/autoware_config_msgs/lib/python2.7/dist-packages/autoware_config_msgs/msg/_ConfigRingGroundFilter.py
-- Up-to-date: /home/daisuke/Autoware/ros/install/autoware_config_msgs/lib/python2.7/dist-packages/autoware_config_msgs/msg/_ConfigSSD.pyc
-- Up-to-date: /home/daisuke/Autoware/ros/install/autoware_config_msgs/lib/python2.7/dist-packages/autoware_config_msgs/msg/_ConfigLaneSelect.pyc
-- Up-to-date: /home/daisuke/Autoware/ros/install/autoware_config_msgs/lib/python2.7/dist-packages/autoware_config_msgs/msg/_ConfigWaypointFollower.py
-- Up-to-date: /home/daisuke/Autoware/ros/install/autoware_config_msgs/lib/python2.7/dist-packages/autoware_config_msgs/msg/_ConfigPedestrianDPM.pyc
-- Up-to-date: /home/daisuke/Autoware/ros/install/autoware_config_msgs/lib/python2.7/dist-packages/autoware_config_msgs/msg/_ConfigRayGroundFilter.pyc
-- Up-to-date: /home/daisuke/Autoware/ros/install/autoware_config_msgs/lib/python2.7/dist-packages/autoware_config_msgs/msg/_ConfigPoints2Polygon.py
-- Up-to-date: /home/daisuke/Autoware/ros/install/autoware_config_msgs/lib/python2.7/dist-packages/autoware_config_msgs/msg/_ConfigDistanceFilter.py
-- Up-to-date: /home/daisuke/Autoware/ros/install/autoware_config_msgs/lib/python2.7/dist-packages/autoware_config_msgs/msg/_ConfigPedestrianFusion.py
-- Up-to-date: /home/daisuke/Autoware/ros/install/autoware_config_msgs/lib/python2.7/dist-packages/autoware_config_msgs/msg/_ConfigCarFusion.py
-- Up-to-date: /home/daisuke/Autoware/ros/install/autoware_config_msgs/lib/python2.7/dist-packages/autoware_config_msgs/msg/_ConfigNDTMapping.py
-- Up-to-date: /home/daisuke/Autoware/ros/install/autoware_config_msgs/lib/python2.7/dist-packages/autoware_config_msgs/msg/_ConfigApproximateNDTMapping.pyc
-- Up-to-date: /home/daisuke/Autoware/ros/install/autoware_config_msgs/lib/python2.7/dist-packages/autoware_config_msgs/msg/_ConfigICP.pyc
-- Up-to-date: /home/daisuke/Autoware/ros/install/autoware_config_msgs/lib/python2.7/dist-packages/autoware_config_msgs/msg/_ConfigRandomFilter.py
-- Up-to-date: /home/daisuke/Autoware/ros/install/autoware_config_msgs/lib/python2.7/dist-packages/autoware_config_msgs/msg/_ConfigCarDPM.pyc
-- Installing: /home/daisuke/Autoware/ros/install/autoware_config_msgs/lib/pkgconfig/autoware_config_msgs.pc
-- Up-to-date: /home/daisuke/Autoware/ros/install/autoware_config_msgs/share/autoware_config_msgs/cmake/autoware_config_msgs-msg-extras.cmake
-- Up-to-date: /home/daisuke/Autoware/ros/install/autoware_config_msgs/share/autoware_config_msgs/cmake/autoware_config_msgsConfig.cmake
-- Up-to-date: /home/daisuke/Autoware/ros/install/autoware_config_msgs/share/autoware_config_msgs/cmake/autoware_config_msgsConfig-version.cmake
-- Up-to-date: /home/daisuke/Autoware/ros/install/autoware_config_msgs/share/autoware_config_msgs/package.xml
Invoked command in '/home/daisuke/Autoware/ros/build/autoware_config_msgs' returned '0': /usr/bin/cmake --build /home/daisuke/Autoware/ros/build/autoware_config_msgs --target install
