-- The C compiler identification is GNU 5.4.0
-- The CXX compiler identification is GNU 5.4.0
-- Check for working C compiler: /usr/bin/cc
-- Check for working C compiler: /usr/bin/cc -- works
-- Detecting C compiler ABI info
-- Detecting C compiler ABI info - done
-- Detecting C compile features
-- Detecting C compile features - done
-- Check for working CXX compiler: /usr/bin/c++
-- Check for working CXX compiler: /usr/bin/c++ -- works
-- Detecting CXX compiler ABI info
-- Detecting CXX compiler ABI info - done
-- Detecting CXX compile features
-- Detecting CXX compile features - done
-- Using CATKIN_DEVEL_PREFIX: /home/daisuke/Autoware/ros/build/autoware_launcher_rviz/devel
-- Using CMAKE_PREFIX_PATH: /home/daisuke/Autoware/ros/install/autoware_build_flags;/home/daisuke/Autoware/ros/devel;/opt/ros/kinetic
-- This workspace overlays: /home/daisuke/Autoware/ros/install/autoware_build_flags;/opt/ros/kinetic
-- Found PythonInterp: /home/daisuke/pyenv/shims/python (found version "2.7.12") 
-- Using PYTHON_EXECUTABLE: /home/daisuke/pyenv/shims/python
-- Using Debian Python package layout
-- Using empy: /usr/bin/empy
-- Using CATKIN_ENABLE_TESTING: ON
-- Call enable_testing()
-- Using CATKIN_TEST_RESULTS_DIR: /home/daisuke/Autoware/ros/build/autoware_launcher_rviz/test_results
-- Found gmock sources under '/usr/src/gmock': gmock will be built
-- Looking for pthread.h
-- Looking for pthread.h - found
-- Looking for pthread_create
-- Looking for pthread_create - not found
-- Looking for pthread_create in pthreads
-- Looking for pthread_create in pthreads - not found
-- Looking for pthread_create in pthread
-- Looking for pthread_create in pthread - found
-- Found Threads: TRUE  
-- Found gtest sources under '/usr/src/gmock': gtests will be built
-- Using Python nosetests: /usr/bin/nosetests-2.7
-- catkin 0.7.14
-- Using these message generators: gencpp;geneus;genlisp;gennodejs;genpy
-- Configuring done
-- Generating done
-- Build files have been written to: /home/daisuke/Autoware/ros/build/autoware_launcher_rviz
[ 25%] [34m[1mGenerating src/moc_module_panel.cpp[0m
[35m[1mScanning dependencies of target autoware_launcher_rviz[0m
[ 50%] [32mBuilding CXX object CMakeFiles/autoware_launcher_rviz.dir/src/module_panel.cpp.o[0m
[ 75%] [32mBuilding CXX object CMakeFiles/autoware_launcher_rviz.dir/src/moc_module_panel.cpp.o[0m
[100%] [32m[1mLinking CXX shared library devel/lib/libautoware_launcher_rviz.so[0m
[100%] Built target autoware_launcher_rviz
[35m[1mScanning dependencies of target tests[0m
Built target tests
[100%] Built target autoware_launcher_rviz
[36mInstall the project...[0m
-- Install configuration: "Release"
-- Installing: /home/daisuke/Autoware/ros/install/autoware_launcher_rviz/lib/pkgconfig/autoware_launcher_rviz.pc
-- Installing: /home/daisuke/Autoware/ros/install/autoware_launcher_rviz/share/autoware_launcher_rviz/cmake/autoware_launcher_rvizConfig.cmake
-- Installing: /home/daisuke/Autoware/ros/install/autoware_launcher_rviz/share/autoware_launcher_rviz/cmake/autoware_launcher_rvizConfig-version.cmake
-- Installing: /home/daisuke/Autoware/ros/install/autoware_launcher_rviz/share/autoware_launcher_rviz/package.xml
-- Installing: /home/daisuke/Autoware/ros/install/autoware_launcher_rviz/lib/libautoware_launcher_rviz.so
-- Set runtime path of "/home/daisuke/Autoware/ros/install/autoware_launcher_rviz/lib/libautoware_launcher_rviz.so" to ""
-- Up-to-date: /home/daisuke/Autoware/ros/install/autoware_launcher_rviz/lib/libautoware_launcher_rviz.so
-- Installing: /home/daisuke/Autoware/ros/install/autoware_launcher_rviz/share/autoware_launcher_rviz/icons/icons
-- Installing: /home/daisuke/Autoware/ros/install/autoware_launcher_rviz/share/autoware_launcher_rviz/icons/icons/classes
-- Installing: /home/daisuke/Autoware/ros/install/autoware_launcher_rviz/share/autoware_launcher_rviz/icons/icons/classes/ModulePanel.png
