-- The C compiler identification is GNU 5.4.0
-- The CXX compiler identification is GNU 5.4.0
-- Check for working C compiler: /usr/bin/cc
-- Check for working C compiler: /usr/bin/cc -- works
-- Detecting C compiler ABI info
-- Detecting C compiler ABI info - done
-- Detecting C compile features
-- Detecting C compile features - done
-- Check for working CXX compiler: /usr/bin/c++
-- Check for working CXX compiler: /usr/bin/c++ -- works
-- Detecting CXX compiler ABI info
-- Detecting CXX compiler ABI info - done
-- Detecting CXX compile features
-- Detecting CXX compile features - done
-- Using CATKIN_DEVEL_PREFIX: /home/daisuke/Autoware/ros/build/way_planner/devel
-- Using CMAKE_PREFIX_PATH: /home/daisuke/Autoware/ros/install/op_simu;/home/daisuke/Autoware/ros/install/op_planner;/home/daisuke/Autoware/ros/install/op_utility;/home/daisuke/Autoware/ros/install/vector_map_server;/home/daisuke/Autoware/ros/install/waypoint_follower;/home/daisuke/Autoware/ros/install/vector_map;/home/daisuke/Autoware/ros/install/vector_map_msgs;/home/daisuke/Autoware/ros/install/autoware_health_checker;/home/daisuke/Autoware/ros/install/tablet_socket_msgs;/home/daisuke/Autoware/ros/install/autoware_system_msgs;/home/daisuke/Autoware/ros/install/autoware_msgs;/home/daisuke/Autoware/ros/install/autoware_config_msgs;/home/daisuke/Autoware/ros/install/autoware_can_msgs;/home/daisuke/Autoware/ros/install/autoware_build_flags;/home/daisuke/Autoware/ros/devel;/opt/ros/kinetic
-- This workspace overlays: /home/daisuke/Autoware/ros/install/op_simu;/home/daisuke/Autoware/ros/install/op_planner;/home/daisuke/Autoware/ros/install/op_utility;/home/daisuke/Autoware/ros/install/vector_map_server;/home/daisuke/Autoware/ros/install/waypoint_follower;/home/daisuke/Autoware/ros/install/vector_map;/home/daisuke/Autoware/ros/install/vector_map_msgs;/home/daisuke/Autoware/ros/install/autoware_health_checker;/home/daisuke/Autoware/ros/install/tablet_socket_msgs;/home/daisuke/Autoware/ros/install/autoware_system_msgs;/home/daisuke/Autoware/ros/install/autoware_msgs;/home/daisuke/Autoware/ros/install/autoware_config_msgs;/home/daisuke/Autoware/ros/install/autoware_can_msgs;/home/daisuke/Autoware/ros/install/autoware_build_flags;/opt/ros/kinetic
-- Found PythonInterp: /home/daisuke/pyenv/shims/python (found version "2.7.12") 
-- Using PYTHON_EXECUTABLE: /home/daisuke/pyenv/shims/python
-- Using Debian Python package layout
-- Using empy: /usr/bin/empy
-- Using CATKIN_ENABLE_TESTING: ON
-- Call enable_testing()
-- Using CATKIN_TEST_RESULTS_DIR: /home/daisuke/Autoware/ros/build/way_planner/test_results
-- Found gmock sources under '/usr/src/gmock': gmock will be built
-- Looking for pthread.h
-- Looking for pthread.h - found
-- Looking for pthread_create
-- Looking for pthread_create - not found
-- Looking for pthread_create in pthreads
-- Looking for pthread_create in pthreads - not found
-- Looking for pthread_create in pthread
-- Looking for pthread_create in pthread - found
-- Found Threads: TRUE  
-- Found gtest sources under '/usr/src/gmock': gtests will be built
-- Using Python nosetests: /usr/bin/nosetests-2.7
-- catkin 0.7.14
-- Using these message generators: gencpp;geneus;genlisp;gennodejs;genpy
-- Configuring done
-- Generating done
-- Build files have been written to: /home/daisuke/Autoware/ros/build/way_planner
[35m[1mScanning dependencies of target way_planner[0m
[ 20%] [32mBuilding CXX object CMakeFiles/way_planner.dir/nodes/way_planner.cpp.o[0m
In file included from [01m[K/home/daisuke/Autoware/ros/src/computing/planning/mission/packages/way_planner/include/way_planner_core.h:50:0[m[K,
                 from [01m[K/home/daisuke/Autoware/ros/src/computing/planning/mission/packages/way_planner/nodes/way_planner.cpp:27[m[K:
[01m[K/home/daisuke/Autoware/ros/src/computing/planning/mission/packages/way_planner/include/ROSHelpers.h:[m[K In static member function ‘[01m[Kstatic std::vector<std::__cxx11::basic_string<char> > WayPlannerNS::HMI_MSG::SplitString(const string&, const string&)[m[K’:
[01m[K/home/daisuke/Autoware/ros/src/computing/planning/mission/packages/way_planner/include/ROSHelpers.h:105:41:[m[K [01;35m[Kwarning: [m[Kcomparison between signed and unsigned integer expressions [-Wsign-compare]
   while (iSecondPart > 0 && iSecondPart < str.size())
[01;32m[K                                         ^[m[K
[ 40%] [32mBuilding CXX object CMakeFiles/way_planner.dir/nodes/SocketServer.cpp.o[0m
In file included from [01m[K/home/daisuke/Autoware/ros/src/computing/planning/mission/packages/way_planner/include/SocketServer.h:19:0[m[K,
                 from [01m[K/home/daisuke/Autoware/ros/src/computing/planning/mission/packages/way_planner/nodes/SocketServer.cpp:8[m[K:
[01m[K/home/daisuke/Autoware/ros/src/computing/planning/mission/packages/way_planner/include/ROSHelpers.h:[m[K In static member function ‘[01m[Kstatic std::vector<std::__cxx11::basic_string<char> > WayPlannerNS::HMI_MSG::SplitString(const string&, const string&)[m[K’:
[01m[K/home/daisuke/Autoware/ros/src/computing/planning/mission/packages/way_planner/include/ROSHelpers.h:105:41:[m[K [01;35m[Kwarning: [m[Kcomparison between signed and unsigned integer expressions [-Wsign-compare]
   while (iSecondPart > 0 && iSecondPart < str.size())
[01;32m[K                                         ^[m[K
[ 60%] [32mBuilding CXX object CMakeFiles/way_planner.dir/nodes/ROSHelpers.cpp.o[0m
In file included from [01m[K/home/daisuke/Autoware/ros/src/computing/planning/mission/packages/way_planner/nodes/ROSHelpers.cpp:8:0[m[K:
[01m[K/home/daisuke/Autoware/ros/src/computing/planning/mission/packages/way_planner/include/ROSHelpers.h:[m[K In static member function ‘[01m[Kstatic std::vector<std::__cxx11::basic_string<char> > WayPlannerNS::HMI_MSG::SplitString(const string&, const string&)[m[K’:
[01m[K/home/daisuke/Autoware/ros/src/computing/planning/mission/packages/way_planner/include/ROSHelpers.h:105:41:[m[K [01;35m[Kwarning: [m[Kcomparison between signed and unsigned integer expressions [-Wsign-compare]
   while (iSecondPart > 0 && iSecondPart < str.size())
[01;32m[K                                         ^[m[K
[ 80%] [32mBuilding CXX object CMakeFiles/way_planner.dir/nodes/way_planner_core.cpp.o[0m
In file included from [01m[K/home/daisuke/Autoware/ros/src/computing/planning/mission/packages/way_planner/include/way_planner_core.h:50:0[m[K,
                 from [01m[K/home/daisuke/Autoware/ros/src/computing/planning/mission/packages/way_planner/nodes/way_planner_core.cpp:17[m[K:
[01m[K/home/daisuke/Autoware/ros/src/computing/planning/mission/packages/way_planner/include/ROSHelpers.h:[m[K In static member function ‘[01m[Kstatic std::vector<std::__cxx11::basic_string<char> > WayPlannerNS::HMI_MSG::SplitString(const string&, const string&)[m[K’:
[01m[K/home/daisuke/Autoware/ros/src/computing/planning/mission/packages/way_planner/include/ROSHelpers.h:105:41:[m[K [01;35m[Kwarning: [m[Kcomparison between signed and unsigned integer expressions [-Wsign-compare]
   while (iSecondPart > 0 && iSecondPart < str.size())
[01;32m[K                                         ^[m[K
[01m[K/home/daisuke/Autoware/ros/src/computing/planning/mission/packages/way_planner/nodes/way_planner_core.cpp:[m[K In member function ‘[01m[Kvoid WayPlannerNS::way_planner_core::PlannerMainLoop()[m[K’:
[01m[K/home/daisuke/Autoware/ros/src/computing/planning/mission/packages/way_planner/nodes/way_planner_core.cpp:712:67:[m[K [01;35m[Kwarning: [m[Kcomparison between signed and unsigned integer expressions [-Wsign-compare]
      if(ret == true && info.iGlobalPath >= 0 &&  info.iGlobalPath < m_Generated
[01;32m[K                                                                   ^[m[K
[01m[K/home/daisuke/Autoware/ros/src/computing/planning/mission/packages/way_planner/nodes/way_planner_core.cpp:712:132:[m[K [01;35m[Kwarning: [m[Kcomparison between signed and unsigned integer expressions [-Wsign-compare]
 th < m_GeneratedTotalPaths.size() && info.iFront > 0 && info.iFront < m_Generat
[01;32m[K                                                                     ^[m[K
[01m[K/home/daisuke/Autoware/ros/src/computing/planning/mission/packages/way_planner/nodes/way_planner_core.cpp:718:31:[m[K [01;35m[Kwarning: [m[Kcomparison between signed and unsigned integer expressions [-Wsign-compare]
        if(m_iCurrentGoalIndex >= m_GoalsPos.size())
[01;32m[K                               ^[m[K
[100%] [32m[1mLinking CXX executable devel/lib/way_planner/way_planner[0m
[100%] Built target way_planner
[35m[1mScanning dependencies of target tests[0m
Built target tests
[100%] Built target way_planner
[36mInstall the project...[0m
-- Install configuration: "Release"
-- Installing: /home/daisuke/Autoware/ros/install/way_planner/lib/pkgconfig/way_planner.pc
-- Installing: /home/daisuke/Autoware/ros/install/way_planner/share/way_planner/cmake/way_plannerConfig.cmake
-- Installing: /home/daisuke/Autoware/ros/install/way_planner/share/way_planner/cmake/way_plannerConfig-version.cmake
-- Installing: /home/daisuke/Autoware/ros/install/way_planner/share/way_planner/package.xml
-- Installing: /home/daisuke/Autoware/ros/install/way_planner/lib/way_planner/way_planner
-- Set runtime path of "/home/daisuke/Autoware/ros/install/way_planner/lib/way_planner/way_planner" to ""
-- Installing: /home/daisuke/Autoware/ros/install/way_planner/share/way_planner/launch
-- Installing: /home/daisuke/Autoware/ros/install/way_planner/share/way_planner/launch/way_planner.launch
