-- Using CATKIN_DEVEL_PREFIX: /home/daisuke/Autoware/ros/build/rosbag_controller/devel
-- Using CMAKE_PREFIX_PATH: /home/daisuke/Autoware/ros/devel;/opt/ros/kinetic
-- This workspace overlays: /opt/ros/kinetic
-- Using PYTHON_EXECUTABLE: /home/daisuke/pyenv/shims/python
-- Using Debian Python package layout
-- Using empy: /usr/bin/empy
-- Using CATKIN_ENABLE_TESTING: ON
-- Call enable_testing()
-- Using CATKIN_TEST_RESULTS_DIR: /home/daisuke/Autoware/ros/build/rosbag_controller/test_results
-- Found gmock sources under '/usr/src/gmock': gmock will be built
-- Found gtest sources under '/usr/src/gmock': gtests will be built
-- Using Python nosetests: /usr/bin/nosetests-2.7
-- catkin 0.7.14
-- Using these message generators: gencpp;geneus;genlisp;gennodejs;genpy
-- Using Qt5 based on the rviz_QT_VERSION: 5.5.1
-- Boost version: 1.58.0
-- Found the following Boost libraries:
--   date_time
--   regex
--   program_options
--   filesystem
--   thread
--   system
--   chrono
--   atomic
-- Configuring done
-- Generating done
-- Build files have been written to: /home/daisuke/Autoware/ros/build/rosbag_controller
[100%] Built target rosbag_controller
Built target tests
[100%] Built target rosbag_controller
[36mInstall the project...[0m
-- Install configuration: "Release"
-- Installing: /home/daisuke/Autoware/ros/install/rosbag_controller/lib/pkgconfig/rosbag_controller.pc
-- Up-to-date: /home/daisuke/Autoware/ros/install/rosbag_controller/share/rosbag_controller/cmake/rosbag_controllerConfig.cmake
-- Up-to-date: /home/daisuke/Autoware/ros/install/rosbag_controller/share/rosbag_controller/cmake/rosbag_controllerConfig-version.cmake
-- Up-to-date: /home/daisuke/Autoware/ros/install/rosbag_controller/share/rosbag_controller/package.xml
-- Up-to-date: /home/daisuke/Autoware/ros/install/rosbag_controller/lib/librosbag_controller.so
-- Up-to-date: /home/daisuke/Autoware/ros/install/rosbag_controller/share/rosbag_controller/plugin_description.xml
