-- Using CATKIN_DEVEL_PREFIX: /home/daisuke/Autoware/ros/build/kitti_player/devel
-- Using CMAKE_PREFIX_PATH: /home/daisuke/Autoware/ros/install/autoware_build_flags;/home/daisuke/Autoware/ros/devel;/opt/ros/kinetic
-- This workspace overlays: /home/daisuke/Autoware/ros/install/autoware_build_flags;/opt/ros/kinetic
-- Using PYTHON_EXECUTABLE: /home/daisuke/pyenv/shims/python
-- Using Debian Python package layout
-- Using empy: /usr/bin/empy
-- Using CATKIN_ENABLE_TESTING: ON
-- Call enable_testing()
-- Using CATKIN_TEST_RESULTS_DIR: /home/daisuke/Autoware/ros/build/kitti_player/test_results
-- Found gmock sources under '/usr/src/gmock': gmock will be built
-- Found gtest sources under '/usr/src/gmock': gtests will be built
-- Using Python nosetests: /usr/bin/nosetests-2.7
-- catkin 0.7.14
-- Using these message generators: gencpp;geneus;genlisp;gennodejs;genpy
-- Boost version: 1.58.0
-- Found the following Boost libraries:
--   system
--   filesystem
--   thread
--   date_time
--   iostreams
--   serialization
--   chrono
--   atomic
--   regex
-- Checking for module 'libopenni2'
--   No package 'libopenni2' found
-- Could NOT find OpenNI2 (missing:  OPENNI2_LIBRARY OPENNI2_INCLUDE_DIRS) 
-- The imported target "vtkRenderingPythonTkWidgets" references the file
   "/usr/lib/x86_64-linux-gnu/libvtkRenderingPythonTkWidgets.so"
but this file does not exist.  Possible reasons include:
* The file was deleted, renamed, or moved to another location.
* An install or uninstall procedure did not complete successfully.
* The installation package was faulty and contained
   "/usr/lib/cmake/vtk-6.2/VTKTargets.cmake"
but not all the files it references.

-- The imported target "vtk" references the file
   "/usr/bin/vtk"
but this file does not exist.  Possible reasons include:
* The file was deleted, renamed, or moved to another location.
* An install or uninstall procedure did not complete successfully.
* The installation package was faulty and contained
   "/usr/lib/cmake/vtk-6.2/VTKTargets.cmake"
but not all the files it references.

-- Checking for module 'libopenni2'
--   No package 'libopenni2' found
-- Could NOT find OpenNI2 (missing:  OPENNI2_LIBRARY OPENNI2_INCLUDE_DIRS) 
-- looking for PCL_COMMON
-- looking for PCL_KDTREE
-- looking for PCL_OCTREE
-- looking for PCL_SEARCH
-- looking for PCL_IO
-- looking for PCL_SAMPLE_CONSENSUS
-- looking for PCL_FILTERS
-- looking for PCL_GEOMETRY
-- looking for PCL_FEATURES
-- looking for PCL_SEGMENTATION
-- looking for PCL_SURFACE
-- looking for PCL_REGISTRATION
-- looking for PCL_RECOGNITION
-- looking for PCL_KEYPOINTS
-- looking for PCL_VISUALIZATION
-- looking for PCL_PEOPLE
-- looking for PCL_OUTOFCORE
-- looking for PCL_TRACKING
-- looking for PCL_APPS
-- Could NOT find PCL_APPS (missing:  PCL_APPS_LIBRARY) 
-- looking for PCL_MODELER
-- looking for PCL_IN_HAND_SCANNER
-- looking for PCL_POINT_CLOUD_EDITOR
-- Configuring done
-- Generating done
-- Build files have been written to: /home/daisuke/Autoware/ros/build/kitti_player
[  0%] Built target actionlib_msgs_generate_messages_cpp
[ 33%] [34m[1mGenerating dynamic reconfigure files from cfg/kitti_player.cfg: /home/daisuke/Autoware/ros/build/kitti_player/devel/include/kitti_player/kitti_playerConfig.h /home/daisuke/Autoware/ros/build/kitti_player/devel/lib/python2.7/dist-packages/kitti_player/cfg/kitti_playerConfig.py[0m
[ 33%] Built target actionlib_msgs_generate_messages_lisp
[ 33%] Built target sensor_msgs_generate_messages_eus
[ 33%] Built target actionlib_generate_messages_nodejs
[ 33%] Built target std_msgs_generate_messages_lisp
[ 33%] Built target actionlib_generate_messages_lisp
[ 33%] Built target actionlib_msgs_generate_messages_eus
[ 33%] Built target topic_tools_generate_messages_py
[ 33%] Built target actionlib_msgs_generate_messages_nodejs
[ 33%] Built target tf2_msgs_generate_messages_py
[ 33%] Built target std_msgs_generate_messages_cpp
[ 33%] Built target std_msgs_generate_messages_nodejs
[ 33%] Built target geometry_msgs_generate_messages_cpp
[ 33%] Built target roscpp_generate_messages_py
[ 33%] Built target sensor_msgs_generate_messages_nodejs
[ 33%] Built target tf_generate_messages_py
[ 33%] Built target tf_generate_messages_lisp
Generating reconfiguration files for kitti_player in kitti_player
Wrote header file in /home/daisuke/Autoware/ros/build/kitti_player/devel/include/kitti_player/kitti_playerConfig.h
[ 33%] Built target actionlib_generate_messages_cpp
[ 33%] Built target nodelet_generate_messages_py
[ 33%] Built target geometry_msgs_generate_messages_eus
[ 33%] Built target rosgraph_msgs_generate_messages_py
[ 33%] Built target actionlib_msgs_generate_messages_py
[ 33%] Built target roscpp_generate_messages_cpp
[ 33%] Built target geometry_msgs_generate_messages_nodejs
[ 33%] Built target kitti_player_gencfg
[ 33%] Built target roscpp_generate_messages_eus
[ 33%] Built target bond_generate_messages_eus
[ 33%] Built target geometry_msgs_generate_messages_py
[ 33%] Built target bond_generate_messages_py
[ 33%] Built target geometry_msgs_generate_messages_lisp
[ 33%] Built target std_srvs_generate_messages_lisp
[ 33%] Built target tf_generate_messages_cpp
[ 33%] Built target sensor_msgs_generate_messages_cpp
[ 33%] Built target std_srvs_generate_messages_eus
[ 33%] Built target pcl_msgs_generate_messages_eus
[ 33%] Built target rosgraph_msgs_generate_messages_cpp
[ 33%] Built target tf_generate_messages_eus
[ 33%] Built target tf2_msgs_generate_messages_cpp
[ 33%] Built target sensor_msgs_generate_messages_py
[ 33%] Built target rosgraph_msgs_generate_messages_nodejs
[ 33%] Built target roscpp_generate_messages_nodejs
[ 33%] Built target pcl_msgs_generate_messages_nodejs
[ 33%] Built target std_srvs_generate_messages_nodejs
[ 33%] Built target rosgraph_msgs_generate_messages_eus
[ 33%] Built target rosgraph_msgs_generate_messages_lisp
[ 33%] Built target stereo_msgs_generate_messages_py
[ 33%] Built target tf_generate_messages_nodejs
[ 33%] Built target roscpp_generate_messages_lisp
[ 33%] Built target std_msgs_generate_messages_py
[ 33%] Built target std_msgs_generate_messages_eus
[ 33%] Built target actionlib_generate_messages_eus
[ 33%] Built target stereo_msgs_generate_messages_eus
[ 33%] Built target std_srvs_generate_messages_py
[ 33%] Built target nodelet_generate_messages_cpp
[ 33%] Built target tf2_msgs_generate_messages_nodejs
[ 33%] Built target pcl_ros_gencfg
[ 33%] Built target tf2_msgs_generate_messages_eus
[ 33%] Built target dynamic_reconfigure_generate_messages_cpp
[ 33%] Built target tf2_msgs_generate_messages_lisp
[ 33%] Built target dynamic_reconfigure_generate_messages_lisp
[ 33%] Built target dynamic_reconfigure_generate_messages_py
[ 33%] Built target dynamic_reconfigure_gencfg
[ 33%] Built target dynamic_reconfigure_generate_messages_nodejs
[ 33%] Built target nodelet_generate_messages_nodejs
[ 33%] Built target nodelet_generate_messages_lisp
[ 33%] Built target actionlib_generate_messages_py
[ 33%] Built target bond_generate_messages_cpp
[ 33%] Built target bond_generate_messages_lisp
[ 33%] Built target topic_tools_generate_messages_eus
[ 33%] Built target nodelet_generate_messages_eus
[ 33%] Built target nodelet_topic_tools_gencfg
[ 33%] Built target pcl_msgs_generate_messages_lisp
[ 33%] Built target bond_generate_messages_nodejs
[ 33%] Built target topic_tools_generate_messages_cpp
[ 33%] Built target pcl_msgs_generate_messages_py
[ 33%] Built target dynamic_reconfigure_generate_messages_eus
[ 33%] Built target std_srvs_generate_messages_cpp
[ 33%] Built target sensor_msgs_generate_messages_lisp
[ 33%] Built target pcl_msgs_generate_messages_cpp
[ 33%] Built target topic_tools_generate_messages_lisp
[ 33%] Built target topic_tools_generate_messages_nodejs
[ 33%] Built target stereo_msgs_generate_messages_nodejs
[ 33%] Built target stereo_msgs_generate_messages_cpp
[ 33%] Built target stereo_msgs_generate_messages_lisp
[100%] Built target kitti_player
Built target tests
[ 33%] Built target kitti_player_gencfg
[ 33%] Built target std_msgs_generate_messages_lisp
[ 33%] Built target actionlib_msgs_generate_messages_lisp
[ 33%] Built target actionlib_generate_messages_nodejs
[ 33%] Built target sensor_msgs_generate_messages_eus
[ 33%] Built target actionlib_msgs_generate_messages_cpp
[ 33%] Built target actionlib_generate_messages_lisp
[ 33%] Built target actionlib_msgs_generate_messages_eus
[ 33%] Built target actionlib_msgs_generate_messages_nodejs
[ 33%] Built target tf2_msgs_generate_messages_py
[ 33%] Built target topic_tools_generate_messages_py
[ 33%] Built target std_msgs_generate_messages_nodejs
[ 33%] Built target std_msgs_generate_messages_cpp
[ 33%] Built target sensor_msgs_generate_messages_nodejs
[ 33%] Built target geometry_msgs_generate_messages_cpp
[ 33%] Built target tf_generate_messages_py
[ 33%] Built target roscpp_generate_messages_py
[ 33%] Built target tf_generate_messages_lisp
[ 33%] Built target actionlib_generate_messages_cpp
[ 33%] Built target rosgraph_msgs_generate_messages_py
[ 33%] Built target actionlib_msgs_generate_messages_py
[ 33%] Built target geometry_msgs_generate_messages_nodejs
[ 33%] Built target geometry_msgs_generate_messages_eus
[ 33%] Built target roscpp_generate_messages_cpp
[ 33%] Built target nodelet_generate_messages_py
[ 33%] Built target roscpp_generate_messages_eus
[ 33%] Built target bond_generate_messages_eus
[ 33%] Built target geometry_msgs_generate_messages_py
[ 33%] Built target geometry_msgs_generate_messages_lisp
[ 33%] Built target bond_generate_messages_py
[ 33%] Built target std_srvs_generate_messages_lisp
[ 33%] Built target sensor_msgs_generate_messages_cpp
[ 33%] Built target tf_generate_messages_cpp
[ 33%] Built target std_srvs_generate_messages_eus
[ 33%] Built target tf2_msgs_generate_messages_cpp
[ 33%] Built target rosgraph_msgs_generate_messages_cpp
[ 33%] Built target pcl_msgs_generate_messages_eus
[ 33%] Built target rosgraph_msgs_generate_messages_nodejs
[ 33%] Built target tf_generate_messages_eus
[ 33%] Built target sensor_msgs_generate_messages_py
[ 33%] Built target roscpp_generate_messages_nodejs
[ 33%] Built target pcl_msgs_generate_messages_nodejs
[ 33%] Built target std_srvs_generate_messages_nodejs
[ 33%] Built target stereo_msgs_generate_messages_py
[ 33%] Built target rosgraph_msgs_generate_messages_lisp
[ 33%] Built target rosgraph_msgs_generate_messages_eus
[ 33%] Built target std_msgs_generate_messages_py
[ 33%] Built target roscpp_generate_messages_lisp
[ 33%] Built target tf_generate_messages_nodejs
[ 33%] Built target std_srvs_generate_messages_py
[ 33%] Built target std_msgs_generate_messages_eus
[ 33%] Built target actionlib_generate_messages_eus
[ 33%] Built target stereo_msgs_generate_messages_eus
[ 33%] Built target pcl_ros_gencfg
[ 33%] Built target tf2_msgs_generate_messages_eus
[ 33%] Built target nodelet_generate_messages_cpp
[ 33%] Built target tf2_msgs_generate_messages_lisp
[ 33%] Built target tf2_msgs_generate_messages_nodejs
[ 33%] Built target dynamic_reconfigure_generate_messages_cpp
[ 33%] Built target dynamic_reconfigure_generate_messages_lisp
[ 33%] Built target dynamic_reconfigure_generate_messages_nodejs
[ 33%] Built target actionlib_generate_messages_py
[ 33%] Built target dynamic_reconfigure_generate_messages_py
[ 33%] Built target dynamic_reconfigure_gencfg
[ 33%] Built target nodelet_generate_messages_lisp
[ 33%] Built target nodelet_generate_messages_nodejs
[ 33%] Built target bond_generate_messages_cpp
[ 33%] Built target bond_generate_messages_lisp
[ 33%] Built target nodelet_generate_messages_eus
[ 33%] Built target topic_tools_generate_messages_cpp
[ 33%] Built target topic_tools_generate_messages_eus
[ 33%] Built target nodelet_topic_tools_gencfg
[ 33%] Built target pcl_msgs_generate_messages_lisp
[ 33%] Built target bond_generate_messages_nodejs
[ 33%] Built target dynamic_reconfigure_generate_messages_eus
[ 33%] Built target pcl_msgs_generate_messages_py
[ 33%] Built target pcl_msgs_generate_messages_cpp
[ 33%] Built target std_srvs_generate_messages_cpp
[ 33%] Built target topic_tools_generate_messages_lisp
[ 33%] Built target sensor_msgs_generate_messages_lisp
[ 33%] Built target topic_tools_generate_messages_nodejs
[ 33%] Built target stereo_msgs_generate_messages_nodejs
[ 33%] Built target stereo_msgs_generate_messages_cpp
[ 33%] Built target stereo_msgs_generate_messages_lisp
[100%] Built target kitti_player
[36mInstall the project...[0m
-- Install configuration: "Release"
-- Installing: /home/daisuke/Autoware/ros/install/kitti_player/include/kitti_player/kitti_playerConfig.h
-- Up-to-date: /home/daisuke/Autoware/ros/install/kitti_player/lib/python2.7/dist-packages/kitti_player/__init__.py
Listing /home/daisuke/Autoware/ros/build/kitti_player/devel/lib/python2.7/dist-packages/kitti_player/cfg ...
Compiling /home/daisuke/Autoware/ros/build/kitti_player/devel/lib/python2.7/dist-packages/kitti_player/cfg/kitti_playerConfig.py ...
-- Up-to-date: /home/daisuke/Autoware/ros/install/kitti_player/lib/python2.7/dist-packages/kitti_player/cfg
-- Installing: /home/daisuke/Autoware/ros/install/kitti_player/lib/python2.7/dist-packages/kitti_player/cfg/kitti_playerConfig.pyc
-- Up-to-date: /home/daisuke/Autoware/ros/install/kitti_player/lib/python2.7/dist-packages/kitti_player/cfg/__init__.pyc
-- Up-to-date: /home/daisuke/Autoware/ros/install/kitti_player/lib/python2.7/dist-packages/kitti_player/cfg/__init__.py
-- Installing: /home/daisuke/Autoware/ros/install/kitti_player/lib/python2.7/dist-packages/kitti_player/cfg/kitti_playerConfig.py
-- Installing: /home/daisuke/Autoware/ros/install/kitti_player/lib/pkgconfig/kitti_player.pc
-- Up-to-date: /home/daisuke/Autoware/ros/install/kitti_player/share/kitti_player/cmake/kitti_playerConfig.cmake
-- Up-to-date: /home/daisuke/Autoware/ros/install/kitti_player/share/kitti_player/cmake/kitti_playerConfig-version.cmake
-- Up-to-date: /home/daisuke/Autoware/ros/install/kitti_player/share/kitti_player/package.xml
-- Up-to-date: /home/daisuke/Autoware/ros/install/kitti_player/lib/kitti_player/kitti_player
-- Up-to-date: /home/daisuke/Autoware/ros/install/kitti_player/share/kitti_player/launch
-- Up-to-date: /home/daisuke/Autoware/ros/install/kitti_player/share/kitti_player/launch/kittiplayer_libviso2.launch
-- Up-to-date: /home/daisuke/Autoware/ros/install/kitti_player/share/kitti_player/cfg
-- Up-to-date: /home/daisuke/Autoware/ros/install/kitti_player/share/kitti_player/cfg/kitti_player.cfg
-- Up-to-date: /home/daisuke/Autoware/ros/install/kitti_player/share/kitti_player/cfg/rviz_kitti_player.rviz
