Invoking command in '/home/daisuke/Autoware/ros/build/rslidar_pointcloud': CMAKE_PREFIX_PATH=/home/daisuke/Autoware/ros/install/rslidar_driver:/home/daisuke/Autoware/ros/install/rslidar_msgs:${CMAKE_PREFIX_PATH} PKG_CONFIG_PATH=/home/daisuke/Autoware/ros/install/rslidar_driver/lib/pkgconfig:/home/daisuke/Autoware/ros/install/rslidar_msgs/lib/pkgconfig:${PKG_CONFIG_PATH} PYTHONPATH=/home/daisuke/Autoware/ros/install/rslidar_driver/lib/python2.7/dist-packages:/home/daisuke/Autoware/ros/install/rslidar_msgs/lib/python2.7/dist-packages:${PYTHONPATH} ROS_PACKAGE_PATH=/home/daisuke/Autoware/ros/install/rslidar_driver/share:/home/daisuke/Autoware/ros/install/rslidar_msgs/share:${ROS_PACKAGE_PATH} /usr/bin/cmake /home/daisuke/Autoware/ros/src/sensing/drivers/lidar/packages/robosense/rslidar_pointcloud -DCATKIN_INSTALL_INTO_PREFIX_ROOT=0 -DCMAKE_INSTALL_PREFIX=/home/daisuke/Autoware/ros/install/rslidar_pointcloud
-- Using CATKIN_DEVEL_PREFIX: /home/daisuke/Autoware/ros/build/rslidar_pointcloud/devel
-- Using CMAKE_PREFIX_PATH: /home/daisuke/Autoware/ros/install/rslidar_driver;/home/daisuke/Autoware/ros/install/rslidar_msgs;/home/daisuke/Autoware/ros/devel;/opt/ros/kinetic
-- This workspace overlays: /home/daisuke/Autoware/ros/install/rslidar_driver;/home/daisuke/Autoware/ros/install/rslidar_msgs;/opt/ros/kinetic
-- Using PYTHON_EXECUTABLE: /home/daisuke/pyenv/shims/python
-- Using Debian Python package layout
-- Using empy: /usr/bin/empy
-- Using CATKIN_ENABLE_TESTING: ON
-- Call enable_testing()
-- Using CATKIN_TEST_RESULTS_DIR: /home/daisuke/Autoware/ros/build/rslidar_pointcloud/test_results
-- Found gmock sources under '/usr/src/gmock': gmock will be built
-- Found gtest sources under '/usr/src/gmock': gtests will be built
-- Using Python nosetests: /usr/bin/nosetests-2.7
-- catkin 0.7.14
-- Using these message generators: gencpp;geneus;genlisp;gennodejs;genpy
-- Boost version: 1.58.0
-- Found the following Boost libraries:
--   signals
-- Configuring done
-- Generating done
-- Build files have been written to: /home/daisuke/Autoware/ros/build/rslidar_pointcloud
Invoked command in '/home/daisuke/Autoware/ros/build/rslidar_pointcloud' returned '0': CMAKE_PREFIX_PATH=/home/daisuke/Autoware/ros/install/rslidar_driver:/home/daisuke/Autoware/ros/install/rslidar_msgs:${CMAKE_PREFIX_PATH} PKG_CONFIG_PATH=/home/daisuke/Autoware/ros/install/rslidar_driver/lib/pkgconfig:/home/daisuke/Autoware/ros/install/rslidar_msgs/lib/pkgconfig:${PKG_CONFIG_PATH} PYTHONPATH=/home/daisuke/Autoware/ros/install/rslidar_driver/lib/python2.7/dist-packages:/home/daisuke/Autoware/ros/install/rslidar_msgs/lib/python2.7/dist-packages:${PYTHONPATH} ROS_PACKAGE_PATH=/home/daisuke/Autoware/ros/install/rslidar_driver/share:/home/daisuke/Autoware/ros/install/rslidar_msgs/share:${ROS_PACKAGE_PATH} /usr/bin/cmake /home/daisuke/Autoware/ros/src/sensing/drivers/lidar/packages/robosense/rslidar_pointcloud -DCATKIN_INSTALL_INTO_PREFIX_ROOT=0 -DCMAKE_INSTALL_PREFIX=/home/daisuke/Autoware/ros/install/rslidar_pointcloud
Invoking command in '/home/daisuke/Autoware/ros/build/rslidar_pointcloud': CMAKE_PREFIX_PATH=/home/daisuke/Autoware/ros/install/rslidar_driver:/home/daisuke/Autoware/ros/install/rslidar_msgs:${CMAKE_PREFIX_PATH} PKG_CONFIG_PATH=/home/daisuke/Autoware/ros/install/rslidar_driver/lib/pkgconfig:/home/daisuke/Autoware/ros/install/rslidar_msgs/lib/pkgconfig:${PKG_CONFIG_PATH} PYTHONPATH=/home/daisuke/Autoware/ros/install/rslidar_driver/lib/python2.7/dist-packages:/home/daisuke/Autoware/ros/install/rslidar_msgs/lib/python2.7/dist-packages:${PYTHONPATH} ROS_PACKAGE_PATH=/home/daisuke/Autoware/ros/install/rslidar_driver/share:/home/daisuke/Autoware/ros/install/rslidar_msgs/share:${ROS_PACKAGE_PATH} /usr/bin/cmake --build /home/daisuke/Autoware/ros/build/rslidar_pointcloud -- -j8 -l8
[  0%] Built target rslidar_msgs_generate_messages_py
[  0%] Built target actionlib_msgs_generate_messages_cpp
[  0%] Built target sensor_msgs_generate_messages_cpp
[  0%] Built target rosgraph_msgs_generate_messages_cpp
[  0%] Built target pcl_msgs_generate_messages_eus
[  0%] Built target sensor_msgs_generate_messages_eus
[ 11%] [34m[1mGenerating dynamic reconfigure files from cfg/CloudNode.cfg: /home/daisuke/Autoware/ros/build/rslidar_pointcloud/devel/include/rslidar_pointcloud/CloudNodeConfig.h /home/daisuke/Autoware/ros/build/rslidar_pointcloud/devel/lib/python2.7/dist-packages/rslidar_pointcloud/cfg/CloudNodeConfig.py[0m
[ 11%] Built target actionlib_generate_messages_nodejs
[ 11%] Built target roscpp_generate_messages_py
[ 11%] Built target dynamic_reconfigure_gencfg
[ 11%] Built target rosgraph_msgs_generate_messages_nodejs
[ 11%] Built target nodelet_topic_tools_gencfg
[ 11%] Built target roscpp_generate_messages_cpp
[ 11%] Built target nodelet_generate_messages_py
[ 11%] Built target diagnostic_msgs_generate_messages_eus
[ 11%] Built target geometry_msgs_generate_messages_cpp
[ 11%] Built target dynamic_reconfigure_generate_messages_lisp
Generating reconfiguration files for CloudNode in rslidar_pointcloud
[ 11%] Built target std_srvs_generate_messages_py
Wrote header file in /home/daisuke/Autoware/ros/build/rslidar_pointcloud/devel/include/rslidar_pointcloud/CloudNodeConfig.h
[ 11%] Built target nodelet_generate_messages_nodejs
[ 11%] Built target tf_generate_messages_nodejs
[ 11%] Built target roscpp_generate_messages_lisp
[ 11%] Built target dynamic_reconfigure_generate_messages_eus
[ 11%] Built target bond_generate_messages_nodejs
[ 11%] Built target pcl_msgs_generate_messages_py
[ 11%] Built target pcl_msgs_generate_messages_nodejs
[ 11%] Built target bond_generate_messages_cpp
[ 11%] Built target std_srvs_generate_messages_nodejs
[ 11%] Built target rosgraph_msgs_generate_messages_lisp
[ 11%] Built target tf_generate_messages_lisp
[ 11%] Built target tf2_msgs_generate_messages_nodejs
[ 11%] Built target diagnostic_msgs_generate_messages_py
[ 11%] Built target rslidar_pointcloud_gencfg
[ 11%] Built target nodelet_generate_messages_lisp
[ 11%] Built target tf_generate_messages_cpp
[ 11%] Built target pcl_ros_gencfg
[ 11%] Built target std_msgs_generate_messages_lisp
[ 11%] Built target nodelet_generate_messages_cpp
[ 11%] Built target std_srvs_generate_messages_eus
[ 11%] Built target tf2_msgs_generate_messages_eus
[ 11%] Built target roscpp_generate_messages_eus
[ 11%] Built target bond_generate_messages_eus
[ 11%] Built target topic_tools_generate_messages_eus
[ 11%] Built target diagnostic_msgs_generate_messages_lisp
[ 11%] Built target topic_tools_generate_messages_cpp
[ 11%] Built target bond_generate_messages_lisp
[ 11%] Built target nodelet_generate_messages_eus
[ 11%] Built target dynamic_reconfigure_generate_messages_cpp
[ 11%] Built target bond_generate_messages_py
[ 11%] Built target geometry_msgs_generate_messages_py
[ 11%] Built target std_srvs_generate_messages_lisp
[ 11%] Built target pcl_msgs_generate_messages_lisp
[ 11%] Built target geometry_msgs_generate_messages_lisp
[ 11%] Built target rslidar_msgs_generate_messages_eus
[ 11%] Built target rosgraph_msgs_generate_messages_eus
[ 11%] Built target std_msgs_generate_messages_py
[ 11%] Built target std_msgs_generate_messages_cpp
[ 11%] Built target dynamic_reconfigure_generate_messages_nodejs
[ 11%] Built target sensor_msgs_generate_messages_nodejs
[ 11%] Built target sensor_msgs_generate_messages_py
[ 11%] Built target actionlib_generate_messages_cpp
[ 11%] Built target pcl_msgs_generate_messages_cpp
[ 11%] Built target roscpp_generate_messages_nodejs
[ 11%] Built target geometry_msgs_generate_messages_eus
[ 11%] Built target rosgraph_msgs_generate_messages_py
[ 11%] Built target geometry_msgs_generate_messages_nodejs
[ 11%] Built target topic_tools_generate_messages_lisp
[ 11%] Built target std_srvs_generate_messages_cpp
[ 11%] Built target sensor_msgs_generate_messages_lisp
[ 11%] Built target tf2_msgs_generate_messages_py
[ 11%] Built target topic_tools_generate_messages_nodejs
[ 11%] Built target topic_tools_generate_messages_py
[ 11%] Built target rslidar_msgs_generate_messages_lisp
[ 11%] Built target tf_generate_messages_eus
[ 11%] Built target actionlib_msgs_generate_messages_nodejs
[ 11%] Built target tf_generate_messages_py
[ 11%] Built target actionlib_generate_messages_lisp
[ 11%] Built target actionlib_msgs_generate_messages_eus
[ 11%] Built target dynamic_reconfigure_generate_messages_py
[ 11%] Built target actionlib_msgs_generate_messages_py
[ 11%] Built target std_msgs_generate_messages_eus
[ 11%] Built target actionlib_generate_messages_eus
[ 11%] Built target actionlib_generate_messages_py
[ 11%] Built target actionlib_msgs_generate_messages_lisp
[ 11%] Built target tf2_msgs_generate_messages_cpp
[ 11%] Built target rslidar_msgs_generate_messages_cpp
[ 11%] Built target rslidar_driver_gencfg
[ 11%] Built target diagnostic_msgs_generate_messages_cpp
[ 11%] Built target rslidar_msgs_generate_messages_nodejs
[ 11%] Built target tf2_msgs_generate_messages_lisp
[ 11%] Built target diagnostic_msgs_generate_messages_nodejs
[ 11%] Built target std_msgs_generate_messages_nodejs
[ 33%] Built target rslidar_data
[35m[1mScanning dependencies of target rslidar_point[0m
[ 44%] [32mBuilding CXX object src/CMakeFiles/rslidar_point.dir/convert.cc.o[0m
[ 55%] [32m[1mLinking CXX shared library ../devel/lib/librslidar_point.so[0m
[ 55%] Built target rslidar_point
[35m[1mScanning dependencies of target rscloud_node[0m
[35m[1mScanning dependencies of target rscloud_nodelet[0m
[ 66%] [32mBuilding CXX object src/CMakeFiles/rscloud_nodelet.dir/cloud_nodelet.cc.o[0m
[ 77%] [32mBuilding CXX object src/CMakeFiles/rscloud_node.dir/cloud_node.cc.o[0m
[ 88%] [32m[1mLinking CXX executable ../devel/lib/rslidar_pointcloud/rscloud_node[0m
[ 88%] Built target rscloud_node
[100%] [32m[1mLinking CXX shared library ../devel/lib/librscloud_nodelet.so[0m
[100%] Built target rscloud_nodelet
Invoked command in '/home/daisuke/Autoware/ros/build/rslidar_pointcloud' returned '0': CMAKE_PREFIX_PATH=/home/daisuke/Autoware/ros/install/rslidar_driver:/home/daisuke/Autoware/ros/install/rslidar_msgs:${CMAKE_PREFIX_PATH} PKG_CONFIG_PATH=/home/daisuke/Autoware/ros/install/rslidar_driver/lib/pkgconfig:/home/daisuke/Autoware/ros/install/rslidar_msgs/lib/pkgconfig:${PKG_CONFIG_PATH} PYTHONPATH=/home/daisuke/Autoware/ros/install/rslidar_driver/lib/python2.7/dist-packages:/home/daisuke/Autoware/ros/install/rslidar_msgs/lib/python2.7/dist-packages:${PYTHONPATH} ROS_PACKAGE_PATH=/home/daisuke/Autoware/ros/install/rslidar_driver/share:/home/daisuke/Autoware/ros/install/rslidar_msgs/share:${ROS_PACKAGE_PATH} /usr/bin/cmake --build /home/daisuke/Autoware/ros/build/rslidar_pointcloud -- -j8 -l8
Invoking command in '/home/daisuke/Autoware/ros/build/rslidar_pointcloud': CMAKE_PREFIX_PATH=/home/daisuke/Autoware/ros/install/rslidar_driver:/home/daisuke/Autoware/ros/install/rslidar_msgs:${CMAKE_PREFIX_PATH} PKG_CONFIG_PATH=/home/daisuke/Autoware/ros/install/rslidar_driver/lib/pkgconfig:/home/daisuke/Autoware/ros/install/rslidar_msgs/lib/pkgconfig:${PKG_CONFIG_PATH} PYTHONPATH=/home/daisuke/Autoware/ros/install/rslidar_driver/lib/python2.7/dist-packages:/home/daisuke/Autoware/ros/install/rslidar_msgs/lib/python2.7/dist-packages:${PYTHONPATH} ROS_PACKAGE_PATH=/home/daisuke/Autoware/ros/install/rslidar_driver/share:/home/daisuke/Autoware/ros/install/rslidar_msgs/share:${ROS_PACKAGE_PATH} /usr/bin/cmake --build /home/daisuke/Autoware/ros/build/rslidar_pointcloud --target tests -- -j8 -l8
Built target tests
Invoked command in '/home/daisuke/Autoware/ros/build/rslidar_pointcloud' returned '0': CMAKE_PREFIX_PATH=/home/daisuke/Autoware/ros/install/rslidar_driver:/home/daisuke/Autoware/ros/install/rslidar_msgs:${CMAKE_PREFIX_PATH} PKG_CONFIG_PATH=/home/daisuke/Autoware/ros/install/rslidar_driver/lib/pkgconfig:/home/daisuke/Autoware/ros/install/rslidar_msgs/lib/pkgconfig:${PKG_CONFIG_PATH} PYTHONPATH=/home/daisuke/Autoware/ros/install/rslidar_driver/lib/python2.7/dist-packages:/home/daisuke/Autoware/ros/install/rslidar_msgs/lib/python2.7/dist-packages:${PYTHONPATH} ROS_PACKAGE_PATH=/home/daisuke/Autoware/ros/install/rslidar_driver/share:/home/daisuke/Autoware/ros/install/rslidar_msgs/share:${ROS_PACKAGE_PATH} /usr/bin/cmake --build /home/daisuke/Autoware/ros/build/rslidar_pointcloud --target tests -- -j8 -l8
Invoking command in '/home/daisuke/Autoware/ros/build/rslidar_pointcloud': CMAKE_PREFIX_PATH=/home/daisuke/Autoware/ros/install/rslidar_driver:/home/daisuke/Autoware/ros/install/rslidar_msgs:${CMAKE_PREFIX_PATH} PKG_CONFIG_PATH=/home/daisuke/Autoware/ros/install/rslidar_driver/lib/pkgconfig:/home/daisuke/Autoware/ros/install/rslidar_msgs/lib/pkgconfig:${PKG_CONFIG_PATH} PYTHONPATH=/home/daisuke/Autoware/ros/install/rslidar_driver/lib/python2.7/dist-packages:/home/daisuke/Autoware/ros/install/rslidar_msgs/lib/python2.7/dist-packages:${PYTHONPATH} ROS_PACKAGE_PATH=/home/daisuke/Autoware/ros/install/rslidar_driver/share:/home/daisuke/Autoware/ros/install/rslidar_msgs/share:${ROS_PACKAGE_PATH} /usr/bin/cmake --build /home/daisuke/Autoware/ros/build/rslidar_pointcloud --target install
[ 11%] Built target rslidar_pointcloud_gencfg
[ 11%] Built target rslidar_msgs_generate_messages_py
[ 11%] Built target sensor_msgs_generate_messages_eus
[ 11%] Built target actionlib_generate_messages_nodejs
[ 11%] Built target actionlib_msgs_generate_messages_cpp
[ 11%] Built target sensor_msgs_generate_messages_cpp
[ 11%] Built target pcl_msgs_generate_messages_eus
[ 11%] Built target rosgraph_msgs_generate_messages_cpp
[ 11%] Built target nodelet_topic_tools_gencfg
[ 11%] Built target dynamic_reconfigure_gencfg
[ 11%] Built target roscpp_generate_messages_py
[ 11%] Built target rosgraph_msgs_generate_messages_nodejs
[ 11%] Built target diagnostic_msgs_generate_messages_eus
[ 11%] Built target nodelet_generate_messages_py
[ 11%] Built target roscpp_generate_messages_cpp
[ 11%] Built target dynamic_reconfigure_generate_messages_lisp
[ 11%] Built target geometry_msgs_generate_messages_cpp
[ 11%] Built target roscpp_generate_messages_lisp
[ 11%] Built target tf_generate_messages_nodejs
[ 11%] Built target std_srvs_generate_messages_py
[ 11%] Built target nodelet_generate_messages_nodejs
[ 11%] Built target pcl_msgs_generate_messages_py
[ 11%] Built target dynamic_reconfigure_generate_messages_eus
[ 11%] Built target bond_generate_messages_nodejs
[ 11%] Built target tf2_msgs_generate_messages_nodejs
[ 11%] Built target pcl_msgs_generate_messages_nodejs
[ 11%] Built target std_srvs_generate_messages_nodejs
[ 11%] Built target tf_generate_messages_lisp
[ 11%] Built target diagnostic_msgs_generate_messages_py
[ 11%] Built target rosgraph_msgs_generate_messages_lisp
[ 11%] Built target bond_generate_messages_cpp
[ 11%] Built target nodelet_generate_messages_lisp
[ 11%] Built target std_msgs_generate_messages_lisp
[ 11%] Built target std_srvs_generate_messages_eus
[ 11%] Built target tf_generate_messages_cpp
[ 11%] Built target nodelet_generate_messages_cpp
[ 11%] Built target pcl_ros_gencfg
[ 11%] Built target tf2_msgs_generate_messages_eus
[ 11%] Built target bond_generate_messages_eus
[ 11%] Built target roscpp_generate_messages_eus
[ 11%] Built target diagnostic_msgs_generate_messages_lisp
[ 11%] Built target bond_generate_messages_lisp
[ 11%] Built target nodelet_generate_messages_eus
[ 11%] Built target topic_tools_generate_messages_cpp
[ 11%] Built target topic_tools_generate_messages_eus
[ 11%] Built target dynamic_reconfigure_generate_messages_cpp
[ 11%] Built target bond_generate_messages_py
[ 11%] Built target geometry_msgs_generate_messages_py
[ 11%] Built target geometry_msgs_generate_messages_lisp
[ 11%] Built target std_srvs_generate_messages_lisp
[ 11%] Built target rslidar_msgs_generate_messages_eus
[ 11%] Built target pcl_msgs_generate_messages_lisp
[ 11%] Built target dynamic_reconfigure_generate_messages_nodejs
[ 11%] Built target rosgraph_msgs_generate_messages_eus
[ 11%] Built target std_msgs_generate_messages_py
[ 11%] Built target std_msgs_generate_messages_cpp
[ 11%] Built target sensor_msgs_generate_messages_nodejs
[ 11%] Built target roscpp_generate_messages_nodejs
[ 11%] Built target sensor_msgs_generate_messages_py
[ 11%] Built target rosgraph_msgs_generate_messages_py
[ 11%] Built target actionlib_generate_messages_cpp
[ 11%] Built target geometry_msgs_generate_messages_eus
[ 11%] Built target geometry_msgs_generate_messages_nodejs
[ 11%] Built target pcl_msgs_generate_messages_cpp
[ 11%] Built target std_srvs_generate_messages_cpp
[ 11%] Built target topic_tools_generate_messages_lisp
[ 11%] Built target sensor_msgs_generate_messages_lisp
[ 11%] Built target topic_tools_generate_messages_nodejs
[ 11%] Built target topic_tools_generate_messages_py
[ 11%] Built target actionlib_msgs_generate_messages_nodejs
[ 11%] Built target tf2_msgs_generate_messages_py
[ 11%] Built target tf_generate_messages_eus
[ 11%] Built target rslidar_msgs_generate_messages_lisp
[ 11%] Built target tf_generate_messages_py
[ 11%] Built target std_msgs_generate_messages_eus
[ 11%] Built target actionlib_generate_messages_eus
[ 11%] Built target actionlib_generate_messages_lisp
[ 11%] Built target actionlib_msgs_generate_messages_eus
[ 11%] Built target dynamic_reconfigure_generate_messages_py
[ 11%] Built target actionlib_generate_messages_py
[ 11%] Built target actionlib_msgs_generate_messages_lisp
[ 11%] Built target actionlib_msgs_generate_messages_py
[ 11%] Built target tf2_msgs_generate_messages_cpp
[ 11%] Built target tf2_msgs_generate_messages_lisp
[ 11%] Built target rslidar_driver_gencfg
[ 11%] Built target diagnostic_msgs_generate_messages_cpp
[ 11%] Built target diagnostic_msgs_generate_messages_nodejs
[ 11%] Built target rslidar_msgs_generate_messages_cpp
[ 11%] Built target std_msgs_generate_messages_nodejs
[ 11%] Built target rslidar_msgs_generate_messages_nodejs
[ 33%] Built target rslidar_data
[ 55%] Built target rslidar_point
[ 77%] Built target rscloud_node
[100%] Built target rscloud_nodelet
[36mInstall the project...[0m
-- Install configuration: "Release"
-- Installing: /home/daisuke/Autoware/ros/install/rslidar_pointcloud/include/rslidar_pointcloud/CloudNodeConfig.h
-- Up-to-date: /home/daisuke/Autoware/ros/install/rslidar_pointcloud/lib/python2.7/dist-packages/rslidar_pointcloud/__init__.py
Listing /home/daisuke/Autoware/ros/build/rslidar_pointcloud/devel/lib/python2.7/dist-packages/rslidar_pointcloud/cfg ...
Compiling /home/daisuke/Autoware/ros/build/rslidar_pointcloud/devel/lib/python2.7/dist-packages/rslidar_pointcloud/cfg/CloudNodeConfig.py ...
-- Up-to-date: /home/daisuke/Autoware/ros/install/rslidar_pointcloud/lib/python2.7/dist-packages/rslidar_pointcloud/cfg
-- Installing: /home/daisuke/Autoware/ros/install/rslidar_pointcloud/lib/python2.7/dist-packages/rslidar_pointcloud/cfg/CloudNodeConfig.pyc
-- Up-to-date: /home/daisuke/Autoware/ros/install/rslidar_pointcloud/lib/python2.7/dist-packages/rslidar_pointcloud/cfg/__init__.pyc
-- Up-to-date: /home/daisuke/Autoware/ros/install/rslidar_pointcloud/lib/python2.7/dist-packages/rslidar_pointcloud/cfg/__init__.py
-- Installing: /home/daisuke/Autoware/ros/install/rslidar_pointcloud/lib/python2.7/dist-packages/rslidar_pointcloud/cfg/CloudNodeConfig.py
Invoked command in '/home/daisuke/Autoware/ros/build/rslidar_pointcloud' returned '0': CMAKE_PREFIX_PATH=/home/daisuke/Autoware/ros/install/rslidar_driver:/home/daisuke/Autoware/ros/install/rslidar_msgs:${CMAKE_PREFIX_PATH} PKG_CONFIG_PATH=/home/daisuke/Autoware/ros/install/rslidar_driver/lib/pkgconfig:/home/daisuke/Autoware/ros/install/rslidar_msgs/lib/pkgconfig:${PKG_CONFIG_PATH} PYTHONPATH=/home/daisuke/Autoware/ros/install/rslidar_driver/lib/python2.7/dist-packages:/home/daisuke/Autoware/ros/install/rslidar_msgs/lib/python2.7/dist-packages:${PYTHONPATH} ROS_PACKAGE_PATH=/home/daisuke/Autoware/ros/install/rslidar_driver/share:/home/daisuke/Autoware/ros/install/rslidar_msgs/share:${ROS_PACKAGE_PATH} /usr/bin/cmake --build /home/daisuke/Autoware/ros/build/rslidar_pointcloud --target install
