Invoking command in '/home/daisuke/Autoware/ros/build/waypoint_maker': CMAKE_PREFIX_PATH=/home/daisuke/Autoware/ros/install/lane_planner:/home/daisuke/Autoware/ros/install/waypoint_follower:/home/daisuke/Autoware/ros/install/vector_map:/home/daisuke/Autoware/ros/install/vector_map_msgs:/home/daisuke/Autoware/ros/install/tablet_socket:/home/daisuke/Autoware/ros/install/autoware_health_checker:/home/daisuke/Autoware/ros/install/tablet_socket_msgs:/home/daisuke/Autoware/ros/install/gnss:/home/daisuke/Autoware/ros/install/autoware_system_msgs:/home/daisuke/Autoware/ros/install/autoware_msgs:/home/daisuke/Autoware/ros/install/autoware_config_msgs:/home/daisuke/Autoware/ros/install/autoware_can_msgs:/home/daisuke/Autoware/ros/install/autoware_build_flags:${CMAKE_PREFIX_PATH} LD_LIBRARY_PATH=/home/daisuke/Autoware/ros/install/lane_planner/lib:/home/daisuke/Autoware/ros/install/waypoint_follower/lib:/home/daisuke/Autoware/ros/install/vector_map/lib:/home/daisuke/Autoware/ros/install/autoware_health_checker/lib:/home/daisuke/Autoware/ros/install/gnss/lib:${LD_LIBRARY_PATH} PKG_CONFIG_PATH=/home/daisuke/Autoware/ros/install/lane_planner/lib/pkgconfig:/home/daisuke/Autoware/ros/install/waypoint_follower/lib/pkgconfig:/home/daisuke/Autoware/ros/install/vector_map/lib/pkgconfig:/home/daisuke/Autoware/ros/install/vector_map_msgs/lib/pkgconfig:/home/daisuke/Autoware/ros/install/tablet_socket/lib/pkgconfig:/home/daisuke/Autoware/ros/install/autoware_health_checker/lib/pkgconfig:/home/daisuke/Autoware/ros/install/tablet_socket_msgs/lib/pkgconfig:/home/daisuke/Autoware/ros/install/gnss/lib/pkgconfig:/home/daisuke/Autoware/ros/install/autoware_system_msgs/lib/pkgconfig:/home/daisuke/Autoware/ros/install/autoware_msgs/lib/pkgconfig:/home/daisuke/Autoware/ros/install/autoware_config_msgs/lib/pkgconfig:/home/daisuke/Autoware/ros/install/autoware_can_msgs/lib/pkgconfig:/home/daisuke/Autoware/ros/install/autoware_build_flags/lib/pkgconfig:${PKG_CONFIG_PATH} PYTHONPATH=/home/daisuke/Autoware/ros/install/vector_map_msgs/lib/python2.7/dist-packages:/home/daisuke/Autoware/ros/install/tablet_socket_msgs/lib/python2.7/dist-packages:/home/daisuke/Autoware/ros/install/autoware_system_msgs/lib/python2.7/dist-packages:/home/daisuke/Autoware/ros/install/autoware_msgs/lib/python2.7/dist-packages:/home/daisuke/Autoware/ros/install/autoware_config_msgs/lib/python2.7/dist-packages:/home/daisuke/Autoware/ros/install/autoware_can_msgs/lib/python2.7/dist-packages:${PYTHONPATH} ROS_PACKAGE_PATH=/home/daisuke/Autoware/ros/install/lane_planner/share:/home/daisuke/Autoware/ros/install/waypoint_follower/share:/home/daisuke/Autoware/ros/install/vector_map/share:/home/daisuke/Autoware/ros/install/vector_map_msgs/share:/home/daisuke/Autoware/ros/install/tablet_socket/share:/home/daisuke/Autoware/ros/install/autoware_health_checker/share:/home/daisuke/Autoware/ros/install/tablet_socket_msgs/share:/home/daisuke/Autoware/ros/install/gnss/share:/home/daisuke/Autoware/ros/install/autoware_system_msgs/share:/home/daisuke/Autoware/ros/install/autoware_msgs/share:/home/daisuke/Autoware/ros/install/autoware_config_msgs/share:/home/daisuke/Autoware/ros/install/autoware_can_msgs/share:/home/daisuke/Autoware/ros/install/autoware_build_flags/share:${ROS_PACKAGE_PATH} /usr/bin/cmake /home/daisuke/Autoware/ros/src/computing/planning/motion/packages/waypoint_maker -DCMAKE_BUILD_TYPE=Release -DCMAKE_LIBRARY_PATH=/usr/local/cuda/lib64/stubs -DCATKIN_INSTALL_INTO_PREFIX_ROOT=0 -DCMAKE_INSTALL_PREFIX=/home/daisuke/Autoware/ros/install/waypoint_maker
-- The C compiler identification is GNU 5.4.0
-- The CXX compiler identification is GNU 5.4.0
-- Check for working C compiler: /usr/bin/cc
-- Check for working C compiler: /usr/bin/cc -- works
-- Detecting C compiler ABI info
-- Detecting C compiler ABI info - done
-- Detecting C compile features
-- Detecting C compile features - done
-- Check for working CXX compiler: /usr/bin/c++
-- Check for working CXX compiler: /usr/bin/c++ -- works
-- Detecting CXX compiler ABI info
-- Detecting CXX compiler ABI info - done
-- Detecting CXX compile features
-- Detecting CXX compile features - done
-- Using CATKIN_DEVEL_PREFIX: /home/daisuke/Autoware/ros/build/waypoint_maker/devel
-- Using CMAKE_PREFIX_PATH: /home/daisuke/Autoware/ros/install/lane_planner;/home/daisuke/Autoware/ros/install/waypoint_follower;/home/daisuke/Autoware/ros/install/vector_map;/home/daisuke/Autoware/ros/install/vector_map_msgs;/home/daisuke/Autoware/ros/install/tablet_socket;/home/daisuke/Autoware/ros/install/autoware_health_checker;/home/daisuke/Autoware/ros/install/tablet_socket_msgs;/home/daisuke/Autoware/ros/install/gnss;/home/daisuke/Autoware/ros/install/autoware_system_msgs;/home/daisuke/Autoware/ros/install/autoware_msgs;/home/daisuke/Autoware/ros/install/autoware_config_msgs;/home/daisuke/Autoware/ros/install/autoware_can_msgs;/home/daisuke/Autoware/ros/install/autoware_build_flags;/home/daisuke/Autoware/ros/devel;/opt/ros/kinetic
-- This workspace overlays: /home/daisuke/Autoware/ros/install/lane_planner;/home/daisuke/Autoware/ros/install/waypoint_follower;/home/daisuke/Autoware/ros/install/vector_map;/home/daisuke/Autoware/ros/install/vector_map_msgs;/home/daisuke/Autoware/ros/install/tablet_socket;/home/daisuke/Autoware/ros/install/autoware_health_checker;/home/daisuke/Autoware/ros/install/tablet_socket_msgs;/home/daisuke/Autoware/ros/install/gnss;/home/daisuke/Autoware/ros/install/autoware_system_msgs;/home/daisuke/Autoware/ros/install/autoware_msgs;/home/daisuke/Autoware/ros/install/autoware_config_msgs;/home/daisuke/Autoware/ros/install/autoware_can_msgs;/home/daisuke/Autoware/ros/install/autoware_build_flags;/opt/ros/kinetic
-- Found PythonInterp: /home/daisuke/pyenv/shims/python (found version "2.7.12") 
-- Using PYTHON_EXECUTABLE: /home/daisuke/pyenv/shims/python
-- Using Debian Python package layout
-- Using empy: /usr/bin/empy
-- Using CATKIN_ENABLE_TESTING: ON
-- Call enable_testing()
-- Using CATKIN_TEST_RESULTS_DIR: /home/daisuke/Autoware/ros/build/waypoint_maker/test_results
-- Found gmock sources under '/usr/src/gmock': gmock will be built
-- Looking for pthread.h
-- Looking for pthread.h - found
-- Looking for pthread_create
-- Looking for pthread_create - not found
-- Looking for pthread_create in pthreads
-- Looking for pthread_create in pthreads - not found
-- Looking for pthread_create in pthread
-- Looking for pthread_create in pthread - found
-- Found Threads: TRUE  
-- Found gtest sources under '/usr/src/gmock': gtests will be built
-- Using Python nosetests: /usr/bin/nosetests-2.7
-- catkin 0.7.14
-- Using these message generators: gencpp;geneus;genlisp;gennodejs;genpy
-- Boost version: 1.58.0
-- Configuring done
-- Generating done
-- Build files have been written to: /home/daisuke/Autoware/ros/build/waypoint_maker
Invoked command in '/home/daisuke/Autoware/ros/build/waypoint_maker' returned '0': CMAKE_PREFIX_PATH=/home/daisuke/Autoware/ros/install/lane_planner:/home/daisuke/Autoware/ros/install/waypoint_follower:/home/daisuke/Autoware/ros/install/vector_map:/home/daisuke/Autoware/ros/install/vector_map_msgs:/home/daisuke/Autoware/ros/install/tablet_socket:/home/daisuke/Autoware/ros/install/autoware_health_checker:/home/daisuke/Autoware/ros/install/tablet_socket_msgs:/home/daisuke/Autoware/ros/install/gnss:/home/daisuke/Autoware/ros/install/autoware_system_msgs:/home/daisuke/Autoware/ros/install/autoware_msgs:/home/daisuke/Autoware/ros/install/autoware_config_msgs:/home/daisuke/Autoware/ros/install/autoware_can_msgs:/home/daisuke/Autoware/ros/install/autoware_build_flags:${CMAKE_PREFIX_PATH} LD_LIBRARY_PATH=/home/daisuke/Autoware/ros/install/lane_planner/lib:/home/daisuke/Autoware/ros/install/waypoint_follower/lib:/home/daisuke/Autoware/ros/install/vector_map/lib:/home/daisuke/Autoware/ros/install/autoware_health_checker/lib:/home/daisuke/Autoware/ros/install/gnss/lib:${LD_LIBRARY_PATH} PKG_CONFIG_PATH=/home/daisuke/Autoware/ros/install/lane_planner/lib/pkgconfig:/home/daisuke/Autoware/ros/install/waypoint_follower/lib/pkgconfig:/home/daisuke/Autoware/ros/install/vector_map/lib/pkgconfig:/home/daisuke/Autoware/ros/install/vector_map_msgs/lib/pkgconfig:/home/daisuke/Autoware/ros/install/tablet_socket/lib/pkgconfig:/home/daisuke/Autoware/ros/install/autoware_health_checker/lib/pkgconfig:/home/daisuke/Autoware/ros/install/tablet_socket_msgs/lib/pkgconfig:/home/daisuke/Autoware/ros/install/gnss/lib/pkgconfig:/home/daisuke/Autoware/ros/install/autoware_system_msgs/lib/pkgconfig:/home/daisuke/Autoware/ros/install/autoware_msgs/lib/pkgconfig:/home/daisuke/Autoware/ros/install/autoware_config_msgs/lib/pkgconfig:/home/daisuke/Autoware/ros/install/autoware_can_msgs/lib/pkgconfig:/home/daisuke/Autoware/ros/install/autoware_build_flags/lib/pkgconfig:${PKG_CONFIG_PATH} PYTHONPATH=/home/daisuke/Autoware/ros/install/vector_map_msgs/lib/python2.7/dist-packages:/home/daisuke/Autoware/ros/install/tablet_socket_msgs/lib/python2.7/dist-packages:/home/daisuke/Autoware/ros/install/autoware_system_msgs/lib/python2.7/dist-packages:/home/daisuke/Autoware/ros/install/autoware_msgs/lib/python2.7/dist-packages:/home/daisuke/Autoware/ros/install/autoware_config_msgs/lib/python2.7/dist-packages:/home/daisuke/Autoware/ros/install/autoware_can_msgs/lib/python2.7/dist-packages:${PYTHONPATH} ROS_PACKAGE_PATH=/home/daisuke/Autoware/ros/install/lane_planner/share:/home/daisuke/Autoware/ros/install/waypoint_follower/share:/home/daisuke/Autoware/ros/install/vector_map/share:/home/daisuke/Autoware/ros/install/vector_map_msgs/share:/home/daisuke/Autoware/ros/install/tablet_socket/share:/home/daisuke/Autoware/ros/install/autoware_health_checker/share:/home/daisuke/Autoware/ros/install/tablet_socket_msgs/share:/home/daisuke/Autoware/ros/install/gnss/share:/home/daisuke/Autoware/ros/install/autoware_system_msgs/share:/home/daisuke/Autoware/ros/install/autoware_msgs/share:/home/daisuke/Autoware/ros/install/autoware_config_msgs/share:/home/daisuke/Autoware/ros/install/autoware_can_msgs/share:/home/daisuke/Autoware/ros/install/autoware_build_flags/share:${ROS_PACKAGE_PATH} /usr/bin/cmake /home/daisuke/Autoware/ros/src/computing/planning/motion/packages/waypoint_maker -DCMAKE_BUILD_TYPE=Release -DCMAKE_LIBRARY_PATH=/usr/local/cuda/lib64/stubs -DCATKIN_INSTALL_INTO_PREFIX_ROOT=0 -DCMAKE_INSTALL_PREFIX=/home/daisuke/Autoware/ros/install/waypoint_maker
Invoking command in '/home/daisuke/Autoware/ros/build/waypoint_maker': CMAKE_PREFIX_PATH=/home/daisuke/Autoware/ros/install/lane_planner:/home/daisuke/Autoware/ros/install/waypoint_follower:/home/daisuke/Autoware/ros/install/vector_map:/home/daisuke/Autoware/ros/install/vector_map_msgs:/home/daisuke/Autoware/ros/install/tablet_socket:/home/daisuke/Autoware/ros/install/autoware_health_checker:/home/daisuke/Autoware/ros/install/tablet_socket_msgs:/home/daisuke/Autoware/ros/install/gnss:/home/daisuke/Autoware/ros/install/autoware_system_msgs:/home/daisuke/Autoware/ros/install/autoware_msgs:/home/daisuke/Autoware/ros/install/autoware_config_msgs:/home/daisuke/Autoware/ros/install/autoware_can_msgs:/home/daisuke/Autoware/ros/install/autoware_build_flags:${CMAKE_PREFIX_PATH} LD_LIBRARY_PATH=/home/daisuke/Autoware/ros/install/lane_planner/lib:/home/daisuke/Autoware/ros/install/waypoint_follower/lib:/home/daisuke/Autoware/ros/install/vector_map/lib:/home/daisuke/Autoware/ros/install/autoware_health_checker/lib:/home/daisuke/Autoware/ros/install/gnss/lib:${LD_LIBRARY_PATH} PKG_CONFIG_PATH=/home/daisuke/Autoware/ros/install/lane_planner/lib/pkgconfig:/home/daisuke/Autoware/ros/install/waypoint_follower/lib/pkgconfig:/home/daisuke/Autoware/ros/install/vector_map/lib/pkgconfig:/home/daisuke/Autoware/ros/install/vector_map_msgs/lib/pkgconfig:/home/daisuke/Autoware/ros/install/tablet_socket/lib/pkgconfig:/home/daisuke/Autoware/ros/install/autoware_health_checker/lib/pkgconfig:/home/daisuke/Autoware/ros/install/tablet_socket_msgs/lib/pkgconfig:/home/daisuke/Autoware/ros/install/gnss/lib/pkgconfig:/home/daisuke/Autoware/ros/install/autoware_system_msgs/lib/pkgconfig:/home/daisuke/Autoware/ros/install/autoware_msgs/lib/pkgconfig:/home/daisuke/Autoware/ros/install/autoware_config_msgs/lib/pkgconfig:/home/daisuke/Autoware/ros/install/autoware_can_msgs/lib/pkgconfig:/home/daisuke/Autoware/ros/install/autoware_build_flags/lib/pkgconfig:${PKG_CONFIG_PATH} PYTHONPATH=/home/daisuke/Autoware/ros/install/vector_map_msgs/lib/python2.7/dist-packages:/home/daisuke/Autoware/ros/install/tablet_socket_msgs/lib/python2.7/dist-packages:/home/daisuke/Autoware/ros/install/autoware_system_msgs/lib/python2.7/dist-packages:/home/daisuke/Autoware/ros/install/autoware_msgs/lib/python2.7/dist-packages:/home/daisuke/Autoware/ros/install/autoware_config_msgs/lib/python2.7/dist-packages:/home/daisuke/Autoware/ros/install/autoware_can_msgs/lib/python2.7/dist-packages:${PYTHONPATH} ROS_PACKAGE_PATH=/home/daisuke/Autoware/ros/install/lane_planner/share:/home/daisuke/Autoware/ros/install/waypoint_follower/share:/home/daisuke/Autoware/ros/install/vector_map/share:/home/daisuke/Autoware/ros/install/vector_map_msgs/share:/home/daisuke/Autoware/ros/install/tablet_socket/share:/home/daisuke/Autoware/ros/install/autoware_health_checker/share:/home/daisuke/Autoware/ros/install/tablet_socket_msgs/share:/home/daisuke/Autoware/ros/install/gnss/share:/home/daisuke/Autoware/ros/install/autoware_system_msgs/share:/home/daisuke/Autoware/ros/install/autoware_msgs/share:/home/daisuke/Autoware/ros/install/autoware_config_msgs/share:/home/daisuke/Autoware/ros/install/autoware_can_msgs/share:/home/daisuke/Autoware/ros/install/autoware_build_flags/share:${ROS_PACKAGE_PATH} /usr/bin/cmake --build /home/daisuke/Autoware/ros/build/waypoint_maker -- -j8 -l8
[01m[K/home/daisuke/Autoware/ros/src/computing/planning/motion/packages/waypoint_maker/nodes/waypoint_marker_publisher/waypoint_marker_publisher.cpp:223:6:[m[K [01;35m[Kwarning: [m[K‘[01m[Kvoid {anonymous}::createGlobalLaneArrayMarker(std_msgs::ColorRGBA, const LaneArray&)[m[K’ defined but not used [-Wunused-function]
 void createGlobalLaneArrayMarker(std_msgs::ColorRGBA color, const autoware_msgs
[01;32m[K      ^[m[K
[35m[1mScanning dependencies of target dynamic_reconfigure_generate_messages_lisp[0m
[35m[1mScanning dependencies of target autoware_can_msgs_generate_messages_nodejs[0m
[  0%] Built target dynamic_reconfigure_generate_messages_lisp
[  0%] Built target autoware_can_msgs_generate_messages_nodejs
[35m[1mScanning dependencies of target tablet_socket_msgs_generate_messages_lisp[0m
[35m[1mScanning dependencies of target tablet_socket_msgs_generate_messages_eus[0m
[  0%] Built target tablet_socket_msgs_generate_messages_lisp
[  0%] Built target tablet_socket_msgs_generate_messages_eus
[35m[1mScanning dependencies of target tablet_socket_msgs_generate_messages_cpp[0m
[35m[1mScanning dependencies of target topic_tools_generate_messages_py[0m
[  0%] Built target tablet_socket_msgs_generate_messages_cpp
[  0%] Built target topic_tools_generate_messages_py
[35m[1mScanning dependencies of target topic_tools_generate_messages_lisp[0m
[35m[1mScanning dependencies of target topic_tools_generate_messages_eus[0m
[  0%] Built target topic_tools_generate_messages_lisp
[  0%] Built target topic_tools_generate_messages_eus
[35m[1mScanning dependencies of target std_srvs_generate_messages_nodejs[0m
[35m[1mScanning dependencies of target std_srvs_generate_messages_lisp[0m
[  0%] Built target std_srvs_generate_messages_nodejs
[  0%] Built target std_srvs_generate_messages_lisp
[35m[1mScanning dependencies of target nodelet_topic_tools_gencfg[0m
[35m[1mScanning dependencies of target std_srvs_generate_messages_eus[0m
[  0%] Built target std_srvs_generate_messages_eus
[  0%] Built target nodelet_topic_tools_gencfg
[35m[1mScanning dependencies of target bond_generate_messages_lisp[0m
[35m[1mScanning dependencies of target bond_generate_messages_eus[0m
[  0%] Built target bond_generate_messages_lisp
[  0%] Built target bond_generate_messages_eus
[35m[1mScanning dependencies of target autoware_system_msgs_generate_messages_py[0m
[35m[1mScanning dependencies of target bond_generate_messages_cpp[0m
[  0%] Built target autoware_system_msgs_generate_messages_py
[  0%] Built target bond_generate_messages_cpp
[35m[1mScanning dependencies of target nodelet_generate_messages_py[0m
[35m[1mScanning dependencies of target nodelet_generate_messages_nodejs[0m
[  0%] Built target nodelet_generate_messages_py
[  0%] Built target nodelet_generate_messages_nodejs
[35m[1mScanning dependencies of target topic_tools_generate_messages_cpp[0m
[35m[1mScanning dependencies of target nodelet_generate_messages_lisp[0m
[  0%] Built target topic_tools_generate_messages_cpp
[  0%] Built target nodelet_generate_messages_lisp
[35m[1mScanning dependencies of target nodelet_generate_messages_eus[0m
[35m[1mScanning dependencies of target nodelet_generate_messages_cpp[0m
[  0%] Built target nodelet_generate_messages_cpp
[  0%] Built target nodelet_generate_messages_eus
[35m[1mScanning dependencies of target topic_tools_generate_messages_nodejs[0m
[35m[1mScanning dependencies of target sensor_msgs_generate_messages_lisp[0m
[  0%] Built target topic_tools_generate_messages_nodejs
[  0%] Built target sensor_msgs_generate_messages_lisp
[35m[1mScanning dependencies of target actionlib_msgs_generate_messages_lisp[0m
[35m[1mScanning dependencies of target autoware_system_msgs_generate_messages_eus[0m
[  0%] Built target actionlib_msgs_generate_messages_lisp
[  0%] Built target autoware_system_msgs_generate_messages_eus
[35m[1mScanning dependencies of target autoware_msgs_generate_messages_py[0m
[35m[1mScanning dependencies of target vector_map_msgs_generate_messages_lisp[0m
[  0%] Built target autoware_msgs_generate_messages_py
[35m[1mScanning dependencies of target actionlib_msgs_generate_messages_eus[0m
[  0%] Built target vector_map_msgs_generate_messages_lisp
[35m[1mScanning dependencies of target tablet_socket_msgs_generate_messages_nodejs[0m
[35m[1mScanning dependencies of target jsk_footstep_msgs_generate_messages_py[0m
[  0%] Built target tablet_socket_msgs_generate_messages_nodejs
[  0%] Built target actionlib_msgs_generate_messages_eus
[  0%] Built target jsk_footstep_msgs_generate_messages_py
[35m[1mScanning dependencies of target actionlib_generate_messages_lisp[0m
[35m[1mScanning dependencies of target actionlib_msgs_generate_messages_cpp[0m
[35m[1mScanning dependencies of target autoware_system_msgs_generate_messages_cpp[0m
[  0%] Built target actionlib_generate_messages_lisp
[  0%] Built target autoware_system_msgs_generate_messages_cpp
[  0%] Built target actionlib_msgs_generate_messages_cpp
[35m[1mScanning dependencies of target actionlib_generate_messages_nodejs[0m
[35m[1mScanning dependencies of target tablet_socket_msgs_generate_messages_py[0m
[35m[1mScanning dependencies of target autoware_system_msgs_generate_messages_lisp[0m
[  0%] Built target actionlib_generate_messages_nodejs
[  0%] Built target autoware_system_msgs_generate_messages_lisp
[  0%] Built target tablet_socket_msgs_generate_messages_py
[35m[1mScanning dependencies of target actionlib_msgs_generate_messages_nodejs[0m
[35m[1mScanning dependencies of target tf2_msgs_generate_messages_py[0m
[  0%] Built target actionlib_msgs_generate_messages_nodejs
[35m[1mScanning dependencies of target jsk_footstep_msgs_generate_messages_nodejs[0m
[  0%] Built target tf2_msgs_generate_messages_py
[35m[1mScanning dependencies of target vector_map_msgs_generate_messages_cpp[0m
[35m[1mScanning dependencies of target autoware_can_msgs_generate_messages_cpp[0m
[  0%] Built target jsk_footstep_msgs_generate_messages_nodejs
[  0%] Built target vector_map_msgs_generate_messages_cpp
[  0%] Built target autoware_can_msgs_generate_messages_cpp
[35m[1mScanning dependencies of target visualization_msgs_generate_messages_nodejs[0m
[35m[1mScanning dependencies of target dynamic_reconfigure_generate_messages_nodejs[0m
[35m[1mScanning dependencies of target jsk_footstep_msgs_generate_messages_eus[0m
[  0%] Built target visualization_msgs_generate_messages_nodejs
[  0%] Built target dynamic_reconfigure_generate_messages_nodejs
[  0%] Built target jsk_footstep_msgs_generate_messages_eus
[35m[1mScanning dependencies of target pcl_msgs_generate_messages_nodejs[0m
[35m[1mScanning dependencies of target pcl_msgs_generate_messages_eus[0m
[35m[1mScanning dependencies of target jsk_footstep_msgs_generate_messages_cpp[0m
[  0%] Built target pcl_msgs_generate_messages_nodejs
[  0%] Built target jsk_footstep_msgs_generate_messages_cpp
[35m[1mScanning dependencies of target autoware_msgs_generate_messages_lisp[0m
[  0%] Built target pcl_msgs_generate_messages_eus
[35m[1mScanning dependencies of target rosgraph_msgs_generate_messages_cpp[0m
[  0%] Built target autoware_msgs_generate_messages_lisp
[35m[1mScanning dependencies of target std_srvs_generate_messages_cpp[0m
[  0%] Built target rosgraph_msgs_generate_messages_cpp
[35m[1mScanning dependencies of target autoware_msgs_generate_messages_nodejs[0m
[  0%] Built target std_srvs_generate_messages_cpp
[35m[1mScanning dependencies of target pcl_msgs_generate_messages_cpp[0m
[  0%] Built target autoware_msgs_generate_messages_nodejs
[35m[1mScanning dependencies of target jsk_recognition_msgs_generate_messages_py[0m
[35m[1mScanning dependencies of target jsk_recognition_msgs_generate_messages_nodejs[0m
[  0%] Built target jsk_recognition_msgs_generate_messages_py
[  0%] Built target jsk_recognition_msgs_generate_messages_nodejs
[  0%] Built target pcl_msgs_generate_messages_cpp
[35m[1mScanning dependencies of target actionlib_msgs_generate_messages_py[0m
[35m[1mScanning dependencies of target nav_msgs_generate_messages_py[0m
[  0%] Built target actionlib_msgs_generate_messages_py
[  0%] Built target nav_msgs_generate_messages_py
[35m[1mScanning dependencies of target geometry_msgs_generate_messages_lisp[0m
[35m[1mScanning dependencies of target geometry_msgs_generate_messages_py[0m
[  0%] Built target geometry_msgs_generate_messages_lisp
[  0%] Built target geometry_msgs_generate_messages_py
[35m[1mScanning dependencies of target jsk_recognition_msgs_generate_messages_lisp[0m
[35m[1mScanning dependencies of target pcl_msgs_generate_messages_lisp[0m
[  0%] Built target pcl_msgs_generate_messages_lisp
[  0%] Built target jsk_recognition_msgs_generate_messages_lisp
[35m[1mScanning dependencies of target autoware_msgs_generate_messages_eus[0m
[35m[1mScanning dependencies of target bond_generate_messages_py[0m
[  0%] Built target autoware_msgs_generate_messages_eus
[  0%] Built target bond_generate_messages_py
[35m[1mScanning dependencies of target std_msgs_generate_messages_lisp[0m
[35m[1mScanning dependencies of target jsk_recognition_msgs_generate_messages_cpp[0m
[  0%] Built target std_msgs_generate_messages_lisp
[  0%] Built target jsk_recognition_msgs_generate_messages_cpp
[35m[1mScanning dependencies of target autoware_can_msgs_generate_messages_py[0m
[35m[1mScanning dependencies of target geometry_msgs_generate_messages_eus[0m
[  0%] Built target autoware_can_msgs_generate_messages_py
[  0%] Built target geometry_msgs_generate_messages_eus
[35m[1mScanning dependencies of target geometry_msgs_generate_messages_nodejs[0m
[35m[1mScanning dependencies of target jsk_footstep_msgs_generate_messages_lisp[0m
[  0%] Built target geometry_msgs_generate_messages_nodejs
[  0%] Built target jsk_footstep_msgs_generate_messages_lisp
[35m[1mScanning dependencies of target sensor_msgs_generate_messages_cpp[0m
[35m[1mScanning dependencies of target geometry_msgs_generate_messages_cpp[0m
[  0%] Built target geometry_msgs_generate_messages_cpp
[  0%] Built target sensor_msgs_generate_messages_cpp
[35m[1mScanning dependencies of target std_msgs_generate_messages_cpp[0m
[35m[1mScanning dependencies of target sensor_msgs_generate_messages_nodejs[0m
[  0%] Built target std_msgs_generate_messages_cpp
[  0%] Built target sensor_msgs_generate_messages_nodejs
[35m[1mScanning dependencies of target autoware_msgs_generate_messages_cpp[0m
[35m[1mScanning dependencies of target dynamic_reconfigure_generate_messages_py[0m
[35m[1mScanning dependencies of target actionlib_generate_messages_py[0m
[  0%] Built target autoware_msgs_generate_messages_cpp
[  0%] Built target dynamic_reconfigure_generate_messages_py
[  0%] Built target actionlib_generate_messages_py
[35m[1mScanning dependencies of target std_msgs_generate_messages_nodejs[0m
[35m[1mScanning dependencies of target roscpp_generate_messages_cpp[0m
[  0%] Built target std_msgs_generate_messages_nodejs
[35m[1mScanning dependencies of target roscpp_generate_messages_eus[0m
[35m[1mScanning dependencies of target roscpp_generate_messages_lisp[0m
[  0%] Built target roscpp_generate_messages_cpp
[  0%] Built target roscpp_generate_messages_eus
[  0%] Built target roscpp_generate_messages_lisp
[35m[1mScanning dependencies of target sensor_msgs_generate_messages_py[0m
[35m[1mScanning dependencies of target jsk_recognition_msgs_generate_messages_eus[0m
[  0%] Built target sensor_msgs_generate_messages_py
[35m[1mScanning dependencies of target roscpp_generate_messages_nodejs[0m
[  0%] Built target jsk_recognition_msgs_generate_messages_eus
[35m[1mScanning dependencies of target roscpp_generate_messages_py[0m
[  0%] Built target roscpp_generate_messages_nodejs
[35m[1mScanning dependencies of target std_srvs_generate_messages_py[0m
[35m[1mScanning dependencies of target tf_generate_messages_nodejs[0m
[  0%] Built target std_srvs_generate_messages_py
[35m[1mScanning dependencies of target std_msgs_generate_messages_py[0m
[  0%] Built target roscpp_generate_messages_py
[  0%] Built target tf_generate_messages_nodejs
[35m[1mScanning dependencies of target rosgraph_msgs_generate_messages_eus[0m
[  0%] Built target std_msgs_generate_messages_py
[35m[1mScanning dependencies of target rosgraph_msgs_generate_messages_lisp[0m
[35m[1mScanning dependencies of target autoware_config_msgs_generate_messages_lisp[0m
[  0%] Built target rosgraph_msgs_generate_messages_eus
[  0%] Built target rosgraph_msgs_generate_messages_lisp
[  0%] Built target autoware_config_msgs_generate_messages_lisp
[35m[1mScanning dependencies of target rosgraph_msgs_generate_messages_nodejs[0m
[35m[1mScanning dependencies of target actionlib_generate_messages_cpp[0m
[  0%] Built target actionlib_generate_messages_cpp
[  0%] Built target rosgraph_msgs_generate_messages_nodejs
[35m[1mScanning dependencies of target rosgraph_msgs_generate_messages_py[0m
[35m[1mScanning dependencies of target tf_generate_messages_lisp[0m
[  0%] Built target rosgraph_msgs_generate_messages_py
[  0%] Built target tf_generate_messages_lisp
[35m[1mScanning dependencies of target tf_generate_messages_py[0m
[35m[1mScanning dependencies of target std_msgs_generate_messages_eus[0m
[  0%] Built target tf_generate_messages_py
[  0%] Built target std_msgs_generate_messages_eus
[35m[1mScanning dependencies of target actionlib_generate_messages_eus[0m
[  0%] Built target actionlib_generate_messages_eus
[35m[1mScanning dependencies of target tf2_msgs_generate_messages_nodejs[0m
[  0%] Built target tf2_msgs_generate_messages_nodejs
[35m[1mScanning dependencies of target autoware_config_msgs_generate_messages_nodejs[0m
[  0%] Built target autoware_config_msgs_generate_messages_nodejs
[35m[1mScanning dependencies of target visualization_msgs_generate_messages_cpp[0m
[  0%] Built target visualization_msgs_generate_messages_cpp
[35m[1mScanning dependencies of target tf2_msgs_generate_messages_lisp[0m
[  0%] Built target tf2_msgs_generate_messages_lisp
[35m[1mScanning dependencies of target nav_msgs_generate_messages_cpp[0m
[  0%] Built target nav_msgs_generate_messages_cpp
[35m[1mScanning dependencies of target visualization_msgs_generate_messages_lisp[0m
[  0%] Built target visualization_msgs_generate_messages_lisp
[35m[1mScanning dependencies of target visualization_msgs_generate_messages_py[0m
[  0%] Built target visualization_msgs_generate_messages_py
[35m[1mScanning dependencies of target tf_generate_messages_cpp[0m
[  0%] Built target tf_generate_messages_cpp
[35m[1mScanning dependencies of target vector_map_msgs_generate_messages_eus[0m
[  0%] Built target vector_map_msgs_generate_messages_eus
[35m[1mScanning dependencies of target vector_map_msgs_generate_messages_py[0m
[  0%] Built target vector_map_msgs_generate_messages_py
[35m[1mScanning dependencies of target pcl_ros_gencfg[0m
[  0%] Built target pcl_ros_gencfg
[35m[1mScanning dependencies of target tf2_msgs_generate_messages_eus[0m
[  0%] Built target tf2_msgs_generate_messages_eus
[35m[1mScanning dependencies of target nav_msgs_generate_messages_eus[0m
[  0%] Built target nav_msgs_generate_messages_eus
[35m[1mScanning dependencies of target nav_msgs_generate_messages_lisp[0m
[  0%] Built target nav_msgs_generate_messages_lisp
[35m[1mScanning dependencies of target nav_msgs_generate_messages_nodejs[0m
[  0%] Built target nav_msgs_generate_messages_nodejs
[35m[1mScanning dependencies of target dynamic_reconfigure_gencfg[0m
[  0%] Built target dynamic_reconfigure_gencfg
[35m[1mScanning dependencies of target vector_map_msgs_generate_messages_nodejs[0m
[35m[1mScanning dependencies of target tf2_msgs_generate_messages_cpp[0m
[  0%] Built target vector_map_msgs_generate_messages_nodejs
[  0%] Built target tf2_msgs_generate_messages_cpp
[35m[1mScanning dependencies of target autoware_config_msgs_generate_messages_cpp[0m
[35m[1mScanning dependencies of target autoware_config_msgs_generate_messages_py[0m
[  0%] Built target autoware_config_msgs_generate_messages_cpp
[  0%] Built target autoware_config_msgs_generate_messages_py
[35m[1mScanning dependencies of target autoware_config_msgs_generate_messages_eus[0m
[35m[1mScanning dependencies of target dynamic_reconfigure_generate_messages_cpp[0m
[  0%] Built target autoware_config_msgs_generate_messages_eus
[  0%] Built target dynamic_reconfigure_generate_messages_cpp
[35m[1mScanning dependencies of target bond_generate_messages_nodejs[0m
[35m[1mScanning dependencies of target visualization_msgs_generate_messages_eus[0m
[  0%] Built target bond_generate_messages_nodejs
[  0%] Built target visualization_msgs_generate_messages_eus
[35m[1mScanning dependencies of target pcl_msgs_generate_messages_py[0m
[35m[1mScanning dependencies of target dynamic_reconfigure_generate_messages_eus[0m
[  0%] Built target pcl_msgs_generate_messages_py
[  0%] Built target dynamic_reconfigure_generate_messages_eus
[35m[1mScanning dependencies of target waypoint_clicker[0m
[35m[1mScanning dependencies of target tf_generate_messages_eus[0m
[  0%] Built target tf_generate_messages_eus
[35m[1mScanning dependencies of target sensor_msgs_generate_messages_eus[0m
[  6%] [32mBuilding CXX object CMakeFiles/waypoint_clicker.dir/nodes/waypoint_clicker/waypoint_clicker.cpp.o[0m
[  6%] Built target sensor_msgs_generate_messages_eus
[35m[1mScanning dependencies of target autoware_system_msgs_generate_messages_nodejs[0m
[  6%] Built target autoware_system_msgs_generate_messages_nodejs
[35m[1mScanning dependencies of target autoware_can_msgs_generate_messages_eus[0m
[  6%] Built target autoware_can_msgs_generate_messages_eus
[35m[1mScanning dependencies of target autoware_can_msgs_generate_messages_lisp[0m
[  6%] Built target autoware_can_msgs_generate_messages_lisp
[35m[1mScanning dependencies of target waypoint_marker_publisher[0m
[ 12%] [32mBuilding CXX object CMakeFiles/waypoint_marker_publisher.dir/nodes/waypoint_marker_publisher/waypoint_marker_publisher.cpp.o[0m
[ 18%] [32m[1mLinking CXX executable devel/lib/waypoint_maker/waypoint_marker_publisher[0m
[ 25%] [32m[1mLinking CXX executable devel/lib/waypoint_maker/waypoint_clicker[0m
[ 25%] Built target waypoint_marker_publisher
[ 25%] Built target waypoint_clicker
[35m[1mScanning dependencies of target waypoint_extractor[0m
[ 31%] [32mBuilding CXX object CMakeFiles/waypoint_extractor.dir/nodes/waypoint_extractor/waypoint_extractor.cpp.o[0m
[ 37%] [32m[1mLinking CXX executable devel/lib/waypoint_maker/waypoint_extractor[0m
[ 37%] Built target waypoint_extractor
[35m[1mScanning dependencies of target waypoint_velocity_visualizer[0m
[35m[1mScanning dependencies of target waypoint_saver[0m
[35m[1mScanning dependencies of target waypoint_replanner[0m
[35m[1mScanning dependencies of target waypoint_loader[0m
[ 43%] [32mBuilding CXX object CMakeFiles/waypoint_loader.dir/nodes/waypoint_loader/waypoint_loader_core.cpp.o[0m
[ 50%] [32mBuilding CXX object CMakeFiles/waypoint_replanner.dir/nodes/waypoint_replanner/waypoint_replanner_node.cpp.o[0m
[ 56%] [32mBuilding CXX object CMakeFiles/waypoint_saver.dir/nodes/waypoint_saver/waypoint_saver.cpp.o[0m
[ 62%] [32mBuilding CXX object CMakeFiles/waypoint_velocity_visualizer.dir/nodes/waypoint_velocity_visualizer/waypoint_velocity_visualizer.cpp.o[0m
[ 68%] [32mBuilding CXX object CMakeFiles/waypoint_loader.dir/nodes/waypoint_loader/waypoint_loader_node.cpp.o[0m
[ 75%] [32mBuilding CXX object CMakeFiles/waypoint_replanner.dir/nodes/waypoint_replanner/waypoint_replanner.cpp.o[0m
[ 81%] [32m[1mLinking CXX executable devel/lib/waypoint_maker/waypoint_loader[0m
[ 81%] Built target waypoint_loader
[ 87%] [32m[1mLinking CXX executable devel/lib/waypoint_maker/waypoint_replanner[0m
[ 87%] Built target waypoint_replanner
[ 93%] [32m[1mLinking CXX executable devel/lib/waypoint_maker/waypoint_saver[0m
[ 93%] Built target waypoint_saver
[100%] [32m[1mLinking CXX executable devel/lib/waypoint_maker/waypoint_velocity_visualizer[0m
[100%] Built target waypoint_velocity_visualizer
Invoked command in '/home/daisuke/Autoware/ros/build/waypoint_maker' returned '0': CMAKE_PREFIX_PATH=/home/daisuke/Autoware/ros/install/lane_planner:/home/daisuke/Autoware/ros/install/waypoint_follower:/home/daisuke/Autoware/ros/install/vector_map:/home/daisuke/Autoware/ros/install/vector_map_msgs:/home/daisuke/Autoware/ros/install/tablet_socket:/home/daisuke/Autoware/ros/install/autoware_health_checker:/home/daisuke/Autoware/ros/install/tablet_socket_msgs:/home/daisuke/Autoware/ros/install/gnss:/home/daisuke/Autoware/ros/install/autoware_system_msgs:/home/daisuke/Autoware/ros/install/autoware_msgs:/home/daisuke/Autoware/ros/install/autoware_config_msgs:/home/daisuke/Autoware/ros/install/autoware_can_msgs:/home/daisuke/Autoware/ros/install/autoware_build_flags:${CMAKE_PREFIX_PATH} LD_LIBRARY_PATH=/home/daisuke/Autoware/ros/install/lane_planner/lib:/home/daisuke/Autoware/ros/install/waypoint_follower/lib:/home/daisuke/Autoware/ros/install/vector_map/lib:/home/daisuke/Autoware/ros/install/autoware_health_checker/lib:/home/daisuke/Autoware/ros/install/gnss/lib:${LD_LIBRARY_PATH} PKG_CONFIG_PATH=/home/daisuke/Autoware/ros/install/lane_planner/lib/pkgconfig:/home/daisuke/Autoware/ros/install/waypoint_follower/lib/pkgconfig:/home/daisuke/Autoware/ros/install/vector_map/lib/pkgconfig:/home/daisuke/Autoware/ros/install/vector_map_msgs/lib/pkgconfig:/home/daisuke/Autoware/ros/install/tablet_socket/lib/pkgconfig:/home/daisuke/Autoware/ros/install/autoware_health_checker/lib/pkgconfig:/home/daisuke/Autoware/ros/install/tablet_socket_msgs/lib/pkgconfig:/home/daisuke/Autoware/ros/install/gnss/lib/pkgconfig:/home/daisuke/Autoware/ros/install/autoware_system_msgs/lib/pkgconfig:/home/daisuke/Autoware/ros/install/autoware_msgs/lib/pkgconfig:/home/daisuke/Autoware/ros/install/autoware_config_msgs/lib/pkgconfig:/home/daisuke/Autoware/ros/install/autoware_can_msgs/lib/pkgconfig:/home/daisuke/Autoware/ros/install/autoware_build_flags/lib/pkgconfig:${PKG_CONFIG_PATH} PYTHONPATH=/home/daisuke/Autoware/ros/install/vector_map_msgs/lib/python2.7/dist-packages:/home/daisuke/Autoware/ros/install/tablet_socket_msgs/lib/python2.7/dist-packages:/home/daisuke/Autoware/ros/install/autoware_system_msgs/lib/python2.7/dist-packages:/home/daisuke/Autoware/ros/install/autoware_msgs/lib/python2.7/dist-packages:/home/daisuke/Autoware/ros/install/autoware_config_msgs/lib/python2.7/dist-packages:/home/daisuke/Autoware/ros/install/autoware_can_msgs/lib/python2.7/dist-packages:${PYTHONPATH} ROS_PACKAGE_PATH=/home/daisuke/Autoware/ros/install/lane_planner/share:/home/daisuke/Autoware/ros/install/waypoint_follower/share:/home/daisuke/Autoware/ros/install/vector_map/share:/home/daisuke/Autoware/ros/install/vector_map_msgs/share:/home/daisuke/Autoware/ros/install/tablet_socket/share:/home/daisuke/Autoware/ros/install/autoware_health_checker/share:/home/daisuke/Autoware/ros/install/tablet_socket_msgs/share:/home/daisuke/Autoware/ros/install/gnss/share:/home/daisuke/Autoware/ros/install/autoware_system_msgs/share:/home/daisuke/Autoware/ros/install/autoware_msgs/share:/home/daisuke/Autoware/ros/install/autoware_config_msgs/share:/home/daisuke/Autoware/ros/install/autoware_can_msgs/share:/home/daisuke/Autoware/ros/install/autoware_build_flags/share:${ROS_PACKAGE_PATH} /usr/bin/cmake --build /home/daisuke/Autoware/ros/build/waypoint_maker -- -j8 -l8
Invoking command in '/home/daisuke/Autoware/ros/build/waypoint_maker': CMAKE_PREFIX_PATH=/home/daisuke/Autoware/ros/install/lane_planner:/home/daisuke/Autoware/ros/install/waypoint_follower:/home/daisuke/Autoware/ros/install/vector_map:/home/daisuke/Autoware/ros/install/vector_map_msgs:/home/daisuke/Autoware/ros/install/tablet_socket:/home/daisuke/Autoware/ros/install/autoware_health_checker:/home/daisuke/Autoware/ros/install/tablet_socket_msgs:/home/daisuke/Autoware/ros/install/gnss:/home/daisuke/Autoware/ros/install/autoware_system_msgs:/home/daisuke/Autoware/ros/install/autoware_msgs:/home/daisuke/Autoware/ros/install/autoware_config_msgs:/home/daisuke/Autoware/ros/install/autoware_can_msgs:/home/daisuke/Autoware/ros/install/autoware_build_flags:${CMAKE_PREFIX_PATH} LD_LIBRARY_PATH=/home/daisuke/Autoware/ros/install/lane_planner/lib:/home/daisuke/Autoware/ros/install/waypoint_follower/lib:/home/daisuke/Autoware/ros/install/vector_map/lib:/home/daisuke/Autoware/ros/install/autoware_health_checker/lib:/home/daisuke/Autoware/ros/install/gnss/lib:${LD_LIBRARY_PATH} PKG_CONFIG_PATH=/home/daisuke/Autoware/ros/install/lane_planner/lib/pkgconfig:/home/daisuke/Autoware/ros/install/waypoint_follower/lib/pkgconfig:/home/daisuke/Autoware/ros/install/vector_map/lib/pkgconfig:/home/daisuke/Autoware/ros/install/vector_map_msgs/lib/pkgconfig:/home/daisuke/Autoware/ros/install/tablet_socket/lib/pkgconfig:/home/daisuke/Autoware/ros/install/autoware_health_checker/lib/pkgconfig:/home/daisuke/Autoware/ros/install/tablet_socket_msgs/lib/pkgconfig:/home/daisuke/Autoware/ros/install/gnss/lib/pkgconfig:/home/daisuke/Autoware/ros/install/autoware_system_msgs/lib/pkgconfig:/home/daisuke/Autoware/ros/install/autoware_msgs/lib/pkgconfig:/home/daisuke/Autoware/ros/install/autoware_config_msgs/lib/pkgconfig:/home/daisuke/Autoware/ros/install/autoware_can_msgs/lib/pkgconfig:/home/daisuke/Autoware/ros/install/autoware_build_flags/lib/pkgconfig:${PKG_CONFIG_PATH} PYTHONPATH=/home/daisuke/Autoware/ros/install/vector_map_msgs/lib/python2.7/dist-packages:/home/daisuke/Autoware/ros/install/tablet_socket_msgs/lib/python2.7/dist-packages:/home/daisuke/Autoware/ros/install/autoware_system_msgs/lib/python2.7/dist-packages:/home/daisuke/Autoware/ros/install/autoware_msgs/lib/python2.7/dist-packages:/home/daisuke/Autoware/ros/install/autoware_config_msgs/lib/python2.7/dist-packages:/home/daisuke/Autoware/ros/install/autoware_can_msgs/lib/python2.7/dist-packages:${PYTHONPATH} ROS_PACKAGE_PATH=/home/daisuke/Autoware/ros/install/lane_planner/share:/home/daisuke/Autoware/ros/install/waypoint_follower/share:/home/daisuke/Autoware/ros/install/vector_map/share:/home/daisuke/Autoware/ros/install/vector_map_msgs/share:/home/daisuke/Autoware/ros/install/tablet_socket/share:/home/daisuke/Autoware/ros/install/autoware_health_checker/share:/home/daisuke/Autoware/ros/install/tablet_socket_msgs/share:/home/daisuke/Autoware/ros/install/gnss/share:/home/daisuke/Autoware/ros/install/autoware_system_msgs/share:/home/daisuke/Autoware/ros/install/autoware_msgs/share:/home/daisuke/Autoware/ros/install/autoware_config_msgs/share:/home/daisuke/Autoware/ros/install/autoware_can_msgs/share:/home/daisuke/Autoware/ros/install/autoware_build_flags/share:${ROS_PACKAGE_PATH} /usr/bin/cmake --build /home/daisuke/Autoware/ros/build/waypoint_maker --target tests -- -j8 -l8
[35m[1mScanning dependencies of target tests[0m
Built target tests
Invoked command in '/home/daisuke/Autoware/ros/build/waypoint_maker' returned '0': CMAKE_PREFIX_PATH=/home/daisuke/Autoware/ros/install/lane_planner:/home/daisuke/Autoware/ros/install/waypoint_follower:/home/daisuke/Autoware/ros/install/vector_map:/home/daisuke/Autoware/ros/install/vector_map_msgs:/home/daisuke/Autoware/ros/install/tablet_socket:/home/daisuke/Autoware/ros/install/autoware_health_checker:/home/daisuke/Autoware/ros/install/tablet_socket_msgs:/home/daisuke/Autoware/ros/install/gnss:/home/daisuke/Autoware/ros/install/autoware_system_msgs:/home/daisuke/Autoware/ros/install/autoware_msgs:/home/daisuke/Autoware/ros/install/autoware_config_msgs:/home/daisuke/Autoware/ros/install/autoware_can_msgs:/home/daisuke/Autoware/ros/install/autoware_build_flags:${CMAKE_PREFIX_PATH} LD_LIBRARY_PATH=/home/daisuke/Autoware/ros/install/lane_planner/lib:/home/daisuke/Autoware/ros/install/waypoint_follower/lib:/home/daisuke/Autoware/ros/install/vector_map/lib:/home/daisuke/Autoware/ros/install/autoware_health_checker/lib:/home/daisuke/Autoware/ros/install/gnss/lib:${LD_LIBRARY_PATH} PKG_CONFIG_PATH=/home/daisuke/Autoware/ros/install/lane_planner/lib/pkgconfig:/home/daisuke/Autoware/ros/install/waypoint_follower/lib/pkgconfig:/home/daisuke/Autoware/ros/install/vector_map/lib/pkgconfig:/home/daisuke/Autoware/ros/install/vector_map_msgs/lib/pkgconfig:/home/daisuke/Autoware/ros/install/tablet_socket/lib/pkgconfig:/home/daisuke/Autoware/ros/install/autoware_health_checker/lib/pkgconfig:/home/daisuke/Autoware/ros/install/tablet_socket_msgs/lib/pkgconfig:/home/daisuke/Autoware/ros/install/gnss/lib/pkgconfig:/home/daisuke/Autoware/ros/install/autoware_system_msgs/lib/pkgconfig:/home/daisuke/Autoware/ros/install/autoware_msgs/lib/pkgconfig:/home/daisuke/Autoware/ros/install/autoware_config_msgs/lib/pkgconfig:/home/daisuke/Autoware/ros/install/autoware_can_msgs/lib/pkgconfig:/home/daisuke/Autoware/ros/install/autoware_build_flags/lib/pkgconfig:${PKG_CONFIG_PATH} PYTHONPATH=/home/daisuke/Autoware/ros/install/vector_map_msgs/lib/python2.7/dist-packages:/home/daisuke/Autoware/ros/install/tablet_socket_msgs/lib/python2.7/dist-packages:/home/daisuke/Autoware/ros/install/autoware_system_msgs/lib/python2.7/dist-packages:/home/daisuke/Autoware/ros/install/autoware_msgs/lib/python2.7/dist-packages:/home/daisuke/Autoware/ros/install/autoware_config_msgs/lib/python2.7/dist-packages:/home/daisuke/Autoware/ros/install/autoware_can_msgs/lib/python2.7/dist-packages:${PYTHONPATH} ROS_PACKAGE_PATH=/home/daisuke/Autoware/ros/install/lane_planner/share:/home/daisuke/Autoware/ros/install/waypoint_follower/share:/home/daisuke/Autoware/ros/install/vector_map/share:/home/daisuke/Autoware/ros/install/vector_map_msgs/share:/home/daisuke/Autoware/ros/install/tablet_socket/share:/home/daisuke/Autoware/ros/install/autoware_health_checker/share:/home/daisuke/Autoware/ros/install/tablet_socket_msgs/share:/home/daisuke/Autoware/ros/install/gnss/share:/home/daisuke/Autoware/ros/install/autoware_system_msgs/share:/home/daisuke/Autoware/ros/install/autoware_msgs/share:/home/daisuke/Autoware/ros/install/autoware_config_msgs/share:/home/daisuke/Autoware/ros/install/autoware_can_msgs/share:/home/daisuke/Autoware/ros/install/autoware_build_flags/share:${ROS_PACKAGE_PATH} /usr/bin/cmake --build /home/daisuke/Autoware/ros/build/waypoint_maker --target tests -- -j8 -l8
Invoking command in '/home/daisuke/Autoware/ros/build/waypoint_maker': CMAKE_PREFIX_PATH=/home/daisuke/Autoware/ros/install/lane_planner:/home/daisuke/Autoware/ros/install/waypoint_follower:/home/daisuke/Autoware/ros/install/vector_map:/home/daisuke/Autoware/ros/install/vector_map_msgs:/home/daisuke/Autoware/ros/install/tablet_socket:/home/daisuke/Autoware/ros/install/autoware_health_checker:/home/daisuke/Autoware/ros/install/tablet_socket_msgs:/home/daisuke/Autoware/ros/install/gnss:/home/daisuke/Autoware/ros/install/autoware_system_msgs:/home/daisuke/Autoware/ros/install/autoware_msgs:/home/daisuke/Autoware/ros/install/autoware_config_msgs:/home/daisuke/Autoware/ros/install/autoware_can_msgs:/home/daisuke/Autoware/ros/install/autoware_build_flags:${CMAKE_PREFIX_PATH} LD_LIBRARY_PATH=/home/daisuke/Autoware/ros/install/lane_planner/lib:/home/daisuke/Autoware/ros/install/waypoint_follower/lib:/home/daisuke/Autoware/ros/install/vector_map/lib:/home/daisuke/Autoware/ros/install/autoware_health_checker/lib:/home/daisuke/Autoware/ros/install/gnss/lib:${LD_LIBRARY_PATH} PKG_CONFIG_PATH=/home/daisuke/Autoware/ros/install/lane_planner/lib/pkgconfig:/home/daisuke/Autoware/ros/install/waypoint_follower/lib/pkgconfig:/home/daisuke/Autoware/ros/install/vector_map/lib/pkgconfig:/home/daisuke/Autoware/ros/install/vector_map_msgs/lib/pkgconfig:/home/daisuke/Autoware/ros/install/tablet_socket/lib/pkgconfig:/home/daisuke/Autoware/ros/install/autoware_health_checker/lib/pkgconfig:/home/daisuke/Autoware/ros/install/tablet_socket_msgs/lib/pkgconfig:/home/daisuke/Autoware/ros/install/gnss/lib/pkgconfig:/home/daisuke/Autoware/ros/install/autoware_system_msgs/lib/pkgconfig:/home/daisuke/Autoware/ros/install/autoware_msgs/lib/pkgconfig:/home/daisuke/Autoware/ros/install/autoware_config_msgs/lib/pkgconfig:/home/daisuke/Autoware/ros/install/autoware_can_msgs/lib/pkgconfig:/home/daisuke/Autoware/ros/install/autoware_build_flags/lib/pkgconfig:${PKG_CONFIG_PATH} PYTHONPATH=/home/daisuke/Autoware/ros/install/vector_map_msgs/lib/python2.7/dist-packages:/home/daisuke/Autoware/ros/install/tablet_socket_msgs/lib/python2.7/dist-packages:/home/daisuke/Autoware/ros/install/autoware_system_msgs/lib/python2.7/dist-packages:/home/daisuke/Autoware/ros/install/autoware_msgs/lib/python2.7/dist-packages:/home/daisuke/Autoware/ros/install/autoware_config_msgs/lib/python2.7/dist-packages:/home/daisuke/Autoware/ros/install/autoware_can_msgs/lib/python2.7/dist-packages:${PYTHONPATH} ROS_PACKAGE_PATH=/home/daisuke/Autoware/ros/install/lane_planner/share:/home/daisuke/Autoware/ros/install/waypoint_follower/share:/home/daisuke/Autoware/ros/install/vector_map/share:/home/daisuke/Autoware/ros/install/vector_map_msgs/share:/home/daisuke/Autoware/ros/install/tablet_socket/share:/home/daisuke/Autoware/ros/install/autoware_health_checker/share:/home/daisuke/Autoware/ros/install/tablet_socket_msgs/share:/home/daisuke/Autoware/ros/install/gnss/share:/home/daisuke/Autoware/ros/install/autoware_system_msgs/share:/home/daisuke/Autoware/ros/install/autoware_msgs/share:/home/daisuke/Autoware/ros/install/autoware_config_msgs/share:/home/daisuke/Autoware/ros/install/autoware_can_msgs/share:/home/daisuke/Autoware/ros/install/autoware_build_flags/share:${ROS_PACKAGE_PATH} /usr/bin/cmake --build /home/daisuke/Autoware/ros/build/waypoint_maker --target install
[  0%] Built target dynamic_reconfigure_generate_messages_lisp
[  0%] Built target autoware_can_msgs_generate_messages_nodejs
[  0%] Built target autoware_can_msgs_generate_messages_lisp
[  0%] Built target autoware_can_msgs_generate_messages_eus
[  0%] Built target autoware_system_msgs_generate_messages_nodejs
[  0%] Built target autoware_system_msgs_generate_messages_cpp
[  0%] Built target tablet_socket_msgs_generate_messages_nodejs
[  0%] Built target tablet_socket_msgs_generate_messages_lisp
[  0%] Built target tablet_socket_msgs_generate_messages_eus
[  0%] Built target tablet_socket_msgs_generate_messages_cpp
[  0%] Built target topic_tools_generate_messages_py
[  0%] Built target topic_tools_generate_messages_lisp
[  0%] Built target topic_tools_generate_messages_eus
[  0%] Built target std_srvs_generate_messages_nodejs
[  0%] Built target std_srvs_generate_messages_lisp
[  0%] Built target std_srvs_generate_messages_eus
[  0%] Built target nodelet_topic_tools_gencfg
[  0%] Built target bond_generate_messages_lisp
[  0%] Built target bond_generate_messages_eus
[  0%] Built target autoware_system_msgs_generate_messages_py
[  0%] Built target bond_generate_messages_cpp
[  0%] Built target nodelet_generate_messages_py
[  0%] Built target nodelet_generate_messages_nodejs
[  0%] Built target nodelet_generate_messages_lisp
[  0%] Built target topic_tools_generate_messages_cpp
[  0%] Built target nodelet_generate_messages_eus
[  0%] Built target nodelet_generate_messages_cpp
[  0%] Built target topic_tools_generate_messages_nodejs
[  0%] Built target sensor_msgs_generate_messages_lisp
[  0%] Built target actionlib_msgs_generate_messages_lisp
[  0%] Built target autoware_system_msgs_generate_messages_eus
[  0%] Built target autoware_msgs_generate_messages_py
[  0%] Built target vector_map_msgs_generate_messages_lisp
[  0%] Built target actionlib_msgs_generate_messages_eus
[  0%] Built target jsk_footstep_msgs_generate_messages_py
[  0%] Built target actionlib_generate_messages_lisp
[  0%] Built target actionlib_msgs_generate_messages_cpp
[  0%] Built target sensor_msgs_generate_messages_eus
[  0%] Built target tablet_socket_msgs_generate_messages_py
[  0%] Built target actionlib_generate_messages_nodejs
[  0%] Built target autoware_system_msgs_generate_messages_lisp
[  0%] Built target actionlib_msgs_generate_messages_nodejs
[  0%] Built target tf2_msgs_generate_messages_py
[  0%] Built target jsk_footstep_msgs_generate_messages_nodejs
[  0%] Built target vector_map_msgs_generate_messages_cpp
[  0%] Built target autoware_can_msgs_generate_messages_cpp
[  0%] Built target visualization_msgs_generate_messages_nodejs
[  0%] Built target dynamic_reconfigure_generate_messages_nodejs
[  0%] Built target jsk_footstep_msgs_generate_messages_eus
[  0%] Built target pcl_msgs_generate_messages_nodejs
[  0%] Built target pcl_msgs_generate_messages_eus
[  0%] Built target jsk_footstep_msgs_generate_messages_cpp
[  0%] Built target autoware_msgs_generate_messages_lisp
[  0%] Built target rosgraph_msgs_generate_messages_cpp
[  0%] Built target std_srvs_generate_messages_cpp
[  0%] Built target autoware_msgs_generate_messages_nodejs
[  0%] Built target pcl_msgs_generate_messages_cpp
[  0%] Built target jsk_recognition_msgs_generate_messages_py
[  0%] Built target jsk_recognition_msgs_generate_messages_nodejs
[  0%] Built target nav_msgs_generate_messages_py
[  0%] Built target actionlib_msgs_generate_messages_py
[  0%] Built target std_msgs_generate_messages_nodejs
[  0%] Built target geometry_msgs_generate_messages_lisp
[  0%] Built target geometry_msgs_generate_messages_py
[  0%] Built target jsk_recognition_msgs_generate_messages_lisp
[  0%] Built target pcl_msgs_generate_messages_lisp
[  0%] Built target bond_generate_messages_py
[  0%] Built target autoware_msgs_generate_messages_eus
[  0%] Built target std_msgs_generate_messages_lisp
[  0%] Built target jsk_recognition_msgs_generate_messages_cpp
[  0%] Built target autoware_can_msgs_generate_messages_py
[  0%] Built target geometry_msgs_generate_messages_eus
[  0%] Built target geometry_msgs_generate_messages_nodejs
[  0%] Built target jsk_footstep_msgs_generate_messages_lisp
[  0%] Built target sensor_msgs_generate_messages_cpp
[  0%] Built target geometry_msgs_generate_messages_cpp
[  0%] Built target std_msgs_generate_messages_cpp
[  0%] Built target sensor_msgs_generate_messages_nodejs
[  0%] Built target autoware_msgs_generate_messages_cpp
[  0%] Built target dynamic_reconfigure_generate_messages_py
[  0%] Built target actionlib_generate_messages_py
[  0%] Built target roscpp_generate_messages_cpp
[  0%] Built target roscpp_generate_messages_eus
[  0%] Built target roscpp_generate_messages_lisp
[  0%] Built target sensor_msgs_generate_messages_py
[  0%] Built target roscpp_generate_messages_nodejs
[  0%] Built target jsk_recognition_msgs_generate_messages_eus
[  0%] Built target roscpp_generate_messages_py
[  0%] Built target std_srvs_generate_messages_py
[  0%] Built target tf_generate_messages_nodejs
[  0%] Built target std_msgs_generate_messages_py
[  0%] Built target rosgraph_msgs_generate_messages_eus
[  0%] Built target autoware_config_msgs_generate_messages_lisp
[  0%] Built target rosgraph_msgs_generate_messages_lisp
[  0%] Built target rosgraph_msgs_generate_messages_nodejs
[  0%] Built target actionlib_generate_messages_cpp
[  0%] Built target rosgraph_msgs_generate_messages_py
[  0%] Built target tf_generate_messages_lisp
[  0%] Built target tf_generate_messages_eus
[  0%] Built target tf_generate_messages_py
[  0%] Built target std_msgs_generate_messages_eus
[  0%] Built target actionlib_generate_messages_eus
[  0%] Built target tf2_msgs_generate_messages_cpp
[  0%] Built target tf2_msgs_generate_messages_nodejs
[  0%] Built target autoware_config_msgs_generate_messages_nodejs
[  0%] Built target visualization_msgs_generate_messages_cpp
[  0%] Built target tf2_msgs_generate_messages_lisp
[  0%] Built target nav_msgs_generate_messages_cpp
[  0%] Built target visualization_msgs_generate_messages_lisp
[  0%] Built target visualization_msgs_generate_messages_py
[  0%] Built target tf_generate_messages_cpp
[  0%] Built target vector_map_msgs_generate_messages_eus
[  0%] Built target vector_map_msgs_generate_messages_py
[  0%] Built target pcl_ros_gencfg
[  0%] Built target tf2_msgs_generate_messages_eus
[  0%] Built target nav_msgs_generate_messages_eus
[  0%] Built target nav_msgs_generate_messages_lisp
[  0%] Built target nav_msgs_generate_messages_nodejs
[  0%] Built target dynamic_reconfigure_gencfg
[  0%] Built target vector_map_msgs_generate_messages_nodejs
[  0%] Built target autoware_config_msgs_generate_messages_cpp
[  0%] Built target autoware_config_msgs_generate_messages_py
[  0%] Built target autoware_config_msgs_generate_messages_eus
[  0%] Built target dynamic_reconfigure_generate_messages_cpp
[  0%] Built target bond_generate_messages_nodejs
[  0%] Built target visualization_msgs_generate_messages_eus
[  0%] Built target pcl_msgs_generate_messages_py
[  0%] Built target dynamic_reconfigure_generate_messages_eus
[ 12%] Built target waypoint_marker_publisher
[ 25%] Built target waypoint_saver
[ 43%] Built target waypoint_replanner
[ 56%] Built target waypoint_velocity_visualizer
[ 68%] Built target waypoint_clicker
[ 87%] Built target waypoint_loader
[100%] Built target waypoint_extractor
[36mInstall the project...[0m
-- Install configuration: "Release"
-- Installing: /home/daisuke/Autoware/ros/install/waypoint_maker/lib/pkgconfig/waypoint_maker.pc
-- Installing: /home/daisuke/Autoware/ros/install/waypoint_maker/share/waypoint_maker/cmake/waypoint_makerConfig.cmake
-- Installing: /home/daisuke/Autoware/ros/install/waypoint_maker/share/waypoint_maker/cmake/waypoint_makerConfig-version.cmake
-- Installing: /home/daisuke/Autoware/ros/install/waypoint_maker/share/waypoint_maker/package.xml
-- Installing: /home/daisuke/Autoware/ros/install/waypoint_maker/lib/waypoint_maker/waypoint_loader
-- Set runtime path of "/home/daisuke/Autoware/ros/install/waypoint_maker/lib/waypoint_maker/waypoint_loader" to ""
-- Installing: /home/daisuke/Autoware/ros/install/waypoint_maker/lib/waypoint_maker/waypoint_replanner
-- Set runtime path of "/home/daisuke/Autoware/ros/install/waypoint_maker/lib/waypoint_maker/waypoint_replanner" to ""
-- Installing: /home/daisuke/Autoware/ros/install/waypoint_maker/lib/waypoint_maker/waypoint_saver
-- Set runtime path of "/home/daisuke/Autoware/ros/install/waypoint_maker/lib/waypoint_maker/waypoint_saver" to ""
-- Installing: /home/daisuke/Autoware/ros/install/waypoint_maker/lib/waypoint_maker/waypoint_clicker
-- Set runtime path of "/home/daisuke/Autoware/ros/install/waypoint_maker/lib/waypoint_maker/waypoint_clicker" to ""
-- Installing: /home/daisuke/Autoware/ros/install/waypoint_maker/lib/waypoint_maker/waypoint_marker_publisher
-- Set runtime path of "/home/daisuke/Autoware/ros/install/waypoint_maker/lib/waypoint_maker/waypoint_marker_publisher" to ""
-- Installing: /home/daisuke/Autoware/ros/install/waypoint_maker/lib/waypoint_maker/waypoint_velocity_visualizer
-- Set runtime path of "/home/daisuke/Autoware/ros/install/waypoint_maker/lib/waypoint_maker/waypoint_velocity_visualizer" to ""
-- Installing: /home/daisuke/Autoware/ros/install/waypoint_maker/share/waypoint_maker/launch
-- Installing: /home/daisuke/Autoware/ros/install/waypoint_maker/share/waypoint_maker/launch/waypoint_saver.launch
-- Installing: /home/daisuke/Autoware/ros/install/waypoint_maker/share/waypoint_maker/launch/waypoint_velocity_visualizer.launch
-- Installing: /home/daisuke/Autoware/ros/install/waypoint_maker/share/waypoint_maker/launch/waypoint_loader.launch
Invoked command in '/home/daisuke/Autoware/ros/build/waypoint_maker' returned '0': CMAKE_PREFIX_PATH=/home/daisuke/Autoware/ros/install/lane_planner:/home/daisuke/Autoware/ros/install/waypoint_follower:/home/daisuke/Autoware/ros/install/vector_map:/home/daisuke/Autoware/ros/install/vector_map_msgs:/home/daisuke/Autoware/ros/install/tablet_socket:/home/daisuke/Autoware/ros/install/autoware_health_checker:/home/daisuke/Autoware/ros/install/tablet_socket_msgs:/home/daisuke/Autoware/ros/install/gnss:/home/daisuke/Autoware/ros/install/autoware_system_msgs:/home/daisuke/Autoware/ros/install/autoware_msgs:/home/daisuke/Autoware/ros/install/autoware_config_msgs:/home/daisuke/Autoware/ros/install/autoware_can_msgs:/home/daisuke/Autoware/ros/install/autoware_build_flags:${CMAKE_PREFIX_PATH} LD_LIBRARY_PATH=/home/daisuke/Autoware/ros/install/lane_planner/lib:/home/daisuke/Autoware/ros/install/waypoint_follower/lib:/home/daisuke/Autoware/ros/install/vector_map/lib:/home/daisuke/Autoware/ros/install/autoware_health_checker/lib:/home/daisuke/Autoware/ros/install/gnss/lib:${LD_LIBRARY_PATH} PKG_CONFIG_PATH=/home/daisuke/Autoware/ros/install/lane_planner/lib/pkgconfig:/home/daisuke/Autoware/ros/install/waypoint_follower/lib/pkgconfig:/home/daisuke/Autoware/ros/install/vector_map/lib/pkgconfig:/home/daisuke/Autoware/ros/install/vector_map_msgs/lib/pkgconfig:/home/daisuke/Autoware/ros/install/tablet_socket/lib/pkgconfig:/home/daisuke/Autoware/ros/install/autoware_health_checker/lib/pkgconfig:/home/daisuke/Autoware/ros/install/tablet_socket_msgs/lib/pkgconfig:/home/daisuke/Autoware/ros/install/gnss/lib/pkgconfig:/home/daisuke/Autoware/ros/install/autoware_system_msgs/lib/pkgconfig:/home/daisuke/Autoware/ros/install/autoware_msgs/lib/pkgconfig:/home/daisuke/Autoware/ros/install/autoware_config_msgs/lib/pkgconfig:/home/daisuke/Autoware/ros/install/autoware_can_msgs/lib/pkgconfig:/home/daisuke/Autoware/ros/install/autoware_build_flags/lib/pkgconfig:${PKG_CONFIG_PATH} PYTHONPATH=/home/daisuke/Autoware/ros/install/vector_map_msgs/lib/python2.7/dist-packages:/home/daisuke/Autoware/ros/install/tablet_socket_msgs/lib/python2.7/dist-packages:/home/daisuke/Autoware/ros/install/autoware_system_msgs/lib/python2.7/dist-packages:/home/daisuke/Autoware/ros/install/autoware_msgs/lib/python2.7/dist-packages:/home/daisuke/Autoware/ros/install/autoware_config_msgs/lib/python2.7/dist-packages:/home/daisuke/Autoware/ros/install/autoware_can_msgs/lib/python2.7/dist-packages:${PYTHONPATH} ROS_PACKAGE_PATH=/home/daisuke/Autoware/ros/install/lane_planner/share:/home/daisuke/Autoware/ros/install/waypoint_follower/share:/home/daisuke/Autoware/ros/install/vector_map/share:/home/daisuke/Autoware/ros/install/vector_map_msgs/share:/home/daisuke/Autoware/ros/install/tablet_socket/share:/home/daisuke/Autoware/ros/install/autoware_health_checker/share:/home/daisuke/Autoware/ros/install/tablet_socket_msgs/share:/home/daisuke/Autoware/ros/install/gnss/share:/home/daisuke/Autoware/ros/install/autoware_system_msgs/share:/home/daisuke/Autoware/ros/install/autoware_msgs/share:/home/daisuke/Autoware/ros/install/autoware_config_msgs/share:/home/daisuke/Autoware/ros/install/autoware_can_msgs/share:/home/daisuke/Autoware/ros/install/autoware_build_flags/share:${ROS_PACKAGE_PATH} /usr/bin/cmake --build /home/daisuke/Autoware/ros/build/waypoint_maker --target install
