-- The C compiler identification is GNU 5.4.0
-- The CXX compiler identification is GNU 5.4.0
-- Check for working C compiler: /usr/bin/cc
-- Check for working C compiler: /usr/bin/cc -- works
-- Detecting C compiler ABI info
-- Detecting C compiler ABI info - done
-- Detecting C compile features
-- Detecting C compile features - done
-- Check for working CXX compiler: /usr/bin/c++
-- Check for working CXX compiler: /usr/bin/c++ -- works
-- Detecting CXX compiler ABI info
-- Detecting CXX compiler ABI info - done
-- Detecting CXX compile features
-- Detecting CXX compile features - done
-- Using CATKIN_DEVEL_PREFIX: /home/daisuke/Autoware/ros/build/decision_maker_panel/devel
-- Using CMAKE_PREFIX_PATH: /home/daisuke/Autoware/ros/install/autoware_msgs;/home/daisuke/Autoware/ros/install/autoware_build_flags;/home/daisuke/Autoware/ros/devel;/opt/ros/kinetic
-- This workspace overlays: /home/daisuke/Autoware/ros/install/autoware_msgs;/home/daisuke/Autoware/ros/install/autoware_build_flags;/opt/ros/kinetic
-- Found PythonInterp: /home/daisuke/pyenv/shims/python (found version "2.7.12") 
-- Using PYTHON_EXECUTABLE: /home/daisuke/pyenv/shims/python
-- Using Debian Python package layout
-- Using empy: /usr/bin/empy
-- Using CATKIN_ENABLE_TESTING: ON
-- Call enable_testing()
-- Using CATKIN_TEST_RESULTS_DIR: /home/daisuke/Autoware/ros/build/decision_maker_panel/test_results
-- Found gmock sources under '/usr/src/gmock': gmock will be built
-- Looking for pthread.h
-- Looking for pthread.h - found
-- Looking for pthread_create
-- Looking for pthread_create - not found
-- Looking for pthread_create in pthreads
-- Looking for pthread_create in pthreads - not found
-- Looking for pthread_create in pthread
-- Looking for pthread_create in pthread - found
-- Found Threads: TRUE  
-- Found gtest sources under '/usr/src/gmock': gtests will be built
-- Using Python nosetests: /usr/bin/nosetests-2.7
-- catkin 0.7.14
-- Using these message generators: gencpp;geneus;genlisp;gennodejs;genpy
-- Using Qt5 based on the rviz_QT_VERSION: 5.5.1
-- Configuring done
-- Generating done
-- Build files have been written to: /home/daisuke/Autoware/ros/build/decision_maker_panel
[35m[1mScanning dependencies of target decision_maker_panel_automoc[0m
[ 25%] [34m[1mAutomatic moc for target decision_maker_panel[0m
[34m[1mGenerating moc_decision_maker_panel.cpp[0m
[ 25%] Built target decision_maker_panel_automoc
[35m[1mScanning dependencies of target decision_maker_panel[0m
[ 50%] [32mBuilding CXX object CMakeFiles/decision_maker_panel.dir/src/decision_maker_panel.cpp.o[0m
[ 75%] [32mBuilding CXX object CMakeFiles/decision_maker_panel.dir/decision_maker_panel_automoc.cpp.o[0m
[100%] [32m[1mLinking CXX shared library devel/lib/libdecision_maker_panel.so[0m
[100%] Built target decision_maker_panel
[35m[1mScanning dependencies of target tests[0m
Built target tests
[ 25%] [34m[1mAutomatic moc for target decision_maker_panel[0m
[ 25%] Built target decision_maker_panel_automoc
[100%] Built target decision_maker_panel
[36mInstall the project...[0m
-- Install configuration: "Release"
-- Installing: /home/daisuke/Autoware/ros/install/decision_maker_panel/lib/pkgconfig/decision_maker_panel.pc
-- Installing: /home/daisuke/Autoware/ros/install/decision_maker_panel/share/decision_maker_panel/cmake/decision_maker_panelConfig.cmake
-- Installing: /home/daisuke/Autoware/ros/install/decision_maker_panel/share/decision_maker_panel/cmake/decision_maker_panelConfig-version.cmake
-- Installing: /home/daisuke/Autoware/ros/install/decision_maker_panel/share/decision_maker_panel/package.xml
-- Installing: /home/daisuke/Autoware/ros/install/decision_maker_panel/lib/libdecision_maker_panel.so
-- Set runtime path of "/home/daisuke/Autoware/ros/install/decision_maker_panel/lib/libdecision_maker_panel.so" to ""
