-- The C compiler identification is GNU 5.4.0
-- The CXX compiler identification is GNU 5.4.0
-- Check for working C compiler: /usr/bin/cc
-- Check for working C compiler: /usr/bin/cc -- works
-- Detecting C compiler ABI info
-- Detecting C compiler ABI info - done
-- Detecting C compile features
-- Detecting C compile features - done
-- Check for working CXX compiler: /usr/bin/c++
-- Check for working CXX compiler: /usr/bin/c++ -- works
-- Detecting CXX compiler ABI info
-- Detecting CXX compiler ABI info - done
-- Detecting CXX compile features
-- Detecting CXX compile features - done
-- Using CATKIN_DEVEL_PREFIX: /home/daisuke/Autoware/ros/build/rslidar_pointcloud/devel
-- Using CMAKE_PREFIX_PATH: /home/daisuke/Autoware/ros/install/rslidar_driver;/home/daisuke/Autoware/ros/install/rslidar_msgs;/home/daisuke/Autoware/ros/devel;/opt/ros/kinetic
-- This workspace overlays: /home/daisuke/Autoware/ros/install/rslidar_driver;/home/daisuke/Autoware/ros/install/rslidar_msgs;/opt/ros/kinetic
-- Found PythonInterp: /home/daisuke/pyenv/shims/python (found version "2.7.12") 
-- Using PYTHON_EXECUTABLE: /home/daisuke/pyenv/shims/python
-- Using Debian Python package layout
-- Using empy: /usr/bin/empy
-- Using CATKIN_ENABLE_TESTING: ON
-- Call enable_testing()
-- Using CATKIN_TEST_RESULTS_DIR: /home/daisuke/Autoware/ros/build/rslidar_pointcloud/test_results
-- Found gmock sources under '/usr/src/gmock': gmock will be built
-- Looking for pthread.h
-- Looking for pthread.h - found
-- Looking for pthread_create
-- Looking for pthread_create - not found
-- Looking for pthread_create in pthreads
-- Looking for pthread_create in pthreads - not found
-- Looking for pthread_create in pthread
-- Looking for pthread_create in pthread - found
-- Found Threads: TRUE  
-- Found gtest sources under '/usr/src/gmock': gtests will be built
-- Using Python nosetests: /usr/bin/nosetests-2.7
-- catkin 0.7.14
-- Using these message generators: gencpp;geneus;genlisp;gennodejs;genpy
-- Boost version: 1.58.0
-- Found the following Boost libraries:
--   signals
-- Found PkgConfig: /usr/bin/pkg-config (found version "0.29.1") 
-- Configuring done
-- Generating done
-- Build files have been written to: /home/daisuke/Autoware/ros/build/rslidar_pointcloud
[35m[1mScanning dependencies of target rslidar_pointcloud_gencfg[0m
[35m[1mScanning dependencies of target sensor_msgs_generate_messages_eus[0m
[35m[1mScanning dependencies of target actionlib_generate_messages_nodejs[0m
[35m[1mScanning dependencies of target rslidar_msgs_generate_messages_py[0m
[ 11%] [34m[1mGenerating dynamic reconfigure files from cfg/CloudNode.cfg: /home/daisuke/Autoware/ros/build/rslidar_pointcloud/devel/include/rslidar_pointcloud/CloudNodeConfig.h /home/daisuke/Autoware/ros/build/rslidar_pointcloud/devel/lib/python2.7/dist-packages/rslidar_pointcloud/cfg/CloudNodeConfig.py[0m
[ 11%] Built target actionlib_generate_messages_nodejs
[ 11%] Built target rslidar_msgs_generate_messages_py
[ 11%] Built target sensor_msgs_generate_messages_eus
[35m[1mScanning dependencies of target nodelet_topic_tools_gencfg[0m
[35m[1mScanning dependencies of target rosgraph_msgs_generate_messages_cpp[0m
[35m[1mScanning dependencies of target dynamic_reconfigure_gencfg[0m
[ 11%] Built target nodelet_topic_tools_gencfg
[ 11%] Built target rosgraph_msgs_generate_messages_cpp
[ 11%] Built target dynamic_reconfigure_gencfg
[35m[1mScanning dependencies of target rosgraph_msgs_generate_messages_nodejs[0m
[35m[1mScanning dependencies of target roscpp_generate_messages_py[0m
[35m[1mScanning dependencies of target diagnostic_msgs_generate_messages_eus[0m
Generating reconfiguration files for CloudNode in rslidar_pointcloud
[ 11%] Built target rosgraph_msgs_generate_messages_nodejs
Wrote header file in /home/daisuke/Autoware/ros/build/rslidar_pointcloud/devel/include/rslidar_pointcloud/CloudNodeConfig.h
[ 11%] Built target roscpp_generate_messages_py
[ 11%] Built target diagnostic_msgs_generate_messages_eus
[35m[1mScanning dependencies of target nodelet_generate_messages_py[0m
[35m[1mScanning dependencies of target roscpp_generate_messages_cpp[0m
[35m[1mScanning dependencies of target dynamic_reconfigure_generate_messages_lisp[0m
[ 11%] Built target nodelet_generate_messages_py
[ 11%] Built target roscpp_generate_messages_cpp
[35m[1mScanning dependencies of target roscpp_generate_messages_lisp[0m
[ 11%] Built target dynamic_reconfigure_generate_messages_lisp
[35m[1mScanning dependencies of target geometry_msgs_generate_messages_cpp[0m
[ 11%] Built target rslidar_pointcloud_gencfg
[ 11%] Built target roscpp_generate_messages_lisp
[35m[1mScanning dependencies of target tf_generate_messages_nodejs[0m
[ 11%] Built target geometry_msgs_generate_messages_cpp
[35m[1mScanning dependencies of target std_srvs_generate_messages_py[0m
[35m[1mScanning dependencies of target nodelet_generate_messages_nodejs[0m
[ 11%] Built target tf_generate_messages_nodejs
[35m[1mScanning dependencies of target pcl_msgs_generate_messages_py[0m
[ 11%] Built target std_srvs_generate_messages_py
[ 11%] Built target nodelet_generate_messages_nodejs
[35m[1mScanning dependencies of target dynamic_reconfigure_generate_messages_eus[0m
[35m[1mScanning dependencies of target tf2_msgs_generate_messages_nodejs[0m
[ 11%] Built target pcl_msgs_generate_messages_py
[35m[1mScanning dependencies of target bond_generate_messages_nodejs[0m
[35m[1mScanning dependencies of target pcl_msgs_generate_messages_eus[0m
[ 11%] Built target dynamic_reconfigure_generate_messages_eus
[ 11%] Built target tf2_msgs_generate_messages_nodejs
[35m[1mScanning dependencies of target pcl_msgs_generate_messages_nodejs[0m
[ 11%] Built target bond_generate_messages_nodejs
[35m[1mScanning dependencies of target tf_generate_messages_lisp[0m
[ 11%] Built target pcl_msgs_generate_messages_eus
[35m[1mScanning dependencies of target std_srvs_generate_messages_nodejs[0m
[ 11%] Built target pcl_msgs_generate_messages_nodejs
[35m[1mScanning dependencies of target diagnostic_msgs_generate_messages_py[0m
[35m[1mScanning dependencies of target rosgraph_msgs_generate_messages_lisp[0m
[ 11%] Built target tf_generate_messages_lisp
[ 11%] Built target diagnostic_msgs_generate_messages_py
[ 11%] Built target std_srvs_generate_messages_nodejs
[35m[1mScanning dependencies of target bond_generate_messages_cpp[0m
[ 11%] Built target rosgraph_msgs_generate_messages_lisp
[35m[1mScanning dependencies of target nodelet_generate_messages_lisp[0m
[ 11%] Built target bond_generate_messages_cpp
[35m[1mScanning dependencies of target std_msgs_generate_messages_lisp[0m
[35m[1mScanning dependencies of target std_srvs_generate_messages_eus[0m
[35m[1mScanning dependencies of target tf_generate_messages_cpp[0m
[ 11%] Built target nodelet_generate_messages_lisp
[ 11%] Built target std_msgs_generate_messages_lisp
[ 11%] Built target tf_generate_messages_cpp
[ 11%] Built target std_srvs_generate_messages_eus
[35m[1mScanning dependencies of target nodelet_generate_messages_cpp[0m
[35m[1mScanning dependencies of target pcl_ros_gencfg[0m
[35m[1mScanning dependencies of target tf2_msgs_generate_messages_eus[0m
[35m[1mScanning dependencies of target sensor_msgs_generate_messages_cpp[0m
[ 11%] Built target pcl_ros_gencfg
[35m[1mScanning dependencies of target bond_generate_messages_eus[0m
[ 11%] Built target nodelet_generate_messages_cpp
[ 11%] Built target sensor_msgs_generate_messages_cpp
[ 11%] Built target tf2_msgs_generate_messages_eus
[ 11%] Built target bond_generate_messages_eus
[35m[1mScanning dependencies of target bond_generate_messages_lisp[0m
[35m[1mScanning dependencies of target diagnostic_msgs_generate_messages_lisp[0m
[35m[1mScanning dependencies of target nodelet_generate_messages_eus[0m
[35m[1mScanning dependencies of target topic_tools_generate_messages_cpp[0m
[35m[1mScanning dependencies of target topic_tools_generate_messages_eus[0m
[ 11%] Built target bond_generate_messages_lisp
[ 11%] Built target diagnostic_msgs_generate_messages_lisp
[ 11%] Built target topic_tools_generate_messages_eus
[ 11%] Built target nodelet_generate_messages_eus
[ 11%] Built target topic_tools_generate_messages_cpp
[35m[1mScanning dependencies of target dynamic_reconfigure_generate_messages_cpp[0m
[35m[1mScanning dependencies of target geometry_msgs_generate_messages_py[0m
[35m[1mScanning dependencies of target bond_generate_messages_py[0m
[35m[1mScanning dependencies of target std_srvs_generate_messages_lisp[0m
[ 11%] Built target dynamic_reconfigure_generate_messages_cpp
[35m[1mScanning dependencies of target geometry_msgs_generate_messages_lisp[0m
[ 11%] Built target bond_generate_messages_py
[ 11%] Built target geometry_msgs_generate_messages_py
[ 11%] Built target std_srvs_generate_messages_lisp
[35m[1mScanning dependencies of target rslidar_msgs_generate_messages_eus[0m
[ 11%] Built target geometry_msgs_generate_messages_lisp
[ 11%] Built target rslidar_msgs_generate_messages_eus
[35m[1mScanning dependencies of target pcl_msgs_generate_messages_lisp[0m
[35m[1mScanning dependencies of target roscpp_generate_messages_eus[0m
[35m[1mScanning dependencies of target dynamic_reconfigure_generate_messages_nodejs[0m
[35m[1mScanning dependencies of target actionlib_msgs_generate_messages_cpp[0m
[35m[1mScanning dependencies of target std_msgs_generate_messages_py[0m
[35m[1mScanning dependencies of target rosgraph_msgs_generate_messages_eus[0m
[ 11%] Built target dynamic_reconfigure_generate_messages_nodejs
[35m[1mScanning dependencies of target std_msgs_generate_messages_cpp[0m
[ 11%] Built target roscpp_generate_messages_eus
[ 11%] Built target pcl_msgs_generate_messages_lisp
[ 11%] Built target rosgraph_msgs_generate_messages_eus
[35m[1mScanning dependencies of target sensor_msgs_generate_messages_nodejs[0m
[ 11%] Built target actionlib_msgs_generate_messages_cpp
[ 11%] Built target std_msgs_generate_messages_cpp
[ 11%] Built target std_msgs_generate_messages_py
[35m[1mScanning dependencies of target sensor_msgs_generate_messages_py[0m
[35m[1mScanning dependencies of target rosgraph_msgs_generate_messages_py[0m
[35m[1mScanning dependencies of target roscpp_generate_messages_nodejs[0m
[35m[1mScanning dependencies of target actionlib_generate_messages_cpp[0m
[ 11%] Built target sensor_msgs_generate_messages_nodejs
[ 11%] Built target rosgraph_msgs_generate_messages_py
[35m[1mScanning dependencies of target geometry_msgs_generate_messages_eus[0m
[35m[1mScanning dependencies of target geometry_msgs_generate_messages_nodejs[0m
[ 11%] Built target roscpp_generate_messages_nodejs
[ 11%] Built target sensor_msgs_generate_messages_py
[ 11%] Built target actionlib_generate_messages_cpp
[35m[1mScanning dependencies of target std_srvs_generate_messages_cpp[0m
[35m[1mScanning dependencies of target pcl_msgs_generate_messages_cpp[0m
[ 11%] Built target geometry_msgs_generate_messages_nodejs
[35m[1mScanning dependencies of target topic_tools_generate_messages_nodejs[0m
[35m[1mScanning dependencies of target sensor_msgs_generate_messages_lisp[0m
[ 11%] Built target geometry_msgs_generate_messages_eus
[35m[1mScanning dependencies of target topic_tools_generate_messages_lisp[0m
[ 11%] Built target pcl_msgs_generate_messages_cpp
[35m[1mScanning dependencies of target topic_tools_generate_messages_py[0m
[ 11%] Built target std_srvs_generate_messages_cpp
[ 11%] Built target sensor_msgs_generate_messages_lisp
[35m[1mScanning dependencies of target actionlib_msgs_generate_messages_nodejs[0m
[ 11%] Built target topic_tools_generate_messages_lisp
[ 11%] Built target topic_tools_generate_messages_nodejs
[ 11%] Built target topic_tools_generate_messages_py
[35m[1mScanning dependencies of target tf2_msgs_generate_messages_py[0m
[35m[1mScanning dependencies of target tf_generate_messages_eus[0m
[35m[1mScanning dependencies of target rslidar_msgs_generate_messages_lisp[0m
[ 11%] Built target actionlib_msgs_generate_messages_nodejs
[35m[1mScanning dependencies of target std_msgs_generate_messages_eus[0m
[35m[1mScanning dependencies of target actionlib_generate_messages_eus[0m
[35m[1mScanning dependencies of target tf_generate_messages_py[0m
[ 11%] Built target rslidar_msgs_generate_messages_lisp
[ 11%] Built target tf_generate_messages_eus
[35m[1mScanning dependencies of target actionlib_generate_messages_lisp[0m
[ 11%] Built target std_msgs_generate_messages_eus
[ 11%] Built target tf_generate_messages_py
[ 11%] Built target tf2_msgs_generate_messages_py
[ 11%] Built target actionlib_generate_messages_eus
[35m[1mScanning dependencies of target actionlib_msgs_generate_messages_eus[0m
[35m[1mScanning dependencies of target actionlib_generate_messages_py[0m
[35m[1mScanning dependencies of target dynamic_reconfigure_generate_messages_py[0m
[ 11%] Built target actionlib_generate_messages_lisp
[35m[1mScanning dependencies of target actionlib_msgs_generate_messages_lisp[0m
[35m[1mScanning dependencies of target actionlib_msgs_generate_messages_py[0m
[ 11%] Built target actionlib_msgs_generate_messages_eus
[35m[1mScanning dependencies of target tf2_msgs_generate_messages_cpp[0m
[ 11%] Built target dynamic_reconfigure_generate_messages_py
[ 11%] Built target actionlib_generate_messages_py
[ 11%] Built target tf2_msgs_generate_messages_cpp
[ 11%] Built target actionlib_msgs_generate_messages_lisp
[ 11%] Built target actionlib_msgs_generate_messages_py
[35m[1mScanning dependencies of target rslidar_msgs_generate_messages_nodejs[0m
[ 11%] Built target rslidar_msgs_generate_messages_nodejs
[35m[1mScanning dependencies of target std_msgs_generate_messages_nodejs[0m
[ 11%] Built target std_msgs_generate_messages_nodejs
[35m[1mScanning dependencies of target rslidar_msgs_generate_messages_cpp[0m
[ 11%] Built target rslidar_msgs_generate_messages_cpp
[35m[1mScanning dependencies of target diagnostic_msgs_generate_messages_nodejs[0m
[ 11%] Built target diagnostic_msgs_generate_messages_nodejs
[35m[1mScanning dependencies of target diagnostic_msgs_generate_messages_cpp[0m
[ 11%] Built target diagnostic_msgs_generate_messages_cpp
[35m[1mScanning dependencies of target rslidar_driver_gencfg[0m
[ 11%] Built target rslidar_driver_gencfg
[35m[1mScanning dependencies of target tf2_msgs_generate_messages_lisp[0m
[ 11%] Built target tf2_msgs_generate_messages_lisp
[35m[1mScanning dependencies of target rslidar_data[0m
[ 22%] [32mBuilding CXX object src/CMakeFiles/rslidar_data.dir/rawdata.cc.o[0m
[ 33%] [32m[1mLinking CXX shared library ../devel/lib/librslidar_data.so[0m
[ 33%] Built target rslidar_data
[35m[1mScanning dependencies of target rslidar_point[0m
[ 44%] [32mBuilding CXX object src/CMakeFiles/rslidar_point.dir/convert.cc.o[0m
[ 55%] [32m[1mLinking CXX shared library ../devel/lib/librslidar_point.so[0m
[ 55%] Built target rslidar_point
[35m[1mScanning dependencies of target rscloud_node[0m
[ 66%] [32mBuilding CXX object src/CMakeFiles/rscloud_node.dir/cloud_node.cc.o[0m
[ 77%] [32m[1mLinking CXX executable ../devel/lib/rslidar_pointcloud/rscloud_node[0m
[ 77%] Built target rscloud_node
[35m[1mScanning dependencies of target rscloud_nodelet[0m
[ 88%] [32mBuilding CXX object src/CMakeFiles/rscloud_nodelet.dir/cloud_nodelet.cc.o[0m
[100%] [32m[1mLinking CXX shared library ../devel/lib/librscloud_nodelet.so[0m
[100%] Built target rscloud_nodelet
[35m[1mScanning dependencies of target tests[0m
Built target tests
[ 11%] Built target rslidar_pointcloud_gencfg
[ 11%] Built target rslidar_msgs_generate_messages_py
[ 11%] Built target sensor_msgs_generate_messages_eus
[ 11%] Built target actionlib_generate_messages_nodejs
[ 11%] Built target actionlib_msgs_generate_messages_cpp
[ 11%] Built target sensor_msgs_generate_messages_cpp
[ 11%] Built target pcl_msgs_generate_messages_eus
[ 11%] Built target rosgraph_msgs_generate_messages_cpp
[ 11%] Built target nodelet_topic_tools_gencfg
[ 11%] Built target dynamic_reconfigure_gencfg
[ 11%] Built target roscpp_generate_messages_py
[ 11%] Built target rosgraph_msgs_generate_messages_nodejs
[ 11%] Built target diagnostic_msgs_generate_messages_eus
[ 11%] Built target nodelet_generate_messages_py
[ 11%] Built target roscpp_generate_messages_cpp
[ 11%] Built target dynamic_reconfigure_generate_messages_lisp
[ 11%] Built target geometry_msgs_generate_messages_cpp
[ 11%] Built target roscpp_generate_messages_lisp
[ 11%] Built target tf_generate_messages_nodejs
[ 11%] Built target std_srvs_generate_messages_py
[ 11%] Built target nodelet_generate_messages_nodejs
[ 11%] Built target pcl_msgs_generate_messages_py
[ 11%] Built target dynamic_reconfigure_generate_messages_eus
[ 11%] Built target bond_generate_messages_nodejs
[ 11%] Built target tf2_msgs_generate_messages_nodejs
[ 11%] Built target pcl_msgs_generate_messages_nodejs
[ 11%] Built target std_srvs_generate_messages_nodejs
[ 11%] Built target tf_generate_messages_lisp
[ 11%] Built target diagnostic_msgs_generate_messages_py
[ 11%] Built target rosgraph_msgs_generate_messages_lisp
[ 11%] Built target bond_generate_messages_cpp
[ 11%] Built target nodelet_generate_messages_lisp
[ 11%] Built target std_msgs_generate_messages_lisp
[ 11%] Built target std_srvs_generate_messages_eus
[ 11%] Built target tf_generate_messages_cpp
[ 11%] Built target nodelet_generate_messages_cpp
[ 11%] Built target pcl_ros_gencfg
[ 11%] Built target tf2_msgs_generate_messages_eus
[ 11%] Built target bond_generate_messages_eus
[ 11%] Built target roscpp_generate_messages_eus
[ 11%] Built target diagnostic_msgs_generate_messages_lisp
[ 11%] Built target bond_generate_messages_lisp
[ 11%] Built target nodelet_generate_messages_eus
[ 11%] Built target topic_tools_generate_messages_cpp
[ 11%] Built target topic_tools_generate_messages_eus
[ 11%] Built target dynamic_reconfigure_generate_messages_cpp
[ 11%] Built target bond_generate_messages_py
[ 11%] Built target geometry_msgs_generate_messages_py
[ 11%] Built target geometry_msgs_generate_messages_lisp
[ 11%] Built target std_srvs_generate_messages_lisp
[ 11%] Built target rslidar_msgs_generate_messages_eus
[ 11%] Built target pcl_msgs_generate_messages_lisp
[ 11%] Built target dynamic_reconfigure_generate_messages_nodejs
[ 11%] Built target rosgraph_msgs_generate_messages_eus
[ 11%] Built target std_msgs_generate_messages_py
[ 11%] Built target std_msgs_generate_messages_cpp
[ 11%] Built target sensor_msgs_generate_messages_nodejs
[ 11%] Built target roscpp_generate_messages_nodejs
[ 11%] Built target sensor_msgs_generate_messages_py
[ 11%] Built target rosgraph_msgs_generate_messages_py
[ 11%] Built target actionlib_generate_messages_cpp
[ 11%] Built target geometry_msgs_generate_messages_eus
[ 11%] Built target geometry_msgs_generate_messages_nodejs
[ 11%] Built target pcl_msgs_generate_messages_cpp
[ 11%] Built target std_srvs_generate_messages_cpp
[ 11%] Built target topic_tools_generate_messages_lisp
[ 11%] Built target sensor_msgs_generate_messages_lisp
[ 11%] Built target topic_tools_generate_messages_nodejs
[ 11%] Built target topic_tools_generate_messages_py
[ 11%] Built target actionlib_msgs_generate_messages_nodejs
[ 11%] Built target tf2_msgs_generate_messages_py
[ 11%] Built target tf_generate_messages_eus
[ 11%] Built target rslidar_msgs_generate_messages_lisp
[ 11%] Built target tf_generate_messages_py
[ 11%] Built target std_msgs_generate_messages_eus
[ 11%] Built target actionlib_generate_messages_eus
[ 11%] Built target actionlib_generate_messages_lisp
[ 11%] Built target actionlib_msgs_generate_messages_eus
[ 11%] Built target dynamic_reconfigure_generate_messages_py
[ 11%] Built target actionlib_generate_messages_py
[ 11%] Built target actionlib_msgs_generate_messages_lisp
[ 11%] Built target actionlib_msgs_generate_messages_py
[ 11%] Built target tf2_msgs_generate_messages_cpp
[ 11%] Built target tf2_msgs_generate_messages_lisp
[ 11%] Built target rslidar_driver_gencfg
[ 11%] Built target diagnostic_msgs_generate_messages_cpp
[ 11%] Built target diagnostic_msgs_generate_messages_nodejs
[ 11%] Built target rslidar_msgs_generate_messages_cpp
[ 11%] Built target std_msgs_generate_messages_nodejs
[ 11%] Built target rslidar_msgs_generate_messages_nodejs
[ 33%] Built target rslidar_data
[ 55%] Built target rslidar_point
[ 77%] Built target rscloud_node
[100%] Built target rscloud_nodelet
[36mInstall the project...[0m
-- Install configuration: "Release"
-- Installing: /home/daisuke/Autoware/ros/install/rslidar_pointcloud/include/rslidar_pointcloud/CloudNodeConfig.h
-- Installing: /home/daisuke/Autoware/ros/install/rslidar_pointcloud/lib/python2.7/dist-packages/rslidar_pointcloud/__init__.py
Listing /home/daisuke/Autoware/ros/build/rslidar_pointcloud/devel/lib/python2.7/dist-packages/rslidar_pointcloud/cfg ...
Compiling /home/daisuke/Autoware/ros/build/rslidar_pointcloud/devel/lib/python2.7/dist-packages/rslidar_pointcloud/cfg/CloudNodeConfig.py ...
Compiling /home/daisuke/Autoware/ros/build/rslidar_pointcloud/devel/lib/python2.7/dist-packages/rslidar_pointcloud/cfg/__init__.py ...
-- Installing: /home/daisuke/Autoware/ros/install/rslidar_pointcloud/lib/python2.7/dist-packages/rslidar_pointcloud/cfg
-- Installing: /home/daisuke/Autoware/ros/install/rslidar_pointcloud/lib/python2.7/dist-packages/rslidar_pointcloud/cfg/CloudNodeConfig.pyc
-- Installing: /home/daisuke/Autoware/ros/install/rslidar_pointcloud/lib/python2.7/dist-packages/rslidar_pointcloud/cfg/__init__.pyc
-- Installing: /home/daisuke/Autoware/ros/install/rslidar_pointcloud/lib/python2.7/dist-packages/rslidar_pointcloud/cfg/__init__.py
-- Installing: /home/daisuke/Autoware/ros/install/rslidar_pointcloud/lib/python2.7/dist-packages/rslidar_pointcloud/cfg/CloudNodeConfig.py
