Invoking command in '/home/daisuke/Autoware/ros/build/dbw_mkz_msgs': /usr/bin/cmake /home/daisuke/Autoware/ros/src/msgs/dbw_mkz_msgs -DCMAKE_BUILD_TYPE=Release -DCMAKE_LIBRARY_PATH=/usr/local/cuda/lib64/stubs -DCATKIN_INSTALL_INTO_PREFIX_ROOT=0 -DCMAKE_INSTALL_PREFIX=/home/daisuke/Autoware/ros/install/dbw_mkz_msgs
-- The C compiler identification is GNU 5.4.0
-- The CXX compiler identification is GNU 5.4.0
-- Check for working C compiler: /usr/bin/cc
-- Check for working C compiler: /usr/bin/cc -- works
-- Detecting C compiler ABI info
-- Detecting C compiler ABI info - done
-- Detecting C compile features
-- Detecting C compile features - done
-- Check for working CXX compiler: /usr/bin/c++
-- Check for working CXX compiler: /usr/bin/c++ -- works
-- Detecting CXX compiler ABI info
-- Detecting CXX compiler ABI info - done
-- Detecting CXX compile features
-- Detecting CXX compile features - done
-- Using CATKIN_DEVEL_PREFIX: /home/daisuke/Autoware/ros/build/dbw_mkz_msgs/devel
-- Using CMAKE_PREFIX_PATH: /home/daisuke/Autoware/ros/devel;/opt/ros/kinetic
-- This workspace overlays: /opt/ros/kinetic
-- Found PythonInterp: /home/daisuke/pyenv/shims/python (found version "2.7.12") 
-- Using PYTHON_EXECUTABLE: /home/daisuke/pyenv/shims/python
-- Using Debian Python package layout
-- Using empy: /usr/bin/empy
-- Using CATKIN_ENABLE_TESTING: ON
-- Call enable_testing()
-- Using CATKIN_TEST_RESULTS_DIR: /home/daisuke/Autoware/ros/build/dbw_mkz_msgs/test_results
-- Found gmock sources under '/usr/src/gmock': gmock will be built
-- Looking for pthread.h
-- Looking for pthread.h - found
-- Looking for pthread_create
-- Looking for pthread_create - not found
-- Looking for pthread_create in pthreads
-- Looking for pthread_create in pthreads - not found
-- Looking for pthread_create in pthread
-- Looking for pthread_create in pthread - found
-- Found Threads: TRUE  
-- Found gtest sources under '/usr/src/gmock': gtests will be built
-- Using Python nosetests: /usr/bin/nosetests-2.7
-- catkin 0.7.14
-- Using these message generators: gencpp;geneus;genlisp;gennodejs;genpy
-- dbw_mkz_msgs: 26 messages, 0 services
-- Configuring done
-- Generating done
-- Build files have been written to: /home/daisuke/Autoware/ros/build/dbw_mkz_msgs
Invoked command in '/home/daisuke/Autoware/ros/build/dbw_mkz_msgs' returned '0': /usr/bin/cmake /home/daisuke/Autoware/ros/src/msgs/dbw_mkz_msgs -DCMAKE_BUILD_TYPE=Release -DCMAKE_LIBRARY_PATH=/usr/local/cuda/lib64/stubs -DCATKIN_INSTALL_INTO_PREFIX_ROOT=0 -DCMAKE_INSTALL_PREFIX=/home/daisuke/Autoware/ros/install/dbw_mkz_msgs
Invoking command in '/home/daisuke/Autoware/ros/build/dbw_mkz_msgs': /usr/bin/cmake --build /home/daisuke/Autoware/ros/build/dbw_mkz_msgs -- -j8 -l8
[35m[1mScanning dependencies of target _dbw_mkz_msgs_generate_messages_check_deps_TwistCmd[0m
[35m[1mScanning dependencies of target _dbw_mkz_msgs_generate_messages_check_deps_TirePressureReport[0m
[  0%] Built target _dbw_mkz_msgs_generate_messages_check_deps_TirePressureReport
[  0%] Built target _dbw_mkz_msgs_generate_messages_check_deps_TwistCmd
[35m[1mScanning dependencies of target _dbw_mkz_msgs_generate_messages_check_deps_BrakeInfoReport[0m
[35m[1mScanning dependencies of target geometry_msgs_generate_messages_eus[0m
[  0%] Built target geometry_msgs_generate_messages_eus
[35m[1mScanning dependencies of target _dbw_mkz_msgs_generate_messages_check_deps_BrakeCmd[0m
[35m[1mScanning dependencies of target _dbw_mkz_msgs_generate_messages_check_deps_WheelPositionReport[0m
[  0%] Built target _dbw_mkz_msgs_generate_messages_check_deps_BrakeInfoReport
[  0%] Built target _dbw_mkz_msgs_generate_messages_check_deps_BrakeCmd
[35m[1mScanning dependencies of target _dbw_mkz_msgs_generate_messages_check_deps_Gear[0m
[35m[1mScanning dependencies of target _dbw_mkz_msgs_generate_messages_check_deps_TurnSignal[0m
[  0%] Built target _dbw_mkz_msgs_generate_messages_check_deps_WheelPositionReport
[  0%] Built target _dbw_mkz_msgs_generate_messages_check_deps_Gear
[35m[1mScanning dependencies of target _dbw_mkz_msgs_generate_messages_check_deps_GearReject[0m
[  0%] Built target _dbw_mkz_msgs_generate_messages_check_deps_TurnSignal
[35m[1mScanning dependencies of target _dbw_mkz_msgs_generate_messages_check_deps_ThrottleCmd[0m
[35m[1mScanning dependencies of target _dbw_mkz_msgs_generate_messages_check_deps_HillStartAssist[0m
[35m[1mScanning dependencies of target _dbw_mkz_msgs_generate_messages_check_deps_BrakeReport[0m
[  0%] Built target _dbw_mkz_msgs_generate_messages_check_deps_GearReject
[  0%] Built target _dbw_mkz_msgs_generate_messages_check_deps_ThrottleCmd
[  0%] Built target _dbw_mkz_msgs_generate_messages_check_deps_BrakeReport
[  0%] Built target _dbw_mkz_msgs_generate_messages_check_deps_HillStartAssist
[35m[1mScanning dependencies of target _dbw_mkz_msgs_generate_messages_check_deps_WatchdogCounter[0m
[  0%] Built target _dbw_mkz_msgs_generate_messages_check_deps_WatchdogCounter
[35m[1mScanning dependencies of target _dbw_mkz_msgs_generate_messages_check_deps_Wiper[0m
[  0%] Built target _dbw_mkz_msgs_generate_messages_check_deps_Wiper
[35m[1mScanning dependencies of target _dbw_mkz_msgs_generate_messages_check_deps_GearCmd[0m
[  0%] Built target _dbw_mkz_msgs_generate_messages_check_deps_GearCmd
[35m[1mScanning dependencies of target _dbw_mkz_msgs_generate_messages_check_deps_GearReport[0m
[  0%] Built target _dbw_mkz_msgs_generate_messages_check_deps_GearReport
[35m[1mScanning dependencies of target _dbw_mkz_msgs_generate_messages_check_deps_AmbientLight[0m
[  0%] Built target _dbw_mkz_msgs_generate_messages_check_deps_AmbientLight
[35m[1mScanning dependencies of target _dbw_mkz_msgs_generate_messages_check_deps_TurnSignalCmd[0m
[  0%] Built target _dbw_mkz_msgs_generate_messages_check_deps_TurnSignalCmd
[35m[1mScanning dependencies of target _dbw_mkz_msgs_generate_messages_check_deps_WheelSpeedReport[0m
[  0%] Built target _dbw_mkz_msgs_generate_messages_check_deps_WheelSpeedReport
[35m[1mScanning dependencies of target _dbw_mkz_msgs_generate_messages_check_deps_FuelLevelReport[0m
[  0%] Built target _dbw_mkz_msgs_generate_messages_check_deps_FuelLevelReport
[35m[1mScanning dependencies of target _dbw_mkz_msgs_generate_messages_check_deps_ThrottleReport[0m
[  0%] Built target _dbw_mkz_msgs_generate_messages_check_deps_ThrottleReport
[35m[1mScanning dependencies of target _dbw_mkz_msgs_generate_messages_check_deps_SteeringCmd[0m
[  0%] Built target _dbw_mkz_msgs_generate_messages_check_deps_SteeringCmd
[35m[1mScanning dependencies of target std_msgs_generate_messages_py[0m
[  0%] Built target std_msgs_generate_messages_py
[35m[1mScanning dependencies of target geometry_msgs_generate_messages_py[0m
[  0%] Built target geometry_msgs_generate_messages_py
[35m[1mScanning dependencies of target geometry_msgs_generate_messages_nodejs[0m
[  0%] Built target geometry_msgs_generate_messages_nodejs
[35m[1mScanning dependencies of target std_msgs_generate_messages_nodejs[0m
[  0%] Built target std_msgs_generate_messages_nodejs
[35m[1mScanning dependencies of target geometry_msgs_generate_messages_lisp[0m
[  0%] Built target geometry_msgs_generate_messages_lisp
[35m[1mScanning dependencies of target std_msgs_generate_messages_lisp[0m
[  0%] Built target std_msgs_generate_messages_lisp
[35m[1mScanning dependencies of target std_msgs_generate_messages_cpp[0m
[  0%] Built target std_msgs_generate_messages_cpp
[35m[1mScanning dependencies of target geometry_msgs_generate_messages_cpp[0m
[  0%] Built target geometry_msgs_generate_messages_cpp
[35m[1mScanning dependencies of target _dbw_mkz_msgs_generate_messages_check_deps_ThrottleInfoReport[0m
[  0%] Built target _dbw_mkz_msgs_generate_messages_check_deps_ThrottleInfoReport
[35m[1mScanning dependencies of target _dbw_mkz_msgs_generate_messages_check_deps_Misc1Report[0m
[  0%] Built target _dbw_mkz_msgs_generate_messages_check_deps_Misc1Report
[35m[1mScanning dependencies of target _dbw_mkz_msgs_generate_messages_check_deps_SurroundReport[0m
[  0%] Built target _dbw_mkz_msgs_generate_messages_check_deps_SurroundReport
[35m[1mScanning dependencies of target _dbw_mkz_msgs_generate_messages_check_deps_ParkingBrake[0m
[  0%] Built target _dbw_mkz_msgs_generate_messages_check_deps_ParkingBrake
[35m[1mScanning dependencies of target _dbw_mkz_msgs_generate_messages_check_deps_SteeringReport[0m
[  0%] Built target _dbw_mkz_msgs_generate_messages_check_deps_SteeringReport
[35m[1mScanning dependencies of target std_msgs_generate_messages_eus[0m
[  0%] Built target std_msgs_generate_messages_eus
[35m[1mScanning dependencies of target dbw_mkz_msgs_generate_messages_cpp[0m
[  0%] [34m[1mGenerating C++ code from dbw_mkz_msgs/BrakeInfoReport.msg[0m
[  0%] [34m[1mGenerating C++ code from dbw_mkz_msgs/ThrottleReport.msg[0m
[  1%] [34m[1mGenerating C++ code from dbw_mkz_msgs/TirePressureReport.msg[0m
[  2%] [34m[1mGenerating C++ code from dbw_mkz_msgs/GearReport.msg[0m
[  2%] [34m[1mGenerating C++ code from dbw_mkz_msgs/GearReject.msg[0m
[  3%] [34m[1mGenerating C++ code from dbw_mkz_msgs/HillStartAssist.msg[0m
[  4%] [34m[1mGenerating C++ code from dbw_mkz_msgs/SurroundReport.msg[0m
[  4%] [34m[1mGenerating C++ code from dbw_mkz_msgs/FuelLevelReport.msg[0m
[  5%] [34m[1mGenerating C++ code from dbw_mkz_msgs/WatchdogCounter.msg[0m
[  6%] [34m[1mGenerating C++ code from dbw_mkz_msgs/SteeringReport.msg[0m
[  7%] [34m[1mGenerating C++ code from dbw_mkz_msgs/BrakeCmd.msg[0m
[  8%] [34m[1mGenerating C++ code from dbw_mkz_msgs/ParkingBrake.msg[0m
[  9%] [34m[1mGenerating C++ code from dbw_mkz_msgs/Wiper.msg[0m
[  9%] [34m[1mGenerating C++ code from dbw_mkz_msgs/GearCmd.msg[0m
[ 10%] [34m[1mGenerating C++ code from dbw_mkz_msgs/ThrottleInfoReport.msg[0m
[ 11%] [34m[1mGenerating C++ code from dbw_mkz_msgs/AmbientLight.msg[0m
[ 13%] [34m[1mGenerating C++ code from dbw_mkz_msgs/BrakeReport.msg[0m
[ 13%] [34m[1mGenerating C++ code from dbw_mkz_msgs/ThrottleCmd.msg[0m
[ 14%] [34m[1mGenerating C++ code from dbw_mkz_msgs/TwistCmd.msg[0m
[ 14%] [34m[1mGenerating C++ code from dbw_mkz_msgs/Misc1Report.msg[0m
[ 15%] [34m[1mGenerating C++ code from dbw_mkz_msgs/TurnSignal.msg[0m
[ 16%] [34m[1mGenerating C++ code from dbw_mkz_msgs/TurnSignalCmd.msg[0m
[ 17%] [34m[1mGenerating C++ code from dbw_mkz_msgs/WheelSpeedReport.msg[0m
[ 17%] [34m[1mGenerating C++ code from dbw_mkz_msgs/WheelPositionReport.msg[0m
[ 18%] [34m[1mGenerating C++ code from dbw_mkz_msgs/SteeringCmd.msg[0m
[ 19%] [34m[1mGenerating C++ code from dbw_mkz_msgs/Gear.msg[0m
[ 19%] Built target dbw_mkz_msgs_generate_messages_cpp
[35m[1mScanning dependencies of target dbw_mkz_msgs_generate_messages_eus[0m
[ 19%] [34m[1mGenerating EusLisp code from dbw_mkz_msgs/BrakeInfoReport.msg[0m
[ 20%] [34m[1mGenerating EusLisp code from dbw_mkz_msgs/TirePressureReport.msg[0m
[ 21%] [34m[1mGenerating EusLisp code from dbw_mkz_msgs/GearReport.msg[0m
[ 22%] [34m[1mGenerating EusLisp code from dbw_mkz_msgs/GearReject.msg[0m
[ 22%] [34m[1mGenerating EusLisp code from dbw_mkz_msgs/HillStartAssist.msg[0m
[ 23%] [34m[1mGenerating EusLisp code from dbw_mkz_msgs/SurroundReport.msg[0m
[ 25%] [34m[1mGenerating EusLisp code from dbw_mkz_msgs/FuelLevelReport.msg[0m
[ 25%] [34m[1mGenerating EusLisp code from dbw_mkz_msgs/WatchdogCounter.msg[0m
[ 26%] [34m[1mGenerating EusLisp code from dbw_mkz_msgs/ParkingBrake.msg[0m
[ 27%] [34m[1mGenerating EusLisp code from dbw_mkz_msgs/Wiper.msg[0m
[ 27%] [34m[1mGenerating EusLisp code from dbw_mkz_msgs/GearCmd.msg[0m
[ 28%] [34m[1mGenerating EusLisp code from dbw_mkz_msgs/ThrottleInfoReport.msg[0m
[ 29%] [34m[1mGenerating EusLisp code from dbw_mkz_msgs/AmbientLight.msg[0m
[ 30%] [34m[1mGenerating EusLisp code from dbw_mkz_msgs/ThrottleCmd.msg[0m
[ 30%] [34m[1mGenerating EusLisp code from dbw_mkz_msgs/BrakeReport.msg[0m
[ 31%] [34m[1mGenerating EusLisp code from dbw_mkz_msgs/TwistCmd.msg[0m
[ 32%] [34m[1mGenerating EusLisp code from dbw_mkz_msgs/Misc1Report.msg[0m
[ 32%] [34m[1mGenerating EusLisp code from dbw_mkz_msgs/TurnSignal.msg[0m
[ 33%] [34m[1mGenerating EusLisp code from dbw_mkz_msgs/TurnSignalCmd.msg[0m
[ 34%] [34m[1mGenerating EusLisp code from dbw_mkz_msgs/WheelSpeedReport.msg[0m
[ 34%] [34m[1mGenerating EusLisp code from dbw_mkz_msgs/WheelPositionReport.msg[0m
[ 35%] [34m[1mGenerating EusLisp code from dbw_mkz_msgs/Gear.msg[0m
[ 36%] [34m[1mGenerating EusLisp code from dbw_mkz_msgs/SteeringCmd.msg[0m
[ 38%] [34m[1mGenerating EusLisp manifest code for dbw_mkz_msgs[0m
[ 38%] [34m[1mGenerating EusLisp code from dbw_mkz_msgs/ThrottleReport.msg[0m
[ 39%] [34m[1mGenerating EusLisp code from dbw_mkz_msgs/SteeringReport.msg[0m
[ 40%] [34m[1mGenerating EusLisp code from dbw_mkz_msgs/BrakeCmd.msg[0m
[ 40%] Built target dbw_mkz_msgs_generate_messages_eus
[35m[1mScanning dependencies of target dbw_mkz_msgs_generate_messages_lisp[0m
[ 40%] [34m[1mGenerating Lisp code from dbw_mkz_msgs/BrakeInfoReport.msg[0m
[ 41%] [34m[1mGenerating Lisp code from dbw_mkz_msgs/GearReport.msg[0m
[ 41%] [34m[1mGenerating Lisp code from dbw_mkz_msgs/GearReject.msg[0m
[ 42%] [34m[1mGenerating Lisp code from dbw_mkz_msgs/HillStartAssist.msg[0m
[ 43%] [34m[1mGenerating Lisp code from dbw_mkz_msgs/SurroundReport.msg[0m
[ 44%] [34m[1mGenerating Lisp code from dbw_mkz_msgs/FuelLevelReport.msg[0m
[ 44%] [34m[1mGenerating Lisp code from dbw_mkz_msgs/WatchdogCounter.msg[0m
[ 45%] [34m[1mGenerating Lisp code from dbw_mkz_msgs/ParkingBrake.msg[0m
[ 46%] [34m[1mGenerating Lisp code from dbw_mkz_msgs/Wiper.msg[0m
[ 46%] [34m[1mGenerating Lisp code from dbw_mkz_msgs/GearCmd.msg[0m
[ 47%] [34m[1mGenerating Lisp code from dbw_mkz_msgs/ThrottleInfoReport.msg[0m
[ 48%] [34m[1mGenerating Lisp code from dbw_mkz_msgs/AmbientLight.msg[0m
[ 48%] [34m[1mGenerating Lisp code from dbw_mkz_msgs/ThrottleCmd.msg[0m
[ 50%] [34m[1mGenerating Lisp code from dbw_mkz_msgs/BrakeReport.msg[0m
[ 51%] [34m[1mGenerating Lisp code from dbw_mkz_msgs/TwistCmd.msg[0m
[ 52%] [34m[1mGenerating Lisp code from dbw_mkz_msgs/Misc1Report.msg[0m
[ 52%] [34m[1mGenerating Lisp code from dbw_mkz_msgs/TurnSignal.msg[0m
[ 53%] [34m[1mGenerating Lisp code from dbw_mkz_msgs/TurnSignalCmd.msg[0m
[ 54%] [34m[1mGenerating Lisp code from dbw_mkz_msgs/WheelSpeedReport.msg[0m
[ 54%] [34m[1mGenerating Lisp code from dbw_mkz_msgs/WheelPositionReport.msg[0m
[ 55%] [34m[1mGenerating Lisp code from dbw_mkz_msgs/Gear.msg[0m
[ 56%] [34m[1mGenerating Lisp code from dbw_mkz_msgs/SteeringCmd.msg[0m
[ 57%] [34m[1mGenerating Lisp code from dbw_mkz_msgs/TirePressureReport.msg[0m
[ 57%] [34m[1mGenerating Lisp code from dbw_mkz_msgs/ThrottleReport.msg[0m
[ 58%] [34m[1mGenerating Lisp code from dbw_mkz_msgs/SteeringReport.msg[0m
[ 59%] [34m[1mGenerating Lisp code from dbw_mkz_msgs/BrakeCmd.msg[0m
[ 59%] Built target dbw_mkz_msgs_generate_messages_lisp
[35m[1mScanning dependencies of target dbw_mkz_msgs_generate_messages_nodejs[0m
[ 59%] [34m[1mGenerating Javascript code from dbw_mkz_msgs/BrakeInfoReport.msg[0m
[ 60%] [34m[1mGenerating Javascript code from dbw_mkz_msgs/GearReject.msg[0m
[ 60%] [34m[1mGenerating Javascript code from dbw_mkz_msgs/HillStartAssist.msg[0m
[ 61%] [34m[1mGenerating Javascript code from dbw_mkz_msgs/SurroundReport.msg[0m
[ 63%] [34m[1mGenerating Javascript code from dbw_mkz_msgs/FuelLevelReport.msg[0m
[ 63%] [34m[1mGenerating Javascript code from dbw_mkz_msgs/WatchdogCounter.msg[0m
[ 64%] [34m[1mGenerating Javascript code from dbw_mkz_msgs/ParkingBrake.msg[0m
[ 65%] [34m[1mGenerating Javascript code from dbw_mkz_msgs/Wiper.msg[0m
[ 66%] [34m[1mGenerating Javascript code from dbw_mkz_msgs/GearCmd.msg[0m
[ 66%] [34m[1mGenerating Javascript code from dbw_mkz_msgs/ThrottleInfoReport.msg[0m
[ 67%] [34m[1mGenerating Javascript code from dbw_mkz_msgs/AmbientLight.msg[0m
[ 68%] [34m[1mGenerating Javascript code from dbw_mkz_msgs/ThrottleCmd.msg[0m
[ 68%] [34m[1mGenerating Javascript code from dbw_mkz_msgs/BrakeReport.msg[0m
[ 69%] [34m[1mGenerating Javascript code from dbw_mkz_msgs/TwistCmd.msg[0m
[ 70%] [34m[1mGenerating Javascript code from dbw_mkz_msgs/Misc1Report.msg[0m
[ 70%] [34m[1mGenerating Javascript code from dbw_mkz_msgs/TurnSignal.msg[0m
[ 71%] [34m[1mGenerating Javascript code from dbw_mkz_msgs/TurnSignalCmd.msg[0m
[ 72%] [34m[1mGenerating Javascript code from dbw_mkz_msgs/WheelSpeedReport.msg[0m
[ 73%] [34m[1mGenerating Javascript code from dbw_mkz_msgs/WheelPositionReport.msg[0m
[ 73%] [34m[1mGenerating Javascript code from dbw_mkz_msgs/Gear.msg[0m
[ 75%] [34m[1mGenerating Javascript code from dbw_mkz_msgs/SteeringCmd.msg[0m
[ 76%] [34m[1mGenerating Javascript code from dbw_mkz_msgs/GearReport.msg[0m
[ 76%] [34m[1mGenerating Javascript code from dbw_mkz_msgs/TirePressureReport.msg[0m
[ 77%] [34m[1mGenerating Javascript code from dbw_mkz_msgs/ThrottleReport.msg[0m
[ 78%] [34m[1mGenerating Javascript code from dbw_mkz_msgs/SteeringReport.msg[0m
[ 79%] [34m[1mGenerating Javascript code from dbw_mkz_msgs/BrakeCmd.msg[0m
[ 79%] Built target dbw_mkz_msgs_generate_messages_nodejs
[35m[1mScanning dependencies of target dbw_mkz_msgs_generate_messages_py[0m
[ 80%] [34m[1mGenerating Python from MSG dbw_mkz_msgs/BrakeInfoReport[0m
[ 81%] [34m[1mGenerating Python from MSG dbw_mkz_msgs/HillStartAssist[0m
[ 81%] [34m[1mGenerating Python from MSG dbw_mkz_msgs/SurroundReport[0m
[ 82%] [34m[1mGenerating Python from MSG dbw_mkz_msgs/FuelLevelReport[0m
[ 83%] [34m[1mGenerating Python from MSG dbw_mkz_msgs/WatchdogCounter[0m
[ 83%] [34m[1mGenerating Python from MSG dbw_mkz_msgs/ParkingBrake[0m
[ 84%] [34m[1mGenerating Python from MSG dbw_mkz_msgs/Wiper[0m
[ 85%] [34m[1mGenerating Python from MSG dbw_mkz_msgs/GearCmd[0m
[ 85%] [34m[1mGenerating Python from MSG dbw_mkz_msgs/ThrottleInfoReport[0m
[ 86%] [34m[1mGenerating Python from MSG dbw_mkz_msgs/AmbientLight[0m
[ 88%] [34m[1mGenerating Python from MSG dbw_mkz_msgs/ThrottleCmd[0m
[ 89%] [34m[1mGenerating Python from MSG dbw_mkz_msgs/BrakeReport[0m
[ 89%] [34m[1mGenerating Python from MSG dbw_mkz_msgs/TwistCmd[0m
[ 90%] [34m[1mGenerating Python from MSG dbw_mkz_msgs/Misc1Report[0m
[ 91%] [34m[1mGenerating Python from MSG dbw_mkz_msgs/TurnSignal[0m
[ 91%] [34m[1mGenerating Python from MSG dbw_mkz_msgs/TurnSignalCmd[0m
[ 92%] [34m[1mGenerating Python from MSG dbw_mkz_msgs/WheelSpeedReport[0m
[ 93%] [34m[1mGenerating Python from MSG dbw_mkz_msgs/WheelPositionReport[0m
[ 93%] [34m[1mGenerating Python from MSG dbw_mkz_msgs/Gear[0m
[ 94%] [34m[1mGenerating Python from MSG dbw_mkz_msgs/SteeringCmd[0m
[ 95%] [34m[1mGenerating Python from MSG dbw_mkz_msgs/GearReject[0m
[ 96%] [34m[1mGenerating Python from MSG dbw_mkz_msgs/GearReport[0m
[ 96%] [34m[1mGenerating Python from MSG dbw_mkz_msgs/TirePressureReport[0m
[ 97%] [34m[1mGenerating Python from MSG dbw_mkz_msgs/ThrottleReport[0m
[ 98%] [34m[1mGenerating Python from MSG dbw_mkz_msgs/SteeringReport[0m
[ 98%] [34m[1mGenerating Python from MSG dbw_mkz_msgs/BrakeCmd[0m
[100%] [34m[1mGenerating Python msg __init__.py for dbw_mkz_msgs[0m
[100%] Built target dbw_mkz_msgs_generate_messages_py
[35m[1mScanning dependencies of target dbw_mkz_msgs_generate_messages[0m
[100%] Built target dbw_mkz_msgs_generate_messages
Invoked command in '/home/daisuke/Autoware/ros/build/dbw_mkz_msgs' returned '0': /usr/bin/cmake --build /home/daisuke/Autoware/ros/build/dbw_mkz_msgs -- -j8 -l8
Invoking command in '/home/daisuke/Autoware/ros/build/dbw_mkz_msgs': /usr/bin/cmake --build /home/daisuke/Autoware/ros/build/dbw_mkz_msgs --target tests -- -j8 -l8
[35m[1mScanning dependencies of target tests[0m
Built target tests
Invoked command in '/home/daisuke/Autoware/ros/build/dbw_mkz_msgs' returned '0': /usr/bin/cmake --build /home/daisuke/Autoware/ros/build/dbw_mkz_msgs --target tests -- -j8 -l8
Invoking command in '/home/daisuke/Autoware/ros/build/dbw_mkz_msgs': /usr/bin/cmake --build /home/daisuke/Autoware/ros/build/dbw_mkz_msgs --target install
[  0%] Built target _dbw_mkz_msgs_generate_messages_check_deps_TwistCmd
[  0%] Built target _dbw_mkz_msgs_generate_messages_check_deps_TirePressureReport
[  0%] Built target std_msgs_generate_messages_eus
[  0%] Built target _dbw_mkz_msgs_generate_messages_check_deps_SteeringReport
[  0%] Built target _dbw_mkz_msgs_generate_messages_check_deps_ParkingBrake
[  0%] Built target _dbw_mkz_msgs_generate_messages_check_deps_BrakeReport
[  0%] Built target _dbw_mkz_msgs_generate_messages_check_deps_Gear
[  0%] Built target _dbw_mkz_msgs_generate_messages_check_deps_BrakeInfoReport
[  0%] Built target geometry_msgs_generate_messages_eus
[  0%] Built target _dbw_mkz_msgs_generate_messages_check_deps_BrakeCmd
[  0%] Built target _dbw_mkz_msgs_generate_messages_check_deps_WheelPositionReport
[  0%] Built target _dbw_mkz_msgs_generate_messages_check_deps_TurnSignal
[  0%] Built target _dbw_mkz_msgs_generate_messages_check_deps_GearReject
[  0%] Built target _dbw_mkz_msgs_generate_messages_check_deps_ThrottleCmd
[  0%] Built target _dbw_mkz_msgs_generate_messages_check_deps_HillStartAssist
[  0%] Built target _dbw_mkz_msgs_generate_messages_check_deps_SurroundReport
[  0%] Built target _dbw_mkz_msgs_generate_messages_check_deps_Misc1Report
[  0%] Built target _dbw_mkz_msgs_generate_messages_check_deps_ThrottleInfoReport
[  0%] Built target _dbw_mkz_msgs_generate_messages_check_deps_WatchdogCounter
[  0%] Built target _dbw_mkz_msgs_generate_messages_check_deps_Wiper
[  0%] Built target _dbw_mkz_msgs_generate_messages_check_deps_GearCmd
[  0%] Built target _dbw_mkz_msgs_generate_messages_check_deps_GearReport
[  0%] Built target _dbw_mkz_msgs_generate_messages_check_deps_AmbientLight
[  0%] Built target _dbw_mkz_msgs_generate_messages_check_deps_TurnSignalCmd
[  0%] Built target _dbw_mkz_msgs_generate_messages_check_deps_WheelSpeedReport
[  0%] Built target _dbw_mkz_msgs_generate_messages_check_deps_FuelLevelReport
[  0%] Built target _dbw_mkz_msgs_generate_messages_check_deps_ThrottleReport
[  0%] Built target _dbw_mkz_msgs_generate_messages_check_deps_SteeringCmd
[ 20%] Built target dbw_mkz_msgs_generate_messages_eus
[ 20%] Built target std_msgs_generate_messages_py
[ 20%] Built target geometry_msgs_generate_messages_py
[ 41%] Built target dbw_mkz_msgs_generate_messages_py
[ 41%] Built target geometry_msgs_generate_messages_nodejs
[ 41%] Built target std_msgs_generate_messages_nodejs
[ 60%] Built target dbw_mkz_msgs_generate_messages_nodejs
[ 60%] Built target geometry_msgs_generate_messages_lisp
[ 60%] Built target std_msgs_generate_messages_lisp
[ 80%] Built target dbw_mkz_msgs_generate_messages_lisp
[ 80%] Built target std_msgs_generate_messages_cpp
[ 80%] Built target geometry_msgs_generate_messages_cpp
[100%] Built target dbw_mkz_msgs_generate_messages_cpp
[100%] Built target dbw_mkz_msgs_generate_messages
[36mInstall the project...[0m
-- Install configuration: "Release"
-- Installing: /home/daisuke/Autoware/ros/install/dbw_mkz_msgs/share/dbw_mkz_msgs/msg/AmbientLight.msg
-- Installing: /home/daisuke/Autoware/ros/install/dbw_mkz_msgs/share/dbw_mkz_msgs/msg/BrakeCmd.msg
-- Installing: /home/daisuke/Autoware/ros/install/dbw_mkz_msgs/share/dbw_mkz_msgs/msg/BrakeInfoReport.msg
-- Installing: /home/daisuke/Autoware/ros/install/dbw_mkz_msgs/share/dbw_mkz_msgs/msg/BrakeReport.msg
-- Installing: /home/daisuke/Autoware/ros/install/dbw_mkz_msgs/share/dbw_mkz_msgs/msg/FuelLevelReport.msg
-- Installing: /home/daisuke/Autoware/ros/install/dbw_mkz_msgs/share/dbw_mkz_msgs/msg/Gear.msg
-- Installing: /home/daisuke/Autoware/ros/install/dbw_mkz_msgs/share/dbw_mkz_msgs/msg/GearCmd.msg
-- Installing: /home/daisuke/Autoware/ros/install/dbw_mkz_msgs/share/dbw_mkz_msgs/msg/GearReject.msg
-- Installing: /home/daisuke/Autoware/ros/install/dbw_mkz_msgs/share/dbw_mkz_msgs/msg/GearReport.msg
-- Installing: /home/daisuke/Autoware/ros/install/dbw_mkz_msgs/share/dbw_mkz_msgs/msg/HillStartAssist.msg
-- Installing: /home/daisuke/Autoware/ros/install/dbw_mkz_msgs/share/dbw_mkz_msgs/msg/Misc1Report.msg
-- Installing: /home/daisuke/Autoware/ros/install/dbw_mkz_msgs/share/dbw_mkz_msgs/msg/ParkingBrake.msg
-- Installing: /home/daisuke/Autoware/ros/install/dbw_mkz_msgs/share/dbw_mkz_msgs/msg/SteeringCmd.msg
-- Installing: /home/daisuke/Autoware/ros/install/dbw_mkz_msgs/share/dbw_mkz_msgs/msg/SteeringReport.msg
-- Installing: /home/daisuke/Autoware/ros/install/dbw_mkz_msgs/share/dbw_mkz_msgs/msg/SurroundReport.msg
-- Installing: /home/daisuke/Autoware/ros/install/dbw_mkz_msgs/share/dbw_mkz_msgs/msg/ThrottleCmd.msg
-- Installing: /home/daisuke/Autoware/ros/install/dbw_mkz_msgs/share/dbw_mkz_msgs/msg/ThrottleInfoReport.msg
-- Installing: /home/daisuke/Autoware/ros/install/dbw_mkz_msgs/share/dbw_mkz_msgs/msg/ThrottleReport.msg
-- Installing: /home/daisuke/Autoware/ros/install/dbw_mkz_msgs/share/dbw_mkz_msgs/msg/TirePressureReport.msg
-- Installing: /home/daisuke/Autoware/ros/install/dbw_mkz_msgs/share/dbw_mkz_msgs/msg/TurnSignal.msg
-- Installing: /home/daisuke/Autoware/ros/install/dbw_mkz_msgs/share/dbw_mkz_msgs/msg/TurnSignalCmd.msg
-- Installing: /home/daisuke/Autoware/ros/install/dbw_mkz_msgs/share/dbw_mkz_msgs/msg/TwistCmd.msg
-- Installing: /home/daisuke/Autoware/ros/install/dbw_mkz_msgs/share/dbw_mkz_msgs/msg/WatchdogCounter.msg
-- Installing: /home/daisuke/Autoware/ros/install/dbw_mkz_msgs/share/dbw_mkz_msgs/msg/WheelPositionReport.msg
-- Installing: /home/daisuke/Autoware/ros/install/dbw_mkz_msgs/share/dbw_mkz_msgs/msg/WheelSpeedReport.msg
-- Installing: /home/daisuke/Autoware/ros/install/dbw_mkz_msgs/share/dbw_mkz_msgs/msg/Wiper.msg
-- Installing: /home/daisuke/Autoware/ros/install/dbw_mkz_msgs/share/dbw_mkz_msgs/cmake/dbw_mkz_msgs-msg-paths.cmake
-- Installing: /home/daisuke/Autoware/ros/install/dbw_mkz_msgs/include/dbw_mkz_msgs
-- Installing: /home/daisuke/Autoware/ros/install/dbw_mkz_msgs/include/dbw_mkz_msgs/GearReject.h
-- Installing: /home/daisuke/Autoware/ros/install/dbw_mkz_msgs/include/dbw_mkz_msgs/FuelLevelReport.h
-- Installing: /home/daisuke/Autoware/ros/install/dbw_mkz_msgs/include/dbw_mkz_msgs/GearCmd.h
-- Installing: /home/daisuke/Autoware/ros/install/dbw_mkz_msgs/include/dbw_mkz_msgs/ThrottleCmd.h
-- Installing: /home/daisuke/Autoware/ros/install/dbw_mkz_msgs/include/dbw_mkz_msgs/SteeringReport.h
-- Installing: /home/daisuke/Autoware/ros/install/dbw_mkz_msgs/include/dbw_mkz_msgs/WheelPositionReport.h
-- Installing: /home/daisuke/Autoware/ros/install/dbw_mkz_msgs/include/dbw_mkz_msgs/Wiper.h
-- Installing: /home/daisuke/Autoware/ros/install/dbw_mkz_msgs/include/dbw_mkz_msgs/BrakeCmd.h
-- Installing: /home/daisuke/Autoware/ros/install/dbw_mkz_msgs/include/dbw_mkz_msgs/BrakeInfoReport.h
-- Installing: /home/daisuke/Autoware/ros/install/dbw_mkz_msgs/include/dbw_mkz_msgs/TurnSignalCmd.h
-- Installing: /home/daisuke/Autoware/ros/install/dbw_mkz_msgs/include/dbw_mkz_msgs/SurroundReport.h
-- Installing: /home/daisuke/Autoware/ros/install/dbw_mkz_msgs/include/dbw_mkz_msgs/TurnSignal.h
-- Installing: /home/daisuke/Autoware/ros/install/dbw_mkz_msgs/include/dbw_mkz_msgs/HillStartAssist.h
-- Installing: /home/daisuke/Autoware/ros/install/dbw_mkz_msgs/include/dbw_mkz_msgs/ThrottleReport.h
-- Installing: /home/daisuke/Autoware/ros/install/dbw_mkz_msgs/include/dbw_mkz_msgs/BrakeReport.h
-- Installing: /home/daisuke/Autoware/ros/install/dbw_mkz_msgs/include/dbw_mkz_msgs/WatchdogCounter.h
-- Installing: /home/daisuke/Autoware/ros/install/dbw_mkz_msgs/include/dbw_mkz_msgs/ParkingBrake.h
-- Installing: /home/daisuke/Autoware/ros/install/dbw_mkz_msgs/include/dbw_mkz_msgs/ThrottleInfoReport.h
-- Installing: /home/daisuke/Autoware/ros/install/dbw_mkz_msgs/include/dbw_mkz_msgs/AmbientLight.h
-- Installing: /home/daisuke/Autoware/ros/install/dbw_mkz_msgs/include/dbw_mkz_msgs/Gear.h
-- Installing: /home/daisuke/Autoware/ros/install/dbw_mkz_msgs/include/dbw_mkz_msgs/TwistCmd.h
-- Installing: /home/daisuke/Autoware/ros/install/dbw_mkz_msgs/include/dbw_mkz_msgs/GearReport.h
-- Installing: /home/daisuke/Autoware/ros/install/dbw_mkz_msgs/include/dbw_mkz_msgs/Misc1Report.h
-- Installing: /home/daisuke/Autoware/ros/install/dbw_mkz_msgs/include/dbw_mkz_msgs/SteeringCmd.h
-- Installing: /home/daisuke/Autoware/ros/install/dbw_mkz_msgs/include/dbw_mkz_msgs/WheelSpeedReport.h
-- Installing: /home/daisuke/Autoware/ros/install/dbw_mkz_msgs/include/dbw_mkz_msgs/TirePressureReport.h
-- Installing: /home/daisuke/Autoware/ros/install/dbw_mkz_msgs/share/roseus/ros/dbw_mkz_msgs
-- Installing: /home/daisuke/Autoware/ros/install/dbw_mkz_msgs/share/roseus/ros/dbw_mkz_msgs/manifest.l
-- Installing: /home/daisuke/Autoware/ros/install/dbw_mkz_msgs/share/roseus/ros/dbw_mkz_msgs/msg
-- Installing: /home/daisuke/Autoware/ros/install/dbw_mkz_msgs/share/roseus/ros/dbw_mkz_msgs/msg/GearCmd.l
-- Installing: /home/daisuke/Autoware/ros/install/dbw_mkz_msgs/share/roseus/ros/dbw_mkz_msgs/msg/AmbientLight.l
-- Installing: /home/daisuke/Autoware/ros/install/dbw_mkz_msgs/share/roseus/ros/dbw_mkz_msgs/msg/GearReject.l
-- Installing: /home/daisuke/Autoware/ros/install/dbw_mkz_msgs/share/roseus/ros/dbw_mkz_msgs/msg/BrakeCmd.l
-- Installing: /home/daisuke/Autoware/ros/install/dbw_mkz_msgs/share/roseus/ros/dbw_mkz_msgs/msg/FuelLevelReport.l
-- Installing: /home/daisuke/Autoware/ros/install/dbw_mkz_msgs/share/roseus/ros/dbw_mkz_msgs/msg/SurroundReport.l
-- Installing: /home/daisuke/Autoware/ros/install/dbw_mkz_msgs/share/roseus/ros/dbw_mkz_msgs/msg/TirePressureReport.l
-- Installing: /home/daisuke/Autoware/ros/install/dbw_mkz_msgs/share/roseus/ros/dbw_mkz_msgs/msg/WatchdogCounter.l
-- Installing: /home/daisuke/Autoware/ros/install/dbw_mkz_msgs/share/roseus/ros/dbw_mkz_msgs/msg/BrakeInfoReport.l
-- Installing: /home/daisuke/Autoware/ros/install/dbw_mkz_msgs/share/roseus/ros/dbw_mkz_msgs/msg/TwistCmd.l
-- Installing: /home/daisuke/Autoware/ros/install/dbw_mkz_msgs/share/roseus/ros/dbw_mkz_msgs/msg/ParkingBrake.l
-- Installing: /home/daisuke/Autoware/ros/install/dbw_mkz_msgs/share/roseus/ros/dbw_mkz_msgs/msg/TurnSignalCmd.l
-- Installing: /home/daisuke/Autoware/ros/install/dbw_mkz_msgs/share/roseus/ros/dbw_mkz_msgs/msg/WheelSpeedReport.l
-- Installing: /home/daisuke/Autoware/ros/install/dbw_mkz_msgs/share/roseus/ros/dbw_mkz_msgs/msg/Misc1Report.l
-- Installing: /home/daisuke/Autoware/ros/install/dbw_mkz_msgs/share/roseus/ros/dbw_mkz_msgs/msg/SteeringCmd.l
-- Installing: /home/daisuke/Autoware/ros/install/dbw_mkz_msgs/share/roseus/ros/dbw_mkz_msgs/msg/TurnSignal.l
-- Installing: /home/daisuke/Autoware/ros/install/dbw_mkz_msgs/share/roseus/ros/dbw_mkz_msgs/msg/Wiper.l
-- Installing: /home/daisuke/Autoware/ros/install/dbw_mkz_msgs/share/roseus/ros/dbw_mkz_msgs/msg/HillStartAssist.l
-- Installing: /home/daisuke/Autoware/ros/install/dbw_mkz_msgs/share/roseus/ros/dbw_mkz_msgs/msg/ThrottleInfoReport.l
-- Installing: /home/daisuke/Autoware/ros/install/dbw_mkz_msgs/share/roseus/ros/dbw_mkz_msgs/msg/ThrottleCmd.l
-- Installing: /home/daisuke/Autoware/ros/install/dbw_mkz_msgs/share/roseus/ros/dbw_mkz_msgs/msg/BrakeReport.l
-- Installing: /home/daisuke/Autoware/ros/install/dbw_mkz_msgs/share/roseus/ros/dbw_mkz_msgs/msg/GearReport.l
-- Installing: /home/daisuke/Autoware/ros/install/dbw_mkz_msgs/share/roseus/ros/dbw_mkz_msgs/msg/ThrottleReport.l
-- Installing: /home/daisuke/Autoware/ros/install/dbw_mkz_msgs/share/roseus/ros/dbw_mkz_msgs/msg/Gear.l
-- Installing: /home/daisuke/Autoware/ros/install/dbw_mkz_msgs/share/roseus/ros/dbw_mkz_msgs/msg/SteeringReport.l
-- Installing: /home/daisuke/Autoware/ros/install/dbw_mkz_msgs/share/roseus/ros/dbw_mkz_msgs/msg/WheelPositionReport.l
-- Installing: /home/daisuke/Autoware/ros/install/dbw_mkz_msgs/share/common-lisp/ros/dbw_mkz_msgs
-- Installing: /home/daisuke/Autoware/ros/install/dbw_mkz_msgs/share/common-lisp/ros/dbw_mkz_msgs/msg
-- Installing: /home/daisuke/Autoware/ros/install/dbw_mkz_msgs/share/common-lisp/ros/dbw_mkz_msgs/msg/_package_BrakeCmd.lisp
-- Installing: /home/daisuke/Autoware/ros/install/dbw_mkz_msgs/share/common-lisp/ros/dbw_mkz_msgs/msg/SteeringReport.lisp
-- Installing: /home/daisuke/Autoware/ros/install/dbw_mkz_msgs/share/common-lisp/ros/dbw_mkz_msgs/msg/_package_SteeringCmd.lisp
-- Installing: /home/daisuke/Autoware/ros/install/dbw_mkz_msgs/share/common-lisp/ros/dbw_mkz_msgs/msg/Wiper.lisp
-- Installing: /home/daisuke/Autoware/ros/install/dbw_mkz_msgs/share/common-lisp/ros/dbw_mkz_msgs/msg/_package_ThrottleInfoReport.lisp
-- Installing: /home/daisuke/Autoware/ros/install/dbw_mkz_msgs/share/common-lisp/ros/dbw_mkz_msgs/msg/_package_Wiper.lisp
-- Installing: /home/daisuke/Autoware/ros/install/dbw_mkz_msgs/share/common-lisp/ros/dbw_mkz_msgs/msg/_package_FuelLevelReport.lisp
-- Installing: /home/daisuke/Autoware/ros/install/dbw_mkz_msgs/share/common-lisp/ros/dbw_mkz_msgs/msg/SteeringCmd.lisp
-- Installing: /home/daisuke/Autoware/ros/install/dbw_mkz_msgs/share/common-lisp/ros/dbw_mkz_msgs/msg/_package_BrakeInfoReport.lisp
-- Installing: /home/daisuke/Autoware/ros/install/dbw_mkz_msgs/share/common-lisp/ros/dbw_mkz_msgs/msg/FuelLevelReport.lisp
-- Installing: /home/daisuke/Autoware/ros/install/dbw_mkz_msgs/share/common-lisp/ros/dbw_mkz_msgs/msg/Gear.lisp
-- Installing: /home/daisuke/Autoware/ros/install/dbw_mkz_msgs/share/common-lisp/ros/dbw_mkz_msgs/msg/WheelSpeedReport.lisp
-- Installing: /home/daisuke/Autoware/ros/install/dbw_mkz_msgs/share/common-lisp/ros/dbw_mkz_msgs/msg/WheelPositionReport.lisp
-- Installing: /home/daisuke/Autoware/ros/install/dbw_mkz_msgs/share/common-lisp/ros/dbw_mkz_msgs/msg/BrakeReport.lisp
-- Installing: /home/daisuke/Autoware/ros/install/dbw_mkz_msgs/share/common-lisp/ros/dbw_mkz_msgs/msg/ParkingBrake.lisp
-- Installing: /home/daisuke/Autoware/ros/install/dbw_mkz_msgs/share/common-lisp/ros/dbw_mkz_msgs/msg/SurroundReport.lisp
-- Installing: /home/daisuke/Autoware/ros/install/dbw_mkz_msgs/share/common-lisp/ros/dbw_mkz_msgs/msg/GearCmd.lisp
-- Installing: /home/daisuke/Autoware/ros/install/dbw_mkz_msgs/share/common-lisp/ros/dbw_mkz_msgs/msg/WatchdogCounter.lisp
-- Installing: /home/daisuke/Autoware/ros/install/dbw_mkz_msgs/share/common-lisp/ros/dbw_mkz_msgs/msg/BrakeInfoReport.lisp
-- Installing: /home/daisuke/Autoware/ros/install/dbw_mkz_msgs/share/common-lisp/ros/dbw_mkz_msgs/msg/_package_WatchdogCounter.lisp
-- Installing: /home/daisuke/Autoware/ros/install/dbw_mkz_msgs/share/common-lisp/ros/dbw_mkz_msgs/msg/HillStartAssist.lisp
-- Installing: /home/daisuke/Autoware/ros/install/dbw_mkz_msgs/share/common-lisp/ros/dbw_mkz_msgs/msg/_package_Gear.lisp
-- Installing: /home/daisuke/Autoware/ros/install/dbw_mkz_msgs/share/common-lisp/ros/dbw_mkz_msgs/msg/ThrottleInfoReport.lisp
-- Installing: /home/daisuke/Autoware/ros/install/dbw_mkz_msgs/share/common-lisp/ros/dbw_mkz_msgs/msg/ThrottleCmd.lisp
-- Installing: /home/daisuke/Autoware/ros/install/dbw_mkz_msgs/share/common-lisp/ros/dbw_mkz_msgs/msg/_package_TirePressureReport.lisp
-- Installing: /home/daisuke/Autoware/ros/install/dbw_mkz_msgs/share/common-lisp/ros/dbw_mkz_msgs/msg/_package_WheelSpeedReport.lisp
-- Installing: /home/daisuke/Autoware/ros/install/dbw_mkz_msgs/share/common-lisp/ros/dbw_mkz_msgs/msg/AmbientLight.lisp
-- Installing: /home/daisuke/Autoware/ros/install/dbw_mkz_msgs/share/common-lisp/ros/dbw_mkz_msgs/msg/_package_ThrottleReport.lisp
-- Installing: /home/daisuke/Autoware/ros/install/dbw_mkz_msgs/share/common-lisp/ros/dbw_mkz_msgs/msg/dbw_mkz_msgs-msg.asd
-- Installing: /home/daisuke/Autoware/ros/install/dbw_mkz_msgs/share/common-lisp/ros/dbw_mkz_msgs/msg/_package.lisp
-- Installing: /home/daisuke/Autoware/ros/install/dbw_mkz_msgs/share/common-lisp/ros/dbw_mkz_msgs/msg/BrakeCmd.lisp
-- Installing: /home/daisuke/Autoware/ros/install/dbw_mkz_msgs/share/common-lisp/ros/dbw_mkz_msgs/msg/TurnSignalCmd.lisp
-- Installing: /home/daisuke/Autoware/ros/install/dbw_mkz_msgs/share/common-lisp/ros/dbw_mkz_msgs/msg/_package_HillStartAssist.lisp
-- Installing: /home/daisuke/Autoware/ros/install/dbw_mkz_msgs/share/common-lisp/ros/dbw_mkz_msgs/msg/TwistCmd.lisp
-- Installing: /home/daisuke/Autoware/ros/install/dbw_mkz_msgs/share/common-lisp/ros/dbw_mkz_msgs/msg/_package_GearCmd.lisp
-- Installing: /home/daisuke/Autoware/ros/install/dbw_mkz_msgs/share/common-lisp/ros/dbw_mkz_msgs/msg/_package_BrakeReport.lisp
-- Installing: /home/daisuke/Autoware/ros/install/dbw_mkz_msgs/share/common-lisp/ros/dbw_mkz_msgs/msg/GearReject.lisp
-- Installing: /home/daisuke/Autoware/ros/install/dbw_mkz_msgs/share/common-lisp/ros/dbw_mkz_msgs/msg/TirePressureReport.lisp
-- Installing: /home/daisuke/Autoware/ros/install/dbw_mkz_msgs/share/common-lisp/ros/dbw_mkz_msgs/msg/_package_SteeringReport.lisp
-- Installing: /home/daisuke/Autoware/ros/install/dbw_mkz_msgs/share/common-lisp/ros/dbw_mkz_msgs/msg/_package_GearReject.lisp
-- Installing: /home/daisuke/Autoware/ros/install/dbw_mkz_msgs/share/common-lisp/ros/dbw_mkz_msgs/msg/_package_Misc1Report.lisp
-- Installing: /home/daisuke/Autoware/ros/install/dbw_mkz_msgs/share/common-lisp/ros/dbw_mkz_msgs/msg/_package_TurnSignal.lisp
-- Installing: /home/daisuke/Autoware/ros/install/dbw_mkz_msgs/share/common-lisp/ros/dbw_mkz_msgs/msg/GearReport.lisp
-- Installing: /home/daisuke/Autoware/ros/install/dbw_mkz_msgs/share/common-lisp/ros/dbw_mkz_msgs/msg/_package_GearReport.lisp
-- Installing: /home/daisuke/Autoware/ros/install/dbw_mkz_msgs/share/common-lisp/ros/dbw_mkz_msgs/msg/Misc1Report.lisp
-- Installing: /home/daisuke/Autoware/ros/install/dbw_mkz_msgs/share/common-lisp/ros/dbw_mkz_msgs/msg/ThrottleReport.lisp
-- Installing: /home/daisuke/Autoware/ros/install/dbw_mkz_msgs/share/common-lisp/ros/dbw_mkz_msgs/msg/_package_ThrottleCmd.lisp
-- Installing: /home/daisuke/Autoware/ros/install/dbw_mkz_msgs/share/common-lisp/ros/dbw_mkz_msgs/msg/_package_AmbientLight.lisp
-- Installing: /home/daisuke/Autoware/ros/install/dbw_mkz_msgs/share/common-lisp/ros/dbw_mkz_msgs/msg/_package_WheelPositionReport.lisp
-- Installing: /home/daisuke/Autoware/ros/install/dbw_mkz_msgs/share/common-lisp/ros/dbw_mkz_msgs/msg/_package_ParkingBrake.lisp
-- Installing: /home/daisuke/Autoware/ros/install/dbw_mkz_msgs/share/common-lisp/ros/dbw_mkz_msgs/msg/_package_TurnSignalCmd.lisp
-- Installing: /home/daisuke/Autoware/ros/install/dbw_mkz_msgs/share/common-lisp/ros/dbw_mkz_msgs/msg/_package_TwistCmd.lisp
-- Installing: /home/daisuke/Autoware/ros/install/dbw_mkz_msgs/share/common-lisp/ros/dbw_mkz_msgs/msg/TurnSignal.lisp
-- Installing: /home/daisuke/Autoware/ros/install/dbw_mkz_msgs/share/common-lisp/ros/dbw_mkz_msgs/msg/_package_SurroundReport.lisp
-- Installing: /home/daisuke/Autoware/ros/install/dbw_mkz_msgs/share/gennodejs/ros/dbw_mkz_msgs
-- Installing: /home/daisuke/Autoware/ros/install/dbw_mkz_msgs/share/gennodejs/ros/dbw_mkz_msgs/msg
-- Installing: /home/daisuke/Autoware/ros/install/dbw_mkz_msgs/share/gennodejs/ros/dbw_mkz_msgs/msg/Misc1Report.js
-- Installing: /home/daisuke/Autoware/ros/install/dbw_mkz_msgs/share/gennodejs/ros/dbw_mkz_msgs/msg/SteeringReport.js
-- Installing: /home/daisuke/Autoware/ros/install/dbw_mkz_msgs/share/gennodejs/ros/dbw_mkz_msgs/msg/SurroundReport.js
-- Installing: /home/daisuke/Autoware/ros/install/dbw_mkz_msgs/share/gennodejs/ros/dbw_mkz_msgs/msg/TirePressureReport.js
-- Installing: /home/daisuke/Autoware/ros/install/dbw_mkz_msgs/share/gennodejs/ros/dbw_mkz_msgs/msg/ThrottleInfoReport.js
-- Installing: /home/daisuke/Autoware/ros/install/dbw_mkz_msgs/share/gennodejs/ros/dbw_mkz_msgs/msg/BrakeInfoReport.js
-- Installing: /home/daisuke/Autoware/ros/install/dbw_mkz_msgs/share/gennodejs/ros/dbw_mkz_msgs/msg/GearReject.js
-- Installing: /home/daisuke/Autoware/ros/install/dbw_mkz_msgs/share/gennodejs/ros/dbw_mkz_msgs/msg/TwistCmd.js
-- Installing: /home/daisuke/Autoware/ros/install/dbw_mkz_msgs/share/gennodejs/ros/dbw_mkz_msgs/msg/SteeringCmd.js
-- Installing: /home/daisuke/Autoware/ros/install/dbw_mkz_msgs/share/gennodejs/ros/dbw_mkz_msgs/msg/ParkingBrake.js
-- Installing: /home/daisuke/Autoware/ros/install/dbw_mkz_msgs/share/gennodejs/ros/dbw_mkz_msgs/msg/Gear.js
-- Installing: /home/daisuke/Autoware/ros/install/dbw_mkz_msgs/share/gennodejs/ros/dbw_mkz_msgs/msg/TurnSignal.js
-- Installing: /home/daisuke/Autoware/ros/install/dbw_mkz_msgs/share/gennodejs/ros/dbw_mkz_msgs/msg/BrakeCmd.js
-- Installing: /home/daisuke/Autoware/ros/install/dbw_mkz_msgs/share/gennodejs/ros/dbw_mkz_msgs/msg/ThrottleReport.js
-- Installing: /home/daisuke/Autoware/ros/install/dbw_mkz_msgs/share/gennodejs/ros/dbw_mkz_msgs/msg/HillStartAssist.js
-- Installing: /home/daisuke/Autoware/ros/install/dbw_mkz_msgs/share/gennodejs/ros/dbw_mkz_msgs/msg/WheelPositionReport.js
-- Installing: /home/daisuke/Autoware/ros/install/dbw_mkz_msgs/share/gennodejs/ros/dbw_mkz_msgs/msg/WheelSpeedReport.js
-- Installing: /home/daisuke/Autoware/ros/install/dbw_mkz_msgs/share/gennodejs/ros/dbw_mkz_msgs/msg/GearCmd.js
-- Installing: /home/daisuke/Autoware/ros/install/dbw_mkz_msgs/share/gennodejs/ros/dbw_mkz_msgs/msg/AmbientLight.js
-- Installing: /home/daisuke/Autoware/ros/install/dbw_mkz_msgs/share/gennodejs/ros/dbw_mkz_msgs/msg/GearReport.js
-- Installing: /home/daisuke/Autoware/ros/install/dbw_mkz_msgs/share/gennodejs/ros/dbw_mkz_msgs/msg/ThrottleCmd.js
-- Installing: /home/daisuke/Autoware/ros/install/dbw_mkz_msgs/share/gennodejs/ros/dbw_mkz_msgs/msg/WatchdogCounter.js
-- Installing: /home/daisuke/Autoware/ros/install/dbw_mkz_msgs/share/gennodejs/ros/dbw_mkz_msgs/msg/_index.js
-- Installing: /home/daisuke/Autoware/ros/install/dbw_mkz_msgs/share/gennodejs/ros/dbw_mkz_msgs/msg/TurnSignalCmd.js
-- Installing: /home/daisuke/Autoware/ros/install/dbw_mkz_msgs/share/gennodejs/ros/dbw_mkz_msgs/msg/FuelLevelReport.js
-- Installing: /home/daisuke/Autoware/ros/install/dbw_mkz_msgs/share/gennodejs/ros/dbw_mkz_msgs/msg/Wiper.js
-- Installing: /home/daisuke/Autoware/ros/install/dbw_mkz_msgs/share/gennodejs/ros/dbw_mkz_msgs/msg/BrakeReport.js
-- Installing: /home/daisuke/Autoware/ros/install/dbw_mkz_msgs/share/gennodejs/ros/dbw_mkz_msgs/_index.js
Listing /home/daisuke/Autoware/ros/build/dbw_mkz_msgs/devel/lib/python2.7/dist-packages/dbw_mkz_msgs ...
Compiling /home/daisuke/Autoware/ros/build/dbw_mkz_msgs/devel/lib/python2.7/dist-packages/dbw_mkz_msgs/__init__.py ...
Listing /home/daisuke/Autoware/ros/build/dbw_mkz_msgs/devel/lib/python2.7/dist-packages/dbw_mkz_msgs/msg ...
Compiling /home/daisuke/Autoware/ros/build/dbw_mkz_msgs/devel/lib/python2.7/dist-packages/dbw_mkz_msgs/msg/_AmbientLight.py ...
Compiling /home/daisuke/Autoware/ros/build/dbw_mkz_msgs/devel/lib/python2.7/dist-packages/dbw_mkz_msgs/msg/_BrakeCmd.py ...
Compiling /home/daisuke/Autoware/ros/build/dbw_mkz_msgs/devel/lib/python2.7/dist-packages/dbw_mkz_msgs/msg/_BrakeInfoReport.py ...
Compiling /home/daisuke/Autoware/ros/build/dbw_mkz_msgs/devel/lib/python2.7/dist-packages/dbw_mkz_msgs/msg/_BrakeReport.py ...
Compiling /home/daisuke/Autoware/ros/build/dbw_mkz_msgs/devel/lib/python2.7/dist-packages/dbw_mkz_msgs/msg/_FuelLevelReport.py ...
Compiling /home/daisuke/Autoware/ros/build/dbw_mkz_msgs/devel/lib/python2.7/dist-packages/dbw_mkz_msgs/msg/_Gear.py ...
Compiling /home/daisuke/Autoware/ros/build/dbw_mkz_msgs/devel/lib/python2.7/dist-packages/dbw_mkz_msgs/msg/_GearCmd.py ...
Compiling /home/daisuke/Autoware/ros/build/dbw_mkz_msgs/devel/lib/python2.7/dist-packages/dbw_mkz_msgs/msg/_GearReject.py ...
Compiling /home/daisuke/Autoware/ros/build/dbw_mkz_msgs/devel/lib/python2.7/dist-packages/dbw_mkz_msgs/msg/_GearReport.py ...
Compiling /home/daisuke/Autoware/ros/build/dbw_mkz_msgs/devel/lib/python2.7/dist-packages/dbw_mkz_msgs/msg/_HillStartAssist.py ...
Compiling /home/daisuke/Autoware/ros/build/dbw_mkz_msgs/devel/lib/python2.7/dist-packages/dbw_mkz_msgs/msg/_Misc1Report.py ...
Compiling /home/daisuke/Autoware/ros/build/dbw_mkz_msgs/devel/lib/python2.7/dist-packages/dbw_mkz_msgs/msg/_ParkingBrake.py ...
Compiling /home/daisuke/Autoware/ros/build/dbw_mkz_msgs/devel/lib/python2.7/dist-packages/dbw_mkz_msgs/msg/_SteeringCmd.py ...
Compiling /home/daisuke/Autoware/ros/build/dbw_mkz_msgs/devel/lib/python2.7/dist-packages/dbw_mkz_msgs/msg/_SteeringReport.py ...
Compiling /home/daisuke/Autoware/ros/build/dbw_mkz_msgs/devel/lib/python2.7/dist-packages/dbw_mkz_msgs/msg/_SurroundReport.py ...
Compiling /home/daisuke/Autoware/ros/build/dbw_mkz_msgs/devel/lib/python2.7/dist-packages/dbw_mkz_msgs/msg/_ThrottleCmd.py ...
Compiling /home/daisuke/Autoware/ros/build/dbw_mkz_msgs/devel/lib/python2.7/dist-packages/dbw_mkz_msgs/msg/_ThrottleInfoReport.py ...
Compiling /home/daisuke/Autoware/ros/build/dbw_mkz_msgs/devel/lib/python2.7/dist-packages/dbw_mkz_msgs/msg/_ThrottleReport.py ...
Compiling /home/daisuke/Autoware/ros/build/dbw_mkz_msgs/devel/lib/python2.7/dist-packages/dbw_mkz_msgs/msg/_TirePressureReport.py ...
Compiling /home/daisuke/Autoware/ros/build/dbw_mkz_msgs/devel/lib/python2.7/dist-packages/dbw_mkz_msgs/msg/_TurnSignal.py ...
Compiling /home/daisuke/Autoware/ros/build/dbw_mkz_msgs/devel/lib/python2.7/dist-packages/dbw_mkz_msgs/msg/_TurnSignalCmd.py ...
Compiling /home/daisuke/Autoware/ros/build/dbw_mkz_msgs/devel/lib/python2.7/dist-packages/dbw_mkz_msgs/msg/_TwistCmd.py ...
Compiling /home/daisuke/Autoware/ros/build/dbw_mkz_msgs/devel/lib/python2.7/dist-packages/dbw_mkz_msgs/msg/_WatchdogCounter.py ...
Compiling /home/daisuke/Autoware/ros/build/dbw_mkz_msgs/devel/lib/python2.7/dist-packages/dbw_mkz_msgs/msg/_WheelPositionReport.py ...
Compiling /home/daisuke/Autoware/ros/build/dbw_mkz_msgs/devel/lib/python2.7/dist-packages/dbw_mkz_msgs/msg/_WheelSpeedReport.py ...
Compiling /home/daisuke/Autoware/ros/build/dbw_mkz_msgs/devel/lib/python2.7/dist-packages/dbw_mkz_msgs/msg/_Wiper.py ...
Compiling /home/daisuke/Autoware/ros/build/dbw_mkz_msgs/devel/lib/python2.7/dist-packages/dbw_mkz_msgs/msg/__init__.py ...
-- Installing: /home/daisuke/Autoware/ros/install/dbw_mkz_msgs/lib/python2.7/dist-packages/dbw_mkz_msgs
-- Installing: /home/daisuke/Autoware/ros/install/dbw_mkz_msgs/lib/python2.7/dist-packages/dbw_mkz_msgs/__init__.pyc
-- Installing: /home/daisuke/Autoware/ros/install/dbw_mkz_msgs/lib/python2.7/dist-packages/dbw_mkz_msgs/__init__.py
-- Installing: /home/daisuke/Autoware/ros/install/dbw_mkz_msgs/lib/python2.7/dist-packages/dbw_mkz_msgs/msg
-- Installing: /home/daisuke/Autoware/ros/install/dbw_mkz_msgs/lib/python2.7/dist-packages/dbw_mkz_msgs/msg/_BrakeReport.py
-- Installing: /home/daisuke/Autoware/ros/install/dbw_mkz_msgs/lib/python2.7/dist-packages/dbw_mkz_msgs/msg/_WatchdogCounter.py
-- Installing: /home/daisuke/Autoware/ros/install/dbw_mkz_msgs/lib/python2.7/dist-packages/dbw_mkz_msgs/msg/_SteeringCmd.py
-- Installing: /home/daisuke/Autoware/ros/install/dbw_mkz_msgs/lib/python2.7/dist-packages/dbw_mkz_msgs/msg/_ThrottleReport.pyc
-- Installing: /home/daisuke/Autoware/ros/install/dbw_mkz_msgs/lib/python2.7/dist-packages/dbw_mkz_msgs/msg/_WheelSpeedReport.pyc
-- Installing: /home/daisuke/Autoware/ros/install/dbw_mkz_msgs/lib/python2.7/dist-packages/dbw_mkz_msgs/msg/_TurnSignalCmd.pyc
-- Installing: /home/daisuke/Autoware/ros/install/dbw_mkz_msgs/lib/python2.7/dist-packages/dbw_mkz_msgs/msg/_GearCmd.pyc
-- Installing: /home/daisuke/Autoware/ros/install/dbw_mkz_msgs/lib/python2.7/dist-packages/dbw_mkz_msgs/msg/_GearReport.pyc
-- Installing: /home/daisuke/Autoware/ros/install/dbw_mkz_msgs/lib/python2.7/dist-packages/dbw_mkz_msgs/msg/_BrakeInfoReport.py
-- Installing: /home/daisuke/Autoware/ros/install/dbw_mkz_msgs/lib/python2.7/dist-packages/dbw_mkz_msgs/msg/_FuelLevelReport.pyc
-- Installing: /home/daisuke/Autoware/ros/install/dbw_mkz_msgs/lib/python2.7/dist-packages/dbw_mkz_msgs/msg/_ThrottleInfoReport.py
-- Installing: /home/daisuke/Autoware/ros/install/dbw_mkz_msgs/lib/python2.7/dist-packages/dbw_mkz_msgs/msg/_WheelPositionReport.py
-- Installing: /home/daisuke/Autoware/ros/install/dbw_mkz_msgs/lib/python2.7/dist-packages/dbw_mkz_msgs/msg/_SteeringReport.py
-- Installing: /home/daisuke/Autoware/ros/install/dbw_mkz_msgs/lib/python2.7/dist-packages/dbw_mkz_msgs/msg/_BrakeReport.pyc
-- Installing: /home/daisuke/Autoware/ros/install/dbw_mkz_msgs/lib/python2.7/dist-packages/dbw_mkz_msgs/msg/_FuelLevelReport.py
-- Installing: /home/daisuke/Autoware/ros/install/dbw_mkz_msgs/lib/python2.7/dist-packages/dbw_mkz_msgs/msg/_ThrottleInfoReport.pyc
-- Installing: /home/daisuke/Autoware/ros/install/dbw_mkz_msgs/lib/python2.7/dist-packages/dbw_mkz_msgs/msg/_TurnSignal.pyc
-- Installing: /home/daisuke/Autoware/ros/install/dbw_mkz_msgs/lib/python2.7/dist-packages/dbw_mkz_msgs/msg/_GearReject.pyc
-- Installing: /home/daisuke/Autoware/ros/install/dbw_mkz_msgs/lib/python2.7/dist-packages/dbw_mkz_msgs/msg/_ThrottleReport.py
-- Installing: /home/daisuke/Autoware/ros/install/dbw_mkz_msgs/lib/python2.7/dist-packages/dbw_mkz_msgs/msg/__init__.pyc
-- Installing: /home/daisuke/Autoware/ros/install/dbw_mkz_msgs/lib/python2.7/dist-packages/dbw_mkz_msgs/msg/__init__.py
-- Installing: /home/daisuke/Autoware/ros/install/dbw_mkz_msgs/lib/python2.7/dist-packages/dbw_mkz_msgs/msg/_HillStartAssist.py
-- Installing: /home/daisuke/Autoware/ros/install/dbw_mkz_msgs/lib/python2.7/dist-packages/dbw_mkz_msgs/msg/_Gear.py
-- Installing: /home/daisuke/Autoware/ros/install/dbw_mkz_msgs/lib/python2.7/dist-packages/dbw_mkz_msgs/msg/_HillStartAssist.pyc
-- Installing: /home/daisuke/Autoware/ros/install/dbw_mkz_msgs/lib/python2.7/dist-packages/dbw_mkz_msgs/msg/_AmbientLight.pyc
-- Installing: /home/daisuke/Autoware/ros/install/dbw_mkz_msgs/lib/python2.7/dist-packages/dbw_mkz_msgs/msg/_WatchdogCounter.pyc
-- Installing: /home/daisuke/Autoware/ros/install/dbw_mkz_msgs/lib/python2.7/dist-packages/dbw_mkz_msgs/msg/_BrakeCmd.py
-- Installing: /home/daisuke/Autoware/ros/install/dbw_mkz_msgs/lib/python2.7/dist-packages/dbw_mkz_msgs/msg/_Wiper.pyc
-- Installing: /home/daisuke/Autoware/ros/install/dbw_mkz_msgs/lib/python2.7/dist-packages/dbw_mkz_msgs/msg/_Gear.pyc
-- Installing: /home/daisuke/Autoware/ros/install/dbw_mkz_msgs/lib/python2.7/dist-packages/dbw_mkz_msgs/msg/_TirePressureReport.py
-- Installing: /home/daisuke/Autoware/ros/install/dbw_mkz_msgs/lib/python2.7/dist-packages/dbw_mkz_msgs/msg/_BrakeCmd.pyc
-- Installing: /home/daisuke/Autoware/ros/install/dbw_mkz_msgs/lib/python2.7/dist-packages/dbw_mkz_msgs/msg/_WheelPositionReport.pyc
-- Installing: /home/daisuke/Autoware/ros/install/dbw_mkz_msgs/lib/python2.7/dist-packages/dbw_mkz_msgs/msg/_Wiper.py
-- Installing: /home/daisuke/Autoware/ros/install/dbw_mkz_msgs/lib/python2.7/dist-packages/dbw_mkz_msgs/msg/_TirePressureReport.pyc
-- Installing: /home/daisuke/Autoware/ros/install/dbw_mkz_msgs/lib/python2.7/dist-packages/dbw_mkz_msgs/msg/_ThrottleCmd.py
-- Installing: /home/daisuke/Autoware/ros/install/dbw_mkz_msgs/lib/python2.7/dist-packages/dbw_mkz_msgs/msg/_ParkingBrake.pyc
-- Installing: /home/daisuke/Autoware/ros/install/dbw_mkz_msgs/lib/python2.7/dist-packages/dbw_mkz_msgs/msg/_AmbientLight.py
-- Installing: /home/daisuke/Autoware/ros/install/dbw_mkz_msgs/lib/python2.7/dist-packages/dbw_mkz_msgs/msg/_TwistCmd.py
-- Installing: /home/daisuke/Autoware/ros/install/dbw_mkz_msgs/lib/python2.7/dist-packages/dbw_mkz_msgs/msg/_WheelSpeedReport.py
-- Installing: /home/daisuke/Autoware/ros/install/dbw_mkz_msgs/lib/python2.7/dist-packages/dbw_mkz_msgs/msg/_ThrottleCmd.pyc
-- Installing: /home/daisuke/Autoware/ros/install/dbw_mkz_msgs/lib/python2.7/dist-packages/dbw_mkz_msgs/msg/_SurroundReport.pyc
-- Installing: /home/daisuke/Autoware/ros/install/dbw_mkz_msgs/lib/python2.7/dist-packages/dbw_mkz_msgs/msg/_TwistCmd.pyc
-- Installing: /home/daisuke/Autoware/ros/install/dbw_mkz_msgs/lib/python2.7/dist-packages/dbw_mkz_msgs/msg/_GearCmd.py
-- Installing: /home/daisuke/Autoware/ros/install/dbw_mkz_msgs/lib/python2.7/dist-packages/dbw_mkz_msgs/msg/_ParkingBrake.py
-- Installing: /home/daisuke/Autoware/ros/install/dbw_mkz_msgs/lib/python2.7/dist-packages/dbw_mkz_msgs/msg/_BrakeInfoReport.pyc
-- Installing: /home/daisuke/Autoware/ros/install/dbw_mkz_msgs/lib/python2.7/dist-packages/dbw_mkz_msgs/msg/_TurnSignalCmd.py
-- Installing: /home/daisuke/Autoware/ros/install/dbw_mkz_msgs/lib/python2.7/dist-packages/dbw_mkz_msgs/msg/_TurnSignal.py
-- Installing: /home/daisuke/Autoware/ros/install/dbw_mkz_msgs/lib/python2.7/dist-packages/dbw_mkz_msgs/msg/_SteeringReport.pyc
-- Installing: /home/daisuke/Autoware/ros/install/dbw_mkz_msgs/lib/python2.7/dist-packages/dbw_mkz_msgs/msg/_Misc1Report.pyc
-- Installing: /home/daisuke/Autoware/ros/install/dbw_mkz_msgs/lib/python2.7/dist-packages/dbw_mkz_msgs/msg/_Misc1Report.py
-- Installing: /home/daisuke/Autoware/ros/install/dbw_mkz_msgs/lib/python2.7/dist-packages/dbw_mkz_msgs/msg/_SteeringCmd.pyc
-- Installing: /home/daisuke/Autoware/ros/install/dbw_mkz_msgs/lib/python2.7/dist-packages/dbw_mkz_msgs/msg/_GearReport.py
-- Installing: /home/daisuke/Autoware/ros/install/dbw_mkz_msgs/lib/python2.7/dist-packages/dbw_mkz_msgs/msg/_GearReject.py
-- Installing: /home/daisuke/Autoware/ros/install/dbw_mkz_msgs/lib/python2.7/dist-packages/dbw_mkz_msgs/msg/_SurroundReport.py
-- Installing: /home/daisuke/Autoware/ros/install/dbw_mkz_msgs/lib/pkgconfig/dbw_mkz_msgs.pc
-- Installing: /home/daisuke/Autoware/ros/install/dbw_mkz_msgs/share/dbw_mkz_msgs/cmake/dbw_mkz_msgs-msg-extras.cmake
-- Installing: /home/daisuke/Autoware/ros/install/dbw_mkz_msgs/share/dbw_mkz_msgs/cmake/dbw_mkz_msgsConfig.cmake
-- Installing: /home/daisuke/Autoware/ros/install/dbw_mkz_msgs/share/dbw_mkz_msgs/cmake/dbw_mkz_msgsConfig-version.cmake
-- Installing: /home/daisuke/Autoware/ros/install/dbw_mkz_msgs/share/dbw_mkz_msgs/package.xml
Invoked command in '/home/daisuke/Autoware/ros/build/dbw_mkz_msgs' returned '0': /usr/bin/cmake --build /home/daisuke/Autoware/ros/build/dbw_mkz_msgs --target install
