-- The C compiler identification is GNU 5.4.0
-- The CXX compiler identification is GNU 5.4.0
-- Check for working C compiler: /usr/bin/cc
-- Check for working C compiler: /usr/bin/cc -- works
-- Detecting C compiler ABI info
-- Detecting C compiler ABI info - done
-- Detecting C compile features
-- Detecting C compile features - done
-- Check for working CXX compiler: /usr/bin/c++
-- Check for working CXX compiler: /usr/bin/c++ -- works
-- Detecting CXX compiler ABI info
-- Detecting CXX compiler ABI info - done
-- Detecting CXX compile features
-- Detecting CXX compile features - done
-- Using CATKIN_DEVEL_PREFIX: /home/daisuke/Autoware/ros/build/sick_ldmrs_driver/devel
-- Using CMAKE_PREFIX_PATH: /home/daisuke/Autoware/ros/install/sick_ldmrs_msgs;/home/daisuke/Autoware/ros/install/sick_ldmrs_description;/home/daisuke/Autoware/ros/devel;/opt/ros/kinetic
-- This workspace overlays: /home/daisuke/Autoware/ros/install/sick_ldmrs_msgs;/home/daisuke/Autoware/ros/install/sick_ldmrs_description;/opt/ros/kinetic
-- Found PythonInterp: /home/daisuke/pyenv/shims/python (found version "2.7.12") 
-- Using PYTHON_EXECUTABLE: /home/daisuke/pyenv/shims/python
-- Using Debian Python package layout
-- Using empy: /usr/bin/empy
-- Using CATKIN_ENABLE_TESTING: ON
-- Call enable_testing()
-- Using CATKIN_TEST_RESULTS_DIR: /home/daisuke/Autoware/ros/build/sick_ldmrs_driver/test_results
-- Found gmock sources under '/usr/src/gmock': gmock will be built
-- Looking for pthread.h
-- Looking for pthread.h - found
-- Looking for pthread_create
-- Looking for pthread_create - not found
-- Looking for pthread_create in pthreads
-- Looking for pthread_create in pthreads - not found
-- Looking for pthread_create in pthread
-- Looking for pthread_create in pthread - found
-- Found Threads: TRUE  
-- Found gtest sources under '/usr/src/gmock': gtests will be built
-- Using Python nosetests: /usr/bin/nosetests-2.7
-- catkin 0.7.14
-- Using these message generators: gencpp;geneus;genlisp;gennodejs;genpy
-- Boost version: 1.58.0
-- Found the following Boost libraries:
--   system
-- Configuring done
-- Generating done
-- Build files have been written to: /home/daisuke/Autoware/ros/build/sick_ldmrs_driver
[35m[1mScanning dependencies of target sick_ldmrs[0m
[  1%] [32mBuilding CXX object src/driver/src/CMakeFiles/sick_ldmrs.dir/application/LdmrsApp.cpp.o[0m
[  2%] [32mBuilding CXX object src/driver/src/CMakeFiles/sick_ldmrs.dir/application/LdmrsFieldApp.cpp.o[0m
[  2%] [32mBuilding CXX object src/driver/src/CMakeFiles/sick_ldmrs.dir/application/LdmrsSectorChangeApp.cpp.o[0m
[  3%] [32mBuilding CXX object src/driver/src/CMakeFiles/sick_ldmrs.dir/application/LdmrsNtpTimeApp.cpp.o[0m
[  4%] [32mBuilding CXX object src/driver/src/CMakeFiles/sick_ldmrs.dir/application/LdmrsScanpointCoordinateApp.cpp.o[0m
[  5%] [32mBuilding CXX object src/driver/src/CMakeFiles/sick_ldmrs.dir/application/BasicApplication.cpp.o[0m
[  6%] [32mBuilding CXX object src/driver/src/CMakeFiles/sick_ldmrs.dir/devices/BasicDevice.cpp.o[0m
[  7%] [32mBuilding CXX object src/driver/src/CMakeFiles/sick_ldmrs.dir/devices/LD_MRS.cpp.o[0m
[  8%] [32mBuilding CXX object src/driver/src/CMakeFiles/sick_ldmrs.dir/devices/LuxBase.cpp.o[0m
[  8%] [32mBuilding CXX object src/driver/src/CMakeFiles/sick_ldmrs.dir/sopas/LdmrsSopasLayer.cpp.o[0m
[  9%] [32mBuilding CXX object src/driver/src/CMakeFiles/sick_ldmrs.dir/sopas/SopasBase.cpp.o[0m
[ 10%] [32mBuilding CXX object src/driver/src/CMakeFiles/sick_ldmrs.dir/sopas/colaa.cpp.o[0m
[ 12%] [32mBuilding CXX object src/driver/src/CMakeFiles/sick_ldmrs.dir/sopas/colab.cpp.o[0m
[ 13%] [32mBuilding CXX object src/driver/src/CMakeFiles/sick_ldmrs.dir/datatypes/Measurement.cpp.o[0m
[ 14%] [32mBuilding CXX object src/driver/src/CMakeFiles/sick_ldmrs.dir/datatypes/SensorStateInfo.cpp.o[0m
[35m[1mScanning dependencies of target actionlib_msgs_generate_messages_nodejs[0m
[ 14%] Built target actionlib_msgs_generate_messages_nodejs
[ 14%] [32mBuilding CXX object src/driver/src/CMakeFiles/sick_ldmrs.dir/datatypes/Fields.cpp.o[0m
[35m[1mScanning dependencies of target tf2_msgs_generate_messages_py[0m
[ 14%] Built target tf2_msgs_generate_messages_py
[35m[1mScanning dependencies of target actionlib_msgs_generate_messages_py[0m
[ 14%] Built target actionlib_msgs_generate_messages_py
[35m[1mScanning dependencies of target tf2_msgs_generate_messages_cpp[0m
[ 14%] Built target tf2_msgs_generate_messages_cpp
[35m[1mScanning dependencies of target tf2_msgs_generate_messages_eus[0m
[ 14%] Built target tf2_msgs_generate_messages_eus
[35m[1mScanning dependencies of target tf2_msgs_generate_messages_lisp[0m
[35m[1mScanning dependencies of target actionlib_msgs_generate_messages_lisp[0m
[ 14%] Built target tf2_msgs_generate_messages_lisp
[ 14%] Built target actionlib_msgs_generate_messages_lisp
[35m[1mScanning dependencies of target tf2_msgs_generate_messages_nodejs[0m
[35m[1mScanning dependencies of target actionlib_msgs_generate_messages_eus[0m
[ 14%] Built target tf2_msgs_generate_messages_nodejs
[ 14%] Built target actionlib_msgs_generate_messages_eus
[35m[1mScanning dependencies of target actionlib_generate_messages_lisp[0m
[35m[1mScanning dependencies of target actionlib_generate_messages_eus[0m
[ 14%] Built target actionlib_generate_messages_eus
[ 14%] Built target actionlib_generate_messages_lisp
[35m[1mScanning dependencies of target tf_generate_messages_py[0m
[ 14%] Built target tf_generate_messages_py
[35m[1mScanning dependencies of target tf_generate_messages_eus[0m
[35m[1mScanning dependencies of target actionlib_generate_messages_py[0m
[ 14%] Built target tf_generate_messages_eus
[ 14%] Built target actionlib_generate_messages_py
[35m[1mScanning dependencies of target sick_ldmrs_msgs_generate_messages_py[0m
[35m[1mScanning dependencies of target sick_ldmrs_msgs_generate_messages_nodejs[0m
[ 15%] [32mBuilding CXX object src/driver/src/CMakeFiles/sick_ldmrs.dir/datatypes/EvalCases.cpp.o[0m
[ 15%] Built target sick_ldmrs_msgs_generate_messages_py
[ 15%] Built target sick_ldmrs_msgs_generate_messages_nodejs
[35m[1mScanning dependencies of target sick_ldmrs_msgs_generate_messages_eus[0m
[ 15%] Built target sick_ldmrs_msgs_generate_messages_eus
[35m[1mScanning dependencies of target rosgraph_msgs_generate_messages_eus[0m
[ 15%] Built target rosgraph_msgs_generate_messages_eus
[35m[1mScanning dependencies of target tf_generate_messages_nodejs[0m
[ 15%] Built target tf_generate_messages_nodejs
[35m[1mScanning dependencies of target roscpp_generate_messages_py[0m
[ 16%] [32mBuilding CXX object src/driver/src/CMakeFiles/sick_ldmrs.dir/datatypes/EvalCaseResult.cpp.o[0m
[ 16%] Built target roscpp_generate_messages_py
[ 17%] [32mBuilding CXX object src/driver/src/CMakeFiles/sick_ldmrs.dir/datatypes/EvalCaseResults.cpp.o[0m
[35m[1mScanning dependencies of target dynamic_reconfigure_generate_messages_py[0m
[ 17%] Built target dynamic_reconfigure_generate_messages_py
[35m[1mScanning dependencies of target roscpp_generate_messages_nodejs[0m
[ 17%] Built target roscpp_generate_messages_nodejs
[ 17%] [32mBuilding CXX object src/driver/src/CMakeFiles/sick_ldmrs.dir/datatypes/Polygon2D.cpp.o[0m
[ 18%] [32mBuilding CXX object src/driver/src/CMakeFiles/sick_ldmrs.dir/datatypes/Polygon3D.cpp.o[0m
[35m[1mScanning dependencies of target rosgraph_msgs_generate_messages_lisp[0m
[ 18%] Built target rosgraph_msgs_generate_messages_lisp
[35m[1mScanning dependencies of target dynamic_reconfigure_generate_messages_cpp[0m
[ 18%] Built target dynamic_reconfigure_generate_messages_cpp
[35m[1mScanning dependencies of target sick_ldmrs_msgs_generate_messages_lisp[0m
[ 18%] Built target sick_ldmrs_msgs_generate_messages_lisp
[ 19%] [32mBuilding CXX object src/driver/src/CMakeFiles/sick_ldmrs.dir/datatypes/Trigger.cpp.o[0m
[ 20%] [32mBuilding CXX object src/driver/src/CMakeFiles/sick_ldmrs.dir/datatypes/Point2D.cpp.o[0m
[ 21%] [32mBuilding CXX object src/driver/src/CMakeFiles/sick_ldmrs.dir/datatypes/Circle2D.cpp.o[0m
[ 21%] [32mBuilding CXX object src/driver/src/CMakeFiles/sick_ldmrs.dir/datatypes/PositionWGS84.cpp.o[0m
[ 23%] [32mBuilding CXX object src/driver/src/CMakeFiles/sick_ldmrs.dir/datatypes/Position3D.cpp.o[0m
[ 24%] [32mBuilding CXX object src/driver/src/CMakeFiles/sick_ldmrs.dir/datatypes/Point3D.cpp.o[0m
[35m[1mScanning dependencies of target std_msgs_generate_messages_eus[0m
[ 24%] Built target std_msgs_generate_messages_eus
[35m[1mScanning dependencies of target dynamic_reconfigure_generate_messages_nodejs[0m
[ 24%] Built target dynamic_reconfigure_generate_messages_nodejs
[35m[1mScanning dependencies of target std_msgs_generate_messages_py[0m
[ 24%] Built target std_msgs_generate_messages_py
[35m[1mScanning dependencies of target roscpp_generate_messages_lisp[0m
[ 24%] Built target roscpp_generate_messages_lisp
[35m[1mScanning dependencies of target dynamic_reconfigure_generate_messages_lisp[0m
[ 24%] Built target dynamic_reconfigure_generate_messages_lisp
[35m[1mScanning dependencies of target sick_ldmrs_driver_gencfg[0m
[ 25%] [34m[1mGenerating dynamic reconfigure files from cfg/SickLDMRSDriver.cfg: /home/daisuke/Autoware/ros/build/sick_ldmrs_driver/devel/include/sick_ldmrs_driver/SickLDMRSDriverConfig.h /home/daisuke/Autoware/ros/build/sick_ldmrs_driver/devel/lib/python2.7/dist-packages/sick_ldmrs_driver/cfg/SickLDMRSDriverConfig.py[0m
Generating reconfiguration files for SickLDMRSDriver in sick_ldmrs_driver
Wrote header file in /home/daisuke/Autoware/ros/build/sick_ldmrs_driver/devel/include/sick_ldmrs_driver/SickLDMRSDriverConfig.h
[ 26%] [32mBuilding CXX object src/driver/src/CMakeFiles/sick_ldmrs.dir/datatypes/Ellipse2D.cpp.o[0m
[ 26%] Built target sick_ldmrs_driver_gencfg
[35m[1mScanning dependencies of target roscpp_generate_messages_cpp[0m
[ 27%] [32mBuilding CXX object src/driver/src/CMakeFiles/sick_ldmrs.dir/datatypes/Box2D.cpp.o[0m
[ 27%] Built target roscpp_generate_messages_cpp
[ 28%] [32mBuilding CXX object src/driver/src/CMakeFiles/sick_ldmrs.dir/datatypes/Line2D.cpp.o[0m
[35m[1mScanning dependencies of target geometry_msgs_generate_messages_eus[0m
[ 28%] Built target geometry_msgs_generate_messages_eus
[ 29%] [32mBuilding CXX object src/driver/src/CMakeFiles/sick_ldmrs.dir/datatypes/EvalCase.cpp.o[0m
[35m[1mScanning dependencies of target pcl_msgs_generate_messages_lisp[0m
[ 29%] Built target pcl_msgs_generate_messages_lisp
[ 30%] [32mBuilding CXX object src/driver/src/CMakeFiles/sick_ldmrs.dir/datatypes/Scan.cpp.o[0m
[35m[1mScanning dependencies of target tf_generate_messages_cpp[0m
[ 30%] Built target tf_generate_messages_cpp
[35m[1mScanning dependencies of target std_msgs_generate_messages_lisp[0m
[ 30%] Built target std_msgs_generate_messages_lisp
[ 31%] [32mBuilding CXX object src/driver/src/CMakeFiles/sick_ldmrs.dir/datatypes/Msg.cpp.o[0m
[35m[1mScanning dependencies of target geometry_msgs_generate_messages_lisp[0m
[ 31%] Built target geometry_msgs_generate_messages_lisp
[ 32%] [32mBuilding CXX object src/driver/src/CMakeFiles/sick_ldmrs.dir/datatypes/ScannerInfo.cpp.o[0m
[35m[1mScanning dependencies of target diagnostic_msgs_generate_messages_cpp[0m
[ 32%] Built target diagnostic_msgs_generate_messages_cpp
[ 32%] [32mBuilding CXX object src/driver/src/CMakeFiles/sick_ldmrs.dir/datatypes/ScanPoint.cpp.o[0m
[35m[1mScanning dependencies of target sick_ldmrs_msgs_generate_messages_cpp[0m
[ 32%] Built target sick_ldmrs_msgs_generate_messages_cpp
[ 34%] [32mBuilding CXX object src/driver/src/CMakeFiles/sick_ldmrs.dir/interfaces/tcp.cpp.o[0m
[35m[1mScanning dependencies of target roscpp_generate_messages_eus[0m
[ 34%] Built target roscpp_generate_messages_eus
[35m[1mScanning dependencies of target diagnostic_msgs_generate_messages_lisp[0m
[ 34%] Built target diagnostic_msgs_generate_messages_lisp
[35m[1mScanning dependencies of target actionlib_msgs_generate_messages_cpp[0m
[ 34%] Built target actionlib_msgs_generate_messages_cpp
[35m[1mScanning dependencies of target actionlib_generate_messages_nodejs[0m
[ 34%] Built target actionlib_generate_messages_nodejs
[ 35%] [32mBuilding CXX object src/driver/src/CMakeFiles/sick_ldmrs.dir/interfaces/file.cpp.o[0m
[ 36%] [32mBuilding CXX object src/driver/src/CMakeFiles/sick_ldmrs.dir/datatypes/Object.cpp.o[0m
[ 37%] [32mBuilding CXX object src/driver/src/CMakeFiles/sick_ldmrs.dir/datatypes/FieldDescription.cpp.o[0m
[ 38%] [32mBuilding CXX object src/driver/src/CMakeFiles/sick_ldmrs.dir/datatypes/FieldParameter.cpp.o[0m
[ 39%] [32mBuilding CXX object src/driver/src/CMakeFiles/sick_ldmrs.dir/tools/errorhandler.cpp.o[0m
[ 39%] [32mBuilding CXX object src/driver/src/CMakeFiles/sick_ldmrs.dir/tools/SickThread.cpp.o[0m
[ 40%] [32mBuilding CXX object src/driver/src/CMakeFiles/sick_ldmrs.dir/tools/Mutex.cpp.o[0m
[ 41%] [32mBuilding CXX object src/driver/src/CMakeFiles/sick_ldmrs.dir/tools/toolbox.cpp.o[0m
[ 42%] [32mBuilding CXX object src/driver/src/CMakeFiles/sick_ldmrs.dir/tools/MathToolbox.cpp.o[0m
[ 43%] [32mBuilding CXX object src/driver/src/CMakeFiles/sick_ldmrs.dir/tools/BasicDataBuffer.cpp.o[0m
[ 45%] [32mBuilding CXX object src/driver/src/CMakeFiles/sick_ldmrs.dir/tools/Timer.cpp.o[0m
[ 46%] [32mBuilding CXX object src/driver/src/CMakeFiles/sick_ldmrs.dir/tools/Time.cpp.o[0m
[ 46%] [32mBuilding CXX object src/driver/src/CMakeFiles/sick_ldmrs.dir/tools/WatchdogTimer.cpp.o[0m
[ 47%] [32mBuilding CXX object src/driver/src/CMakeFiles/sick_ldmrs.dir/manager.cpp.o[0m
[ 48%] [32mBuilding CXX object src/driver/src/CMakeFiles/sick_ldmrs.dir/main.cpp.o[0m
[ 49%] [32m[1mLinking CXX shared library libsick_ldmrs.so[0m
[ 49%] Built target sick_ldmrs
[35m[1mScanning dependencies of target diagnostic_msgs_generate_messages_py[0m
[ 49%] Built target diagnostic_msgs_generate_messages_py
[35m[1mScanning dependencies of target rosgraph_msgs_generate_messages_nodejs[0m
[ 49%] Built target rosgraph_msgs_generate_messages_nodejs
[35m[1mScanning dependencies of target dynamic_reconfigure_generate_messages_eus[0m
[ 49%] Built target dynamic_reconfigure_generate_messages_eus
[35m[1mScanning dependencies of target dynamic_reconfigure_gencfg[0m
[ 49%] Built target dynamic_reconfigure_gencfg
[35m[1mScanning dependencies of target pcl_msgs_generate_messages_cpp[0m
[ 49%] Built target pcl_msgs_generate_messages_cpp
[35m[1mScanning dependencies of target rosgraph_msgs_generate_messages_cpp[0m
[ 49%] Built target rosgraph_msgs_generate_messages_cpp
[35m[1mScanning dependencies of target diagnostic_msgs_generate_messages_eus[0m
[ 49%] Built target diagnostic_msgs_generate_messages_eus
[35m[1mScanning dependencies of target pcl_msgs_generate_messages_eus[0m
[ 49%] Built target pcl_msgs_generate_messages_eus
[35m[1mScanning dependencies of target pcl_msgs_generate_messages_nodejs[0m
[ 49%] Built target pcl_msgs_generate_messages_nodejs
[35m[1mScanning dependencies of target pcl_msgs_generate_messages_py[0m
[ 49%] Built target pcl_msgs_generate_messages_py
[35m[1mScanning dependencies of target actionlib_generate_messages_cpp[0m
[ 49%] Built target actionlib_generate_messages_cpp
[35m[1mScanning dependencies of target sensor_msgs_generate_messages_py[0m
[ 49%] Built target sensor_msgs_generate_messages_py
[35m[1mScanning dependencies of target sensor_msgs_generate_messages_cpp[0m
[ 49%] Built target sensor_msgs_generate_messages_cpp
[35m[1mScanning dependencies of target sensor_msgs_generate_messages_lisp[0m
[ 49%] Built target sensor_msgs_generate_messages_lisp
[35m[1mScanning dependencies of target sensor_msgs_generate_messages_nodejs[0m
[ 49%] Built target sensor_msgs_generate_messages_nodejs
[35m[1mScanning dependencies of target geometry_msgs_generate_messages_cpp[0m
[ 49%] Built target geometry_msgs_generate_messages_cpp
[35m[1mScanning dependencies of target std_msgs_generate_messages_nodejs[0m
[ 49%] Built target std_msgs_generate_messages_nodejs
[35m[1mScanning dependencies of target geometry_msgs_generate_messages_py[0m
[ 49%] Built target geometry_msgs_generate_messages_py
[35m[1mScanning dependencies of target LDMRS_Example[0m
[ 50%] [32mBuilding CXX object src/driver/src/CMakeFiles/LDMRS_Example.dir/application/LdmrsFieldApp.cpp.o[0m
[ 50%] [32mBuilding CXX object src/driver/src/CMakeFiles/LDMRS_Example.dir/application/LdmrsApp.cpp.o[0m
[ 51%] [32mBuilding CXX object src/driver/src/CMakeFiles/LDMRS_Example.dir/application/LdmrsSectorChangeApp.cpp.o[0m
[ 52%] [32mBuilding CXX object src/driver/src/CMakeFiles/LDMRS_Example.dir/application/LdmrsNtpTimeApp.cpp.o[0m
[ 53%] [32mBuilding CXX object src/driver/src/CMakeFiles/LDMRS_Example.dir/application/LdmrsScanpointCoordinateApp.cpp.o[0m
[ 54%] [32mBuilding CXX object src/driver/src/CMakeFiles/LDMRS_Example.dir/application/BasicApplication.cpp.o[0m
[ 54%] [32mBuilding CXX object src/driver/src/CMakeFiles/LDMRS_Example.dir/devices/BasicDevice.cpp.o[0m
[ 56%] [32mBuilding CXX object src/driver/src/CMakeFiles/LDMRS_Example.dir/devices/LD_MRS.cpp.o[0m
[ 57%] [32mBuilding CXX object src/driver/src/CMakeFiles/LDMRS_Example.dir/devices/LuxBase.cpp.o[0m
[ 58%] [32mBuilding CXX object src/driver/src/CMakeFiles/LDMRS_Example.dir/sopas/LdmrsSopasLayer.cpp.o[0m
[ 59%] [32mBuilding CXX object src/driver/src/CMakeFiles/LDMRS_Example.dir/sopas/SopasBase.cpp.o[0m
[ 60%] [32mBuilding CXX object src/driver/src/CMakeFiles/LDMRS_Example.dir/sopas/colaa.cpp.o[0m
[ 61%] [32mBuilding CXX object src/driver/src/CMakeFiles/LDMRS_Example.dir/sopas/colab.cpp.o[0m
[ 61%] [32mBuilding CXX object src/driver/src/CMakeFiles/LDMRS_Example.dir/datatypes/Measurement.cpp.o[0m
[ 62%] [32mBuilding CXX object src/driver/src/CMakeFiles/LDMRS_Example.dir/datatypes/SensorStateInfo.cpp.o[0m
[ 63%] [32mBuilding CXX object src/driver/src/CMakeFiles/LDMRS_Example.dir/datatypes/Fields.cpp.o[0m
[ 64%] [32mBuilding CXX object src/driver/src/CMakeFiles/LDMRS_Example.dir/datatypes/FieldParameter.cpp.o[0m
[ 65%] [32mBuilding CXX object src/driver/src/CMakeFiles/LDMRS_Example.dir/datatypes/FieldDescription.cpp.o[0m
[ 67%] [32mBuilding CXX object src/driver/src/CMakeFiles/LDMRS_Example.dir/datatypes/EvalCase.cpp.o[0m
[ 67%] [32mBuilding CXX object src/driver/src/CMakeFiles/LDMRS_Example.dir/datatypes/EvalCases.cpp.o[0m
[ 68%] [32mBuilding CXX object src/driver/src/CMakeFiles/LDMRS_Example.dir/datatypes/EvalCaseResult.cpp.o[0m
[ 69%] [32mBuilding CXX object src/driver/src/CMakeFiles/LDMRS_Example.dir/datatypes/EvalCaseResults.cpp.o[0m
[ 70%] [32mBuilding CXX object src/driver/src/CMakeFiles/LDMRS_Example.dir/datatypes/Polygon2D.cpp.o[0m
[ 71%] [32mBuilding CXX object src/driver/src/CMakeFiles/LDMRS_Example.dir/datatypes/Polygon3D.cpp.o[0m
[ 72%] [32mBuilding CXX object src/driver/src/CMakeFiles/LDMRS_Example.dir/datatypes/Trigger.cpp.o[0m
[ 73%] [32mBuilding CXX object src/driver/src/CMakeFiles/LDMRS_Example.dir/datatypes/Point2D.cpp.o[0m
[ 73%] [32mBuilding CXX object src/driver/src/CMakeFiles/LDMRS_Example.dir/datatypes/Point3D.cpp.o[0m
[ 74%] [32mBuilding CXX object src/driver/src/CMakeFiles/LDMRS_Example.dir/datatypes/Position3D.cpp.o[0m
[ 75%] [32mBuilding CXX object src/driver/src/CMakeFiles/LDMRS_Example.dir/datatypes/PositionWGS84.cpp.o[0m
[ 76%] [32mBuilding CXX object src/driver/src/CMakeFiles/LDMRS_Example.dir/datatypes/Circle2D.cpp.o[0m
[ 78%] [32mBuilding CXX object src/driver/src/CMakeFiles/LDMRS_Example.dir/datatypes/Ellipse2D.cpp.o[0m
[ 79%] [32mBuilding CXX object src/driver/src/CMakeFiles/LDMRS_Example.dir/datatypes/Box2D.cpp.o[0m
[ 79%] [32mBuilding CXX object src/driver/src/CMakeFiles/LDMRS_Example.dir/datatypes/Line2D.cpp.o[0m
[ 80%] [32mBuilding CXX object src/driver/src/CMakeFiles/LDMRS_Example.dir/datatypes/Msg.cpp.o[0m
[ 81%] [32mBuilding CXX object src/driver/src/CMakeFiles/LDMRS_Example.dir/datatypes/Scan.cpp.o[0m
[ 82%] [32mBuilding CXX object src/driver/src/CMakeFiles/LDMRS_Example.dir/datatypes/ScanPoint.cpp.o[0m
[ 83%] [32mBuilding CXX object src/driver/src/CMakeFiles/LDMRS_Example.dir/datatypes/ScannerInfo.cpp.o[0m
[ 84%] [32mBuilding CXX object src/driver/src/CMakeFiles/LDMRS_Example.dir/datatypes/Object.cpp.o[0m
[ 85%] [32mBuilding CXX object src/driver/src/CMakeFiles/LDMRS_Example.dir/interfaces/tcp.cpp.o[0m
[ 85%] [32mBuilding CXX object src/driver/src/CMakeFiles/LDMRS_Example.dir/interfaces/file.cpp.o[0m
[ 86%] [32mBuilding CXX object src/driver/src/CMakeFiles/LDMRS_Example.dir/tools/errorhandler.cpp.o[0m
[ 87%] [32mBuilding CXX object src/driver/src/CMakeFiles/LDMRS_Example.dir/tools/SickThread.cpp.o[0m
[ 89%] [32mBuilding CXX object src/driver/src/CMakeFiles/LDMRS_Example.dir/tools/Mutex.cpp.o[0m
[ 90%] [32mBuilding CXX object src/driver/src/CMakeFiles/LDMRS_Example.dir/tools/toolbox.cpp.o[0m
[ 91%] [32mBuilding CXX object src/driver/src/CMakeFiles/LDMRS_Example.dir/tools/MathToolbox.cpp.o[0m
[ 91%] [32mBuilding CXX object src/driver/src/CMakeFiles/LDMRS_Example.dir/tools/BasicDataBuffer.cpp.o[0m
[ 92%] [32mBuilding CXX object src/driver/src/CMakeFiles/LDMRS_Example.dir/tools/Timer.cpp.o[0m
[ 93%] [32mBuilding CXX object src/driver/src/CMakeFiles/LDMRS_Example.dir/tools/Time.cpp.o[0m
[ 94%] [32mBuilding CXX object src/driver/src/CMakeFiles/LDMRS_Example.dir/tools/WatchdogTimer.cpp.o[0m
[ 95%] [32mBuilding CXX object src/driver/src/CMakeFiles/LDMRS_Example.dir/manager.cpp.o[0m
[ 96%] [32mBuilding CXX object src/driver/src/CMakeFiles/LDMRS_Example.dir/main.cpp.o[0m
[ 97%] [32m[1mLinking CXX executable LDMRS_Example[0m
[ 97%] Built target LDMRS_Example
[35m[1mScanning dependencies of target rosgraph_msgs_generate_messages_py[0m
[ 97%] Built target rosgraph_msgs_generate_messages_py
[35m[1mScanning dependencies of target tf_generate_messages_lisp[0m
[ 97%] Built target tf_generate_messages_lisp
[35m[1mScanning dependencies of target geometry_msgs_generate_messages_nodejs[0m
[ 97%] Built target geometry_msgs_generate_messages_nodejs
[35m[1mScanning dependencies of target diagnostic_msgs_generate_messages_nodejs[0m
[ 97%] Built target diagnostic_msgs_generate_messages_nodejs
[35m[1mScanning dependencies of target sensor_msgs_generate_messages_eus[0m
[ 97%] Built target sensor_msgs_generate_messages_eus
[35m[1mScanning dependencies of target std_msgs_generate_messages_cpp[0m
[ 97%] Built target std_msgs_generate_messages_cpp
[35m[1mScanning dependencies of target sick_ldmrs_node[0m
[ 98%] [32mBuilding CXX object CMakeFiles/sick_ldmrs_node.dir/src/sick_ldmrs_node.cpp.o[0m
[100%] [32m[1mLinking CXX executable devel/lib/sick_ldmrs_driver/sick_ldmrs_node[0m
[100%] Built target sick_ldmrs_node
[35m[1mScanning dependencies of target tests[0m
Built target tests
[ 48%] Built target sick_ldmrs
[ 48%] Built target tf2_msgs_generate_messages_nodejs
[ 48%] Built target tf2_msgs_generate_messages_lisp
[ 48%] Built target tf2_msgs_generate_messages_eus
[ 48%] Built target tf2_msgs_generate_messages_cpp
[ 48%] Built target actionlib_msgs_generate_messages_py
[ 48%] Built target tf2_msgs_generate_messages_py
[ 48%] Built target actionlib_msgs_generate_messages_nodejs
[ 48%] Built target actionlib_msgs_generate_messages_lisp
[ 48%] Built target actionlib_msgs_generate_messages_eus
[ 48%] Built target actionlib_generate_messages_lisp
[ 48%] Built target actionlib_generate_messages_eus
[ 48%] Built target tf_generate_messages_py
[ 48%] Built target tf_generate_messages_eus
[ 48%] Built target actionlib_generate_messages_py
[ 48%] Built target sick_ldmrs_msgs_generate_messages_py
[ 48%] Built target sick_ldmrs_msgs_generate_messages_nodejs
[ 48%] Built target sick_ldmrs_msgs_generate_messages_eus
[ 48%] Built target rosgraph_msgs_generate_messages_eus
[ 48%] Built target tf_generate_messages_nodejs
[ 48%] Built target roscpp_generate_messages_py
[ 48%] Built target dynamic_reconfigure_generate_messages_py
[ 48%] Built target roscpp_generate_messages_nodejs
[ 48%] Built target rosgraph_msgs_generate_messages_lisp
[ 48%] Built target dynamic_reconfigure_generate_messages_cpp
[ 48%] Built target sick_ldmrs_msgs_generate_messages_lisp
[ 48%] Built target std_msgs_generate_messages_py
[ 48%] Built target dynamic_reconfigure_generate_messages_nodejs
[ 48%] Built target std_msgs_generate_messages_eus
[ 48%] Built target roscpp_generate_messages_lisp
[ 48%] Built target dynamic_reconfigure_generate_messages_lisp
[ 49%] Built target sick_ldmrs_driver_gencfg
[ 49%] Built target roscpp_generate_messages_cpp
[ 49%] Built target geometry_msgs_generate_messages_eus
[ 49%] Built target pcl_msgs_generate_messages_lisp
[ 49%] Built target tf_generate_messages_cpp
[ 49%] Built target std_msgs_generate_messages_lisp
[ 49%] Built target geometry_msgs_generate_messages_lisp
[ 49%] Built target diagnostic_msgs_generate_messages_cpp
[ 49%] Built target sick_ldmrs_msgs_generate_messages_cpp
[ 49%] Built target roscpp_generate_messages_eus
[ 49%] Built target diagnostic_msgs_generate_messages_lisp
[ 49%] Built target actionlib_msgs_generate_messages_cpp
[ 49%] Built target actionlib_generate_messages_nodejs
[ 49%] Built target std_msgs_generate_messages_cpp
[ 49%] Built target sensor_msgs_generate_messages_eus
[ 49%] Built target diagnostic_msgs_generate_messages_nodejs
[ 49%] Built target geometry_msgs_generate_messages_nodejs
[ 49%] Built target tf_generate_messages_lisp
[ 49%] Built target rosgraph_msgs_generate_messages_py
[ 49%] Built target diagnostic_msgs_generate_messages_py
[ 49%] Built target rosgraph_msgs_generate_messages_nodejs
[ 49%] Built target dynamic_reconfigure_generate_messages_eus
[ 49%] Built target dynamic_reconfigure_gencfg
[ 49%] Built target pcl_msgs_generate_messages_cpp
[ 49%] Built target rosgraph_msgs_generate_messages_cpp
[ 49%] Built target diagnostic_msgs_generate_messages_eus
[ 49%] Built target pcl_msgs_generate_messages_eus
[ 49%] Built target pcl_msgs_generate_messages_nodejs
[ 49%] Built target pcl_msgs_generate_messages_py
[ 49%] Built target actionlib_generate_messages_cpp
[ 49%] Built target sensor_msgs_generate_messages_py
[ 49%] Built target sensor_msgs_generate_messages_cpp
[ 49%] Built target sensor_msgs_generate_messages_lisp
[ 49%] Built target sensor_msgs_generate_messages_nodejs
[ 49%] Built target geometry_msgs_generate_messages_cpp
[ 49%] Built target std_msgs_generate_messages_nodejs
[ 49%] Built target geometry_msgs_generate_messages_py
[ 51%] Built target sick_ldmrs_node
[100%] Built target LDMRS_Example
[36mInstall the project...[0m
-- Install configuration: "Release"
-- Installing: /home/daisuke/Autoware/ros/install/sick_ldmrs_driver/include/sick_ldmrs_driver/SickLDMRSDriverConfig.h
-- Installing: /home/daisuke/Autoware/ros/install/sick_ldmrs_driver/lib/python2.7/dist-packages/sick_ldmrs_driver/__init__.py
Listing /home/daisuke/Autoware/ros/build/sick_ldmrs_driver/devel/lib/python2.7/dist-packages/sick_ldmrs_driver/cfg ...
Compiling /home/daisuke/Autoware/ros/build/sick_ldmrs_driver/devel/lib/python2.7/dist-packages/sick_ldmrs_driver/cfg/SickLDMRSDriverConfig.py ...
Compiling /home/daisuke/Autoware/ros/build/sick_ldmrs_driver/devel/lib/python2.7/dist-packages/sick_ldmrs_driver/cfg/__init__.py ...
-- Installing: /home/daisuke/Autoware/ros/install/sick_ldmrs_driver/lib/python2.7/dist-packages/sick_ldmrs_driver/cfg
-- Installing: /home/daisuke/Autoware/ros/install/sick_ldmrs_driver/lib/python2.7/dist-packages/sick_ldmrs_driver/cfg/SickLDMRSDriverConfig.pyc
-- Installing: /home/daisuke/Autoware/ros/install/sick_ldmrs_driver/lib/python2.7/dist-packages/sick_ldmrs_driver/cfg/__init__.pyc
-- Installing: /home/daisuke/Autoware/ros/install/sick_ldmrs_driver/lib/python2.7/dist-packages/sick_ldmrs_driver/cfg/__init__.py
-- Installing: /home/daisuke/Autoware/ros/install/sick_ldmrs_driver/lib/python2.7/dist-packages/sick_ldmrs_driver/cfg/SickLDMRSDriverConfig.py
-- Installing: /home/daisuke/Autoware/ros/install/sick_ldmrs_driver/lib/pkgconfig/sick_ldmrs_driver.pc
-- Installing: /home/daisuke/Autoware/ros/install/sick_ldmrs_driver/share/sick_ldmrs_driver/cmake/sick_ldmrs_driverConfig.cmake
-- Installing: /home/daisuke/Autoware/ros/install/sick_ldmrs_driver/share/sick_ldmrs_driver/cmake/sick_ldmrs_driverConfig-version.cmake
-- Installing: /home/daisuke/Autoware/ros/install/sick_ldmrs_driver/share/sick_ldmrs_driver/package.xml
-- Up-to-date: /home/daisuke/Autoware/ros/install/sick_ldmrs_driver/include/sick_ldmrs_driver
-- Installing: /home/daisuke/Autoware/ros/install/sick_ldmrs_driver/include/sick_ldmrs_driver/sick_ldmrs_node.hpp
-- Installing: /home/daisuke/Autoware/ros/install/sick_ldmrs_driver/lib/sick_ldmrs_driver/sick_ldmrs_node
-- Set runtime path of "/home/daisuke/Autoware/ros/install/sick_ldmrs_driver/lib/sick_ldmrs_driver/sick_ldmrs_node" to ""
-- Installing: /home/daisuke/Autoware/ros/install/sick_ldmrs_driver/share/sick_ldmrs_driver/config
-- Installing: /home/daisuke/Autoware/ros/install/sick_ldmrs_driver/share/sick_ldmrs_driver/config/analyzers.yaml
-- Installing: /home/daisuke/Autoware/ros/install/sick_ldmrs_driver/share/sick_ldmrs_driver/launch
-- Installing: /home/daisuke/Autoware/ros/install/sick_ldmrs_driver/share/sick_ldmrs_driver/launch/sick_ldmrs_node_with_aggregator.launch
-- Installing: /home/daisuke/Autoware/ros/install/sick_ldmrs_driver/share/sick_ldmrs_driver/launch/sick_ldmrs_node.launch
-- Installing: /home/daisuke/Autoware/ros/install/sick_ldmrs_driver/share/sick_ldmrs_driver/launch/sick_ldmrs.launch
-- Installing: /home/daisuke/Autoware/ros/install/sick_ldmrs_driver/lib/cmake/SickLDMRS/SickLDMRSConfig.cmake
-- Installing: /home/daisuke/Autoware/ros/install/sick_ldmrs_driver/lib/cmake/SickLDMRS/SickLDMRSConfigVersion.cmake
-- Installing: /home/daisuke/Autoware/ros/install/sick_ldmrs_driver/lib/cmake/SickLDMRS/SickLDMRSTargets.cmake
-- Installing: /home/daisuke/Autoware/ros/install/sick_ldmrs_driver/lib/cmake/SickLDMRS/SickLDMRSTargets-release.cmake
-- Installing: /home/daisuke/Autoware/ros/install/sick_ldmrs_driver/share/sick_ldmrs/package.xml
-- Installing: /home/daisuke/Autoware/ros/install/sick_ldmrs_driver/bin/LDMRS_Example
-- Installing: /home/daisuke/Autoware/ros/install/sick_ldmrs_driver/lib/libsick_ldmrs.so.0.1.0
-- Installing: /home/daisuke/Autoware/ros/install/sick_ldmrs_driver/lib/libsick_ldmrs.so.0
-- Installing: /home/daisuke/Autoware/ros/install/sick_ldmrs_driver/lib/libsick_ldmrs.so
-- Installing: /home/daisuke/Autoware/ros/install/sick_ldmrs_driver/include/sick_ldmrs/.
-- Installing: /home/daisuke/Autoware/ros/install/sick_ldmrs_driver/include/sick_ldmrs/./manager.hpp
-- Installing: /home/daisuke/Autoware/ros/install/sick_ldmrs_driver/include/sick_ldmrs/./sopas
-- Installing: /home/daisuke/Autoware/ros/install/sick_ldmrs_driver/include/sick_ldmrs/./sopas/colaa.hpp
-- Installing: /home/daisuke/Autoware/ros/install/sick_ldmrs_driver/include/sick_ldmrs/./sopas/SopasBase.hpp
-- Installing: /home/daisuke/Autoware/ros/install/sick_ldmrs_driver/include/sick_ldmrs/./sopas/colab.hpp
-- Installing: /home/daisuke/Autoware/ros/install/sick_ldmrs_driver/include/sick_ldmrs/./sopas/LdmrsSopasLayer.hpp
-- Installing: /home/daisuke/Autoware/ros/install/sick_ldmrs_driver/include/sick_ldmrs/./BasicDatatypes.hpp
-- Installing: /home/daisuke/Autoware/ros/install/sick_ldmrs_driver/include/sick_ldmrs/./datatypes
-- Installing: /home/daisuke/Autoware/ros/install/sick_ldmrs_driver/include/sick_ldmrs/./datatypes/Ellipse2D.hpp
-- Installing: /home/daisuke/Autoware/ros/install/sick_ldmrs_driver/include/sick_ldmrs/./datatypes/FieldDescription.hpp
-- Installing: /home/daisuke/Autoware/ros/install/sick_ldmrs_driver/include/sick_ldmrs/./datatypes/Measurement.hpp
-- Installing: /home/daisuke/Autoware/ros/install/sick_ldmrs_driver/include/sick_ldmrs/./datatypes/ScanPoint.hpp
-- Installing: /home/daisuke/Autoware/ros/install/sick_ldmrs_driver/include/sick_ldmrs/./datatypes/Trigger.hpp
-- Installing: /home/daisuke/Autoware/ros/install/sick_ldmrs_driver/include/sick_ldmrs/./datatypes/Polygon3D.hpp
-- Installing: /home/daisuke/Autoware/ros/install/sick_ldmrs_driver/include/sick_ldmrs/./datatypes/EvalCases.hpp
-- Installing: /home/daisuke/Autoware/ros/install/sick_ldmrs_driver/include/sick_ldmrs/./datatypes/Object.hpp
-- Installing: /home/daisuke/Autoware/ros/install/sick_ldmrs_driver/include/sick_ldmrs/./datatypes/ScannerInfo.hpp
-- Installing: /home/daisuke/Autoware/ros/install/sick_ldmrs_driver/include/sick_ldmrs/./datatypes/Scan.hpp
-- Installing: /home/daisuke/Autoware/ros/install/sick_ldmrs_driver/include/sick_ldmrs/./datatypes/Fields.hpp
-- Installing: /home/daisuke/Autoware/ros/install/sick_ldmrs_driver/include/sick_ldmrs/./datatypes/Msg.hpp
-- Installing: /home/daisuke/Autoware/ros/install/sick_ldmrs_driver/include/sick_ldmrs/./datatypes/FieldParameter.hpp
-- Installing: /home/daisuke/Autoware/ros/install/sick_ldmrs_driver/include/sick_ldmrs/./datatypes/Box2D.hpp
-- Installing: /home/daisuke/Autoware/ros/install/sick_ldmrs_driver/include/sick_ldmrs/./datatypes/Circle2D.hpp
-- Installing: /home/daisuke/Autoware/ros/install/sick_ldmrs_driver/include/sick_ldmrs/./datatypes/PositionWGS84.hpp
-- Installing: /home/daisuke/Autoware/ros/install/sick_ldmrs_driver/include/sick_ldmrs/./datatypes/Line2D.hpp
-- Installing: /home/daisuke/Autoware/ros/install/sick_ldmrs_driver/include/sick_ldmrs/./datatypes/SensorStateInfo.hpp
-- Installing: /home/daisuke/Autoware/ros/install/sick_ldmrs_driver/include/sick_ldmrs/./datatypes/EvalCaseResults.hpp
-- Installing: /home/daisuke/Autoware/ros/install/sick_ldmrs_driver/include/sick_ldmrs/./datatypes/EvalCase.hpp
-- Installing: /home/daisuke/Autoware/ros/install/sick_ldmrs_driver/include/sick_ldmrs/./datatypes/Position3D.hpp
-- Installing: /home/daisuke/Autoware/ros/install/sick_ldmrs_driver/include/sick_ldmrs/./datatypes/EvalCaseResult.hpp
-- Installing: /home/daisuke/Autoware/ros/install/sick_ldmrs_driver/include/sick_ldmrs/./datatypes/Polygon2D.hpp
-- Installing: /home/daisuke/Autoware/ros/install/sick_ldmrs_driver/include/sick_ldmrs/./datatypes/Point2D.hpp
-- Installing: /home/daisuke/Autoware/ros/install/sick_ldmrs_driver/include/sick_ldmrs/./datatypes/Point3D.hpp
-- Installing: /home/daisuke/Autoware/ros/install/sick_ldmrs_driver/include/sick_ldmrs/./interfaces
-- Installing: /home/daisuke/Autoware/ros/install/sick_ldmrs_driver/include/sick_ldmrs/./interfaces/tcp.hpp
-- Installing: /home/daisuke/Autoware/ros/install/sick_ldmrs_driver/include/sick_ldmrs/./interfaces/file.hpp
-- Installing: /home/daisuke/Autoware/ros/install/sick_ldmrs_driver/include/sick_ldmrs/./devices
-- Installing: /home/daisuke/Autoware/ros/install/sick_ldmrs_driver/include/sick_ldmrs/./devices/LuxBase.hpp
-- Installing: /home/daisuke/Autoware/ros/install/sick_ldmrs_driver/include/sick_ldmrs/./devices/BasicDevice.hpp
-- Installing: /home/daisuke/Autoware/ros/install/sick_ldmrs_driver/include/sick_ldmrs/./devices/LD_MRS.hpp
-- Installing: /home/daisuke/Autoware/ros/install/sick_ldmrs_driver/include/sick_ldmrs/./application
-- Installing: /home/daisuke/Autoware/ros/install/sick_ldmrs_driver/include/sick_ldmrs/./application/LdmrsFieldApp.hpp
-- Installing: /home/daisuke/Autoware/ros/install/sick_ldmrs_driver/include/sick_ldmrs/./application/LdmrsSectorChangeApp.hpp
-- Installing: /home/daisuke/Autoware/ros/install/sick_ldmrs_driver/include/sick_ldmrs/./application/LdmrsApp.hpp
-- Installing: /home/daisuke/Autoware/ros/install/sick_ldmrs_driver/include/sick_ldmrs/./application/LdmrsScanpointCoordinateApp.hpp
-- Installing: /home/daisuke/Autoware/ros/install/sick_ldmrs_driver/include/sick_ldmrs/./application/LdmrsNtpTimeApp.hpp
-- Installing: /home/daisuke/Autoware/ros/install/sick_ldmrs_driver/include/sick_ldmrs/./application/BasicApplication.hpp
-- Installing: /home/daisuke/Autoware/ros/install/sick_ldmrs_driver/include/sick_ldmrs/./tools
-- Installing: /home/daisuke/Autoware/ros/install/sick_ldmrs_driver/include/sick_ldmrs/./tools/Mutex.hpp
-- Installing: /home/daisuke/Autoware/ros/install/sick_ldmrs_driver/include/sick_ldmrs/./tools/BasicDataBuffer.hpp
-- Installing: /home/daisuke/Autoware/ros/install/sick_ldmrs_driver/include/sick_ldmrs/./tools/Time.hpp
-- Installing: /home/daisuke/Autoware/ros/install/sick_ldmrs_driver/include/sick_ldmrs/./tools/toolbox.hpp
-- Installing: /home/daisuke/Autoware/ros/install/sick_ldmrs_driver/include/sick_ldmrs/./tools/WatchdogTimer.hpp
-- Installing: /home/daisuke/Autoware/ros/install/sick_ldmrs_driver/include/sick_ldmrs/./tools/SickThread.hpp
-- Installing: /home/daisuke/Autoware/ros/install/sick_ldmrs_driver/include/sick_ldmrs/./tools/Timer.hpp
-- Installing: /home/daisuke/Autoware/ros/install/sick_ldmrs_driver/include/sick_ldmrs/./tools/MathToolbox.hpp
-- Installing: /home/daisuke/Autoware/ros/install/sick_ldmrs_driver/include/sick_ldmrs/./tools/errorhandler.hpp
