Invoking command in '/home/daisuke/Autoware/ros/build/autoware_launcher': /usr/bin/cmake /home/daisuke/Autoware/ros/src/util/packages/autoware_launcher -DCMAKE_BUILD_TYPE=Release -DCMAKE_LIBRARY_PATH=/usr/local/cuda/lib64/stubs -DCATKIN_INSTALL_INTO_PREFIX_ROOT=0 -DCMAKE_INSTALL_PREFIX=/home/daisuke/Autoware/ros/install/autoware_launcher
-- The C compiler identification is GNU 5.4.0
-- The CXX compiler identification is GNU 5.4.0
-- Check for working C compiler: /usr/bin/cc
-- Check for working C compiler: /usr/bin/cc -- works
-- Detecting C compiler ABI info
-- Detecting C compiler ABI info - done
-- Detecting C compile features
-- Detecting C compile features - done
-- Check for working CXX compiler: /usr/bin/c++
-- Check for working CXX compiler: /usr/bin/c++ -- works
-- Detecting CXX compiler ABI info
-- Detecting CXX compiler ABI info - done
-- Detecting CXX compile features
-- Detecting CXX compile features - done
-- Using CATKIN_DEVEL_PREFIX: /home/daisuke/Autoware/ros/build/autoware_launcher/devel
-- Using CMAKE_PREFIX_PATH: /home/daisuke/Autoware/ros/devel;/opt/ros/kinetic
-- This workspace overlays: /opt/ros/kinetic
-- Found PythonInterp: /home/daisuke/pyenv/shims/python (found version "2.7.12") 
-- Using PYTHON_EXECUTABLE: /home/daisuke/pyenv/shims/python
-- Using Debian Python package layout
-- Using empy: /usr/bin/empy
-- Using CATKIN_ENABLE_TESTING: ON
-- Call enable_testing()
-- Using CATKIN_TEST_RESULTS_DIR: /home/daisuke/Autoware/ros/build/autoware_launcher/test_results
-- Found gmock sources under '/usr/src/gmock': gmock will be built
-- Looking for pthread.h
-- Looking for pthread.h - found
-- Looking for pthread_create
-- Looking for pthread_create - not found
-- Looking for pthread_create in pthreads
-- Looking for pthread_create in pthreads - not found
-- Looking for pthread_create in pthread
-- Looking for pthread_create in pthread - found
-- Found Threads: TRUE  
-- Found gtest sources under '/usr/src/gmock': gtests will be built
-- Using Python nosetests: /usr/bin/nosetests-2.7
-- catkin 0.7.14
-- Configuring done
-- Generating done
-- Build files have been written to: /home/daisuke/Autoware/ros/build/autoware_launcher
Invoked command in '/home/daisuke/Autoware/ros/build/autoware_launcher' returned '0': /usr/bin/cmake /home/daisuke/Autoware/ros/src/util/packages/autoware_launcher -DCMAKE_BUILD_TYPE=Release -DCMAKE_LIBRARY_PATH=/usr/local/cuda/lib64/stubs -DCATKIN_INSTALL_INTO_PREFIX_ROOT=0 -DCMAKE_INSTALL_PREFIX=/home/daisuke/Autoware/ros/install/autoware_launcher
Invoking command in '/home/daisuke/Autoware/ros/build/autoware_launcher': /usr/bin/cmake --build /home/daisuke/Autoware/ros/build/autoware_launcher -- -j8 -l8
Invoked command in '/home/daisuke/Autoware/ros/build/autoware_launcher' returned '0': /usr/bin/cmake --build /home/daisuke/Autoware/ros/build/autoware_launcher -- -j8 -l8
Invoking command in '/home/daisuke/Autoware/ros/build/autoware_launcher': /usr/bin/cmake --build /home/daisuke/Autoware/ros/build/autoware_launcher --target tests -- -j8 -l8
[35m[1mScanning dependencies of target tests[0m
Built target tests
Invoked command in '/home/daisuke/Autoware/ros/build/autoware_launcher' returned '0': /usr/bin/cmake --build /home/daisuke/Autoware/ros/build/autoware_launcher --target tests -- -j8 -l8
Invoking command in '/home/daisuke/Autoware/ros/build/autoware_launcher': /usr/bin/cmake --build /home/daisuke/Autoware/ros/build/autoware_launcher --target install
[36mInstall the project...[0m
-- Install configuration: "Release"
+ cd /home/daisuke/Autoware/ros/src/util/packages/autoware_launcher
+ mkdir -p /home/daisuke/Autoware/ros/install/autoware_launcher/lib/python2.7/dist-packages
+ /usr/bin/env PYTHONPATH=/home/daisuke/Autoware/ros/install/autoware_launcher/lib/python2.7/dist-packages:/home/daisuke/Autoware/ros/build/autoware_launcher/lib/python2.7/dist-packages:/home/daisuke/Autoware/ros/devel/lib/python2.7/dist-packages:/opt/ros/kinetic/lib/python2.7/dist-packages CATKIN_BINARY_DIR=/home/daisuke/Autoware/ros/build/autoware_launcher /home/daisuke/pyenv/shims/python /home/daisuke/Autoware/ros/src/util/packages/autoware_launcher/setup.py build --build-base /home/daisuke/Autoware/ros/build/autoware_launcher install --install-layout=deb --prefix=/home/daisuke/Autoware/ros/install/autoware_launcher --install-scripts=/home/daisuke/Autoware/ros/install/autoware_launcher/bin
running build
running build_py
creating /home/daisuke/Autoware/ros/build/autoware_launcher/lib.linux-x86_64-2.7
creating /home/daisuke/Autoware/ros/build/autoware_launcher/lib.linux-x86_64-2.7/autoware_launcher
copying src/autoware_launcher/__init__.py -> /home/daisuke/Autoware/ros/build/autoware_launcher/lib.linux-x86_64-2.7/autoware_launcher
running install
running install_lib
creating /home/daisuke/Autoware/ros/install/autoware_launcher/lib/python2.7/dist-packages/autoware_launcher
copying /home/daisuke/Autoware/ros/build/autoware_launcher/lib.linux-x86_64-2.7/autoware_launcher/__init__.py -> /home/daisuke/Autoware/ros/install/autoware_launcher/lib/python2.7/dist-packages/autoware_launcher
byte-compiling /home/daisuke/Autoware/ros/install/autoware_launcher/lib/python2.7/dist-packages/autoware_launcher/__init__.py to __init__.pyc
running install_egg_info
Writing /home/daisuke/Autoware/ros/install/autoware_launcher/lib/python2.7/dist-packages/autoware_launcher-0.1.0.egg-info
-- Installing: /home/daisuke/Autoware/ros/install/autoware_launcher/lib/pkgconfig/autoware_launcher.pc
-- Installing: /home/daisuke/Autoware/ros/install/autoware_launcher/share/autoware_launcher/cmake/autoware_launcherConfig.cmake
-- Installing: /home/daisuke/Autoware/ros/install/autoware_launcher/share/autoware_launcher/cmake/autoware_launcherConfig-version.cmake
-- Installing: /home/daisuke/Autoware/ros/install/autoware_launcher/share/autoware_launcher/package.xml
-- Installing: /home/daisuke/Autoware/ros/install/autoware_launcher/lib/autoware_launcher/main
Invoked command in '/home/daisuke/Autoware/ros/build/autoware_launcher' returned '0': /usr/bin/cmake --build /home/daisuke/Autoware/ros/build/autoware_launcher --target install
