-- Using CATKIN_DEVEL_PREFIX: /home/daisuke/Autoware/ros/build/nmea_navsat/devel
-- Using CMAKE_PREFIX_PATH: /home/daisuke/Autoware/ros/devel;/opt/ros/kinetic
-- This workspace overlays: /opt/ros/kinetic
-- Using PYTHON_EXECUTABLE: /home/daisuke/pyenv/shims/python
-- Using Debian Python package layout
-- Using empy: /usr/bin/empy
-- Using CATKIN_ENABLE_TESTING: ON
-- Call enable_testing()
-- Using CATKIN_TEST_RESULTS_DIR: /home/daisuke/Autoware/ros/build/nmea_navsat/test_results
-- Found gmock sources under '/usr/src/gmock': gmock will be built
-- Found gtest sources under '/usr/src/gmock': gtests will be built
-- Using Python nosetests: /usr/bin/nosetests-2.7
-- catkin 0.7.14
-- Configuring done
-- Generating done
-- Build files have been written to: /home/daisuke/Autoware/ros/build/nmea_navsat
Built target tests
[36mInstall the project...[0m
-- Install configuration: "Release"
-- Installing: /home/daisuke/Autoware/ros/install/nmea_navsat/lib/pkgconfig/nmea_navsat.pc
-- Up-to-date: /home/daisuke/Autoware/ros/install/nmea_navsat/share/nmea_navsat/cmake/nmea_navsatConfig.cmake
-- Up-to-date: /home/daisuke/Autoware/ros/install/nmea_navsat/share/nmea_navsat/cmake/nmea_navsatConfig-version.cmake
-- Up-to-date: /home/daisuke/Autoware/ros/install/nmea_navsat/share/nmea_navsat/package.xml
-- Up-to-date: /home/daisuke/Autoware/ros/install/nmea_navsat/share/nmea_navsat/launch
-- Up-to-date: /home/daisuke/Autoware/ros/install/nmea_navsat/share/nmea_navsat/launch/README.md
-- Up-to-date: /home/daisuke/Autoware/ros/install/nmea_navsat/share/nmea_navsat/launch/nmea_navsat.launch
