-- The C compiler identification is GNU 5.4.0
-- The CXX compiler identification is GNU 5.4.0
-- Check for working C compiler: /usr/bin/cc
-- Check for working C compiler: /usr/bin/cc -- works
-- Detecting C compiler ABI info
-- Detecting C compiler ABI info - done
-- Detecting C compile features
-- Detecting C compile features - done
-- Check for working CXX compiler: /usr/bin/c++
-- Check for working CXX compiler: /usr/bin/c++ -- works
-- Detecting CXX compiler ABI info
-- Detecting CXX compiler ABI info - done
-- Detecting CXX compile features
-- Detecting CXX compile features - done
-- Using CATKIN_DEVEL_PREFIX: /home/daisuke/Autoware/ros/build/udon_socket/devel
-- Using CMAKE_PREFIX_PATH: /home/daisuke/Autoware/ros/install/tablet_socket_msgs;/home/daisuke/Autoware/ros/install/autoware_build_flags;/home/daisuke/Autoware/ros/devel;/opt/ros/kinetic
-- This workspace overlays: /home/daisuke/Autoware/ros/install/tablet_socket_msgs;/home/daisuke/Autoware/ros/install/autoware_build_flags;/opt/ros/kinetic
-- Found PythonInterp: /home/daisuke/pyenv/shims/python (found version "2.7.12") 
-- Using PYTHON_EXECUTABLE: /home/daisuke/pyenv/shims/python
-- Using Debian Python package layout
-- Using empy: /usr/bin/empy
-- Using CATKIN_ENABLE_TESTING: ON
-- Call enable_testing()
-- Using CATKIN_TEST_RESULTS_DIR: /home/daisuke/Autoware/ros/build/udon_socket/test_results
-- Found gmock sources under '/usr/src/gmock': gmock will be built
-- Looking for pthread.h
-- Looking for pthread.h - found
-- Looking for pthread_create
-- Looking for pthread_create - not found
-- Looking for pthread_create in pthreads
-- Looking for pthread_create in pthreads - not found
-- Looking for pthread_create in pthread
-- Looking for pthread_create in pthread - found
-- Found Threads: TRUE  
-- Found gtest sources under '/usr/src/gmock': gtests will be built
-- Using Python nosetests: /usr/bin/nosetests-2.7
-- catkin 0.7.14
-- Configuring done
-- Generating done
-- Build files have been written to: /home/daisuke/Autoware/ros/build/udon_socket
[35m[1mScanning dependencies of target std_msgs_generate_messages_nodejs[0m
[35m[1mScanning dependencies of target rosgraph_msgs_generate_messages_eus[0m
[35m[1mScanning dependencies of target std_msgs_generate_messages_py[0m
[35m[1mScanning dependencies of target roscpp_generate_messages_lisp[0m
[  0%] Built target rosgraph_msgs_generate_messages_eus
[  0%] Built target std_msgs_generate_messages_nodejs
[  0%] Built target std_msgs_generate_messages_py
[  0%] Built target roscpp_generate_messages_lisp
[35m[1mScanning dependencies of target std_msgs_generate_messages_lisp[0m
[35m[1mScanning dependencies of target rosgraph_msgs_generate_messages_cpp[0m
[35m[1mScanning dependencies of target rosgraph_msgs_generate_messages_nodejs[0m
[35m[1mScanning dependencies of target roscpp_generate_messages_cpp[0m
[  0%] Built target std_msgs_generate_messages_lisp
[  0%] Built target rosgraph_msgs_generate_messages_cpp
[  0%] Built target rosgraph_msgs_generate_messages_nodejs
[  0%] Built target roscpp_generate_messages_cpp
[35m[1mScanning dependencies of target roscpp_generate_messages_eus[0m
[35m[1mScanning dependencies of target std_msgs_generate_messages_cpp[0m
[35m[1mScanning dependencies of target rosgraph_msgs_generate_messages_py[0m
[35m[1mScanning dependencies of target roscpp_generate_messages_nodejs[0m
[  0%] Built target std_msgs_generate_messages_cpp
[  0%] Built target roscpp_generate_messages_eus
[  0%] Built target rosgraph_msgs_generate_messages_py
[  0%] Built target roscpp_generate_messages_nodejs
[35m[1mScanning dependencies of target roscpp_generate_messages_py[0m
[35m[1mScanning dependencies of target rosgraph_msgs_generate_messages_lisp[0m
[35m[1mScanning dependencies of target udon[0m
[35m[1mScanning dependencies of target std_msgs_generate_messages_eus[0m
[  0%] Built target roscpp_generate_messages_py
[ 16%] [32mBuilding CXX object CMakeFiles/udon.dir/lib/udon_socket/udon.cpp.o[0m
[ 16%] Built target rosgraph_msgs_generate_messages_lisp
[ 16%] Built target std_msgs_generate_messages_eus
[ 33%] [32m[1mLinking CXX shared library devel/lib/libudon.so[0m
[ 33%] Built target udon
[35m[1mScanning dependencies of target udon_sender[0m
[35m[1mScanning dependencies of target udon_receiver[0m
[ 50%] [32mBuilding CXX object CMakeFiles/udon_receiver.dir/nodes/udon_receiver/udon_receiver.cpp.o[0m
[ 66%] [32mBuilding CXX object CMakeFiles/udon_sender.dir/nodes/udon_sender/udon_sender.cpp.o[0m
[ 83%] [32m[1mLinking CXX executable devel/lib/udon_socket/udon_receiver[0m
[ 83%] Built target udon_receiver
[100%] [32m[1mLinking CXX executable devel/lib/udon_socket/udon_sender[0m
[100%] Built target udon_sender
[35m[1mScanning dependencies of target tests[0m
Built target tests
[  0%] Built target rosgraph_msgs_generate_messages_eus
[  0%] Built target std_msgs_generate_messages_py
[  0%] Built target std_msgs_generate_messages_nodejs
[  0%] Built target roscpp_generate_messages_lisp
[  0%] Built target std_msgs_generate_messages_eus
[ 33%] Built target udon
[ 33%] Built target roscpp_generate_messages_cpp
[ 33%] Built target std_msgs_generate_messages_lisp
[ 33%] Built target rosgraph_msgs_generate_messages_nodejs
[ 33%] Built target std_msgs_generate_messages_cpp
[ 33%] Built target rosgraph_msgs_generate_messages_cpp
[ 33%] Built target roscpp_generate_messages_eus
[ 33%] Built target rosgraph_msgs_generate_messages_py
[ 33%] Built target rosgraph_msgs_generate_messages_lisp
[ 33%] Built target roscpp_generate_messages_nodejs
[ 33%] Built target roscpp_generate_messages_py
[ 66%] Built target udon_sender
[100%] Built target udon_receiver
[36mInstall the project...[0m
-- Install configuration: "Release"
-- Installing: /home/daisuke/Autoware/ros/install/udon_socket/lib/pkgconfig/udon_socket.pc
-- Installing: /home/daisuke/Autoware/ros/install/udon_socket/share/udon_socket/cmake/udon_socketConfig.cmake
-- Installing: /home/daisuke/Autoware/ros/install/udon_socket/share/udon_socket/cmake/udon_socketConfig-version.cmake
-- Installing: /home/daisuke/Autoware/ros/install/udon_socket/share/udon_socket/package.xml
-- Installing: /home/daisuke/Autoware/ros/install/udon_socket/lib/libudon.so
-- Installing: /home/daisuke/Autoware/ros/install/udon_socket/lib/udon_socket/udon_receiver
-- Set runtime path of "/home/daisuke/Autoware/ros/install/udon_socket/lib/udon_socket/udon_receiver" to ""
-- Installing: /home/daisuke/Autoware/ros/install/udon_socket/lib/udon_socket/udon_sender
-- Set runtime path of "/home/daisuke/Autoware/ros/install/udon_socket/lib/udon_socket/udon_sender" to ""
