-- The C compiler identification is GNU 5.4.0
-- The CXX compiler identification is GNU 5.4.0
-- Check for working C compiler: /usr/bin/cc
-- Check for working C compiler: /usr/bin/cc -- works
-- Detecting C compiler ABI info
-- Detecting C compiler ABI info - done
-- Detecting C compile features
-- Detecting C compile features - done
-- Check for working CXX compiler: /usr/bin/c++
-- Check for working CXX compiler: /usr/bin/c++ -- works
-- Detecting CXX compiler ABI info
-- Detecting CXX compiler ABI info - done
-- Detecting CXX compile features
-- Detecting CXX compile features - done
-- Using CATKIN_DEVEL_PREFIX: /home/daisuke/Autoware/ros/build/waypoint_follower/devel
-- Using CMAKE_PREFIX_PATH: /home/daisuke/Autoware/ros/install/autoware_health_checker;/home/daisuke/Autoware/ros/install/tablet_socket_msgs;/home/daisuke/Autoware/ros/install/autoware_system_msgs;/home/daisuke/Autoware/ros/install/autoware_msgs;/home/daisuke/Autoware/ros/install/autoware_config_msgs;/home/daisuke/Autoware/ros/install/autoware_build_flags;/home/daisuke/Autoware/ros/devel;/opt/ros/kinetic
-- This workspace overlays: /home/daisuke/Autoware/ros/install/autoware_health_checker;/home/daisuke/Autoware/ros/install/tablet_socket_msgs;/home/daisuke/Autoware/ros/install/autoware_system_msgs;/home/daisuke/Autoware/ros/install/autoware_msgs;/home/daisuke/Autoware/ros/install/autoware_config_msgs;/home/daisuke/Autoware/ros/install/autoware_build_flags;/opt/ros/kinetic
-- Found PythonInterp: /home/daisuke/pyenv/shims/python (found version "2.7.12") 
-- Using PYTHON_EXECUTABLE: /home/daisuke/pyenv/shims/python
-- Using Debian Python package layout
-- Using empy: /usr/bin/empy
-- Using CATKIN_ENABLE_TESTING: ON
-- Call enable_testing()
-- Using CATKIN_TEST_RESULTS_DIR: /home/daisuke/Autoware/ros/build/waypoint_follower/test_results
-- Found gmock sources under '/usr/src/gmock': gmock will be built
-- Looking for pthread.h
-- Looking for pthread.h - found
-- Looking for pthread_create
-- Looking for pthread_create - not found
-- Looking for pthread_create in pthreads
-- Looking for pthread_create in pthreads - not found
-- Looking for pthread_create in pthread
-- Looking for pthread_create in pthread - found
-- Found Threads: TRUE  
-- Found gtest sources under '/usr/src/gmock': gtests will be built
-- Using Python nosetests: /usr/bin/nosetests-2.7
-- catkin 0.7.14
-- Using these message generators: gencpp;geneus;genlisp;gennodejs;genpy
-- Configuring done
-- Generating done
-- Build files have been written to: /home/daisuke/Autoware/ros/build/waypoint_follower
[35m[1mScanning dependencies of target bond_generate_messages_lisp[0m
[35m[1mScanning dependencies of target autoware_system_msgs_generate_messages_nodejs[0m
[  0%] Built target autoware_system_msgs_generate_messages_nodejs
[  0%] Built target bond_generate_messages_lisp
[35m[1mScanning dependencies of target std_srvs_generate_messages_eus[0m
[35m[1mScanning dependencies of target std_srvs_generate_messages_lisp[0m
[  0%] Built target std_srvs_generate_messages_eus
[  0%] Built target std_srvs_generate_messages_lisp
[35m[1mScanning dependencies of target nodelet_topic_tools_gencfg[0m
[35m[1mScanning dependencies of target topic_tools_generate_messages_nodejs[0m
[  0%] Built target nodelet_topic_tools_gencfg
[  0%] Built target topic_tools_generate_messages_nodejs
[35m[1mScanning dependencies of target sensor_msgs_generate_messages_lisp[0m
[35m[1mScanning dependencies of target actionlib_msgs_generate_messages_lisp[0m
[  0%] Built target sensor_msgs_generate_messages_lisp
[  0%] Built target actionlib_msgs_generate_messages_lisp
[35m[1mScanning dependencies of target autoware_system_msgs_generate_messages_eus[0m
[35m[1mScanning dependencies of target autoware_msgs_generate_messages_py[0m
[  0%] Built target autoware_system_msgs_generate_messages_eus
[  0%] Built target autoware_msgs_generate_messages_py
[35m[1mScanning dependencies of target tf_generate_messages_cpp[0m
[35m[1mScanning dependencies of target actionlib_msgs_generate_messages_eus[0m
[  0%] Built target tf_generate_messages_cpp
[  0%] Built target actionlib_msgs_generate_messages_eus
[35m[1mScanning dependencies of target jsk_footstep_msgs_generate_messages_py[0m
[35m[1mScanning dependencies of target autoware_config_msgs_generate_messages_nodejs[0m
[  0%] Built target jsk_footstep_msgs_generate_messages_py
[  0%] Built target autoware_config_msgs_generate_messages_nodejs
[35m[1mScanning dependencies of target actionlib_generate_messages_lisp[0m
[35m[1mScanning dependencies of target actionlib_msgs_generate_messages_cpp[0m
[  0%] Built target actionlib_generate_messages_lisp
[  0%] Built target actionlib_msgs_generate_messages_cpp
[35m[1mScanning dependencies of target sensor_msgs_generate_messages_eus[0m
[35m[1mScanning dependencies of target autoware_system_msgs_generate_messages_lisp[0m
[  0%] Built target sensor_msgs_generate_messages_eus
[  0%] Built target autoware_system_msgs_generate_messages_lisp
[35m[1mScanning dependencies of target actionlib_msgs_generate_messages_nodejs[0m
[35m[1mScanning dependencies of target tf2_msgs_generate_messages_py[0m
[  0%] Built target actionlib_msgs_generate_messages_nodejs
[  0%] Built target tf2_msgs_generate_messages_py
[35m[1mScanning dependencies of target jsk_footstep_msgs_generate_messages_nodejs[0m
[35m[1mScanning dependencies of target dynamic_reconfigure_generate_messages_nodejs[0m
[  0%] Built target jsk_footstep_msgs_generate_messages_nodejs
[  0%] Built target dynamic_reconfigure_generate_messages_nodejs
[35m[1mScanning dependencies of target jsk_footstep_msgs_generate_messages_eus[0m
[35m[1mScanning dependencies of target pcl_msgs_generate_messages_nodejs[0m
[  0%] Built target jsk_footstep_msgs_generate_messages_eus
[  0%] Built target pcl_msgs_generate_messages_nodejs
[35m[1mScanning dependencies of target pcl_msgs_generate_messages_eus[0m
[35m[1mScanning dependencies of target jsk_footstep_msgs_generate_messages_cpp[0m
[  0%] Built target pcl_msgs_generate_messages_eus
[  0%] Built target jsk_footstep_msgs_generate_messages_cpp
[35m[1mScanning dependencies of target autoware_msgs_generate_messages_lisp[0m
[35m[1mScanning dependencies of target rosgraph_msgs_generate_messages_cpp[0m
[  0%] Built target autoware_msgs_generate_messages_lisp
[  0%] Built target rosgraph_msgs_generate_messages_cpp
[35m[1mScanning dependencies of target std_srvs_generate_messages_cpp[0m
[35m[1mScanning dependencies of target autoware_msgs_generate_messages_nodejs[0m
[  0%] Built target std_srvs_generate_messages_cpp
[  0%] Built target autoware_msgs_generate_messages_nodejs
[35m[1mScanning dependencies of target pcl_msgs_generate_messages_cpp[0m
[35m[1mScanning dependencies of target jsk_recognition_msgs_generate_messages_py[0m
[  0%] Built target pcl_msgs_generate_messages_cpp
[  0%] Built target jsk_recognition_msgs_generate_messages_py
[35m[1mScanning dependencies of target jsk_recognition_msgs_generate_messages_nodejs[0m
[35m[1mScanning dependencies of target actionlib_msgs_generate_messages_py[0m
[  0%] Built target jsk_recognition_msgs_generate_messages_nodejs
[  0%] Built target actionlib_msgs_generate_messages_py
[35m[1mScanning dependencies of target std_msgs_generate_messages_nodejs[0m
[35m[1mScanning dependencies of target geometry_msgs_generate_messages_lisp[0m
[  0%] Built target std_msgs_generate_messages_nodejs
[  0%] Built target geometry_msgs_generate_messages_lisp
[35m[1mScanning dependencies of target geometry_msgs_generate_messages_py[0m
[35m[1mScanning dependencies of target jsk_recognition_msgs_generate_messages_lisp[0m
[  0%] Built target geometry_msgs_generate_messages_py
[  0%] Built target jsk_recognition_msgs_generate_messages_lisp
[35m[1mScanning dependencies of target pcl_msgs_generate_messages_lisp[0m
[35m[1mScanning dependencies of target bond_generate_messages_py[0m
[  0%] Built target pcl_msgs_generate_messages_lisp
[  0%] Built target bond_generate_messages_py
[35m[1mScanning dependencies of target autoware_msgs_generate_messages_eus[0m
[35m[1mScanning dependencies of target std_msgs_generate_messages_lisp[0m
[  0%] Built target autoware_msgs_generate_messages_eus
[  0%] Built target std_msgs_generate_messages_lisp
[35m[1mScanning dependencies of target jsk_recognition_msgs_generate_messages_cpp[0m
[35m[1mScanning dependencies of target geometry_msgs_generate_messages_eus[0m
[  0%] Built target jsk_recognition_msgs_generate_messages_cpp
[  0%] Built target geometry_msgs_generate_messages_eus
[35m[1mScanning dependencies of target geometry_msgs_generate_messages_nodejs[0m
[35m[1mScanning dependencies of target jsk_footstep_msgs_generate_messages_lisp[0m
[  0%] Built target geometry_msgs_generate_messages_nodejs
[  0%] Built target jsk_footstep_msgs_generate_messages_lisp
[35m[1mScanning dependencies of target sensor_msgs_generate_messages_cpp[0m
[35m[1mScanning dependencies of target geometry_msgs_generate_messages_cpp[0m
[  0%] Built target sensor_msgs_generate_messages_cpp
[  0%] Built target geometry_msgs_generate_messages_cpp
[35m[1mScanning dependencies of target std_msgs_generate_messages_cpp[0m
[35m[1mScanning dependencies of target sensor_msgs_generate_messages_nodejs[0m
[  0%] Built target std_msgs_generate_messages_cpp
[  0%] Built target sensor_msgs_generate_messages_nodejs
[35m[1mScanning dependencies of target tablet_socket_msgs_generate_messages_lisp[0m
[35m[1mScanning dependencies of target autoware_msgs_generate_messages_cpp[0m
[  0%] Built target tablet_socket_msgs_generate_messages_lisp
[  0%] Built target autoware_msgs_generate_messages_cpp
[35m[1mScanning dependencies of target tablet_socket_msgs_generate_messages_cpp[0m
[35m[1mScanning dependencies of target actionlib_generate_messages_nodejs[0m
[  0%] Built target tablet_socket_msgs_generate_messages_cpp
[35m[1mScanning dependencies of target tablet_socket_msgs_generate_messages_py[0m
[  0%] Built target actionlib_generate_messages_nodejs
[35m[1mScanning dependencies of target std_srvs_generate_messages_nodejs[0m
[  0%] Built target tablet_socket_msgs_generate_messages_py
[35m[1mScanning dependencies of target autoware_config_msgs_generate_messages_lisp[0m
[  0%] Built target std_srvs_generate_messages_nodejs
[35m[1mScanning dependencies of target std_msgs_generate_messages_py[0m
[  0%] Built target autoware_config_msgs_generate_messages_lisp
[35m[1mScanning dependencies of target rosgraph_msgs_generate_messages_eus[0m
[  0%] Built target std_msgs_generate_messages_py
[35m[1mScanning dependencies of target autoware_config_msgs_generate_messages_eus[0m
[  0%] Built target rosgraph_msgs_generate_messages_eus
[  0%] Built target autoware_config_msgs_generate_messages_eus
[35m[1mScanning dependencies of target autoware_config_msgs_generate_messages_py[0m
[35m[1mScanning dependencies of target tablet_socket_msgs_generate_messages_eus[0m
[  0%] Built target autoware_config_msgs_generate_messages_py
[35m[1mScanning dependencies of target tablet_socket_msgs_generate_messages_nodejs[0m
[  0%] Built target tablet_socket_msgs_generate_messages_eus
[35m[1mScanning dependencies of target actionlib_generate_messages_py[0m
[  0%] Built target tablet_socket_msgs_generate_messages_nodejs
[35m[1mScanning dependencies of target dynamic_reconfigure_generate_messages_py[0m
[  0%] Built target actionlib_generate_messages_py
[35m[1mScanning dependencies of target roscpp_generate_messages_cpp[0m
[  0%] Built target dynamic_reconfigure_generate_messages_py
[35m[1mScanning dependencies of target nodelet_generate_messages_py[0m
[  0%] Built target roscpp_generate_messages_cpp
[35m[1mScanning dependencies of target roscpp_generate_messages_eus[0m
[  0%] Built target nodelet_generate_messages_py
[35m[1mScanning dependencies of target bond_generate_messages_eus[0m
[  0%] Built target roscpp_generate_messages_eus
[35m[1mScanning dependencies of target roscpp_generate_messages_lisp[0m
[  0%] Built target bond_generate_messages_eus
[35m[1mScanning dependencies of target sensor_msgs_generate_messages_py[0m
[  0%] Built target roscpp_generate_messages_lisp
[35m[1mScanning dependencies of target roscpp_generate_messages_nodejs[0m
[35m[1mScanning dependencies of target jsk_recognition_msgs_generate_messages_eus[0m
[  0%] Built target roscpp_generate_messages_nodejs
[  0%] Built target sensor_msgs_generate_messages_py
[  0%] Built target jsk_recognition_msgs_generate_messages_eus
[35m[1mScanning dependencies of target roscpp_generate_messages_py[0m
[35m[1mScanning dependencies of target topic_tools_generate_messages_eus[0m
[35m[1mScanning dependencies of target tf_generate_messages_nodejs[0m
[  0%] Built target roscpp_generate_messages_py
[  0%] Built target topic_tools_generate_messages_eus
[  0%] Built target tf_generate_messages_nodejs
[35m[1mScanning dependencies of target rosgraph_msgs_generate_messages_nodejs[0m
[35m[1mScanning dependencies of target rosgraph_msgs_generate_messages_lisp[0m
[35m[1mScanning dependencies of target actionlib_generate_messages_cpp[0m
[  0%] Built target rosgraph_msgs_generate_messages_nodejs
[  0%] Built target rosgraph_msgs_generate_messages_lisp
[  0%] Built target actionlib_generate_messages_cpp
[35m[1mScanning dependencies of target tf_generate_messages_lisp[0m
[35m[1mScanning dependencies of target rosgraph_msgs_generate_messages_py[0m
[35m[1mScanning dependencies of target tf_generate_messages_eus[0m
[  0%] Built target tf_generate_messages_lisp
[  0%] Built target rosgraph_msgs_generate_messages_py
[  0%] Built target tf_generate_messages_eus
[35m[1mScanning dependencies of target tf_generate_messages_py[0m
[35m[1mScanning dependencies of target std_msgs_generate_messages_eus[0m
[35m[1mScanning dependencies of target actionlib_generate_messages_eus[0m
[  0%] Built target std_msgs_generate_messages_eus
[  0%] Built target tf_generate_messages_py
[  0%] Built target actionlib_generate_messages_eus
[35m[1mScanning dependencies of target tf2_msgs_generate_messages_cpp[0m
[35m[1mScanning dependencies of target pcl_ros_gencfg[0m
[35m[1mScanning dependencies of target tf2_msgs_generate_messages_eus[0m
[  0%] Built target tf2_msgs_generate_messages_cpp
[  0%] Built target pcl_ros_gencfg
[35m[1mScanning dependencies of target nodelet_generate_messages_cpp[0m
[  0%] Built target tf2_msgs_generate_messages_eus
[35m[1mScanning dependencies of target tf2_msgs_generate_messages_lisp[0m
[35m[1mScanning dependencies of target tf2_msgs_generate_messages_nodejs[0m
[  0%] Built target nodelet_generate_messages_cpp
[  0%] Built target tf2_msgs_generate_messages_lisp
[35m[1mScanning dependencies of target topic_tools_generate_messages_cpp[0m
[  0%] Built target tf2_msgs_generate_messages_nodejs
[35m[1mScanning dependencies of target nodelet_generate_messages_eus[0m
[  0%] Built target topic_tools_generate_messages_cpp
[  0%] Built target nodelet_generate_messages_eus
[35m[1mScanning dependencies of target dynamic_reconfigure_generate_messages_cpp[0m
[35m[1mScanning dependencies of target bond_generate_messages_nodejs[0m
[35m[1mScanning dependencies of target pcl_msgs_generate_messages_py[0m
[  0%] Built target dynamic_reconfigure_generate_messages_cpp
[  0%] Built target bond_generate_messages_nodejs
[  0%] Built target pcl_msgs_generate_messages_py
[35m[1mScanning dependencies of target dynamic_reconfigure_generate_messages_eus[0m
[35m[1mScanning dependencies of target autoware_config_msgs_generate_messages_cpp[0m
[35m[1mScanning dependencies of target dynamic_reconfigure_generate_messages_lisp[0m
[  0%] Built target dynamic_reconfigure_generate_messages_eus
[  0%] Built target autoware_config_msgs_generate_messages_cpp
[  0%] Built target dynamic_reconfigure_generate_messages_lisp
[35m[1mScanning dependencies of target dynamic_reconfigure_gencfg[0m
[35m[1mScanning dependencies of target nodelet_generate_messages_lisp[0m
[35m[1mScanning dependencies of target nodelet_generate_messages_nodejs[0m
[  0%] Built target dynamic_reconfigure_gencfg
[  0%] Built target nodelet_generate_messages_lisp
[35m[1mScanning dependencies of target autoware_system_msgs_generate_messages_py[0m
[  0%] Built target nodelet_generate_messages_nodejs
[35m[1mScanning dependencies of target bond_generate_messages_cpp[0m
[  0%] Built target autoware_system_msgs_generate_messages_py
[35m[1mScanning dependencies of target std_srvs_generate_messages_py[0m
[  0%] Built target bond_generate_messages_cpp
[35m[1mScanning dependencies of target topic_tools_generate_messages_lisp[0m
[  0%] Built target std_srvs_generate_messages_py
[35m[1mScanning dependencies of target topic_tools_generate_messages_py[0m
[  0%] Built target topic_tools_generate_messages_lisp
[35m[1mScanning dependencies of target autoware_system_msgs_generate_messages_cpp[0m
[  0%] Built target topic_tools_generate_messages_py
[  0%] Built target autoware_system_msgs_generate_messages_cpp
[35m[1mScanning dependencies of target twist_gate[0m
[35m[1mScanning dependencies of target twist_filter[0m
[  7%] [32mBuilding CXX object CMakeFiles/twist_gate.dir/nodes/twist_gate/twist_gate.cpp.o[0m
[ 15%] [32mBuilding CXX object CMakeFiles/twist_filter.dir/nodes/twist_filter/twist_filter.cpp.o[0m
[ 23%] [32m[1mLinking CXX executable devel/lib/waypoint_follower/twist_filter[0m
[ 23%] Built target twist_filter
[ 30%] [32m[1mLinking CXX executable devel/lib/waypoint_follower/twist_gate[0m
[ 30%] Built target twist_gate
[35m[1mScanning dependencies of target libwaypoint_follower[0m
[ 38%] [32mBuilding CXX object CMakeFiles/libwaypoint_follower.dir/lib/libwaypoint_follower.cpp.o[0m
[ 46%] [32m[1mLinking CXX shared library devel/lib/liblibwaypoint_follower.so[0m
[ 46%] Built target libwaypoint_follower
[35m[1mScanning dependencies of target pure_pursuit[0m
[ 53%] [32mBuilding CXX object CMakeFiles/pure_pursuit.dir/nodes/pure_pursuit/pure_pursuit_node.cpp.o[0m
[ 61%] [32mBuilding CXX object CMakeFiles/pure_pursuit.dir/nodes/pure_pursuit/pure_pursuit_viz.cpp.o[0m
[ 69%] [32mBuilding CXX object CMakeFiles/pure_pursuit.dir/nodes/pure_pursuit/pure_pursuit_core.cpp.o[0m
[ 76%] [32mBuilding CXX object CMakeFiles/pure_pursuit.dir/nodes/pure_pursuit/pure_pursuit.cpp.o[0m
[ 84%] [32m[1mLinking CXX executable devel/lib/waypoint_follower/pure_pursuit[0m
[ 84%] Built target pure_pursuit
[35m[1mScanning dependencies of target wf_simulator[0m
[ 92%] [32mBuilding CXX object CMakeFiles/wf_simulator.dir/nodes/wf_simulator/wf_simulator.cpp.o[0m
[100%] [32m[1mLinking CXX executable devel/lib/waypoint_follower/wf_simulator[0m
[100%] Built target wf_simulator
[35m[1mScanning dependencies of target tests[0m
Built target tests
[  0%] Built target bond_generate_messages_lisp
[  0%] Built target autoware_system_msgs_generate_messages_nodejs
[  0%] Built target autoware_system_msgs_generate_messages_cpp
[  0%] Built target topic_tools_generate_messages_py
[  0%] Built target topic_tools_generate_messages_lisp
[  0%] Built target topic_tools_generate_messages_eus
[  0%] Built target std_srvs_generate_messages_nodejs
[  0%] Built target std_srvs_generate_messages_lisp
[  0%] Built target std_srvs_generate_messages_eus
[  0%] Built target nodelet_topic_tools_gencfg
[  0%] Built target topic_tools_generate_messages_nodejs
[  0%] Built target sensor_msgs_generate_messages_lisp
[  0%] Built target actionlib_msgs_generate_messages_lisp
[  0%] Built target autoware_system_msgs_generate_messages_eus
[  0%] Built target autoware_msgs_generate_messages_py
[  0%] Built target tf_generate_messages_cpp
[  0%] Built target actionlib_msgs_generate_messages_eus
[  0%] Built target jsk_footstep_msgs_generate_messages_py
[  0%] Built target autoware_config_msgs_generate_messages_nodejs
[  0%] Built target actionlib_generate_messages_lisp
[  0%] Built target actionlib_msgs_generate_messages_cpp
[  0%] Built target sensor_msgs_generate_messages_eus
[  0%] Built target autoware_system_msgs_generate_messages_lisp
[  0%] Built target actionlib_msgs_generate_messages_nodejs
[  0%] Built target tf2_msgs_generate_messages_py
[  0%] Built target jsk_footstep_msgs_generate_messages_nodejs
[  0%] Built target dynamic_reconfigure_generate_messages_nodejs
[  0%] Built target jsk_footstep_msgs_generate_messages_eus
[  0%] Built target pcl_msgs_generate_messages_nodejs
[  0%] Built target pcl_msgs_generate_messages_eus
[  0%] Built target jsk_footstep_msgs_generate_messages_cpp
[  0%] Built target autoware_msgs_generate_messages_lisp
[  0%] Built target rosgraph_msgs_generate_messages_cpp
[  0%] Built target std_srvs_generate_messages_cpp
[  0%] Built target autoware_msgs_generate_messages_nodejs
[  0%] Built target pcl_msgs_generate_messages_cpp
[  0%] Built target jsk_recognition_msgs_generate_messages_py
[  0%] Built target jsk_recognition_msgs_generate_messages_nodejs
[  0%] Built target actionlib_msgs_generate_messages_py
[  0%] Built target std_msgs_generate_messages_nodejs
[  0%] Built target geometry_msgs_generate_messages_lisp
[  0%] Built target geometry_msgs_generate_messages_py
[  0%] Built target jsk_recognition_msgs_generate_messages_lisp
[  0%] Built target pcl_msgs_generate_messages_lisp
[  0%] Built target bond_generate_messages_py
[  0%] Built target autoware_msgs_generate_messages_eus
[  0%] Built target std_msgs_generate_messages_lisp
[  0%] Built target jsk_recognition_msgs_generate_messages_cpp
[  0%] Built target geometry_msgs_generate_messages_eus
[  0%] Built target geometry_msgs_generate_messages_nodejs
[  0%] Built target jsk_footstep_msgs_generate_messages_lisp
[  0%] Built target sensor_msgs_generate_messages_cpp
[  0%] Built target geometry_msgs_generate_messages_cpp
[  0%] Built target std_msgs_generate_messages_cpp
[  0%] Built target sensor_msgs_generate_messages_nodejs
[  0%] Built target tablet_socket_msgs_generate_messages_lisp
[  0%] Built target autoware_msgs_generate_messages_cpp
[  0%] Built target tablet_socket_msgs_generate_messages_cpp
[  0%] Built target actionlib_generate_messages_nodejs
[  0%] Built target tablet_socket_msgs_generate_messages_py
[  0%] Built target autoware_config_msgs_generate_messages_lisp
[  0%] Built target std_msgs_generate_messages_py
[  0%] Built target rosgraph_msgs_generate_messages_eus
[  0%] Built target autoware_config_msgs_generate_messages_eus
[  0%] Built target autoware_config_msgs_generate_messages_py
[  0%] Built target tablet_socket_msgs_generate_messages_eus
[  0%] Built target tablet_socket_msgs_generate_messages_nodejs
[  0%] Built target actionlib_generate_messages_py
[  0%] Built target dynamic_reconfigure_generate_messages_py
[  0%] Built target roscpp_generate_messages_cpp
[  0%] Built target nodelet_generate_messages_py
[  0%] Built target roscpp_generate_messages_eus
[  0%] Built target bond_generate_messages_eus
[  0%] Built target roscpp_generate_messages_lisp
[  0%] Built target sensor_msgs_generate_messages_py
[  0%] Built target roscpp_generate_messages_nodejs
[  0%] Built target jsk_recognition_msgs_generate_messages_eus
[  0%] Built target roscpp_generate_messages_py
[  0%] Built target std_srvs_generate_messages_py
[  0%] Built target tf_generate_messages_nodejs
[  0%] Built target rosgraph_msgs_generate_messages_lisp
[  0%] Built target rosgraph_msgs_generate_messages_nodejs
[  0%] Built target actionlib_generate_messages_cpp
[  0%] Built target rosgraph_msgs_generate_messages_py
[  0%] Built target tf_generate_messages_lisp
[  0%] Built target tf_generate_messages_eus
[  0%] Built target tf_generate_messages_py
[  0%] Built target std_msgs_generate_messages_eus
[  0%] Built target actionlib_generate_messages_eus
[  0%] Built target tf2_msgs_generate_messages_cpp
[  0%] Built target pcl_ros_gencfg
[  0%] Built target tf2_msgs_generate_messages_eus
[  0%] Built target nodelet_generate_messages_cpp
[  0%] Built target tf2_msgs_generate_messages_lisp
[  0%] Built target tf2_msgs_generate_messages_nodejs
[  0%] Built target topic_tools_generate_messages_cpp
[  0%] Built target nodelet_generate_messages_eus
[  0%] Built target dynamic_reconfigure_generate_messages_cpp
[  0%] Built target bond_generate_messages_nodejs
[  0%] Built target pcl_msgs_generate_messages_py
[  0%] Built target dynamic_reconfigure_generate_messages_eus
[  0%] Built target dynamic_reconfigure_generate_messages_lisp
[  0%] Built target autoware_config_msgs_generate_messages_cpp
[  0%] Built target dynamic_reconfigure_gencfg
[  0%] Built target nodelet_generate_messages_lisp
[  0%] Built target nodelet_generate_messages_nodejs
[  0%] Built target autoware_system_msgs_generate_messages_py
[  0%] Built target bond_generate_messages_cpp
[ 15%] Built target twist_gate
[ 30%] Built target twist_filter
[ 46%] Built target libwaypoint_follower
[ 84%] Built target pure_pursuit
[100%] Built target wf_simulator
[36mInstall the project...[0m
-- Install configuration: "Release"
-- Installing: /home/daisuke/Autoware/ros/install/waypoint_follower/lib/pkgconfig/waypoint_follower.pc
-- Installing: /home/daisuke/Autoware/ros/install/waypoint_follower/share/waypoint_follower/cmake/waypoint_followerConfig.cmake
-- Installing: /home/daisuke/Autoware/ros/install/waypoint_follower/share/waypoint_follower/cmake/waypoint_followerConfig-version.cmake
-- Installing: /home/daisuke/Autoware/ros/install/waypoint_follower/share/waypoint_follower/package.xml
-- Installing: /home/daisuke/Autoware/ros/install/waypoint_follower/lib/liblibwaypoint_follower.so
-- Set runtime path of "/home/daisuke/Autoware/ros/install/waypoint_follower/lib/liblibwaypoint_follower.so" to ""
-- Installing: /home/daisuke/Autoware/ros/install/waypoint_follower/lib/waypoint_follower/pure_pursuit
-- Set runtime path of "/home/daisuke/Autoware/ros/install/waypoint_follower/lib/waypoint_follower/pure_pursuit" to ""
-- Installing: /home/daisuke/Autoware/ros/install/waypoint_follower/lib/waypoint_follower/wf_simulator
-- Set runtime path of "/home/daisuke/Autoware/ros/install/waypoint_follower/lib/waypoint_follower/wf_simulator" to ""
-- Installing: /home/daisuke/Autoware/ros/install/waypoint_follower/lib/waypoint_follower/twist_filter
-- Set runtime path of "/home/daisuke/Autoware/ros/install/waypoint_follower/lib/waypoint_follower/twist_filter" to ""
-- Installing: /home/daisuke/Autoware/ros/install/waypoint_follower/lib/waypoint_follower/twist_gate
-- Set runtime path of "/home/daisuke/Autoware/ros/install/waypoint_follower/lib/waypoint_follower/twist_gate" to ""
-- Installing: /home/daisuke/Autoware/ros/install/waypoint_follower/include/waypoint_follower
-- Installing: /home/daisuke/Autoware/ros/install/waypoint_follower/include/waypoint_follower/libwaypoint_follower.h
-- Installing: /home/daisuke/Autoware/ros/install/waypoint_follower/share/waypoint_follower/launch
-- Installing: /home/daisuke/Autoware/ros/install/waypoint_follower/share/waypoint_follower/launch/twist_filter.launch
-- Installing: /home/daisuke/Autoware/ros/install/waypoint_follower/share/waypoint_follower/launch/pure_pursuit.launch
-- Installing: /home/daisuke/Autoware/ros/install/waypoint_follower/share/waypoint_follower/launch/wf_simulator.launch
