Invoking command in '/home/daisuke/Autoware/ros/build/javad_navsat_driver': /usr/bin/cmake /home/daisuke/Autoware/ros/src/sensing/drivers/gnss/packages/javad_navsat_driver -DCATKIN_INSTALL_INTO_PREFIX_ROOT=0 -DCMAKE_INSTALL_PREFIX=/home/daisuke/Autoware/ros/install/javad_navsat_driver
-- Using CATKIN_DEVEL_PREFIX: /home/daisuke/Autoware/ros/build/javad_navsat_driver/devel
-- Using CMAKE_PREFIX_PATH: /home/daisuke/Autoware/ros/devel;/opt/ros/kinetic
-- This workspace overlays: /opt/ros/kinetic
-- Using PYTHON_EXECUTABLE: /home/daisuke/pyenv/shims/python
-- Using Debian Python package layout
-- Using empy: /usr/bin/empy
-- Using CATKIN_ENABLE_TESTING: ON
-- Call enable_testing()
-- Using CATKIN_TEST_RESULTS_DIR: /home/daisuke/Autoware/ros/build/javad_navsat_driver/test_results
-- Found gmock sources under '/usr/src/gmock': gmock will be built
-- Found gtest sources under '/usr/src/gmock': gtests will be built
-- Using Python nosetests: /usr/bin/nosetests-2.7
-- catkin 0.7.14
-- Configuring done
-- Generating done
-- Build files have been written to: /home/daisuke/Autoware/ros/build/javad_navsat_driver
Invoked command in '/home/daisuke/Autoware/ros/build/javad_navsat_driver' returned '0': /usr/bin/cmake /home/daisuke/Autoware/ros/src/sensing/drivers/gnss/packages/javad_navsat_driver -DCATKIN_INSTALL_INTO_PREFIX_ROOT=0 -DCMAKE_INSTALL_PREFIX=/home/daisuke/Autoware/ros/install/javad_navsat_driver
Invoking command in '/home/daisuke/Autoware/ros/build/javad_navsat_driver': /usr/bin/cmake --build /home/daisuke/Autoware/ros/build/javad_navsat_driver -- -j8 -l8
Invoked command in '/home/daisuke/Autoware/ros/build/javad_navsat_driver' returned '0': /usr/bin/cmake --build /home/daisuke/Autoware/ros/build/javad_navsat_driver -- -j8 -l8
Invoking command in '/home/daisuke/Autoware/ros/build/javad_navsat_driver': /usr/bin/cmake --build /home/daisuke/Autoware/ros/build/javad_navsat_driver --target tests -- -j8 -l8
Built target tests
Invoked command in '/home/daisuke/Autoware/ros/build/javad_navsat_driver' returned '0': /usr/bin/cmake --build /home/daisuke/Autoware/ros/build/javad_navsat_driver --target tests -- -j8 -l8
Invoking command in '/home/daisuke/Autoware/ros/build/javad_navsat_driver': /usr/bin/cmake --build /home/daisuke/Autoware/ros/build/javad_navsat_driver --target install
[36mInstall the project...[0m
-- Install configuration: "Release"
+ cd /home/daisuke/Autoware/ros/src/sensing/drivers/gnss/packages/javad_navsat_driver
+ mkdir -p /home/daisuke/Autoware/ros/install/javad_navsat_driver/lib/python2.7/dist-packages
+ /usr/bin/env PYTHONPATH=/home/daisuke/Autoware/ros/install/javad_navsat_driver/lib/python2.7/dist-packages:/home/daisuke/Autoware/ros/build/javad_navsat_driver/lib/python2.7/dist-packages:/home/daisuke/Autoware/ros/devel/lib/python2.7/dist-packages:/opt/ros/kinetic/lib/python2.7/dist-packages CATKIN_BINARY_DIR=/home/daisuke/Autoware/ros/build/javad_navsat_driver /home/daisuke/pyenv/shims/python /home/daisuke/Autoware/ros/src/sensing/drivers/gnss/packages/javad_navsat_driver/setup.py build --build-base /home/daisuke/Autoware/ros/build/javad_navsat_driver install --install-layout=deb --prefix=/home/daisuke/Autoware/ros/install/javad_navsat_driver --install-scripts=/home/daisuke/Autoware/ros/install/javad_navsat_driver/bin
running build
running build_py
running install
running install_lib
running install_egg_info
Removing /home/daisuke/Autoware/ros/install/javad_navsat_driver/lib/python2.7/dist-packages/javad_navsat_driver-1.10.0.egg-info
Writing /home/daisuke/Autoware/ros/install/javad_navsat_driver/lib/python2.7/dist-packages/javad_navsat_driver-1.10.0.egg-info
-- Installing: /home/daisuke/Autoware/ros/install/javad_navsat_driver/lib/pkgconfig/javad_navsat_driver.pc
-- Up-to-date: /home/daisuke/Autoware/ros/install/javad_navsat_driver/share/javad_navsat_driver/cmake/javad_navsat_driverConfig.cmake
-- Up-to-date: /home/daisuke/Autoware/ros/install/javad_navsat_driver/share/javad_navsat_driver/cmake/javad_navsat_driverConfig-version.cmake
-- Up-to-date: /home/daisuke/Autoware/ros/install/javad_navsat_driver/share/javad_navsat_driver/package.xml
-- Up-to-date: /home/daisuke/Autoware/ros/install/javad_navsat_driver/lib/javad_navsat_driver/javad_serial_driver
-- Up-to-date: /home/daisuke/Autoware/ros/install/javad_navsat_driver/lib/javad_navsat_driver/javad_topic_driver
-- Up-to-date: /home/daisuke/Autoware/ros/install/javad_navsat_driver/lib/javad_navsat_driver/javad_topic_serial_reader
-- Up-to-date: /home/daisuke/Autoware/ros/install/javad_navsat_driver/share/javad_navsat_driver/launch
-- Up-to-date: /home/daisuke/Autoware/ros/install/javad_navsat_driver/share/javad_navsat_driver/launch/javad_navsat.launch
-- Up-to-date: /home/daisuke/Autoware/ros/install/javad_navsat_driver/share/javad_navsat_driver/cfg
-- Up-to-date: /home/daisuke/Autoware/ros/install/javad_navsat_driver/share/javad_navsat_driver/cfg/enable.cfg
-- Up-to-date: /home/daisuke/Autoware/ros/install/javad_navsat_driver/share/javad_navsat_driver/cfg/disable.cfg
Invoked command in '/home/daisuke/Autoware/ros/build/javad_navsat_driver' returned '0': /usr/bin/cmake --build /home/daisuke/Autoware/ros/build/javad_navsat_driver --target install
