Invoking command in '/home/daisuke/Autoware/ros/build/adi_driver': /usr/bin/cmake /home/daisuke/Autoware/ros/src/sensing/drivers/imu/packages/analog_devices -DCATKIN_INSTALL_INTO_PREFIX_ROOT=0 -DCMAKE_INSTALL_PREFIX=/home/daisuke/Autoware/ros/install/adi_driver
-- Using CATKIN_DEVEL_PREFIX: /home/daisuke/Autoware/ros/build/adi_driver/devel
-- Using CMAKE_PREFIX_PATH: /home/daisuke/Autoware/ros/devel;/opt/ros/kinetic
-- This workspace overlays: /opt/ros/kinetic
-- Using PYTHON_EXECUTABLE: /home/daisuke/pyenv/shims/python
-- Using Debian Python package layout
-- Using empy: /usr/bin/empy
-- Using CATKIN_ENABLE_TESTING: ON
-- Call enable_testing()
-- Using CATKIN_TEST_RESULTS_DIR: /home/daisuke/Autoware/ros/build/adi_driver/test_results
-- Found gmock sources under '/usr/src/gmock': gmock will be built
-- Found gtest sources under '/usr/src/gmock': gtests will be built
-- Using Python nosetests: /usr/bin/nosetests-2.7
-- catkin 0.7.14
-- Configuring done
-- Generating done
-- Build files have been written to: /home/daisuke/Autoware/ros/build/adi_driver
Invoked command in '/home/daisuke/Autoware/ros/build/adi_driver' returned '0': /usr/bin/cmake /home/daisuke/Autoware/ros/src/sensing/drivers/imu/packages/analog_devices -DCATKIN_INSTALL_INTO_PREFIX_ROOT=0 -DCMAKE_INSTALL_PREFIX=/home/daisuke/Autoware/ros/install/adi_driver
Invoking command in '/home/daisuke/Autoware/ros/build/adi_driver': /usr/bin/cmake --build /home/daisuke/Autoware/ros/build/adi_driver -- -j8 -l8
[ 50%] Built target adis16470_node
[100%] Built target adxl345_node
Invoked command in '/home/daisuke/Autoware/ros/build/adi_driver' returned '0': /usr/bin/cmake --build /home/daisuke/Autoware/ros/build/adi_driver -- -j8 -l8
Invoking command in '/home/daisuke/Autoware/ros/build/adi_driver': /usr/bin/cmake --build /home/daisuke/Autoware/ros/build/adi_driver --target tests -- -j8 -l8
Built target tests
Invoked command in '/home/daisuke/Autoware/ros/build/adi_driver' returned '0': /usr/bin/cmake --build /home/daisuke/Autoware/ros/build/adi_driver --target tests -- -j8 -l8
Invoking command in '/home/daisuke/Autoware/ros/build/adi_driver': /usr/bin/cmake --build /home/daisuke/Autoware/ros/build/adi_driver --target install
[ 50%] Built target adis16470_node
[100%] Built target adxl345_node
[36mInstall the project...[0m
-- Install configuration: "Release"
-- Installing: /home/daisuke/Autoware/ros/install/adi_driver/lib/pkgconfig/adi_driver.pc
-- Up-to-date: /home/daisuke/Autoware/ros/install/adi_driver/share/adi_driver/cmake/adi_driverConfig.cmake
-- Up-to-date: /home/daisuke/Autoware/ros/install/adi_driver/share/adi_driver/cmake/adi_driverConfig-version.cmake
-- Up-to-date: /home/daisuke/Autoware/ros/install/adi_driver/share/adi_driver/package.xml
-- Up-to-date: /home/daisuke/Autoware/ros/install/adi_driver/lib/adi_driver/adis16470_node
-- Up-to-date: /home/daisuke/Autoware/ros/install/adi_driver/lib/adi_driver/adxl345_node
-- Up-to-date: /home/daisuke/Autoware/ros/install/adi_driver/include/adi_driver
-- Up-to-date: /home/daisuke/Autoware/ros/install/adi_driver/include/adi_driver/adxl345.h
-- Up-to-date: /home/daisuke/Autoware/ros/install/adi_driver/include/adi_driver/adis16470.h
-- Up-to-date: /home/daisuke/Autoware/ros/install/adi_driver/share/adi_driver/launch
-- Up-to-date: /home/daisuke/Autoware/ros/install/adi_driver/share/adi_driver/launch/imu.rviz
-- Up-to-date: /home/daisuke/Autoware/ros/install/adi_driver/share/adi_driver/launch/adxl345.launch
-- Up-to-date: /home/daisuke/Autoware/ros/install/adi_driver/share/adi_driver/launch/adis16470.launch
-- Up-to-date: /home/daisuke/Autoware/ros/install/adi_driver/share/adi_driver/test
-- Up-to-date: /home/daisuke/Autoware/ros/install/adi_driver/share/adi_driver/test/test_adxl345.py
-- Up-to-date: /home/daisuke/Autoware/ros/install/adi_driver/share/adi_driver/test/test_adis16470.py
-- Up-to-date: /home/daisuke/Autoware/ros/install/adi_driver/share/adi_driver/urdf
-- Up-to-date: /home/daisuke/Autoware/ros/install/adi_driver/share/adi_driver/urdf/adis16470_breakout.urdf
Invoked command in '/home/daisuke/Autoware/ros/build/adi_driver' returned '0': /usr/bin/cmake --build /home/daisuke/Autoware/ros/build/adi_driver --target install
