-- Using CATKIN_DEVEL_PREFIX: /home/daisuke/Autoware/ros/build/autoware_pointgrey_drivers/devel
-- Using CMAKE_PREFIX_PATH: /home/daisuke/Autoware/ros/install/autoware_build_flags;/home/daisuke/Autoware/ros/devel;/opt/ros/kinetic
-- This workspace overlays: /home/daisuke/Autoware/ros/install/autoware_build_flags;/opt/ros/kinetic
-- Using PYTHON_EXECUTABLE: /home/daisuke/pyenv/shims/python
-- Using Debian Python package layout
-- Using empy: /usr/bin/empy
-- Using CATKIN_ENABLE_TESTING: ON
-- Call enable_testing()
-- Using CATKIN_TEST_RESULTS_DIR: /home/daisuke/Autoware/ros/build/autoware_pointgrey_drivers/test_results
-- Found gmock sources under '/usr/src/gmock': gmock will be built
-- Found gtest sources under '/usr/src/gmock': gtests will be built
-- Using Python nosetests: /usr/bin/nosetests-2.7
-- catkin 0.7.14
-- Using these message generators: gencpp;geneus;genlisp;gennodejs;genpy
'FlyCapture SDK' is not installed. 'grasshopper3_camera' will not be built.
'SDK for Ladybug' is not installed. 'ladybug_camera' will not be built.
-- Configuring done
-- Generating done
-- Build files have been written to: /home/daisuke/Autoware/ros/build/autoware_pointgrey_drivers
[100%] Built target spinnaker_camera
Built target tests
[100%] Built target spinnaker_camera
[36mInstall the project...[0m
-- Install configuration: "Release"
-- Installing: /home/daisuke/Autoware/ros/install/autoware_pointgrey_drivers/lib/pkgconfig/autoware_pointgrey_drivers.pc
-- Up-to-date: /home/daisuke/Autoware/ros/install/autoware_pointgrey_drivers/share/autoware_pointgrey_drivers/cmake/autoware_pointgrey_driversConfig.cmake
-- Up-to-date: /home/daisuke/Autoware/ros/install/autoware_pointgrey_drivers/share/autoware_pointgrey_drivers/cmake/autoware_pointgrey_driversConfig-version.cmake
-- Up-to-date: /home/daisuke/Autoware/ros/install/autoware_pointgrey_drivers/share/autoware_pointgrey_drivers/package.xml
-- Up-to-date: /home/daisuke/Autoware/ros/install/autoware_pointgrey_drivers/lib/autoware_pointgrey_drivers/spinnaker_camera
-- Up-to-date: /home/daisuke/Autoware/ros/install/autoware_pointgrey_drivers/share/autoware_pointgrey_drivers/launch/spinnaker.launch
