Invoking command in '/home/daisuke/Autoware/ros/build/graph_tools': /usr/bin/cmake /home/daisuke/Autoware/ros/src/util/packages/graph_tools -DCATKIN_INSTALL_INTO_PREFIX_ROOT=0 -DCMAKE_INSTALL_PREFIX=/home/daisuke/Autoware/ros/install/graph_tools
-- Using CATKIN_DEVEL_PREFIX: /home/daisuke/Autoware/ros/build/graph_tools/devel
-- Using CMAKE_PREFIX_PATH: /home/daisuke/Autoware/ros/devel;/opt/ros/kinetic
-- This workspace overlays: /opt/ros/kinetic
-- Using PYTHON_EXECUTABLE: /home/daisuke/pyenv/shims/python
-- Using Debian Python package layout
-- Using empy: /usr/bin/empy
-- Using CATKIN_ENABLE_TESTING: ON
-- Call enable_testing()
-- Using CATKIN_TEST_RESULTS_DIR: /home/daisuke/Autoware/ros/build/graph_tools/test_results
-- Found gmock sources under '/usr/src/gmock': gmock will be built
-- Found gtest sources under '/usr/src/gmock': gtests will be built
-- Using Python nosetests: /usr/bin/nosetests-2.7
-- catkin 0.7.14
-- Configuring done
-- Generating done
-- Build files have been written to: /home/daisuke/Autoware/ros/build/graph_tools
Invoked command in '/home/daisuke/Autoware/ros/build/graph_tools' returned '0': /usr/bin/cmake /home/daisuke/Autoware/ros/src/util/packages/graph_tools -DCATKIN_INSTALL_INTO_PREFIX_ROOT=0 -DCMAKE_INSTALL_PREFIX=/home/daisuke/Autoware/ros/install/graph_tools
Invoking command in '/home/daisuke/Autoware/ros/build/graph_tools': /usr/bin/cmake --build /home/daisuke/Autoware/ros/build/graph_tools -- -j8 -l8
Invoked command in '/home/daisuke/Autoware/ros/build/graph_tools' returned '0': /usr/bin/cmake --build /home/daisuke/Autoware/ros/build/graph_tools -- -j8 -l8
Invoking command in '/home/daisuke/Autoware/ros/build/graph_tools': /usr/bin/cmake --build /home/daisuke/Autoware/ros/build/graph_tools --target tests -- -j8 -l8
Built target tests
Invoked command in '/home/daisuke/Autoware/ros/build/graph_tools' returned '0': /usr/bin/cmake --build /home/daisuke/Autoware/ros/build/graph_tools --target tests -- -j8 -l8
Invoking command in '/home/daisuke/Autoware/ros/build/graph_tools': /usr/bin/cmake --build /home/daisuke/Autoware/ros/build/graph_tools --target install
[36mInstall the project...[0m
-- Install configuration: "Release"
-- Installing: /home/daisuke/Autoware/ros/install/graph_tools/lib/pkgconfig/graph_tools.pc
-- Up-to-date: /home/daisuke/Autoware/ros/install/graph_tools/share/graph_tools/cmake/graph_toolsConfig.cmake
-- Up-to-date: /home/daisuke/Autoware/ros/install/graph_tools/share/graph_tools/cmake/graph_toolsConfig-version.cmake
-- Up-to-date: /home/daisuke/Autoware/ros/install/graph_tools/share/graph_tools/package.xml
Invoked command in '/home/daisuke/Autoware/ros/build/graph_tools' returned '0': /usr/bin/cmake --build /home/daisuke/Autoware/ros/build/graph_tools --target install
