Invoking command in '/home/daisuke/Autoware/ros/build/autoware_driveworks_gmsl_interface': CMAKE_PREFIX_PATH=/home/daisuke/Autoware/ros/install/autoware_build_flags:${CMAKE_PREFIX_PATH} PKG_CONFIG_PATH=/home/daisuke/Autoware/ros/install/autoware_build_flags/lib/pkgconfig:${PKG_CONFIG_PATH} ROS_PACKAGE_PATH=/home/daisuke/Autoware/ros/install/autoware_build_flags/share:${ROS_PACKAGE_PATH} /usr/bin/cmake /home/daisuke/Autoware/ros/src/driveworks/packages/autoware_driveworks_gmsl_interface -DCATKIN_INSTALL_INTO_PREFIX_ROOT=0 -DCMAKE_INSTALL_PREFIX=/home/daisuke/Autoware/ros/install/autoware_driveworks_gmsl_interface
-- Using CATKIN_DEVEL_PREFIX: /home/daisuke/Autoware/ros/build/autoware_driveworks_gmsl_interface/devel
-- Using CMAKE_PREFIX_PATH: /home/daisuke/Autoware/ros/install/autoware_build_flags;/home/daisuke/Autoware/ros/devel;/opt/ros/kinetic
-- This workspace overlays: /home/daisuke/Autoware/ros/install/autoware_build_flags;/opt/ros/kinetic
-- Using PYTHON_EXECUTABLE: /home/daisuke/pyenv/shims/python
-- Using Debian Python package layout
-- Using empy: /usr/bin/empy
-- Using CATKIN_ENABLE_TESTING: ON
-- Call enable_testing()
-- Using CATKIN_TEST_RESULTS_DIR: /home/daisuke/Autoware/ros/build/autoware_driveworks_gmsl_interface/test_results
-- Found gmock sources under '/usr/src/gmock': gmock will be built
-- Found gtest sources under '/usr/src/gmock': gtests will be built
-- Using Python nosetests: /usr/bin/nosetests-2.7
-- catkin 0.7.14
-- Configuring done
-- Generating done
-- Build files have been written to: /home/daisuke/Autoware/ros/build/autoware_driveworks_gmsl_interface
gmsl_camera driver will not be built. CUDA was not found.
Invoked command in '/home/daisuke/Autoware/ros/build/autoware_driveworks_gmsl_interface' returned '0': CMAKE_PREFIX_PATH=/home/daisuke/Autoware/ros/install/autoware_build_flags:${CMAKE_PREFIX_PATH} PKG_CONFIG_PATH=/home/daisuke/Autoware/ros/install/autoware_build_flags/lib/pkgconfig:${PKG_CONFIG_PATH} ROS_PACKAGE_PATH=/home/daisuke/Autoware/ros/install/autoware_build_flags/share:${ROS_PACKAGE_PATH} /usr/bin/cmake /home/daisuke/Autoware/ros/src/driveworks/packages/autoware_driveworks_gmsl_interface -DCATKIN_INSTALL_INTO_PREFIX_ROOT=0 -DCMAKE_INSTALL_PREFIX=/home/daisuke/Autoware/ros/install/autoware_driveworks_gmsl_interface
Invoking command in '/home/daisuke/Autoware/ros/build/autoware_driveworks_gmsl_interface': CMAKE_PREFIX_PATH=/home/daisuke/Autoware/ros/install/autoware_build_flags:${CMAKE_PREFIX_PATH} PKG_CONFIG_PATH=/home/daisuke/Autoware/ros/install/autoware_build_flags/lib/pkgconfig:${PKG_CONFIG_PATH} ROS_PACKAGE_PATH=/home/daisuke/Autoware/ros/install/autoware_build_flags/share:${ROS_PACKAGE_PATH} /usr/bin/cmake --build /home/daisuke/Autoware/ros/build/autoware_driveworks_gmsl_interface -- -j8 -l8
Invoked command in '/home/daisuke/Autoware/ros/build/autoware_driveworks_gmsl_interface' returned '0': CMAKE_PREFIX_PATH=/home/daisuke/Autoware/ros/install/autoware_build_flags:${CMAKE_PREFIX_PATH} PKG_CONFIG_PATH=/home/daisuke/Autoware/ros/install/autoware_build_flags/lib/pkgconfig:${PKG_CONFIG_PATH} ROS_PACKAGE_PATH=/home/daisuke/Autoware/ros/install/autoware_build_flags/share:${ROS_PACKAGE_PATH} /usr/bin/cmake --build /home/daisuke/Autoware/ros/build/autoware_driveworks_gmsl_interface -- -j8 -l8
Invoking command in '/home/daisuke/Autoware/ros/build/autoware_driveworks_gmsl_interface': CMAKE_PREFIX_PATH=/home/daisuke/Autoware/ros/install/autoware_build_flags:${CMAKE_PREFIX_PATH} PKG_CONFIG_PATH=/home/daisuke/Autoware/ros/install/autoware_build_flags/lib/pkgconfig:${PKG_CONFIG_PATH} ROS_PACKAGE_PATH=/home/daisuke/Autoware/ros/install/autoware_build_flags/share:${ROS_PACKAGE_PATH} /usr/bin/cmake --build /home/daisuke/Autoware/ros/build/autoware_driveworks_gmsl_interface --target tests -- -j8 -l8
Built target tests
Invoked command in '/home/daisuke/Autoware/ros/build/autoware_driveworks_gmsl_interface' returned '0': CMAKE_PREFIX_PATH=/home/daisuke/Autoware/ros/install/autoware_build_flags:${CMAKE_PREFIX_PATH} PKG_CONFIG_PATH=/home/daisuke/Autoware/ros/install/autoware_build_flags/lib/pkgconfig:${PKG_CONFIG_PATH} ROS_PACKAGE_PATH=/home/daisuke/Autoware/ros/install/autoware_build_flags/share:${ROS_PACKAGE_PATH} /usr/bin/cmake --build /home/daisuke/Autoware/ros/build/autoware_driveworks_gmsl_interface --target tests -- -j8 -l8
Invoking command in '/home/daisuke/Autoware/ros/build/autoware_driveworks_gmsl_interface': CMAKE_PREFIX_PATH=/home/daisuke/Autoware/ros/install/autoware_build_flags:${CMAKE_PREFIX_PATH} PKG_CONFIG_PATH=/home/daisuke/Autoware/ros/install/autoware_build_flags/lib/pkgconfig:${PKG_CONFIG_PATH} ROS_PACKAGE_PATH=/home/daisuke/Autoware/ros/install/autoware_build_flags/share:${ROS_PACKAGE_PATH} /usr/bin/cmake --build /home/daisuke/Autoware/ros/build/autoware_driveworks_gmsl_interface --target install
[36mInstall the project...[0m
-- Install configuration: "Release"
-- Installing: /home/daisuke/Autoware/ros/install/autoware_driveworks_gmsl_interface/lib/pkgconfig/autoware_driveworks_gmsl_interface.pc
-- Up-to-date: /home/daisuke/Autoware/ros/install/autoware_driveworks_gmsl_interface/share/autoware_driveworks_gmsl_interface/cmake/autoware_driveworks_gmsl_interfaceConfig.cmake
-- Up-to-date: /home/daisuke/Autoware/ros/install/autoware_driveworks_gmsl_interface/share/autoware_driveworks_gmsl_interface/cmake/autoware_driveworks_gmsl_interfaceConfig-version.cmake
-- Up-to-date: /home/daisuke/Autoware/ros/install/autoware_driveworks_gmsl_interface/share/autoware_driveworks_gmsl_interface/package.xml
-- Up-to-date: /home/daisuke/Autoware/ros/install/autoware_driveworks_gmsl_interface/share/autoware_driveworks_gmsl_interface/nodelet_gmsl_camera.xml
Invoked command in '/home/daisuke/Autoware/ros/build/autoware_driveworks_gmsl_interface' returned '0': CMAKE_PREFIX_PATH=/home/daisuke/Autoware/ros/install/autoware_build_flags:${CMAKE_PREFIX_PATH} PKG_CONFIG_PATH=/home/daisuke/Autoware/ros/install/autoware_build_flags/lib/pkgconfig:${PKG_CONFIG_PATH} ROS_PACKAGE_PATH=/home/daisuke/Autoware/ros/install/autoware_build_flags/share:${ROS_PACKAGE_PATH} /usr/bin/cmake --build /home/daisuke/Autoware/ros/build/autoware_driveworks_gmsl_interface --target install
