Invoking command in '/home/daisuke/Autoware/ros/build/data_preprocessor': CMAKE_PREFIX_PATH=/home/daisuke/Autoware/ros/install/autoware_build_flags:${CMAKE_PREFIX_PATH} PKG_CONFIG_PATH=/home/daisuke/Autoware/ros/install/autoware_build_flags/lib/pkgconfig:${PKG_CONFIG_PATH} ROS_PACKAGE_PATH=/home/daisuke/Autoware/ros/install/autoware_build_flags/share:${ROS_PACKAGE_PATH} /usr/bin/cmake /home/daisuke/Autoware/ros/src/util/packages/data_preprocessor -DCATKIN_INSTALL_INTO_PREFIX_ROOT=0 -DCMAKE_INSTALL_PREFIX=/home/daisuke/Autoware/ros/install/data_preprocessor
-- Using CATKIN_DEVEL_PREFIX: /home/daisuke/Autoware/ros/build/data_preprocessor/devel
-- Using CMAKE_PREFIX_PATH: /home/daisuke/Autoware/ros/install/autoware_build_flags;/home/daisuke/Autoware/ros/devel;/opt/ros/kinetic
-- This workspace overlays: /home/daisuke/Autoware/ros/install/autoware_build_flags;/opt/ros/kinetic
-- Using PYTHON_EXECUTABLE: /home/daisuke/pyenv/shims/python
-- Using Debian Python package layout
-- Using empy: /usr/bin/empy
-- Using CATKIN_ENABLE_TESTING: ON
-- Call enable_testing()
-- Using CATKIN_TEST_RESULTS_DIR: /home/daisuke/Autoware/ros/build/data_preprocessor/test_results
-- Found gmock sources under '/usr/src/gmock': gmock will be built
-- Found gtest sources under '/usr/src/gmock': gtests will be built
-- Using Python nosetests: /usr/bin/nosetests-2.7
-- catkin 0.7.14
-- Using these message generators: gencpp;geneus;genlisp;gennodejs;genpy
-- Configuring done
-- Generating done
-- Build files have been written to: /home/daisuke/Autoware/ros/build/data_preprocessor
Invoked command in '/home/daisuke/Autoware/ros/build/data_preprocessor' returned '0': CMAKE_PREFIX_PATH=/home/daisuke/Autoware/ros/install/autoware_build_flags:${CMAKE_PREFIX_PATH} PKG_CONFIG_PATH=/home/daisuke/Autoware/ros/install/autoware_build_flags/lib/pkgconfig:${PKG_CONFIG_PATH} ROS_PACKAGE_PATH=/home/daisuke/Autoware/ros/install/autoware_build_flags/share:${ROS_PACKAGE_PATH} /usr/bin/cmake /home/daisuke/Autoware/ros/src/util/packages/data_preprocessor -DCATKIN_INSTALL_INTO_PREFIX_ROOT=0 -DCMAKE_INSTALL_PREFIX=/home/daisuke/Autoware/ros/install/data_preprocessor
Invoking command in '/home/daisuke/Autoware/ros/build/data_preprocessor': CMAKE_PREFIX_PATH=/home/daisuke/Autoware/ros/install/autoware_build_flags:${CMAKE_PREFIX_PATH} PKG_CONFIG_PATH=/home/daisuke/Autoware/ros/install/autoware_build_flags/lib/pkgconfig:${PKG_CONFIG_PATH} ROS_PACKAGE_PATH=/home/daisuke/Autoware/ros/install/autoware_build_flags/share:${ROS_PACKAGE_PATH} /usr/bin/cmake --build /home/daisuke/Autoware/ros/build/data_preprocessor -- -j8 -l8
[ 33%] Built target get_Image
[ 66%] Built target get_PCD
[100%] Built target get_Depth
Invoked command in '/home/daisuke/Autoware/ros/build/data_preprocessor' returned '0': CMAKE_PREFIX_PATH=/home/daisuke/Autoware/ros/install/autoware_build_flags:${CMAKE_PREFIX_PATH} PKG_CONFIG_PATH=/home/daisuke/Autoware/ros/install/autoware_build_flags/lib/pkgconfig:${PKG_CONFIG_PATH} ROS_PACKAGE_PATH=/home/daisuke/Autoware/ros/install/autoware_build_flags/share:${ROS_PACKAGE_PATH} /usr/bin/cmake --build /home/daisuke/Autoware/ros/build/data_preprocessor -- -j8 -l8
Invoking command in '/home/daisuke/Autoware/ros/build/data_preprocessor': CMAKE_PREFIX_PATH=/home/daisuke/Autoware/ros/install/autoware_build_flags:${CMAKE_PREFIX_PATH} PKG_CONFIG_PATH=/home/daisuke/Autoware/ros/install/autoware_build_flags/lib/pkgconfig:${PKG_CONFIG_PATH} ROS_PACKAGE_PATH=/home/daisuke/Autoware/ros/install/autoware_build_flags/share:${ROS_PACKAGE_PATH} /usr/bin/cmake --build /home/daisuke/Autoware/ros/build/data_preprocessor --target tests -- -j8 -l8
Built target tests
Invoked command in '/home/daisuke/Autoware/ros/build/data_preprocessor' returned '0': CMAKE_PREFIX_PATH=/home/daisuke/Autoware/ros/install/autoware_build_flags:${CMAKE_PREFIX_PATH} PKG_CONFIG_PATH=/home/daisuke/Autoware/ros/install/autoware_build_flags/lib/pkgconfig:${PKG_CONFIG_PATH} ROS_PACKAGE_PATH=/home/daisuke/Autoware/ros/install/autoware_build_flags/share:${ROS_PACKAGE_PATH} /usr/bin/cmake --build /home/daisuke/Autoware/ros/build/data_preprocessor --target tests -- -j8 -l8
Invoking command in '/home/daisuke/Autoware/ros/build/data_preprocessor': CMAKE_PREFIX_PATH=/home/daisuke/Autoware/ros/install/autoware_build_flags:${CMAKE_PREFIX_PATH} PKG_CONFIG_PATH=/home/daisuke/Autoware/ros/install/autoware_build_flags/lib/pkgconfig:${PKG_CONFIG_PATH} ROS_PACKAGE_PATH=/home/daisuke/Autoware/ros/install/autoware_build_flags/share:${ROS_PACKAGE_PATH} /usr/bin/cmake --build /home/daisuke/Autoware/ros/build/data_preprocessor --target install
[ 33%] Built target get_PCD
[ 66%] Built target get_Image
[100%] Built target get_Depth
[36mInstall the project...[0m
-- Install configuration: "Release"
-- Installing: /home/daisuke/Autoware/ros/install/data_preprocessor/lib/pkgconfig/data_preprocessor.pc
-- Up-to-date: /home/daisuke/Autoware/ros/install/data_preprocessor/share/data_preprocessor/cmake/data_preprocessorConfig.cmake
-- Up-to-date: /home/daisuke/Autoware/ros/install/data_preprocessor/share/data_preprocessor/cmake/data_preprocessorConfig-version.cmake
-- Up-to-date: /home/daisuke/Autoware/ros/install/data_preprocessor/share/data_preprocessor/package.xml
-- Up-to-date: /home/daisuke/Autoware/ros/install/data_preprocessor/lib/data_preprocessor/get_Image
-- Up-to-date: /home/daisuke/Autoware/ros/install/data_preprocessor/lib/data_preprocessor/get_PCD
-- Up-to-date: /home/daisuke/Autoware/ros/install/data_preprocessor/lib/data_preprocessor/get_Depth
Invoked command in '/home/daisuke/Autoware/ros/build/data_preprocessor' returned '0': CMAKE_PREFIX_PATH=/home/daisuke/Autoware/ros/install/autoware_build_flags:${CMAKE_PREFIX_PATH} PKG_CONFIG_PATH=/home/daisuke/Autoware/ros/install/autoware_build_flags/lib/pkgconfig:${PKG_CONFIG_PATH} ROS_PACKAGE_PATH=/home/daisuke/Autoware/ros/install/autoware_build_flags/share:${ROS_PACKAGE_PATH} /usr/bin/cmake --build /home/daisuke/Autoware/ros/build/data_preprocessor --target install
