-- Using CATKIN_DEVEL_PREFIX: /home/daisuke/Autoware/ros/build/amathutils_lib/devel
-- Using CMAKE_PREFIX_PATH: /home/daisuke/Autoware/ros/install/autoware_msgs;/home/daisuke/Autoware/ros/install/autoware_build_flags;/home/daisuke/Autoware/ros/devel;/opt/ros/kinetic
-- This workspace overlays: /home/daisuke/Autoware/ros/install/autoware_msgs;/home/daisuke/Autoware/ros/install/autoware_build_flags;/opt/ros/kinetic
-- Using PYTHON_EXECUTABLE: /home/daisuke/pyenv/shims/python
-- Using Debian Python package layout
-- Using empy: /usr/bin/empy
-- Using CATKIN_ENABLE_TESTING: ON
-- Call enable_testing()
-- Using CATKIN_TEST_RESULTS_DIR: /home/daisuke/Autoware/ros/build/amathutils_lib/test_results
-- Found gmock sources under '/usr/src/gmock': gmock will be built
-- Found gtest sources under '/usr/src/gmock': gtests will be built
-- Using Python nosetests: /usr/bin/nosetests-2.7
-- catkin 0.7.14
-- Using these message generators: gencpp;geneus;genlisp;gennodejs;genpy
-- Configuring done
-- Generating done
-- Build files have been written to: /home/daisuke/Autoware/ros/build/amathutils_lib
[  0%] Built target rosgraph_msgs_generate_messages_lisp
[  0%] Built target rosgraph_msgs_generate_messages_py
[  0%] Built target roscpp_generate_messages_nodejs
[  0%] Built target roscpp_generate_messages_lisp
[  0%] Built target sensor_msgs_generate_messages_lisp
[  0%] Built target rosgraph_msgs_generate_messages_eus
[  0%] Built target rosgraph_msgs_generate_messages_nodejs
[  0%] Built target roscpp_generate_messages_py
[  0%] Built target pcl_msgs_generate_messages_py
[  0%] Built target roscpp_generate_messages_eus
[  0%] Built target autoware_msgs_generate_messages_cpp
[  0%] Built target roscpp_generate_messages_cpp
[  0%] Built target sensor_msgs_generate_messages_py
[  0%] Built target sensor_msgs_generate_messages_nodejs
[  0%] Built target geometry_msgs_generate_messages_nodejs
[  0%] Built target sensor_msgs_generate_messages_cpp
[  0%] Built target jsk_recognition_msgs_generate_messages_cpp
[  0%] Built target geometry_msgs_generate_messages_cpp
[  0%] Built target std_msgs_generate_messages_lisp
[  0%] Built target autoware_msgs_generate_messages_eus
[  0%] Built target std_msgs_generate_messages_eus
[  0%] Built target pcl_msgs_generate_messages_lisp
[  0%] Built target std_msgs_generate_messages_nodejs
[  0%] Built target geometry_msgs_generate_messages_py
[  0%] Built target geometry_msgs_generate_messages_eus
[  0%] Built target actionlib_msgs_generate_messages_py
[  0%] Built target jsk_recognition_msgs_generate_messages_lisp
[  0%] Built target std_msgs_generate_messages_py
[  0%] Built target jsk_recognition_msgs_generate_messages_nodejs
[  0%] Built target jsk_recognition_msgs_generate_messages_py
[  0%] Built target rosgraph_msgs_generate_messages_cpp
[  0%] Built target pcl_msgs_generate_messages_cpp
[  0%] Built target geometry_msgs_generate_messages_lisp
[  0%] Built target autoware_msgs_generate_messages_lisp
[  0%] Built target pcl_msgs_generate_messages_nodejs
[  0%] Built target pcl_msgs_generate_messages_eus
[  0%] Built target jsk_footstep_msgs_generate_messages_cpp
[  0%] Built target autoware_msgs_generate_messages_nodejs
[  0%] Built target jsk_footstep_msgs_generate_messages_eus
[  0%] Built target jsk_footstep_msgs_generate_messages_nodejs
[  0%] Built target std_msgs_generate_messages_cpp
[  0%] Built target jsk_footstep_msgs_generate_messages_lisp
[  0%] Built target sensor_msgs_generate_messages_eus
[  0%] Built target actionlib_msgs_generate_messages_nodejs
[  0%] Built target actionlib_msgs_generate_messages_cpp
[  0%] Built target jsk_recognition_msgs_generate_messages_eus
[  0%] Built target actionlib_msgs_generate_messages_eus
[  0%] Built target jsk_footstep_msgs_generate_messages_py
[  0%] Built target autoware_msgs_generate_messages_py
[  0%] Built target actionlib_msgs_generate_messages_lisp
[35m[1mScanning dependencies of target amathutils_lib[0m
[ 50%] [32mBuilding CXX object CMakeFiles/amathutils_lib.dir/src/Amathutils.cpp.o[0m
[100%] [32m[1mLinking CXX shared library devel/lib/libamathutils_lib.so[0m
[100%] Built target amathutils_lib
[  0%] Built target rosgraph_msgs_generate_messages_py
[  0%] Built target sensor_msgs_generate_messages_lisp
[  0%] Built target roscpp_generate_messages_py
[  0%] Built target rosgraph_msgs_generate_messages_lisp
[  0%] Built target roscpp_generate_messages_nodejs
[ 33%] Built target gtest
[ 33%] Built target rosgraph_msgs_generate_messages_eus
[ 33%] Built target rosgraph_msgs_generate_messages_nodejs
[ 33%] Built target roscpp_generate_messages_lisp
[ 33%] Built target roscpp_generate_messages_eus
[ 33%] Built target roscpp_generate_messages_cpp
[ 33%] Built target sensor_msgs_generate_messages_py
[ 33%] Built target autoware_msgs_generate_messages_cpp
[ 33%] Built target pcl_msgs_generate_messages_py
[ 33%] Built target sensor_msgs_generate_messages_nodejs
[ 33%] Built target geometry_msgs_generate_messages_cpp
[ 33%] Built target sensor_msgs_generate_messages_cpp
[ 33%] Built target geometry_msgs_generate_messages_nodejs
[ 33%] Built target std_msgs_generate_messages_lisp
[ 33%] Built target jsk_recognition_msgs_generate_messages_cpp
[ 33%] Built target std_msgs_generate_messages_eus
[ 33%] Built target pcl_msgs_generate_messages_lisp
[ 33%] Built target autoware_msgs_generate_messages_eus
[ 33%] Built target jsk_recognition_msgs_generate_messages_lisp
[ 33%] Built target geometry_msgs_generate_messages_eus
[ 33%] Built target geometry_msgs_generate_messages_py
[ 33%] Built target std_msgs_generate_messages_nodejs
[ 33%] Built target actionlib_msgs_generate_messages_py
[ 33%] Built target jsk_recognition_msgs_generate_messages_nodejs
[ 33%] Built target jsk_recognition_msgs_generate_messages_py
[ 33%] Built target std_msgs_generate_messages_py
[ 33%] Built target pcl_msgs_generate_messages_cpp
[ 33%] Built target rosgraph_msgs_generate_messages_cpp
[ 33%] Built target autoware_msgs_generate_messages_lisp
[ 33%] Built target jsk_footstep_msgs_generate_messages_cpp
[ 33%] Built target geometry_msgs_generate_messages_lisp
[ 33%] Built target pcl_msgs_generate_messages_eus
[ 33%] Built target autoware_msgs_generate_messages_nodejs
[ 33%] Built target jsk_footstep_msgs_generate_messages_eus
[ 33%] Built target pcl_msgs_generate_messages_nodejs
[ 33%] Built target jsk_footstep_msgs_generate_messages_lisp
[ 33%] Built target jsk_footstep_msgs_generate_messages_nodejs
[ 33%] Built target jsk_recognition_msgs_generate_messages_eus
[ 33%] Built target actionlib_msgs_generate_messages_nodejs
[ 33%] Built target sensor_msgs_generate_messages_eus
[ 33%] Built target std_msgs_generate_messages_cpp
[ 33%] Built target jsk_footstep_msgs_generate_messages_py
[ 33%] Built target actionlib_msgs_generate_messages_cpp
[ 33%] Built target autoware_msgs_generate_messages_py
[ 33%] Built target actionlib_msgs_generate_messages_eus
[ 33%] Built target actionlib_msgs_generate_messages_lisp
[ 66%] Built target amathutils_lib
[35m[1mScanning dependencies of target amathutils-test[0m
[ 83%] [32mBuilding CXX object CMakeFiles/amathutils-test.dir/test/src/test_amathutils_lib.cpp.o[0m
[100%] [32m[1mLinking CXX executable devel/lib/amathutils_lib/amathutils-test[0m
[100%] Built target amathutils-test
[100%] Built target tests
[  0%] Built target sensor_msgs_generate_messages_lisp
[  0%] Built target rosgraph_msgs_generate_messages_py
[  0%] Built target rosgraph_msgs_generate_messages_nodejs
[  0%] Built target rosgraph_msgs_generate_messages_lisp
[  0%] Built target rosgraph_msgs_generate_messages_eus
[  0%] Built target roscpp_generate_messages_py
[  0%] Built target roscpp_generate_messages_nodejs
[  0%] Built target roscpp_generate_messages_lisp
[  0%] Built target roscpp_generate_messages_eus
[  0%] Built target roscpp_generate_messages_cpp
[  0%] Built target sensor_msgs_generate_messages_py
[  0%] Built target autoware_msgs_generate_messages_cpp
[  0%] Built target pcl_msgs_generate_messages_py
[  0%] Built target sensor_msgs_generate_messages_nodejs
[  0%] Built target geometry_msgs_generate_messages_cpp
[  0%] Built target sensor_msgs_generate_messages_cpp
[  0%] Built target geometry_msgs_generate_messages_nodejs
[  0%] Built target jsk_recognition_msgs_generate_messages_cpp
[  0%] Built target std_msgs_generate_messages_lisp
[  0%] Built target autoware_msgs_generate_messages_eus
[  0%] Built target pcl_msgs_generate_messages_lisp
[  0%] Built target std_msgs_generate_messages_eus
[  0%] Built target jsk_recognition_msgs_generate_messages_lisp
[  0%] Built target geometry_msgs_generate_messages_py
[  0%] Built target std_msgs_generate_messages_nodejs
[  0%] Built target geometry_msgs_generate_messages_eus
[  0%] Built target actionlib_msgs_generate_messages_py
[  0%] Built target std_msgs_generate_messages_py
[  0%] Built target jsk_recognition_msgs_generate_messages_nodejs
[  0%] Built target jsk_recognition_msgs_generate_messages_py
[  0%] Built target pcl_msgs_generate_messages_cpp
[  0%] Built target rosgraph_msgs_generate_messages_cpp
[  0%] Built target autoware_msgs_generate_messages_lisp
[  0%] Built target pcl_msgs_generate_messages_eus
[  0%] Built target geometry_msgs_generate_messages_lisp
[  0%] Built target jsk_footstep_msgs_generate_messages_cpp
[  0%] Built target pcl_msgs_generate_messages_nodejs
[  0%] Built target autoware_msgs_generate_messages_nodejs
[  0%] Built target jsk_footstep_msgs_generate_messages_eus
[  0%] Built target jsk_footstep_msgs_generate_messages_lisp
[  0%] Built target jsk_footstep_msgs_generate_messages_nodejs
[  0%] Built target actionlib_msgs_generate_messages_nodejs
[  0%] Built target sensor_msgs_generate_messages_eus
[  0%] Built target jsk_recognition_msgs_generate_messages_eus
[  0%] Built target std_msgs_generate_messages_cpp
[  0%] Built target actionlib_msgs_generate_messages_cpp
[  0%] Built target jsk_footstep_msgs_generate_messages_py
[  0%] Built target actionlib_msgs_generate_messages_eus
[  0%] Built target autoware_msgs_generate_messages_py
[  0%] Built target actionlib_msgs_generate_messages_lisp
[100%] Built target amathutils_lib
[36mInstall the project...[0m
-- Install configuration: "Release"
-- Installing: /home/daisuke/Autoware/ros/install/amathutils_lib/lib/pkgconfig/amathutils_lib.pc
-- Up-to-date: /home/daisuke/Autoware/ros/install/amathutils_lib/share/amathutils_lib/cmake/amathutils_libConfig.cmake
-- Up-to-date: /home/daisuke/Autoware/ros/install/amathutils_lib/share/amathutils_lib/cmake/amathutils_libConfig-version.cmake
-- Up-to-date: /home/daisuke/Autoware/ros/install/amathutils_lib/share/amathutils_lib/package.xml
-- Up-to-date: /home/daisuke/Autoware/ros/install/amathutils_lib/include/amathutils_lib
-- Installing: /home/daisuke/Autoware/ros/install/amathutils_lib/include/amathutils_lib/amathutils.hpp
-- Installing: /home/daisuke/Autoware/ros/install/amathutils_lib/lib/libamathutils_lib.so
-- Set runtime path of "/home/daisuke/Autoware/ros/install/amathutils_lib/lib/libamathutils_lib.so" to ""
