Invoking command in '/home/daisuke/Autoware/ros/build/lgsvl_msgs': /usr/bin/cmake /home/daisuke/Autoware/ros/src/msgs/lgsvl_msgs -DCMAKE_BUILD_TYPE=Release -DCMAKE_LIBRARY_PATH=/usr/local/cuda/lib64/stubs -DCATKIN_INSTALL_INTO_PREFIX_ROOT=0 -DCMAKE_INSTALL_PREFIX=/home/daisuke/Autoware/ros/install/lgsvl_msgs
-- The C compiler identification is GNU 5.4.0
-- The CXX compiler identification is GNU 5.4.0
-- Check for working C compiler: /usr/bin/cc
-- Check for working C compiler: /usr/bin/cc -- works
-- Detecting C compiler ABI info
-- Detecting C compiler ABI info - done
-- Detecting C compile features
-- Detecting C compile features - done
-- Check for working CXX compiler: /usr/bin/c++
-- Check for working CXX compiler: /usr/bin/c++ -- works
-- Detecting CXX compiler ABI info
-- Detecting CXX compiler ABI info - done
-- Detecting CXX compile features
-- Detecting CXX compile features - done
-- Using CATKIN_DEVEL_PREFIX: /home/daisuke/Autoware/ros/build/lgsvl_msgs/devel
-- Using CMAKE_PREFIX_PATH: /home/daisuke/Autoware/ros/devel;/opt/ros/kinetic
-- This workspace overlays: /opt/ros/kinetic
-- Found PythonInterp: /home/daisuke/pyenv/shims/python (found version "2.7.12") 
-- Using PYTHON_EXECUTABLE: /home/daisuke/pyenv/shims/python
-- Using Debian Python package layout
-- Using empy: /usr/bin/empy
-- Using CATKIN_ENABLE_TESTING: ON
-- Call enable_testing()
-- Using CATKIN_TEST_RESULTS_DIR: /home/daisuke/Autoware/ros/build/lgsvl_msgs/test_results
-- Found gmock sources under '/usr/src/gmock': gmock will be built
-- Looking for pthread.h
-- Looking for pthread.h - found
-- Looking for pthread_create
-- Looking for pthread_create - not found
-- Looking for pthread_create in pthreads
-- Looking for pthread_create in pthreads - not found
-- Looking for pthread_create in pthread
-- Looking for pthread_create in pthread - found
-- Found Threads: TRUE  
-- Found gtest sources under '/usr/src/gmock': gtests will be built
-- Using Python nosetests: /usr/bin/nosetests-2.7
-- catkin 0.7.14
-- Using these message generators: gencpp;geneus;genlisp;gennodejs;genpy
-- lgsvl_msgs: 6 messages, 0 services
-- Configuring done
-- Generating done
-- Build files have been written to: /home/daisuke/Autoware/ros/build/lgsvl_msgs
Invoked command in '/home/daisuke/Autoware/ros/build/lgsvl_msgs' returned '0': /usr/bin/cmake /home/daisuke/Autoware/ros/src/msgs/lgsvl_msgs -DCMAKE_BUILD_TYPE=Release -DCMAKE_LIBRARY_PATH=/usr/local/cuda/lib64/stubs -DCATKIN_INSTALL_INTO_PREFIX_ROOT=0 -DCMAKE_INSTALL_PREFIX=/home/daisuke/Autoware/ros/install/lgsvl_msgs
Invoking command in '/home/daisuke/Autoware/ros/build/lgsvl_msgs': /usr/bin/cmake --build /home/daisuke/Autoware/ros/build/lgsvl_msgs -- -j8 -l8
[35m[1mScanning dependencies of target geometry_msgs_generate_messages_cpp[0m
[  0%] Built target geometry_msgs_generate_messages_cpp
[35m[1mScanning dependencies of target _lgsvl_msgs_generate_messages_check_deps_BoundingBox2D[0m
[  0%] Built target _lgsvl_msgs_generate_messages_check_deps_BoundingBox2D
[35m[1mScanning dependencies of target sensor_msgs_generate_messages_cpp[0m
[  0%] Built target sensor_msgs_generate_messages_cpp
[35m[1mScanning dependencies of target sensor_msgs_generate_messages_lisp[0m
[  0%] Built target sensor_msgs_generate_messages_lisp
[35m[1mScanning dependencies of target geometry_msgs_generate_messages_lisp[0m
[  0%] Built target geometry_msgs_generate_messages_lisp
[35m[1mScanning dependencies of target std_msgs_generate_messages_lisp[0m
[  0%] Built target std_msgs_generate_messages_lisp
[35m[1mScanning dependencies of target sensor_msgs_generate_messages_eus[0m
[  0%] Built target sensor_msgs_generate_messages_eus
[35m[1mScanning dependencies of target geometry_msgs_generate_messages_eus[0m
[  0%] Built target geometry_msgs_generate_messages_eus
[35m[1mScanning dependencies of target std_msgs_generate_messages_eus[0m
[  0%] Built target std_msgs_generate_messages_eus
[35m[1mScanning dependencies of target std_msgs_generate_messages_py[0m
[  0%] Built target std_msgs_generate_messages_py
[35m[1mScanning dependencies of target geometry_msgs_generate_messages_py[0m
[  0%] Built target geometry_msgs_generate_messages_py
[35m[1mScanning dependencies of target sensor_msgs_generate_messages_py[0m
[  0%] Built target sensor_msgs_generate_messages_py
[35m[1mScanning dependencies of target sensor_msgs_generate_messages_nodejs[0m
[  0%] Built target sensor_msgs_generate_messages_nodejs
[35m[1mScanning dependencies of target geometry_msgs_generate_messages_nodejs[0m
[  0%] Built target geometry_msgs_generate_messages_nodejs
[35m[1mScanning dependencies of target std_msgs_generate_messages_nodejs[0m
[  0%] Built target std_msgs_generate_messages_nodejs
[35m[1mScanning dependencies of target std_msgs_generate_messages_cpp[0m
[  0%] Built target std_msgs_generate_messages_cpp
[35m[1mScanning dependencies of target _lgsvl_msgs_generate_messages_check_deps_Detection3D[0m
[  0%] Built target _lgsvl_msgs_generate_messages_check_deps_Detection3D
[35m[1mScanning dependencies of target _lgsvl_msgs_generate_messages_check_deps_Detection3DArray[0m
[  0%] Built target _lgsvl_msgs_generate_messages_check_deps_Detection3DArray
[35m[1mScanning dependencies of target _lgsvl_msgs_generate_messages_check_deps_Detection2DArray[0m
[  0%] Built target _lgsvl_msgs_generate_messages_check_deps_Detection2DArray
[35m[1mScanning dependencies of target _lgsvl_msgs_generate_messages_check_deps_BoundingBox3D[0m
[  0%] Built target _lgsvl_msgs_generate_messages_check_deps_BoundingBox3D
[35m[1mScanning dependencies of target _lgsvl_msgs_generate_messages_check_deps_Detection2D[0m
[  0%] Built target _lgsvl_msgs_generate_messages_check_deps_Detection2D
[35m[1mScanning dependencies of target lgsvl_msgs_generate_messages_cpp[0m
[  3%] [34m[1mGenerating C++ code from lgsvl_msgs/Detection3D.msg[0m
[  6%] [34m[1mGenerating C++ code from lgsvl_msgs/Detection2DArray.msg[0m
[  9%] [34m[1mGenerating C++ code from lgsvl_msgs/BoundingBox3D.msg[0m
[ 12%] [34m[1mGenerating C++ code from lgsvl_msgs/Detection2D.msg[0m
[ 15%] [34m[1mGenerating C++ code from lgsvl_msgs/Detection3DArray.msg[0m
[ 18%] [34m[1mGenerating C++ code from lgsvl_msgs/BoundingBox2D.msg[0m
[ 18%] Built target lgsvl_msgs_generate_messages_cpp
[35m[1mScanning dependencies of target lgsvl_msgs_generate_messages_nodejs[0m
[ 21%] [34m[1mGenerating Javascript code from lgsvl_msgs/Detection3D.msg[0m
[ 25%] [34m[1mGenerating Javascript code from lgsvl_msgs/BoundingBox3D.msg[0m
[ 28%] [34m[1mGenerating Javascript code from lgsvl_msgs/Detection2D.msg[0m
[ 31%] [34m[1mGenerating Javascript code from lgsvl_msgs/Detection2DArray.msg[0m
[ 34%] [34m[1mGenerating Javascript code from lgsvl_msgs/Detection3DArray.msg[0m
[ 37%] [34m[1mGenerating Javascript code from lgsvl_msgs/BoundingBox2D.msg[0m
[ 37%] Built target lgsvl_msgs_generate_messages_nodejs
[35m[1mScanning dependencies of target lgsvl_msgs_generate_messages_py[0m
[ 40%] [34m[1mGenerating Python from MSG lgsvl_msgs/Detection3D[0m
[ 43%] [34m[1mGenerating Python from MSG lgsvl_msgs/Detection2D[0m
[ 46%] [34m[1mGenerating Python from MSG lgsvl_msgs/BoundingBox3D[0m
[ 50%] [34m[1mGenerating Python from MSG lgsvl_msgs/Detection2DArray[0m
[ 53%] [34m[1mGenerating Python from MSG lgsvl_msgs/Detection3DArray[0m
[ 56%] [34m[1mGenerating Python from MSG lgsvl_msgs/BoundingBox2D[0m
[ 59%] [34m[1mGenerating Python msg __init__.py for lgsvl_msgs[0m
[ 59%] Built target lgsvl_msgs_generate_messages_py
[35m[1mScanning dependencies of target lgsvl_msgs_generate_messages_eus[0m
[ 62%] [34m[1mGenerating EusLisp code from lgsvl_msgs/Detection3D.msg[0m
[ 65%] [34m[1mGenerating EusLisp manifest code for lgsvl_msgs[0m
[ 68%] [34m[1mGenerating EusLisp code from lgsvl_msgs/Detection2D.msg[0m
[ 71%] [34m[1mGenerating EusLisp code from lgsvl_msgs/BoundingBox3D.msg[0m
[ 75%] [34m[1mGenerating EusLisp code from lgsvl_msgs/Detection2DArray.msg[0m
[ 78%] [34m[1mGenerating EusLisp code from lgsvl_msgs/Detection3DArray.msg[0m
[ 81%] [34m[1mGenerating EusLisp code from lgsvl_msgs/BoundingBox2D.msg[0m
[ 81%] Built target lgsvl_msgs_generate_messages_eus
[35m[1mScanning dependencies of target lgsvl_msgs_generate_messages_lisp[0m
[ 84%] [34m[1mGenerating Lisp code from lgsvl_msgs/Detection3D.msg[0m
[ 87%] [34m[1mGenerating Lisp code from lgsvl_msgs/Detection2D.msg[0m
[ 90%] [34m[1mGenerating Lisp code from lgsvl_msgs/BoundingBox3D.msg[0m
[ 93%] [34m[1mGenerating Lisp code from lgsvl_msgs/Detection2DArray.msg[0m
[ 96%] [34m[1mGenerating Lisp code from lgsvl_msgs/Detection3DArray.msg[0m
[100%] [34m[1mGenerating Lisp code from lgsvl_msgs/BoundingBox2D.msg[0m
[100%] Built target lgsvl_msgs_generate_messages_lisp
[35m[1mScanning dependencies of target lgsvl_msgs_generate_messages[0m
[100%] Built target lgsvl_msgs_generate_messages
Invoked command in '/home/daisuke/Autoware/ros/build/lgsvl_msgs' returned '0': /usr/bin/cmake --build /home/daisuke/Autoware/ros/build/lgsvl_msgs -- -j8 -l8
Invoking command in '/home/daisuke/Autoware/ros/build/lgsvl_msgs': /usr/bin/cmake --build /home/daisuke/Autoware/ros/build/lgsvl_msgs --target tests -- -j8 -l8
[35m[1mScanning dependencies of target tests[0m
Built target tests
Invoked command in '/home/daisuke/Autoware/ros/build/lgsvl_msgs' returned '0': /usr/bin/cmake --build /home/daisuke/Autoware/ros/build/lgsvl_msgs --target tests -- -j8 -l8
Invoking command in '/home/daisuke/Autoware/ros/build/lgsvl_msgs': /usr/bin/cmake --build /home/daisuke/Autoware/ros/build/lgsvl_msgs --target install
[  0%] Built target geometry_msgs_generate_messages_cpp
[  0%] Built target _lgsvl_msgs_generate_messages_check_deps_Detection2D
[  0%] Built target _lgsvl_msgs_generate_messages_check_deps_BoundingBox3D
[  0%] Built target _lgsvl_msgs_generate_messages_check_deps_Detection2DArray
[  0%] Built target _lgsvl_msgs_generate_messages_check_deps_Detection3DArray
[  0%] Built target _lgsvl_msgs_generate_messages_check_deps_Detection3D
[  0%] Built target std_msgs_generate_messages_cpp
[  0%] Built target _lgsvl_msgs_generate_messages_check_deps_BoundingBox2D
[  0%] Built target sensor_msgs_generate_messages_cpp
[ 18%] Built target lgsvl_msgs_generate_messages_cpp
[ 18%] Built target sensor_msgs_generate_messages_lisp
[ 18%] Built target geometry_msgs_generate_messages_lisp
[ 18%] Built target std_msgs_generate_messages_lisp
[ 37%] Built target lgsvl_msgs_generate_messages_lisp
[ 37%] Built target sensor_msgs_generate_messages_eus
[ 37%] Built target geometry_msgs_generate_messages_eus
[ 37%] Built target std_msgs_generate_messages_eus
[ 59%] Built target lgsvl_msgs_generate_messages_eus
[ 59%] Built target std_msgs_generate_messages_py
[ 59%] Built target geometry_msgs_generate_messages_py
[ 59%] Built target sensor_msgs_generate_messages_py
[ 81%] Built target lgsvl_msgs_generate_messages_py
[ 81%] Built target sensor_msgs_generate_messages_nodejs
[ 81%] Built target geometry_msgs_generate_messages_nodejs
[ 81%] Built target std_msgs_generate_messages_nodejs
[100%] Built target lgsvl_msgs_generate_messages_nodejs
[100%] Built target lgsvl_msgs_generate_messages
[36mInstall the project...[0m
-- Install configuration: "Release"
-- Installing: /home/daisuke/Autoware/ros/install/lgsvl_msgs/share/lgsvl_msgs/msg/Detection3DArray.msg
-- Installing: /home/daisuke/Autoware/ros/install/lgsvl_msgs/share/lgsvl_msgs/msg/Detection3D.msg
-- Installing: /home/daisuke/Autoware/ros/install/lgsvl_msgs/share/lgsvl_msgs/msg/BoundingBox3D.msg
-- Installing: /home/daisuke/Autoware/ros/install/lgsvl_msgs/share/lgsvl_msgs/msg/Detection2DArray.msg
-- Installing: /home/daisuke/Autoware/ros/install/lgsvl_msgs/share/lgsvl_msgs/msg/Detection2D.msg
-- Installing: /home/daisuke/Autoware/ros/install/lgsvl_msgs/share/lgsvl_msgs/msg/BoundingBox2D.msg
-- Installing: /home/daisuke/Autoware/ros/install/lgsvl_msgs/share/lgsvl_msgs/cmake/lgsvl_msgs-msg-paths.cmake
-- Installing: /home/daisuke/Autoware/ros/install/lgsvl_msgs/include/lgsvl_msgs
-- Installing: /home/daisuke/Autoware/ros/install/lgsvl_msgs/include/lgsvl_msgs/Detection2D.h
-- Installing: /home/daisuke/Autoware/ros/install/lgsvl_msgs/include/lgsvl_msgs/Detection3DArray.h
-- Installing: /home/daisuke/Autoware/ros/install/lgsvl_msgs/include/lgsvl_msgs/Detection2DArray.h
-- Installing: /home/daisuke/Autoware/ros/install/lgsvl_msgs/include/lgsvl_msgs/BoundingBox2D.h
-- Installing: /home/daisuke/Autoware/ros/install/lgsvl_msgs/include/lgsvl_msgs/BoundingBox3D.h
-- Installing: /home/daisuke/Autoware/ros/install/lgsvl_msgs/include/lgsvl_msgs/Detection3D.h
-- Installing: /home/daisuke/Autoware/ros/install/lgsvl_msgs/share/roseus/ros/lgsvl_msgs
-- Installing: /home/daisuke/Autoware/ros/install/lgsvl_msgs/share/roseus/ros/lgsvl_msgs/manifest.l
-- Installing: /home/daisuke/Autoware/ros/install/lgsvl_msgs/share/roseus/ros/lgsvl_msgs/msg
-- Installing: /home/daisuke/Autoware/ros/install/lgsvl_msgs/share/roseus/ros/lgsvl_msgs/msg/Detection3DArray.l
-- Installing: /home/daisuke/Autoware/ros/install/lgsvl_msgs/share/roseus/ros/lgsvl_msgs/msg/Detection2D.l
-- Installing: /home/daisuke/Autoware/ros/install/lgsvl_msgs/share/roseus/ros/lgsvl_msgs/msg/BoundingBox3D.l
-- Installing: /home/daisuke/Autoware/ros/install/lgsvl_msgs/share/roseus/ros/lgsvl_msgs/msg/Detection3D.l
-- Installing: /home/daisuke/Autoware/ros/install/lgsvl_msgs/share/roseus/ros/lgsvl_msgs/msg/BoundingBox2D.l
-- Installing: /home/daisuke/Autoware/ros/install/lgsvl_msgs/share/roseus/ros/lgsvl_msgs/msg/Detection2DArray.l
-- Installing: /home/daisuke/Autoware/ros/install/lgsvl_msgs/share/common-lisp/ros/lgsvl_msgs
-- Installing: /home/daisuke/Autoware/ros/install/lgsvl_msgs/share/common-lisp/ros/lgsvl_msgs/msg
-- Installing: /home/daisuke/Autoware/ros/install/lgsvl_msgs/share/common-lisp/ros/lgsvl_msgs/msg/BoundingBox2D.lisp
-- Installing: /home/daisuke/Autoware/ros/install/lgsvl_msgs/share/common-lisp/ros/lgsvl_msgs/msg/_package.lisp
-- Installing: /home/daisuke/Autoware/ros/install/lgsvl_msgs/share/common-lisp/ros/lgsvl_msgs/msg/_package_BoundingBox2D.lisp
-- Installing: /home/daisuke/Autoware/ros/install/lgsvl_msgs/share/common-lisp/ros/lgsvl_msgs/msg/Detection3D.lisp
-- Installing: /home/daisuke/Autoware/ros/install/lgsvl_msgs/share/common-lisp/ros/lgsvl_msgs/msg/lgsvl_msgs-msg.asd
-- Installing: /home/daisuke/Autoware/ros/install/lgsvl_msgs/share/common-lisp/ros/lgsvl_msgs/msg/Detection3DArray.lisp
-- Installing: /home/daisuke/Autoware/ros/install/lgsvl_msgs/share/common-lisp/ros/lgsvl_msgs/msg/Detection2D.lisp
-- Installing: /home/daisuke/Autoware/ros/install/lgsvl_msgs/share/common-lisp/ros/lgsvl_msgs/msg/_package_BoundingBox3D.lisp
-- Installing: /home/daisuke/Autoware/ros/install/lgsvl_msgs/share/common-lisp/ros/lgsvl_msgs/msg/_package_Detection3D.lisp
-- Installing: /home/daisuke/Autoware/ros/install/lgsvl_msgs/share/common-lisp/ros/lgsvl_msgs/msg/BoundingBox3D.lisp
-- Installing: /home/daisuke/Autoware/ros/install/lgsvl_msgs/share/common-lisp/ros/lgsvl_msgs/msg/_package_Detection3DArray.lisp
-- Installing: /home/daisuke/Autoware/ros/install/lgsvl_msgs/share/common-lisp/ros/lgsvl_msgs/msg/Detection2DArray.lisp
-- Installing: /home/daisuke/Autoware/ros/install/lgsvl_msgs/share/common-lisp/ros/lgsvl_msgs/msg/_package_Detection2D.lisp
-- Installing: /home/daisuke/Autoware/ros/install/lgsvl_msgs/share/common-lisp/ros/lgsvl_msgs/msg/_package_Detection2DArray.lisp
-- Installing: /home/daisuke/Autoware/ros/install/lgsvl_msgs/share/gennodejs/ros/lgsvl_msgs
-- Installing: /home/daisuke/Autoware/ros/install/lgsvl_msgs/share/gennodejs/ros/lgsvl_msgs/msg
-- Installing: /home/daisuke/Autoware/ros/install/lgsvl_msgs/share/gennodejs/ros/lgsvl_msgs/msg/BoundingBox2D.js
-- Installing: /home/daisuke/Autoware/ros/install/lgsvl_msgs/share/gennodejs/ros/lgsvl_msgs/msg/Detection3D.js
-- Installing: /home/daisuke/Autoware/ros/install/lgsvl_msgs/share/gennodejs/ros/lgsvl_msgs/msg/Detection2DArray.js
-- Installing: /home/daisuke/Autoware/ros/install/lgsvl_msgs/share/gennodejs/ros/lgsvl_msgs/msg/BoundingBox3D.js
-- Installing: /home/daisuke/Autoware/ros/install/lgsvl_msgs/share/gennodejs/ros/lgsvl_msgs/msg/Detection2D.js
-- Installing: /home/daisuke/Autoware/ros/install/lgsvl_msgs/share/gennodejs/ros/lgsvl_msgs/msg/Detection3DArray.js
-- Installing: /home/daisuke/Autoware/ros/install/lgsvl_msgs/share/gennodejs/ros/lgsvl_msgs/msg/_index.js
-- Installing: /home/daisuke/Autoware/ros/install/lgsvl_msgs/share/gennodejs/ros/lgsvl_msgs/_index.js
Listing /home/daisuke/Autoware/ros/build/lgsvl_msgs/devel/lib/python2.7/dist-packages/lgsvl_msgs ...
Compiling /home/daisuke/Autoware/ros/build/lgsvl_msgs/devel/lib/python2.7/dist-packages/lgsvl_msgs/__init__.py ...
Listing /home/daisuke/Autoware/ros/build/lgsvl_msgs/devel/lib/python2.7/dist-packages/lgsvl_msgs/msg ...
Compiling /home/daisuke/Autoware/ros/build/lgsvl_msgs/devel/lib/python2.7/dist-packages/lgsvl_msgs/msg/_BoundingBox2D.py ...
Compiling /home/daisuke/Autoware/ros/build/lgsvl_msgs/devel/lib/python2.7/dist-packages/lgsvl_msgs/msg/_BoundingBox3D.py ...
Compiling /home/daisuke/Autoware/ros/build/lgsvl_msgs/devel/lib/python2.7/dist-packages/lgsvl_msgs/msg/_Detection2D.py ...
Compiling /home/daisuke/Autoware/ros/build/lgsvl_msgs/devel/lib/python2.7/dist-packages/lgsvl_msgs/msg/_Detection2DArray.py ...
Compiling /home/daisuke/Autoware/ros/build/lgsvl_msgs/devel/lib/python2.7/dist-packages/lgsvl_msgs/msg/_Detection3D.py ...
Compiling /home/daisuke/Autoware/ros/build/lgsvl_msgs/devel/lib/python2.7/dist-packages/lgsvl_msgs/msg/_Detection3DArray.py ...
Compiling /home/daisuke/Autoware/ros/build/lgsvl_msgs/devel/lib/python2.7/dist-packages/lgsvl_msgs/msg/__init__.py ...
-- Installing: /home/daisuke/Autoware/ros/install/lgsvl_msgs/lib/python2.7/dist-packages/lgsvl_msgs
-- Installing: /home/daisuke/Autoware/ros/install/lgsvl_msgs/lib/python2.7/dist-packages/lgsvl_msgs/__init__.pyc
-- Installing: /home/daisuke/Autoware/ros/install/lgsvl_msgs/lib/python2.7/dist-packages/lgsvl_msgs/__init__.py
-- Installing: /home/daisuke/Autoware/ros/install/lgsvl_msgs/lib/python2.7/dist-packages/lgsvl_msgs/msg
-- Installing: /home/daisuke/Autoware/ros/install/lgsvl_msgs/lib/python2.7/dist-packages/lgsvl_msgs/msg/_Detection3D.pyc
-- Installing: /home/daisuke/Autoware/ros/install/lgsvl_msgs/lib/python2.7/dist-packages/lgsvl_msgs/msg/_Detection3D.py
-- Installing: /home/daisuke/Autoware/ros/install/lgsvl_msgs/lib/python2.7/dist-packages/lgsvl_msgs/msg/_Detection3DArray.pyc
-- Installing: /home/daisuke/Autoware/ros/install/lgsvl_msgs/lib/python2.7/dist-packages/lgsvl_msgs/msg/_BoundingBox2D.pyc
-- Installing: /home/daisuke/Autoware/ros/install/lgsvl_msgs/lib/python2.7/dist-packages/lgsvl_msgs/msg/_Detection2DArray.pyc
-- Installing: /home/daisuke/Autoware/ros/install/lgsvl_msgs/lib/python2.7/dist-packages/lgsvl_msgs/msg/__init__.pyc
-- Installing: /home/daisuke/Autoware/ros/install/lgsvl_msgs/lib/python2.7/dist-packages/lgsvl_msgs/msg/__init__.py
-- Installing: /home/daisuke/Autoware/ros/install/lgsvl_msgs/lib/python2.7/dist-packages/lgsvl_msgs/msg/_Detection2D.py
-- Installing: /home/daisuke/Autoware/ros/install/lgsvl_msgs/lib/python2.7/dist-packages/lgsvl_msgs/msg/_Detection3DArray.py
-- Installing: /home/daisuke/Autoware/ros/install/lgsvl_msgs/lib/python2.7/dist-packages/lgsvl_msgs/msg/_Detection2D.pyc
-- Installing: /home/daisuke/Autoware/ros/install/lgsvl_msgs/lib/python2.7/dist-packages/lgsvl_msgs/msg/_BoundingBox3D.py
-- Installing: /home/daisuke/Autoware/ros/install/lgsvl_msgs/lib/python2.7/dist-packages/lgsvl_msgs/msg/_BoundingBox3D.pyc
-- Installing: /home/daisuke/Autoware/ros/install/lgsvl_msgs/lib/python2.7/dist-packages/lgsvl_msgs/msg/_BoundingBox2D.py
-- Installing: /home/daisuke/Autoware/ros/install/lgsvl_msgs/lib/python2.7/dist-packages/lgsvl_msgs/msg/_Detection2DArray.py
-- Installing: /home/daisuke/Autoware/ros/install/lgsvl_msgs/lib/pkgconfig/lgsvl_msgs.pc
-- Installing: /home/daisuke/Autoware/ros/install/lgsvl_msgs/share/lgsvl_msgs/cmake/lgsvl_msgs-msg-extras.cmake
-- Installing: /home/daisuke/Autoware/ros/install/lgsvl_msgs/share/lgsvl_msgs/cmake/lgsvl_msgsConfig.cmake
-- Installing: /home/daisuke/Autoware/ros/install/lgsvl_msgs/share/lgsvl_msgs/cmake/lgsvl_msgsConfig-version.cmake
-- Installing: /home/daisuke/Autoware/ros/install/lgsvl_msgs/share/lgsvl_msgs/package.xml
Invoked command in '/home/daisuke/Autoware/ros/build/lgsvl_msgs' returned '0': /usr/bin/cmake --build /home/daisuke/Autoware/ros/build/lgsvl_msgs --target install
