-- Using CATKIN_DEVEL_PREFIX: /home/daisuke/Autoware/ros/build/op_simu/devel
-- Using CMAKE_PREFIX_PATH: /home/daisuke/Autoware/ros/install/op_planner;/home/daisuke/Autoware/ros/install/op_utility;/home/daisuke/Autoware/ros/install/vector_map_server;/home/daisuke/Autoware/ros/install/vector_map;/home/daisuke/Autoware/ros/install/vector_map_msgs;/home/daisuke/Autoware/ros/install/autoware_msgs;/home/daisuke/Autoware/ros/install/autoware_build_flags;/home/daisuke/Autoware/ros/devel;/opt/ros/kinetic
-- This workspace overlays: /home/daisuke/Autoware/ros/install/op_planner;/home/daisuke/Autoware/ros/install/op_utility;/home/daisuke/Autoware/ros/install/vector_map_server;/home/daisuke/Autoware/ros/install/vector_map;/home/daisuke/Autoware/ros/install/vector_map_msgs;/home/daisuke/Autoware/ros/install/autoware_msgs;/home/daisuke/Autoware/ros/install/autoware_build_flags;/opt/ros/kinetic
-- Using PYTHON_EXECUTABLE: /home/daisuke/pyenv/shims/python
-- Using Debian Python package layout
-- Using empy: /usr/bin/empy
-- Using CATKIN_ENABLE_TESTING: ON
-- Call enable_testing()
-- Using CATKIN_TEST_RESULTS_DIR: /home/daisuke/Autoware/ros/build/op_simu/test_results
-- Found gmock sources under '/usr/src/gmock': gmock will be built
-- Found gtest sources under '/usr/src/gmock': gtests will be built
-- Using Python nosetests: /usr/bin/nosetests-2.7
-- catkin 0.7.14
-- Using these message generators: gencpp;geneus;genlisp;gennodejs;genpy
-- Configuring done
-- Generating done
-- Build files have been written to: /home/daisuke/Autoware/ros/build/op_simu
[ 55%] Built target Simu
[100%] Built target op_simu
Built target tests
[ 55%] Built target Simu
[100%] Built target op_simu
[36mInstall the project...[0m
-- Install configuration: "Release"
-- Installing: /home/daisuke/Autoware/ros/install/op_simu/lib/pkgconfig/op_simu.pc
-- Up-to-date: /home/daisuke/Autoware/ros/install/op_simu/share/op_simu/cmake/op_simuConfig.cmake
-- Up-to-date: /home/daisuke/Autoware/ros/install/op_simu/share/op_simu/cmake/op_simuConfig-version.cmake
-- Up-to-date: /home/daisuke/Autoware/ros/install/op_simu/share/op_simu/package.xml
-- Up-to-date: /home/daisuke/Autoware/ros/install/op_simu/include/op_simu
-- Up-to-date: /home/daisuke/Autoware/ros/install/op_simu/include/op_simu/TrajectoryFollower.h
-- Up-to-date: /home/daisuke/Autoware/ros/install/op_simu/include/op_simu/SimpleTracker.h
-- Up-to-date: /home/daisuke/Autoware/ros/install/op_simu/include/op_simu/SimulatedTrajectoryFollower.h
-- Up-to-date: /home/daisuke/Autoware/ros/install/op_simu/lib/libop_simu.so
-- Up-to-date: /home/daisuke/Autoware/ros/install/op_simu/lib/op_simu/Simu
