-- Using CATKIN_DEVEL_PREFIX: /home/daisuke/Autoware/ros/build/multi_lidar_calibrator/devel
-- Using CMAKE_PREFIX_PATH: /home/daisuke/Autoware/ros/install/autoware_build_flags;/home/daisuke/Autoware/ros/devel;/opt/ros/kinetic
-- This workspace overlays: /home/daisuke/Autoware/ros/install/autoware_build_flags;/opt/ros/kinetic
-- Using PYTHON_EXECUTABLE: /home/daisuke/pyenv/shims/python
-- Using Debian Python package layout
-- Using empy: /usr/bin/empy
-- Using CATKIN_ENABLE_TESTING: ON
-- Call enable_testing()
-- Using CATKIN_TEST_RESULTS_DIR: /home/daisuke/Autoware/ros/build/multi_lidar_calibrator/test_results
-- Found gmock sources under '/usr/src/gmock': gmock will be built
-- Found gtest sources under '/usr/src/gmock': gtests will be built
-- Using Python nosetests: /usr/bin/nosetests-2.7
-- catkin 0.7.14
-- Using these message generators: gencpp;geneus;genlisp;gennodejs;genpy
-- Configuring done
-- Generating done
-- Build files have been written to: /home/daisuke/Autoware/ros/build/multi_lidar_calibrator
[ 50%] Built target multi_lidar_calibrator_lib
[100%] Built target multi_lidar_calibrator
Built target tests
[ 50%] Built target multi_lidar_calibrator_lib
[100%] Built target multi_lidar_calibrator
[36mInstall the project...[0m
-- Install configuration: "Release"
-- Installing: /home/daisuke/Autoware/ros/install/multi_lidar_calibrator/lib/pkgconfig/multi_lidar_calibrator.pc
-- Up-to-date: /home/daisuke/Autoware/ros/install/multi_lidar_calibrator/share/multi_lidar_calibrator/cmake/multi_lidar_calibratorConfig.cmake
-- Up-to-date: /home/daisuke/Autoware/ros/install/multi_lidar_calibrator/share/multi_lidar_calibrator/cmake/multi_lidar_calibratorConfig-version.cmake
-- Up-to-date: /home/daisuke/Autoware/ros/install/multi_lidar_calibrator/share/multi_lidar_calibrator/package.xml
-- Up-to-date: /home/daisuke/Autoware/ros/install/multi_lidar_calibrator/lib/multi_lidar_calibrator/multi_lidar_calibrator
-- Up-to-date: /home/daisuke/Autoware/ros/install/multi_lidar_calibrator/lib/libmulti_lidar_calibrator_lib.so
-- Up-to-date: /home/daisuke/Autoware/ros/install/multi_lidar_calibrator/share/multi_lidar_calibrator/launch
-- Up-to-date: /home/daisuke/Autoware/ros/install/multi_lidar_calibrator/share/multi_lidar_calibrator/launch/multi_lidar_calibrator.launch
