Invoking command in '/home/daisuke/Autoware/ros/build/gazebo_camera_description': /usr/bin/cmake /home/daisuke/Autoware/ros/src/simulation/gazebo_simulator/vehicle/sensor_model/camera/gazebo_camera_description -DCATKIN_INSTALL_INTO_PREFIX_ROOT=0 -DCMAKE_INSTALL_PREFIX=/home/daisuke/Autoware/ros/install/gazebo_camera_description
-- Using CATKIN_DEVEL_PREFIX: /home/daisuke/Autoware/ros/build/gazebo_camera_description/devel
-- Using CMAKE_PREFIX_PATH: /home/daisuke/Autoware/ros/devel;/opt/ros/kinetic
-- This workspace overlays: /opt/ros/kinetic
-- Using PYTHON_EXECUTABLE: /home/daisuke/pyenv/shims/python
-- Using Debian Python package layout
-- Using empy: /usr/bin/empy
-- Using CATKIN_ENABLE_TESTING: ON
-- Call enable_testing()
-- Using CATKIN_TEST_RESULTS_DIR: /home/daisuke/Autoware/ros/build/gazebo_camera_description/test_results
-- Found gmock sources under '/usr/src/gmock': gmock will be built
-- Found gtest sources under '/usr/src/gmock': gtests will be built
-- Using Python nosetests: /usr/bin/nosetests-2.7
-- catkin 0.7.14
-- Configuring done
-- Generating done
-- Build files have been written to: /home/daisuke/Autoware/ros/build/gazebo_camera_description
Invoked command in '/home/daisuke/Autoware/ros/build/gazebo_camera_description' returned '0': /usr/bin/cmake /home/daisuke/Autoware/ros/src/simulation/gazebo_simulator/vehicle/sensor_model/camera/gazebo_camera_description -DCATKIN_INSTALL_INTO_PREFIX_ROOT=0 -DCMAKE_INSTALL_PREFIX=/home/daisuke/Autoware/ros/install/gazebo_camera_description
Invoking command in '/home/daisuke/Autoware/ros/build/gazebo_camera_description': /usr/bin/cmake --build /home/daisuke/Autoware/ros/build/gazebo_camera_description -- -j8 -l8
Invoked command in '/home/daisuke/Autoware/ros/build/gazebo_camera_description' returned '0': /usr/bin/cmake --build /home/daisuke/Autoware/ros/build/gazebo_camera_description -- -j8 -l8
Invoking command in '/home/daisuke/Autoware/ros/build/gazebo_camera_description': /usr/bin/cmake --build /home/daisuke/Autoware/ros/build/gazebo_camera_description --target tests -- -j8 -l8
Built target tests
Invoked command in '/home/daisuke/Autoware/ros/build/gazebo_camera_description' returned '0': /usr/bin/cmake --build /home/daisuke/Autoware/ros/build/gazebo_camera_description --target tests -- -j8 -l8
Invoking command in '/home/daisuke/Autoware/ros/build/gazebo_camera_description': /usr/bin/cmake --build /home/daisuke/Autoware/ros/build/gazebo_camera_description --target install
[36mInstall the project...[0m
-- Install configuration: "Release"
-- Installing: /home/daisuke/Autoware/ros/install/gazebo_camera_description/lib/pkgconfig/gazebo_camera_description.pc
-- Up-to-date: /home/daisuke/Autoware/ros/install/gazebo_camera_description/share/gazebo_camera_description/cmake/gazebo_camera_descriptionConfig.cmake
-- Up-to-date: /home/daisuke/Autoware/ros/install/gazebo_camera_description/share/gazebo_camera_description/cmake/gazebo_camera_descriptionConfig-version.cmake
-- Up-to-date: /home/daisuke/Autoware/ros/install/gazebo_camera_description/share/gazebo_camera_description/package.xml
-- Up-to-date: /home/daisuke/Autoware/ros/install/gazebo_camera_description/share/gazebo_camera_description/urdf
-- Up-to-date: /home/daisuke/Autoware/ros/install/gazebo_camera_description/share/gazebo_camera_description/urdf/monocular_camera.xacro
Invoked command in '/home/daisuke/Autoware/ros/build/gazebo_camera_description' returned '0': /usr/bin/cmake --build /home/daisuke/Autoware/ros/build/gazebo_camera_description --target install
