/home/daisuke/Autoware/ros/src/computing/perception/detection/vision_detector/libs/dpm_ttic/util/capability_version_checker.cpp: In function ‘int main()’:
/home/daisuke/Autoware/ros/src/computing/perception/detection/vision_detector/libs/dpm_ttic/util/capability_version_checker.cpp:61:3: warning: ‘CUresult cuDeviceComputeCapability(int*, int*, CUdevice)’ is deprecated [-Wdeprecated-declarations]
   cuDeviceComputeCapability(&major, &minor, devHandle);
   ^
In file included from /home/daisuke/Autoware/ros/src/computing/perception/detection/vision_detector/libs/dpm_ttic/util/capability_version_checker.cpp:21:0:
/usr/local/cuda-9.2/bin/../targets/x86_64-linux/include/cuda.h:2531:36: note: declared here
 __CUDA_DEPRECATED CUresult CUDAAPI cuDeviceComputeCapability(int *major, int *minor, CUdevice dev);
                                    ^
/home/daisuke/Autoware/ros/src/computing/perception/detection/vision_detector/libs/dpm_ttic/util/capability_version_checker.cpp:61:3: warning: ‘CUresult cuDeviceComputeCapability(int*, int*, CUdevice)’ is deprecated [-Wdeprecated-declarations]
   cuDeviceComputeCapability(&major, &minor, devHandle);
   ^
In file included from /home/daisuke/Autoware/ros/src/computing/perception/detection/vision_detector/libs/dpm_ttic/util/capability_version_checker.cpp:21:0:
/usr/local/cuda-9.2/bin/../targets/x86_64-linux/include/cuda.h:2531:36: note: declared here
 __CUDA_DEPRECATED CUresult CUDAAPI cuDeviceComputeCapability(int *major, int *minor, CUdevice dev);
                                    ^
/home/daisuke/Autoware/ros/src/computing/perception/detection/vision_detector/libs/dpm_ttic/util/capability_version_checker.cpp:61:54: warning: ‘CUresult cuDeviceComputeCapability(int*, int*, CUdevice)’ is deprecated [-Wdeprecated-declarations]
   cuDeviceComputeCapability(&major, &minor, devHandle);
                                                      ^
In file included from /home/daisuke/Autoware/ros/src/computing/perception/detection/vision_detector/libs/dpm_ttic/util/capability_version_checker.cpp:21:0:
/usr/local/cuda-9.2/bin/../targets/x86_64-linux/include/cuda.h:2531:36: note: declared here
 __CUDA_DEPRECATED CUresult CUDAAPI cuDeviceComputeCapability(int *major, int *minor, CUdevice dev);
                                    ^
ptxas warning : Stack size for entry function 'dt1d_y' cannot be statically determined
ptxas warning : Stack size for entry function 'dt1d_x' cannot be statically determined
ptxas info    : 22 bytes gmem
ptxas info    : Compiling entry function 'resize' for 'sm_61'
ptxas info    : Function properties for resize
    0 bytes stack frame, 0 bytes spill stores, 0 bytes spill loads
ptxas info    : Used 12 registers, 364 bytes cmem[0], 2 textures
ptxas info    : Compiling entry function 'calc_feat' for 'sm_61'
ptxas info    : Function properties for calc_feat
    120 bytes stack frame, 124 bytes spill stores, 144 bytes spill loads
ptxas info    : Used 32 registers, 376 bytes cmem[0], 48 bytes cmem[2], 3 textures
ptxas info    : Compiling entry function 'calc_norm' for 'sm_61'
ptxas info    : Function properties for calc_norm
    0 bytes stack frame, 0 bytes spill stores, 0 bytes spill loads
ptxas info    : Used 32 registers, 356 bytes cmem[0], 2 textures
ptxas info    : Compiling entry function 'calc_hist' for 'sm_61'
ptxas info    : Function properties for calc_hist
    0 bytes stack frame, 0 bytes spill stores, 0 bytes spill loads
ptxas info    : Used 27 registers, 360 bytes cmem[0], 68 bytes cmem[2], 4 textures
ptxas info    : Compiling entry function 'calc_a_score' for 'sm_61'
ptxas info    : Function properties for calc_a_score
    0 bytes stack frame, 0 bytes spill stores, 0 bytes spill loads
ptxas info    : Used 30 registers, 400 bytes cmem[0], 12 bytes cmem[2]
ptxas info    : Compiling entry function 'dt1d_y' for 'sm_61'
ptxas info    : Function properties for dt1d_y
    8 bytes stack frame, 0 bytes spill stores, 0 bytes spill loads
ptxas info    : Used 32 registers, 428 bytes cmem[0]
ptxas info    : Function properties for _Z9dt_helperPfS_Piiiiiiff
    72 bytes stack frame, 64 bytes spill stores, 64 bytes spill loads
ptxas info    : Compiling entry function 'dt1d_x' for 'sm_61'
ptxas info    : Function properties for dt1d_x
    8 bytes stack frame, 0 bytes spill stores, 0 bytes spill loads
ptxas info    : Used 32 registers, 432 bytes cmem[0]
ptxas info    : Function properties for _Z9dt_helperPfS_Piiiiiiff
    72 bytes stack frame, 64 bytes spill stores, 64 bytes spill loads
ptxas info    : Compiling entry function 'inverse_Q' for 'sm_61'
ptxas info    : Function properties for inverse_Q
    0 bytes stack frame, 0 bytes spill stores, 0 bytes spill loads
ptxas info    : Used 32 registers, 392 bytes cmem[0]
ptxas info    : Compiling entry function 'process_part' for 'sm_61'
ptxas info    : Function properties for process_part
    0 bytes stack frame, 0 bytes spill stores, 0 bytes spill loads
ptxas info    : Used 32 registers, 388 bytes cmem[0], 2 textures
ptxas info    : Compiling entry function 'process_root' for 'sm_61'
ptxas info    : Function properties for process_root
    0 bytes stack frame, 0 bytes spill stores, 0 bytes spill loads
ptxas info    : Used 32 registers, 388 bytes cmem[0], 2 textures
ptxas warning : Stack size for entry function 'dt1d_y' cannot be statically determined
ptxas warning : Stack size for entry function 'dt1d_x' cannot be statically determined
ptxas info    : 22 bytes gmem
ptxas info    : Compiling entry function 'resize' for 'sm_61'
ptxas info    : Function properties for resize
    0 bytes stack frame, 0 bytes spill stores, 0 bytes spill loads
ptxas info    : Used 12 registers, 364 bytes cmem[0], 2 textures
ptxas info    : Compiling entry function 'calc_feat' for 'sm_61'
ptxas info    : Function properties for calc_feat
    120 bytes stack frame, 124 bytes spill stores, 144 bytes spill loads
ptxas info    : Used 32 registers, 376 bytes cmem[0], 48 bytes cmem[2], 3 textures
ptxas info    : Compiling entry function 'calc_norm' for 'sm_61'
ptxas info    : Function properties for calc_norm
    0 bytes stack frame, 0 bytes spill stores, 0 bytes spill loads
ptxas info    : Used 32 registers, 356 bytes cmem[0], 2 textures
ptxas info    : Compiling entry function 'calc_hist' for 'sm_61'
ptxas info    : Function properties for calc_hist
    0 bytes stack frame, 0 bytes spill stores, 0 bytes spill loads
ptxas info    : Used 27 registers, 360 bytes cmem[0], 68 bytes cmem[2], 4 textures
ptxas info    : Compiling entry function 'calc_a_score' for 'sm_61'
ptxas info    : Function properties for calc_a_score
    0 bytes stack frame, 0 bytes spill stores, 0 bytes spill loads
ptxas info    : Used 30 registers, 400 bytes cmem[0], 12 bytes cmem[2]
ptxas info    : Compiling entry function 'dt1d_y' for 'sm_61'
ptxas info    : Function properties for dt1d_y
    8 bytes stack frame, 0 bytes spill stores, 0 bytes spill loads
ptxas info    : Used 32 registers, 428 bytes cmem[0]
ptxas info    : Function properties for _Z9dt_helperPfS_Piiiiiiff
    72 bytes stack frame, 64 bytes spill stores, 64 bytes spill loads
ptxas info    : Compiling entry function 'dt1d_x' for 'sm_61'
ptxas info    : Function properties for dt1d_x
    8 bytes stack frame, 0 bytes spill stores, 0 bytes spill loads
ptxas info    : Used 32 registers, 432 bytes cmem[0]
ptxas info    : Function properties for _Z9dt_helperPfS_Piiiiiiff
    72 bytes stack frame, 64 bytes spill stores, 64 bytes spill loads
ptxas info    : Compiling entry function 'inverse_Q' for 'sm_61'
ptxas info    : Function properties for inverse_Q
    0 bytes stack frame, 0 bytes spill stores, 0 bytes spill loads
ptxas info    : Used 32 registers, 392 bytes cmem[0]
ptxas info    : Compiling entry function 'process_part' for 'sm_61'
ptxas info    : Function properties for process_part
    0 bytes stack frame, 0 bytes spill stores, 0 bytes spill loads
ptxas info    : Used 32 registers, 388 bytes cmem[0], 2 textures
ptxas info    : Compiling entry function 'process_root' for 'sm_61'
ptxas info    : Function properties for process_root
    0 bytes stack frame, 0 bytes spill stores, 0 bytes spill loads
ptxas info    : Used 32 registers, 388 bytes cmem[0], 2 textures
