-- The C compiler identification is GNU 5.4.0
-- The CXX compiler identification is GNU 5.4.0
-- Check for working C compiler: /usr/bin/cc
-- Check for working C compiler: /usr/bin/cc -- works
-- Detecting C compiler ABI info
-- Detecting C compiler ABI info - done
-- Detecting C compile features
-- Detecting C compile features - done
-- Check for working CXX compiler: /usr/bin/c++
-- Check for working CXX compiler: /usr/bin/c++ -- works
-- Detecting CXX compiler ABI info
-- Detecting CXX compiler ABI info - done
-- Detecting CXX compile features
-- Detecting CXX compile features - done
-- Using CATKIN_DEVEL_PREFIX: /home/daisuke/Autoware/ros/build/autoware_pointgrey_drivers/devel
-- Using CMAKE_PREFIX_PATH: /home/daisuke/Autoware/ros/install/autoware_build_flags;/home/daisuke/Autoware/ros/devel;/opt/ros/kinetic
-- This workspace overlays: /home/daisuke/Autoware/ros/install/autoware_build_flags;/opt/ros/kinetic
-- Found PythonInterp: /home/daisuke/pyenv/shims/python (found version "2.7.12") 
-- Using PYTHON_EXECUTABLE: /home/daisuke/pyenv/shims/python
-- Using Debian Python package layout
-- Using empy: /usr/bin/empy
-- Using CATKIN_ENABLE_TESTING: ON
-- Call enable_testing()
-- Using CATKIN_TEST_RESULTS_DIR: /home/daisuke/Autoware/ros/build/autoware_pointgrey_drivers/test_results
-- Found gmock sources under '/usr/src/gmock': gmock will be built
-- Looking for pthread.h
-- Looking for pthread.h - found
-- Looking for pthread_create
-- Looking for pthread_create - not found
-- Looking for pthread_create in pthreads
-- Looking for pthread_create in pthreads - not found
-- Looking for pthread_create in pthread
-- Looking for pthread_create in pthread - found
-- Found Threads: TRUE  
-- Found gtest sources under '/usr/src/gmock': gtests will be built
-- Using Python nosetests: /usr/bin/nosetests-2.7
-- catkin 0.7.14
-- Using these message generators: gencpp;geneus;genlisp;gennodejs;genpy
-- Found OpenCV: /opt/ros/kinetic (found version "3.3.1") 
-- Configuring done
-- Generating done
-- Build files have been written to: /home/daisuke/Autoware/ros/build/autoware_pointgrey_drivers
[35m[1mScanning dependencies of target spinnaker_camera[0m
[ 50%] [32mBuilding CXX object CMakeFiles/spinnaker_camera.dir/nodes/spinnaker/spinnaker.cpp.o[0m
[100%] [32m[1mLinking CXX executable devel/lib/autoware_pointgrey_drivers/spinnaker_camera[0m
[100%] Built target spinnaker_camera
[35m[1mScanning dependencies of target tests[0m
Built target tests
[100%] Built target spinnaker_camera
[36mInstall the project...[0m
-- Install configuration: "Release"
-- Installing: /home/daisuke/Autoware/ros/install/autoware_pointgrey_drivers/lib/pkgconfig/autoware_pointgrey_drivers.pc
-- Installing: /home/daisuke/Autoware/ros/install/autoware_pointgrey_drivers/share/autoware_pointgrey_drivers/cmake/autoware_pointgrey_driversConfig.cmake
-- Installing: /home/daisuke/Autoware/ros/install/autoware_pointgrey_drivers/share/autoware_pointgrey_drivers/cmake/autoware_pointgrey_driversConfig-version.cmake
-- Installing: /home/daisuke/Autoware/ros/install/autoware_pointgrey_drivers/share/autoware_pointgrey_drivers/package.xml
-- Installing: /home/daisuke/Autoware/ros/install/autoware_pointgrey_drivers/lib/autoware_pointgrey_drivers/spinnaker_camera
-- Set runtime path of "/home/daisuke/Autoware/ros/install/autoware_pointgrey_drivers/lib/autoware_pointgrey_drivers/spinnaker_camera" to ""
-- Installing: /home/daisuke/Autoware/ros/install/autoware_pointgrey_drivers/share/autoware_pointgrey_drivers/launch/spinnaker.launch
