Invoking command in '/home/daisuke/Autoware/ros/build/lattice_planner': CMAKE_PREFIX_PATH=/home/daisuke/Autoware/ros/install/astar_planner:/home/daisuke/Autoware/ros/install/waypoint_follower:/home/daisuke/Autoware/ros/install/vector_map:/home/daisuke/Autoware/ros/install/vector_map_msgs:/home/daisuke/Autoware/ros/install/autoware_health_checker:/home/daisuke/Autoware/ros/install/tablet_socket_msgs:/home/daisuke/Autoware/ros/install/gnss:/home/daisuke/Autoware/ros/install/autoware_system_msgs:/home/daisuke/Autoware/ros/install/autoware_msgs:/home/daisuke/Autoware/ros/install/autoware_config_msgs:/home/daisuke/Autoware/ros/install/autoware_can_msgs:/home/daisuke/Autoware/ros/install/autoware_build_flags:${CMAKE_PREFIX_PATH} LD_LIBRARY_PATH=/home/daisuke/Autoware/ros/install/waypoint_follower/lib:/home/daisuke/Autoware/ros/install/vector_map/lib:/home/daisuke/Autoware/ros/install/autoware_health_checker/lib:/home/daisuke/Autoware/ros/install/gnss/lib:${LD_LIBRARY_PATH} PKG_CONFIG_PATH=/home/daisuke/Autoware/ros/install/astar_planner/lib/pkgconfig:/home/daisuke/Autoware/ros/install/waypoint_follower/lib/pkgconfig:/home/daisuke/Autoware/ros/install/vector_map/lib/pkgconfig:/home/daisuke/Autoware/ros/install/vector_map_msgs/lib/pkgconfig:/home/daisuke/Autoware/ros/install/autoware_health_checker/lib/pkgconfig:/home/daisuke/Autoware/ros/install/tablet_socket_msgs/lib/pkgconfig:/home/daisuke/Autoware/ros/install/gnss/lib/pkgconfig:/home/daisuke/Autoware/ros/install/autoware_system_msgs/lib/pkgconfig:/home/daisuke/Autoware/ros/install/autoware_msgs/lib/pkgconfig:/home/daisuke/Autoware/ros/install/autoware_config_msgs/lib/pkgconfig:/home/daisuke/Autoware/ros/install/autoware_can_msgs/lib/pkgconfig:/home/daisuke/Autoware/ros/install/autoware_build_flags/lib/pkgconfig:${PKG_CONFIG_PATH} PYTHONPATH=/home/daisuke/Autoware/ros/install/vector_map_msgs/lib/python2.7/dist-packages:/home/daisuke/Autoware/ros/install/tablet_socket_msgs/lib/python2.7/dist-packages:/home/daisuke/Autoware/ros/install/autoware_system_msgs/lib/python2.7/dist-packages:/home/daisuke/Autoware/ros/install/autoware_msgs/lib/python2.7/dist-packages:/home/daisuke/Autoware/ros/install/autoware_config_msgs/lib/python2.7/dist-packages:/home/daisuke/Autoware/ros/install/autoware_can_msgs/lib/python2.7/dist-packages:${PYTHONPATH} ROS_PACKAGE_PATH=/home/daisuke/Autoware/ros/install/astar_planner/share:/home/daisuke/Autoware/ros/install/waypoint_follower/share:/home/daisuke/Autoware/ros/install/vector_map/share:/home/daisuke/Autoware/ros/install/vector_map_msgs/share:/home/daisuke/Autoware/ros/install/autoware_health_checker/share:/home/daisuke/Autoware/ros/install/tablet_socket_msgs/share:/home/daisuke/Autoware/ros/install/gnss/share:/home/daisuke/Autoware/ros/install/autoware_system_msgs/share:/home/daisuke/Autoware/ros/install/autoware_msgs/share:/home/daisuke/Autoware/ros/install/autoware_config_msgs/share:/home/daisuke/Autoware/ros/install/autoware_can_msgs/share:/home/daisuke/Autoware/ros/install/autoware_build_flags/share:${ROS_PACKAGE_PATH} /usr/bin/cmake /home/daisuke/Autoware/ros/src/computing/planning/motion/packages/lattice_planner -DCMAKE_BUILD_TYPE=Release -DCMAKE_LIBRARY_PATH=/usr/local/cuda/lib64/stubs -DCATKIN_INSTALL_INTO_PREFIX_ROOT=0 -DCMAKE_INSTALL_PREFIX=/home/daisuke/Autoware/ros/install/lattice_planner
-- The C compiler identification is GNU 5.4.0
-- The CXX compiler identification is GNU 5.4.0
-- Check for working C compiler: /usr/bin/cc
-- Check for working C compiler: /usr/bin/cc -- works
-- Detecting C compiler ABI info
-- Detecting C compiler ABI info - done
-- Detecting C compile features
-- Detecting C compile features - done
-- Check for working CXX compiler: /usr/bin/c++
-- Check for working CXX compiler: /usr/bin/c++ -- works
-- Detecting CXX compiler ABI info
-- Detecting CXX compiler ABI info - done
-- Detecting CXX compile features
-- Detecting CXX compile features - done
-- Using CATKIN_DEVEL_PREFIX: /home/daisuke/Autoware/ros/build/lattice_planner/devel
-- Using CMAKE_PREFIX_PATH: /home/daisuke/Autoware/ros/install/astar_planner;/home/daisuke/Autoware/ros/install/waypoint_follower;/home/daisuke/Autoware/ros/install/vector_map;/home/daisuke/Autoware/ros/install/vector_map_msgs;/home/daisuke/Autoware/ros/install/autoware_health_checker;/home/daisuke/Autoware/ros/install/tablet_socket_msgs;/home/daisuke/Autoware/ros/install/gnss;/home/daisuke/Autoware/ros/install/autoware_system_msgs;/home/daisuke/Autoware/ros/install/autoware_msgs;/home/daisuke/Autoware/ros/install/autoware_config_msgs;/home/daisuke/Autoware/ros/install/autoware_can_msgs;/home/daisuke/Autoware/ros/install/autoware_build_flags;/home/daisuke/Autoware/ros/devel;/opt/ros/kinetic
-- This workspace overlays: /home/daisuke/Autoware/ros/install/astar_planner;/home/daisuke/Autoware/ros/install/waypoint_follower;/home/daisuke/Autoware/ros/install/vector_map;/home/daisuke/Autoware/ros/install/vector_map_msgs;/home/daisuke/Autoware/ros/install/autoware_health_checker;/home/daisuke/Autoware/ros/install/tablet_socket_msgs;/home/daisuke/Autoware/ros/install/gnss;/home/daisuke/Autoware/ros/install/autoware_system_msgs;/home/daisuke/Autoware/ros/install/autoware_msgs;/home/daisuke/Autoware/ros/install/autoware_config_msgs;/home/daisuke/Autoware/ros/install/autoware_can_msgs;/home/daisuke/Autoware/ros/install/autoware_build_flags;/opt/ros/kinetic
-- Found PythonInterp: /home/daisuke/pyenv/shims/python (found version "2.7.12") 
-- Using PYTHON_EXECUTABLE: /home/daisuke/pyenv/shims/python
-- Using Debian Python package layout
-- Using empy: /usr/bin/empy
-- Using CATKIN_ENABLE_TESTING: ON
-- Call enable_testing()
-- Using CATKIN_TEST_RESULTS_DIR: /home/daisuke/Autoware/ros/build/lattice_planner/test_results
-- Found gmock sources under '/usr/src/gmock': gmock will be built
-- Looking for pthread.h
-- Looking for pthread.h - found
-- Looking for pthread_create
-- Looking for pthread_create - not found
-- Looking for pthread_create in pthreads
-- Looking for pthread_create in pthreads - not found
-- Looking for pthread_create in pthread
-- Looking for pthread_create in pthread - found
-- Found Threads: TRUE  
-- Found gtest sources under '/usr/src/gmock': gtests will be built
-- Using Python nosetests: /usr/bin/nosetests-2.7
-- catkin 0.7.14
-- Using these message generators: gencpp;geneus;genlisp;gennodejs;genpy
-- Found Armadillo: /usr/lib/libarmadillo.so (found version "6.500.5") 
-- Try OpenMP C flag = [-fopenmp]
-- Performing Test OpenMP_FLAG_DETECTED
-- Performing Test OpenMP_FLAG_DETECTED - Success
-- Try OpenMP CXX flag = [-fopenmp]
-- Performing Test OpenMP_FLAG_DETECTED
-- Performing Test OpenMP_FLAG_DETECTED - Success
-- Found OpenMP: -fopenmp  
-- Configuring done
-- Generating done
-- Build files have been written to: /home/daisuke/Autoware/ros/build/lattice_planner
Invoked command in '/home/daisuke/Autoware/ros/build/lattice_planner' returned '0': CMAKE_PREFIX_PATH=/home/daisuke/Autoware/ros/install/astar_planner:/home/daisuke/Autoware/ros/install/waypoint_follower:/home/daisuke/Autoware/ros/install/vector_map:/home/daisuke/Autoware/ros/install/vector_map_msgs:/home/daisuke/Autoware/ros/install/autoware_health_checker:/home/daisuke/Autoware/ros/install/tablet_socket_msgs:/home/daisuke/Autoware/ros/install/gnss:/home/daisuke/Autoware/ros/install/autoware_system_msgs:/home/daisuke/Autoware/ros/install/autoware_msgs:/home/daisuke/Autoware/ros/install/autoware_config_msgs:/home/daisuke/Autoware/ros/install/autoware_can_msgs:/home/daisuke/Autoware/ros/install/autoware_build_flags:${CMAKE_PREFIX_PATH} LD_LIBRARY_PATH=/home/daisuke/Autoware/ros/install/waypoint_follower/lib:/home/daisuke/Autoware/ros/install/vector_map/lib:/home/daisuke/Autoware/ros/install/autoware_health_checker/lib:/home/daisuke/Autoware/ros/install/gnss/lib:${LD_LIBRARY_PATH} PKG_CONFIG_PATH=/home/daisuke/Autoware/ros/install/astar_planner/lib/pkgconfig:/home/daisuke/Autoware/ros/install/waypoint_follower/lib/pkgconfig:/home/daisuke/Autoware/ros/install/vector_map/lib/pkgconfig:/home/daisuke/Autoware/ros/install/vector_map_msgs/lib/pkgconfig:/home/daisuke/Autoware/ros/install/autoware_health_checker/lib/pkgconfig:/home/daisuke/Autoware/ros/install/tablet_socket_msgs/lib/pkgconfig:/home/daisuke/Autoware/ros/install/gnss/lib/pkgconfig:/home/daisuke/Autoware/ros/install/autoware_system_msgs/lib/pkgconfig:/home/daisuke/Autoware/ros/install/autoware_msgs/lib/pkgconfig:/home/daisuke/Autoware/ros/install/autoware_config_msgs/lib/pkgconfig:/home/daisuke/Autoware/ros/install/autoware_can_msgs/lib/pkgconfig:/home/daisuke/Autoware/ros/install/autoware_build_flags/lib/pkgconfig:${PKG_CONFIG_PATH} PYTHONPATH=/home/daisuke/Autoware/ros/install/vector_map_msgs/lib/python2.7/dist-packages:/home/daisuke/Autoware/ros/install/tablet_socket_msgs/lib/python2.7/dist-packages:/home/daisuke/Autoware/ros/install/autoware_system_msgs/lib/python2.7/dist-packages:/home/daisuke/Autoware/ros/install/autoware_msgs/lib/python2.7/dist-packages:/home/daisuke/Autoware/ros/install/autoware_config_msgs/lib/python2.7/dist-packages:/home/daisuke/Autoware/ros/install/autoware_can_msgs/lib/python2.7/dist-packages:${PYTHONPATH} ROS_PACKAGE_PATH=/home/daisuke/Autoware/ros/install/astar_planner/share:/home/daisuke/Autoware/ros/install/waypoint_follower/share:/home/daisuke/Autoware/ros/install/vector_map/share:/home/daisuke/Autoware/ros/install/vector_map_msgs/share:/home/daisuke/Autoware/ros/install/autoware_health_checker/share:/home/daisuke/Autoware/ros/install/tablet_socket_msgs/share:/home/daisuke/Autoware/ros/install/gnss/share:/home/daisuke/Autoware/ros/install/autoware_system_msgs/share:/home/daisuke/Autoware/ros/install/autoware_msgs/share:/home/daisuke/Autoware/ros/install/autoware_config_msgs/share:/home/daisuke/Autoware/ros/install/autoware_can_msgs/share:/home/daisuke/Autoware/ros/install/autoware_build_flags/share:${ROS_PACKAGE_PATH} /usr/bin/cmake /home/daisuke/Autoware/ros/src/computing/planning/motion/packages/lattice_planner -DCMAKE_BUILD_TYPE=Release -DCMAKE_LIBRARY_PATH=/usr/local/cuda/lib64/stubs -DCATKIN_INSTALL_INTO_PREFIX_ROOT=0 -DCMAKE_INSTALL_PREFIX=/home/daisuke/Autoware/ros/install/lattice_planner
Invoking command in '/home/daisuke/Autoware/ros/build/lattice_planner': CMAKE_PREFIX_PATH=/home/daisuke/Autoware/ros/install/astar_planner:/home/daisuke/Autoware/ros/install/waypoint_follower:/home/daisuke/Autoware/ros/install/vector_map:/home/daisuke/Autoware/ros/install/vector_map_msgs:/home/daisuke/Autoware/ros/install/autoware_health_checker:/home/daisuke/Autoware/ros/install/tablet_socket_msgs:/home/daisuke/Autoware/ros/install/gnss:/home/daisuke/Autoware/ros/install/autoware_system_msgs:/home/daisuke/Autoware/ros/install/autoware_msgs:/home/daisuke/Autoware/ros/install/autoware_config_msgs:/home/daisuke/Autoware/ros/install/autoware_can_msgs:/home/daisuke/Autoware/ros/install/autoware_build_flags:${CMAKE_PREFIX_PATH} LD_LIBRARY_PATH=/home/daisuke/Autoware/ros/install/waypoint_follower/lib:/home/daisuke/Autoware/ros/install/vector_map/lib:/home/daisuke/Autoware/ros/install/autoware_health_checker/lib:/home/daisuke/Autoware/ros/install/gnss/lib:${LD_LIBRARY_PATH} PKG_CONFIG_PATH=/home/daisuke/Autoware/ros/install/astar_planner/lib/pkgconfig:/home/daisuke/Autoware/ros/install/waypoint_follower/lib/pkgconfig:/home/daisuke/Autoware/ros/install/vector_map/lib/pkgconfig:/home/daisuke/Autoware/ros/install/vector_map_msgs/lib/pkgconfig:/home/daisuke/Autoware/ros/install/autoware_health_checker/lib/pkgconfig:/home/daisuke/Autoware/ros/install/tablet_socket_msgs/lib/pkgconfig:/home/daisuke/Autoware/ros/install/gnss/lib/pkgconfig:/home/daisuke/Autoware/ros/install/autoware_system_msgs/lib/pkgconfig:/home/daisuke/Autoware/ros/install/autoware_msgs/lib/pkgconfig:/home/daisuke/Autoware/ros/install/autoware_config_msgs/lib/pkgconfig:/home/daisuke/Autoware/ros/install/autoware_can_msgs/lib/pkgconfig:/home/daisuke/Autoware/ros/install/autoware_build_flags/lib/pkgconfig:${PKG_CONFIG_PATH} PYTHONPATH=/home/daisuke/Autoware/ros/install/vector_map_msgs/lib/python2.7/dist-packages:/home/daisuke/Autoware/ros/install/tablet_socket_msgs/lib/python2.7/dist-packages:/home/daisuke/Autoware/ros/install/autoware_system_msgs/lib/python2.7/dist-packages:/home/daisuke/Autoware/ros/install/autoware_msgs/lib/python2.7/dist-packages:/home/daisuke/Autoware/ros/install/autoware_config_msgs/lib/python2.7/dist-packages:/home/daisuke/Autoware/ros/install/autoware_can_msgs/lib/python2.7/dist-packages:${PYTHONPATH} ROS_PACKAGE_PATH=/home/daisuke/Autoware/ros/install/astar_planner/share:/home/daisuke/Autoware/ros/install/waypoint_follower/share:/home/daisuke/Autoware/ros/install/vector_map/share:/home/daisuke/Autoware/ros/install/vector_map_msgs/share:/home/daisuke/Autoware/ros/install/autoware_health_checker/share:/home/daisuke/Autoware/ros/install/tablet_socket_msgs/share:/home/daisuke/Autoware/ros/install/gnss/share:/home/daisuke/Autoware/ros/install/autoware_system_msgs/share:/home/daisuke/Autoware/ros/install/autoware_msgs/share:/home/daisuke/Autoware/ros/install/autoware_config_msgs/share:/home/daisuke/Autoware/ros/install/autoware_can_msgs/share:/home/daisuke/Autoware/ros/install/autoware_build_flags/share:${ROS_PACKAGE_PATH} /usr/bin/cmake --build /home/daisuke/Autoware/ros/build/lattice_planner -- -j8 -l8
[35m[1mScanning dependencies of target autoware_msgs_generate_messages_eus[0m
[  0%] Built target autoware_msgs_generate_messages_eus
[35m[1mScanning dependencies of target tablet_socket_msgs_generate_messages_lisp[0m
[  0%] Built target tablet_socket_msgs_generate_messages_lisp
[35m[1mScanning dependencies of target tablet_socket_msgs_generate_messages_eus[0m
[  0%] Built target tablet_socket_msgs_generate_messages_eus
[35m[1mScanning dependencies of target tablet_socket_msgs_generate_messages_cpp[0m
[  0%] Built target tablet_socket_msgs_generate_messages_cpp
[35m[1mScanning dependencies of target autoware_config_msgs_generate_messages_lisp[0m
[  0%] Built target autoware_config_msgs_generate_messages_lisp
[35m[1mScanning dependencies of target autoware_config_msgs_generate_messages_py[0m
[  0%] Built target autoware_config_msgs_generate_messages_py
[35m[1mScanning dependencies of target autoware_config_msgs_generate_messages_eus[0m
[  0%] Built target autoware_config_msgs_generate_messages_eus
[35m[1mScanning dependencies of target jsk_footstep_msgs_generate_messages_py[0m
[  0%] Built target jsk_footstep_msgs_generate_messages_py
[35m[1mScanning dependencies of target jsk_footstep_msgs_generate_messages_nodejs[0m
[  0%] Built target jsk_footstep_msgs_generate_messages_nodejs
[35m[1mScanning dependencies of target jsk_footstep_msgs_generate_messages_eus[0m
[  0%] Built target jsk_footstep_msgs_generate_messages_eus
[35m[1mScanning dependencies of target jsk_recognition_msgs_generate_messages_py[0m
[  0%] Built target jsk_recognition_msgs_generate_messages_py
[35m[1mScanning dependencies of target jsk_recognition_msgs_generate_messages_nodejs[0m
[  0%] Built target jsk_recognition_msgs_generate_messages_nodejs
[35m[1mScanning dependencies of target jsk_recognition_msgs_generate_messages_lisp[0m
[  0%] Built target jsk_recognition_msgs_generate_messages_lisp
[35m[1mScanning dependencies of target jsk_recognition_msgs_generate_messages_cpp[0m
[  0%] Built target jsk_recognition_msgs_generate_messages_cpp
[35m[1mScanning dependencies of target jsk_footstep_msgs_generate_messages_cpp[0m
[  0%] Built target jsk_footstep_msgs_generate_messages_cpp
[35m[1mScanning dependencies of target autoware_msgs_generate_messages_lisp[0m
[  0%] Built target autoware_msgs_generate_messages_lisp
[35m[1mScanning dependencies of target dynamic_reconfigure_generate_messages_nodejs[0m
[  0%] Built target dynamic_reconfigure_generate_messages_nodejs
[35m[1mScanning dependencies of target autoware_system_msgs_generate_messages_eus[0m
[  0%] Built target autoware_system_msgs_generate_messages_eus
[35m[1mScanning dependencies of target autoware_msgs_generate_messages_py[0m
[  0%] Built target autoware_msgs_generate_messages_py
[35m[1mScanning dependencies of target actionlib_msgs_generate_messages_lisp[0m
[  0%] Built target actionlib_msgs_generate_messages_lisp
[35m[1mScanning dependencies of target std_srvs_generate_messages_eus[0m
[  0%] Built target std_srvs_generate_messages_eus
[35m[1mScanning dependencies of target vector_map_msgs_generate_messages_lisp[0m
[  0%] Built target vector_map_msgs_generate_messages_lisp
[35m[1mScanning dependencies of target actionlib_msgs_generate_messages_eus[0m
[  0%] Built target actionlib_msgs_generate_messages_eus
[35m[1mScanning dependencies of target actionlib_generate_messages_lisp[0m
[  0%] Built target actionlib_generate_messages_lisp
[35m[1mScanning dependencies of target autoware_msgs_generate_messages_cpp[0m
[  0%] Built target autoware_msgs_generate_messages_cpp
[35m[1mScanning dependencies of target tablet_socket_msgs_generate_messages_py[0m
[  0%] Built target tablet_socket_msgs_generate_messages_py
[35m[1mScanning dependencies of target actionlib_generate_messages_nodejs[0m
[  0%] Built target actionlib_generate_messages_nodejs
[35m[1mScanning dependencies of target sensor_msgs_generate_messages_eus[0m
[  0%] Built target sensor_msgs_generate_messages_eus
[35m[1mScanning dependencies of target actionlib_msgs_generate_messages_cpp[0m
[  0%] Built target actionlib_msgs_generate_messages_cpp
[35m[1mScanning dependencies of target autoware_system_msgs_generate_messages_lisp[0m
[  0%] Built target autoware_system_msgs_generate_messages_lisp
[35m[1mScanning dependencies of target actionlib_msgs_generate_messages_nodejs[0m
[  0%] Built target actionlib_msgs_generate_messages_nodejs
[35m[1mScanning dependencies of target tf2_msgs_generate_messages_py[0m
[  0%] Built target tf2_msgs_generate_messages_py
[35m[1mScanning dependencies of target topic_tools_generate_messages_py[0m
[  0%] Built target topic_tools_generate_messages_py
[35m[1mScanning dependencies of target jsk_footstep_msgs_generate_messages_lisp[0m
[  0%] Built target jsk_footstep_msgs_generate_messages_lisp
[35m[1mScanning dependencies of target sensor_msgs_generate_messages_cpp[0m
[  0%] Built target sensor_msgs_generate_messages_cpp
[35m[1mScanning dependencies of target std_msgs_generate_messages_nodejs[0m
[  0%] Built target std_msgs_generate_messages_nodejs
[35m[1mScanning dependencies of target std_msgs_generate_messages_py[0m
[  0%] Built target std_msgs_generate_messages_py
[35m[1mScanning dependencies of target rosgraph_msgs_generate_messages_eus[0m
[  0%] Built target rosgraph_msgs_generate_messages_eus
[35m[1mScanning dependencies of target rosgraph_msgs_generate_messages_nodejs[0m
[  0%] Built target rosgraph_msgs_generate_messages_nodejs
[35m[1mScanning dependencies of target actionlib_msgs_generate_messages_py[0m
[  0%] Built target actionlib_msgs_generate_messages_py
[35m[1mScanning dependencies of target autoware_can_msgs_generate_messages_py[0m
[  0%] Built target autoware_can_msgs_generate_messages_py
[35m[1mScanning dependencies of target geometry_msgs_generate_messages_nodejs[0m
[  0%] Built target geometry_msgs_generate_messages_nodejs
[35m[1mScanning dependencies of target geometry_msgs_generate_messages_eus[0m
[  0%] Built target geometry_msgs_generate_messages_eus
[35m[1mScanning dependencies of target roscpp_generate_messages_cpp[0m
[  0%] Built target roscpp_generate_messages_cpp
[35m[1mScanning dependencies of target nodelet_generate_messages_py[0m
[  0%] Built target nodelet_generate_messages_py
[35m[1mScanning dependencies of target rosgraph_msgs_generate_messages_cpp[0m
[  0%] Built target rosgraph_msgs_generate_messages_cpp
[35m[1mScanning dependencies of target pcl_msgs_generate_messages_eus[0m
[  0%] Built target pcl_msgs_generate_messages_eus
[35m[1mScanning dependencies of target jsk_recognition_msgs_generate_messages_eus[0m
[  0%] Built target jsk_recognition_msgs_generate_messages_eus
[35m[1mScanning dependencies of target roscpp_generate_messages_py[0m
[  0%] Built target roscpp_generate_messages_py
[35m[1mScanning dependencies of target std_msgs_generate_messages_cpp[0m
[  0%] Built target std_msgs_generate_messages_cpp
[35m[1mScanning dependencies of target sensor_msgs_generate_messages_nodejs[0m
[  0%] Built target sensor_msgs_generate_messages_nodejs
[35m[1mScanning dependencies of target geometry_msgs_generate_messages_cpp[0m
[  0%] Built target geometry_msgs_generate_messages_cpp
[35m[1mScanning dependencies of target roscpp_generate_messages_eus[0m
[  0%] Built target roscpp_generate_messages_eus
[35m[1mScanning dependencies of target bond_generate_messages_eus[0m
[  0%] Built target bond_generate_messages_eus
[35m[1mScanning dependencies of target pcl_msgs_generate_messages_nodejs[0m
[  0%] Built target pcl_msgs_generate_messages_nodejs
[35m[1mScanning dependencies of target std_srvs_generate_messages_nodejs[0m
[  0%] Built target std_srvs_generate_messages_nodejs
[35m[1mScanning dependencies of target actionlib_generate_messages_cpp[0m
[  0%] Built target actionlib_generate_messages_cpp
[35m[1mScanning dependencies of target rosgraph_msgs_generate_messages_py[0m
[  0%] Built target rosgraph_msgs_generate_messages_py
[35m[1mScanning dependencies of target tf_generate_messages_lisp[0m
[  0%] Built target tf_generate_messages_lisp
[35m[1mScanning dependencies of target rosgraph_msgs_generate_messages_lisp[0m
[  0%] Built target rosgraph_msgs_generate_messages_lisp
[35m[1mScanning dependencies of target sensor_msgs_generate_messages_py[0m
[  0%] Built target sensor_msgs_generate_messages_py
[35m[1mScanning dependencies of target roscpp_generate_messages_nodejs[0m
[  0%] Built target roscpp_generate_messages_nodejs
[35m[1mScanning dependencies of target tf_generate_messages_eus[0m
[  0%] Built target tf_generate_messages_eus
[35m[1mScanning dependencies of target roscpp_generate_messages_lisp[0m
[  0%] Built target roscpp_generate_messages_lisp
[35m[1mScanning dependencies of target tf_generate_messages_nodejs[0m
[  0%] Built target tf_generate_messages_nodejs
[35m[1mScanning dependencies of target std_srvs_generate_messages_py[0m
[  0%] Built target std_srvs_generate_messages_py
[35m[1mScanning dependencies of target geometry_msgs_generate_messages_py[0m
[  0%] Built target geometry_msgs_generate_messages_py
[35m[1mScanning dependencies of target geometry_msgs_generate_messages_lisp[0m
[  0%] Built target geometry_msgs_generate_messages_lisp
[35m[1mScanning dependencies of target std_srvs_generate_messages_lisp[0m
[  0%] Built target std_srvs_generate_messages_lisp
[35m[1mScanning dependencies of target std_msgs_generate_messages_lisp[0m
[  0%] Built target std_msgs_generate_messages_lisp
[35m[1mScanning dependencies of target tf_generate_messages_py[0m
[  0%] Built target tf_generate_messages_py
[35m[1mScanning dependencies of target std_msgs_generate_messages_eus[0m
[  0%] Built target std_msgs_generate_messages_eus
[35m[1mScanning dependencies of target actionlib_generate_messages_eus[0m
[  0%] Built target actionlib_generate_messages_eus
[35m[1mScanning dependencies of target tf2_msgs_generate_messages_cpp[0m
[  0%] Built target tf2_msgs_generate_messages_cpp
[35m[1mScanning dependencies of target pcl_ros_gencfg[0m
[  0%] Built target pcl_ros_gencfg
[35m[1mScanning dependencies of target tf2_msgs_generate_messages_eus[0m
[  0%] Built target tf2_msgs_generate_messages_eus
[35m[1mScanning dependencies of target nodelet_generate_messages_cpp[0m
[  0%] Built target nodelet_generate_messages_cpp
[35m[1mScanning dependencies of target tf2_msgs_generate_messages_lisp[0m
[  0%] Built target tf2_msgs_generate_messages_lisp
[35m[1mScanning dependencies of target tf2_msgs_generate_messages_nodejs[0m
[  0%] Built target tf2_msgs_generate_messages_nodejs
[35m[1mScanning dependencies of target autoware_config_msgs_generate_messages_nodejs[0m
[  0%] Built target autoware_config_msgs_generate_messages_nodejs
[35m[1mScanning dependencies of target visualization_msgs_generate_messages_cpp[0m
[  0%] Built target visualization_msgs_generate_messages_cpp
[35m[1mScanning dependencies of target visualization_msgs_generate_messages_lisp[0m
[  0%] Built target visualization_msgs_generate_messages_lisp
[35m[1mScanning dependencies of target autoware_can_msgs_generate_messages_cpp[0m
[  0%] Built target autoware_can_msgs_generate_messages_cpp
[35m[1mScanning dependencies of target visualization_msgs_generate_messages_nodejs[0m
[  0%] Built target visualization_msgs_generate_messages_nodejs
[35m[1mScanning dependencies of target visualization_msgs_generate_messages_py[0m
[  0%] Built target visualization_msgs_generate_messages_py
[35m[1mScanning dependencies of target actionlib_generate_messages_py[0m
[  0%] Built target actionlib_generate_messages_py
[35m[1mScanning dependencies of target dynamic_reconfigure_generate_messages_py[0m
[  0%] Built target dynamic_reconfigure_generate_messages_py
[35m[1mScanning dependencies of target vector_map_msgs_generate_messages_cpp[0m
[  0%] Built target vector_map_msgs_generate_messages_cpp
[35m[1mScanning dependencies of target tf_generate_messages_cpp[0m
[  0%] Built target tf_generate_messages_cpp
[35m[1mScanning dependencies of target vector_map_msgs_generate_messages_eus[0m
[  0%] Built target vector_map_msgs_generate_messages_eus
[35m[1mScanning dependencies of target nodelet_generate_messages_lisp[0m
[  0%] Built target nodelet_generate_messages_lisp
[35m[1mScanning dependencies of target vector_map_msgs_generate_messages_py[0m
[  0%] Built target vector_map_msgs_generate_messages_py
[35m[1mScanning dependencies of target dynamic_reconfigure_generate_messages_cpp[0m
[  0%] Built target dynamic_reconfigure_generate_messages_cpp
[35m[1mScanning dependencies of target dynamic_reconfigure_generate_messages_lisp[0m
[  0%] Built target dynamic_reconfigure_generate_messages_lisp
[35m[1mScanning dependencies of target autoware_config_msgs_generate_messages_cpp[0m
[  0%] Built target autoware_config_msgs_generate_messages_cpp
[35m[1mScanning dependencies of target vector_map_msgs_generate_messages_nodejs[0m
[  0%] Built target vector_map_msgs_generate_messages_nodejs
[35m[1mScanning dependencies of target dynamic_reconfigure_gencfg[0m
[  0%] Built target dynamic_reconfigure_gencfg
[35m[1mScanning dependencies of target nodelet_generate_messages_nodejs[0m
[  0%] Built target nodelet_generate_messages_nodejs
[35m[1mScanning dependencies of target autoware_system_msgs_generate_messages_py[0m
[  0%] Built target autoware_system_msgs_generate_messages_py
[35m[1mScanning dependencies of target bond_generate_messages_cpp[0m
[  0%] Built target bond_generate_messages_cpp
[35m[1mScanning dependencies of target bond_generate_messages_lisp[0m
[  0%] Built target bond_generate_messages_lisp
[35m[1mScanning dependencies of target nodelet_generate_messages_eus[0m
[  0%] Built target nodelet_generate_messages_eus
[35m[1mScanning dependencies of target topic_tools_generate_messages_cpp[0m
[  0%] Built target topic_tools_generate_messages_cpp
[35m[1mScanning dependencies of target topic_tools_generate_messages_eus[0m
[  0%] Built target topic_tools_generate_messages_eus
[35m[1mScanning dependencies of target nodelet_topic_tools_gencfg[0m
[  0%] Built target nodelet_topic_tools_gencfg
[35m[1mScanning dependencies of target autoware_msgs_generate_messages_nodejs[0m
[  0%] Built target autoware_msgs_generate_messages_nodejs
[35m[1mScanning dependencies of target std_srvs_generate_messages_cpp[0m
[  0%] Built target std_srvs_generate_messages_cpp
[35m[1mScanning dependencies of target pcl_msgs_generate_messages_cpp[0m
[  0%] Built target pcl_msgs_generate_messages_cpp
[35m[1mScanning dependencies of target pcl_msgs_generate_messages_lisp[0m
[  0%] Built target pcl_msgs_generate_messages_lisp
[35m[1mScanning dependencies of target visualization_msgs_generate_messages_eus[0m
[  0%] Built target visualization_msgs_generate_messages_eus
[35m[1mScanning dependencies of target bond_generate_messages_nodejs[0m
[  0%] Built target bond_generate_messages_nodejs
[35m[1mScanning dependencies of target dynamic_reconfigure_generate_messages_eus[0m
[  0%] Built target dynamic_reconfigure_generate_messages_eus
[35m[1mScanning dependencies of target pcl_msgs_generate_messages_py[0m
[  0%] Built target pcl_msgs_generate_messages_py
[35m[1mScanning dependencies of target topic_tools_generate_messages_lisp[0m
[  0%] Built target topic_tools_generate_messages_lisp
[35m[1mScanning dependencies of target sensor_msgs_generate_messages_lisp[0m
[  0%] Built target sensor_msgs_generate_messages_lisp
[35m[1mScanning dependencies of target topic_tools_generate_messages_nodejs[0m
[  0%] Built target topic_tools_generate_messages_nodejs
[35m[1mScanning dependencies of target bond_generate_messages_py[0m
[  0%] Built target bond_generate_messages_py
[35m[1mScanning dependencies of target libtraj_gen[0m
[  9%] [32mBuilding CXX object CMakeFiles/libtraj_gen.dir/lib/libtraj_gen.cpp.o[0m
[ 18%] [32m[1mLinking CXX shared library devel/lib/liblibtraj_gen.so[0m
[ 18%] Built target libtraj_gen
[35m[1mScanning dependencies of target tablet_socket_msgs_generate_messages_nodejs[0m
[ 18%] Built target tablet_socket_msgs_generate_messages_nodejs
[35m[1mScanning dependencies of target autoware_system_msgs_generate_messages_cpp[0m
[ 18%] Built target autoware_system_msgs_generate_messages_cpp
[35m[1mScanning dependencies of target autoware_system_msgs_generate_messages_nodejs[0m
[ 18%] Built target autoware_system_msgs_generate_messages_nodejs
[35m[1mScanning dependencies of target autoware_can_msgs_generate_messages_eus[0m
[ 18%] Built target autoware_can_msgs_generate_messages_eus
[35m[1mScanning dependencies of target autoware_can_msgs_generate_messages_lisp[0m
[ 18%] Built target autoware_can_msgs_generate_messages_lisp
[35m[1mScanning dependencies of target autoware_can_msgs_generate_messages_nodejs[0m
[ 18%] Built target autoware_can_msgs_generate_messages_nodejs
[35m[1mScanning dependencies of target lattice_velocity_set[0m
[ 27%] [32mBuilding CXX object CMakeFiles/lattice_velocity_set.dir/nodes/lattice_velocity_set/lattice_velocity_set.cpp.o[0m
[ 36%] [32mBuilding CXX object CMakeFiles/lattice_velocity_set.dir/nodes/lattice_velocity_set/libvelocity_set.cpp.o[0m
[ 45%] [32m[1mLinking CXX executable devel/lib/lattice_planner/lattice_velocity_set[0m
[ 45%] Built target lattice_velocity_set
[35m[1mScanning dependencies of target path_select[0m
[ 54%] [32mBuilding CXX object CMakeFiles/path_select.dir/nodes/path_select/path_select.cpp.o[0m
[ 63%] [32m[1mLinking CXX executable devel/lib/lattice_planner/path_select[0m
[ 63%] Built target path_select
[35m[1mScanning dependencies of target lattice_trajectory_gen[0m
[ 72%] [32mBuilding CXX object CMakeFiles/lattice_trajectory_gen.dir/nodes/lattice_trajectory_gen/lattice_trajectory_gen.cpp.o[0m
[ 81%] [32m[1mLinking CXX executable devel/lib/lattice_planner/lattice_trajectory_gen[0m
[ 81%] Built target lattice_trajectory_gen
[35m[1mScanning dependencies of target lattice_twist_convert[0m
[ 90%] [32mBuilding CXX object CMakeFiles/lattice_twist_convert.dir/nodes/lattice_twist_convert/lattice_twist_convert.cpp.o[0m
[100%] [32m[1mLinking CXX executable devel/lib/lattice_planner/lattice_twist_convert[0m
[100%] Built target lattice_twist_convert
Invoked command in '/home/daisuke/Autoware/ros/build/lattice_planner' returned '0': CMAKE_PREFIX_PATH=/home/daisuke/Autoware/ros/install/astar_planner:/home/daisuke/Autoware/ros/install/waypoint_follower:/home/daisuke/Autoware/ros/install/vector_map:/home/daisuke/Autoware/ros/install/vector_map_msgs:/home/daisuke/Autoware/ros/install/autoware_health_checker:/home/daisuke/Autoware/ros/install/tablet_socket_msgs:/home/daisuke/Autoware/ros/install/gnss:/home/daisuke/Autoware/ros/install/autoware_system_msgs:/home/daisuke/Autoware/ros/install/autoware_msgs:/home/daisuke/Autoware/ros/install/autoware_config_msgs:/home/daisuke/Autoware/ros/install/autoware_can_msgs:/home/daisuke/Autoware/ros/install/autoware_build_flags:${CMAKE_PREFIX_PATH} LD_LIBRARY_PATH=/home/daisuke/Autoware/ros/install/waypoint_follower/lib:/home/daisuke/Autoware/ros/install/vector_map/lib:/home/daisuke/Autoware/ros/install/autoware_health_checker/lib:/home/daisuke/Autoware/ros/install/gnss/lib:${LD_LIBRARY_PATH} PKG_CONFIG_PATH=/home/daisuke/Autoware/ros/install/astar_planner/lib/pkgconfig:/home/daisuke/Autoware/ros/install/waypoint_follower/lib/pkgconfig:/home/daisuke/Autoware/ros/install/vector_map/lib/pkgconfig:/home/daisuke/Autoware/ros/install/vector_map_msgs/lib/pkgconfig:/home/daisuke/Autoware/ros/install/autoware_health_checker/lib/pkgconfig:/home/daisuke/Autoware/ros/install/tablet_socket_msgs/lib/pkgconfig:/home/daisuke/Autoware/ros/install/gnss/lib/pkgconfig:/home/daisuke/Autoware/ros/install/autoware_system_msgs/lib/pkgconfig:/home/daisuke/Autoware/ros/install/autoware_msgs/lib/pkgconfig:/home/daisuke/Autoware/ros/install/autoware_config_msgs/lib/pkgconfig:/home/daisuke/Autoware/ros/install/autoware_can_msgs/lib/pkgconfig:/home/daisuke/Autoware/ros/install/autoware_build_flags/lib/pkgconfig:${PKG_CONFIG_PATH} PYTHONPATH=/home/daisuke/Autoware/ros/install/vector_map_msgs/lib/python2.7/dist-packages:/home/daisuke/Autoware/ros/install/tablet_socket_msgs/lib/python2.7/dist-packages:/home/daisuke/Autoware/ros/install/autoware_system_msgs/lib/python2.7/dist-packages:/home/daisuke/Autoware/ros/install/autoware_msgs/lib/python2.7/dist-packages:/home/daisuke/Autoware/ros/install/autoware_config_msgs/lib/python2.7/dist-packages:/home/daisuke/Autoware/ros/install/autoware_can_msgs/lib/python2.7/dist-packages:${PYTHONPATH} ROS_PACKAGE_PATH=/home/daisuke/Autoware/ros/install/astar_planner/share:/home/daisuke/Autoware/ros/install/waypoint_follower/share:/home/daisuke/Autoware/ros/install/vector_map/share:/home/daisuke/Autoware/ros/install/vector_map_msgs/share:/home/daisuke/Autoware/ros/install/autoware_health_checker/share:/home/daisuke/Autoware/ros/install/tablet_socket_msgs/share:/home/daisuke/Autoware/ros/install/gnss/share:/home/daisuke/Autoware/ros/install/autoware_system_msgs/share:/home/daisuke/Autoware/ros/install/autoware_msgs/share:/home/daisuke/Autoware/ros/install/autoware_config_msgs/share:/home/daisuke/Autoware/ros/install/autoware_can_msgs/share:/home/daisuke/Autoware/ros/install/autoware_build_flags/share:${ROS_PACKAGE_PATH} /usr/bin/cmake --build /home/daisuke/Autoware/ros/build/lattice_planner -- -j8 -l8
Invoking command in '/home/daisuke/Autoware/ros/build/lattice_planner': CMAKE_PREFIX_PATH=/home/daisuke/Autoware/ros/install/astar_planner:/home/daisuke/Autoware/ros/install/waypoint_follower:/home/daisuke/Autoware/ros/install/vector_map:/home/daisuke/Autoware/ros/install/vector_map_msgs:/home/daisuke/Autoware/ros/install/autoware_health_checker:/home/daisuke/Autoware/ros/install/tablet_socket_msgs:/home/daisuke/Autoware/ros/install/gnss:/home/daisuke/Autoware/ros/install/autoware_system_msgs:/home/daisuke/Autoware/ros/install/autoware_msgs:/home/daisuke/Autoware/ros/install/autoware_config_msgs:/home/daisuke/Autoware/ros/install/autoware_can_msgs:/home/daisuke/Autoware/ros/install/autoware_build_flags:${CMAKE_PREFIX_PATH} LD_LIBRARY_PATH=/home/daisuke/Autoware/ros/install/waypoint_follower/lib:/home/daisuke/Autoware/ros/install/vector_map/lib:/home/daisuke/Autoware/ros/install/autoware_health_checker/lib:/home/daisuke/Autoware/ros/install/gnss/lib:${LD_LIBRARY_PATH} PKG_CONFIG_PATH=/home/daisuke/Autoware/ros/install/astar_planner/lib/pkgconfig:/home/daisuke/Autoware/ros/install/waypoint_follower/lib/pkgconfig:/home/daisuke/Autoware/ros/install/vector_map/lib/pkgconfig:/home/daisuke/Autoware/ros/install/vector_map_msgs/lib/pkgconfig:/home/daisuke/Autoware/ros/install/autoware_health_checker/lib/pkgconfig:/home/daisuke/Autoware/ros/install/tablet_socket_msgs/lib/pkgconfig:/home/daisuke/Autoware/ros/install/gnss/lib/pkgconfig:/home/daisuke/Autoware/ros/install/autoware_system_msgs/lib/pkgconfig:/home/daisuke/Autoware/ros/install/autoware_msgs/lib/pkgconfig:/home/daisuke/Autoware/ros/install/autoware_config_msgs/lib/pkgconfig:/home/daisuke/Autoware/ros/install/autoware_can_msgs/lib/pkgconfig:/home/daisuke/Autoware/ros/install/autoware_build_flags/lib/pkgconfig:${PKG_CONFIG_PATH} PYTHONPATH=/home/daisuke/Autoware/ros/install/vector_map_msgs/lib/python2.7/dist-packages:/home/daisuke/Autoware/ros/install/tablet_socket_msgs/lib/python2.7/dist-packages:/home/daisuke/Autoware/ros/install/autoware_system_msgs/lib/python2.7/dist-packages:/home/daisuke/Autoware/ros/install/autoware_msgs/lib/python2.7/dist-packages:/home/daisuke/Autoware/ros/install/autoware_config_msgs/lib/python2.7/dist-packages:/home/daisuke/Autoware/ros/install/autoware_can_msgs/lib/python2.7/dist-packages:${PYTHONPATH} ROS_PACKAGE_PATH=/home/daisuke/Autoware/ros/install/astar_planner/share:/home/daisuke/Autoware/ros/install/waypoint_follower/share:/home/daisuke/Autoware/ros/install/vector_map/share:/home/daisuke/Autoware/ros/install/vector_map_msgs/share:/home/daisuke/Autoware/ros/install/autoware_health_checker/share:/home/daisuke/Autoware/ros/install/tablet_socket_msgs/share:/home/daisuke/Autoware/ros/install/gnss/share:/home/daisuke/Autoware/ros/install/autoware_system_msgs/share:/home/daisuke/Autoware/ros/install/autoware_msgs/share:/home/daisuke/Autoware/ros/install/autoware_config_msgs/share:/home/daisuke/Autoware/ros/install/autoware_can_msgs/share:/home/daisuke/Autoware/ros/install/autoware_build_flags/share:${ROS_PACKAGE_PATH} /usr/bin/cmake --build /home/daisuke/Autoware/ros/build/lattice_planner --target tests -- -j8 -l8
[35m[1mScanning dependencies of target tests[0m
Built target tests
Invoked command in '/home/daisuke/Autoware/ros/build/lattice_planner' returned '0': CMAKE_PREFIX_PATH=/home/daisuke/Autoware/ros/install/astar_planner:/home/daisuke/Autoware/ros/install/waypoint_follower:/home/daisuke/Autoware/ros/install/vector_map:/home/daisuke/Autoware/ros/install/vector_map_msgs:/home/daisuke/Autoware/ros/install/autoware_health_checker:/home/daisuke/Autoware/ros/install/tablet_socket_msgs:/home/daisuke/Autoware/ros/install/gnss:/home/daisuke/Autoware/ros/install/autoware_system_msgs:/home/daisuke/Autoware/ros/install/autoware_msgs:/home/daisuke/Autoware/ros/install/autoware_config_msgs:/home/daisuke/Autoware/ros/install/autoware_can_msgs:/home/daisuke/Autoware/ros/install/autoware_build_flags:${CMAKE_PREFIX_PATH} LD_LIBRARY_PATH=/home/daisuke/Autoware/ros/install/waypoint_follower/lib:/home/daisuke/Autoware/ros/install/vector_map/lib:/home/daisuke/Autoware/ros/install/autoware_health_checker/lib:/home/daisuke/Autoware/ros/install/gnss/lib:${LD_LIBRARY_PATH} PKG_CONFIG_PATH=/home/daisuke/Autoware/ros/install/astar_planner/lib/pkgconfig:/home/daisuke/Autoware/ros/install/waypoint_follower/lib/pkgconfig:/home/daisuke/Autoware/ros/install/vector_map/lib/pkgconfig:/home/daisuke/Autoware/ros/install/vector_map_msgs/lib/pkgconfig:/home/daisuke/Autoware/ros/install/autoware_health_checker/lib/pkgconfig:/home/daisuke/Autoware/ros/install/tablet_socket_msgs/lib/pkgconfig:/home/daisuke/Autoware/ros/install/gnss/lib/pkgconfig:/home/daisuke/Autoware/ros/install/autoware_system_msgs/lib/pkgconfig:/home/daisuke/Autoware/ros/install/autoware_msgs/lib/pkgconfig:/home/daisuke/Autoware/ros/install/autoware_config_msgs/lib/pkgconfig:/home/daisuke/Autoware/ros/install/autoware_can_msgs/lib/pkgconfig:/home/daisuke/Autoware/ros/install/autoware_build_flags/lib/pkgconfig:${PKG_CONFIG_PATH} PYTHONPATH=/home/daisuke/Autoware/ros/install/vector_map_msgs/lib/python2.7/dist-packages:/home/daisuke/Autoware/ros/install/tablet_socket_msgs/lib/python2.7/dist-packages:/home/daisuke/Autoware/ros/install/autoware_system_msgs/lib/python2.7/dist-packages:/home/daisuke/Autoware/ros/install/autoware_msgs/lib/python2.7/dist-packages:/home/daisuke/Autoware/ros/install/autoware_config_msgs/lib/python2.7/dist-packages:/home/daisuke/Autoware/ros/install/autoware_can_msgs/lib/python2.7/dist-packages:${PYTHONPATH} ROS_PACKAGE_PATH=/home/daisuke/Autoware/ros/install/astar_planner/share:/home/daisuke/Autoware/ros/install/waypoint_follower/share:/home/daisuke/Autoware/ros/install/vector_map/share:/home/daisuke/Autoware/ros/install/vector_map_msgs/share:/home/daisuke/Autoware/ros/install/autoware_health_checker/share:/home/daisuke/Autoware/ros/install/tablet_socket_msgs/share:/home/daisuke/Autoware/ros/install/gnss/share:/home/daisuke/Autoware/ros/install/autoware_system_msgs/share:/home/daisuke/Autoware/ros/install/autoware_msgs/share:/home/daisuke/Autoware/ros/install/autoware_config_msgs/share:/home/daisuke/Autoware/ros/install/autoware_can_msgs/share:/home/daisuke/Autoware/ros/install/autoware_build_flags/share:${ROS_PACKAGE_PATH} /usr/bin/cmake --build /home/daisuke/Autoware/ros/build/lattice_planner --target tests -- -j8 -l8
Invoking command in '/home/daisuke/Autoware/ros/build/lattice_planner': CMAKE_PREFIX_PATH=/home/daisuke/Autoware/ros/install/astar_planner:/home/daisuke/Autoware/ros/install/waypoint_follower:/home/daisuke/Autoware/ros/install/vector_map:/home/daisuke/Autoware/ros/install/vector_map_msgs:/home/daisuke/Autoware/ros/install/autoware_health_checker:/home/daisuke/Autoware/ros/install/tablet_socket_msgs:/home/daisuke/Autoware/ros/install/gnss:/home/daisuke/Autoware/ros/install/autoware_system_msgs:/home/daisuke/Autoware/ros/install/autoware_msgs:/home/daisuke/Autoware/ros/install/autoware_config_msgs:/home/daisuke/Autoware/ros/install/autoware_can_msgs:/home/daisuke/Autoware/ros/install/autoware_build_flags:${CMAKE_PREFIX_PATH} LD_LIBRARY_PATH=/home/daisuke/Autoware/ros/install/waypoint_follower/lib:/home/daisuke/Autoware/ros/install/vector_map/lib:/home/daisuke/Autoware/ros/install/autoware_health_checker/lib:/home/daisuke/Autoware/ros/install/gnss/lib:${LD_LIBRARY_PATH} PKG_CONFIG_PATH=/home/daisuke/Autoware/ros/install/astar_planner/lib/pkgconfig:/home/daisuke/Autoware/ros/install/waypoint_follower/lib/pkgconfig:/home/daisuke/Autoware/ros/install/vector_map/lib/pkgconfig:/home/daisuke/Autoware/ros/install/vector_map_msgs/lib/pkgconfig:/home/daisuke/Autoware/ros/install/autoware_health_checker/lib/pkgconfig:/home/daisuke/Autoware/ros/install/tablet_socket_msgs/lib/pkgconfig:/home/daisuke/Autoware/ros/install/gnss/lib/pkgconfig:/home/daisuke/Autoware/ros/install/autoware_system_msgs/lib/pkgconfig:/home/daisuke/Autoware/ros/install/autoware_msgs/lib/pkgconfig:/home/daisuke/Autoware/ros/install/autoware_config_msgs/lib/pkgconfig:/home/daisuke/Autoware/ros/install/autoware_can_msgs/lib/pkgconfig:/home/daisuke/Autoware/ros/install/autoware_build_flags/lib/pkgconfig:${PKG_CONFIG_PATH} PYTHONPATH=/home/daisuke/Autoware/ros/install/vector_map_msgs/lib/python2.7/dist-packages:/home/daisuke/Autoware/ros/install/tablet_socket_msgs/lib/python2.7/dist-packages:/home/daisuke/Autoware/ros/install/autoware_system_msgs/lib/python2.7/dist-packages:/home/daisuke/Autoware/ros/install/autoware_msgs/lib/python2.7/dist-packages:/home/daisuke/Autoware/ros/install/autoware_config_msgs/lib/python2.7/dist-packages:/home/daisuke/Autoware/ros/install/autoware_can_msgs/lib/python2.7/dist-packages:${PYTHONPATH} ROS_PACKAGE_PATH=/home/daisuke/Autoware/ros/install/astar_planner/share:/home/daisuke/Autoware/ros/install/waypoint_follower/share:/home/daisuke/Autoware/ros/install/vector_map/share:/home/daisuke/Autoware/ros/install/vector_map_msgs/share:/home/daisuke/Autoware/ros/install/autoware_health_checker/share:/home/daisuke/Autoware/ros/install/tablet_socket_msgs/share:/home/daisuke/Autoware/ros/install/gnss/share:/home/daisuke/Autoware/ros/install/autoware_system_msgs/share:/home/daisuke/Autoware/ros/install/autoware_msgs/share:/home/daisuke/Autoware/ros/install/autoware_config_msgs/share:/home/daisuke/Autoware/ros/install/autoware_can_msgs/share:/home/daisuke/Autoware/ros/install/autoware_build_flags/share:${ROS_PACKAGE_PATH} /usr/bin/cmake --build /home/daisuke/Autoware/ros/build/lattice_planner --target install
[  0%] Built target autoware_msgs_generate_messages_eus
[  0%] Built target autoware_can_msgs_generate_messages_nodejs
[  0%] Built target autoware_can_msgs_generate_messages_lisp
[  0%] Built target autoware_can_msgs_generate_messages_eus
[  0%] Built target autoware_system_msgs_generate_messages_nodejs
[  0%] Built target autoware_system_msgs_generate_messages_cpp
[  0%] Built target tablet_socket_msgs_generate_messages_nodejs
[  0%] Built target tablet_socket_msgs_generate_messages_lisp
[  0%] Built target tablet_socket_msgs_generate_messages_eus
[  0%] Built target tablet_socket_msgs_generate_messages_cpp
[  0%] Built target autoware_config_msgs_generate_messages_lisp
[  0%] Built target autoware_config_msgs_generate_messages_py
[  0%] Built target autoware_config_msgs_generate_messages_eus
[  0%] Built target jsk_footstep_msgs_generate_messages_py
[  0%] Built target jsk_footstep_msgs_generate_messages_nodejs
[  0%] Built target jsk_footstep_msgs_generate_messages_eus
[  0%] Built target jsk_recognition_msgs_generate_messages_py
[  0%] Built target jsk_recognition_msgs_generate_messages_nodejs
[  0%] Built target jsk_recognition_msgs_generate_messages_lisp
[  0%] Built target jsk_recognition_msgs_generate_messages_cpp
[  0%] Built target jsk_footstep_msgs_generate_messages_cpp
[  0%] Built target autoware_msgs_generate_messages_lisp
[  0%] Built target dynamic_reconfigure_generate_messages_nodejs
[  0%] Built target autoware_system_msgs_generate_messages_eus
[  0%] Built target autoware_msgs_generate_messages_py
[  0%] Built target actionlib_msgs_generate_messages_lisp
[  0%] Built target std_srvs_generate_messages_eus
[  0%] Built target vector_map_msgs_generate_messages_lisp
[  0%] Built target actionlib_msgs_generate_messages_eus
[  0%] Built target actionlib_generate_messages_lisp
[  0%] Built target autoware_msgs_generate_messages_cpp
[  0%] Built target tablet_socket_msgs_generate_messages_py
[  0%] Built target actionlib_generate_messages_nodejs
[  0%] Built target sensor_msgs_generate_messages_eus
[  0%] Built target actionlib_msgs_generate_messages_cpp
[  0%] Built target autoware_system_msgs_generate_messages_lisp
[  0%] Built target actionlib_msgs_generate_messages_nodejs
[  0%] Built target tf2_msgs_generate_messages_py
[  0%] Built target topic_tools_generate_messages_py
[  0%] Built target jsk_footstep_msgs_generate_messages_lisp
[  0%] Built target sensor_msgs_generate_messages_cpp
[  0%] Built target std_msgs_generate_messages_nodejs
[  0%] Built target std_msgs_generate_messages_py
[  0%] Built target rosgraph_msgs_generate_messages_eus
[  0%] Built target rosgraph_msgs_generate_messages_nodejs
[  0%] Built target actionlib_msgs_generate_messages_py
[  0%] Built target autoware_can_msgs_generate_messages_py
[  0%] Built target geometry_msgs_generate_messages_nodejs
[  0%] Built target geometry_msgs_generate_messages_eus
[  0%] Built target roscpp_generate_messages_cpp
[  0%] Built target nodelet_generate_messages_py
[  0%] Built target rosgraph_msgs_generate_messages_cpp
[  0%] Built target pcl_msgs_generate_messages_eus
[  0%] Built target jsk_recognition_msgs_generate_messages_eus
[  0%] Built target roscpp_generate_messages_py
[  0%] Built target std_msgs_generate_messages_cpp
[  0%] Built target sensor_msgs_generate_messages_nodejs
[  0%] Built target geometry_msgs_generate_messages_cpp
[  0%] Built target roscpp_generate_messages_eus
[  0%] Built target bond_generate_messages_eus
[  0%] Built target pcl_msgs_generate_messages_nodejs
[  0%] Built target std_srvs_generate_messages_nodejs
[  0%] Built target actionlib_generate_messages_cpp
[  0%] Built target rosgraph_msgs_generate_messages_py
[  0%] Built target tf_generate_messages_lisp
[  0%] Built target rosgraph_msgs_generate_messages_lisp
[  0%] Built target sensor_msgs_generate_messages_py
[  0%] Built target roscpp_generate_messages_nodejs
[  0%] Built target tf_generate_messages_eus
[  0%] Built target roscpp_generate_messages_lisp
[  0%] Built target tf_generate_messages_nodejs
[  0%] Built target std_srvs_generate_messages_py
[  0%] Built target geometry_msgs_generate_messages_py
[  0%] Built target geometry_msgs_generate_messages_lisp
[  0%] Built target std_srvs_generate_messages_lisp
[  0%] Built target std_msgs_generate_messages_lisp
[  0%] Built target tf_generate_messages_py
[  0%] Built target std_msgs_generate_messages_eus
[  0%] Built target actionlib_generate_messages_eus
[  0%] Built target tf2_msgs_generate_messages_cpp
[  0%] Built target pcl_ros_gencfg
[  0%] Built target tf2_msgs_generate_messages_eus
[  0%] Built target nodelet_generate_messages_cpp
[  0%] Built target tf2_msgs_generate_messages_lisp
[  0%] Built target tf2_msgs_generate_messages_nodejs
[  0%] Built target autoware_config_msgs_generate_messages_nodejs
[  0%] Built target visualization_msgs_generate_messages_cpp
[  0%] Built target visualization_msgs_generate_messages_lisp
[  0%] Built target autoware_can_msgs_generate_messages_cpp
[  0%] Built target visualization_msgs_generate_messages_nodejs
[  0%] Built target visualization_msgs_generate_messages_py
[  0%] Built target actionlib_generate_messages_py
[  0%] Built target dynamic_reconfigure_generate_messages_py
[  0%] Built target vector_map_msgs_generate_messages_cpp
[  0%] Built target tf_generate_messages_cpp
[  0%] Built target vector_map_msgs_generate_messages_eus
[  0%] Built target nodelet_generate_messages_lisp
[  0%] Built target vector_map_msgs_generate_messages_py
[  0%] Built target dynamic_reconfigure_generate_messages_cpp
[  0%] Built target dynamic_reconfigure_generate_messages_lisp
[  0%] Built target autoware_config_msgs_generate_messages_cpp
[  0%] Built target vector_map_msgs_generate_messages_nodejs
[  0%] Built target dynamic_reconfigure_gencfg
[  0%] Built target nodelet_generate_messages_nodejs
[  0%] Built target autoware_system_msgs_generate_messages_py
[  0%] Built target bond_generate_messages_cpp
[  0%] Built target bond_generate_messages_lisp
[  0%] Built target nodelet_generate_messages_eus
[  0%] Built target topic_tools_generate_messages_cpp
[  0%] Built target topic_tools_generate_messages_eus
[  0%] Built target nodelet_topic_tools_gencfg
[  0%] Built target autoware_msgs_generate_messages_nodejs
[  0%] Built target std_srvs_generate_messages_cpp
[  0%] Built target pcl_msgs_generate_messages_cpp
[  0%] Built target pcl_msgs_generate_messages_lisp
[  0%] Built target visualization_msgs_generate_messages_eus
[  0%] Built target bond_generate_messages_nodejs
[  0%] Built target dynamic_reconfigure_generate_messages_eus
[  0%] Built target pcl_msgs_generate_messages_py
[  0%] Built target topic_tools_generate_messages_lisp
[  0%] Built target sensor_msgs_generate_messages_lisp
[  0%] Built target topic_tools_generate_messages_nodejs
[  0%] Built target bond_generate_messages_py
[ 27%] Built target lattice_velocity_set
[ 45%] Built target libtraj_gen
[ 63%] Built target lattice_twist_convert
[ 81%] Built target lattice_trajectory_gen
[100%] Built target path_select
[36mInstall the project...[0m
-- Install configuration: "Release"
-- Installing: /home/daisuke/Autoware/ros/install/lattice_planner/lib/pkgconfig/lattice_planner.pc
-- Installing: /home/daisuke/Autoware/ros/install/lattice_planner/share/lattice_planner/cmake/lattice_plannerConfig.cmake
-- Installing: /home/daisuke/Autoware/ros/install/lattice_planner/share/lattice_planner/cmake/lattice_plannerConfig-version.cmake
-- Installing: /home/daisuke/Autoware/ros/install/lattice_planner/share/lattice_planner/package.xml
-- Installing: /home/daisuke/Autoware/ros/install/lattice_planner/lib/liblibtraj_gen.so
-- Set runtime path of "/home/daisuke/Autoware/ros/install/lattice_planner/lib/liblibtraj_gen.so" to ""
-- Installing: /home/daisuke/Autoware/ros/install/lattice_planner/lib/lattice_planner/lattice_trajectory_gen
-- Set runtime path of "/home/daisuke/Autoware/ros/install/lattice_planner/lib/lattice_planner/lattice_trajectory_gen" to ""
-- Installing: /home/daisuke/Autoware/ros/install/lattice_planner/lib/lattice_planner/lattice_twist_convert
-- Set runtime path of "/home/daisuke/Autoware/ros/install/lattice_planner/lib/lattice_planner/lattice_twist_convert" to ""
-- Installing: /home/daisuke/Autoware/ros/install/lattice_planner/lib/lattice_planner/lattice_velocity_set
-- Set runtime path of "/home/daisuke/Autoware/ros/install/lattice_planner/lib/lattice_planner/lattice_velocity_set" to ""
-- Installing: /home/daisuke/Autoware/ros/install/lattice_planner/lib/lattice_planner/path_select
-- Set runtime path of "/home/daisuke/Autoware/ros/install/lattice_planner/lib/lattice_planner/path_select" to ""
-- Installing: /home/daisuke/Autoware/ros/install/lattice_planner/share/lattice_planner/launch
-- Installing: /home/daisuke/Autoware/ros/install/lattice_planner/share/lattice_planner/launch/lattice_trajectory_gen.launch
-- Installing: /home/daisuke/Autoware/ros/install/lattice_planner/share/lattice_planner/launch/lattice_velocity_set.launch
Invoked command in '/home/daisuke/Autoware/ros/build/lattice_planner' returned '0': CMAKE_PREFIX_PATH=/home/daisuke/Autoware/ros/install/astar_planner:/home/daisuke/Autoware/ros/install/waypoint_follower:/home/daisuke/Autoware/ros/install/vector_map:/home/daisuke/Autoware/ros/install/vector_map_msgs:/home/daisuke/Autoware/ros/install/autoware_health_checker:/home/daisuke/Autoware/ros/install/tablet_socket_msgs:/home/daisuke/Autoware/ros/install/gnss:/home/daisuke/Autoware/ros/install/autoware_system_msgs:/home/daisuke/Autoware/ros/install/autoware_msgs:/home/daisuke/Autoware/ros/install/autoware_config_msgs:/home/daisuke/Autoware/ros/install/autoware_can_msgs:/home/daisuke/Autoware/ros/install/autoware_build_flags:${CMAKE_PREFIX_PATH} LD_LIBRARY_PATH=/home/daisuke/Autoware/ros/install/waypoint_follower/lib:/home/daisuke/Autoware/ros/install/vector_map/lib:/home/daisuke/Autoware/ros/install/autoware_health_checker/lib:/home/daisuke/Autoware/ros/install/gnss/lib:${LD_LIBRARY_PATH} PKG_CONFIG_PATH=/home/daisuke/Autoware/ros/install/astar_planner/lib/pkgconfig:/home/daisuke/Autoware/ros/install/waypoint_follower/lib/pkgconfig:/home/daisuke/Autoware/ros/install/vector_map/lib/pkgconfig:/home/daisuke/Autoware/ros/install/vector_map_msgs/lib/pkgconfig:/home/daisuke/Autoware/ros/install/autoware_health_checker/lib/pkgconfig:/home/daisuke/Autoware/ros/install/tablet_socket_msgs/lib/pkgconfig:/home/daisuke/Autoware/ros/install/gnss/lib/pkgconfig:/home/daisuke/Autoware/ros/install/autoware_system_msgs/lib/pkgconfig:/home/daisuke/Autoware/ros/install/autoware_msgs/lib/pkgconfig:/home/daisuke/Autoware/ros/install/autoware_config_msgs/lib/pkgconfig:/home/daisuke/Autoware/ros/install/autoware_can_msgs/lib/pkgconfig:/home/daisuke/Autoware/ros/install/autoware_build_flags/lib/pkgconfig:${PKG_CONFIG_PATH} PYTHONPATH=/home/daisuke/Autoware/ros/install/vector_map_msgs/lib/python2.7/dist-packages:/home/daisuke/Autoware/ros/install/tablet_socket_msgs/lib/python2.7/dist-packages:/home/daisuke/Autoware/ros/install/autoware_system_msgs/lib/python2.7/dist-packages:/home/daisuke/Autoware/ros/install/autoware_msgs/lib/python2.7/dist-packages:/home/daisuke/Autoware/ros/install/autoware_config_msgs/lib/python2.7/dist-packages:/home/daisuke/Autoware/ros/install/autoware_can_msgs/lib/python2.7/dist-packages:${PYTHONPATH} ROS_PACKAGE_PATH=/home/daisuke/Autoware/ros/install/astar_planner/share:/home/daisuke/Autoware/ros/install/waypoint_follower/share:/home/daisuke/Autoware/ros/install/vector_map/share:/home/daisuke/Autoware/ros/install/vector_map_msgs/share:/home/daisuke/Autoware/ros/install/autoware_health_checker/share:/home/daisuke/Autoware/ros/install/tablet_socket_msgs/share:/home/daisuke/Autoware/ros/install/gnss/share:/home/daisuke/Autoware/ros/install/autoware_system_msgs/share:/home/daisuke/Autoware/ros/install/autoware_msgs/share:/home/daisuke/Autoware/ros/install/autoware_config_msgs/share:/home/daisuke/Autoware/ros/install/autoware_can_msgs/share:/home/daisuke/Autoware/ros/install/autoware_build_flags/share:${ROS_PACKAGE_PATH} /usr/bin/cmake --build /home/daisuke/Autoware/ros/build/lattice_planner --target install
