-- The C compiler identification is GNU 5.4.0
-- The CXX compiler identification is GNU 5.4.0
-- Check for working C compiler: /usr/bin/cc
-- Check for working C compiler: /usr/bin/cc -- works
-- Detecting C compiler ABI info
-- Detecting C compiler ABI info - done
-- Detecting C compile features
-- Detecting C compile features - done
-- Check for working CXX compiler: /usr/bin/c++
-- Check for working CXX compiler: /usr/bin/c++ -- works
-- Detecting CXX compiler ABI info
-- Detecting CXX compiler ABI info - done
-- Detecting CXX compile features
-- Detecting CXX compile features - done
-- Using CATKIN_DEVEL_PREFIX: /home/daisuke/Autoware/ros/build/op_ros_helpers/devel
-- Using CMAKE_PREFIX_PATH: /home/daisuke/Autoware/ros/install/op_simu;/home/daisuke/Autoware/ros/install/op_planner;/home/daisuke/Autoware/ros/install/op_utility;/home/daisuke/Autoware/ros/install/vector_map_server;/home/daisuke/Autoware/ros/install/map_file;/home/daisuke/Autoware/ros/install/waypoint_follower;/home/daisuke/Autoware/ros/install/vector_map;/home/daisuke/Autoware/ros/install/vector_map_msgs;/home/daisuke/Autoware/ros/install/autoware_health_checker;/home/daisuke/Autoware/ros/install/tablet_socket_msgs;/home/daisuke/Autoware/ros/install/autoware_system_msgs;/home/daisuke/Autoware/ros/install/autoware_msgs;/home/daisuke/Autoware/ros/install/autoware_config_msgs;/home/daisuke/Autoware/ros/install/autoware_build_flags;/home/daisuke/Autoware/ros/devel;/opt/ros/kinetic
-- This workspace overlays: /home/daisuke/Autoware/ros/install/op_simu;/home/daisuke/Autoware/ros/install/op_planner;/home/daisuke/Autoware/ros/install/op_utility;/home/daisuke/Autoware/ros/install/vector_map_server;/home/daisuke/Autoware/ros/install/map_file;/home/daisuke/Autoware/ros/install/waypoint_follower;/home/daisuke/Autoware/ros/install/vector_map;/home/daisuke/Autoware/ros/install/vector_map_msgs;/home/daisuke/Autoware/ros/install/autoware_health_checker;/home/daisuke/Autoware/ros/install/tablet_socket_msgs;/home/daisuke/Autoware/ros/install/autoware_system_msgs;/home/daisuke/Autoware/ros/install/autoware_msgs;/home/daisuke/Autoware/ros/install/autoware_config_msgs;/home/daisuke/Autoware/ros/install/autoware_build_flags;/opt/ros/kinetic
-- Found PythonInterp: /home/daisuke/pyenv/shims/python (found version "2.7.12") 
-- Using PYTHON_EXECUTABLE: /home/daisuke/pyenv/shims/python
-- Using Debian Python package layout
-- Using empy: /usr/bin/empy
-- Using CATKIN_ENABLE_TESTING: ON
-- Call enable_testing()
-- Using CATKIN_TEST_RESULTS_DIR: /home/daisuke/Autoware/ros/build/op_ros_helpers/test_results
-- Found gmock sources under '/usr/src/gmock': gmock will be built
-- Looking for pthread.h
-- Looking for pthread.h - found
-- Looking for pthread_create
-- Looking for pthread_create - not found
-- Looking for pthread_create in pthreads
-- Looking for pthread_create in pthreads - not found
-- Looking for pthread_create in pthread
-- Looking for pthread_create in pthread - found
-- Found Threads: TRUE  
-- Found gtest sources under '/usr/src/gmock': gtests will be built
-- Using Python nosetests: /usr/bin/nosetests-2.7
-- catkin 0.7.14
-- Using these message generators: gencpp;geneus;genlisp;gennodejs;genpy
-- Configuring done
-- Generating done
-- Build files have been written to: /home/daisuke/Autoware/ros/build/op_ros_helpers
[35m[1mScanning dependencies of target op_ros_helpers[0m
[ 33%] [32mBuilding CXX object CMakeFiles/op_ros_helpers.dir/src/PolygonGenerator.cpp.o[0m
[ 66%] [32mBuilding CXX object CMakeFiles/op_ros_helpers.dir/src/op_ROSHelpers.cpp.o[0m
[100%] [32m[1mLinking CXX shared library devel/lib/libop_ros_helpers.so[0m
[100%] Built target op_ros_helpers
[35m[1mScanning dependencies of target tests[0m
Built target tests
[100%] Built target op_ros_helpers
[36mInstall the project...[0m
-- Install configuration: "Release"
-- Installing: /home/daisuke/Autoware/ros/install/op_ros_helpers/lib/pkgconfig/op_ros_helpers.pc
-- Installing: /home/daisuke/Autoware/ros/install/op_ros_helpers/share/op_ros_helpers/cmake/op_ros_helpersConfig.cmake
-- Installing: /home/daisuke/Autoware/ros/install/op_ros_helpers/share/op_ros_helpers/cmake/op_ros_helpersConfig-version.cmake
-- Installing: /home/daisuke/Autoware/ros/install/op_ros_helpers/share/op_ros_helpers/package.xml
-- Installing: /home/daisuke/Autoware/ros/install/op_ros_helpers/include/op_ros_helpers
-- Installing: /home/daisuke/Autoware/ros/install/op_ros_helpers/include/op_ros_helpers/op_ROSHelpers.h
-- Installing: /home/daisuke/Autoware/ros/install/op_ros_helpers/include/op_ros_helpers/PolygonGenerator.h
-- Installing: /home/daisuke/Autoware/ros/install/op_ros_helpers/lib/libop_ros_helpers.so
-- Set runtime path of "/home/daisuke/Autoware/ros/install/op_ros_helpers/lib/libop_ros_helpers.so" to ""
