Invoking command in '/home/daisuke/Autoware/ros/build/vehicle_gazebo_simulation_launcher': /usr/bin/cmake /home/daisuke/Autoware/ros/src/simulation/gazebo_simulator/launcher/vehicle_gazebo_simulation_launcher -DCATKIN_INSTALL_INTO_PREFIX_ROOT=0 -DCMAKE_INSTALL_PREFIX=/home/daisuke/Autoware/ros/install/vehicle_gazebo_simulation_launcher
-- Using CATKIN_DEVEL_PREFIX: /home/daisuke/Autoware/ros/build/vehicle_gazebo_simulation_launcher/devel
-- Using CMAKE_PREFIX_PATH: /home/daisuke/Autoware/ros/devel;/opt/ros/kinetic
-- This workspace overlays: /opt/ros/kinetic
-- Using PYTHON_EXECUTABLE: /home/daisuke/pyenv/shims/python
-- Using Debian Python package layout
-- Using empy: /usr/bin/empy
-- Using CATKIN_ENABLE_TESTING: ON
-- Call enable_testing()
-- Using CATKIN_TEST_RESULTS_DIR: /home/daisuke/Autoware/ros/build/vehicle_gazebo_simulation_launcher/test_results
-- Found gmock sources under '/usr/src/gmock': gmock will be built
-- Found gtest sources under '/usr/src/gmock': gtests will be built
-- Using Python nosetests: /usr/bin/nosetests-2.7
-- catkin 0.7.14
-- Using these message generators: gencpp;geneus;genlisp;gennodejs;genpy
-- Configuring done
-- Generating done
-- Build files have been written to: /home/daisuke/Autoware/ros/build/vehicle_gazebo_simulation_launcher
Invoked command in '/home/daisuke/Autoware/ros/build/vehicle_gazebo_simulation_launcher' returned '0': /usr/bin/cmake /home/daisuke/Autoware/ros/src/simulation/gazebo_simulator/launcher/vehicle_gazebo_simulation_launcher -DCATKIN_INSTALL_INTO_PREFIX_ROOT=0 -DCMAKE_INSTALL_PREFIX=/home/daisuke/Autoware/ros/install/vehicle_gazebo_simulation_launcher
Invoking command in '/home/daisuke/Autoware/ros/build/vehicle_gazebo_simulation_launcher': /usr/bin/cmake --build /home/daisuke/Autoware/ros/build/vehicle_gazebo_simulation_launcher -- -j8 -l8
Invoked command in '/home/daisuke/Autoware/ros/build/vehicle_gazebo_simulation_launcher' returned '0': /usr/bin/cmake --build /home/daisuke/Autoware/ros/build/vehicle_gazebo_simulation_launcher -- -j8 -l8
Invoking command in '/home/daisuke/Autoware/ros/build/vehicle_gazebo_simulation_launcher': /usr/bin/cmake --build /home/daisuke/Autoware/ros/build/vehicle_gazebo_simulation_launcher --target tests -- -j8 -l8
Built target tests
Invoked command in '/home/daisuke/Autoware/ros/build/vehicle_gazebo_simulation_launcher' returned '0': /usr/bin/cmake --build /home/daisuke/Autoware/ros/build/vehicle_gazebo_simulation_launcher --target tests -- -j8 -l8
Invoking command in '/home/daisuke/Autoware/ros/build/vehicle_gazebo_simulation_launcher': /usr/bin/cmake --build /home/daisuke/Autoware/ros/build/vehicle_gazebo_simulation_launcher --target install
[36mInstall the project...[0m
-- Install configuration: "Release"
-- Installing: /home/daisuke/Autoware/ros/install/vehicle_gazebo_simulation_launcher/lib/pkgconfig/vehicle_gazebo_simulation_launcher.pc
-- Up-to-date: /home/daisuke/Autoware/ros/install/vehicle_gazebo_simulation_launcher/share/vehicle_gazebo_simulation_launcher/cmake/vehicle_gazebo_simulation_launcherConfig.cmake
-- Up-to-date: /home/daisuke/Autoware/ros/install/vehicle_gazebo_simulation_launcher/share/vehicle_gazebo_simulation_launcher/cmake/vehicle_gazebo_simulation_launcherConfig-version.cmake
-- Up-to-date: /home/daisuke/Autoware/ros/install/vehicle_gazebo_simulation_launcher/share/vehicle_gazebo_simulation_launcher/package.xml
-- Up-to-date: /home/daisuke/Autoware/ros/install/vehicle_gazebo_simulation_launcher/share/vehicle_gazebo_simulation_launcher/launch
-- Up-to-date: /home/daisuke/Autoware/ros/install/vehicle_gazebo_simulation_launcher/share/vehicle_gazebo_simulation_launcher/launch/gazebo_launcher.launch
-- Up-to-date: /home/daisuke/Autoware/ros/install/vehicle_gazebo_simulation_launcher/share/vehicle_gazebo_simulation_launcher/launch/world_test.launch
-- Up-to-date: /home/daisuke/Autoware/ros/install/vehicle_gazebo_simulation_launcher/share/vehicle_gazebo_simulation_launcher/launch/rviz_test.launch
-- Up-to-date: /home/daisuke/Autoware/ros/install/vehicle_gazebo_simulation_launcher/share/vehicle_gazebo_simulation_launcher/scripts
-- Up-to-date: /home/daisuke/Autoware/ros/install/vehicle_gazebo_simulation_launcher/share/vehicle_gazebo_simulation_launcher/scripts/download_model.sh
-- Up-to-date: /home/daisuke/Autoware/ros/install/vehicle_gazebo_simulation_launcher/share/vehicle_gazebo_simulation_launcher/scripts/setup.sh
-- Up-to-date: /home/daisuke/Autoware/ros/install/vehicle_gazebo_simulation_launcher/share/vehicle_gazebo_simulation_launcher/scripts/upgrade_gazebo_stable_version.sh
-- Up-to-date: /home/daisuke/Autoware/ros/install/vehicle_gazebo_simulation_launcher/share/vehicle_gazebo_simulation_launcher/scripts/integrate_world_files.sh
Invoked command in '/home/daisuke/Autoware/ros/build/vehicle_gazebo_simulation_launcher' returned '0': /usr/bin/cmake --build /home/daisuke/Autoware/ros/build/vehicle_gazebo_simulation_launcher --target install
