Invoking command in '/home/daisuke/Autoware/ros/build/map_tools': CMAKE_PREFIX_PATH=/home/daisuke/Autoware/ros/install/autoware_build_flags:${CMAKE_PREFIX_PATH} PKG_CONFIG_PATH=/home/daisuke/Autoware/ros/install/autoware_build_flags/lib/pkgconfig:${PKG_CONFIG_PATH} ROS_PACKAGE_PATH=/home/daisuke/Autoware/ros/install/autoware_build_flags/share:${ROS_PACKAGE_PATH} /usr/bin/cmake /home/daisuke/Autoware/ros/src/util/packages/map_tools -DCATKIN_INSTALL_INTO_PREFIX_ROOT=0 -DCMAKE_INSTALL_PREFIX=/home/daisuke/Autoware/ros/install/map_tools
-- Using CATKIN_DEVEL_PREFIX: /home/daisuke/Autoware/ros/build/map_tools/devel
-- Using CMAKE_PREFIX_PATH: /home/daisuke/Autoware/ros/install/autoware_build_flags;/home/daisuke/Autoware/ros/devel;/opt/ros/kinetic
-- This workspace overlays: /home/daisuke/Autoware/ros/install/autoware_build_flags;/opt/ros/kinetic
-- Using PYTHON_EXECUTABLE: /home/daisuke/pyenv/shims/python
-- Using Debian Python package layout
-- Using empy: /usr/bin/empy
-- Using CATKIN_ENABLE_TESTING: ON
-- Call enable_testing()
-- Using CATKIN_TEST_RESULTS_DIR: /home/daisuke/Autoware/ros/build/map_tools/test_results
-- Found gmock sources under '/usr/src/gmock': gmock will be built
-- Found gtest sources under '/usr/src/gmock': gtests will be built
-- Using Python nosetests: /usr/bin/nosetests-2.7
-- catkin 0.7.14
-- Using these message generators: gencpp;geneus;genlisp;gennodejs;genpy
-- Configuring done
-- Generating done
-- Build files have been written to: /home/daisuke/Autoware/ros/build/map_tools
Invoked command in '/home/daisuke/Autoware/ros/build/map_tools' returned '0': CMAKE_PREFIX_PATH=/home/daisuke/Autoware/ros/install/autoware_build_flags:${CMAKE_PREFIX_PATH} PKG_CONFIG_PATH=/home/daisuke/Autoware/ros/install/autoware_build_flags/lib/pkgconfig:${PKG_CONFIG_PATH} ROS_PACKAGE_PATH=/home/daisuke/Autoware/ros/install/autoware_build_flags/share:${ROS_PACKAGE_PATH} /usr/bin/cmake /home/daisuke/Autoware/ros/src/util/packages/map_tools -DCATKIN_INSTALL_INTO_PREFIX_ROOT=0 -DCMAKE_INSTALL_PREFIX=/home/daisuke/Autoware/ros/install/map_tools
Invoking command in '/home/daisuke/Autoware/ros/build/map_tools': CMAKE_PREFIX_PATH=/home/daisuke/Autoware/ros/install/autoware_build_flags:${CMAKE_PREFIX_PATH} PKG_CONFIG_PATH=/home/daisuke/Autoware/ros/install/autoware_build_flags/lib/pkgconfig:${PKG_CONFIG_PATH} ROS_PACKAGE_PATH=/home/daisuke/Autoware/ros/install/autoware_build_flags/share:${ROS_PACKAGE_PATH} /usr/bin/cmake --build /home/daisuke/Autoware/ros/build/map_tools -- -j8 -l8
[ 14%] Built target csv2pcd
[ 28%] Built target pcd_binarizer
[ 42%] Built target pcd2csv
[ 57%] Built target pcd_grid_divider
[ 71%] Built target pcd_filter
[ 85%] Built target map_extender
[100%] Built target pcd_arealist
Invoked command in '/home/daisuke/Autoware/ros/build/map_tools' returned '0': CMAKE_PREFIX_PATH=/home/daisuke/Autoware/ros/install/autoware_build_flags:${CMAKE_PREFIX_PATH} PKG_CONFIG_PATH=/home/daisuke/Autoware/ros/install/autoware_build_flags/lib/pkgconfig:${PKG_CONFIG_PATH} ROS_PACKAGE_PATH=/home/daisuke/Autoware/ros/install/autoware_build_flags/share:${ROS_PACKAGE_PATH} /usr/bin/cmake --build /home/daisuke/Autoware/ros/build/map_tools -- -j8 -l8
Invoking command in '/home/daisuke/Autoware/ros/build/map_tools': CMAKE_PREFIX_PATH=/home/daisuke/Autoware/ros/install/autoware_build_flags:${CMAKE_PREFIX_PATH} PKG_CONFIG_PATH=/home/daisuke/Autoware/ros/install/autoware_build_flags/lib/pkgconfig:${PKG_CONFIG_PATH} ROS_PACKAGE_PATH=/home/daisuke/Autoware/ros/install/autoware_build_flags/share:${ROS_PACKAGE_PATH} /usr/bin/cmake --build /home/daisuke/Autoware/ros/build/map_tools --target tests -- -j8 -l8
Built target tests
Invoked command in '/home/daisuke/Autoware/ros/build/map_tools' returned '0': CMAKE_PREFIX_PATH=/home/daisuke/Autoware/ros/install/autoware_build_flags:${CMAKE_PREFIX_PATH} PKG_CONFIG_PATH=/home/daisuke/Autoware/ros/install/autoware_build_flags/lib/pkgconfig:${PKG_CONFIG_PATH} ROS_PACKAGE_PATH=/home/daisuke/Autoware/ros/install/autoware_build_flags/share:${ROS_PACKAGE_PATH} /usr/bin/cmake --build /home/daisuke/Autoware/ros/build/map_tools --target tests -- -j8 -l8
Invoking command in '/home/daisuke/Autoware/ros/build/map_tools': CMAKE_PREFIX_PATH=/home/daisuke/Autoware/ros/install/autoware_build_flags:${CMAKE_PREFIX_PATH} PKG_CONFIG_PATH=/home/daisuke/Autoware/ros/install/autoware_build_flags/lib/pkgconfig:${PKG_CONFIG_PATH} ROS_PACKAGE_PATH=/home/daisuke/Autoware/ros/install/autoware_build_flags/share:${ROS_PACKAGE_PATH} /usr/bin/cmake --build /home/daisuke/Autoware/ros/build/map_tools --target install
[ 14%] Built target pcd2csv
[ 28%] Built target pcd_binarizer
[ 42%] Built target csv2pcd
[ 57%] Built target pcd_arealist
[ 71%] Built target pcd_filter
[ 85%] Built target map_extender
[100%] Built target pcd_grid_divider
[36mInstall the project...[0m
-- Install configuration: "Release"
-- Installing: /home/daisuke/Autoware/ros/install/map_tools/lib/pkgconfig/map_tools.pc
-- Up-to-date: /home/daisuke/Autoware/ros/install/map_tools/share/map_tools/cmake/map_toolsConfig.cmake
-- Up-to-date: /home/daisuke/Autoware/ros/install/map_tools/share/map_tools/cmake/map_toolsConfig-version.cmake
-- Up-to-date: /home/daisuke/Autoware/ros/install/map_tools/share/map_tools/package.xml
-- Up-to-date: /home/daisuke/Autoware/ros/install/map_tools/lib/map_tools/pcd_filter
-- Up-to-date: /home/daisuke/Autoware/ros/install/map_tools/lib/map_tools/pcd_binarizer
-- Up-to-date: /home/daisuke/Autoware/ros/install/map_tools/lib/map_tools/pcd_arealist
-- Up-to-date: /home/daisuke/Autoware/ros/install/map_tools/lib/map_tools/csv2pcd
-- Up-to-date: /home/daisuke/Autoware/ros/install/map_tools/lib/map_tools/pcd2csv
-- Up-to-date: /home/daisuke/Autoware/ros/install/map_tools/lib/map_tools/map_extender
-- Up-to-date: /home/daisuke/Autoware/ros/install/map_tools/lib/map_tools/pcd_grid_divider
Invoked command in '/home/daisuke/Autoware/ros/build/map_tools' returned '0': CMAKE_PREFIX_PATH=/home/daisuke/Autoware/ros/install/autoware_build_flags:${CMAKE_PREFIX_PATH} PKG_CONFIG_PATH=/home/daisuke/Autoware/ros/install/autoware_build_flags/lib/pkgconfig:${PKG_CONFIG_PATH} ROS_PACKAGE_PATH=/home/daisuke/Autoware/ros/install/autoware_build_flags/share:${ROS_PACKAGE_PATH} /usr/bin/cmake --build /home/daisuke/Autoware/ros/build/map_tools --target install
