-- The C compiler identification is GNU 5.4.0
-- The CXX compiler identification is GNU 5.4.0
-- Check for working C compiler: /usr/bin/cc
-- Check for working C compiler: /usr/bin/cc -- works
-- Detecting C compiler ABI info
-- Detecting C compiler ABI info - done
-- Detecting C compile features
-- Detecting C compile features - done
-- Check for working CXX compiler: /usr/bin/c++
-- Check for working CXX compiler: /usr/bin/c++ -- works
-- Detecting CXX compiler ABI info
-- Detecting CXX compiler ABI info - done
-- Detecting CXX compile features
-- Detecting CXX compile features - done
-- Using CATKIN_DEVEL_PREFIX: /home/daisuke/Autoware/ros/build/range_vision_fusion/devel
-- Using CMAKE_PREFIX_PATH: /home/daisuke/Autoware/ros/install/autoware_msgs;/home/daisuke/Autoware/ros/install/autoware_build_flags;/home/daisuke/Autoware/ros/devel;/opt/ros/kinetic
-- This workspace overlays: /home/daisuke/Autoware/ros/install/autoware_msgs;/home/daisuke/Autoware/ros/install/autoware_build_flags;/opt/ros/kinetic
-- Found PythonInterp: /home/daisuke/pyenv/shims/python (found version "2.7.12") 
-- Using PYTHON_EXECUTABLE: /home/daisuke/pyenv/shims/python
-- Using Debian Python package layout
-- Using empy: /usr/bin/empy
-- Using CATKIN_ENABLE_TESTING: ON
-- Call enable_testing()
-- Using CATKIN_TEST_RESULTS_DIR: /home/daisuke/Autoware/ros/build/range_vision_fusion/test_results
-- Found gmock sources under '/usr/src/gmock': gmock will be built
-- Looking for pthread.h
-- Looking for pthread.h - found
-- Looking for pthread_create
-- Looking for pthread_create - not found
-- Looking for pthread_create in pthreads
-- Looking for pthread_create in pthreads - not found
-- Looking for pthread_create in pthread
-- Looking for pthread_create in pthread - found
-- Found Threads: TRUE  
-- Found gtest sources under '/usr/src/gmock': gtests will be built
-- Using Python nosetests: /usr/bin/nosetests-2.7
-- catkin 0.7.14
-- Using these message generators: gencpp;geneus;genlisp;gennodejs;genpy
-- Found OpenCV: /opt/ros/kinetic (found version "3.3.1") 
-- Found OpenGL: /usr/lib/x86_64-linux-gnu/libGL.so  
-- Found PkgConfig: /usr/bin/pkg-config (found version "0.29.1") 
-- Checking for module 'yaml-cpp'
--   Found yaml-cpp, version 0.5.2
-- Configuring done
-- Generating done
-- Build files have been written to: /home/daisuke/Autoware/ros/build/range_vision_fusion
[35m[1mScanning dependencies of target visualization_msgs_generate_messages_py[0m
[35m[1mScanning dependencies of target visualization_msgs_generate_messages_nodejs[0m
[35m[1mScanning dependencies of target visualization_msgs_generate_messages_lisp[0m
[35m[1mScanning dependencies of target jsk_topic_tools_generate_messages_nodejs[0m
[35m[1mScanning dependencies of target jsk_topic_tools_generate_messages_lisp[0m
[35m[1mScanning dependencies of target std_srvs_generate_messages_cpp[0m
[35m[1mScanning dependencies of target jsk_topic_tools_generate_messages_py[0m
[  0%] Built target jsk_topic_tools_generate_messages_nodejs
[  0%] Built target visualization_msgs_generate_messages_py
[  0%] Built target jsk_topic_tools_generate_messages_lisp
[  0%] Built target visualization_msgs_generate_messages_nodejs
[  0%] Built target std_srvs_generate_messages_cpp
[  0%] Built target visualization_msgs_generate_messages_lisp
[  0%] Built target jsk_topic_tools_generate_messages_py
[35m[1mScanning dependencies of target actionlib_msgs_generate_messages_lisp[0m
[  0%] Built target actionlib_msgs_generate_messages_lisp
[35m[1mScanning dependencies of target autoware_msgs_generate_messages_py[0m
[  0%] Built target autoware_msgs_generate_messages_py
[35m[1mScanning dependencies of target tf_generate_messages_cpp[0m
[  0%] Built target tf_generate_messages_cpp
[35m[1mScanning dependencies of target std_srvs_generate_messages_eus[0m
[  0%] Built target std_srvs_generate_messages_eus
[35m[1mScanning dependencies of target actionlib_msgs_generate_messages_eus[0m
[  0%] Built target actionlib_msgs_generate_messages_eus
[35m[1mScanning dependencies of target jsk_footstep_msgs_generate_messages_py[0m
[  0%] Built target jsk_footstep_msgs_generate_messages_py
[35m[1mScanning dependencies of target actionlib_generate_messages_lisp[0m
[  0%] Built target actionlib_generate_messages_lisp
[35m[1mScanning dependencies of target actionlib_msgs_generate_messages_cpp[0m
[  0%] Built target actionlib_msgs_generate_messages_cpp
[35m[1mScanning dependencies of target sensor_msgs_generate_messages_eus[0m
[  0%] Built target sensor_msgs_generate_messages_eus
[35m[1mScanning dependencies of target actionlib_generate_messages_nodejs[0m
[  0%] Built target actionlib_generate_messages_nodejs
[35m[1mScanning dependencies of target actionlib_msgs_generate_messages_nodejs[0m
[  0%] Built target actionlib_msgs_generate_messages_nodejs
[35m[1mScanning dependencies of target tf2_msgs_generate_messages_py[0m
[  0%] Built target tf2_msgs_generate_messages_py
[35m[1mScanning dependencies of target jsk_footstep_msgs_generate_messages_nodejs[0m
[  0%] Built target jsk_footstep_msgs_generate_messages_nodejs
[35m[1mScanning dependencies of target dynamic_reconfigure_generate_messages_nodejs[0m
[  0%] Built target dynamic_reconfigure_generate_messages_nodejs
[35m[1mScanning dependencies of target jsk_footstep_msgs_generate_messages_eus[0m
[  0%] Built target jsk_footstep_msgs_generate_messages_eus
[35m[1mScanning dependencies of target pcl_msgs_generate_messages_nodejs[0m
[  0%] Built target pcl_msgs_generate_messages_nodejs
[35m[1mScanning dependencies of target std_srvs_generate_messages_nodejs[0m
[  0%] Built target std_srvs_generate_messages_nodejs
[35m[1mScanning dependencies of target std_srvs_generate_messages_lisp[0m
[  0%] Built target std_srvs_generate_messages_lisp
[35m[1mScanning dependencies of target pcl_msgs_generate_messages_eus[0m
[  0%] Built target pcl_msgs_generate_messages_eus
[35m[1mScanning dependencies of target jsk_footstep_msgs_generate_messages_cpp[0m
[  0%] Built target jsk_footstep_msgs_generate_messages_cpp
[35m[1mScanning dependencies of target autoware_msgs_generate_messages_lisp[0m
[  0%] Built target autoware_msgs_generate_messages_lisp
[35m[1mScanning dependencies of target rosgraph_msgs_generate_messages_cpp[0m
[  0%] Built target rosgraph_msgs_generate_messages_cpp
[35m[1mScanning dependencies of target jsk_recognition_msgs_generate_messages_py[0m
[  0%] Built target jsk_recognition_msgs_generate_messages_py
[35m[1mScanning dependencies of target jsk_recognition_msgs_generate_messages_nodejs[0m
[  0%] Built target jsk_recognition_msgs_generate_messages_nodejs
[35m[1mScanning dependencies of target actionlib_msgs_generate_messages_py[0m
[  0%] Built target actionlib_msgs_generate_messages_py
[35m[1mScanning dependencies of target std_msgs_generate_messages_nodejs[0m
[  0%] Built target std_msgs_generate_messages_nodejs
[35m[1mScanning dependencies of target geometry_msgs_generate_messages_lisp[0m
[  0%] Built target geometry_msgs_generate_messages_lisp
[35m[1mScanning dependencies of target geometry_msgs_generate_messages_py[0m
[  0%] Built target geometry_msgs_generate_messages_py
[35m[1mScanning dependencies of target jsk_recognition_msgs_generate_messages_lisp[0m
[  0%] Built target jsk_recognition_msgs_generate_messages_lisp
[35m[1mScanning dependencies of target pcl_msgs_generate_messages_lisp[0m
[  0%] Built target pcl_msgs_generate_messages_lisp
[35m[1mScanning dependencies of target bond_generate_messages_py[0m
[  0%] Built target bond_generate_messages_py
[35m[1mScanning dependencies of target autoware_msgs_generate_messages_eus[0m
[  0%] Built target autoware_msgs_generate_messages_eus
[35m[1mScanning dependencies of target std_msgs_generate_messages_lisp[0m
[  0%] Built target std_msgs_generate_messages_lisp
[35m[1mScanning dependencies of target jsk_recognition_msgs_generate_messages_cpp[0m
[  0%] Built target jsk_recognition_msgs_generate_messages_cpp
[35m[1mScanning dependencies of target geometry_msgs_generate_messages_eus[0m
[  0%] Built target geometry_msgs_generate_messages_eus
[35m[1mScanning dependencies of target geometry_msgs_generate_messages_nodejs[0m
[  0%] Built target geometry_msgs_generate_messages_nodejs
[35m[1mScanning dependencies of target jsk_footstep_msgs_generate_messages_lisp[0m
[  0%] Built target jsk_footstep_msgs_generate_messages_lisp
[35m[1mScanning dependencies of target sensor_msgs_generate_messages_cpp[0m
[  0%] Built target sensor_msgs_generate_messages_cpp
[35m[1mScanning dependencies of target jsk_recognition_utils_gencfg[0m
[  0%] Built target jsk_recognition_utils_gencfg
[35m[1mScanning dependencies of target geometry_msgs_generate_messages_cpp[0m
[  0%] Built target geometry_msgs_generate_messages_cpp
[35m[1mScanning dependencies of target std_msgs_generate_messages_cpp[0m
[  0%] Built target std_msgs_generate_messages_cpp
[35m[1mScanning dependencies of target sensor_msgs_generate_messages_nodejs[0m
[  0%] Built target sensor_msgs_generate_messages_nodejs
[35m[1mScanning dependencies of target autoware_msgs_generate_messages_cpp[0m
[  0%] Built target autoware_msgs_generate_messages_cpp
[35m[1mScanning dependencies of target roscpp_generate_messages_cpp[0m
[  0%] Built target roscpp_generate_messages_cpp
[35m[1mScanning dependencies of target jsk_topic_tools_gencfg[0m
[  0%] Built target jsk_topic_tools_gencfg
[35m[1mScanning dependencies of target nodelet_generate_messages_py[0m
[  0%] Built target nodelet_generate_messages_py
[35m[1mScanning dependencies of target roscpp_generate_messages_eus[0m
[  0%] Built target roscpp_generate_messages_eus
[35m[1mScanning dependencies of target bond_generate_messages_eus[0m
[  0%] Built target bond_generate_messages_eus
[35m[1mScanning dependencies of target roscpp_generate_messages_lisp[0m
[  0%] Built target roscpp_generate_messages_lisp
[35m[1mScanning dependencies of target sensor_msgs_generate_messages_py[0m
[  0%] Built target sensor_msgs_generate_messages_py
[35m[1mScanning dependencies of target roscpp_generate_messages_nodejs[0m
[  0%] Built target roscpp_generate_messages_nodejs
[35m[1mScanning dependencies of target jsk_recognition_msgs_generate_messages_eus[0m
[  0%] Built target jsk_recognition_msgs_generate_messages_eus
[35m[1mScanning dependencies of target roscpp_generate_messages_py[0m
[  0%] Built target roscpp_generate_messages_py
[35m[1mScanning dependencies of target std_srvs_generate_messages_py[0m
[  0%] Built target std_srvs_generate_messages_py
[35m[1mScanning dependencies of target tf_generate_messages_nodejs[0m
[  0%] Built target tf_generate_messages_nodejs
[35m[1mScanning dependencies of target std_msgs_generate_messages_py[0m
[  0%] Built target std_msgs_generate_messages_py
[35m[1mScanning dependencies of target rosgraph_msgs_generate_messages_eus[0m
[  0%] Built target rosgraph_msgs_generate_messages_eus
[35m[1mScanning dependencies of target rosgraph_msgs_generate_messages_lisp[0m
[  0%] Built target rosgraph_msgs_generate_messages_lisp
[35m[1mScanning dependencies of target rosgraph_msgs_generate_messages_nodejs[0m
[  0%] Built target rosgraph_msgs_generate_messages_nodejs
[35m[1mScanning dependencies of target actionlib_generate_messages_cpp[0m
[  0%] Built target actionlib_generate_messages_cpp
[35m[1mScanning dependencies of target rosgraph_msgs_generate_messages_py[0m
[  0%] Built target rosgraph_msgs_generate_messages_py
[35m[1mScanning dependencies of target tf_generate_messages_lisp[0m
[  0%] Built target tf_generate_messages_lisp
[35m[1mScanning dependencies of target tf_generate_messages_eus[0m
[  0%] Built target tf_generate_messages_eus
[35m[1mScanning dependencies of target tf_generate_messages_py[0m
[  0%] Built target tf_generate_messages_py
[35m[1mScanning dependencies of target std_msgs_generate_messages_eus[0m
[  0%] Built target std_msgs_generate_messages_eus
[35m[1mScanning dependencies of target actionlib_generate_messages_eus[0m
[  0%] Built target actionlib_generate_messages_eus
[35m[1mScanning dependencies of target tf2_msgs_generate_messages_cpp[0m
[  0%] Built target tf2_msgs_generate_messages_cpp
[35m[1mScanning dependencies of target pcl_ros_gencfg[0m
[  0%] Built target pcl_ros_gencfg
[35m[1mScanning dependencies of target tf2_msgs_generate_messages_eus[0m
[  0%] Built target tf2_msgs_generate_messages_eus
[35m[1mScanning dependencies of target nodelet_generate_messages_cpp[0m
[  0%] Built target nodelet_generate_messages_cpp
[35m[1mScanning dependencies of target tf2_msgs_generate_messages_lisp[0m
[  0%] Built target tf2_msgs_generate_messages_lisp
[35m[1mScanning dependencies of target tf2_msgs_generate_messages_nodejs[0m
[  0%] Built target tf2_msgs_generate_messages_nodejs
[35m[1mScanning dependencies of target dynamic_reconfigure_generate_messages_cpp[0m
[  0%] Built target dynamic_reconfigure_generate_messages_cpp
[35m[1mScanning dependencies of target visualization_msgs_generate_messages_eus[0m
[  0%] Built target visualization_msgs_generate_messages_eus
[35m[1mScanning dependencies of target pcl_msgs_generate_messages_py[0m
[  0%] Built target pcl_msgs_generate_messages_py
[35m[1mScanning dependencies of target bond_generate_messages_nodejs[0m
[  0%] Built target bond_generate_messages_nodejs
[35m[1mScanning dependencies of target dynamic_reconfigure_generate_messages_eus[0m
[  0%] Built target dynamic_reconfigure_generate_messages_eus
[35m[1mScanning dependencies of target dynamic_reconfigure_generate_messages_lisp[0m
[  0%] Built target dynamic_reconfigure_generate_messages_lisp
[35m[1mScanning dependencies of target actionlib_generate_messages_py[0m
[  0%] Built target actionlib_generate_messages_py
[35m[1mScanning dependencies of target dynamic_reconfigure_generate_messages_py[0m
[  0%] Built target dynamic_reconfigure_generate_messages_py
[35m[1mScanning dependencies of target dynamic_reconfigure_gencfg[0m
[  0%] Built target dynamic_reconfigure_gencfg
[35m[1mScanning dependencies of target nodelet_generate_messages_lisp[0m
[  0%] Built target nodelet_generate_messages_lisp
[35m[1mScanning dependencies of target nodelet_generate_messages_nodejs[0m
[  0%] Built target nodelet_generate_messages_nodejs
[35m[1mScanning dependencies of target bond_generate_messages_cpp[0m
[  0%] Built target bond_generate_messages_cpp
[35m[1mScanning dependencies of target bond_generate_messages_lisp[0m
[  0%] Built target bond_generate_messages_lisp
[35m[1mScanning dependencies of target nodelet_generate_messages_eus[0m
[  0%] Built target nodelet_generate_messages_eus
[35m[1mScanning dependencies of target topic_tools_generate_messages_cpp[0m
[  0%] Built target topic_tools_generate_messages_cpp
[35m[1mScanning dependencies of target jsk_topic_tools_generate_messages_eus[0m
[  0%] Built target jsk_topic_tools_generate_messages_eus
[35m[1mScanning dependencies of target jsk_topic_tools_generate_messages_cpp[0m
[  0%] Built target jsk_topic_tools_generate_messages_cpp
[35m[1mScanning dependencies of target nodelet_topic_tools_gencfg[0m
[  0%] Built target nodelet_topic_tools_gencfg
[35m[1mScanning dependencies of target autoware_msgs_generate_messages_nodejs[0m
[  0%] Built target autoware_msgs_generate_messages_nodejs
[35m[1mScanning dependencies of target pcl_msgs_generate_messages_cpp[0m
[  0%] Built target pcl_msgs_generate_messages_cpp
[35m[1mScanning dependencies of target sensor_msgs_generate_messages_lisp[0m
[  0%] Built target sensor_msgs_generate_messages_lisp
[35m[1mScanning dependencies of target topic_tools_generate_messages_nodejs[0m
[  0%] Built target topic_tools_generate_messages_nodejs
[35m[1mScanning dependencies of target topic_tools_generate_messages_eus[0m
[  0%] Built target topic_tools_generate_messages_eus
[35m[1mScanning dependencies of target topic_tools_generate_messages_lisp[0m
[  0%] Built target topic_tools_generate_messages_lisp
[35m[1mScanning dependencies of target topic_tools_generate_messages_py[0m
[  0%] Built target topic_tools_generate_messages_py
[35m[1mScanning dependencies of target visualization_msgs_generate_messages_cpp[0m
[  0%] Built target visualization_msgs_generate_messages_cpp
[35m[1mScanning dependencies of target range_vision_fusion_lib[0m
[ 25%] [32mBuilding CXX object CMakeFiles/range_vision_fusion_lib.dir/src/range_vision_fusion.cpp.o[0m
[ 50%] [32m[1mLinking CXX shared library devel/lib/librange_vision_fusion_lib.so[0m
[ 50%] Built target range_vision_fusion_lib
[35m[1mScanning dependencies of target range_vision_fusion[0m
[ 75%] [32mBuilding CXX object CMakeFiles/range_vision_fusion.dir/src/range_vision_fusion_node.cpp.o[0m
[100%] [32m[1mLinking CXX executable devel/lib/range_vision_fusion/range_vision_fusion[0m
[100%] Built target range_vision_fusion
[35m[1mScanning dependencies of target tests[0m
Built target tests
[  0%] Built target std_srvs_generate_messages_cpp
[  0%] Built target jsk_topic_tools_generate_messages_py
[  0%] Built target jsk_topic_tools_generate_messages_nodejs
[  0%] Built target jsk_topic_tools_generate_messages_lisp
[  0%] Built target visualization_msgs_generate_messages_py
[  0%] Built target visualization_msgs_generate_messages_nodejs
[  0%] Built target visualization_msgs_generate_messages_lisp
[  0%] Built target visualization_msgs_generate_messages_cpp
[  0%] Built target topic_tools_generate_messages_py
[  0%] Built target topic_tools_generate_messages_lisp
[  0%] Built target topic_tools_generate_messages_eus
[  0%] Built target topic_tools_generate_messages_nodejs
[  0%] Built target sensor_msgs_generate_messages_lisp
[  0%] Built target actionlib_msgs_generate_messages_lisp
[  0%] Built target autoware_msgs_generate_messages_py
[  0%] Built target tf_generate_messages_cpp
[  0%] Built target std_srvs_generate_messages_eus
[  0%] Built target actionlib_msgs_generate_messages_eus
[  0%] Built target jsk_footstep_msgs_generate_messages_py
[  0%] Built target actionlib_generate_messages_lisp
[  0%] Built target actionlib_msgs_generate_messages_cpp
[  0%] Built target sensor_msgs_generate_messages_eus
[  0%] Built target actionlib_generate_messages_nodejs
[  0%] Built target actionlib_msgs_generate_messages_nodejs
[  0%] Built target tf2_msgs_generate_messages_py
[  0%] Built target jsk_footstep_msgs_generate_messages_nodejs
[  0%] Built target dynamic_reconfigure_generate_messages_nodejs
[  0%] Built target jsk_footstep_msgs_generate_messages_eus
[  0%] Built target pcl_msgs_generate_messages_nodejs
[  0%] Built target std_srvs_generate_messages_nodejs
[  0%] Built target std_srvs_generate_messages_lisp
[  0%] Built target pcl_msgs_generate_messages_eus
[  0%] Built target jsk_footstep_msgs_generate_messages_cpp
[  0%] Built target autoware_msgs_generate_messages_lisp
[  0%] Built target rosgraph_msgs_generate_messages_cpp
[  0%] Built target jsk_recognition_msgs_generate_messages_py
[  0%] Built target jsk_recognition_msgs_generate_messages_nodejs
[  0%] Built target actionlib_msgs_generate_messages_py
[  0%] Built target std_msgs_generate_messages_nodejs
[  0%] Built target geometry_msgs_generate_messages_lisp
[  0%] Built target geometry_msgs_generate_messages_py
[  0%] Built target jsk_recognition_msgs_generate_messages_lisp
[  0%] Built target pcl_msgs_generate_messages_lisp
[  0%] Built target bond_generate_messages_py
[  0%] Built target autoware_msgs_generate_messages_eus
[  0%] Built target std_msgs_generate_messages_lisp
[  0%] Built target jsk_recognition_msgs_generate_messages_cpp
[  0%] Built target geometry_msgs_generate_messages_eus
[  0%] Built target geometry_msgs_generate_messages_nodejs
[  0%] Built target jsk_footstep_msgs_generate_messages_lisp
[  0%] Built target sensor_msgs_generate_messages_cpp
[  0%] Built target jsk_recognition_utils_gencfg
[  0%] Built target geometry_msgs_generate_messages_cpp
[  0%] Built target std_msgs_generate_messages_cpp
[  0%] Built target sensor_msgs_generate_messages_nodejs
[  0%] Built target autoware_msgs_generate_messages_cpp
[  0%] Built target roscpp_generate_messages_cpp
[  0%] Built target jsk_topic_tools_gencfg
[  0%] Built target nodelet_generate_messages_py
[  0%] Built target roscpp_generate_messages_eus
[  0%] Built target bond_generate_messages_eus
[  0%] Built target roscpp_generate_messages_lisp
[  0%] Built target sensor_msgs_generate_messages_py
[  0%] Built target roscpp_generate_messages_nodejs
[  0%] Built target jsk_recognition_msgs_generate_messages_eus
[  0%] Built target roscpp_generate_messages_py
[  0%] Built target std_srvs_generate_messages_py
[  0%] Built target tf_generate_messages_nodejs
[  0%] Built target std_msgs_generate_messages_py
[  0%] Built target rosgraph_msgs_generate_messages_eus
[  0%] Built target rosgraph_msgs_generate_messages_lisp
[  0%] Built target rosgraph_msgs_generate_messages_nodejs
[  0%] Built target actionlib_generate_messages_cpp
[  0%] Built target rosgraph_msgs_generate_messages_py
[  0%] Built target tf_generate_messages_lisp
[  0%] Built target tf_generate_messages_eus
[  0%] Built target tf_generate_messages_py
[  0%] Built target std_msgs_generate_messages_eus
[  0%] Built target actionlib_generate_messages_eus
[  0%] Built target tf2_msgs_generate_messages_cpp
[  0%] Built target pcl_ros_gencfg
[  0%] Built target tf2_msgs_generate_messages_eus
[  0%] Built target nodelet_generate_messages_cpp
[  0%] Built target tf2_msgs_generate_messages_lisp
[  0%] Built target tf2_msgs_generate_messages_nodejs
[  0%] Built target dynamic_reconfigure_generate_messages_cpp
[  0%] Built target visualization_msgs_generate_messages_eus
[  0%] Built target pcl_msgs_generate_messages_py
[  0%] Built target bond_generate_messages_nodejs
[  0%] Built target dynamic_reconfigure_generate_messages_eus
[  0%] Built target dynamic_reconfigure_generate_messages_lisp
[  0%] Built target actionlib_generate_messages_py
[  0%] Built target dynamic_reconfigure_generate_messages_py
[  0%] Built target dynamic_reconfigure_gencfg
[  0%] Built target nodelet_generate_messages_lisp
[  0%] Built target nodelet_generate_messages_nodejs
[  0%] Built target bond_generate_messages_cpp
[  0%] Built target bond_generate_messages_lisp
[  0%] Built target nodelet_generate_messages_eus
[  0%] Built target topic_tools_generate_messages_cpp
[  0%] Built target jsk_topic_tools_generate_messages_eus
[  0%] Built target jsk_topic_tools_generate_messages_cpp
[  0%] Built target nodelet_topic_tools_gencfg
[  0%] Built target autoware_msgs_generate_messages_nodejs
[  0%] Built target pcl_msgs_generate_messages_cpp
[ 50%] Built target range_vision_fusion_lib
[100%] Built target range_vision_fusion
[36mInstall the project...[0m
-- Install configuration: "Release"
-- Installing: /home/daisuke/Autoware/ros/install/range_vision_fusion/lib/pkgconfig/range_vision_fusion.pc
-- Installing: /home/daisuke/Autoware/ros/install/range_vision_fusion/share/range_vision_fusion/cmake/range_vision_fusionConfig.cmake
-- Installing: /home/daisuke/Autoware/ros/install/range_vision_fusion/share/range_vision_fusion/cmake/range_vision_fusionConfig-version.cmake
-- Installing: /home/daisuke/Autoware/ros/install/range_vision_fusion/share/range_vision_fusion/package.xml
-- Installing: /home/daisuke/Autoware/ros/install/range_vision_fusion/lib/range_vision_fusion/range_vision_fusion
-- Set runtime path of "/home/daisuke/Autoware/ros/install/range_vision_fusion/lib/range_vision_fusion/range_vision_fusion" to ""
-- Installing: /home/daisuke/Autoware/ros/install/range_vision_fusion/lib/librange_vision_fusion_lib.so
-- Set runtime path of "/home/daisuke/Autoware/ros/install/range_vision_fusion/lib/librange_vision_fusion_lib.so" to ""
-- Installing: /home/daisuke/Autoware/ros/install/range_vision_fusion/include/range_vision_fusion
-- Installing: /home/daisuke/Autoware/ros/install/range_vision_fusion/include/range_vision_fusion/range_vision_fusion.h
-- Installing: /home/daisuke/Autoware/ros/install/range_vision_fusion/share/range_vision_fusion/launch
-- Installing: /home/daisuke/Autoware/ros/install/range_vision_fusion/share/range_vision_fusion/launch/range_vision_fusion.launch
