-- The C compiler identification is GNU 5.4.0
-- The CXX compiler identification is GNU 5.4.0
-- Check for working C compiler: /usr/bin/cc
-- Check for working C compiler: /usr/bin/cc -- works
-- Detecting C compiler ABI info
-- Detecting C compiler ABI info - done
-- Detecting C compile features
-- Detecting C compile features - done
-- Check for working CXX compiler: /usr/bin/c++
-- Check for working CXX compiler: /usr/bin/c++ -- works
-- Detecting CXX compiler ABI info
-- Detecting CXX compiler ABI info - done
-- Detecting CXX compile features
-- Detecting CXX compile features - done
-- Using CATKIN_DEVEL_PREFIX: /home/daisuke/Autoware/ros/build/autoware_msgs/devel
-- Using CMAKE_PREFIX_PATH: /home/daisuke/Autoware/ros/devel;/opt/ros/kinetic
-- This workspace overlays: /opt/ros/kinetic
-- Found PythonInterp: /home/daisuke/pyenv/shims/python (found version "2.7.12") 
-- Using PYTHON_EXECUTABLE: /home/daisuke/pyenv/shims/python
-- Using Debian Python package layout
-- Using empy: /usr/bin/empy
-- Using CATKIN_ENABLE_TESTING: ON
-- Call enable_testing()
-- Using CATKIN_TEST_RESULTS_DIR: /home/daisuke/Autoware/ros/build/autoware_msgs/test_results
-- Found gmock sources under '/usr/src/gmock': gmock will be built
-- Looking for pthread.h
-- Looking for pthread.h - found
-- Looking for pthread_create
-- Looking for pthread_create - not found
-- Looking for pthread_create in pthreads
-- Looking for pthread_create in pthreads - not found
-- Looking for pthread_create in pthread
-- Looking for pthread_create in pthread - found
-- Found Threads: TRUE  
-- Found gtest sources under '/usr/src/gmock': gtests will be built
-- Using Python nosetests: /usr/bin/nosetests-2.7
-- catkin 0.7.14
-- Using these message generators: gencpp;geneus;genlisp;gennodejs;genpy
-- autoware_msgs: 51 messages, 0 services
-- Configuring done
-- Generating done
-- Build files have been written to: /home/daisuke/Autoware/ros/build/autoware_msgs
[35m[1mScanning dependencies of target _autoware_msgs_generate_messages_check_deps_WaypointState[0m
[35m[1mScanning dependencies of target _autoware_msgs_generate_messages_check_deps_ImageRect[0m
[35m[1mScanning dependencies of target sensor_msgs_generate_messages_eus[0m
[35m[1mScanning dependencies of target jsk_recognition_msgs_generate_messages_eus[0m
[35m[1mScanning dependencies of target _autoware_msgs_generate_messages_check_deps_AdjustXY[0m
[35m[1mScanning dependencies of target _autoware_msgs_generate_messages_check_deps_Waypoint[0m
[35m[1mScanning dependencies of target _autoware_msgs_generate_messages_check_deps_ProjectionMatrix[0m
[35m[1mScanning dependencies of target _autoware_msgs_generate_messages_check_deps_StateCmd[0m
[  0%] Built target sensor_msgs_generate_messages_eus
[  0%] Built target jsk_recognition_msgs_generate_messages_eus
[35m[1mScanning dependencies of target _autoware_msgs_generate_messages_check_deps_IndicatorCmd[0m
[35m[1mScanning dependencies of target _autoware_msgs_generate_messages_check_deps_BrakeCmd[0m
[  0%] Built target _autoware_msgs_generate_messages_check_deps_WaypointState
[  0%] Built target _autoware_msgs_generate_messages_check_deps_ImageRect
[35m[1mScanning dependencies of target _autoware_msgs_generate_messages_check_deps_TrafficLightResult[0m
[35m[1mScanning dependencies of target _autoware_msgs_generate_messages_check_deps_Signals[0m
[  0%] Built target _autoware_msgs_generate_messages_check_deps_ProjectionMatrix
[  0%] Built target _autoware_msgs_generate_messages_check_deps_AdjustXY
[  0%] Built target _autoware_msgs_generate_messages_check_deps_Waypoint
[  0%] Built target _autoware_msgs_generate_messages_check_deps_StateCmd
[  0%] Built target _autoware_msgs_generate_messages_check_deps_IndicatorCmd
[35m[1mScanning dependencies of target _autoware_msgs_generate_messages_check_deps_ObjLabel[0m
[  0%] Built target _autoware_msgs_generate_messages_check_deps_BrakeCmd
[35m[1mScanning dependencies of target _autoware_msgs_generate_messages_check_deps_ImageRectRanged[0m
[35m[1mScanning dependencies of target _autoware_msgs_generate_messages_check_deps_ScanImage[0m
[35m[1mScanning dependencies of target _autoware_msgs_generate_messages_check_deps_DetectedObjectArray[0m
[35m[1mScanning dependencies of target _autoware_msgs_generate_messages_check_deps_ImageObjRanged[0m
[35m[1mScanning dependencies of target std_msgs_generate_messages_eus[0m
[  0%] Built target std_msgs_generate_messages_eus
[35m[1mScanning dependencies of target _autoware_msgs_generate_messages_check_deps_CloudCluster[0m
[  0%] Built target _autoware_msgs_generate_messages_check_deps_TrafficLightResult
[  0%] Built target _autoware_msgs_generate_messages_check_deps_Signals
[35m[1mScanning dependencies of target _autoware_msgs_generate_messages_check_deps_GeometricRectangle[0m
[  0%] Built target _autoware_msgs_generate_messages_check_deps_ObjLabel
[  0%] Built target _autoware_msgs_generate_messages_check_deps_DetectedObjectArray
[35m[1mScanning dependencies of target _autoware_msgs_generate_messages_check_deps_NDTStat[0m
[  0%] Built target _autoware_msgs_generate_messages_check_deps_ImageObjRanged
[  0%] Built target _autoware_msgs_generate_messages_check_deps_ImageRectRanged
[35m[1mScanning dependencies of target _autoware_msgs_generate_messages_check_deps_TrafficLight[0m
[  0%] Built target _autoware_msgs_generate_messages_check_deps_ScanImage
[35m[1mScanning dependencies of target _autoware_msgs_generate_messages_check_deps_DetectedObject[0m
[35m[1mScanning dependencies of target geometry_msgs_generate_messages_eus[0m
[35m[1mScanning dependencies of target _autoware_msgs_generate_messages_check_deps_VscanTracked[0m
[35m[1mScanning dependencies of target _autoware_msgs_generate_messages_check_deps_ControlCommand[0m
[  0%] Built target geometry_msgs_generate_messages_eus
[35m[1mScanning dependencies of target _autoware_msgs_generate_messages_check_deps_ImageObjects[0m
[  0%] Built target _autoware_msgs_generate_messages_check_deps_CloudCluster
[35m[1mScanning dependencies of target _autoware_msgs_generate_messages_check_deps_Centroids[0m
[  0%] Built target _autoware_msgs_generate_messages_check_deps_NDTStat
[35m[1mScanning dependencies of target _autoware_msgs_generate_messages_check_deps_State[0m
[  0%] Built target _autoware_msgs_generate_messages_check_deps_ControlCommand
[  0%] Built target _autoware_msgs_generate_messages_check_deps_GeometricRectangle
[  0%] Built target _autoware_msgs_generate_messages_check_deps_TrafficLight
[35m[1mScanning dependencies of target _autoware_msgs_generate_messages_check_deps_VehicleStatus[0m
[35m[1mScanning dependencies of target _autoware_msgs_generate_messages_check_deps_ICPStat[0m
[  0%] Built target _autoware_msgs_generate_messages_check_deps_DetectedObject
[35m[1mScanning dependencies of target _autoware_msgs_generate_messages_check_deps_SteerCmd[0m
[35m[1mScanning dependencies of target _autoware_msgs_generate_messages_check_deps_AccelCmd[0m
[  0%] Built target _autoware_msgs_generate_messages_check_deps_VscanTracked
[  0%] Built target _autoware_msgs_generate_messages_check_deps_ImageObjects
[35m[1mScanning dependencies of target _autoware_msgs_generate_messages_check_deps_ImageObj[0m
[35m[1mScanning dependencies of target _autoware_msgs_generate_messages_check_deps_TunedResult[0m
[  0%] Built target _autoware_msgs_generate_messages_check_deps_Centroids
[35m[1mScanning dependencies of target _autoware_msgs_generate_messages_check_deps_LaneArray[0m
[  0%] Built target _autoware_msgs_generate_messages_check_deps_State
[  0%] Built target _autoware_msgs_generate_messages_check_deps_VehicleStatus
[35m[1mScanning dependencies of target _autoware_msgs_generate_messages_check_deps_ColorSet[0m
[35m[1mScanning dependencies of target _autoware_msgs_generate_messages_check_deps_VehicleCmd[0m
[  0%] Built target _autoware_msgs_generate_messages_check_deps_ICPStat
[  0%] Built target _autoware_msgs_generate_messages_check_deps_AccelCmd
[  0%] Built target _autoware_msgs_generate_messages_check_deps_SteerCmd
[35m[1mScanning dependencies of target _autoware_msgs_generate_messages_check_deps_PointsImage[0m
[35m[1mScanning dependencies of target _autoware_msgs_generate_messages_check_deps_LampCmd[0m
[35m[1mScanning dependencies of target _autoware_msgs_generate_messages_check_deps_VehicleLocation[0m
[  0%] Built target _autoware_msgs_generate_messages_check_deps_ImageObj
[  0%] Built target _autoware_msgs_generate_messages_check_deps_TunedResult
[  0%] Built target _autoware_msgs_generate_messages_check_deps_LaneArray
[35m[1mScanning dependencies of target _autoware_msgs_generate_messages_check_deps_TrafficLightResultArray[0m
[35m[1mScanning dependencies of target _autoware_msgs_generate_messages_check_deps_SyncTimeMonitor[0m
[35m[1mScanning dependencies of target _autoware_msgs_generate_messages_check_deps_VscanTrackedArray[0m
[  0%] Built target _autoware_msgs_generate_messages_check_deps_ColorSet
[  0%] Built target _autoware_msgs_generate_messages_check_deps_VehicleCmd
[  0%] Built target _autoware_msgs_generate_messages_check_deps_VehicleLocation
[  0%] Built target _autoware_msgs_generate_messages_check_deps_PointsImage
[35m[1mScanning dependencies of target _autoware_msgs_generate_messages_check_deps_SyncTimeDiff[0m
[35m[1mScanning dependencies of target _autoware_msgs_generate_messages_check_deps_ImageObjTracked[0m
[35m[1mScanning dependencies of target _autoware_msgs_generate_messages_check_deps_ObjPose[0m
[35m[1mScanning dependencies of target _autoware_msgs_generate_messages_check_deps_DTLane[0m
[  0%] Built target _autoware_msgs_generate_messages_check_deps_LampCmd
[35m[1mScanning dependencies of target _autoware_msgs_generate_messages_check_deps_CloudClusterArray[0m
[  0%] Built target _autoware_msgs_generate_messages_check_deps_VscanTrackedArray
[  0%] Built target _autoware_msgs_generate_messages_check_deps_SyncTimeMonitor
[  0%] Built target _autoware_msgs_generate_messages_check_deps_TrafficLightResultArray
[35m[1mScanning dependencies of target _autoware_msgs_generate_messages_check_deps_Lane[0m
[35m[1mScanning dependencies of target _autoware_msgs_generate_messages_check_deps_ImageLaneObjects[0m
[35m[1mScanning dependencies of target _autoware_msgs_generate_messages_check_deps_RemoteCmd[0m
[  0%] Built target _autoware_msgs_generate_messages_check_deps_DTLane
[  0%] Built target _autoware_msgs_generate_messages_check_deps_ImageObjTracked
[35m[1mScanning dependencies of target _autoware_msgs_generate_messages_check_deps_ValueSet[0m
[35m[1mScanning dependencies of target _autoware_msgs_generate_messages_check_deps_ExtractedPosition[0m
[  0%] Built target _autoware_msgs_generate_messages_check_deps_SyncTimeDiff
[  0%] Built target _autoware_msgs_generate_messages_check_deps_ObjPose
[35m[1mScanning dependencies of target _autoware_msgs_generate_messages_check_deps_ControlCommandStamped[0m
[35m[1mScanning dependencies of target geometry_msgs_generate_messages_lisp[0m
[  0%] Built target _autoware_msgs_generate_messages_check_deps_CloudClusterArray
[35m[1mScanning dependencies of target std_msgs_generate_messages_lisp[0m
[  0%] Built target geometry_msgs_generate_messages_lisp
[35m[1mScanning dependencies of target sensor_msgs_generate_messages_lisp[0m
[  0%] Built target std_msgs_generate_messages_lisp
[  0%] Built target _autoware_msgs_generate_messages_check_deps_Lane
[  0%] Built target sensor_msgs_generate_messages_lisp
[35m[1mScanning dependencies of target jsk_recognition_msgs_generate_messages_lisp[0m
[  0%] Built target _autoware_msgs_generate_messages_check_deps_ImageLaneObjects
[35m[1mScanning dependencies of target jsk_recognition_msgs_generate_messages_nodejs[0m
[  0%] Built target jsk_recognition_msgs_generate_messages_lisp
[35m[1mScanning dependencies of target std_msgs_generate_messages_nodejs[0m
[35m[1mScanning dependencies of target geometry_msgs_generate_messages_nodejs[0m
[  0%] Built target _autoware_msgs_generate_messages_check_deps_RemoteCmd
[  0%] Built target std_msgs_generate_messages_nodejs
[  0%] Built target jsk_recognition_msgs_generate_messages_nodejs
[35m[1mScanning dependencies of target sensor_msgs_generate_messages_nodejs[0m
[  0%] Built target geometry_msgs_generate_messages_nodejs
[35m[1mScanning dependencies of target jsk_recognition_msgs_generate_messages_py[0m
[35m[1mScanning dependencies of target sensor_msgs_generate_messages_py[0m
[  0%] Built target sensor_msgs_generate_messages_nodejs
[35m[1mScanning dependencies of target geometry_msgs_generate_messages_py[0m
[  0%] Built target jsk_recognition_msgs_generate_messages_py
[  0%] Built target sensor_msgs_generate_messages_py
[35m[1mScanning dependencies of target geometry_msgs_generate_messages_cpp[0m
[35m[1mScanning dependencies of target std_msgs_generate_messages_py[0m
[35m[1mScanning dependencies of target sensor_msgs_generate_messages_cpp[0m
[  0%] Built target sensor_msgs_generate_messages_cpp
[  0%] Built target geometry_msgs_generate_messages_cpp
[  0%] Built target geometry_msgs_generate_messages_py
[  0%] Built target _autoware_msgs_generate_messages_check_deps_ExtractedPosition
[35m[1mScanning dependencies of target std_msgs_generate_messages_cpp[0m
[  0%] Built target std_msgs_generate_messages_py
[35m[1mScanning dependencies of target jsk_recognition_msgs_generate_messages_cpp[0m
[  0%] Built target std_msgs_generate_messages_cpp
[  0%] Built target jsk_recognition_msgs_generate_messages_cpp
[  0%] Built target _autoware_msgs_generate_messages_check_deps_ValueSet
[  0%] Built target _autoware_msgs_generate_messages_check_deps_ControlCommandStamped
[35m[1mScanning dependencies of target autoware_msgs_generate_messages_py[0m
[35m[1mScanning dependencies of target autoware_msgs_generate_messages_cpp[0m
[35m[1mScanning dependencies of target autoware_msgs_generate_messages_lisp[0m
[35m[1mScanning dependencies of target autoware_msgs_generate_messages_eus[0m
[  0%] [34m[1mGenerating Lisp code from autoware_msgs/ScanImage.msg[0m
[  1%] [34m[1mGenerating Python from MSG autoware_msgs/TrafficLightResult[0m
[35m[1mScanning dependencies of target autoware_msgs_generate_messages_nodejs[0m
[  1%] [34m[1mGenerating EusLisp code from autoware_msgs/ScanImage.msg[0m
[  1%] [34m[1mGenerating Python from MSG autoware_msgs/ScanImage[0m
[  0%] [34m[1mGenerating Python from MSG autoware_msgs/Waypoint[0m
[  1%] [34m[1mGenerating Python from MSG autoware_msgs/ImageObjRanged[0m
[  1%] [34m[1mGenerating C++ code from autoware_msgs/ScanImage.msg[0m
[  1%] [34m[1mGenerating Javascript code from autoware_msgs/ScanImage.msg[0m
[  2%] [34m[1mGenerating Lisp code from autoware_msgs/TrafficLightResult.msg[0m
[  2%] [34m[1mGenerating EusLisp code from autoware_msgs/TrafficLightResult.msg[0m
[  2%] [34m[1mGenerating C++ code from autoware_msgs/TrafficLightResult.msg[0m
[  3%] [34m[1mGenerating Javascript code from autoware_msgs/TrafficLightResult.msg[0m
[  4%] [34m[1mGenerating Python from MSG autoware_msgs/ControlCommand[0m
[  4%] [34m[1mGenerating Python from MSG autoware_msgs/IndicatorCmd[0m
[  5%] [34m[1mGenerating Python from MSG autoware_msgs/NDTStat[0m
[  6%] [34m[1mGenerating EusLisp code from autoware_msgs/Waypoint.msg[0m
[  6%] [34m[1mGenerating Lisp code from autoware_msgs/Waypoint.msg[0m
[  6%] [34m[1mGenerating Javascript code from autoware_msgs/Waypoint.msg[0m
[  6%] [34m[1mGenerating Javascript code from autoware_msgs/ImageObjRanged.msg[0m
[  6%] [34m[1mGenerating Lisp code from autoware_msgs/ImageObjRanged.msg[0m
[  6%] [34m[1mGenerating EusLisp code from autoware_msgs/ImageObjRanged.msg[0m
[  7%] [34m[1mGenerating C++ code from autoware_msgs/Waypoint.msg[0m
[  8%] [34m[1mGenerating Javascript code from autoware_msgs/ControlCommand.msg[0m
[  8%] [34m[1mGenerating Python from MSG autoware_msgs/TrafficLight[0m
[  9%] [34m[1mGenerating Python from MSG autoware_msgs/GeometricRectangle[0m
[  9%] [34m[1mGenerating Python from MSG autoware_msgs/Centroids[0m
[ 10%] [34m[1mGenerating Lisp code from autoware_msgs/ControlCommand.msg[0m
[ 10%] [34m[1mGenerating Python from MSG autoware_msgs/ProjectionMatrix[0m
[ 10%] [34m[1mGenerating Javascript code from autoware_msgs/IndicatorCmd.msg[0m
[ 10%] [34m[1mGenerating EusLisp code from autoware_msgs/ControlCommand.msg[0m
[ 10%] [34m[1mGenerating Python from MSG autoware_msgs/Signals[0m
[ 10%] [34m[1mGenerating C++ code from autoware_msgs/ImageObjRanged.msg[0m
[ 11%] [34m[1mGenerating Javascript code from autoware_msgs/NDTStat.msg[0m
[ 11%] [34m[1mGenerating Lisp code from autoware_msgs/IndicatorCmd.msg[0m
[ 11%] [34m[1mGenerating C++ code from autoware_msgs/ControlCommand.msg[0m
[ 12%] [34m[1mGenerating Python from MSG autoware_msgs/RemoteCmd[0m
[ 13%] [34m[1mGenerating EusLisp code from autoware_msgs/IndicatorCmd.msg[0m
[ 13%] [34m[1mGenerating Python from MSG autoware_msgs/VehicleStatus[0m
[ 13%] [34m[1mGenerating EusLisp code from autoware_msgs/NDTStat.msg[0m
[ 14%] [34m[1mGenerating Lisp code from autoware_msgs/NDTStat.msg[0m
[ 14%] [34m[1mGenerating Javascript code from autoware_msgs/TrafficLight.msg[0m
[ 15%] [34m[1mGenerating Python from MSG autoware_msgs/VscanTrackedArray[0m
[ 16%] [34m[1mGenerating EusLisp code from autoware_msgs/TrafficLight.msg[0m
[ 17%] [34m[1mGenerating C++ code from autoware_msgs/IndicatorCmd.msg[0m
[ 17%] [34m[1mGenerating Lisp code from autoware_msgs/TrafficLight.msg[0m
[ 17%] [34m[1mGenerating Lisp code from autoware_msgs/Centroids.msg[0m
[ 17%] [34m[1mGenerating EusLisp code from autoware_msgs/Centroids.msg[0m
[ 18%] [34m[1mGenerating Lisp code from autoware_msgs/GeometricRectangle.msg[0m
[ 18%] [34m[1mGenerating Javascript code from autoware_msgs/Centroids.msg[0m
[ 18%] [34m[1mGenerating Python from MSG autoware_msgs/WaypointState[0m
[ 20%] [34m[1mGenerating Javascript code from autoware_msgs/GeometricRectangle.msg[0m
[ 20%] [34m[1mGenerating Lisp code from autoware_msgs/Signals.msg[0m
[ 20%] [34m[1mGenerating Lisp code from autoware_msgs/ProjectionMatrix.msg[0m
[ 20%] [34m[1mGenerating Javascript code from autoware_msgs/ProjectionMatrix.msg[0m
[ 20%] [34m[1mGenerating EusLisp code from autoware_msgs/GeometricRectangle.msg[0m
[ 20%] [34m[1mGenerating C++ code from autoware_msgs/NDTStat.msg[0m
[ 20%] [34m[1mGenerating C++ code from autoware_msgs/TrafficLight.msg[0m
[ 21%] [34m[1mGenerating EusLisp code from autoware_msgs/ProjectionMatrix.msg[0m
[ 22%] [34m[1mGenerating Lisp code from autoware_msgs/RemoteCmd.msg[0m
[ 22%] [34m[1mGenerating Python from MSG autoware_msgs/State[0m
[ 22%] [34m[1mGenerating Lisp code from autoware_msgs/VehicleStatus.msg[0m
[ 22%] [34m[1mGenerating Javascript code from autoware_msgs/Signals.msg[0m
[ 23%] [34m[1mGenerating C++ code from autoware_msgs/Centroids.msg[0m
[ 24%] [34m[1mGenerating Python from MSG autoware_msgs/SteerCmd[0m
[ 25%] [34m[1mGenerating Javascript code from autoware_msgs/RemoteCmd.msg[0m
[ 25%] [34m[1mGenerating EusLisp code from autoware_msgs/Signals.msg[0m
[ 26%] [34m[1mGenerating Lisp code from autoware_msgs/VscanTrackedArray.msg[0m
[ 26%] [34m[1mGenerating Python from MSG autoware_msgs/AccelCmd[0m
[ 26%] [34m[1mGenerating Javascript code from autoware_msgs/VehicleStatus.msg[0m
[ 26%] [34m[1mGenerating Python from MSG autoware_msgs/TunedResult[0m
[ 27%] [34m[1mGenerating Python from MSG autoware_msgs/ImageRectRanged[0m
[ 27%] [34m[1mGenerating C++ code from autoware_msgs/GeometricRectangle.msg[0m
[ 27%] [34m[1mGenerating Lisp code from autoware_msgs/WaypointState.msg[0m
[ 27%] [34m[1mGenerating EusLisp code from autoware_msgs/RemoteCmd.msg[0m
[ 28%] [34m[1mGenerating Javascript code from autoware_msgs/VscanTrackedArray.msg[0m
[ 28%] [34m[1mGenerating Javascript code from autoware_msgs/WaypointState.msg[0m
[ 29%] [34m[1mGenerating C++ code from autoware_msgs/ProjectionMatrix.msg[0m
[ 29%] [34m[1mGenerating Lisp code from autoware_msgs/State.msg[0m
[ 29%] [34m[1mGenerating Python from MSG autoware_msgs/ImageObj[0m
[ 29%] [34m[1mGenerating Javascript code from autoware_msgs/State.msg[0m
[ 30%] [34m[1mGenerating Lisp code from autoware_msgs/SteerCmd.msg[0m
[ 31%] [34m[1mGenerating EusLisp code from autoware_msgs/VehicleStatus.msg[0m
[ 32%] [34m[1mGenerating Python from MSG autoware_msgs/LaneArray[0m
[ 32%] [34m[1mGenerating EusLisp code from autoware_msgs/VscanTrackedArray.msg[0m
[ 32%] [34m[1mGenerating C++ code from autoware_msgs/Signals.msg[0m
[ 32%] [34m[1mGenerating Python from MSG autoware_msgs/StateCmd[0m
[ 33%] [34m[1mGenerating Javascript code from autoware_msgs/SteerCmd.msg[0m
[ 33%] [34m[1mGenerating C++ code from autoware_msgs/RemoteCmd.msg[0m
[ 34%] [34m[1mGenerating EusLisp code from autoware_msgs/WaypointState.msg[0m
[ 34%] [34m[1mGenerating Lisp code from autoware_msgs/AccelCmd.msg[0m
[ 34%] [34m[1mGenerating EusLisp code from autoware_msgs/State.msg[0m
[ 34%] [34m[1mGenerating Python from MSG autoware_msgs/LampCmd[0m
[ 34%] [34m[1mGenerating Javascript code from autoware_msgs/AccelCmd.msg[0m
[ 34%] [34m[1mGenerating Javascript code from autoware_msgs/TunedResult.msg[0m
[ 35%] [34m[1mGenerating Javascript code from autoware_msgs/ImageRectRanged.msg[0m
[ 35%] [34m[1mGenerating Javascript code from autoware_msgs/ImageObj.msg[0m
[ 35%] [34m[1mGenerating Lisp code from autoware_msgs/TunedResult.msg[0m
[ 36%] [34m[1mGenerating C++ code from autoware_msgs/VehicleStatus.msg[0m
[ 36%] [34m[1mGenerating EusLisp code from autoware_msgs/SteerCmd.msg[0m
[ 37%] [34m[1mGenerating Python from MSG autoware_msgs/DetectedObjectArray[0m
[ 38%] [34m[1mGenerating Lisp code from autoware_msgs/ImageRectRanged.msg[0m
[ 40%] [34m[1mGenerating EusLisp code from autoware_msgs/AccelCmd.msg[0m
[ 40%] [34m[1mGenerating EusLisp code from autoware_msgs/TunedResult.msg[0m
[ 41%] [34m[1mGenerating Javascript code from autoware_msgs/LaneArray.msg[0m
[ 41%] [34m[1mGenerating C++ code from autoware_msgs/VscanTrackedArray.msg[0m
[ 41%] [34m[1mGenerating Javascript code from autoware_msgs/StateCmd.msg[0m
[ 41%] [34m[1mGenerating EusLisp code from autoware_msgs/ImageRectRanged.msg[0m
[ 41%] [34m[1mGenerating Javascript code from autoware_msgs/LampCmd.msg[0m
[ 41%] [34m[1mGenerating Lisp code from autoware_msgs/ImageObj.msg[0m
[ 41%] [34m[1mGenerating Python from MSG autoware_msgs/VehicleLocation[0m
[ 41%] [34m[1mGenerating Python from MSG autoware_msgs/PointsImage[0m
[ 42%] [34m[1mGenerating Python from MSG autoware_msgs/ImageObjects[0m
[ 43%] [34m[1mGenerating EusLisp code from autoware_msgs/ImageObj.msg[0m
[ 43%] [34m[1mGenerating Python from MSG autoware_msgs/SyncTimeMonitor[0m
[ 43%] [34m[1mGenerating C++ code from autoware_msgs/WaypointState.msg[0m
[ 44%] [34m[1mGenerating Lisp code from autoware_msgs/LaneArray.msg[0m
[ 45%] [34m[1mGenerating Javascript code from autoware_msgs/DetectedObjectArray.msg[0m
[ 46%] [34m[1mGenerating C++ code from autoware_msgs/State.msg[0m
[ 47%] [34m[1mGenerating Python from MSG autoware_msgs/TrafficLightResultArray[0m
[ 47%] [34m[1mGenerating Python from MSG autoware_msgs/VscanTracked[0m
[ 47%] [34m[1mGenerating Lisp code from autoware_msgs/StateCmd.msg[0m
[ 47%] [34m[1mGenerating EusLisp code from autoware_msgs/LaneArray.msg[0m
[ 47%] [34m[1mGenerating Python from MSG autoware_msgs/ObjPose[0m
[ 47%] [34m[1mGenerating Javascript code from autoware_msgs/PointsImage.msg[0m
[ 47%] [34m[1mGenerating Lisp code from autoware_msgs/LampCmd.msg[0m
[ 48%] [34m[1mGenerating Lisp code from autoware_msgs/DetectedObjectArray.msg[0m
[ 49%] [34m[1mGenerating Python from MSG autoware_msgs/ValueSet[0m
[ 49%] [34m[1mGenerating EusLisp code from autoware_msgs/StateCmd.msg[0m
[ 49%] [34m[1mGenerating Python from MSG autoware_msgs/ObjLabel[0m
[ 49%] [34m[1mGenerating C++ code from autoware_msgs/SteerCmd.msg[0m
[ 49%] [34m[1mGenerating Python from MSG autoware_msgs/ICPStat[0m
[ 49%] [34m[1mGenerating Javascript code from autoware_msgs/VehicleLocation.msg[0m
[ 49%] [34m[1mGenerating Lisp code from autoware_msgs/PointsImage.msg[0m
[ 49%] [34m[1mGenerating Lisp code from autoware_msgs/VehicleLocation.msg[0m
[ 50%] [34m[1mGenerating EusLisp code from autoware_msgs/LampCmd.msg[0m
[ 51%] [34m[1mGenerating Python from MSG autoware_msgs/DTLane[0m
[ 51%] [34m[1mGenerating Python from MSG autoware_msgs/ImageLaneObjects[0m
[ 52%] [34m[1mGenerating Python from MSG autoware_msgs/Lane[0m
[ 53%] [34m[1mGenerating Javascript code from autoware_msgs/ImageObjects.msg[0m
[ 54%] [34m[1mGenerating C++ code from autoware_msgs/AccelCmd.msg[0m
[ 55%] [34m[1mGenerating Lisp code from autoware_msgs/ImageObjects.msg[0m
[ 55%] [34m[1mGenerating Python from MSG autoware_msgs/DetectedObject[0m
[ 55%] [34m[1mGenerating Javascript code from autoware_msgs/SyncTimeMonitor.msg[0m
[ 55%] [34m[1mGenerating Python from MSG autoware_msgs/AdjustXY[0m
[ 55%] [34m[1mGenerating EusLisp code from autoware_msgs/DetectedObjectArray.msg[0m
[ 56%] [34m[1mGenerating Python from MSG autoware_msgs/CloudClusterArray[0m
[ 56%] [34m[1mGenerating Lisp code from autoware_msgs/SyncTimeMonitor.msg[0m
[ 57%] [34m[1mGenerating Lisp code from autoware_msgs/TrafficLightResultArray.msg[0m
[ 57%] [34m[1mGenerating C++ code from autoware_msgs/TunedResult.msg[0m
[ 57%] [34m[1mGenerating Lisp code from autoware_msgs/VscanTracked.msg[0m
[ 58%] [34m[1mGenerating Javascript code from autoware_msgs/TrafficLightResultArray.msg[0m
[ 58%] [34m[1mGenerating Python from MSG autoware_msgs/SyncTimeDiff[0m
[ 58%] [34m[1mGenerating C++ code from autoware_msgs/ImageRectRanged.msg[0m
[ 60%] [34m[1mGenerating EusLisp code from autoware_msgs/PointsImage.msg[0m
[ 61%] [34m[1mGenerating C++ code from autoware_msgs/ImageObj.msg[0m
[ 61%] [34m[1mGenerating Lisp code from autoware_msgs/ObjPose.msg[0m
[ 62%] [34m[1mGenerating Lisp code from autoware_msgs/ValueSet.msg[0m
[ 62%] [34m[1mGenerating Python from MSG autoware_msgs/BrakeCmd[0m
[ 62%] [34m[1mGenerating Javascript code from autoware_msgs/VscanTracked.msg[0m
[ 62%] [34m[1mGenerating EusLisp code from autoware_msgs/VehicleLocation.msg[0m
[ 62%] [34m[1mGenerating Javascript code from autoware_msgs/ObjPose.msg[0m
[ 62%] [34m[1mGenerating Lisp code from autoware_msgs/ObjLabel.msg[0m
[ 62%] [34m[1mGenerating C++ code from autoware_msgs/LaneArray.msg[0m
[ 62%] [34m[1mGenerating Lisp code from autoware_msgs/ICPStat.msg[0m
[ 63%] [34m[1mGenerating Python from MSG autoware_msgs/CloudCluster[0m
[ 64%] [34m[1mGenerating Lisp code from autoware_msgs/DTLane.msg[0m
[ 65%] [34m[1mGenerating Javascript code from autoware_msgs/ValueSet.msg[0m
[ 65%] [34m[1mGenerating EusLisp code from autoware_msgs/ImageObjects.msg[0m
[ 65%] [34m[1mGenerating C++ code from autoware_msgs/StateCmd.msg[0m
[ 66%] [34m[1mGenerating C++ code from autoware_msgs/LampCmd.msg[0m
[ 66%] [34m[1mGenerating Python from MSG autoware_msgs/ImageRect[0m
[ 66%] [34m[1mGenerating Lisp code from autoware_msgs/ImageLaneObjects.msg[0m
[ 66%] [34m[1mGenerating Javascript code from autoware_msgs/ObjLabel.msg[0m
[ 66%] [34m[1mGenerating C++ code from autoware_msgs/DetectedObjectArray.msg[0m
[ 67%] [34m[1mGenerating Python from MSG autoware_msgs/ColorSet[0m
[ 68%] [34m[1mGenerating EusLisp code from autoware_msgs/SyncTimeMonitor.msg[0m
[ 68%] [34m[1mGenerating Python from MSG autoware_msgs/VehicleCmd[0m
[ 68%] [34m[1mGenerating Javascript code from autoware_msgs/ICPStat.msg[0m
[ 68%] [34m[1mGenerating Lisp code from autoware_msgs/Lane.msg[0m
[ 69%] [34m[1mGenerating Javascript code from autoware_msgs/DTLane.msg[0m
[ 69%] [34m[1mGenerating EusLisp code from autoware_msgs/TrafficLightResultArray.msg[0m
[ 70%] [34m[1mGenerating C++ code from autoware_msgs/PointsImage.msg[0m
[ 70%] [34m[1mGenerating Python from MSG autoware_msgs/ExtractedPosition[0m
[ 70%] [34m[1mGenerating Javascript code from autoware_msgs/ImageLaneObjects.msg[0m
[ 71%] [34m[1mGenerating Lisp code from autoware_msgs/DetectedObject.msg[0m
[ 71%] [34m[1mGenerating Lisp code from autoware_msgs/AdjustXY.msg[0m
[ 72%] [34m[1mGenerating Javascript code from autoware_msgs/Lane.msg[0m
[ 72%] [34m[1mGenerating EusLisp code from autoware_msgs/VscanTracked.msg[0m
[ 73%] [34m[1mGenerating Python from MSG autoware_msgs/ImageObjTracked[0m
[ 73%] [34m[1mGenerating C++ code from autoware_msgs/VehicleLocation.msg[0m
[ 74%] [34m[1mGenerating EusLisp code from autoware_msgs/ObjPose.msg[0m
[ 74%] [34m[1mGenerating C++ code from autoware_msgs/ImageObjects.msg[0m
[ 75%] [34m[1mGenerating Lisp code from autoware_msgs/CloudClusterArray.msg[0m
[ 75%] [34m[1mGenerating EusLisp code from autoware_msgs/ValueSet.msg[0m
[ 75%] [34m[1mGenerating Javascript code from autoware_msgs/DetectedObject.msg[0m
[ 76%] [34m[1mGenerating EusLisp code from autoware_msgs/ObjLabel.msg[0m
[ 76%] [34m[1mGenerating Python from MSG autoware_msgs/ControlCommandStamped[0m
[ 76%] [34m[1mGenerating EusLisp code from autoware_msgs/ICPStat.msg[0m
[ 76%] [34m[1mGenerating Lisp code from autoware_msgs/SyncTimeDiff.msg[0m
[ 76%] [34m[1mGenerating EusLisp code from autoware_msgs/DTLane.msg[0m
[ 76%] [34m[1mGenerating Javascript code from autoware_msgs/AdjustXY.msg[0m
[ 76%] [34m[1mGenerating Lisp code from autoware_msgs/BrakeCmd.msg[0m
[ 77%] [34m[1mGenerating C++ code from autoware_msgs/SyncTimeMonitor.msg[0m
[ 78%] [34m[1mGenerating EusLisp code from autoware_msgs/ImageLaneObjects.msg[0m
[ 78%] [34m[1mGenerating EusLisp code from autoware_msgs/Lane.msg[0m
[ 78%] [34m[1mGenerating Python msg __init__.py for autoware_msgs[0m
[ 78%] [34m[1mGenerating C++ code from autoware_msgs/TrafficLightResultArray.msg[0m
[ 80%] [34m[1mGenerating Javascript code from autoware_msgs/CloudClusterArray.msg[0m
[ 80%] [34m[1mGenerating Javascript code from autoware_msgs/SyncTimeDiff.msg[0m
[ 81%] [34m[1mGenerating Lisp code from autoware_msgs/CloudCluster.msg[0m
[ 81%] [34m[1mGenerating EusLisp code from autoware_msgs/DetectedObject.msg[0m
[ 81%] Built target autoware_msgs_generate_messages_py
[ 81%] [34m[1mGenerating C++ code from autoware_msgs/VscanTracked.msg[0m
[ 82%] [34m[1mGenerating EusLisp code from autoware_msgs/AdjustXY.msg[0m
[ 82%] [34m[1mGenerating Javascript code from autoware_msgs/BrakeCmd.msg[0m
[ 83%] [34m[1mGenerating C++ code from autoware_msgs/ObjPose.msg[0m
[ 83%] [34m[1mGenerating EusLisp code from autoware_msgs/CloudClusterArray.msg[0m
[ 83%] [34m[1mGenerating Lisp code from autoware_msgs/ImageRect.msg[0m
[ 83%] [34m[1mGenerating Lisp code from autoware_msgs/ColorSet.msg[0m
[ 84%] [34m[1mGenerating EusLisp code from autoware_msgs/SyncTimeDiff.msg[0m
[ 85%] [34m[1mGenerating Javascript code from autoware_msgs/CloudCluster.msg[0m
[ 85%] [34m[1mGenerating EusLisp code from autoware_msgs/BrakeCmd.msg[0m
[ 85%] [34m[1mGenerating EusLisp code from autoware_msgs/CloudCluster.msg[0m
[ 85%] [34m[1mGenerating C++ code from autoware_msgs/ValueSet.msg[0m
[ 86%] [34m[1mGenerating C++ code from autoware_msgs/ObjLabel.msg[0m
[ 86%] [34m[1mGenerating C++ code from autoware_msgs/ICPStat.msg[0m
[ 87%] [34m[1mGenerating EusLisp code from autoware_msgs/ImageRect.msg[0m
[ 88%] [34m[1mGenerating Lisp code from autoware_msgs/VehicleCmd.msg[0m
[ 88%] [34m[1mGenerating Javascript code from autoware_msgs/ImageRect.msg[0m
[ 88%] [34m[1mGenerating EusLisp code from autoware_msgs/ColorSet.msg[0m
[ 88%] [34m[1mGenerating EusLisp code from autoware_msgs/VehicleCmd.msg[0m
[ 88%] [34m[1mGenerating Lisp code from autoware_msgs/ExtractedPosition.msg[0m
[ 89%] [34m[1mGenerating Lisp code from autoware_msgs/ImageObjTracked.msg[0m
[ 89%] [34m[1mGenerating C++ code from autoware_msgs/DTLane.msg[0m
[ 90%] [34m[1mGenerating C++ code from autoware_msgs/ImageLaneObjects.msg[0m
[ 91%] [34m[1mGenerating Javascript code from autoware_msgs/ColorSet.msg[0m
[ 91%] [34m[1mGenerating C++ code from autoware_msgs/Lane.msg[0m
[ 91%] [34m[1mGenerating Lisp code from autoware_msgs/ControlCommandStamped.msg[0m
[ 92%] [34m[1mGenerating EusLisp code from autoware_msgs/ExtractedPosition.msg[0m
[ 92%] [34m[1mGenerating EusLisp code from autoware_msgs/ImageObjTracked.msg[0m
[ 93%] [34m[1mGenerating EusLisp code from autoware_msgs/ControlCommandStamped.msg[0m
[ 93%] Built target autoware_msgs_generate_messages_lisp
[ 93%] [34m[1mGenerating EusLisp manifest code for autoware_msgs[0m
[ 93%] [34m[1mGenerating Javascript code from autoware_msgs/VehicleCmd.msg[0m
[ 94%] [34m[1mGenerating Javascript code from autoware_msgs/ImageObjTracked.msg[0m
[ 94%] [34m[1mGenerating Javascript code from autoware_msgs/ExtractedPosition.msg[0m
[ 94%] [34m[1mGenerating Javascript code from autoware_msgs/ControlCommandStamped.msg[0m
[ 94%] [34m[1mGenerating C++ code from autoware_msgs/DetectedObject.msg[0m
[ 95%] [34m[1mGenerating C++ code from autoware_msgs/AdjustXY.msg[0m
[ 95%] [34m[1mGenerating C++ code from autoware_msgs/CloudClusterArray.msg[0m
[ 96%] [34m[1mGenerating C++ code from autoware_msgs/SyncTimeDiff.msg[0m
[ 96%] Built target autoware_msgs_generate_messages_nodejs
[ 97%] [34m[1mGenerating C++ code from autoware_msgs/ImageRect.msg[0m
[ 97%] [34m[1mGenerating C++ code from autoware_msgs/ColorSet.msg[0m
[ 97%] [34m[1mGenerating C++ code from autoware_msgs/BrakeCmd.msg[0m
[ 97%] [34m[1mGenerating C++ code from autoware_msgs/CloudCluster.msg[0m
[ 97%] [34m[1mGenerating C++ code from autoware_msgs/VehicleCmd.msg[0m
[ 98%] [34m[1mGenerating C++ code from autoware_msgs/ExtractedPosition.msg[0m
[ 98%] [34m[1mGenerating C++ code from autoware_msgs/ImageObjTracked.msg[0m
[100%] [34m[1mGenerating C++ code from autoware_msgs/ControlCommandStamped.msg[0m
[100%] Built target autoware_msgs_generate_messages_eus
[100%] Built target autoware_msgs_generate_messages_cpp
[35m[1mScanning dependencies of target autoware_msgs_generate_messages[0m
[100%] Built target autoware_msgs_generate_messages
[35m[1mScanning dependencies of target tests[0m
Built target tests
[  0%] Built target _autoware_msgs_generate_messages_check_deps_ImageRect
[  0%] Built target _autoware_msgs_generate_messages_check_deps_Waypoint
[  0%] Built target _autoware_msgs_generate_messages_check_deps_StateCmd
[  0%] Built target _autoware_msgs_generate_messages_check_deps_ProjectionMatrix
[  0%] Built target _autoware_msgs_generate_messages_check_deps_AdjustXY
[  0%] Built target sensor_msgs_generate_messages_eus
[  0%] Built target jsk_recognition_msgs_generate_messages_eus
[  0%] Built target _autoware_msgs_generate_messages_check_deps_WaypointState
[  0%] Built target _autoware_msgs_generate_messages_check_deps_IndicatorCmd
[  0%] Built target _autoware_msgs_generate_messages_check_deps_BrakeCmd
[  0%] Built target _autoware_msgs_generate_messages_check_deps_TrafficLightResult
[  0%] Built target _autoware_msgs_generate_messages_check_deps_Signals
[  0%] Built target _autoware_msgs_generate_messages_check_deps_ObjLabel
[  0%] Built target std_msgs_generate_messages_eus
[  0%] Built target _autoware_msgs_generate_messages_check_deps_ImageRectRanged
[  0%] Built target _autoware_msgs_generate_messages_check_deps_ImageObjRanged
[  0%] Built target _autoware_msgs_generate_messages_check_deps_DetectedObjectArray
[  0%] Built target _autoware_msgs_generate_messages_check_deps_ScanImage
[  0%] Built target _autoware_msgs_generate_messages_check_deps_CloudCluster
[  0%] Built target _autoware_msgs_generate_messages_check_deps_GeometricRectangle
[  0%] Built target _autoware_msgs_generate_messages_check_deps_NDTStat
[  0%] Built target _autoware_msgs_generate_messages_check_deps_VscanTracked
[  0%] Built target _autoware_msgs_generate_messages_check_deps_TrafficLight
[  0%] Built target geometry_msgs_generate_messages_eus
[  0%] Built target _autoware_msgs_generate_messages_check_deps_DetectedObject
[  0%] Built target _autoware_msgs_generate_messages_check_deps_ControlCommand
[  0%] Built target _autoware_msgs_generate_messages_check_deps_ImageObjects
[  0%] Built target _autoware_msgs_generate_messages_check_deps_Centroids
[  0%] Built target _autoware_msgs_generate_messages_check_deps_State
[  0%] Built target _autoware_msgs_generate_messages_check_deps_VehicleStatus
[  0%] Built target _autoware_msgs_generate_messages_check_deps_SteerCmd
[  0%] Built target _autoware_msgs_generate_messages_check_deps_ICPStat
[  0%] Built target _autoware_msgs_generate_messages_check_deps_AccelCmd
[  0%] Built target _autoware_msgs_generate_messages_check_deps_TunedResult
[  0%] Built target _autoware_msgs_generate_messages_check_deps_ImageObj
[  0%] Built target _autoware_msgs_generate_messages_check_deps_LaneArray
[  0%] Built target _autoware_msgs_generate_messages_check_deps_ColorSet
[  0%] Built target _autoware_msgs_generate_messages_check_deps_VehicleCmd
[  0%] Built target _autoware_msgs_generate_messages_check_deps_PointsImage
[  0%] Built target _autoware_msgs_generate_messages_check_deps_VehicleLocation
[  0%] Built target _autoware_msgs_generate_messages_check_deps_LampCmd
[  0%] Built target _autoware_msgs_generate_messages_check_deps_SyncTimeMonitor
[  0%] Built target _autoware_msgs_generate_messages_check_deps_TrafficLightResultArray
[  0%] Built target _autoware_msgs_generate_messages_check_deps_VscanTrackedArray
[  0%] Built target _autoware_msgs_generate_messages_check_deps_SyncTimeDiff
[  0%] Built target _autoware_msgs_generate_messages_check_deps_ObjPose
[  0%] Built target _autoware_msgs_generate_messages_check_deps_ImageObjTracked
[  0%] Built target _autoware_msgs_generate_messages_check_deps_DTLane
[  0%] Built target _autoware_msgs_generate_messages_check_deps_CloudClusterArray
[  0%] Built target _autoware_msgs_generate_messages_check_deps_ImageLaneObjects
[  0%] Built target _autoware_msgs_generate_messages_check_deps_Lane
[  0%] Built target _autoware_msgs_generate_messages_check_deps_RemoteCmd
[  0%] Built target _autoware_msgs_generate_messages_check_deps_ValueSet
[  0%] Built target _autoware_msgs_generate_messages_check_deps_ExtractedPosition
[  0%] Built target _autoware_msgs_generate_messages_check_deps_ControlCommandStamped
[ 20%] Built target autoware_msgs_generate_messages_eus
[ 20%] Built target geometry_msgs_generate_messages_lisp
[ 20%] Built target std_msgs_generate_messages_lisp
[ 20%] Built target sensor_msgs_generate_messages_lisp
[ 20%] Built target jsk_recognition_msgs_generate_messages_lisp
[ 40%] Built target autoware_msgs_generate_messages_lisp
[ 40%] Built target jsk_recognition_msgs_generate_messages_nodejs
[ 40%] Built target std_msgs_generate_messages_nodejs
[ 40%] Built target geometry_msgs_generate_messages_nodejs
[ 40%] Built target sensor_msgs_generate_messages_nodejs
[ 60%] Built target autoware_msgs_generate_messages_nodejs
[ 60%] Built target jsk_recognition_msgs_generate_messages_py
[ 60%] Built target geometry_msgs_generate_messages_py
[ 60%] Built target sensor_msgs_generate_messages_py
[ 60%] Built target std_msgs_generate_messages_py
[ 80%] Built target autoware_msgs_generate_messages_py
[ 80%] Built target sensor_msgs_generate_messages_cpp
[ 80%] Built target geometry_msgs_generate_messages_cpp
[ 80%] Built target std_msgs_generate_messages_cpp
[ 80%] Built target jsk_recognition_msgs_generate_messages_cpp
[100%] Built target autoware_msgs_generate_messages_cpp
[100%] Built target autoware_msgs_generate_messages
[36mInstall the project...[0m
-- Install configuration: "Release"
-- Installing: /home/daisuke/Autoware/ros/install/autoware_msgs/share/autoware_msgs/msg/ControlCommandStamped.msg
-- Installing: /home/daisuke/Autoware/ros/install/autoware_msgs/share/autoware_msgs/msg/CloudCluster.msg
-- Installing: /home/daisuke/Autoware/ros/install/autoware_msgs/share/autoware_msgs/msg/CloudClusterArray.msg
-- Installing: /home/daisuke/Autoware/ros/install/autoware_msgs/share/autoware_msgs/msg/ColorSet.msg
-- Installing: /home/daisuke/Autoware/ros/install/autoware_msgs/share/autoware_msgs/msg/ControlCommand.msg
-- Installing: /home/daisuke/Autoware/ros/install/autoware_msgs/share/autoware_msgs/msg/DetectedObject.msg
-- Installing: /home/daisuke/Autoware/ros/install/autoware_msgs/share/autoware_msgs/msg/DetectedObjectArray.msg
-- Installing: /home/daisuke/Autoware/ros/install/autoware_msgs/share/autoware_msgs/msg/ExtractedPosition.msg
-- Installing: /home/daisuke/Autoware/ros/install/autoware_msgs/share/autoware_msgs/msg/ImageLaneObjects.msg
-- Installing: /home/daisuke/Autoware/ros/install/autoware_msgs/share/autoware_msgs/msg/ImageObjects.msg
-- Installing: /home/daisuke/Autoware/ros/install/autoware_msgs/share/autoware_msgs/msg/LaneArray.msg
-- Installing: /home/daisuke/Autoware/ros/install/autoware_msgs/share/autoware_msgs/msg/PointsImage.msg
-- Installing: /home/daisuke/Autoware/ros/install/autoware_msgs/share/autoware_msgs/msg/ScanImage.msg
-- Installing: /home/daisuke/Autoware/ros/install/autoware_msgs/share/autoware_msgs/msg/Signals.msg
-- Installing: /home/daisuke/Autoware/ros/install/autoware_msgs/share/autoware_msgs/msg/TunedResult.msg
-- Installing: /home/daisuke/Autoware/ros/install/autoware_msgs/share/autoware_msgs/msg/ValueSet.msg
-- Installing: /home/daisuke/Autoware/ros/install/autoware_msgs/share/autoware_msgs/msg/Centroids.msg
-- Installing: /home/daisuke/Autoware/ros/install/autoware_msgs/share/autoware_msgs/msg/DTLane.msg
-- Installing: /home/daisuke/Autoware/ros/install/autoware_msgs/share/autoware_msgs/msg/GeometricRectangle.msg
-- Installing: /home/daisuke/Autoware/ros/install/autoware_msgs/share/autoware_msgs/msg/ICPStat.msg
-- Installing: /home/daisuke/Autoware/ros/install/autoware_msgs/share/autoware_msgs/msg/ImageObj.msg
-- Installing: /home/daisuke/Autoware/ros/install/autoware_msgs/share/autoware_msgs/msg/ImageObjRanged.msg
-- Installing: /home/daisuke/Autoware/ros/install/autoware_msgs/share/autoware_msgs/msg/ImageObjTracked.msg
-- Installing: /home/daisuke/Autoware/ros/install/autoware_msgs/share/autoware_msgs/msg/ImageRect.msg
-- Installing: /home/daisuke/Autoware/ros/install/autoware_msgs/share/autoware_msgs/msg/ImageRectRanged.msg
-- Installing: /home/daisuke/Autoware/ros/install/autoware_msgs/share/autoware_msgs/msg/Lane.msg
-- Installing: /home/daisuke/Autoware/ros/install/autoware_msgs/share/autoware_msgs/msg/NDTStat.msg
-- Installing: /home/daisuke/Autoware/ros/install/autoware_msgs/share/autoware_msgs/msg/ObjLabel.msg
-- Installing: /home/daisuke/Autoware/ros/install/autoware_msgs/share/autoware_msgs/msg/ObjPose.msg
-- Installing: /home/daisuke/Autoware/ros/install/autoware_msgs/share/autoware_msgs/msg/ProjectionMatrix.msg
-- Installing: /home/daisuke/Autoware/ros/install/autoware_msgs/share/autoware_msgs/msg/VscanTracked.msg
-- Installing: /home/daisuke/Autoware/ros/install/autoware_msgs/share/autoware_msgs/msg/VscanTrackedArray.msg
-- Installing: /home/daisuke/Autoware/ros/install/autoware_msgs/share/autoware_msgs/msg/Waypoint.msg
-- Installing: /home/daisuke/Autoware/ros/install/autoware_msgs/share/autoware_msgs/msg/WaypointState.msg
-- Installing: /home/daisuke/Autoware/ros/install/autoware_msgs/share/autoware_msgs/msg/VehicleCmd.msg
-- Installing: /home/daisuke/Autoware/ros/install/autoware_msgs/share/autoware_msgs/msg/VehicleLocation.msg
-- Installing: /home/daisuke/Autoware/ros/install/autoware_msgs/share/autoware_msgs/msg/VehicleStatus.msg
-- Installing: /home/daisuke/Autoware/ros/install/autoware_msgs/share/autoware_msgs/msg/TrafficLightResult.msg
-- Installing: /home/daisuke/Autoware/ros/install/autoware_msgs/share/autoware_msgs/msg/TrafficLightResultArray.msg
-- Installing: /home/daisuke/Autoware/ros/install/autoware_msgs/share/autoware_msgs/msg/AccelCmd.msg
-- Installing: /home/daisuke/Autoware/ros/install/autoware_msgs/share/autoware_msgs/msg/AdjustXY.msg
-- Installing: /home/daisuke/Autoware/ros/install/autoware_msgs/share/autoware_msgs/msg/BrakeCmd.msg
-- Installing: /home/daisuke/Autoware/ros/install/autoware_msgs/share/autoware_msgs/msg/IndicatorCmd.msg
-- Installing: /home/daisuke/Autoware/ros/install/autoware_msgs/share/autoware_msgs/msg/LampCmd.msg
-- Installing: /home/daisuke/Autoware/ros/install/autoware_msgs/share/autoware_msgs/msg/SteerCmd.msg
-- Installing: /home/daisuke/Autoware/ros/install/autoware_msgs/share/autoware_msgs/msg/TrafficLight.msg
-- Installing: /home/daisuke/Autoware/ros/install/autoware_msgs/share/autoware_msgs/msg/StateCmd.msg
-- Installing: /home/daisuke/Autoware/ros/install/autoware_msgs/share/autoware_msgs/msg/State.msg
-- Installing: /home/daisuke/Autoware/ros/install/autoware_msgs/share/autoware_msgs/msg/SyncTimeMonitor.msg
-- Installing: /home/daisuke/Autoware/ros/install/autoware_msgs/share/autoware_msgs/msg/SyncTimeDiff.msg
-- Installing: /home/daisuke/Autoware/ros/install/autoware_msgs/share/autoware_msgs/msg/RemoteCmd.msg
-- Installing: /home/daisuke/Autoware/ros/install/autoware_msgs/share/autoware_msgs/cmake/autoware_msgs-msg-paths.cmake
-- Installing: /home/daisuke/Autoware/ros/install/autoware_msgs/include/autoware_msgs
-- Installing: /home/daisuke/Autoware/ros/install/autoware_msgs/include/autoware_msgs/Waypoint.h
-- Installing: /home/daisuke/Autoware/ros/install/autoware_msgs/include/autoware_msgs/ControlCommandStamped.h
-- Installing: /home/daisuke/Autoware/ros/install/autoware_msgs/include/autoware_msgs/VehicleStatus.h
-- Installing: /home/daisuke/Autoware/ros/install/autoware_msgs/include/autoware_msgs/ImageRect.h
-- Installing: /home/daisuke/Autoware/ros/install/autoware_msgs/include/autoware_msgs/LampCmd.h
-- Installing: /home/daisuke/Autoware/ros/install/autoware_msgs/include/autoware_msgs/GeometricRectangle.h
-- Installing: /home/daisuke/Autoware/ros/install/autoware_msgs/include/autoware_msgs/TrafficLightResultArray.h
-- Installing: /home/daisuke/Autoware/ros/install/autoware_msgs/include/autoware_msgs/DTLane.h
-- Installing: /home/daisuke/Autoware/ros/install/autoware_msgs/include/autoware_msgs/ColorSet.h
-- Installing: /home/daisuke/Autoware/ros/install/autoware_msgs/include/autoware_msgs/VehicleLocation.h
-- Installing: /home/daisuke/Autoware/ros/install/autoware_msgs/include/autoware_msgs/VscanTracked.h
-- Installing: /home/daisuke/Autoware/ros/install/autoware_msgs/include/autoware_msgs/ProjectionMatrix.h
-- Installing: /home/daisuke/Autoware/ros/install/autoware_msgs/include/autoware_msgs/NDTStat.h
-- Installing: /home/daisuke/Autoware/ros/install/autoware_msgs/include/autoware_msgs/ScanImage.h
-- Installing: /home/daisuke/Autoware/ros/install/autoware_msgs/include/autoware_msgs/CloudCluster.h
-- Installing: /home/daisuke/Autoware/ros/install/autoware_msgs/include/autoware_msgs/ImageRectRanged.h
-- Installing: /home/daisuke/Autoware/ros/install/autoware_msgs/include/autoware_msgs/ObjLabel.h
-- Installing: /home/daisuke/Autoware/ros/install/autoware_msgs/include/autoware_msgs/IndicatorCmd.h
-- Installing: /home/daisuke/Autoware/ros/install/autoware_msgs/include/autoware_msgs/SyncTimeMonitor.h
-- Installing: /home/daisuke/Autoware/ros/install/autoware_msgs/include/autoware_msgs/ObjPose.h
-- Installing: /home/daisuke/Autoware/ros/install/autoware_msgs/include/autoware_msgs/VehicleCmd.h
-- Installing: /home/daisuke/Autoware/ros/install/autoware_msgs/include/autoware_msgs/BrakeCmd.h
-- Installing: /home/daisuke/Autoware/ros/install/autoware_msgs/include/autoware_msgs/SyncTimeDiff.h
-- Installing: /home/daisuke/Autoware/ros/install/autoware_msgs/include/autoware_msgs/Signals.h
-- Installing: /home/daisuke/Autoware/ros/install/autoware_msgs/include/autoware_msgs/PointsImage.h
-- Installing: /home/daisuke/Autoware/ros/install/autoware_msgs/include/autoware_msgs/ICPStat.h
-- Installing: /home/daisuke/Autoware/ros/install/autoware_msgs/include/autoware_msgs/ImageObj.h
-- Installing: /home/daisuke/Autoware/ros/install/autoware_msgs/include/autoware_msgs/TrafficLightResult.h
-- Installing: /home/daisuke/Autoware/ros/install/autoware_msgs/include/autoware_msgs/Centroids.h
-- Installing: /home/daisuke/Autoware/ros/install/autoware_msgs/include/autoware_msgs/VscanTrackedArray.h
-- Installing: /home/daisuke/Autoware/ros/install/autoware_msgs/include/autoware_msgs/Lane.h
-- Installing: /home/daisuke/Autoware/ros/install/autoware_msgs/include/autoware_msgs/ImageObjRanged.h
-- Installing: /home/daisuke/Autoware/ros/install/autoware_msgs/include/autoware_msgs/AdjustXY.h
-- Installing: /home/daisuke/Autoware/ros/install/autoware_msgs/include/autoware_msgs/State.h
-- Installing: /home/daisuke/Autoware/ros/install/autoware_msgs/include/autoware_msgs/ValueSet.h
-- Installing: /home/daisuke/Autoware/ros/install/autoware_msgs/include/autoware_msgs/TrafficLight.h
-- Installing: /home/daisuke/Autoware/ros/install/autoware_msgs/include/autoware_msgs/TunedResult.h
-- Installing: /home/daisuke/Autoware/ros/install/autoware_msgs/include/autoware_msgs/AccelCmd.h
-- Installing: /home/daisuke/Autoware/ros/install/autoware_msgs/include/autoware_msgs/LaneArray.h
-- Installing: /home/daisuke/Autoware/ros/install/autoware_msgs/include/autoware_msgs/ImageObjTracked.h
-- Installing: /home/daisuke/Autoware/ros/install/autoware_msgs/include/autoware_msgs/DetectedObjectArray.h
-- Installing: /home/daisuke/Autoware/ros/install/autoware_msgs/include/autoware_msgs/ImageObjects.h
-- Installing: /home/daisuke/Autoware/ros/install/autoware_msgs/include/autoware_msgs/DetectedObject.h
-- Installing: /home/daisuke/Autoware/ros/install/autoware_msgs/include/autoware_msgs/ImageLaneObjects.h
-- Installing: /home/daisuke/Autoware/ros/install/autoware_msgs/include/autoware_msgs/ExtractedPosition.h
-- Installing: /home/daisuke/Autoware/ros/install/autoware_msgs/include/autoware_msgs/SteerCmd.h
-- Installing: /home/daisuke/Autoware/ros/install/autoware_msgs/include/autoware_msgs/ControlCommand.h
-- Installing: /home/daisuke/Autoware/ros/install/autoware_msgs/include/autoware_msgs/StateCmd.h
-- Installing: /home/daisuke/Autoware/ros/install/autoware_msgs/include/autoware_msgs/WaypointState.h
-- Installing: /home/daisuke/Autoware/ros/install/autoware_msgs/include/autoware_msgs/RemoteCmd.h
-- Installing: /home/daisuke/Autoware/ros/install/autoware_msgs/include/autoware_msgs/CloudClusterArray.h
-- Installing: /home/daisuke/Autoware/ros/install/autoware_msgs/share/roseus/ros/autoware_msgs
-- Installing: /home/daisuke/Autoware/ros/install/autoware_msgs/share/roseus/ros/autoware_msgs/manifest.l
-- Installing: /home/daisuke/Autoware/ros/install/autoware_msgs/share/roseus/ros/autoware_msgs/msg
-- Installing: /home/daisuke/Autoware/ros/install/autoware_msgs/share/roseus/ros/autoware_msgs/msg/WaypointState.l
-- Installing: /home/daisuke/Autoware/ros/install/autoware_msgs/share/roseus/ros/autoware_msgs/msg/RemoteCmd.l
-- Installing: /home/daisuke/Autoware/ros/install/autoware_msgs/share/roseus/ros/autoware_msgs/msg/AdjustXY.l
-- Installing: /home/daisuke/Autoware/ros/install/autoware_msgs/share/roseus/ros/autoware_msgs/msg/VscanTracked.l
-- Installing: /home/daisuke/Autoware/ros/install/autoware_msgs/share/roseus/ros/autoware_msgs/msg/SyncTimeDiff.l
-- Installing: /home/daisuke/Autoware/ros/install/autoware_msgs/share/roseus/ros/autoware_msgs/msg/VehicleLocation.l
-- Installing: /home/daisuke/Autoware/ros/install/autoware_msgs/share/roseus/ros/autoware_msgs/msg/ImageRect.l
-- Installing: /home/daisuke/Autoware/ros/install/autoware_msgs/share/roseus/ros/autoware_msgs/msg/TrafficLight.l
-- Installing: /home/daisuke/Autoware/ros/install/autoware_msgs/share/roseus/ros/autoware_msgs/msg/BrakeCmd.l
-- Installing: /home/daisuke/Autoware/ros/install/autoware_msgs/share/roseus/ros/autoware_msgs/msg/Centroids.l
-- Installing: /home/daisuke/Autoware/ros/install/autoware_msgs/share/roseus/ros/autoware_msgs/msg/VehicleStatus.l
-- Installing: /home/daisuke/Autoware/ros/install/autoware_msgs/share/roseus/ros/autoware_msgs/msg/TrafficLightResultArray.l
-- Installing: /home/daisuke/Autoware/ros/install/autoware_msgs/share/roseus/ros/autoware_msgs/msg/ControlCommandStamped.l
-- Installing: /home/daisuke/Autoware/ros/install/autoware_msgs/share/roseus/ros/autoware_msgs/msg/ObjLabel.l
-- Installing: /home/daisuke/Autoware/ros/install/autoware_msgs/share/roseus/ros/autoware_msgs/msg/Waypoint.l
-- Installing: /home/daisuke/Autoware/ros/install/autoware_msgs/share/roseus/ros/autoware_msgs/msg/ImageObjTracked.l
-- Installing: /home/daisuke/Autoware/ros/install/autoware_msgs/share/roseus/ros/autoware_msgs/msg/LampCmd.l
-- Installing: /home/daisuke/Autoware/ros/install/autoware_msgs/share/roseus/ros/autoware_msgs/msg/ControlCommand.l
-- Installing: /home/daisuke/Autoware/ros/install/autoware_msgs/share/roseus/ros/autoware_msgs/msg/ScanImage.l
-- Installing: /home/daisuke/Autoware/ros/install/autoware_msgs/share/roseus/ros/autoware_msgs/msg/Signals.l
-- Installing: /home/daisuke/Autoware/ros/install/autoware_msgs/share/roseus/ros/autoware_msgs/msg/ImageObj.l
-- Installing: /home/daisuke/Autoware/ros/install/autoware_msgs/share/roseus/ros/autoware_msgs/msg/GeometricRectangle.l
-- Installing: /home/daisuke/Autoware/ros/install/autoware_msgs/share/roseus/ros/autoware_msgs/msg/ExtractedPosition.l
-- Installing: /home/daisuke/Autoware/ros/install/autoware_msgs/share/roseus/ros/autoware_msgs/msg/ImageLaneObjects.l
-- Installing: /home/daisuke/Autoware/ros/install/autoware_msgs/share/roseus/ros/autoware_msgs/msg/ImageObjRanged.l
-- Installing: /home/daisuke/Autoware/ros/install/autoware_msgs/share/roseus/ros/autoware_msgs/msg/ProjectionMatrix.l
-- Installing: /home/daisuke/Autoware/ros/install/autoware_msgs/share/roseus/ros/autoware_msgs/msg/NDTStat.l
-- Installing: /home/daisuke/Autoware/ros/install/autoware_msgs/share/roseus/ros/autoware_msgs/msg/CloudClusterArray.l
-- Installing: /home/daisuke/Autoware/ros/install/autoware_msgs/share/roseus/ros/autoware_msgs/msg/TunedResult.l
-- Installing: /home/daisuke/Autoware/ros/install/autoware_msgs/share/roseus/ros/autoware_msgs/msg/ImageRectRanged.l
-- Installing: /home/daisuke/Autoware/ros/install/autoware_msgs/share/roseus/ros/autoware_msgs/msg/SyncTimeMonitor.l
-- Installing: /home/daisuke/Autoware/ros/install/autoware_msgs/share/roseus/ros/autoware_msgs/msg/DetectedObject.l
-- Installing: /home/daisuke/Autoware/ros/install/autoware_msgs/share/roseus/ros/autoware_msgs/msg/DetectedObjectArray.l
-- Installing: /home/daisuke/Autoware/ros/install/autoware_msgs/share/roseus/ros/autoware_msgs/msg/LaneArray.l
-- Installing: /home/daisuke/Autoware/ros/install/autoware_msgs/share/roseus/ros/autoware_msgs/msg/DTLane.l
-- Installing: /home/daisuke/Autoware/ros/install/autoware_msgs/share/roseus/ros/autoware_msgs/msg/SteerCmd.l
-- Installing: /home/daisuke/Autoware/ros/install/autoware_msgs/share/roseus/ros/autoware_msgs/msg/ColorSet.l
-- Installing: /home/daisuke/Autoware/ros/install/autoware_msgs/share/roseus/ros/autoware_msgs/msg/ImageObjects.l
-- Installing: /home/daisuke/Autoware/ros/install/autoware_msgs/share/roseus/ros/autoware_msgs/msg/VehicleCmd.l
-- Installing: /home/daisuke/Autoware/ros/install/autoware_msgs/share/roseus/ros/autoware_msgs/msg/Lane.l
-- Installing: /home/daisuke/Autoware/ros/install/autoware_msgs/share/roseus/ros/autoware_msgs/msg/ValueSet.l
-- Installing: /home/daisuke/Autoware/ros/install/autoware_msgs/share/roseus/ros/autoware_msgs/msg/ObjPose.l
-- Installing: /home/daisuke/Autoware/ros/install/autoware_msgs/share/roseus/ros/autoware_msgs/msg/State.l
-- Installing: /home/daisuke/Autoware/ros/install/autoware_msgs/share/roseus/ros/autoware_msgs/msg/AccelCmd.l
-- Installing: /home/daisuke/Autoware/ros/install/autoware_msgs/share/roseus/ros/autoware_msgs/msg/ICPStat.l
-- Installing: /home/daisuke/Autoware/ros/install/autoware_msgs/share/roseus/ros/autoware_msgs/msg/StateCmd.l
-- Installing: /home/daisuke/Autoware/ros/install/autoware_msgs/share/roseus/ros/autoware_msgs/msg/VscanTrackedArray.l
-- Installing: /home/daisuke/Autoware/ros/install/autoware_msgs/share/roseus/ros/autoware_msgs/msg/PointsImage.l
-- Installing: /home/daisuke/Autoware/ros/install/autoware_msgs/share/roseus/ros/autoware_msgs/msg/IndicatorCmd.l
-- Installing: /home/daisuke/Autoware/ros/install/autoware_msgs/share/roseus/ros/autoware_msgs/msg/TrafficLightResult.l
-- Installing: /home/daisuke/Autoware/ros/install/autoware_msgs/share/roseus/ros/autoware_msgs/msg/CloudCluster.l
-- Installing: /home/daisuke/Autoware/ros/install/autoware_msgs/share/common-lisp/ros/autoware_msgs
-- Installing: /home/daisuke/Autoware/ros/install/autoware_msgs/share/common-lisp/ros/autoware_msgs/msg
-- Installing: /home/daisuke/Autoware/ros/install/autoware_msgs/share/common-lisp/ros/autoware_msgs/msg/_package_VehicleStatus.lisp
-- Installing: /home/daisuke/Autoware/ros/install/autoware_msgs/share/common-lisp/ros/autoware_msgs/msg/SyncTimeMonitor.lisp
-- Installing: /home/daisuke/Autoware/ros/install/autoware_msgs/share/common-lisp/ros/autoware_msgs/msg/_package_BrakeCmd.lisp
-- Installing: /home/daisuke/Autoware/ros/install/autoware_msgs/share/common-lisp/ros/autoware_msgs/msg/GeometricRectangle.lisp
-- Installing: /home/daisuke/Autoware/ros/install/autoware_msgs/share/common-lisp/ros/autoware_msgs/msg/_package_AccelCmd.lisp
-- Installing: /home/daisuke/Autoware/ros/install/autoware_msgs/share/common-lisp/ros/autoware_msgs/msg/VehicleCmd.lisp
-- Installing: /home/daisuke/Autoware/ros/install/autoware_msgs/share/common-lisp/ros/autoware_msgs/msg/_package_ScanImage.lisp
-- Installing: /home/daisuke/Autoware/ros/install/autoware_msgs/share/common-lisp/ros/autoware_msgs/msg/CloudCluster.lisp
-- Installing: /home/daisuke/Autoware/ros/install/autoware_msgs/share/common-lisp/ros/autoware_msgs/msg/_package_ValueSet.lisp
-- Installing: /home/daisuke/Autoware/ros/install/autoware_msgs/share/common-lisp/ros/autoware_msgs/msg/_package_CloudClusterArray.lisp
-- Installing: /home/daisuke/Autoware/ros/install/autoware_msgs/share/common-lisp/ros/autoware_msgs/msg/TunedResult.lisp
-- Installing: /home/daisuke/Autoware/ros/install/autoware_msgs/share/common-lisp/ros/autoware_msgs/msg/VehicleLocation.lisp
-- Installing: /home/daisuke/Autoware/ros/install/autoware_msgs/share/common-lisp/ros/autoware_msgs/msg/IndicatorCmd.lisp
-- Installing: /home/daisuke/Autoware/ros/install/autoware_msgs/share/common-lisp/ros/autoware_msgs/msg/Lane.lisp
-- Installing: /home/daisuke/Autoware/ros/install/autoware_msgs/share/common-lisp/ros/autoware_msgs/msg/ImageObjTracked.lisp
-- Installing: /home/daisuke/Autoware/ros/install/autoware_msgs/share/common-lisp/ros/autoware_msgs/msg/AccelCmd.lisp
-- Installing: /home/daisuke/Autoware/ros/install/autoware_msgs/share/common-lisp/ros/autoware_msgs/msg/_package_State.lisp
-- Installing: /home/daisuke/Autoware/ros/install/autoware_msgs/share/common-lisp/ros/autoware_msgs/msg/ImageRect.lisp
-- Installing: /home/daisuke/Autoware/ros/install/autoware_msgs/share/common-lisp/ros/autoware_msgs/msg/_package_Waypoint.lisp
-- Installing: /home/daisuke/Autoware/ros/install/autoware_msgs/share/common-lisp/ros/autoware_msgs/msg/ValueSet.lisp
-- Installing: /home/daisuke/Autoware/ros/install/autoware_msgs/share/common-lisp/ros/autoware_msgs/msg/_package_WaypointState.lisp
-- Installing: /home/daisuke/Autoware/ros/install/autoware_msgs/share/common-lisp/ros/autoware_msgs/msg/_package_LampCmd.lisp
-- Installing: /home/daisuke/Autoware/ros/install/autoware_msgs/share/common-lisp/ros/autoware_msgs/msg/_package_ColorSet.lisp
-- Installing: /home/daisuke/Autoware/ros/install/autoware_msgs/share/common-lisp/ros/autoware_msgs/msg/ImageObj.lisp
-- Installing: /home/daisuke/Autoware/ros/install/autoware_msgs/share/common-lisp/ros/autoware_msgs/msg/SyncTimeDiff.lisp
-- Installing: /home/daisuke/Autoware/ros/install/autoware_msgs/share/common-lisp/ros/autoware_msgs/msg/_package_ICPStat.lisp
-- Installing: /home/daisuke/Autoware/ros/install/autoware_msgs/share/common-lisp/ros/autoware_msgs/msg/ProjectionMatrix.lisp
-- Installing: /home/daisuke/Autoware/ros/install/autoware_msgs/share/common-lisp/ros/autoware_msgs/msg/ImageObjRanged.lisp
-- Installing: /home/daisuke/Autoware/ros/install/autoware_msgs/share/common-lisp/ros/autoware_msgs/msg/_package_SyncTimeMonitor.lisp
-- Installing: /home/daisuke/Autoware/ros/install/autoware_msgs/share/common-lisp/ros/autoware_msgs/msg/_package_ImageRectRanged.lisp
-- Installing: /home/daisuke/Autoware/ros/install/autoware_msgs/share/common-lisp/ros/autoware_msgs/msg/DetectedObject.lisp
-- Installing: /home/daisuke/Autoware/ros/install/autoware_msgs/share/common-lisp/ros/autoware_msgs/msg/autoware_msgs-msg.asd
-- Installing: /home/daisuke/Autoware/ros/install/autoware_msgs/share/common-lisp/ros/autoware_msgs/msg/TrafficLightResult.lisp
-- Installing: /home/daisuke/Autoware/ros/install/autoware_msgs/share/common-lisp/ros/autoware_msgs/msg/Waypoint.lisp
-- Installing: /home/daisuke/Autoware/ros/install/autoware_msgs/share/common-lisp/ros/autoware_msgs/msg/_package_Centroids.lisp
-- Installing: /home/daisuke/Autoware/ros/install/autoware_msgs/share/common-lisp/ros/autoware_msgs/msg/ImageObjects.lisp
-- Installing: /home/daisuke/Autoware/ros/install/autoware_msgs/share/common-lisp/ros/autoware_msgs/msg/_package_ImageObjRanged.lisp
-- Installing: /home/daisuke/Autoware/ros/install/autoware_msgs/share/common-lisp/ros/autoware_msgs/msg/_package_TrafficLightResultArray.lisp
-- Installing: /home/daisuke/Autoware/ros/install/autoware_msgs/share/common-lisp/ros/autoware_msgs/msg/VscanTrackedArray.lisp
-- Installing: /home/daisuke/Autoware/ros/install/autoware_msgs/share/common-lisp/ros/autoware_msgs/msg/_package_ImageLaneObjects.lisp
-- Installing: /home/daisuke/Autoware/ros/install/autoware_msgs/share/common-lisp/ros/autoware_msgs/msg/_package_CloudCluster.lisp
-- Installing: /home/daisuke/Autoware/ros/install/autoware_msgs/share/common-lisp/ros/autoware_msgs/msg/_package_ControlCommandStamped.lisp
-- Installing: /home/daisuke/Autoware/ros/install/autoware_msgs/share/common-lisp/ros/autoware_msgs/msg/CloudClusterArray.lisp
-- Installing: /home/daisuke/Autoware/ros/install/autoware_msgs/share/common-lisp/ros/autoware_msgs/msg/_package_SteerCmd.lisp
-- Installing: /home/daisuke/Autoware/ros/install/autoware_msgs/share/common-lisp/ros/autoware_msgs/msg/_package.lisp
-- Installing: /home/daisuke/Autoware/ros/install/autoware_msgs/share/common-lisp/ros/autoware_msgs/msg/_package_ControlCommand.lisp
-- Installing: /home/daisuke/Autoware/ros/install/autoware_msgs/share/common-lisp/ros/autoware_msgs/msg/ControlCommandStamped.lisp
-- Installing: /home/daisuke/Autoware/ros/install/autoware_msgs/share/common-lisp/ros/autoware_msgs/msg/_package_PointsImage.lisp
-- Installing: /home/daisuke/Autoware/ros/install/autoware_msgs/share/common-lisp/ros/autoware_msgs/msg/_package_RemoteCmd.lisp
-- Installing: /home/daisuke/Autoware/ros/install/autoware_msgs/share/common-lisp/ros/autoware_msgs/msg/State.lisp
-- Installing: /home/daisuke/Autoware/ros/install/autoware_msgs/share/common-lisp/ros/autoware_msgs/msg/_package_LaneArray.lisp
-- Installing: /home/daisuke/Autoware/ros/install/autoware_msgs/share/common-lisp/ros/autoware_msgs/msg/ImageRectRanged.lisp
-- Installing: /home/daisuke/Autoware/ros/install/autoware_msgs/share/common-lisp/ros/autoware_msgs/msg/BrakeCmd.lisp
-- Installing: /home/daisuke/Autoware/ros/install/autoware_msgs/share/common-lisp/ros/autoware_msgs/msg/_package_TrafficLight.lisp
-- Installing: /home/daisuke/Autoware/ros/install/autoware_msgs/share/common-lisp/ros/autoware_msgs/msg/Centroids.lisp
-- Installing: /home/daisuke/Autoware/ros/install/autoware_msgs/share/common-lisp/ros/autoware_msgs/msg/ObjLabel.lisp
-- Installing: /home/daisuke/Autoware/ros/install/autoware_msgs/share/common-lisp/ros/autoware_msgs/msg/ICPStat.lisp
-- Installing: /home/daisuke/Autoware/ros/install/autoware_msgs/share/common-lisp/ros/autoware_msgs/msg/VehicleStatus.lisp
-- Installing: /home/daisuke/Autoware/ros/install/autoware_msgs/share/common-lisp/ros/autoware_msgs/msg/_package_VscanTracked.lisp
-- Installing: /home/daisuke/Autoware/ros/install/autoware_msgs/share/common-lisp/ros/autoware_msgs/msg/ExtractedPosition.lisp
-- Installing: /home/daisuke/Autoware/ros/install/autoware_msgs/share/common-lisp/ros/autoware_msgs/msg/_package_ImageRect.lisp
-- Installing: /home/daisuke/Autoware/ros/install/autoware_msgs/share/common-lisp/ros/autoware_msgs/msg/_package_ObjLabel.lisp
-- Installing: /home/daisuke/Autoware/ros/install/autoware_msgs/share/common-lisp/ros/autoware_msgs/msg/_package_ImageObjTracked.lisp
-- Installing: /home/daisuke/Autoware/ros/install/autoware_msgs/share/common-lisp/ros/autoware_msgs/msg/NDTStat.lisp
-- Installing: /home/daisuke/Autoware/ros/install/autoware_msgs/share/common-lisp/ros/autoware_msgs/msg/_package_ImageObjects.lisp
-- Installing: /home/daisuke/Autoware/ros/install/autoware_msgs/share/common-lisp/ros/autoware_msgs/msg/AdjustXY.lisp
-- Installing: /home/daisuke/Autoware/ros/install/autoware_msgs/share/common-lisp/ros/autoware_msgs/msg/_package_TrafficLightResult.lisp
-- Installing: /home/daisuke/Autoware/ros/install/autoware_msgs/share/common-lisp/ros/autoware_msgs/msg/LaneArray.lisp
-- Installing: /home/daisuke/Autoware/ros/install/autoware_msgs/share/common-lisp/ros/autoware_msgs/msg/_package_ProjectionMatrix.lisp
-- Installing: /home/daisuke/Autoware/ros/install/autoware_msgs/share/common-lisp/ros/autoware_msgs/msg/_package_GeometricRectangle.lisp
-- Installing: /home/daisuke/Autoware/ros/install/autoware_msgs/share/common-lisp/ros/autoware_msgs/msg/_package_ExtractedPosition.lisp
-- Installing: /home/daisuke/Autoware/ros/install/autoware_msgs/share/common-lisp/ros/autoware_msgs/msg/DTLane.lisp
-- Installing: /home/daisuke/Autoware/ros/install/autoware_msgs/share/common-lisp/ros/autoware_msgs/msg/ControlCommand.lisp
-- Installing: /home/daisuke/Autoware/ros/install/autoware_msgs/share/common-lisp/ros/autoware_msgs/msg/_package_Signals.lisp
-- Installing: /home/daisuke/Autoware/ros/install/autoware_msgs/share/common-lisp/ros/autoware_msgs/msg/_package_ObjPose.lisp
-- Installing: /home/daisuke/Autoware/ros/install/autoware_msgs/share/common-lisp/ros/autoware_msgs/msg/SteerCmd.lisp
-- Installing: /home/daisuke/Autoware/ros/install/autoware_msgs/share/common-lisp/ros/autoware_msgs/msg/_package_DetectedObject.lisp
-- Installing: /home/daisuke/Autoware/ros/install/autoware_msgs/share/common-lisp/ros/autoware_msgs/msg/ColorSet.lisp
-- Installing: /home/daisuke/Autoware/ros/install/autoware_msgs/share/common-lisp/ros/autoware_msgs/msg/_package_AdjustXY.lisp
-- Installing: /home/daisuke/Autoware/ros/install/autoware_msgs/share/common-lisp/ros/autoware_msgs/msg/_package_DetectedObjectArray.lisp
-- Installing: /home/daisuke/Autoware/ros/install/autoware_msgs/share/common-lisp/ros/autoware_msgs/msg/LampCmd.lisp
-- Installing: /home/daisuke/Autoware/ros/install/autoware_msgs/share/common-lisp/ros/autoware_msgs/msg/TrafficLightResultArray.lisp
-- Installing: /home/daisuke/Autoware/ros/install/autoware_msgs/share/common-lisp/ros/autoware_msgs/msg/WaypointState.lisp
-- Installing: /home/daisuke/Autoware/ros/install/autoware_msgs/share/common-lisp/ros/autoware_msgs/msg/_package_DTLane.lisp
-- Installing: /home/daisuke/Autoware/ros/install/autoware_msgs/share/common-lisp/ros/autoware_msgs/msg/_package_Lane.lisp
-- Installing: /home/daisuke/Autoware/ros/install/autoware_msgs/share/common-lisp/ros/autoware_msgs/msg/Signals.lisp
-- Installing: /home/daisuke/Autoware/ros/install/autoware_msgs/share/common-lisp/ros/autoware_msgs/msg/StateCmd.lisp
-- Installing: /home/daisuke/Autoware/ros/install/autoware_msgs/share/common-lisp/ros/autoware_msgs/msg/_package_NDTStat.lisp
-- Installing: /home/daisuke/Autoware/ros/install/autoware_msgs/share/common-lisp/ros/autoware_msgs/msg/_package_SyncTimeDiff.lisp
-- Installing: /home/daisuke/Autoware/ros/install/autoware_msgs/share/common-lisp/ros/autoware_msgs/msg/_package_ImageObj.lisp
-- Installing: /home/daisuke/Autoware/ros/install/autoware_msgs/share/common-lisp/ros/autoware_msgs/msg/_package_TunedResult.lisp
-- Installing: /home/daisuke/Autoware/ros/install/autoware_msgs/share/common-lisp/ros/autoware_msgs/msg/VscanTracked.lisp
-- Installing: /home/daisuke/Autoware/ros/install/autoware_msgs/share/common-lisp/ros/autoware_msgs/msg/DetectedObjectArray.lisp
-- Installing: /home/daisuke/Autoware/ros/install/autoware_msgs/share/common-lisp/ros/autoware_msgs/msg/ScanImage.lisp
-- Installing: /home/daisuke/Autoware/ros/install/autoware_msgs/share/common-lisp/ros/autoware_msgs/msg/PointsImage.lisp
-- Installing: /home/daisuke/Autoware/ros/install/autoware_msgs/share/common-lisp/ros/autoware_msgs/msg/ObjPose.lisp
-- Installing: /home/daisuke/Autoware/ros/install/autoware_msgs/share/common-lisp/ros/autoware_msgs/msg/ImageLaneObjects.lisp
-- Installing: /home/daisuke/Autoware/ros/install/autoware_msgs/share/common-lisp/ros/autoware_msgs/msg/_package_VehicleCmd.lisp
-- Installing: /home/daisuke/Autoware/ros/install/autoware_msgs/share/common-lisp/ros/autoware_msgs/msg/_package_IndicatorCmd.lisp
-- Installing: /home/daisuke/Autoware/ros/install/autoware_msgs/share/common-lisp/ros/autoware_msgs/msg/_package_StateCmd.lisp
-- Installing: /home/daisuke/Autoware/ros/install/autoware_msgs/share/common-lisp/ros/autoware_msgs/msg/TrafficLight.lisp
-- Installing: /home/daisuke/Autoware/ros/install/autoware_msgs/share/common-lisp/ros/autoware_msgs/msg/_package_VscanTrackedArray.lisp
-- Installing: /home/daisuke/Autoware/ros/install/autoware_msgs/share/common-lisp/ros/autoware_msgs/msg/_package_VehicleLocation.lisp
-- Installing: /home/daisuke/Autoware/ros/install/autoware_msgs/share/common-lisp/ros/autoware_msgs/msg/RemoteCmd.lisp
-- Installing: /home/daisuke/Autoware/ros/install/autoware_msgs/share/gennodejs/ros/autoware_msgs
-- Installing: /home/daisuke/Autoware/ros/install/autoware_msgs/share/gennodejs/ros/autoware_msgs/msg
-- Installing: /home/daisuke/Autoware/ros/install/autoware_msgs/share/gennodejs/ros/autoware_msgs/msg/SteerCmd.js
-- Installing: /home/daisuke/Autoware/ros/install/autoware_msgs/share/gennodejs/ros/autoware_msgs/msg/Centroids.js
-- Installing: /home/daisuke/Autoware/ros/install/autoware_msgs/share/gennodejs/ros/autoware_msgs/msg/State.js
-- Installing: /home/daisuke/Autoware/ros/install/autoware_msgs/share/gennodejs/ros/autoware_msgs/msg/TrafficLightResult.js
-- Installing: /home/daisuke/Autoware/ros/install/autoware_msgs/share/gennodejs/ros/autoware_msgs/msg/VscanTrackedArray.js
-- Installing: /home/daisuke/Autoware/ros/install/autoware_msgs/share/gennodejs/ros/autoware_msgs/msg/ImageObjRanged.js
-- Installing: /home/daisuke/Autoware/ros/install/autoware_msgs/share/gennodejs/ros/autoware_msgs/msg/ScanImage.js
-- Installing: /home/daisuke/Autoware/ros/install/autoware_msgs/share/gennodejs/ros/autoware_msgs/msg/ObjPose.js
-- Installing: /home/daisuke/Autoware/ros/install/autoware_msgs/share/gennodejs/ros/autoware_msgs/msg/ImageObjTracked.js
-- Installing: /home/daisuke/Autoware/ros/install/autoware_msgs/share/gennodejs/ros/autoware_msgs/msg/ProjectionMatrix.js
-- Installing: /home/daisuke/Autoware/ros/install/autoware_msgs/share/gennodejs/ros/autoware_msgs/msg/ControlCommand.js
-- Installing: /home/daisuke/Autoware/ros/install/autoware_msgs/share/gennodejs/ros/autoware_msgs/msg/ImageRectRanged.js
-- Installing: /home/daisuke/Autoware/ros/install/autoware_msgs/share/gennodejs/ros/autoware_msgs/msg/CloudClusterArray.js
-- Installing: /home/daisuke/Autoware/ros/install/autoware_msgs/share/gennodejs/ros/autoware_msgs/msg/DetectedObjectArray.js
-- Installing: /home/daisuke/Autoware/ros/install/autoware_msgs/share/gennodejs/ros/autoware_msgs/msg/Lane.js
-- Installing: /home/daisuke/Autoware/ros/install/autoware_msgs/share/gennodejs/ros/autoware_msgs/msg/ICPStat.js
-- Installing: /home/daisuke/Autoware/ros/install/autoware_msgs/share/gennodejs/ros/autoware_msgs/msg/AccelCmd.js
-- Installing: /home/daisuke/Autoware/ros/install/autoware_msgs/share/gennodejs/ros/autoware_msgs/msg/ControlCommandStamped.js
-- Installing: /home/daisuke/Autoware/ros/install/autoware_msgs/share/gennodejs/ros/autoware_msgs/msg/LampCmd.js
-- Installing: /home/daisuke/Autoware/ros/install/autoware_msgs/share/gennodejs/ros/autoware_msgs/msg/DTLane.js
-- Installing: /home/daisuke/Autoware/ros/install/autoware_msgs/share/gennodejs/ros/autoware_msgs/msg/BrakeCmd.js
-- Installing: /home/daisuke/Autoware/ros/install/autoware_msgs/share/gennodejs/ros/autoware_msgs/msg/SyncTimeMonitor.js
-- Installing: /home/daisuke/Autoware/ros/install/autoware_msgs/share/gennodejs/ros/autoware_msgs/msg/NDTStat.js
-- Installing: /home/daisuke/Autoware/ros/install/autoware_msgs/share/gennodejs/ros/autoware_msgs/msg/TrafficLightResultArray.js
-- Installing: /home/daisuke/Autoware/ros/install/autoware_msgs/share/gennodejs/ros/autoware_msgs/msg/SyncTimeDiff.js
-- Installing: /home/daisuke/Autoware/ros/install/autoware_msgs/share/gennodejs/ros/autoware_msgs/msg/ValueSet.js
-- Installing: /home/daisuke/Autoware/ros/install/autoware_msgs/share/gennodejs/ros/autoware_msgs/msg/CloudCluster.js
-- Installing: /home/daisuke/Autoware/ros/install/autoware_msgs/share/gennodejs/ros/autoware_msgs/msg/LaneArray.js
-- Installing: /home/daisuke/Autoware/ros/install/autoware_msgs/share/gennodejs/ros/autoware_msgs/msg/TunedResult.js
-- Installing: /home/daisuke/Autoware/ros/install/autoware_msgs/share/gennodejs/ros/autoware_msgs/msg/ImageObj.js
-- Installing: /home/daisuke/Autoware/ros/install/autoware_msgs/share/gennodejs/ros/autoware_msgs/msg/TrafficLight.js
-- Installing: /home/daisuke/Autoware/ros/install/autoware_msgs/share/gennodejs/ros/autoware_msgs/msg/Signals.js
-- Installing: /home/daisuke/Autoware/ros/install/autoware_msgs/share/gennodejs/ros/autoware_msgs/msg/ImageObjects.js
-- Installing: /home/daisuke/Autoware/ros/install/autoware_msgs/share/gennodejs/ros/autoware_msgs/msg/Waypoint.js
-- Installing: /home/daisuke/Autoware/ros/install/autoware_msgs/share/gennodejs/ros/autoware_msgs/msg/VehicleLocation.js
-- Installing: /home/daisuke/Autoware/ros/install/autoware_msgs/share/gennodejs/ros/autoware_msgs/msg/GeometricRectangle.js
-- Installing: /home/daisuke/Autoware/ros/install/autoware_msgs/share/gennodejs/ros/autoware_msgs/msg/VehicleCmd.js
-- Installing: /home/daisuke/Autoware/ros/install/autoware_msgs/share/gennodejs/ros/autoware_msgs/msg/AdjustXY.js
-- Installing: /home/daisuke/Autoware/ros/install/autoware_msgs/share/gennodejs/ros/autoware_msgs/msg/ImageLaneObjects.js
-- Installing: /home/daisuke/Autoware/ros/install/autoware_msgs/share/gennodejs/ros/autoware_msgs/msg/VscanTracked.js
-- Installing: /home/daisuke/Autoware/ros/install/autoware_msgs/share/gennodejs/ros/autoware_msgs/msg/StateCmd.js
-- Installing: /home/daisuke/Autoware/ros/install/autoware_msgs/share/gennodejs/ros/autoware_msgs/msg/_index.js
-- Installing: /home/daisuke/Autoware/ros/install/autoware_msgs/share/gennodejs/ros/autoware_msgs/msg/VehicleStatus.js
-- Installing: /home/daisuke/Autoware/ros/install/autoware_msgs/share/gennodejs/ros/autoware_msgs/msg/ImageRect.js
-- Installing: /home/daisuke/Autoware/ros/install/autoware_msgs/share/gennodejs/ros/autoware_msgs/msg/ExtractedPosition.js
-- Installing: /home/daisuke/Autoware/ros/install/autoware_msgs/share/gennodejs/ros/autoware_msgs/msg/RemoteCmd.js
-- Installing: /home/daisuke/Autoware/ros/install/autoware_msgs/share/gennodejs/ros/autoware_msgs/msg/WaypointState.js
-- Installing: /home/daisuke/Autoware/ros/install/autoware_msgs/share/gennodejs/ros/autoware_msgs/msg/DetectedObject.js
-- Installing: /home/daisuke/Autoware/ros/install/autoware_msgs/share/gennodejs/ros/autoware_msgs/msg/IndicatorCmd.js
-- Installing: /home/daisuke/Autoware/ros/install/autoware_msgs/share/gennodejs/ros/autoware_msgs/msg/PointsImage.js
-- Installing: /home/daisuke/Autoware/ros/install/autoware_msgs/share/gennodejs/ros/autoware_msgs/msg/ColorSet.js
-- Installing: /home/daisuke/Autoware/ros/install/autoware_msgs/share/gennodejs/ros/autoware_msgs/msg/ObjLabel.js
-- Installing: /home/daisuke/Autoware/ros/install/autoware_msgs/share/gennodejs/ros/autoware_msgs/_index.js
Listing /home/daisuke/Autoware/ros/build/autoware_msgs/devel/lib/python2.7/dist-packages/autoware_msgs ...
Compiling /home/daisuke/Autoware/ros/build/autoware_msgs/devel/lib/python2.7/dist-packages/autoware_msgs/__init__.py ...
Listing /home/daisuke/Autoware/ros/build/autoware_msgs/devel/lib/python2.7/dist-packages/autoware_msgs/msg ...
Compiling /home/daisuke/Autoware/ros/build/autoware_msgs/devel/lib/python2.7/dist-packages/autoware_msgs/msg/_AccelCmd.py ...
Compiling /home/daisuke/Autoware/ros/build/autoware_msgs/devel/lib/python2.7/dist-packages/autoware_msgs/msg/_AdjustXY.py ...
Compiling /home/daisuke/Autoware/ros/build/autoware_msgs/devel/lib/python2.7/dist-packages/autoware_msgs/msg/_BrakeCmd.py ...
Compiling /home/daisuke/Autoware/ros/build/autoware_msgs/devel/lib/python2.7/dist-packages/autoware_msgs/msg/_Centroids.py ...
Compiling /home/daisuke/Autoware/ros/build/autoware_msgs/devel/lib/python2.7/dist-packages/autoware_msgs/msg/_CloudCluster.py ...
Compiling /home/daisuke/Autoware/ros/build/autoware_msgs/devel/lib/python2.7/dist-packages/autoware_msgs/msg/_CloudClusterArray.py ...
Compiling /home/daisuke/Autoware/ros/build/autoware_msgs/devel/lib/python2.7/dist-packages/autoware_msgs/msg/_ColorSet.py ...
Compiling /home/daisuke/Autoware/ros/build/autoware_msgs/devel/lib/python2.7/dist-packages/autoware_msgs/msg/_ControlCommand.py ...
Compiling /home/daisuke/Autoware/ros/build/autoware_msgs/devel/lib/python2.7/dist-packages/autoware_msgs/msg/_ControlCommandStamped.py ...
Compiling /home/daisuke/Autoware/ros/build/autoware_msgs/devel/lib/python2.7/dist-packages/autoware_msgs/msg/_DTLane.py ...
Compiling /home/daisuke/Autoware/ros/build/autoware_msgs/devel/lib/python2.7/dist-packages/autoware_msgs/msg/_DetectedObject.py ...
Compiling /home/daisuke/Autoware/ros/build/autoware_msgs/devel/lib/python2.7/dist-packages/autoware_msgs/msg/_DetectedObjectArray.py ...
Compiling /home/daisuke/Autoware/ros/build/autoware_msgs/devel/lib/python2.7/dist-packages/autoware_msgs/msg/_ExtractedPosition.py ...
Compiling /home/daisuke/Autoware/ros/build/autoware_msgs/devel/lib/python2.7/dist-packages/autoware_msgs/msg/_GeometricRectangle.py ...
Compiling /home/daisuke/Autoware/ros/build/autoware_msgs/devel/lib/python2.7/dist-packages/autoware_msgs/msg/_ICPStat.py ...
Compiling /home/daisuke/Autoware/ros/build/autoware_msgs/devel/lib/python2.7/dist-packages/autoware_msgs/msg/_ImageLaneObjects.py ...
Compiling /home/daisuke/Autoware/ros/build/autoware_msgs/devel/lib/python2.7/dist-packages/autoware_msgs/msg/_ImageObj.py ...
Compiling /home/daisuke/Autoware/ros/build/autoware_msgs/devel/lib/python2.7/dist-packages/autoware_msgs/msg/_ImageObjRanged.py ...
Compiling /home/daisuke/Autoware/ros/build/autoware_msgs/devel/lib/python2.7/dist-packages/autoware_msgs/msg/_ImageObjTracked.py ...
Compiling /home/daisuke/Autoware/ros/build/autoware_msgs/devel/lib/python2.7/dist-packages/autoware_msgs/msg/_ImageObjects.py ...
Compiling /home/daisuke/Autoware/ros/build/autoware_msgs/devel/lib/python2.7/dist-packages/autoware_msgs/msg/_ImageRect.py ...
Compiling /home/daisuke/Autoware/ros/build/autoware_msgs/devel/lib/python2.7/dist-packages/autoware_msgs/msg/_ImageRectRanged.py ...
Compiling /home/daisuke/Autoware/ros/build/autoware_msgs/devel/lib/python2.7/dist-packages/autoware_msgs/msg/_IndicatorCmd.py ...
Compiling /home/daisuke/Autoware/ros/build/autoware_msgs/devel/lib/python2.7/dist-packages/autoware_msgs/msg/_LampCmd.py ...
Compiling /home/daisuke/Autoware/ros/build/autoware_msgs/devel/lib/python2.7/dist-packages/autoware_msgs/msg/_Lane.py ...
Compiling /home/daisuke/Autoware/ros/build/autoware_msgs/devel/lib/python2.7/dist-packages/autoware_msgs/msg/_LaneArray.py ...
Compiling /home/daisuke/Autoware/ros/build/autoware_msgs/devel/lib/python2.7/dist-packages/autoware_msgs/msg/_NDTStat.py ...
Compiling /home/daisuke/Autoware/ros/build/autoware_msgs/devel/lib/python2.7/dist-packages/autoware_msgs/msg/_ObjLabel.py ...
Compiling /home/daisuke/Autoware/ros/build/autoware_msgs/devel/lib/python2.7/dist-packages/autoware_msgs/msg/_ObjPose.py ...
Compiling /home/daisuke/Autoware/ros/build/autoware_msgs/devel/lib/python2.7/dist-packages/autoware_msgs/msg/_PointsImage.py ...
Compiling /home/daisuke/Autoware/ros/build/autoware_msgs/devel/lib/python2.7/dist-packages/autoware_msgs/msg/_ProjectionMatrix.py ...
Compiling /home/daisuke/Autoware/ros/build/autoware_msgs/devel/lib/python2.7/dist-packages/autoware_msgs/msg/_RemoteCmd.py ...
Compiling /home/daisuke/Autoware/ros/build/autoware_msgs/devel/lib/python2.7/dist-packages/autoware_msgs/msg/_ScanImage.py ...
Compiling /home/daisuke/Autoware/ros/build/autoware_msgs/devel/lib/python2.7/dist-packages/autoware_msgs/msg/_Signals.py ...
Compiling /home/daisuke/Autoware/ros/build/autoware_msgs/devel/lib/python2.7/dist-packages/autoware_msgs/msg/_State.py ...
Compiling /home/daisuke/Autoware/ros/build/autoware_msgs/devel/lib/python2.7/dist-packages/autoware_msgs/msg/_StateCmd.py ...
Compiling /home/daisuke/Autoware/ros/build/autoware_msgs/devel/lib/python2.7/dist-packages/autoware_msgs/msg/_SteerCmd.py ...
Compiling /home/daisuke/Autoware/ros/build/autoware_msgs/devel/lib/python2.7/dist-packages/autoware_msgs/msg/_SyncTimeDiff.py ...
Compiling /home/daisuke/Autoware/ros/build/autoware_msgs/devel/lib/python2.7/dist-packages/autoware_msgs/msg/_SyncTimeMonitor.py ...
Compiling /home/daisuke/Autoware/ros/build/autoware_msgs/devel/lib/python2.7/dist-packages/autoware_msgs/msg/_TrafficLight.py ...
Compiling /home/daisuke/Autoware/ros/build/autoware_msgs/devel/lib/python2.7/dist-packages/autoware_msgs/msg/_TrafficLightResult.py ...
Compiling /home/daisuke/Autoware/ros/build/autoware_msgs/devel/lib/python2.7/dist-packages/autoware_msgs/msg/_TrafficLightResultArray.py ...
Compiling /home/daisuke/Autoware/ros/build/autoware_msgs/devel/lib/python2.7/dist-packages/autoware_msgs/msg/_TunedResult.py ...
Compiling /home/daisuke/Autoware/ros/build/autoware_msgs/devel/lib/python2.7/dist-packages/autoware_msgs/msg/_ValueSet.py ...
Compiling /home/daisuke/Autoware/ros/build/autoware_msgs/devel/lib/python2.7/dist-packages/autoware_msgs/msg/_VehicleCmd.py ...
Compiling /home/daisuke/Autoware/ros/build/autoware_msgs/devel/lib/python2.7/dist-packages/autoware_msgs/msg/_VehicleLocation.py ...
Compiling /home/daisuke/Autoware/ros/build/autoware_msgs/devel/lib/python2.7/dist-packages/autoware_msgs/msg/_VehicleStatus.py ...
Compiling /home/daisuke/Autoware/ros/build/autoware_msgs/devel/lib/python2.7/dist-packages/autoware_msgs/msg/_VscanTracked.py ...
Compiling /home/daisuke/Autoware/ros/build/autoware_msgs/devel/lib/python2.7/dist-packages/autoware_msgs/msg/_VscanTrackedArray.py ...
Compiling /home/daisuke/Autoware/ros/build/autoware_msgs/devel/lib/python2.7/dist-packages/autoware_msgs/msg/_Waypoint.py ...
Compiling /home/daisuke/Autoware/ros/build/autoware_msgs/devel/lib/python2.7/dist-packages/autoware_msgs/msg/_WaypointState.py ...
Compiling /home/daisuke/Autoware/ros/build/autoware_msgs/devel/lib/python2.7/dist-packages/autoware_msgs/msg/__init__.py ...
-- Installing: /home/daisuke/Autoware/ros/install/autoware_msgs/lib/python2.7/dist-packages/autoware_msgs
-- Installing: /home/daisuke/Autoware/ros/install/autoware_msgs/lib/python2.7/dist-packages/autoware_msgs/__init__.pyc
-- Installing: /home/daisuke/Autoware/ros/install/autoware_msgs/lib/python2.7/dist-packages/autoware_msgs/__init__.py
-- Installing: /home/daisuke/Autoware/ros/install/autoware_msgs/lib/python2.7/dist-packages/autoware_msgs/msg
-- Installing: /home/daisuke/Autoware/ros/install/autoware_msgs/lib/python2.7/dist-packages/autoware_msgs/msg/_ImageObjTracked.py
-- Installing: /home/daisuke/Autoware/ros/install/autoware_msgs/lib/python2.7/dist-packages/autoware_msgs/msg/_Waypoint.pyc
-- Installing: /home/daisuke/Autoware/ros/install/autoware_msgs/lib/python2.7/dist-packages/autoware_msgs/msg/_SyncTimeDiff.py
-- Installing: /home/daisuke/Autoware/ros/install/autoware_msgs/lib/python2.7/dist-packages/autoware_msgs/msg/_TrafficLightResultArray.pyc
-- Installing: /home/daisuke/Autoware/ros/install/autoware_msgs/lib/python2.7/dist-packages/autoware_msgs/msg/_TunedResult.pyc
-- Installing: /home/daisuke/Autoware/ros/install/autoware_msgs/lib/python2.7/dist-packages/autoware_msgs/msg/_ImageObj.pyc
-- Installing: /home/daisuke/Autoware/ros/install/autoware_msgs/lib/python2.7/dist-packages/autoware_msgs/msg/_TrafficLight.pyc
-- Installing: /home/daisuke/Autoware/ros/install/autoware_msgs/lib/python2.7/dist-packages/autoware_msgs/msg/_VscanTracked.py
-- Installing: /home/daisuke/Autoware/ros/install/autoware_msgs/lib/python2.7/dist-packages/autoware_msgs/msg/_VscanTrackedArray.pyc
-- Installing: /home/daisuke/Autoware/ros/install/autoware_msgs/lib/python2.7/dist-packages/autoware_msgs/msg/_AccelCmd.pyc
-- Installing: /home/daisuke/Autoware/ros/install/autoware_msgs/lib/python2.7/dist-packages/autoware_msgs/msg/_ObjLabel.pyc
-- Installing: /home/daisuke/Autoware/ros/install/autoware_msgs/lib/python2.7/dist-packages/autoware_msgs/msg/_ImageRectRanged.py
-- Installing: /home/daisuke/Autoware/ros/install/autoware_msgs/lib/python2.7/dist-packages/autoware_msgs/msg/_ImageObjects.pyc
-- Installing: /home/daisuke/Autoware/ros/install/autoware_msgs/lib/python2.7/dist-packages/autoware_msgs/msg/_Lane.pyc
-- Installing: /home/daisuke/Autoware/ros/install/autoware_msgs/lib/python2.7/dist-packages/autoware_msgs/msg/_PointsImage.py
-- Installing: /home/daisuke/Autoware/ros/install/autoware_msgs/lib/python2.7/dist-packages/autoware_msgs/msg/_Signals.pyc
-- Installing: /home/daisuke/Autoware/ros/install/autoware_msgs/lib/python2.7/dist-packages/autoware_msgs/msg/_ImageObjTracked.pyc
-- Installing: /home/daisuke/Autoware/ros/install/autoware_msgs/lib/python2.7/dist-packages/autoware_msgs/msg/_DetectedObjectArray.py
-- Installing: /home/daisuke/Autoware/ros/install/autoware_msgs/lib/python2.7/dist-packages/autoware_msgs/msg/_Signals.py
-- Installing: /home/daisuke/Autoware/ros/install/autoware_msgs/lib/python2.7/dist-packages/autoware_msgs/msg/_LampCmd.py
-- Installing: /home/daisuke/Autoware/ros/install/autoware_msgs/lib/python2.7/dist-packages/autoware_msgs/msg/_CloudClusterArray.pyc
-- Installing: /home/daisuke/Autoware/ros/install/autoware_msgs/lib/python2.7/dist-packages/autoware_msgs/msg/_ImageRect.py
-- Installing: /home/daisuke/Autoware/ros/install/autoware_msgs/lib/python2.7/dist-packages/autoware_msgs/msg/_VehicleStatus.pyc
-- Installing: /home/daisuke/Autoware/ros/install/autoware_msgs/lib/python2.7/dist-packages/autoware_msgs/msg/_PointsImage.pyc
-- Installing: /home/daisuke/Autoware/ros/install/autoware_msgs/lib/python2.7/dist-packages/autoware_msgs/msg/_VehicleCmd.pyc
-- Installing: /home/daisuke/Autoware/ros/install/autoware_msgs/lib/python2.7/dist-packages/autoware_msgs/msg/_StateCmd.py
-- Installing: /home/daisuke/Autoware/ros/install/autoware_msgs/lib/python2.7/dist-packages/autoware_msgs/msg/_ValueSet.pyc
-- Installing: /home/daisuke/Autoware/ros/install/autoware_msgs/lib/python2.7/dist-packages/autoware_msgs/msg/_RemoteCmd.py
-- Installing: /home/daisuke/Autoware/ros/install/autoware_msgs/lib/python2.7/dist-packages/autoware_msgs/msg/_StateCmd.pyc
-- Installing: /home/daisuke/Autoware/ros/install/autoware_msgs/lib/python2.7/dist-packages/autoware_msgs/msg/_DetectedObjectArray.pyc
-- Installing: /home/daisuke/Autoware/ros/install/autoware_msgs/lib/python2.7/dist-packages/autoware_msgs/msg/_ICPStat.pyc
-- Installing: /home/daisuke/Autoware/ros/install/autoware_msgs/lib/python2.7/dist-packages/autoware_msgs/msg/_WaypointState.pyc
-- Installing: /home/daisuke/Autoware/ros/install/autoware_msgs/lib/python2.7/dist-packages/autoware_msgs/msg/_NDTStat.pyc
-- Installing: /home/daisuke/Autoware/ros/install/autoware_msgs/lib/python2.7/dist-packages/autoware_msgs/msg/_ScanImage.py
-- Installing: /home/daisuke/Autoware/ros/install/autoware_msgs/lib/python2.7/dist-packages/autoware_msgs/msg/_DetectedObject.py
-- Installing: /home/daisuke/Autoware/ros/install/autoware_msgs/lib/python2.7/dist-packages/autoware_msgs/msg/_ObjPose.py
-- Installing: /home/daisuke/Autoware/ros/install/autoware_msgs/lib/python2.7/dist-packages/autoware_msgs/msg/_ImageLaneObjects.pyc
-- Installing: /home/daisuke/Autoware/ros/install/autoware_msgs/lib/python2.7/dist-packages/autoware_msgs/msg/_SyncTimeMonitor.pyc
-- Installing: /home/daisuke/Autoware/ros/install/autoware_msgs/lib/python2.7/dist-packages/autoware_msgs/msg/_AdjustXY.pyc
-- Installing: /home/daisuke/Autoware/ros/install/autoware_msgs/lib/python2.7/dist-packages/autoware_msgs/msg/_ColorSet.pyc
-- Installing: /home/daisuke/Autoware/ros/install/autoware_msgs/lib/python2.7/dist-packages/autoware_msgs/msg/_ImageObjRanged.py
-- Installing: /home/daisuke/Autoware/ros/install/autoware_msgs/lib/python2.7/dist-packages/autoware_msgs/msg/_ControlCommandStamped.py
-- Installing: /home/daisuke/Autoware/ros/install/autoware_msgs/lib/python2.7/dist-packages/autoware_msgs/msg/_State.py
-- Installing: /home/daisuke/Autoware/ros/install/autoware_msgs/lib/python2.7/dist-packages/autoware_msgs/msg/_ImageObjRanged.pyc
-- Installing: /home/daisuke/Autoware/ros/install/autoware_msgs/lib/python2.7/dist-packages/autoware_msgs/msg/_ICPStat.py
-- Installing: /home/daisuke/Autoware/ros/install/autoware_msgs/lib/python2.7/dist-packages/autoware_msgs/msg/_ProjectionMatrix.py
-- Installing: /home/daisuke/Autoware/ros/install/autoware_msgs/lib/python2.7/dist-packages/autoware_msgs/msg/_ScanImage.pyc
-- Installing: /home/daisuke/Autoware/ros/install/autoware_msgs/lib/python2.7/dist-packages/autoware_msgs/msg/_DTLane.pyc
-- Installing: /home/daisuke/Autoware/ros/install/autoware_msgs/lib/python2.7/dist-packages/autoware_msgs/msg/_TrafficLightResultArray.py
-- Installing: /home/daisuke/Autoware/ros/install/autoware_msgs/lib/python2.7/dist-packages/autoware_msgs/msg/_ExtractedPosition.py
-- Installing: /home/daisuke/Autoware/ros/install/autoware_msgs/lib/python2.7/dist-packages/autoware_msgs/msg/_IndicatorCmd.pyc
-- Installing: /home/daisuke/Autoware/ros/install/autoware_msgs/lib/python2.7/dist-packages/autoware_msgs/msg/_ControlCommand.pyc
-- Installing: /home/daisuke/Autoware/ros/install/autoware_msgs/lib/python2.7/dist-packages/autoware_msgs/msg/_RemoteCmd.pyc
-- Installing: /home/daisuke/Autoware/ros/install/autoware_msgs/lib/python2.7/dist-packages/autoware_msgs/msg/__init__.pyc
-- Installing: /home/daisuke/Autoware/ros/install/autoware_msgs/lib/python2.7/dist-packages/autoware_msgs/msg/_DTLane.py
-- Installing: /home/daisuke/Autoware/ros/install/autoware_msgs/lib/python2.7/dist-packages/autoware_msgs/msg/__init__.py
-- Installing: /home/daisuke/Autoware/ros/install/autoware_msgs/lib/python2.7/dist-packages/autoware_msgs/msg/_SteerCmd.py
-- Installing: /home/daisuke/Autoware/ros/install/autoware_msgs/lib/python2.7/dist-packages/autoware_msgs/msg/_ObjPose.pyc
-- Installing: /home/daisuke/Autoware/ros/install/autoware_msgs/lib/python2.7/dist-packages/autoware_msgs/msg/_LaneArray.pyc
-- Installing: /home/daisuke/Autoware/ros/install/autoware_msgs/lib/python2.7/dist-packages/autoware_msgs/msg/_BrakeCmd.py
-- Installing: /home/daisuke/Autoware/ros/install/autoware_msgs/lib/python2.7/dist-packages/autoware_msgs/msg/_ObjLabel.py
-- Installing: /home/daisuke/Autoware/ros/install/autoware_msgs/lib/python2.7/dist-packages/autoware_msgs/msg/_VscanTracked.pyc
-- Installing: /home/daisuke/Autoware/ros/install/autoware_msgs/lib/python2.7/dist-packages/autoware_msgs/msg/_BrakeCmd.pyc
-- Installing: /home/daisuke/Autoware/ros/install/autoware_msgs/lib/python2.7/dist-packages/autoware_msgs/msg/_LaneArray.py
-- Installing: /home/daisuke/Autoware/ros/install/autoware_msgs/lib/python2.7/dist-packages/autoware_msgs/msg/_VscanTrackedArray.py
-- Installing: /home/daisuke/Autoware/ros/install/autoware_msgs/lib/python2.7/dist-packages/autoware_msgs/msg/_ImageRectRanged.pyc
-- Installing: /home/daisuke/Autoware/ros/install/autoware_msgs/lib/python2.7/dist-packages/autoware_msgs/msg/_ValueSet.py
-- Installing: /home/daisuke/Autoware/ros/install/autoware_msgs/lib/python2.7/dist-packages/autoware_msgs/msg/_Lane.py
-- Installing: /home/daisuke/Autoware/ros/install/autoware_msgs/lib/python2.7/dist-packages/autoware_msgs/msg/_VehicleLocation.pyc
-- Installing: /home/daisuke/Autoware/ros/install/autoware_msgs/lib/python2.7/dist-packages/autoware_msgs/msg/_TrafficLightResult.pyc
-- Installing: /home/daisuke/Autoware/ros/install/autoware_msgs/lib/python2.7/dist-packages/autoware_msgs/msg/_GeometricRectangle.pyc
-- Installing: /home/daisuke/Autoware/ros/install/autoware_msgs/lib/python2.7/dist-packages/autoware_msgs/msg/_ProjectionMatrix.pyc
-- Installing: /home/daisuke/Autoware/ros/install/autoware_msgs/lib/python2.7/dist-packages/autoware_msgs/msg/_ColorSet.py
-- Installing: /home/daisuke/Autoware/ros/install/autoware_msgs/lib/python2.7/dist-packages/autoware_msgs/msg/_ExtractedPosition.pyc
-- Installing: /home/daisuke/Autoware/ros/install/autoware_msgs/lib/python2.7/dist-packages/autoware_msgs/msg/_WaypointState.py
-- Installing: /home/daisuke/Autoware/ros/install/autoware_msgs/lib/python2.7/dist-packages/autoware_msgs/msg/_State.pyc
-- Installing: /home/daisuke/Autoware/ros/install/autoware_msgs/lib/python2.7/dist-packages/autoware_msgs/msg/_CloudClusterArray.py
-- Installing: /home/daisuke/Autoware/ros/install/autoware_msgs/lib/python2.7/dist-packages/autoware_msgs/msg/_ImageRect.pyc
-- Installing: /home/daisuke/Autoware/ros/install/autoware_msgs/lib/python2.7/dist-packages/autoware_msgs/msg/_CloudCluster.py
-- Installing: /home/daisuke/Autoware/ros/install/autoware_msgs/lib/python2.7/dist-packages/autoware_msgs/msg/_ImageObjects.py
-- Installing: /home/daisuke/Autoware/ros/install/autoware_msgs/lib/python2.7/dist-packages/autoware_msgs/msg/_VehicleStatus.py
-- Installing: /home/daisuke/Autoware/ros/install/autoware_msgs/lib/python2.7/dist-packages/autoware_msgs/msg/_Centroids.pyc
-- Installing: /home/daisuke/Autoware/ros/install/autoware_msgs/lib/python2.7/dist-packages/autoware_msgs/msg/_Waypoint.py
-- Installing: /home/daisuke/Autoware/ros/install/autoware_msgs/lib/python2.7/dist-packages/autoware_msgs/msg/_CloudCluster.pyc
-- Installing: /home/daisuke/Autoware/ros/install/autoware_msgs/lib/python2.7/dist-packages/autoware_msgs/msg/_AccelCmd.py
-- Installing: /home/daisuke/Autoware/ros/install/autoware_msgs/lib/python2.7/dist-packages/autoware_msgs/msg/_IndicatorCmd.py
-- Installing: /home/daisuke/Autoware/ros/install/autoware_msgs/lib/python2.7/dist-packages/autoware_msgs/msg/_SyncTimeDiff.pyc
-- Installing: /home/daisuke/Autoware/ros/install/autoware_msgs/lib/python2.7/dist-packages/autoware_msgs/msg/_ControlCommandStamped.pyc
-- Installing: /home/daisuke/Autoware/ros/install/autoware_msgs/lib/python2.7/dist-packages/autoware_msgs/msg/_DetectedObject.pyc
-- Installing: /home/daisuke/Autoware/ros/install/autoware_msgs/lib/python2.7/dist-packages/autoware_msgs/msg/_TrafficLight.py
-- Installing: /home/daisuke/Autoware/ros/install/autoware_msgs/lib/python2.7/dist-packages/autoware_msgs/msg/_ControlCommand.py
-- Installing: /home/daisuke/Autoware/ros/install/autoware_msgs/lib/python2.7/dist-packages/autoware_msgs/msg/_TunedResult.py
-- Installing: /home/daisuke/Autoware/ros/install/autoware_msgs/lib/python2.7/dist-packages/autoware_msgs/msg/_VehicleCmd.py
-- Installing: /home/daisuke/Autoware/ros/install/autoware_msgs/lib/python2.7/dist-packages/autoware_msgs/msg/_NDTStat.py
-- Installing: /home/daisuke/Autoware/ros/install/autoware_msgs/lib/python2.7/dist-packages/autoware_msgs/msg/_VehicleLocation.py
-- Installing: /home/daisuke/Autoware/ros/install/autoware_msgs/lib/python2.7/dist-packages/autoware_msgs/msg/_LampCmd.pyc
-- Installing: /home/daisuke/Autoware/ros/install/autoware_msgs/lib/python2.7/dist-packages/autoware_msgs/msg/_ImageObj.py
-- Installing: /home/daisuke/Autoware/ros/install/autoware_msgs/lib/python2.7/dist-packages/autoware_msgs/msg/_SteerCmd.pyc
-- Installing: /home/daisuke/Autoware/ros/install/autoware_msgs/lib/python2.7/dist-packages/autoware_msgs/msg/_TrafficLightResult.py
-- Installing: /home/daisuke/Autoware/ros/install/autoware_msgs/lib/python2.7/dist-packages/autoware_msgs/msg/_GeometricRectangle.py
-- Installing: /home/daisuke/Autoware/ros/install/autoware_msgs/lib/python2.7/dist-packages/autoware_msgs/msg/_Centroids.py
-- Installing: /home/daisuke/Autoware/ros/install/autoware_msgs/lib/python2.7/dist-packages/autoware_msgs/msg/_ImageLaneObjects.py
-- Installing: /home/daisuke/Autoware/ros/install/autoware_msgs/lib/python2.7/dist-packages/autoware_msgs/msg/_SyncTimeMonitor.py
-- Installing: /home/daisuke/Autoware/ros/install/autoware_msgs/lib/python2.7/dist-packages/autoware_msgs/msg/_AdjustXY.py
-- Installing: /home/daisuke/Autoware/ros/install/autoware_msgs/lib/pkgconfig/autoware_msgs.pc
-- Installing: /home/daisuke/Autoware/ros/install/autoware_msgs/share/autoware_msgs/cmake/autoware_msgs-msg-extras.cmake
-- Installing: /home/daisuke/Autoware/ros/install/autoware_msgs/share/autoware_msgs/cmake/autoware_msgsConfig.cmake
-- Installing: /home/daisuke/Autoware/ros/install/autoware_msgs/share/autoware_msgs/cmake/autoware_msgsConfig-version.cmake
-- Installing: /home/daisuke/Autoware/ros/install/autoware_msgs/share/autoware_msgs/package.xml
