Invoking command in '/home/daisuke/Autoware/ros/build/ndt_tku': /usr/bin/cmake /home/daisuke/Autoware/ros/src/computing/perception/localization/lib/ndt_tku -DCMAKE_BUILD_TYPE=Release -DCMAKE_LIBRARY_PATH=/usr/local/cuda/lib64/stubs -DCATKIN_INSTALL_INTO_PREFIX_ROOT=0 -DCMAKE_INSTALL_PREFIX=/home/daisuke/Autoware/ros/install/ndt_tku
-- The C compiler identification is GNU 5.4.0
-- The CXX compiler identification is GNU 5.4.0
-- Check for working C compiler: /usr/bin/cc
-- Check for working C compiler: /usr/bin/cc -- works
-- Detecting C compiler ABI info
-- Detecting C compiler ABI info - done
-- Detecting C compile features
-- Detecting C compile features - done
-- Check for working CXX compiler: /usr/bin/c++
-- Check for working CXX compiler: /usr/bin/c++ -- works
-- Detecting CXX compiler ABI info
-- Detecting CXX compiler ABI info - done
-- Detecting CXX compile features
-- Detecting CXX compile features - done
-- Using CATKIN_DEVEL_PREFIX: /home/daisuke/Autoware/ros/build/ndt_tku/devel
-- Using CMAKE_PREFIX_PATH: /home/daisuke/Autoware/ros/devel;/opt/ros/kinetic
-- This workspace overlays: /opt/ros/kinetic
-- Found PythonInterp: /home/daisuke/pyenv/shims/python (found version "2.7.12") 
-- Using PYTHON_EXECUTABLE: /home/daisuke/pyenv/shims/python
-- Using Debian Python package layout
-- Using empy: /usr/bin/empy
-- Using CATKIN_ENABLE_TESTING: ON
-- Call enable_testing()
-- Using CATKIN_TEST_RESULTS_DIR: /home/daisuke/Autoware/ros/build/ndt_tku/test_results
-- Found gmock sources under '/usr/src/gmock': gmock will be built
-- Looking for pthread.h
-- Looking for pthread.h - found
-- Looking for pthread_create
-- Looking for pthread_create - not found
-- Looking for pthread_create in pthreads
-- Looking for pthread_create in pthreads - not found
-- Looking for pthread_create in pthread
-- Looking for pthread_create in pthread - found
-- Found Threads: TRUE  
-- Found gtest sources under '/usr/src/gmock': gtests will be built
-- Using Python nosetests: /usr/bin/nosetests-2.7
-- catkin 0.7.14
-- Found GLUT: /usr/lib/x86_64-linux-gnu/libglut.so  
-- Configuring done
-- Generating done
-- Build files have been written to: /home/daisuke/Autoware/ros/build/ndt_tku
Invoked command in '/home/daisuke/Autoware/ros/build/ndt_tku' returned '0': /usr/bin/cmake /home/daisuke/Autoware/ros/src/computing/perception/localization/lib/ndt_tku -DCMAKE_BUILD_TYPE=Release -DCMAKE_LIBRARY_PATH=/usr/local/cuda/lib64/stubs -DCATKIN_INSTALL_INTO_PREFIX_ROOT=0 -DCMAKE_INSTALL_PREFIX=/home/daisuke/Autoware/ros/install/ndt_tku
Invoking command in '/home/daisuke/Autoware/ros/build/ndt_tku': /usr/bin/cmake --build /home/daisuke/Autoware/ros/build/ndt_tku -- -j8 -l8
[35m[1mScanning dependencies of target ndt_tku[0m
[ 25%] [32mBuilding CXX object CMakeFiles/ndt_tku.dir/src/algebra.cpp.o[0m
[ 50%] [32mBuilding CXX object CMakeFiles/ndt_tku.dir/src/manage_ND.cpp.o[0m
[ 75%] [32mBuilding CXX object CMakeFiles/ndt_tku.dir/src/newton.cpp.o[0m
[100%] [32m[1mLinking CXX shared library devel/lib/libndt_tku.so[0m
[100%] Built target ndt_tku
Invoked command in '/home/daisuke/Autoware/ros/build/ndt_tku' returned '0': /usr/bin/cmake --build /home/daisuke/Autoware/ros/build/ndt_tku -- -j8 -l8
Invoking command in '/home/daisuke/Autoware/ros/build/ndt_tku': /usr/bin/cmake --build /home/daisuke/Autoware/ros/build/ndt_tku --target tests -- -j8 -l8
[35m[1mScanning dependencies of target tests[0m
Built target tests
Invoked command in '/home/daisuke/Autoware/ros/build/ndt_tku' returned '0': /usr/bin/cmake --build /home/daisuke/Autoware/ros/build/ndt_tku --target tests -- -j8 -l8
Invoking command in '/home/daisuke/Autoware/ros/build/ndt_tku': /usr/bin/cmake --build /home/daisuke/Autoware/ros/build/ndt_tku --target install
[100%] Built target ndt_tku
[36mInstall the project...[0m
-- Install configuration: "Release"
-- Installing: /home/daisuke/Autoware/ros/install/ndt_tku/lib/pkgconfig/ndt_tku.pc
-- Installing: /home/daisuke/Autoware/ros/install/ndt_tku/share/ndt_tku/cmake/ndt_tkuConfig.cmake
-- Installing: /home/daisuke/Autoware/ros/install/ndt_tku/share/ndt_tku/cmake/ndt_tkuConfig-version.cmake
-- Installing: /home/daisuke/Autoware/ros/install/ndt_tku/share/ndt_tku/package.xml
-- Installing: /home/daisuke/Autoware/ros/install/ndt_tku/lib/libndt_tku.so
-- Installing: /home/daisuke/Autoware/ros/install/ndt_tku/include
-- Installing: /home/daisuke/Autoware/ros/install/ndt_tku/include/algebra.h
-- Installing: /home/daisuke/Autoware/ros/install/ndt_tku/include/ndt.h
Invoked command in '/home/daisuke/Autoware/ros/build/ndt_tku' returned '0': /usr/bin/cmake --build /home/daisuke/Autoware/ros/build/ndt_tku --target install
