-- Using CATKIN_DEVEL_PREFIX: /home/daisuke/Autoware/ros/build/lgsvl_msgs/devel
-- Using CMAKE_PREFIX_PATH: /home/daisuke/Autoware/ros/devel;/opt/ros/kinetic
-- This workspace overlays: /opt/ros/kinetic
-- Using PYTHON_EXECUTABLE: /home/daisuke/pyenv/shims/python
-- Using Debian Python package layout
-- Using empy: /usr/bin/empy
-- Using CATKIN_ENABLE_TESTING: ON
-- Call enable_testing()
-- Using CATKIN_TEST_RESULTS_DIR: /home/daisuke/Autoware/ros/build/lgsvl_msgs/test_results
-- Found gmock sources under '/usr/src/gmock': gmock will be built
-- Found gtest sources under '/usr/src/gmock': gtests will be built
-- Using Python nosetests: /usr/bin/nosetests-2.7
-- catkin 0.7.14
-- Using these message generators: gencpp;geneus;genlisp;gennodejs;genpy
-- lgsvl_msgs: 6 messages, 0 services
-- Configuring done
-- Generating done
-- Build files have been written to: /home/daisuke/Autoware/ros/build/lgsvl_msgs
[  0%] Built target geometry_msgs_generate_messages_cpp
[  0%] Built target std_msgs_generate_messages_cpp
[  0%] Built target sensor_msgs_generate_messages_cpp
[  0%] Built target sensor_msgs_generate_messages_lisp
[  0%] Built target geometry_msgs_generate_messages_lisp
[  0%] Built target _lgsvl_msgs_generate_messages_check_deps_Detection2D
[  0%] Built target _lgsvl_msgs_generate_messages_check_deps_BoundingBox2D
[  0%] Built target std_msgs_generate_messages_lisp
[  0%] Built target sensor_msgs_generate_messages_eus
[  0%] Built target geometry_msgs_generate_messages_eus
[  0%] Built target std_msgs_generate_messages_eus
[  0%] Built target std_msgs_generate_messages_py
[  0%] Built target geometry_msgs_generate_messages_py
[  0%] Built target sensor_msgs_generate_messages_py
[  0%] Built target sensor_msgs_generate_messages_nodejs
[  0%] Built target geometry_msgs_generate_messages_nodejs
[  0%] Built target std_msgs_generate_messages_nodejs
[  0%] Built target _lgsvl_msgs_generate_messages_check_deps_Detection3D
[  0%] Built target _lgsvl_msgs_generate_messages_check_deps_Detection3DArray
[  0%] Built target _lgsvl_msgs_generate_messages_check_deps_Detection2DArray
[  0%] Built target _lgsvl_msgs_generate_messages_check_deps_BoundingBox3D
[ 18%] Built target lgsvl_msgs_generate_messages_cpp
[ 37%] Built target lgsvl_msgs_generate_messages_nodejs
[ 59%] Built target lgsvl_msgs_generate_messages_py
[ 81%] Built target lgsvl_msgs_generate_messages_eus
[100%] Built target lgsvl_msgs_generate_messages_lisp
[100%] Built target lgsvl_msgs_generate_messages
Built target tests
[  0%] Built target geometry_msgs_generate_messages_cpp
[  0%] Built target _lgsvl_msgs_generate_messages_check_deps_Detection2D
[  0%] Built target _lgsvl_msgs_generate_messages_check_deps_BoundingBox3D
[  0%] Built target _lgsvl_msgs_generate_messages_check_deps_Detection2DArray
[  0%] Built target _lgsvl_msgs_generate_messages_check_deps_Detection3DArray
[  0%] Built target _lgsvl_msgs_generate_messages_check_deps_Detection3D
[  0%] Built target std_msgs_generate_messages_cpp
[  0%] Built target _lgsvl_msgs_generate_messages_check_deps_BoundingBox2D
[  0%] Built target sensor_msgs_generate_messages_cpp
[ 18%] Built target lgsvl_msgs_generate_messages_cpp
[ 18%] Built target sensor_msgs_generate_messages_lisp
[ 18%] Built target geometry_msgs_generate_messages_lisp
[ 18%] Built target std_msgs_generate_messages_lisp
[ 37%] Built target lgsvl_msgs_generate_messages_lisp
[ 37%] Built target sensor_msgs_generate_messages_eus
[ 37%] Built target geometry_msgs_generate_messages_eus
[ 37%] Built target std_msgs_generate_messages_eus
[ 59%] Built target lgsvl_msgs_generate_messages_eus
[ 59%] Built target std_msgs_generate_messages_py
[ 59%] Built target geometry_msgs_generate_messages_py
[ 59%] Built target sensor_msgs_generate_messages_py
[ 81%] Built target lgsvl_msgs_generate_messages_py
[ 81%] Built target sensor_msgs_generate_messages_nodejs
[ 81%] Built target geometry_msgs_generate_messages_nodejs
[ 81%] Built target std_msgs_generate_messages_nodejs
[100%] Built target lgsvl_msgs_generate_messages_nodejs
[100%] Built target lgsvl_msgs_generate_messages
[36mInstall the project...[0m
-- Install configuration: "Release"
-- Up-to-date: /home/daisuke/Autoware/ros/install/lgsvl_msgs/share/lgsvl_msgs/msg/Detection3DArray.msg
-- Up-to-date: /home/daisuke/Autoware/ros/install/lgsvl_msgs/share/lgsvl_msgs/msg/Detection3D.msg
-- Up-to-date: /home/daisuke/Autoware/ros/install/lgsvl_msgs/share/lgsvl_msgs/msg/BoundingBox3D.msg
-- Up-to-date: /home/daisuke/Autoware/ros/install/lgsvl_msgs/share/lgsvl_msgs/msg/Detection2DArray.msg
-- Up-to-date: /home/daisuke/Autoware/ros/install/lgsvl_msgs/share/lgsvl_msgs/msg/Detection2D.msg
-- Up-to-date: /home/daisuke/Autoware/ros/install/lgsvl_msgs/share/lgsvl_msgs/msg/BoundingBox2D.msg
-- Up-to-date: /home/daisuke/Autoware/ros/install/lgsvl_msgs/share/lgsvl_msgs/cmake/lgsvl_msgs-msg-paths.cmake
-- Up-to-date: /home/daisuke/Autoware/ros/install/lgsvl_msgs/include/lgsvl_msgs
-- Up-to-date: /home/daisuke/Autoware/ros/install/lgsvl_msgs/include/lgsvl_msgs/Detection2D.h
-- Up-to-date: /home/daisuke/Autoware/ros/install/lgsvl_msgs/include/lgsvl_msgs/Detection3DArray.h
-- Up-to-date: /home/daisuke/Autoware/ros/install/lgsvl_msgs/include/lgsvl_msgs/Detection2DArray.h
-- Up-to-date: /home/daisuke/Autoware/ros/install/lgsvl_msgs/include/lgsvl_msgs/BoundingBox2D.h
-- Up-to-date: /home/daisuke/Autoware/ros/install/lgsvl_msgs/include/lgsvl_msgs/BoundingBox3D.h
-- Up-to-date: /home/daisuke/Autoware/ros/install/lgsvl_msgs/include/lgsvl_msgs/Detection3D.h
-- Up-to-date: /home/daisuke/Autoware/ros/install/lgsvl_msgs/share/roseus/ros/lgsvl_msgs
-- Up-to-date: /home/daisuke/Autoware/ros/install/lgsvl_msgs/share/roseus/ros/lgsvl_msgs/manifest.l
-- Up-to-date: /home/daisuke/Autoware/ros/install/lgsvl_msgs/share/roseus/ros/lgsvl_msgs/msg
-- Up-to-date: /home/daisuke/Autoware/ros/install/lgsvl_msgs/share/roseus/ros/lgsvl_msgs/msg/Detection3DArray.l
-- Up-to-date: /home/daisuke/Autoware/ros/install/lgsvl_msgs/share/roseus/ros/lgsvl_msgs/msg/Detection2D.l
-- Up-to-date: /home/daisuke/Autoware/ros/install/lgsvl_msgs/share/roseus/ros/lgsvl_msgs/msg/BoundingBox3D.l
-- Up-to-date: /home/daisuke/Autoware/ros/install/lgsvl_msgs/share/roseus/ros/lgsvl_msgs/msg/Detection3D.l
-- Up-to-date: /home/daisuke/Autoware/ros/install/lgsvl_msgs/share/roseus/ros/lgsvl_msgs/msg/BoundingBox2D.l
-- Up-to-date: /home/daisuke/Autoware/ros/install/lgsvl_msgs/share/roseus/ros/lgsvl_msgs/msg/Detection2DArray.l
-- Up-to-date: /home/daisuke/Autoware/ros/install/lgsvl_msgs/share/common-lisp/ros/lgsvl_msgs
-- Up-to-date: /home/daisuke/Autoware/ros/install/lgsvl_msgs/share/common-lisp/ros/lgsvl_msgs/msg
-- Up-to-date: /home/daisuke/Autoware/ros/install/lgsvl_msgs/share/common-lisp/ros/lgsvl_msgs/msg/BoundingBox2D.lisp
-- Up-to-date: /home/daisuke/Autoware/ros/install/lgsvl_msgs/share/common-lisp/ros/lgsvl_msgs/msg/_package.lisp
-- Up-to-date: /home/daisuke/Autoware/ros/install/lgsvl_msgs/share/common-lisp/ros/lgsvl_msgs/msg/_package_BoundingBox2D.lisp
-- Up-to-date: /home/daisuke/Autoware/ros/install/lgsvl_msgs/share/common-lisp/ros/lgsvl_msgs/msg/Detection3D.lisp
-- Up-to-date: /home/daisuke/Autoware/ros/install/lgsvl_msgs/share/common-lisp/ros/lgsvl_msgs/msg/lgsvl_msgs-msg.asd
-- Up-to-date: /home/daisuke/Autoware/ros/install/lgsvl_msgs/share/common-lisp/ros/lgsvl_msgs/msg/Detection3DArray.lisp
-- Up-to-date: /home/daisuke/Autoware/ros/install/lgsvl_msgs/share/common-lisp/ros/lgsvl_msgs/msg/Detection2D.lisp
-- Up-to-date: /home/daisuke/Autoware/ros/install/lgsvl_msgs/share/common-lisp/ros/lgsvl_msgs/msg/_package_BoundingBox3D.lisp
-- Up-to-date: /home/daisuke/Autoware/ros/install/lgsvl_msgs/share/common-lisp/ros/lgsvl_msgs/msg/_package_Detection3D.lisp
-- Up-to-date: /home/daisuke/Autoware/ros/install/lgsvl_msgs/share/common-lisp/ros/lgsvl_msgs/msg/BoundingBox3D.lisp
-- Up-to-date: /home/daisuke/Autoware/ros/install/lgsvl_msgs/share/common-lisp/ros/lgsvl_msgs/msg/_package_Detection3DArray.lisp
-- Up-to-date: /home/daisuke/Autoware/ros/install/lgsvl_msgs/share/common-lisp/ros/lgsvl_msgs/msg/Detection2DArray.lisp
-- Up-to-date: /home/daisuke/Autoware/ros/install/lgsvl_msgs/share/common-lisp/ros/lgsvl_msgs/msg/_package_Detection2D.lisp
-- Up-to-date: /home/daisuke/Autoware/ros/install/lgsvl_msgs/share/common-lisp/ros/lgsvl_msgs/msg/_package_Detection2DArray.lisp
-- Up-to-date: /home/daisuke/Autoware/ros/install/lgsvl_msgs/share/gennodejs/ros/lgsvl_msgs
-- Up-to-date: /home/daisuke/Autoware/ros/install/lgsvl_msgs/share/gennodejs/ros/lgsvl_msgs/msg
-- Up-to-date: /home/daisuke/Autoware/ros/install/lgsvl_msgs/share/gennodejs/ros/lgsvl_msgs/msg/BoundingBox2D.js
-- Up-to-date: /home/daisuke/Autoware/ros/install/lgsvl_msgs/share/gennodejs/ros/lgsvl_msgs/msg/Detection3D.js
-- Up-to-date: /home/daisuke/Autoware/ros/install/lgsvl_msgs/share/gennodejs/ros/lgsvl_msgs/msg/Detection2DArray.js
-- Up-to-date: /home/daisuke/Autoware/ros/install/lgsvl_msgs/share/gennodejs/ros/lgsvl_msgs/msg/BoundingBox3D.js
-- Up-to-date: /home/daisuke/Autoware/ros/install/lgsvl_msgs/share/gennodejs/ros/lgsvl_msgs/msg/Detection2D.js
-- Up-to-date: /home/daisuke/Autoware/ros/install/lgsvl_msgs/share/gennodejs/ros/lgsvl_msgs/msg/Detection3DArray.js
-- Up-to-date: /home/daisuke/Autoware/ros/install/lgsvl_msgs/share/gennodejs/ros/lgsvl_msgs/msg/_index.js
-- Up-to-date: /home/daisuke/Autoware/ros/install/lgsvl_msgs/share/gennodejs/ros/lgsvl_msgs/_index.js
Listing /home/daisuke/Autoware/ros/build/lgsvl_msgs/devel/lib/python2.7/dist-packages/lgsvl_msgs ...
Listing /home/daisuke/Autoware/ros/build/lgsvl_msgs/devel/lib/python2.7/dist-packages/lgsvl_msgs/msg ...
-- Up-to-date: /home/daisuke/Autoware/ros/install/lgsvl_msgs/lib/python2.7/dist-packages/lgsvl_msgs
-- Up-to-date: /home/daisuke/Autoware/ros/install/lgsvl_msgs/lib/python2.7/dist-packages/lgsvl_msgs/__init__.pyc
-- Up-to-date: /home/daisuke/Autoware/ros/install/lgsvl_msgs/lib/python2.7/dist-packages/lgsvl_msgs/__init__.py
-- Up-to-date: /home/daisuke/Autoware/ros/install/lgsvl_msgs/lib/python2.7/dist-packages/lgsvl_msgs/msg
-- Up-to-date: /home/daisuke/Autoware/ros/install/lgsvl_msgs/lib/python2.7/dist-packages/lgsvl_msgs/msg/_Detection3D.pyc
-- Up-to-date: /home/daisuke/Autoware/ros/install/lgsvl_msgs/lib/python2.7/dist-packages/lgsvl_msgs/msg/_Detection3D.py
-- Up-to-date: /home/daisuke/Autoware/ros/install/lgsvl_msgs/lib/python2.7/dist-packages/lgsvl_msgs/msg/_Detection3DArray.pyc
-- Up-to-date: /home/daisuke/Autoware/ros/install/lgsvl_msgs/lib/python2.7/dist-packages/lgsvl_msgs/msg/_BoundingBox2D.pyc
-- Up-to-date: /home/daisuke/Autoware/ros/install/lgsvl_msgs/lib/python2.7/dist-packages/lgsvl_msgs/msg/_Detection2DArray.pyc
-- Up-to-date: /home/daisuke/Autoware/ros/install/lgsvl_msgs/lib/python2.7/dist-packages/lgsvl_msgs/msg/__init__.pyc
-- Up-to-date: /home/daisuke/Autoware/ros/install/lgsvl_msgs/lib/python2.7/dist-packages/lgsvl_msgs/msg/__init__.py
-- Up-to-date: /home/daisuke/Autoware/ros/install/lgsvl_msgs/lib/python2.7/dist-packages/lgsvl_msgs/msg/_Detection2D.py
-- Up-to-date: /home/daisuke/Autoware/ros/install/lgsvl_msgs/lib/python2.7/dist-packages/lgsvl_msgs/msg/_Detection3DArray.py
-- Up-to-date: /home/daisuke/Autoware/ros/install/lgsvl_msgs/lib/python2.7/dist-packages/lgsvl_msgs/msg/_Detection2D.pyc
-- Up-to-date: /home/daisuke/Autoware/ros/install/lgsvl_msgs/lib/python2.7/dist-packages/lgsvl_msgs/msg/_BoundingBox3D.py
-- Up-to-date: /home/daisuke/Autoware/ros/install/lgsvl_msgs/lib/python2.7/dist-packages/lgsvl_msgs/msg/_BoundingBox3D.pyc
-- Up-to-date: /home/daisuke/Autoware/ros/install/lgsvl_msgs/lib/python2.7/dist-packages/lgsvl_msgs/msg/_BoundingBox2D.py
-- Up-to-date: /home/daisuke/Autoware/ros/install/lgsvl_msgs/lib/python2.7/dist-packages/lgsvl_msgs/msg/_Detection2DArray.py
-- Installing: /home/daisuke/Autoware/ros/install/lgsvl_msgs/lib/pkgconfig/lgsvl_msgs.pc
-- Up-to-date: /home/daisuke/Autoware/ros/install/lgsvl_msgs/share/lgsvl_msgs/cmake/lgsvl_msgs-msg-extras.cmake
-- Up-to-date: /home/daisuke/Autoware/ros/install/lgsvl_msgs/share/lgsvl_msgs/cmake/lgsvl_msgsConfig.cmake
-- Up-to-date: /home/daisuke/Autoware/ros/install/lgsvl_msgs/share/lgsvl_msgs/cmake/lgsvl_msgsConfig-version.cmake
-- Up-to-date: /home/daisuke/Autoware/ros/install/lgsvl_msgs/share/lgsvl_msgs/package.xml
