Invoking command in '/home/daisuke/Autoware/ros/build/autoware_system_msgs': /usr/bin/cmake /home/daisuke/Autoware/ros/src/msgs/autoware_system_msgs -DCATKIN_INSTALL_INTO_PREFIX_ROOT=0 -DCMAKE_INSTALL_PREFIX=/home/daisuke/Autoware/ros/install/autoware_system_msgs
-- Using CATKIN_DEVEL_PREFIX: /home/daisuke/Autoware/ros/build/autoware_system_msgs/devel
-- Using CMAKE_PREFIX_PATH: /home/daisuke/Autoware/ros/devel;/opt/ros/kinetic
-- This workspace overlays: /opt/ros/kinetic
-- Using PYTHON_EXECUTABLE: /home/daisuke/pyenv/shims/python
-- Using Debian Python package layout
-- Using empy: /usr/bin/empy
-- Using CATKIN_ENABLE_TESTING: ON
-- Call enable_testing()
-- Using CATKIN_TEST_RESULTS_DIR: /home/daisuke/Autoware/ros/build/autoware_system_msgs/test_results
-- Found gmock sources under '/usr/src/gmock': gmock will be built
-- Found gtest sources under '/usr/src/gmock': gtests will be built
-- Using Python nosetests: /usr/bin/nosetests-2.7
-- catkin 0.7.14
-- Using these message generators: gencpp;geneus;genlisp;gennodejs;genpy
-- autoware_system_msgs: 5 messages, 0 services
-- Configuring done
-- Generating done
-- Build files have been written to: /home/daisuke/Autoware/ros/build/autoware_system_msgs
Invoked command in '/home/daisuke/Autoware/ros/build/autoware_system_msgs' returned '0': /usr/bin/cmake /home/daisuke/Autoware/ros/src/msgs/autoware_system_msgs -DCATKIN_INSTALL_INTO_PREFIX_ROOT=0 -DCMAKE_INSTALL_PREFIX=/home/daisuke/Autoware/ros/install/autoware_system_msgs
Invoking command in '/home/daisuke/Autoware/ros/build/autoware_system_msgs': /usr/bin/cmake --build /home/daisuke/Autoware/ros/build/autoware_system_msgs -- -j8 -l8
[  0%] Built target rosgraph_msgs_generate_messages_cpp
[  0%] Built target std_msgs_generate_messages_cpp
[  0%] Built target std_msgs_generate_messages_py
[  0%] Built target rosgraph_msgs_generate_messages_py
[  0%] Built target std_msgs_generate_messages_nodejs
[  0%] Built target rosgraph_msgs_generate_messages_nodejs
[  0%] Built target rosgraph_msgs_generate_messages_lisp
[  0%] Built target std_msgs_generate_messages_lisp
[  0%] Built target std_msgs_generate_messages_eus
[  0%] Built target rosgraph_msgs_generate_messages_eus
[  0%] Built target _autoware_system_msgs_generate_messages_check_deps_DiagnosticStatus
[  0%] Built target _autoware_system_msgs_generate_messages_check_deps_SystemStatus
[  0%] Built target _autoware_system_msgs_generate_messages_check_deps_HardwareStatus
[  0%] Built target _autoware_system_msgs_generate_messages_check_deps_DiagnosticStatusArray
[  0%] Built target _autoware_system_msgs_generate_messages_check_deps_NodeStatus
[ 18%] Built target autoware_system_msgs_generate_messages_cpp
[ 37%] Built target autoware_system_msgs_generate_messages_nodejs
[ 66%] Built target autoware_system_msgs_generate_messages_eus
[ 77%] Built target autoware_system_msgs_generate_messages_lisp
[100%] Built target autoware_system_msgs_generate_messages_py
[100%] Built target autoware_system_msgs_generate_messages
Invoked command in '/home/daisuke/Autoware/ros/build/autoware_system_msgs' returned '0': /usr/bin/cmake --build /home/daisuke/Autoware/ros/build/autoware_system_msgs -- -j8 -l8
Invoking command in '/home/daisuke/Autoware/ros/build/autoware_system_msgs': /usr/bin/cmake --build /home/daisuke/Autoware/ros/build/autoware_system_msgs --target tests -- -j8 -l8
Built target tests
Invoked command in '/home/daisuke/Autoware/ros/build/autoware_system_msgs' returned '0': /usr/bin/cmake --build /home/daisuke/Autoware/ros/build/autoware_system_msgs --target tests -- -j8 -l8
Invoking command in '/home/daisuke/Autoware/ros/build/autoware_system_msgs': /usr/bin/cmake --build /home/daisuke/Autoware/ros/build/autoware_system_msgs --target install
[  0%] Built target _autoware_system_msgs_generate_messages_check_deps_HardwareStatus
[  0%] Built target std_msgs_generate_messages_cpp
[  0%] Built target rosgraph_msgs_generate_messages_cpp
[  0%] Built target _autoware_system_msgs_generate_messages_check_deps_NodeStatus
[  0%] Built target _autoware_system_msgs_generate_messages_check_deps_DiagnosticStatusArray
[  0%] Built target _autoware_system_msgs_generate_messages_check_deps_DiagnosticStatus
[  0%] Built target _autoware_system_msgs_generate_messages_check_deps_SystemStatus
[ 18%] Built target autoware_system_msgs_generate_messages_cpp
[ 18%] Built target std_msgs_generate_messages_py
[ 18%] Built target rosgraph_msgs_generate_messages_py
[ 40%] Built target autoware_system_msgs_generate_messages_py
[ 40%] Built target std_msgs_generate_messages_nodejs
[ 40%] Built target rosgraph_msgs_generate_messages_nodejs
[ 59%] Built target autoware_system_msgs_generate_messages_nodejs
[ 59%] Built target std_msgs_generate_messages_lisp
[ 59%] Built target rosgraph_msgs_generate_messages_lisp
[ 77%] Built target autoware_system_msgs_generate_messages_lisp
[ 77%] Built target std_msgs_generate_messages_eus
[ 77%] Built target rosgraph_msgs_generate_messages_eus
[100%] Built target autoware_system_msgs_generate_messages_eus
[100%] Built target autoware_system_msgs_generate_messages
[36mInstall the project...[0m
-- Install configuration: "Release"
-- Up-to-date: /home/daisuke/Autoware/ros/install/autoware_system_msgs/share/autoware_system_msgs/msg/DiagnosticStatus.msg
-- Up-to-date: /home/daisuke/Autoware/ros/install/autoware_system_msgs/share/autoware_system_msgs/msg/DiagnosticStatusArray.msg
-- Up-to-date: /home/daisuke/Autoware/ros/install/autoware_system_msgs/share/autoware_system_msgs/msg/SystemStatus.msg
-- Up-to-date: /home/daisuke/Autoware/ros/install/autoware_system_msgs/share/autoware_system_msgs/msg/NodeStatus.msg
-- Up-to-date: /home/daisuke/Autoware/ros/install/autoware_system_msgs/share/autoware_system_msgs/msg/HardwareStatus.msg
-- Up-to-date: /home/daisuke/Autoware/ros/install/autoware_system_msgs/share/autoware_system_msgs/cmake/autoware_system_msgs-msg-paths.cmake
-- Up-to-date: /home/daisuke/Autoware/ros/install/autoware_system_msgs/include/autoware_system_msgs
-- Up-to-date: /home/daisuke/Autoware/ros/install/autoware_system_msgs/include/autoware_system_msgs/SystemStatus.h
-- Up-to-date: /home/daisuke/Autoware/ros/install/autoware_system_msgs/include/autoware_system_msgs/DiagnosticStatus.h
-- Up-to-date: /home/daisuke/Autoware/ros/install/autoware_system_msgs/include/autoware_system_msgs/NodeStatus.h
-- Up-to-date: /home/daisuke/Autoware/ros/install/autoware_system_msgs/include/autoware_system_msgs/DiagnosticStatusArray.h
-- Up-to-date: /home/daisuke/Autoware/ros/install/autoware_system_msgs/include/autoware_system_msgs/HardwareStatus.h
-- Up-to-date: /home/daisuke/Autoware/ros/install/autoware_system_msgs/share/roseus/ros/autoware_system_msgs
-- Up-to-date: /home/daisuke/Autoware/ros/install/autoware_system_msgs/share/roseus/ros/autoware_system_msgs/manifest.l
-- Up-to-date: /home/daisuke/Autoware/ros/install/autoware_system_msgs/share/roseus/ros/autoware_system_msgs/msg
-- Up-to-date: /home/daisuke/Autoware/ros/install/autoware_system_msgs/share/roseus/ros/autoware_system_msgs/msg/SystemStatus.l
-- Up-to-date: /home/daisuke/Autoware/ros/install/autoware_system_msgs/share/roseus/ros/autoware_system_msgs/msg/NodeStatus.l
-- Up-to-date: /home/daisuke/Autoware/ros/install/autoware_system_msgs/share/roseus/ros/autoware_system_msgs/msg/DiagnosticStatus.l
-- Up-to-date: /home/daisuke/Autoware/ros/install/autoware_system_msgs/share/roseus/ros/autoware_system_msgs/msg/HardwareStatus.l
-- Up-to-date: /home/daisuke/Autoware/ros/install/autoware_system_msgs/share/roseus/ros/autoware_system_msgs/msg/DiagnosticStatusArray.l
-- Up-to-date: /home/daisuke/Autoware/ros/install/autoware_system_msgs/share/common-lisp/ros/autoware_system_msgs
-- Up-to-date: /home/daisuke/Autoware/ros/install/autoware_system_msgs/share/common-lisp/ros/autoware_system_msgs/msg
-- Up-to-date: /home/daisuke/Autoware/ros/install/autoware_system_msgs/share/common-lisp/ros/autoware_system_msgs/msg/NodeStatus.lisp
-- Up-to-date: /home/daisuke/Autoware/ros/install/autoware_system_msgs/share/common-lisp/ros/autoware_system_msgs/msg/HardwareStatus.lisp
-- Up-to-date: /home/daisuke/Autoware/ros/install/autoware_system_msgs/share/common-lisp/ros/autoware_system_msgs/msg/DiagnosticStatusArray.lisp
-- Up-to-date: /home/daisuke/Autoware/ros/install/autoware_system_msgs/share/common-lisp/ros/autoware_system_msgs/msg/_package.lisp
-- Up-to-date: /home/daisuke/Autoware/ros/install/autoware_system_msgs/share/common-lisp/ros/autoware_system_msgs/msg/DiagnosticStatus.lisp
-- Up-to-date: /home/daisuke/Autoware/ros/install/autoware_system_msgs/share/common-lisp/ros/autoware_system_msgs/msg/_package_DiagnosticStatus.lisp
-- Up-to-date: /home/daisuke/Autoware/ros/install/autoware_system_msgs/share/common-lisp/ros/autoware_system_msgs/msg/_package_HardwareStatus.lisp
-- Up-to-date: /home/daisuke/Autoware/ros/install/autoware_system_msgs/share/common-lisp/ros/autoware_system_msgs/msg/SystemStatus.lisp
-- Up-to-date: /home/daisuke/Autoware/ros/install/autoware_system_msgs/share/common-lisp/ros/autoware_system_msgs/msg/_package_DiagnosticStatusArray.lisp
-- Up-to-date: /home/daisuke/Autoware/ros/install/autoware_system_msgs/share/common-lisp/ros/autoware_system_msgs/msg/_package_NodeStatus.lisp
-- Up-to-date: /home/daisuke/Autoware/ros/install/autoware_system_msgs/share/common-lisp/ros/autoware_system_msgs/msg/_package_SystemStatus.lisp
-- Up-to-date: /home/daisuke/Autoware/ros/install/autoware_system_msgs/share/common-lisp/ros/autoware_system_msgs/msg/autoware_system_msgs-msg.asd
-- Up-to-date: /home/daisuke/Autoware/ros/install/autoware_system_msgs/share/gennodejs/ros/autoware_system_msgs
-- Up-to-date: /home/daisuke/Autoware/ros/install/autoware_system_msgs/share/gennodejs/ros/autoware_system_msgs/msg
-- Up-to-date: /home/daisuke/Autoware/ros/install/autoware_system_msgs/share/gennodejs/ros/autoware_system_msgs/msg/DiagnosticStatusArray.js
-- Up-to-date: /home/daisuke/Autoware/ros/install/autoware_system_msgs/share/gennodejs/ros/autoware_system_msgs/msg/NodeStatus.js
-- Up-to-date: /home/daisuke/Autoware/ros/install/autoware_system_msgs/share/gennodejs/ros/autoware_system_msgs/msg/HardwareStatus.js
-- Up-to-date: /home/daisuke/Autoware/ros/install/autoware_system_msgs/share/gennodejs/ros/autoware_system_msgs/msg/_index.js
-- Up-to-date: /home/daisuke/Autoware/ros/install/autoware_system_msgs/share/gennodejs/ros/autoware_system_msgs/msg/SystemStatus.js
-- Up-to-date: /home/daisuke/Autoware/ros/install/autoware_system_msgs/share/gennodejs/ros/autoware_system_msgs/msg/DiagnosticStatus.js
-- Up-to-date: /home/daisuke/Autoware/ros/install/autoware_system_msgs/share/gennodejs/ros/autoware_system_msgs/_index.js
Listing /home/daisuke/Autoware/ros/build/autoware_system_msgs/devel/lib/python2.7/dist-packages/autoware_system_msgs ...
Listing /home/daisuke/Autoware/ros/build/autoware_system_msgs/devel/lib/python2.7/dist-packages/autoware_system_msgs/msg ...
-- Up-to-date: /home/daisuke/Autoware/ros/install/autoware_system_msgs/lib/python2.7/dist-packages/autoware_system_msgs
-- Up-to-date: /home/daisuke/Autoware/ros/install/autoware_system_msgs/lib/python2.7/dist-packages/autoware_system_msgs/__init__.pyc
-- Up-to-date: /home/daisuke/Autoware/ros/install/autoware_system_msgs/lib/python2.7/dist-packages/autoware_system_msgs/__init__.py
-- Up-to-date: /home/daisuke/Autoware/ros/install/autoware_system_msgs/lib/python2.7/dist-packages/autoware_system_msgs/msg
-- Up-to-date: /home/daisuke/Autoware/ros/install/autoware_system_msgs/lib/python2.7/dist-packages/autoware_system_msgs/msg/_SystemStatus.py
-- Up-to-date: /home/daisuke/Autoware/ros/install/autoware_system_msgs/lib/python2.7/dist-packages/autoware_system_msgs/msg/_DiagnosticStatus.py
-- Up-to-date: /home/daisuke/Autoware/ros/install/autoware_system_msgs/lib/python2.7/dist-packages/autoware_system_msgs/msg/_NodeStatus.pyc
-- Up-to-date: /home/daisuke/Autoware/ros/install/autoware_system_msgs/lib/python2.7/dist-packages/autoware_system_msgs/msg/_NodeStatus.py
-- Up-to-date: /home/daisuke/Autoware/ros/install/autoware_system_msgs/lib/python2.7/dist-packages/autoware_system_msgs/msg/_SystemStatus.pyc
-- Up-to-date: /home/daisuke/Autoware/ros/install/autoware_system_msgs/lib/python2.7/dist-packages/autoware_system_msgs/msg/__init__.pyc
-- Up-to-date: /home/daisuke/Autoware/ros/install/autoware_system_msgs/lib/python2.7/dist-packages/autoware_system_msgs/msg/__init__.py
-- Up-to-date: /home/daisuke/Autoware/ros/install/autoware_system_msgs/lib/python2.7/dist-packages/autoware_system_msgs/msg/_DiagnosticStatusArray.pyc
-- Up-to-date: /home/daisuke/Autoware/ros/install/autoware_system_msgs/lib/python2.7/dist-packages/autoware_system_msgs/msg/_DiagnosticStatusArray.py
-- Up-to-date: /home/daisuke/Autoware/ros/install/autoware_system_msgs/lib/python2.7/dist-packages/autoware_system_msgs/msg/_HardwareStatus.py
-- Up-to-date: /home/daisuke/Autoware/ros/install/autoware_system_msgs/lib/python2.7/dist-packages/autoware_system_msgs/msg/_HardwareStatus.pyc
-- Up-to-date: /home/daisuke/Autoware/ros/install/autoware_system_msgs/lib/python2.7/dist-packages/autoware_system_msgs/msg/_DiagnosticStatus.pyc
-- Installing: /home/daisuke/Autoware/ros/install/autoware_system_msgs/lib/pkgconfig/autoware_system_msgs.pc
-- Up-to-date: /home/daisuke/Autoware/ros/install/autoware_system_msgs/share/autoware_system_msgs/cmake/autoware_system_msgs-msg-extras.cmake
-- Up-to-date: /home/daisuke/Autoware/ros/install/autoware_system_msgs/share/autoware_system_msgs/cmake/autoware_system_msgsConfig.cmake
-- Up-to-date: /home/daisuke/Autoware/ros/install/autoware_system_msgs/share/autoware_system_msgs/cmake/autoware_system_msgsConfig-version.cmake
-- Up-to-date: /home/daisuke/Autoware/ros/install/autoware_system_msgs/share/autoware_system_msgs/package.xml
-- Up-to-date: /home/daisuke/Autoware/ros/install/autoware_system_msgs/share/autoware_system_msgs/msg
-- Up-to-date: /home/daisuke/Autoware/ros/install/autoware_system_msgs/share/autoware_system_msgs/msg/HardwareStatus.msg
-- Up-to-date: /home/daisuke/Autoware/ros/install/autoware_system_msgs/share/autoware_system_msgs/msg/DiagnosticStatus.msg
-- Up-to-date: /home/daisuke/Autoware/ros/install/autoware_system_msgs/share/autoware_system_msgs/msg/DiagnosticStatusArray.msg
-- Up-to-date: /home/daisuke/Autoware/ros/install/autoware_system_msgs/share/autoware_system_msgs/msg/NodeStatus.msg
-- Up-to-date: /home/daisuke/Autoware/ros/install/autoware_system_msgs/share/autoware_system_msgs/msg/SystemStatus.msg
Invoked command in '/home/daisuke/Autoware/ros/build/autoware_system_msgs' returned '0': /usr/bin/cmake --build /home/daisuke/Autoware/ros/build/autoware_system_msgs --target install
