-- The C compiler identification is GNU 5.4.0
-- The CXX compiler identification is GNU 5.4.0
-- Check for working C compiler: /usr/bin/cc
-- Check for working C compiler: /usr/bin/cc -- works
-- Detecting C compiler ABI info
-- Detecting C compiler ABI info - done
-- Detecting C compile features
-- Detecting C compile features - done
-- Check for working CXX compiler: /usr/bin/c++
-- Check for working CXX compiler: /usr/bin/c++ -- works
-- Detecting CXX compiler ABI info
-- Detecting CXX compiler ABI info - done
-- Detecting CXX compile features
-- Detecting CXX compile features - done
-- Using CATKIN_DEVEL_PREFIX: /home/daisuke/Autoware/ros/build/decision_maker/devel
-- Using CMAKE_PREFIX_PATH: /home/daisuke/Autoware/ros/install/vector_map;/home/daisuke/Autoware/ros/install/vector_map_msgs;/home/daisuke/Autoware/ros/install/state_machine_lib;/home/daisuke/Autoware/ros/install/amathutils_lib;/home/daisuke/Autoware/ros/install/autoware_msgs;/home/daisuke/Autoware/ros/install/autoware_config_msgs;/home/daisuke/Autoware/ros/install/autoware_build_flags;/home/daisuke/Autoware/ros/devel;/opt/ros/kinetic
-- This workspace overlays: /home/daisuke/Autoware/ros/install/vector_map;/home/daisuke/Autoware/ros/install/vector_map_msgs;/home/daisuke/Autoware/ros/install/state_machine_lib;/home/daisuke/Autoware/ros/install/amathutils_lib;/home/daisuke/Autoware/ros/install/autoware_msgs;/home/daisuke/Autoware/ros/install/autoware_config_msgs;/home/daisuke/Autoware/ros/install/autoware_build_flags;/opt/ros/kinetic
-- Found PythonInterp: /home/daisuke/pyenv/shims/python (found version "2.7.12") 
-- Using PYTHON_EXECUTABLE: /home/daisuke/pyenv/shims/python
-- Using Debian Python package layout
-- Using empy: /usr/bin/empy
-- Using CATKIN_ENABLE_TESTING: ON
-- Call enable_testing()
-- Using CATKIN_TEST_RESULTS_DIR: /home/daisuke/Autoware/ros/build/decision_maker/test_results
-- Found gmock sources under '/usr/src/gmock': gmock will be built
-- Looking for pthread.h
-- Looking for pthread.h - found
-- Looking for pthread_create
-- Looking for pthread_create - not found
-- Looking for pthread_create in pthreads
-- Looking for pthread_create in pthreads - not found
-- Looking for pthread_create in pthread
-- Looking for pthread_create in pthread - found
-- Found Threads: TRUE  
-- Found gtest sources under '/usr/src/gmock': gtests will be built
-- Using Python nosetests: /usr/bin/nosetests-2.7
-- catkin 0.7.14
-- Using these message generators: gencpp;geneus;genlisp;gennodejs;genpy
-- Configuring done
-- Generating done
-- Build files have been written to: /home/daisuke/Autoware/ros/build/decision_maker
[35m[1mScanning dependencies of target dynamic_reconfigure_generate_messages_cpp[0m
[35m[1mScanning dependencies of target actionlib_msgs_generate_messages_lisp[0m
[35m[1mScanning dependencies of target vector_map_msgs_generate_messages_lisp[0m
[35m[1mScanning dependencies of target autoware_msgs_generate_messages_py[0m
[  0%] Built target dynamic_reconfigure_generate_messages_cpp
[35m[1mScanning dependencies of target actionlib_msgs_generate_messages_eus[0m
[  0%] Built target actionlib_msgs_generate_messages_lisp
[  0%] Built target vector_map_msgs_generate_messages_lisp
[  0%] Built target autoware_msgs_generate_messages_py
[35m[1mScanning dependencies of target jsk_footstep_msgs_generate_messages_py[0m
[35m[1mScanning dependencies of target sensor_msgs_generate_messages_lisp[0m
[  0%] Built target actionlib_msgs_generate_messages_eus
[35m[1mScanning dependencies of target actionlib_msgs_generate_messages_cpp[0m
[35m[1mScanning dependencies of target actionlib_generate_messages_lisp[0m
[  0%] Built target sensor_msgs_generate_messages_lisp
[  0%] Built target jsk_footstep_msgs_generate_messages_py
[  0%] Built target actionlib_generate_messages_lisp
[35m[1mScanning dependencies of target tf2_msgs_generate_messages_py[0m
[  0%] Built target actionlib_msgs_generate_messages_cpp
[35m[1mScanning dependencies of target actionlib_msgs_generate_messages_nodejs[0m
[35m[1mScanning dependencies of target actionlib_generate_messages_nodejs[0m
[35m[1mScanning dependencies of target sensor_msgs_generate_messages_eus[0m
[35m[1mScanning dependencies of target vector_map_msgs_generate_messages_cpp[0m
[35m[1mScanning dependencies of target dynamic_reconfigure_generate_messages_nodejs[0m
[35m[1mScanning dependencies of target jsk_footstep_msgs_generate_messages_eus[0m
[35m[1mScanning dependencies of target jsk_footstep_msgs_generate_messages_nodejs[0m
[  0%] Built target tf2_msgs_generate_messages_py
[  0%] Built target actionlib_msgs_generate_messages_nodejs
[  0%] Built target vector_map_msgs_generate_messages_cpp
[  0%] Built target sensor_msgs_generate_messages_eus
[  0%] Built target actionlib_generate_messages_nodejs
[  0%] Built target dynamic_reconfigure_generate_messages_nodejs
[35m[1mScanning dependencies of target pcl_msgs_generate_messages_nodejs[0m
[  0%] Built target jsk_footstep_msgs_generate_messages_eus
[  0%] Built target jsk_footstep_msgs_generate_messages_nodejs
[35m[1mScanning dependencies of target pcl_msgs_generate_messages_eus[0m
[35m[1mScanning dependencies of target rosgraph_msgs_generate_messages_cpp[0m
[35m[1mScanning dependencies of target autoware_msgs_generate_messages_lisp[0m
[35m[1mScanning dependencies of target autoware_msgs_generate_messages_nodejs[0m
[35m[1mScanning dependencies of target jsk_footstep_msgs_generate_messages_cpp[0m
[  0%] Built target pcl_msgs_generate_messages_eus
[  0%] Built target pcl_msgs_generate_messages_nodejs
[35m[1mScanning dependencies of target pcl_msgs_generate_messages_cpp[0m
[  0%] Built target autoware_msgs_generate_messages_nodejs
[35m[1mScanning dependencies of target jsk_recognition_msgs_generate_messages_nodejs[0m
[  0%] Built target rosgraph_msgs_generate_messages_cpp
[  0%] Built target autoware_msgs_generate_messages_lisp
[  0%] Built target jsk_footstep_msgs_generate_messages_cpp
[  0%] Built target pcl_msgs_generate_messages_cpp
[  0%] Built target jsk_recognition_msgs_generate_messages_nodejs
[35m[1mScanning dependencies of target pcl_msgs_generate_messages_lisp[0m
[35m[1mScanning dependencies of target std_msgs_generate_messages_nodejs[0m
[35m[1mScanning dependencies of target geometry_msgs_generate_messages_py[0m
[35m[1mScanning dependencies of target actionlib_msgs_generate_messages_py[0m
[35m[1mScanning dependencies of target geometry_msgs_generate_messages_lisp[0m
[  0%] Built target pcl_msgs_generate_messages_lisp
[35m[1mScanning dependencies of target autoware_msgs_generate_messages_eus[0m
[  0%] Built target actionlib_msgs_generate_messages_py
[35m[1mScanning dependencies of target std_msgs_generate_messages_lisp[0m
[35m[1mScanning dependencies of target jsk_recognition_msgs_generate_messages_lisp[0m
[  0%] Built target geometry_msgs_generate_messages_py
[  0%] Built target std_msgs_generate_messages_nodejs
[  0%] Built target geometry_msgs_generate_messages_lisp
[35m[1mScanning dependencies of target geometry_msgs_generate_messages_eus[0m
[35m[1mScanning dependencies of target jsk_recognition_msgs_generate_messages_cpp[0m
[  0%] Built target jsk_recognition_msgs_generate_messages_lisp
[35m[1mScanning dependencies of target jsk_footstep_msgs_generate_messages_lisp[0m
[  0%] Built target autoware_msgs_generate_messages_eus
[  0%] Built target std_msgs_generate_messages_lisp
[  0%] Built target jsk_footstep_msgs_generate_messages_lisp
[35m[1mScanning dependencies of target sensor_msgs_generate_messages_cpp[0m
[35m[1mScanning dependencies of target geometry_msgs_generate_messages_cpp[0m
[35m[1mScanning dependencies of target geometry_msgs_generate_messages_nodejs[0m
[  0%] Built target jsk_recognition_msgs_generate_messages_cpp
[35m[1mScanning dependencies of target sensor_msgs_generate_messages_nodejs[0m
[  0%] Built target geometry_msgs_generate_messages_eus
[35m[1mScanning dependencies of target std_msgs_generate_messages_cpp[0m
[35m[1mScanning dependencies of target autoware_config_msgs_generate_messages_lisp[0m
[  0%] Built target sensor_msgs_generate_messages_cpp
[  0%] Built target geometry_msgs_generate_messages_nodejs
[  0%] Built target sensor_msgs_generate_messages_nodejs
[  0%] Built target geometry_msgs_generate_messages_cpp
[35m[1mScanning dependencies of target std_msgs_generate_messages_py[0m
[35m[1mScanning dependencies of target autoware_msgs_generate_messages_cpp[0m
[  0%] Built target std_msgs_generate_messages_cpp
[35m[1mScanning dependencies of target autoware_config_msgs_generate_messages_py[0m
[35m[1mScanning dependencies of target rosgraph_msgs_generate_messages_eus[0m
[35m[1mScanning dependencies of target autoware_config_msgs_generate_messages_eus[0m
[  0%] Built target autoware_msgs_generate_messages_cpp
[  0%] Built target autoware_config_msgs_generate_messages_lisp
[35m[1mScanning dependencies of target tf_generate_messages_cpp[0m
[  0%] Built target autoware_config_msgs_generate_messages_eus
[35m[1mScanning dependencies of target vector_map_msgs_generate_messages_eus[0m
[  0%] Built target autoware_config_msgs_generate_messages_py
[  0%] Built target std_msgs_generate_messages_py
[35m[1mScanning dependencies of target vector_map_msgs_generate_messages_py[0m
[35m[1mScanning dependencies of target roscpp_generate_messages_eus[0m
[35m[1mScanning dependencies of target sensor_msgs_generate_messages_py[0m
[  0%] Built target vector_map_msgs_generate_messages_eus
[35m[1mScanning dependencies of target roscpp_generate_messages_cpp[0m
[  0%] Built target tf_generate_messages_cpp
[  0%] Built target roscpp_generate_messages_eus
[35m[1mScanning dependencies of target roscpp_generate_messages_nodejs[0m
[  0%] Built target rosgraph_msgs_generate_messages_eus
[35m[1mScanning dependencies of target roscpp_generate_messages_lisp[0m
[  0%] Built target vector_map_msgs_generate_messages_py
[  0%] Built target roscpp_generate_messages_cpp
[  0%] Built target sensor_msgs_generate_messages_py
[35m[1mScanning dependencies of target jsk_recognition_msgs_generate_messages_eus[0m
[35m[1mScanning dependencies of target rosgraph_msgs_generate_messages_lisp[0m
[35m[1mScanning dependencies of target roscpp_generate_messages_py[0m
[35m[1mScanning dependencies of target rosgraph_msgs_generate_messages_nodejs[0m
[  0%] Built target roscpp_generate_messages_nodejs
[  0%] Built target rosgraph_msgs_generate_messages_lisp
[35m[1mScanning dependencies of target actionlib_generate_messages_cpp[0m
[  0%] Built target roscpp_generate_messages_lisp
[35m[1mScanning dependencies of target tf_generate_messages_nodejs[0m
[35m[1mScanning dependencies of target rosgraph_msgs_generate_messages_py[0m
[  0%] Built target rosgraph_msgs_generate_messages_nodejs
[  0%] Built target roscpp_generate_messages_py
[  0%] Built target jsk_recognition_msgs_generate_messages_eus
[  0%] Built target tf_generate_messages_nodejs
[  0%] Built target actionlib_generate_messages_cpp
[35m[1mScanning dependencies of target tf_generate_messages_eus[0m
[35m[1mScanning dependencies of target std_msgs_generate_messages_eus[0m
[35m[1mScanning dependencies of target tf_generate_messages_lisp[0m
[35m[1mScanning dependencies of target tf2_msgs_generate_messages_cpp[0m
[  0%] Built target rosgraph_msgs_generate_messages_py
[35m[1mScanning dependencies of target actionlib_generate_messages_eus[0m
[35m[1mScanning dependencies of target tf_generate_messages_py[0m
[  0%] Built target tf2_msgs_generate_messages_cpp
[35m[1mScanning dependencies of target tf2_msgs_generate_messages_eus[0m
[35m[1mScanning dependencies of target tf2_msgs_generate_messages_lisp[0m
[  0%] Built target actionlib_generate_messages_eus
[  0%] Built target tf_generate_messages_py
[  0%] Built target std_msgs_generate_messages_eus
[  0%] Built target tf2_msgs_generate_messages_lisp
[  0%] Built target tf_generate_messages_eus
[  0%] Built target tf_generate_messages_lisp
[35m[1mScanning dependencies of target tf2_msgs_generate_messages_nodejs[0m
[35m[1mScanning dependencies of target pcl_msgs_generate_messages_py[0m
[35m[1mScanning dependencies of target actionlib_generate_messages_py[0m
[35m[1mScanning dependencies of target autoware_config_msgs_generate_messages_nodejs[0m
[  0%] Built target tf2_msgs_generate_messages_eus
[35m[1mScanning dependencies of target dynamic_reconfigure_generate_messages_eus[0m
[35m[1mScanning dependencies of target dynamic_reconfigure_generate_messages_py[0m
[  0%] Built target actionlib_generate_messages_py
[  0%] Built target pcl_msgs_generate_messages_py
[  0%] Built target dynamic_reconfigure_generate_messages_eus
[  0%] Built target tf2_msgs_generate_messages_nodejs
[35m[1mScanning dependencies of target dynamic_reconfigure_generate_messages_lisp[0m
[  0%] Built target autoware_config_msgs_generate_messages_nodejs
[35m[1mScanning dependencies of target vector_map_msgs_generate_messages_nodejs[0m
[35m[1mScanning dependencies of target jsk_recognition_msgs_generate_messages_py[0m
[  0%] Built target dynamic_reconfigure_generate_messages_py
[35m[1mScanning dependencies of target autoware_config_msgs_generate_messages_cpp[0m
[35m[1mScanning dependencies of target dynamic_reconfigure_gencfg[0m
[  0%] Built target jsk_recognition_msgs_generate_messages_py
[  0%] Built target dynamic_reconfigure_generate_messages_lisp
[  0%] Built target vector_map_msgs_generate_messages_nodejs
[  0%] Built target autoware_config_msgs_generate_messages_cpp
[  0%] Built target dynamic_reconfigure_gencfg
[35m[1mScanning dependencies of target decision_maker_node[0m
[  9%] [32mBuilding CXX object CMakeFiles/decision_maker_node.dir/nodes/decision_maker/decision_maker_node_callback.cpp.o[0m
[ 18%] [32mBuilding CXX object CMakeFiles/decision_maker_node.dir/nodes/decision_maker/decision_maker_node_decision.cpp.o[0m
[ 27%] [32mBuilding CXX object CMakeFiles/decision_maker_node.dir/nodes/decision_maker/decision_maker_node.cpp.o[0m
[ 36%] [32mBuilding CXX object CMakeFiles/decision_maker_node.dir/nodes/decision_maker/decision_maker_node_init.cpp.o[0m
[ 54%] [32mBuilding CXX object CMakeFiles/decision_maker_node.dir/nodes/decision_maker/decision_maker_node_state_vehicle.cpp.o[0m
[ 54%] [32mBuilding CXX object CMakeFiles/decision_maker_node.dir/nodes/decision_maker/decision_maker_node_core.cpp.o[0m
[ 63%] [32mBuilding CXX object CMakeFiles/decision_maker_node.dir/nodes/decision_maker/decision_maker_node_state_mission.cpp.o[0m
[ 72%] [32mBuilding CXX object CMakeFiles/decision_maker_node.dir/nodes/decision_maker/decision_maker_node_state_drive.cpp.o[0m
[ 81%] [32mBuilding CXX object CMakeFiles/decision_maker_node.dir/nodes/decision_maker/cross_road_area.cpp.o[0m
[ 90%] [32mBuilding CXX object CMakeFiles/decision_maker_node.dir/nodes/decision_maker/decision_maker_node_publish.cpp.o[0m
[100%] [32m[1mLinking CXX executable devel/lib/decision_maker/decision_maker_node[0m
[100%] Built target decision_maker_node
[35m[1mScanning dependencies of target gtest[0m
[  6%] [32mBuilding CXX object gtest/gtest/CMakeFiles/gtest.dir/src/gtest-all.cc.o[0m
[ 13%] [32m[1mLinking CXX shared library libgtest.so[0m
[ 13%] Built target gtest
[ 13%] Built target actionlib_generate_messages_lisp
[ 13%] Built target actionlib_msgs_generate_messages_cpp
[ 13%] Built target sensor_msgs_generate_messages_eus
[ 13%] Built target actionlib_generate_messages_nodejs
[ 13%] Built target actionlib_msgs_generate_messages_nodejs
[ 13%] Built target tf2_msgs_generate_messages_py
[ 13%] Built target jsk_footstep_msgs_generate_messages_nodejs
[ 13%] Built target vector_map_msgs_generate_messages_cpp
[ 13%] Built target dynamic_reconfigure_generate_messages_nodejs
[ 13%] Built target jsk_footstep_msgs_generate_messages_eus
[ 13%] Built target pcl_msgs_generate_messages_nodejs
[ 13%] Built target pcl_msgs_generate_messages_eus
[ 13%] Built target jsk_footstep_msgs_generate_messages_cpp
[ 13%] Built target autoware_msgs_generate_messages_lisp
[ 13%] Built target rosgraph_msgs_generate_messages_cpp
[ 13%] Built target autoware_msgs_generate_messages_nodejs
[ 13%] Built target pcl_msgs_generate_messages_cpp
[ 13%] Built target jsk_recognition_msgs_generate_messages_nodejs
[ 13%] Built target actionlib_msgs_generate_messages_py
[ 13%] Built target std_msgs_generate_messages_nodejs
[ 13%] Built target geometry_msgs_generate_messages_lisp
[ 13%] Built target geometry_msgs_generate_messages_py
[ 13%] Built target jsk_recognition_msgs_generate_messages_lisp
[ 13%] Built target pcl_msgs_generate_messages_lisp
[ 13%] Built target autoware_msgs_generate_messages_eus
[ 13%] Built target std_msgs_generate_messages_lisp
[ 13%] Built target jsk_recognition_msgs_generate_messages_cpp
[ 13%] Built target geometry_msgs_generate_messages_eus
[ 13%] Built target geometry_msgs_generate_messages_nodejs
[ 13%] Built target jsk_footstep_msgs_generate_messages_lisp
[ 13%] Built target sensor_msgs_generate_messages_cpp
[ 13%] Built target geometry_msgs_generate_messages_cpp
[ 13%] Built target std_msgs_generate_messages_cpp
[ 13%] Built target sensor_msgs_generate_messages_nodejs
[ 13%] Built target autoware_msgs_generate_messages_cpp
[ 13%] Built target autoware_config_msgs_generate_messages_lisp
[ 13%] Built target std_msgs_generate_messages_py
[ 13%] Built target rosgraph_msgs_generate_messages_eus
[ 13%] Built target autoware_config_msgs_generate_messages_eus
[ 13%] Built target autoware_config_msgs_generate_messages_py
[ 13%] Built target tf_generate_messages_cpp
[ 13%] Built target vector_map_msgs_generate_messages_eus
[ 13%] Built target vector_map_msgs_generate_messages_py
[ 13%] Built target roscpp_generate_messages_cpp
[ 13%] Built target roscpp_generate_messages_eus
[ 13%] Built target roscpp_generate_messages_lisp
[ 13%] Built target sensor_msgs_generate_messages_py
[ 13%] Built target roscpp_generate_messages_nodejs
[ 13%] Built target jsk_recognition_msgs_generate_messages_eus
[ 13%] Built target roscpp_generate_messages_py
[ 13%] Built target tf_generate_messages_nodejs
[ 13%] Built target rosgraph_msgs_generate_messages_lisp
[ 13%] Built target rosgraph_msgs_generate_messages_nodejs
[ 13%] Built target actionlib_generate_messages_cpp
[ 13%] Built target rosgraph_msgs_generate_messages_py
[ 13%] Built target tf_generate_messages_lisp
[ 13%] Built target tf_generate_messages_eus
[ 13%] Built target tf_generate_messages_py
[ 13%] Built target std_msgs_generate_messages_eus
[ 13%] Built target actionlib_generate_messages_eus
[ 13%] Built target tf2_msgs_generate_messages_cpp
[ 13%] Built target tf2_msgs_generate_messages_eus
[ 13%] Built target tf2_msgs_generate_messages_lisp
[ 13%] Built target tf2_msgs_generate_messages_nodejs
[ 13%] Built target autoware_config_msgs_generate_messages_nodejs
[ 13%] Built target actionlib_generate_messages_py
[ 13%] Built target dynamic_reconfigure_generate_messages_py
[ 13%] Built target pcl_msgs_generate_messages_py
[ 13%] Built target dynamic_reconfigure_generate_messages_eus
[ 13%] Built target dynamic_reconfigure_generate_messages_lisp
[ 13%] Built target jsk_recognition_msgs_generate_messages_py
[ 13%] Built target autoware_config_msgs_generate_messages_cpp
[ 13%] Built target vector_map_msgs_generate_messages_nodejs
[ 13%] Built target dynamic_reconfigure_gencfg
[ 13%] Built target dynamic_reconfigure_generate_messages_cpp
[ 13%] Built target jsk_footstep_msgs_generate_messages_py
[ 13%] Built target actionlib_msgs_generate_messages_eus
[ 13%] Built target vector_map_msgs_generate_messages_lisp
[ 13%] Built target autoware_msgs_generate_messages_py
[ 13%] Built target actionlib_msgs_generate_messages_lisp
[ 13%] Built target sensor_msgs_generate_messages_lisp
[35m[1mScanning dependencies of target test-decision_maker[0m
[ 20%] [32mBuilding CXX object CMakeFiles/test-decision_maker.dir/test/src/test_main.cpp.o[0m
[ 26%] [32mBuilding CXX object CMakeFiles/test-decision_maker.dir/nodes/decision_maker/decision_maker_node_state_vehicle.cpp.o[0m
[ 33%] [32mBuilding CXX object CMakeFiles/test-decision_maker.dir/nodes/decision_maker/decision_maker_node_state_drive.cpp.o[0m
[ 40%] [32mBuilding CXX object CMakeFiles/test-decision_maker.dir/nodes/decision_maker/decision_maker_node_state_mission.cpp.o[0m
[ 46%] [32mBuilding CXX object CMakeFiles/test-decision_maker.dir/nodes/decision_maker/decision_maker_node_publish.cpp.o[0m
[ 53%] [32mBuilding CXX object CMakeFiles/test-decision_maker.dir/nodes/decision_maker/decision_maker_node_callback.cpp.o[0m
[ 60%] [32mBuilding CXX object CMakeFiles/test-decision_maker.dir/nodes/decision_maker/cross_road_area.cpp.o[0m
[ 66%] [32mBuilding CXX object CMakeFiles/test-decision_maker.dir/nodes/decision_maker/decision_maker_node_init.cpp.o[0m
[ 73%] [32mBuilding CXX object CMakeFiles/test-decision_maker.dir/nodes/decision_maker/decision_maker_node_decision.cpp.o[0m
[ 80%] [32mBuilding CXX object CMakeFiles/test-decision_maker.dir/test/src/test_node_state_drive.cpp.o[0m
[ 86%] [32mBuilding CXX object CMakeFiles/test-decision_maker.dir/nodes/decision_maker/decision_maker_node_core.cpp.o[0m
[ 93%] [32mBuilding CXX object CMakeFiles/test-decision_maker.dir/test/src/test_node_decision.cpp.o[0m
[100%] [32m[1mLinking CXX executable devel/lib/decision_maker/test-decision_maker[0m
[100%] Built target test-decision_maker
[35m[1mScanning dependencies of target tests[0m
[100%] Built target tests
[  0%] Built target dynamic_reconfigure_generate_messages_cpp
[  0%] Built target sensor_msgs_generate_messages_lisp
[  0%] Built target actionlib_msgs_generate_messages_lisp
[  0%] Built target autoware_msgs_generate_messages_py
[  0%] Built target vector_map_msgs_generate_messages_lisp
[  0%] Built target actionlib_msgs_generate_messages_eus
[  0%] Built target jsk_footstep_msgs_generate_messages_py
[  0%] Built target actionlib_generate_messages_lisp
[  0%] Built target actionlib_msgs_generate_messages_cpp
[  0%] Built target sensor_msgs_generate_messages_eus
[  0%] Built target actionlib_generate_messages_nodejs
[  0%] Built target actionlib_msgs_generate_messages_nodejs
[  0%] Built target tf2_msgs_generate_messages_py
[  0%] Built target jsk_footstep_msgs_generate_messages_nodejs
[  0%] Built target vector_map_msgs_generate_messages_cpp
[  0%] Built target dynamic_reconfigure_generate_messages_nodejs
[  0%] Built target jsk_footstep_msgs_generate_messages_eus
[  0%] Built target pcl_msgs_generate_messages_nodejs
[  0%] Built target pcl_msgs_generate_messages_eus
[  0%] Built target jsk_footstep_msgs_generate_messages_cpp
[  0%] Built target autoware_msgs_generate_messages_lisp
[  0%] Built target rosgraph_msgs_generate_messages_cpp
[  0%] Built target autoware_msgs_generate_messages_nodejs
[  0%] Built target pcl_msgs_generate_messages_cpp
[  0%] Built target jsk_recognition_msgs_generate_messages_nodejs
[  0%] Built target actionlib_msgs_generate_messages_py
[  0%] Built target std_msgs_generate_messages_nodejs
[  0%] Built target geometry_msgs_generate_messages_lisp
[  0%] Built target geometry_msgs_generate_messages_py
[  0%] Built target jsk_recognition_msgs_generate_messages_lisp
[  0%] Built target pcl_msgs_generate_messages_lisp
[  0%] Built target autoware_msgs_generate_messages_eus
[  0%] Built target std_msgs_generate_messages_lisp
[  0%] Built target jsk_recognition_msgs_generate_messages_cpp
[  0%] Built target geometry_msgs_generate_messages_eus
[  0%] Built target geometry_msgs_generate_messages_nodejs
[  0%] Built target jsk_footstep_msgs_generate_messages_lisp
[  0%] Built target sensor_msgs_generate_messages_cpp
[  0%] Built target geometry_msgs_generate_messages_cpp
[  0%] Built target std_msgs_generate_messages_cpp
[  0%] Built target sensor_msgs_generate_messages_nodejs
[  0%] Built target autoware_msgs_generate_messages_cpp
[  0%] Built target autoware_config_msgs_generate_messages_lisp
[  0%] Built target std_msgs_generate_messages_py
[  0%] Built target rosgraph_msgs_generate_messages_eus
[  0%] Built target autoware_config_msgs_generate_messages_eus
[  0%] Built target autoware_config_msgs_generate_messages_py
[  0%] Built target tf_generate_messages_cpp
[  0%] Built target vector_map_msgs_generate_messages_eus
[  0%] Built target vector_map_msgs_generate_messages_py
[  0%] Built target roscpp_generate_messages_cpp
[  0%] Built target roscpp_generate_messages_eus
[  0%] Built target roscpp_generate_messages_lisp
[  0%] Built target sensor_msgs_generate_messages_py
[  0%] Built target roscpp_generate_messages_nodejs
[  0%] Built target jsk_recognition_msgs_generate_messages_eus
[  0%] Built target roscpp_generate_messages_py
[  0%] Built target tf_generate_messages_nodejs
[  0%] Built target rosgraph_msgs_generate_messages_lisp
[  0%] Built target rosgraph_msgs_generate_messages_nodejs
[  0%] Built target actionlib_generate_messages_cpp
[  0%] Built target rosgraph_msgs_generate_messages_py
[  0%] Built target tf_generate_messages_lisp
[  0%] Built target tf_generate_messages_eus
[  0%] Built target tf_generate_messages_py
[  0%] Built target std_msgs_generate_messages_eus
[  0%] Built target actionlib_generate_messages_eus
[  0%] Built target tf2_msgs_generate_messages_cpp
[  0%] Built target tf2_msgs_generate_messages_eus
[  0%] Built target tf2_msgs_generate_messages_lisp
[  0%] Built target tf2_msgs_generate_messages_nodejs
[  0%] Built target autoware_config_msgs_generate_messages_nodejs
[  0%] Built target actionlib_generate_messages_py
[  0%] Built target dynamic_reconfigure_generate_messages_py
[  0%] Built target pcl_msgs_generate_messages_py
[  0%] Built target dynamic_reconfigure_generate_messages_eus
[  0%] Built target dynamic_reconfigure_generate_messages_lisp
[  0%] Built target jsk_recognition_msgs_generate_messages_py
[  0%] Built target autoware_config_msgs_generate_messages_cpp
[  0%] Built target vector_map_msgs_generate_messages_nodejs
[  0%] Built target dynamic_reconfigure_gencfg
[100%] Built target decision_maker_node
[36mInstall the project...[0m
-- Install configuration: "Release"
-- Installing: /home/daisuke/Autoware/ros/install/decision_maker/lib/pkgconfig/decision_maker.pc
-- Installing: /home/daisuke/Autoware/ros/install/decision_maker/share/decision_maker/cmake/decision_makerConfig.cmake
-- Installing: /home/daisuke/Autoware/ros/install/decision_maker/share/decision_maker/cmake/decision_makerConfig-version.cmake
-- Installing: /home/daisuke/Autoware/ros/install/decision_maker/share/decision_maker/package.xml
-- Installing: /home/daisuke/Autoware/ros/install/decision_maker/lib/decision_maker/decision_maker_node
-- Set runtime path of "/home/daisuke/Autoware/ros/install/decision_maker/lib/decision_maker/decision_maker_node" to ""
-- Installing: /home/daisuke/Autoware/ros/install/decision_maker/include/decision_maker/launch//launch
-- Installing: /home/daisuke/Autoware/ros/install/decision_maker/include/decision_maker/launch//launch/decision_maker.launch
