Invoking command in '/home/daisuke/Autoware/ros/build/vision_dpm_ttic_detect': CMAKE_PREFIX_PATH=/home/daisuke/Autoware/ros/install/libdpm_ttic:/home/daisuke/Autoware/ros/install/autoware_msgs:/home/daisuke/Autoware/ros/install/autoware_config_msgs:/home/daisuke/Autoware/ros/install/autoware_build_flags:${CMAKE_PREFIX_PATH} LD_LIBRARY_PATH=/home/daisuke/Autoware/ros/install/libdpm_ttic/lib:${LD_LIBRARY_PATH} PKG_CONFIG_PATH=/home/daisuke/Autoware/ros/install/libdpm_ttic/lib/pkgconfig:/home/daisuke/Autoware/ros/install/autoware_msgs/lib/pkgconfig:/home/daisuke/Autoware/ros/install/autoware_config_msgs/lib/pkgconfig:/home/daisuke/Autoware/ros/install/autoware_build_flags/lib/pkgconfig:${PKG_CONFIG_PATH} PYTHONPATH=/home/daisuke/Autoware/ros/install/autoware_msgs/lib/python2.7/dist-packages:/home/daisuke/Autoware/ros/install/autoware_config_msgs/lib/python2.7/dist-packages:${PYTHONPATH} ROS_PACKAGE_PATH=/home/daisuke/Autoware/ros/install/libdpm_ttic/share:/home/daisuke/Autoware/ros/install/autoware_msgs/share:/home/daisuke/Autoware/ros/install/autoware_config_msgs/share:/home/daisuke/Autoware/ros/install/autoware_build_flags/share:${ROS_PACKAGE_PATH} /usr/bin/cmake /home/daisuke/Autoware/ros/src/computing/perception/detection/vision_detector/packages/vision_dpm_ttic_detect -DCATKIN_INSTALL_INTO_PREFIX_ROOT=0 -DCMAKE_INSTALL_PREFIX=/home/daisuke/Autoware/ros/install/vision_dpm_ttic_detect
-- Using CATKIN_DEVEL_PREFIX: /home/daisuke/Autoware/ros/build/vision_dpm_ttic_detect/devel
-- Using CMAKE_PREFIX_PATH: /home/daisuke/Autoware/ros/install/libdpm_ttic;/home/daisuke/Autoware/ros/install/autoware_msgs;/home/daisuke/Autoware/ros/install/autoware_config_msgs;/home/daisuke/Autoware/ros/install/autoware_build_flags;/home/daisuke/Autoware/ros/devel;/opt/ros/kinetic
-- This workspace overlays: /home/daisuke/Autoware/ros/install/libdpm_ttic;/home/daisuke/Autoware/ros/install/autoware_msgs;/home/daisuke/Autoware/ros/install/autoware_config_msgs;/home/daisuke/Autoware/ros/install/autoware_build_flags;/opt/ros/kinetic
-- Using PYTHON_EXECUTABLE: /home/daisuke/pyenv/shims/python
-- Using Debian Python package layout
-- Using empy: /usr/bin/empy
-- Using CATKIN_ENABLE_TESTING: ON
-- Call enable_testing()
-- Using CATKIN_TEST_RESULTS_DIR: /home/daisuke/Autoware/ros/build/vision_dpm_ttic_detect/test_results
-- Found gmock sources under '/usr/src/gmock': gmock will be built
-- Found gtest sources under '/usr/src/gmock': gtests will be built
-- Using Python nosetests: /usr/bin/nosetests-2.7
-- catkin 0.7.14
-- Using these message generators: gencpp;geneus;genlisp;gennodejs;genpy
-- Configuring done
-- Generating done
-- Build files have been written to: /home/daisuke/Autoware/ros/build/vision_dpm_ttic_detect
Invoked command in '/home/daisuke/Autoware/ros/build/vision_dpm_ttic_detect' returned '0': CMAKE_PREFIX_PATH=/home/daisuke/Autoware/ros/install/libdpm_ttic:/home/daisuke/Autoware/ros/install/autoware_msgs:/home/daisuke/Autoware/ros/install/autoware_config_msgs:/home/daisuke/Autoware/ros/install/autoware_build_flags:${CMAKE_PREFIX_PATH} LD_LIBRARY_PATH=/home/daisuke/Autoware/ros/install/libdpm_ttic/lib:${LD_LIBRARY_PATH} PKG_CONFIG_PATH=/home/daisuke/Autoware/ros/install/libdpm_ttic/lib/pkgconfig:/home/daisuke/Autoware/ros/install/autoware_msgs/lib/pkgconfig:/home/daisuke/Autoware/ros/install/autoware_config_msgs/lib/pkgconfig:/home/daisuke/Autoware/ros/install/autoware_build_flags/lib/pkgconfig:${PKG_CONFIG_PATH} PYTHONPATH=/home/daisuke/Autoware/ros/install/autoware_msgs/lib/python2.7/dist-packages:/home/daisuke/Autoware/ros/install/autoware_config_msgs/lib/python2.7/dist-packages:${PYTHONPATH} ROS_PACKAGE_PATH=/home/daisuke/Autoware/ros/install/libdpm_ttic/share:/home/daisuke/Autoware/ros/install/autoware_msgs/share:/home/daisuke/Autoware/ros/install/autoware_config_msgs/share:/home/daisuke/Autoware/ros/install/autoware_build_flags/share:${ROS_PACKAGE_PATH} /usr/bin/cmake /home/daisuke/Autoware/ros/src/computing/perception/detection/vision_detector/packages/vision_dpm_ttic_detect -DCATKIN_INSTALL_INTO_PREFIX_ROOT=0 -DCMAKE_INSTALL_PREFIX=/home/daisuke/Autoware/ros/install/vision_dpm_ttic_detect
Invoking command in '/home/daisuke/Autoware/ros/build/vision_dpm_ttic_detect': CMAKE_PREFIX_PATH=/home/daisuke/Autoware/ros/install/libdpm_ttic:/home/daisuke/Autoware/ros/install/autoware_msgs:/home/daisuke/Autoware/ros/install/autoware_config_msgs:/home/daisuke/Autoware/ros/install/autoware_build_flags:${CMAKE_PREFIX_PATH} LD_LIBRARY_PATH=/home/daisuke/Autoware/ros/install/libdpm_ttic/lib:${LD_LIBRARY_PATH} PKG_CONFIG_PATH=/home/daisuke/Autoware/ros/install/libdpm_ttic/lib/pkgconfig:/home/daisuke/Autoware/ros/install/autoware_msgs/lib/pkgconfig:/home/daisuke/Autoware/ros/install/autoware_config_msgs/lib/pkgconfig:/home/daisuke/Autoware/ros/install/autoware_build_flags/lib/pkgconfig:${PKG_CONFIG_PATH} PYTHONPATH=/home/daisuke/Autoware/ros/install/autoware_msgs/lib/python2.7/dist-packages:/home/daisuke/Autoware/ros/install/autoware_config_msgs/lib/python2.7/dist-packages:${PYTHONPATH} ROS_PACKAGE_PATH=/home/daisuke/Autoware/ros/install/libdpm_ttic/share:/home/daisuke/Autoware/ros/install/autoware_msgs/share:/home/daisuke/Autoware/ros/install/autoware_config_msgs/share:/home/daisuke/Autoware/ros/install/autoware_build_flags/share:${ROS_PACKAGE_PATH} /usr/bin/cmake --build /home/daisuke/Autoware/ros/build/vision_dpm_ttic_detect -- -j8 -l8
[  0%] Built target roscpp_generate_messages_py
[  0%] Built target rosgraph_msgs_generate_messages_py
[  0%] Built target rosgraph_msgs_generate_messages_nodejs
[  0%] Built target rosgraph_msgs_generate_messages_lisp
[  0%] Built target sensor_msgs_generate_messages_lisp
[  0%] Built target roscpp_generate_messages_eus
[  0%] Built target autoware_config_msgs_generate_messages_py
[  0%] Built target roscpp_generate_messages_cpp
[  0%] Built target autoware_config_msgs_generate_messages_lisp
[  0%] Built target rosgraph_msgs_generate_messages_eus
[  0%] Built target roscpp_generate_messages_lisp
[  0%] Built target pcl_msgs_generate_messages_py
[  0%] Built target autoware_msgs_generate_messages_cpp
[  0%] Built target roscpp_generate_messages_nodejs
[  0%] Built target autoware_config_msgs_generate_messages_eus
[  0%] Built target sensor_msgs_generate_messages_py
[  0%] Built target autoware_config_msgs_generate_messages_cpp
[  0%] Built target sensor_msgs_generate_messages_nodejs
[  0%] Built target geometry_msgs_generate_messages_cpp
[  0%] Built target geometry_msgs_generate_messages_nodejs
[  0%] Built target sensor_msgs_generate_messages_cpp
[  0%] Built target jsk_recognition_msgs_generate_messages_cpp
[  0%] Built target std_msgs_generate_messages_lisp
[  0%] Built target std_msgs_generate_messages_eus
[  0%] Built target autoware_msgs_generate_messages_eus
[  0%] Built target pcl_msgs_generate_messages_lisp
[  0%] Built target jsk_recognition_msgs_generate_messages_lisp
[  0%] Built target std_msgs_generate_messages_nodejs
[  0%] Built target geometry_msgs_generate_messages_py
[  0%] Built target jsk_recognition_msgs_generate_messages_nodejs
[  0%] Built target geometry_msgs_generate_messages_eus
[  0%] Built target std_msgs_generate_messages_py
[  0%] Built target actionlib_msgs_generate_messages_py
[  0%] Built target jsk_recognition_msgs_generate_messages_py
[  0%] Built target rosgraph_msgs_generate_messages_cpp
[  0%] Built target pcl_msgs_generate_messages_eus
[  0%] Built target autoware_msgs_generate_messages_lisp
[  0%] Built target geometry_msgs_generate_messages_lisp
[  0%] Built target pcl_msgs_generate_messages_cpp
[  0%] Built target jsk_footstep_msgs_generate_messages_cpp
[  0%] Built target autoware_msgs_generate_messages_nodejs
[  0%] Built target jsk_footstep_msgs_generate_messages_eus
[  0%] Built target pcl_msgs_generate_messages_nodejs
[  0%] Built target sensor_msgs_generate_messages_eus
[  0%] Built target actionlib_msgs_generate_messages_nodejs
[  0%] Built target jsk_footstep_msgs_generate_messages_lisp
[  0%] Built target jsk_footstep_msgs_generate_messages_nodejs
[  0%] Built target jsk_recognition_msgs_generate_messages_eus
[  0%] Built target jsk_footstep_msgs_generate_messages_py
[  0%] Built target actionlib_msgs_generate_messages_eus
[  0%] Built target autoware_msgs_generate_messages_py
[  0%] Built target autoware_config_msgs_generate_messages_nodejs
[  0%] Built target actionlib_msgs_generate_messages_cpp
[  0%] Built target actionlib_msgs_generate_messages_lisp
[  0%] Built target std_msgs_generate_messages_cpp
[100%] Built target vision_dpm_ttic_detect
Invoked command in '/home/daisuke/Autoware/ros/build/vision_dpm_ttic_detect' returned '0': CMAKE_PREFIX_PATH=/home/daisuke/Autoware/ros/install/libdpm_ttic:/home/daisuke/Autoware/ros/install/autoware_msgs:/home/daisuke/Autoware/ros/install/autoware_config_msgs:/home/daisuke/Autoware/ros/install/autoware_build_flags:${CMAKE_PREFIX_PATH} LD_LIBRARY_PATH=/home/daisuke/Autoware/ros/install/libdpm_ttic/lib:${LD_LIBRARY_PATH} PKG_CONFIG_PATH=/home/daisuke/Autoware/ros/install/libdpm_ttic/lib/pkgconfig:/home/daisuke/Autoware/ros/install/autoware_msgs/lib/pkgconfig:/home/daisuke/Autoware/ros/install/autoware_config_msgs/lib/pkgconfig:/home/daisuke/Autoware/ros/install/autoware_build_flags/lib/pkgconfig:${PKG_CONFIG_PATH} PYTHONPATH=/home/daisuke/Autoware/ros/install/autoware_msgs/lib/python2.7/dist-packages:/home/daisuke/Autoware/ros/install/autoware_config_msgs/lib/python2.7/dist-packages:${PYTHONPATH} ROS_PACKAGE_PATH=/home/daisuke/Autoware/ros/install/libdpm_ttic/share:/home/daisuke/Autoware/ros/install/autoware_msgs/share:/home/daisuke/Autoware/ros/install/autoware_config_msgs/share:/home/daisuke/Autoware/ros/install/autoware_build_flags/share:${ROS_PACKAGE_PATH} /usr/bin/cmake --build /home/daisuke/Autoware/ros/build/vision_dpm_ttic_detect -- -j8 -l8
Invoking command in '/home/daisuke/Autoware/ros/build/vision_dpm_ttic_detect': CMAKE_PREFIX_PATH=/home/daisuke/Autoware/ros/install/libdpm_ttic:/home/daisuke/Autoware/ros/install/autoware_msgs:/home/daisuke/Autoware/ros/install/autoware_config_msgs:/home/daisuke/Autoware/ros/install/autoware_build_flags:${CMAKE_PREFIX_PATH} LD_LIBRARY_PATH=/home/daisuke/Autoware/ros/install/libdpm_ttic/lib:${LD_LIBRARY_PATH} PKG_CONFIG_PATH=/home/daisuke/Autoware/ros/install/libdpm_ttic/lib/pkgconfig:/home/daisuke/Autoware/ros/install/autoware_msgs/lib/pkgconfig:/home/daisuke/Autoware/ros/install/autoware_config_msgs/lib/pkgconfig:/home/daisuke/Autoware/ros/install/autoware_build_flags/lib/pkgconfig:${PKG_CONFIG_PATH} PYTHONPATH=/home/daisuke/Autoware/ros/install/autoware_msgs/lib/python2.7/dist-packages:/home/daisuke/Autoware/ros/install/autoware_config_msgs/lib/python2.7/dist-packages:${PYTHONPATH} ROS_PACKAGE_PATH=/home/daisuke/Autoware/ros/install/libdpm_ttic/share:/home/daisuke/Autoware/ros/install/autoware_msgs/share:/home/daisuke/Autoware/ros/install/autoware_config_msgs/share:/home/daisuke/Autoware/ros/install/autoware_build_flags/share:${ROS_PACKAGE_PATH} /usr/bin/cmake --build /home/daisuke/Autoware/ros/build/vision_dpm_ttic_detect --target tests -- -j8 -l8
Built target tests
Invoked command in '/home/daisuke/Autoware/ros/build/vision_dpm_ttic_detect' returned '0': CMAKE_PREFIX_PATH=/home/daisuke/Autoware/ros/install/libdpm_ttic:/home/daisuke/Autoware/ros/install/autoware_msgs:/home/daisuke/Autoware/ros/install/autoware_config_msgs:/home/daisuke/Autoware/ros/install/autoware_build_flags:${CMAKE_PREFIX_PATH} LD_LIBRARY_PATH=/home/daisuke/Autoware/ros/install/libdpm_ttic/lib:${LD_LIBRARY_PATH} PKG_CONFIG_PATH=/home/daisuke/Autoware/ros/install/libdpm_ttic/lib/pkgconfig:/home/daisuke/Autoware/ros/install/autoware_msgs/lib/pkgconfig:/home/daisuke/Autoware/ros/install/autoware_config_msgs/lib/pkgconfig:/home/daisuke/Autoware/ros/install/autoware_build_flags/lib/pkgconfig:${PKG_CONFIG_PATH} PYTHONPATH=/home/daisuke/Autoware/ros/install/autoware_msgs/lib/python2.7/dist-packages:/home/daisuke/Autoware/ros/install/autoware_config_msgs/lib/python2.7/dist-packages:${PYTHONPATH} ROS_PACKAGE_PATH=/home/daisuke/Autoware/ros/install/libdpm_ttic/share:/home/daisuke/Autoware/ros/install/autoware_msgs/share:/home/daisuke/Autoware/ros/install/autoware_config_msgs/share:/home/daisuke/Autoware/ros/install/autoware_build_flags/share:${ROS_PACKAGE_PATH} /usr/bin/cmake --build /home/daisuke/Autoware/ros/build/vision_dpm_ttic_detect --target tests -- -j8 -l8
Invoking command in '/home/daisuke/Autoware/ros/build/vision_dpm_ttic_detect': CMAKE_PREFIX_PATH=/home/daisuke/Autoware/ros/install/libdpm_ttic:/home/daisuke/Autoware/ros/install/autoware_msgs:/home/daisuke/Autoware/ros/install/autoware_config_msgs:/home/daisuke/Autoware/ros/install/autoware_build_flags:${CMAKE_PREFIX_PATH} LD_LIBRARY_PATH=/home/daisuke/Autoware/ros/install/libdpm_ttic/lib:${LD_LIBRARY_PATH} PKG_CONFIG_PATH=/home/daisuke/Autoware/ros/install/libdpm_ttic/lib/pkgconfig:/home/daisuke/Autoware/ros/install/autoware_msgs/lib/pkgconfig:/home/daisuke/Autoware/ros/install/autoware_config_msgs/lib/pkgconfig:/home/daisuke/Autoware/ros/install/autoware_build_flags/lib/pkgconfig:${PKG_CONFIG_PATH} PYTHONPATH=/home/daisuke/Autoware/ros/install/autoware_msgs/lib/python2.7/dist-packages:/home/daisuke/Autoware/ros/install/autoware_config_msgs/lib/python2.7/dist-packages:${PYTHONPATH} ROS_PACKAGE_PATH=/home/daisuke/Autoware/ros/install/libdpm_ttic/share:/home/daisuke/Autoware/ros/install/autoware_msgs/share:/home/daisuke/Autoware/ros/install/autoware_config_msgs/share:/home/daisuke/Autoware/ros/install/autoware_build_flags/share:${ROS_PACKAGE_PATH} /usr/bin/cmake --build /home/daisuke/Autoware/ros/build/vision_dpm_ttic_detect --target install
[  0%] Built target sensor_msgs_generate_messages_lisp
[  0%] Built target rosgraph_msgs_generate_messages_py
[  0%] Built target rosgraph_msgs_generate_messages_nodejs
[  0%] Built target rosgraph_msgs_generate_messages_lisp
[  0%] Built target roscpp_generate_messages_py
[  0%] Built target roscpp_generate_messages_nodejs
[  0%] Built target roscpp_generate_messages_lisp
[  0%] Built target roscpp_generate_messages_eus
[  0%] Built target roscpp_generate_messages_cpp
[  0%] Built target autoware_config_msgs_generate_messages_py
[  0%] Built target rosgraph_msgs_generate_messages_eus
[  0%] Built target autoware_config_msgs_generate_messages_lisp
[  0%] Built target autoware_config_msgs_generate_messages_eus
[  0%] Built target autoware_config_msgs_generate_messages_cpp
[  0%] Built target sensor_msgs_generate_messages_py
[  0%] Built target autoware_msgs_generate_messages_cpp
[  0%] Built target pcl_msgs_generate_messages_py
[  0%] Built target sensor_msgs_generate_messages_nodejs
[  0%] Built target geometry_msgs_generate_messages_cpp
[  0%] Built target sensor_msgs_generate_messages_cpp
[  0%] Built target geometry_msgs_generate_messages_nodejs
[  0%] Built target jsk_recognition_msgs_generate_messages_cpp
[  0%] Built target std_msgs_generate_messages_lisp
[  0%] Built target autoware_msgs_generate_messages_eus
[  0%] Built target pcl_msgs_generate_messages_lisp
[  0%] Built target std_msgs_generate_messages_eus
[  0%] Built target jsk_recognition_msgs_generate_messages_lisp
[  0%] Built target geometry_msgs_generate_messages_py
[  0%] Built target std_msgs_generate_messages_nodejs
[  0%] Built target geometry_msgs_generate_messages_eus
[  0%] Built target actionlib_msgs_generate_messages_py
[  0%] Built target std_msgs_generate_messages_py
[  0%] Built target jsk_recognition_msgs_generate_messages_nodejs
[  0%] Built target jsk_recognition_msgs_generate_messages_py
[  0%] Built target pcl_msgs_generate_messages_cpp
[  0%] Built target rosgraph_msgs_generate_messages_cpp
[  0%] Built target autoware_msgs_generate_messages_lisp
[  0%] Built target pcl_msgs_generate_messages_eus
[  0%] Built target geometry_msgs_generate_messages_lisp
[  0%] Built target jsk_footstep_msgs_generate_messages_cpp
[  0%] Built target pcl_msgs_generate_messages_nodejs
[  0%] Built target autoware_msgs_generate_messages_nodejs
[  0%] Built target jsk_footstep_msgs_generate_messages_eus
[  0%] Built target jsk_footstep_msgs_generate_messages_lisp
[  0%] Built target jsk_footstep_msgs_generate_messages_nodejs
[  0%] Built target actionlib_msgs_generate_messages_nodejs
[  0%] Built target sensor_msgs_generate_messages_eus
[  0%] Built target jsk_recognition_msgs_generate_messages_eus
[  0%] Built target std_msgs_generate_messages_cpp
[  0%] Built target actionlib_msgs_generate_messages_cpp
[  0%] Built target autoware_config_msgs_generate_messages_nodejs
[  0%] Built target jsk_footstep_msgs_generate_messages_py
[  0%] Built target actionlib_msgs_generate_messages_eus
[  0%] Built target autoware_msgs_generate_messages_py
[  0%] Built target actionlib_msgs_generate_messages_lisp
[100%] Built target vision_dpm_ttic_detect
[36mInstall the project...[0m
-- Install configuration: "Release"
-- Installing: /home/daisuke/Autoware/ros/install/vision_dpm_ttic_detect/lib/pkgconfig/vision_dpm_ttic_detect.pc
-- Up-to-date: /home/daisuke/Autoware/ros/install/vision_dpm_ttic_detect/share/vision_dpm_ttic_detect/cmake/vision_dpm_ttic_detectConfig.cmake
-- Up-to-date: /home/daisuke/Autoware/ros/install/vision_dpm_ttic_detect/share/vision_dpm_ttic_detect/cmake/vision_dpm_ttic_detectConfig-version.cmake
-- Up-to-date: /home/daisuke/Autoware/ros/install/vision_dpm_ttic_detect/share/vision_dpm_ttic_detect/package.xml
-- Up-to-date: /home/daisuke/Autoware/ros/install/vision_dpm_ttic_detect/lib/vision_dpm_ttic_detect/vision_dpm_ttic_detect
-- Up-to-date: /home/daisuke/Autoware/ros/install/vision_dpm_ttic_detect/share/vision_dpm_ttic_detect/launch
-- Up-to-date: /home/daisuke/Autoware/ros/install/vision_dpm_ttic_detect/share/vision_dpm_ttic_detect/launch/vision_dpm_ttic_detect.launch
-- Up-to-date: /home/daisuke/Autoware/ros/install/vision_dpm_ttic_detect/share/vision_dpm_ttic_detect/data
-- Up-to-date: /home/daisuke/Autoware/ros/install/vision_dpm_ttic_detect/share/vision_dpm_ttic_detect/data/person.xml
-- Up-to-date: /home/daisuke/Autoware/ros/install/vision_dpm_ttic_detect/share/vision_dpm_ttic_detect/data/car_root.csv
-- Up-to-date: /home/daisuke/Autoware/ros/install/vision_dpm_ttic_detect/share/vision_dpm_ttic_detect/data/car_2008.xml
-- Up-to-date: /home/daisuke/Autoware/ros/install/vision_dpm_ttic_detect/share/vision_dpm_ttic_detect/data/car.xml
-- Up-to-date: /home/daisuke/Autoware/ros/install/vision_dpm_ttic_detect/share/vision_dpm_ttic_detect/data/person_root.csv
-- Up-to-date: /home/daisuke/Autoware/ros/install/vision_dpm_ttic_detect/share/vision_dpm_ttic_detect/data/car_comp.csv
-- Up-to-date: /home/daisuke/Autoware/ros/install/vision_dpm_ttic_detect/share/vision_dpm_ttic_detect/data/car_part.csv
-- Up-to-date: /home/daisuke/Autoware/ros/install/vision_dpm_ttic_detect/share/vision_dpm_ttic_detect/data/person_part.csv
-- Up-to-date: /home/daisuke/Autoware/ros/install/vision_dpm_ttic_detect/share/vision_dpm_ttic_detect/data/person_comp.csv
Invoked command in '/home/daisuke/Autoware/ros/build/vision_dpm_ttic_detect' returned '0': CMAKE_PREFIX_PATH=/home/daisuke/Autoware/ros/install/libdpm_ttic:/home/daisuke/Autoware/ros/install/autoware_msgs:/home/daisuke/Autoware/ros/install/autoware_config_msgs:/home/daisuke/Autoware/ros/install/autoware_build_flags:${CMAKE_PREFIX_PATH} LD_LIBRARY_PATH=/home/daisuke/Autoware/ros/install/libdpm_ttic/lib:${LD_LIBRARY_PATH} PKG_CONFIG_PATH=/home/daisuke/Autoware/ros/install/libdpm_ttic/lib/pkgconfig:/home/daisuke/Autoware/ros/install/autoware_msgs/lib/pkgconfig:/home/daisuke/Autoware/ros/install/autoware_config_msgs/lib/pkgconfig:/home/daisuke/Autoware/ros/install/autoware_build_flags/lib/pkgconfig:${PKG_CONFIG_PATH} PYTHONPATH=/home/daisuke/Autoware/ros/install/autoware_msgs/lib/python2.7/dist-packages:/home/daisuke/Autoware/ros/install/autoware_config_msgs/lib/python2.7/dist-packages:${PYTHONPATH} ROS_PACKAGE_PATH=/home/daisuke/Autoware/ros/install/libdpm_ttic/share:/home/daisuke/Autoware/ros/install/autoware_msgs/share:/home/daisuke/Autoware/ros/install/autoware_config_msgs/share:/home/daisuke/Autoware/ros/install/autoware_build_flags/share:${ROS_PACKAGE_PATH} /usr/bin/cmake --build /home/daisuke/Autoware/ros/build/vision_dpm_ttic_detect --target install
