Invoking command in '/home/daisuke/Autoware/ros/build/vehicle_model': CMAKE_PREFIX_PATH=/home/daisuke/Autoware/ros/install/gazebo_imu_description:/home/daisuke/Autoware/ros/install/gazebo_camera_description:/home/daisuke/Autoware/ros/install/autoware_build_flags:${CMAKE_PREFIX_PATH} PKG_CONFIG_PATH=/home/daisuke/Autoware/ros/install/gazebo_imu_description/lib/pkgconfig:/home/daisuke/Autoware/ros/install/gazebo_camera_description/lib/pkgconfig:/home/daisuke/Autoware/ros/install/autoware_build_flags/lib/pkgconfig:${PKG_CONFIG_PATH} ROS_PACKAGE_PATH=/home/daisuke/Autoware/ros/install/gazebo_imu_description/share:/home/daisuke/Autoware/ros/install/gazebo_camera_description/share:/home/daisuke/Autoware/ros/install/autoware_build_flags/share:${ROS_PACKAGE_PATH} /usr/bin/cmake /home/daisuke/Autoware/ros/src/simulation/gazebo_simulator/vehicle/vehicle_model -DCMAKE_BUILD_TYPE=Release -DCMAKE_LIBRARY_PATH=/usr/local/cuda/lib64/stubs -DCATKIN_INSTALL_INTO_PREFIX_ROOT=0 -DCMAKE_INSTALL_PREFIX=/home/daisuke/Autoware/ros/install/vehicle_model
-- The C compiler identification is GNU 5.4.0
-- The CXX compiler identification is GNU 5.4.0
-- Check for working C compiler: /usr/bin/cc
-- Check for working C compiler: /usr/bin/cc -- works
-- Detecting C compiler ABI info
-- Detecting C compiler ABI info - done
-- Detecting C compile features
-- Detecting C compile features - done
-- Check for working CXX compiler: /usr/bin/c++
-- Check for working CXX compiler: /usr/bin/c++ -- works
-- Detecting CXX compiler ABI info
-- Detecting CXX compiler ABI info - done
-- Detecting CXX compile features
-- Detecting CXX compile features - done
-- Using CATKIN_DEVEL_PREFIX: /home/daisuke/Autoware/ros/build/vehicle_model/devel
-- Using CMAKE_PREFIX_PATH: /home/daisuke/Autoware/ros/install/gazebo_imu_description;/home/daisuke/Autoware/ros/install/gazebo_camera_description;/home/daisuke/Autoware/ros/install/autoware_build_flags;/home/daisuke/Autoware/ros/devel;/opt/ros/kinetic
-- This workspace overlays: /home/daisuke/Autoware/ros/install/gazebo_imu_description;/home/daisuke/Autoware/ros/install/gazebo_camera_description;/home/daisuke/Autoware/ros/install/autoware_build_flags;/opt/ros/kinetic
-- Found PythonInterp: /home/daisuke/pyenv/shims/python (found version "2.7.12") 
-- Using PYTHON_EXECUTABLE: /home/daisuke/pyenv/shims/python
-- Using Debian Python package layout
-- Using empy: /usr/bin/empy
-- Using CATKIN_ENABLE_TESTING: ON
-- Call enable_testing()
-- Using CATKIN_TEST_RESULTS_DIR: /home/daisuke/Autoware/ros/build/vehicle_model/test_results
-- Found gmock sources under '/usr/src/gmock': gmock will be built
-- Looking for pthread.h
-- Looking for pthread.h - found
-- Looking for pthread_create
-- Looking for pthread_create - not found
-- Looking for pthread_create in pthreads
-- Looking for pthread_create in pthreads - not found
-- Looking for pthread_create in pthread
-- Looking for pthread_create in pthread - found
-- Found Threads: TRUE  
-- Found gtest sources under '/usr/src/gmock': gtests will be built
-- Using Python nosetests: /usr/bin/nosetests-2.7
-- catkin 0.7.14
-- Configuring done
-- Generating done
-- Build files have been written to: /home/daisuke/Autoware/ros/build/vehicle_model
Invoked command in '/home/daisuke/Autoware/ros/build/vehicle_model' returned '0': CMAKE_PREFIX_PATH=/home/daisuke/Autoware/ros/install/gazebo_imu_description:/home/daisuke/Autoware/ros/install/gazebo_camera_description:/home/daisuke/Autoware/ros/install/autoware_build_flags:${CMAKE_PREFIX_PATH} PKG_CONFIG_PATH=/home/daisuke/Autoware/ros/install/gazebo_imu_description/lib/pkgconfig:/home/daisuke/Autoware/ros/install/gazebo_camera_description/lib/pkgconfig:/home/daisuke/Autoware/ros/install/autoware_build_flags/lib/pkgconfig:${PKG_CONFIG_PATH} ROS_PACKAGE_PATH=/home/daisuke/Autoware/ros/install/gazebo_imu_description/share:/home/daisuke/Autoware/ros/install/gazebo_camera_description/share:/home/daisuke/Autoware/ros/install/autoware_build_flags/share:${ROS_PACKAGE_PATH} /usr/bin/cmake /home/daisuke/Autoware/ros/src/simulation/gazebo_simulator/vehicle/vehicle_model -DCMAKE_BUILD_TYPE=Release -DCMAKE_LIBRARY_PATH=/usr/local/cuda/lib64/stubs -DCATKIN_INSTALL_INTO_PREFIX_ROOT=0 -DCMAKE_INSTALL_PREFIX=/home/daisuke/Autoware/ros/install/vehicle_model
Invoking command in '/home/daisuke/Autoware/ros/build/vehicle_model': CMAKE_PREFIX_PATH=/home/daisuke/Autoware/ros/install/gazebo_imu_description:/home/daisuke/Autoware/ros/install/gazebo_camera_description:/home/daisuke/Autoware/ros/install/autoware_build_flags:${CMAKE_PREFIX_PATH} PKG_CONFIG_PATH=/home/daisuke/Autoware/ros/install/gazebo_imu_description/lib/pkgconfig:/home/daisuke/Autoware/ros/install/gazebo_camera_description/lib/pkgconfig:/home/daisuke/Autoware/ros/install/autoware_build_flags/lib/pkgconfig:${PKG_CONFIG_PATH} ROS_PACKAGE_PATH=/home/daisuke/Autoware/ros/install/gazebo_imu_description/share:/home/daisuke/Autoware/ros/install/gazebo_camera_description/share:/home/daisuke/Autoware/ros/install/autoware_build_flags/share:${ROS_PACKAGE_PATH} /usr/bin/cmake --build /home/daisuke/Autoware/ros/build/vehicle_model -- -j8 -l8
Invoked command in '/home/daisuke/Autoware/ros/build/vehicle_model' returned '0': CMAKE_PREFIX_PATH=/home/daisuke/Autoware/ros/install/gazebo_imu_description:/home/daisuke/Autoware/ros/install/gazebo_camera_description:/home/daisuke/Autoware/ros/install/autoware_build_flags:${CMAKE_PREFIX_PATH} PKG_CONFIG_PATH=/home/daisuke/Autoware/ros/install/gazebo_imu_description/lib/pkgconfig:/home/daisuke/Autoware/ros/install/gazebo_camera_description/lib/pkgconfig:/home/daisuke/Autoware/ros/install/autoware_build_flags/lib/pkgconfig:${PKG_CONFIG_PATH} ROS_PACKAGE_PATH=/home/daisuke/Autoware/ros/install/gazebo_imu_description/share:/home/daisuke/Autoware/ros/install/gazebo_camera_description/share:/home/daisuke/Autoware/ros/install/autoware_build_flags/share:${ROS_PACKAGE_PATH} /usr/bin/cmake --build /home/daisuke/Autoware/ros/build/vehicle_model -- -j8 -l8
Invoking command in '/home/daisuke/Autoware/ros/build/vehicle_model': CMAKE_PREFIX_PATH=/home/daisuke/Autoware/ros/install/gazebo_imu_description:/home/daisuke/Autoware/ros/install/gazebo_camera_description:/home/daisuke/Autoware/ros/install/autoware_build_flags:${CMAKE_PREFIX_PATH} PKG_CONFIG_PATH=/home/daisuke/Autoware/ros/install/gazebo_imu_description/lib/pkgconfig:/home/daisuke/Autoware/ros/install/gazebo_camera_description/lib/pkgconfig:/home/daisuke/Autoware/ros/install/autoware_build_flags/lib/pkgconfig:${PKG_CONFIG_PATH} ROS_PACKAGE_PATH=/home/daisuke/Autoware/ros/install/gazebo_imu_description/share:/home/daisuke/Autoware/ros/install/gazebo_camera_description/share:/home/daisuke/Autoware/ros/install/autoware_build_flags/share:${ROS_PACKAGE_PATH} /usr/bin/cmake --build /home/daisuke/Autoware/ros/build/vehicle_model --target tests -- -j8 -l8
[35m[1mScanning dependencies of target tests[0m
Built target tests
Invoked command in '/home/daisuke/Autoware/ros/build/vehicle_model' returned '0': CMAKE_PREFIX_PATH=/home/daisuke/Autoware/ros/install/gazebo_imu_description:/home/daisuke/Autoware/ros/install/gazebo_camera_description:/home/daisuke/Autoware/ros/install/autoware_build_flags:${CMAKE_PREFIX_PATH} PKG_CONFIG_PATH=/home/daisuke/Autoware/ros/install/gazebo_imu_description/lib/pkgconfig:/home/daisuke/Autoware/ros/install/gazebo_camera_description/lib/pkgconfig:/home/daisuke/Autoware/ros/install/autoware_build_flags/lib/pkgconfig:${PKG_CONFIG_PATH} ROS_PACKAGE_PATH=/home/daisuke/Autoware/ros/install/gazebo_imu_description/share:/home/daisuke/Autoware/ros/install/gazebo_camera_description/share:/home/daisuke/Autoware/ros/install/autoware_build_flags/share:${ROS_PACKAGE_PATH} /usr/bin/cmake --build /home/daisuke/Autoware/ros/build/vehicle_model --target tests -- -j8 -l8
Invoking command in '/home/daisuke/Autoware/ros/build/vehicle_model': CMAKE_PREFIX_PATH=/home/daisuke/Autoware/ros/install/gazebo_imu_description:/home/daisuke/Autoware/ros/install/gazebo_camera_description:/home/daisuke/Autoware/ros/install/autoware_build_flags:${CMAKE_PREFIX_PATH} PKG_CONFIG_PATH=/home/daisuke/Autoware/ros/install/gazebo_imu_description/lib/pkgconfig:/home/daisuke/Autoware/ros/install/gazebo_camera_description/lib/pkgconfig:/home/daisuke/Autoware/ros/install/autoware_build_flags/lib/pkgconfig:${PKG_CONFIG_PATH} ROS_PACKAGE_PATH=/home/daisuke/Autoware/ros/install/gazebo_imu_description/share:/home/daisuke/Autoware/ros/install/gazebo_camera_description/share:/home/daisuke/Autoware/ros/install/autoware_build_flags/share:${ROS_PACKAGE_PATH} /usr/bin/cmake --build /home/daisuke/Autoware/ros/build/vehicle_model --target install
[36mInstall the project...[0m
-- Install configuration: "Release"
-- Installing: /home/daisuke/Autoware/ros/install/vehicle_model/lib/pkgconfig/vehicle_model.pc
-- Installing: /home/daisuke/Autoware/ros/install/vehicle_model/share/vehicle_model/cmake/vehicle_modelConfig.cmake
-- Installing: /home/daisuke/Autoware/ros/install/vehicle_model/share/vehicle_model/cmake/vehicle_modelConfig-version.cmake
-- Installing: /home/daisuke/Autoware/ros/install/vehicle_model/share/vehicle_model/package.xml
-- Installing: /home/daisuke/Autoware/ros/install/vehicle_model/share/vehicle_model/mesh
-- Installing: /home/daisuke/Autoware/ros/install/vehicle_model/share/vehicle_model/mesh/_51225ex1diffuse.jpeg
-- Installing: /home/daisuke/Autoware/ros/install/vehicle_model/share/vehicle_model/mesh/wheel.dae
-- Installing: /home/daisuke/Autoware/ros/install/vehicle_model/share/vehicle_model/mesh/README.md
-- Installing: /home/daisuke/Autoware/ros/install/vehicle_model/share/vehicle_model/mesh/_51225ex2diffuse.jpeg
-- Installing: /home/daisuke/Autoware/ros/install/vehicle_model/share/vehicle_model/mesh/body.dae
-- Installing: /home/daisuke/Autoware/ros/install/vehicle_model/share/vehicle_model/urdf
-- Installing: /home/daisuke/Autoware/ros/install/vehicle_model/share/vehicle_model/urdf/vehicle.xacro
-- Installing: /home/daisuke/Autoware/ros/install/vehicle_model/share/vehicle_model/urdf/actuator.xacro
-- Installing: /home/daisuke/Autoware/ros/install/vehicle_model/share/vehicle_model/urdf/steering.xacro
-- Installing: /home/daisuke/Autoware/ros/install/vehicle_model/share/vehicle_model/urdf/wheel.gazebo
-- Installing: /home/daisuke/Autoware/ros/install/vehicle_model/share/vehicle_model/urdf/vehicle.gazebo
-- Installing: /home/daisuke/Autoware/ros/install/vehicle_model/share/vehicle_model/urdf/wheel.xacro
-- Installing: /home/daisuke/Autoware/ros/install/vehicle_model/share/vehicle_model/urdf/body.xacro
-- Installing: /home/daisuke/Autoware/ros/install/vehicle_model/share/vehicle_model/urdf/steering.gazebo
-- Installing: /home/daisuke/Autoware/ros/install/vehicle_model/share/vehicle_model/config
-- Installing: /home/daisuke/Autoware/ros/install/vehicle_model/share/vehicle_model/config/calibration.yaml
-- Installing: /home/daisuke/Autoware/ros/install/vehicle_model/share/vehicle_model/config/controller.yaml
-- Installing: /home/daisuke/Autoware/ros/install/vehicle_model/share/vehicle_model/config/vehicle_info.yaml
Invoked command in '/home/daisuke/Autoware/ros/build/vehicle_model' returned '0': CMAKE_PREFIX_PATH=/home/daisuke/Autoware/ros/install/gazebo_imu_description:/home/daisuke/Autoware/ros/install/gazebo_camera_description:/home/daisuke/Autoware/ros/install/autoware_build_flags:${CMAKE_PREFIX_PATH} PKG_CONFIG_PATH=/home/daisuke/Autoware/ros/install/gazebo_imu_description/lib/pkgconfig:/home/daisuke/Autoware/ros/install/gazebo_camera_description/lib/pkgconfig:/home/daisuke/Autoware/ros/install/autoware_build_flags/lib/pkgconfig:${PKG_CONFIG_PATH} ROS_PACKAGE_PATH=/home/daisuke/Autoware/ros/install/gazebo_imu_description/share:/home/daisuke/Autoware/ros/install/gazebo_camera_description/share:/home/daisuke/Autoware/ros/install/autoware_build_flags/share:${ROS_PACKAGE_PATH} /usr/bin/cmake --build /home/daisuke/Autoware/ros/build/vehicle_model --target install
