Invoking command in '/home/daisuke/Autoware/ros/build/sick_ldmrs_driver': CMAKE_PREFIX_PATH=/home/daisuke/Autoware/ros/install/sick_ldmrs_msgs:/home/daisuke/Autoware/ros/install/sick_ldmrs_description:${CMAKE_PREFIX_PATH} PKG_CONFIG_PATH=/home/daisuke/Autoware/ros/install/sick_ldmrs_msgs/lib/pkgconfig:/home/daisuke/Autoware/ros/install/sick_ldmrs_description/lib/pkgconfig:${PKG_CONFIG_PATH} PYTHONPATH=/home/daisuke/Autoware/ros/install/sick_ldmrs_msgs/lib/python2.7/dist-packages:${PYTHONPATH} ROS_PACKAGE_PATH=/home/daisuke/Autoware/ros/install/sick_ldmrs_msgs/share:/home/daisuke/Autoware/ros/install/sick_ldmrs_description/share:${ROS_PACKAGE_PATH} /usr/bin/cmake /home/daisuke/Autoware/ros/src/sensing/drivers/lidar/packages/sick/ldmrs/sick_ldmrs_driver -DCATKIN_INSTALL_INTO_PREFIX_ROOT=0 -DCMAKE_INSTALL_PREFIX=/home/daisuke/Autoware/ros/install/sick_ldmrs_driver
-- Using CATKIN_DEVEL_PREFIX: /home/daisuke/Autoware/ros/build/sick_ldmrs_driver/devel
-- Using CMAKE_PREFIX_PATH: /home/daisuke/Autoware/ros/install/sick_ldmrs_msgs;/home/daisuke/Autoware/ros/install/sick_ldmrs_description;/home/daisuke/Autoware/ros/devel;/opt/ros/kinetic
-- This workspace overlays: /home/daisuke/Autoware/ros/install/sick_ldmrs_msgs;/home/daisuke/Autoware/ros/install/sick_ldmrs_description;/opt/ros/kinetic
-- Using PYTHON_EXECUTABLE: /home/daisuke/pyenv/shims/python
-- Using Debian Python package layout
-- Using empy: /usr/bin/empy
-- Using CATKIN_ENABLE_TESTING: ON
-- Call enable_testing()
-- Using CATKIN_TEST_RESULTS_DIR: /home/daisuke/Autoware/ros/build/sick_ldmrs_driver/test_results
-- Found gmock sources under '/usr/src/gmock': gmock will be built
-- Found gtest sources under '/usr/src/gmock': gtests will be built
-- Using Python nosetests: /usr/bin/nosetests-2.7
-- catkin 0.7.14
-- Using these message generators: gencpp;geneus;genlisp;gennodejs;genpy
-- Boost version: 1.58.0
-- Found the following Boost libraries:
--   system
-- Configuring done
-- Generating done
-- Build files have been written to: /home/daisuke/Autoware/ros/build/sick_ldmrs_driver
Invoked command in '/home/daisuke/Autoware/ros/build/sick_ldmrs_driver' returned '0': CMAKE_PREFIX_PATH=/home/daisuke/Autoware/ros/install/sick_ldmrs_msgs:/home/daisuke/Autoware/ros/install/sick_ldmrs_description:${CMAKE_PREFIX_PATH} PKG_CONFIG_PATH=/home/daisuke/Autoware/ros/install/sick_ldmrs_msgs/lib/pkgconfig:/home/daisuke/Autoware/ros/install/sick_ldmrs_description/lib/pkgconfig:${PKG_CONFIG_PATH} PYTHONPATH=/home/daisuke/Autoware/ros/install/sick_ldmrs_msgs/lib/python2.7/dist-packages:${PYTHONPATH} ROS_PACKAGE_PATH=/home/daisuke/Autoware/ros/install/sick_ldmrs_msgs/share:/home/daisuke/Autoware/ros/install/sick_ldmrs_description/share:${ROS_PACKAGE_PATH} /usr/bin/cmake /home/daisuke/Autoware/ros/src/sensing/drivers/lidar/packages/sick/ldmrs/sick_ldmrs_driver -DCATKIN_INSTALL_INTO_PREFIX_ROOT=0 -DCMAKE_INSTALL_PREFIX=/home/daisuke/Autoware/ros/install/sick_ldmrs_driver
Invoking command in '/home/daisuke/Autoware/ros/build/sick_ldmrs_driver': CMAKE_PREFIX_PATH=/home/daisuke/Autoware/ros/install/sick_ldmrs_msgs:/home/daisuke/Autoware/ros/install/sick_ldmrs_description:${CMAKE_PREFIX_PATH} PKG_CONFIG_PATH=/home/daisuke/Autoware/ros/install/sick_ldmrs_msgs/lib/pkgconfig:/home/daisuke/Autoware/ros/install/sick_ldmrs_description/lib/pkgconfig:${PKG_CONFIG_PATH} PYTHONPATH=/home/daisuke/Autoware/ros/install/sick_ldmrs_msgs/lib/python2.7/dist-packages:${PYTHONPATH} ROS_PACKAGE_PATH=/home/daisuke/Autoware/ros/install/sick_ldmrs_msgs/share:/home/daisuke/Autoware/ros/install/sick_ldmrs_description/share:${ROS_PACKAGE_PATH} /usr/bin/cmake --build /home/daisuke/Autoware/ros/build/sick_ldmrs_driver -- -j8 -l8
[  0%] Built target tf2_msgs_generate_messages_cpp
[  0%] Built target tf2_msgs_generate_messages_py
[  0%] Built target tf2_msgs_generate_messages_eus
[  0%] Built target actionlib_msgs_generate_messages_py
[  0%] Built target tf2_msgs_generate_messages_lisp
[  0%] Built target actionlib_msgs_generate_messages_lisp
[  0%] Built target actionlib_msgs_generate_messages_nodejs
[  0%] Built target tf2_msgs_generate_messages_nodejs
[  0%] Built target actionlib_msgs_generate_messages_eus
[  0%] Built target actionlib_generate_messages_lisp
[  0%] Built target tf_generate_messages_py
[ 48%] Built target sick_ldmrs
[ 48%] Built target actionlib_generate_messages_eus
[ 48%] Built target actionlib_generate_messages_py
[ 48%] Built target sick_ldmrs_msgs_generate_messages_py
[ 48%] Built target rosgraph_msgs_generate_messages_eus
[ 48%] Built target sick_ldmrs_msgs_generate_messages_nodejs
[ 48%] Built target tf_generate_messages_eus
[ 48%] Built target roscpp_generate_messages_py
[ 48%] Built target sick_ldmrs_msgs_generate_messages_eus
[ 48%] Built target tf_generate_messages_nodejs
[ 48%] Built target dynamic_reconfigure_generate_messages_py
[ 48%] Built target rosgraph_msgs_generate_messages_lisp
[ 48%] Built target roscpp_generate_messages_nodejs
[ 48%] Built target dynamic_reconfigure_generate_messages_cpp
[ 48%] Built target dynamic_reconfigure_generate_messages_nodejs
[ 48%] Built target sick_ldmrs_msgs_generate_messages_lisp
[ 48%] Built target roscpp_generate_messages_lisp
[ 48%] Built target std_msgs_generate_messages_py
[ 48%] Built target std_msgs_generate_messages_eus
[ 49%] [34m[1mGenerating dynamic reconfigure files from cfg/SickLDMRSDriver.cfg: /home/daisuke/Autoware/ros/build/sick_ldmrs_driver/devel/include/sick_ldmrs_driver/SickLDMRSDriverConfig.h /home/daisuke/Autoware/ros/build/sick_ldmrs_driver/devel/lib/python2.7/dist-packages/sick_ldmrs_driver/cfg/SickLDMRSDriverConfig.py[0m
[ 49%] Built target dynamic_reconfigure_generate_messages_lisp
[ 49%] Built target roscpp_generate_messages_cpp
[ 49%] Built target std_msgs_generate_messages_lisp
[ 49%] Built target geometry_msgs_generate_messages_eus
[ 49%] Built target pcl_msgs_generate_messages_lisp
[ 49%] Built target tf_generate_messages_cpp
[ 49%] Built target diagnostic_msgs_generate_messages_cpp
[ 49%] Built target geometry_msgs_generate_messages_lisp
[ 49%] Built target sick_ldmrs_msgs_generate_messages_cpp
[ 49%] Built target roscpp_generate_messages_eus
[ 49%] Built target diagnostic_msgs_generate_messages_lisp
Generating reconfiguration files for SickLDMRSDriver in sick_ldmrs_driver
[ 49%] Built target actionlib_generate_messages_nodejs
Wrote header file in /home/daisuke/Autoware/ros/build/sick_ldmrs_driver/devel/include/sick_ldmrs_driver/SickLDMRSDriverConfig.h
[ 49%] Built target actionlib_msgs_generate_messages_cpp
[ 49%] Built target sensor_msgs_generate_messages_eus
[ 49%] Built target diagnostic_msgs_generate_messages_nodejs
[ 49%] Built target std_msgs_generate_messages_cpp
[ 49%] Built target geometry_msgs_generate_messages_nodejs
[ 49%] Built target rosgraph_msgs_generate_messages_py
[ 49%] Built target tf_generate_messages_lisp
[ 49%] Built target diagnostic_msgs_generate_messages_py
[ 49%] Built target rosgraph_msgs_generate_messages_nodejs
[ 49%] Built target dynamic_reconfigure_generate_messages_eus
[ 49%] Built target dynamic_reconfigure_gencfg
[ 49%] Built target sick_ldmrs_driver_gencfg
[ 49%] Built target rosgraph_msgs_generate_messages_cpp
[ 49%] Built target diagnostic_msgs_generate_messages_eus
[ 49%] Built target pcl_msgs_generate_messages_cpp
[ 49%] Built target pcl_msgs_generate_messages_eus
[ 49%] Built target pcl_msgs_generate_messages_py
[ 49%] Built target pcl_msgs_generate_messages_nodejs
[ 49%] Built target actionlib_generate_messages_cpp
[ 49%] Built target sensor_msgs_generate_messages_nodejs
[ 49%] Built target sensor_msgs_generate_messages_lisp
[ 49%] Built target geometry_msgs_generate_messages_cpp
[ 49%] Built target std_msgs_generate_messages_nodejs
[ 49%] Built target sensor_msgs_generate_messages_cpp
[ 49%] Built target sensor_msgs_generate_messages_py
[ 49%] Built target geometry_msgs_generate_messages_py
[ 97%] Built target LDMRS_Example
[35m[1mScanning dependencies of target sick_ldmrs_node[0m
[ 98%] [32mBuilding CXX object CMakeFiles/sick_ldmrs_node.dir/src/sick_ldmrs_node.cpp.o[0m
[100%] [32m[1mLinking CXX executable devel/lib/sick_ldmrs_driver/sick_ldmrs_node[0m
[100%] Built target sick_ldmrs_node
Invoked command in '/home/daisuke/Autoware/ros/build/sick_ldmrs_driver' returned '0': CMAKE_PREFIX_PATH=/home/daisuke/Autoware/ros/install/sick_ldmrs_msgs:/home/daisuke/Autoware/ros/install/sick_ldmrs_description:${CMAKE_PREFIX_PATH} PKG_CONFIG_PATH=/home/daisuke/Autoware/ros/install/sick_ldmrs_msgs/lib/pkgconfig:/home/daisuke/Autoware/ros/install/sick_ldmrs_description/lib/pkgconfig:${PKG_CONFIG_PATH} PYTHONPATH=/home/daisuke/Autoware/ros/install/sick_ldmrs_msgs/lib/python2.7/dist-packages:${PYTHONPATH} ROS_PACKAGE_PATH=/home/daisuke/Autoware/ros/install/sick_ldmrs_msgs/share:/home/daisuke/Autoware/ros/install/sick_ldmrs_description/share:${ROS_PACKAGE_PATH} /usr/bin/cmake --build /home/daisuke/Autoware/ros/build/sick_ldmrs_driver -- -j8 -l8
Invoking command in '/home/daisuke/Autoware/ros/build/sick_ldmrs_driver': CMAKE_PREFIX_PATH=/home/daisuke/Autoware/ros/install/sick_ldmrs_msgs:/home/daisuke/Autoware/ros/install/sick_ldmrs_description:${CMAKE_PREFIX_PATH} PKG_CONFIG_PATH=/home/daisuke/Autoware/ros/install/sick_ldmrs_msgs/lib/pkgconfig:/home/daisuke/Autoware/ros/install/sick_ldmrs_description/lib/pkgconfig:${PKG_CONFIG_PATH} PYTHONPATH=/home/daisuke/Autoware/ros/install/sick_ldmrs_msgs/lib/python2.7/dist-packages:${PYTHONPATH} ROS_PACKAGE_PATH=/home/daisuke/Autoware/ros/install/sick_ldmrs_msgs/share:/home/daisuke/Autoware/ros/install/sick_ldmrs_description/share:${ROS_PACKAGE_PATH} /usr/bin/cmake --build /home/daisuke/Autoware/ros/build/sick_ldmrs_driver --target tests -- -j8 -l8
Built target tests
Invoked command in '/home/daisuke/Autoware/ros/build/sick_ldmrs_driver' returned '0': CMAKE_PREFIX_PATH=/home/daisuke/Autoware/ros/install/sick_ldmrs_msgs:/home/daisuke/Autoware/ros/install/sick_ldmrs_description:${CMAKE_PREFIX_PATH} PKG_CONFIG_PATH=/home/daisuke/Autoware/ros/install/sick_ldmrs_msgs/lib/pkgconfig:/home/daisuke/Autoware/ros/install/sick_ldmrs_description/lib/pkgconfig:${PKG_CONFIG_PATH} PYTHONPATH=/home/daisuke/Autoware/ros/install/sick_ldmrs_msgs/lib/python2.7/dist-packages:${PYTHONPATH} ROS_PACKAGE_PATH=/home/daisuke/Autoware/ros/install/sick_ldmrs_msgs/share:/home/daisuke/Autoware/ros/install/sick_ldmrs_description/share:${ROS_PACKAGE_PATH} /usr/bin/cmake --build /home/daisuke/Autoware/ros/build/sick_ldmrs_driver --target tests -- -j8 -l8
Invoking command in '/home/daisuke/Autoware/ros/build/sick_ldmrs_driver': CMAKE_PREFIX_PATH=/home/daisuke/Autoware/ros/install/sick_ldmrs_msgs:/home/daisuke/Autoware/ros/install/sick_ldmrs_description:${CMAKE_PREFIX_PATH} PKG_CONFIG_PATH=/home/daisuke/Autoware/ros/install/sick_ldmrs_msgs/lib/pkgconfig:/home/daisuke/Autoware/ros/install/sick_ldmrs_description/lib/pkgconfig:${PKG_CONFIG_PATH} PYTHONPATH=/home/daisuke/Autoware/ros/install/sick_ldmrs_msgs/lib/python2.7/dist-packages:${PYTHONPATH} ROS_PACKAGE_PATH=/home/daisuke/Autoware/ros/install/sick_ldmrs_msgs/share:/home/daisuke/Autoware/ros/install/sick_ldmrs_description/share:${ROS_PACKAGE_PATH} /usr/bin/cmake --build /home/daisuke/Autoware/ros/build/sick_ldmrs_driver --target install
[ 48%] Built target sick_ldmrs
[ 48%] Built target tf2_msgs_generate_messages_nodejs
[ 48%] Built target tf2_msgs_generate_messages_lisp
[ 48%] Built target tf2_msgs_generate_messages_eus
[ 48%] Built target tf2_msgs_generate_messages_cpp
[ 48%] Built target actionlib_msgs_generate_messages_py
[ 48%] Built target tf2_msgs_generate_messages_py
[ 48%] Built target actionlib_msgs_generate_messages_nodejs
[ 48%] Built target actionlib_msgs_generate_messages_lisp
[ 48%] Built target actionlib_msgs_generate_messages_eus
[ 48%] Built target actionlib_generate_messages_lisp
[ 48%] Built target actionlib_generate_messages_eus
[ 48%] Built target tf_generate_messages_py
[ 48%] Built target tf_generate_messages_eus
[ 48%] Built target actionlib_generate_messages_py
[ 48%] Built target sick_ldmrs_msgs_generate_messages_py
[ 48%] Built target sick_ldmrs_msgs_generate_messages_nodejs
[ 48%] Built target sick_ldmrs_msgs_generate_messages_eus
[ 48%] Built target rosgraph_msgs_generate_messages_eus
[ 48%] Built target tf_generate_messages_nodejs
[ 48%] Built target roscpp_generate_messages_py
[ 48%] Built target dynamic_reconfigure_generate_messages_py
[ 48%] Built target roscpp_generate_messages_nodejs
[ 48%] Built target rosgraph_msgs_generate_messages_lisp
[ 48%] Built target dynamic_reconfigure_generate_messages_cpp
[ 48%] Built target sick_ldmrs_msgs_generate_messages_lisp
[ 48%] Built target std_msgs_generate_messages_py
[ 48%] Built target dynamic_reconfigure_generate_messages_nodejs
[ 48%] Built target std_msgs_generate_messages_eus
[ 48%] Built target roscpp_generate_messages_lisp
[ 48%] Built target dynamic_reconfigure_generate_messages_lisp
[ 49%] Built target sick_ldmrs_driver_gencfg
[ 49%] Built target roscpp_generate_messages_cpp
[ 49%] Built target geometry_msgs_generate_messages_eus
[ 49%] Built target pcl_msgs_generate_messages_lisp
[ 49%] Built target tf_generate_messages_cpp
[ 49%] Built target std_msgs_generate_messages_lisp
[ 49%] Built target geometry_msgs_generate_messages_lisp
[ 49%] Built target diagnostic_msgs_generate_messages_cpp
[ 49%] Built target sick_ldmrs_msgs_generate_messages_cpp
[ 49%] Built target roscpp_generate_messages_eus
[ 49%] Built target diagnostic_msgs_generate_messages_lisp
[ 49%] Built target actionlib_msgs_generate_messages_cpp
[ 49%] Built target actionlib_generate_messages_nodejs
[ 49%] Built target std_msgs_generate_messages_cpp
[ 49%] Built target sensor_msgs_generate_messages_eus
[ 49%] Built target diagnostic_msgs_generate_messages_nodejs
[ 49%] Built target geometry_msgs_generate_messages_nodejs
[ 49%] Built target tf_generate_messages_lisp
[ 49%] Built target rosgraph_msgs_generate_messages_py
[ 49%] Built target diagnostic_msgs_generate_messages_py
[ 49%] Built target rosgraph_msgs_generate_messages_nodejs
[ 49%] Built target dynamic_reconfigure_generate_messages_eus
[ 49%] Built target dynamic_reconfigure_gencfg
[ 49%] Built target pcl_msgs_generate_messages_cpp
[ 49%] Built target rosgraph_msgs_generate_messages_cpp
[ 49%] Built target diagnostic_msgs_generate_messages_eus
[ 49%] Built target pcl_msgs_generate_messages_eus
[ 49%] Built target pcl_msgs_generate_messages_nodejs
[ 49%] Built target pcl_msgs_generate_messages_py
[ 49%] Built target actionlib_generate_messages_cpp
[ 49%] Built target sensor_msgs_generate_messages_py
[ 49%] Built target sensor_msgs_generate_messages_cpp
[ 49%] Built target sensor_msgs_generate_messages_lisp
[ 49%] Built target sensor_msgs_generate_messages_nodejs
[ 49%] Built target geometry_msgs_generate_messages_cpp
[ 49%] Built target std_msgs_generate_messages_nodejs
[ 49%] Built target geometry_msgs_generate_messages_py
[ 51%] Built target sick_ldmrs_node
[100%] Built target LDMRS_Example
[36mInstall the project...[0m
-- Install configuration: "Release"
-- Installing: /home/daisuke/Autoware/ros/install/sick_ldmrs_driver/include/sick_ldmrs_driver/SickLDMRSDriverConfig.h
-- Up-to-date: /home/daisuke/Autoware/ros/install/sick_ldmrs_driver/lib/python2.7/dist-packages/sick_ldmrs_driver/__init__.py
Listing /home/daisuke/Autoware/ros/build/sick_ldmrs_driver/devel/lib/python2.7/dist-packages/sick_ldmrs_driver/cfg ...
Compiling /home/daisuke/Autoware/ros/build/sick_ldmrs_driver/devel/lib/python2.7/dist-packages/sick_ldmrs_driver/cfg/SickLDMRSDriverConfig.py ...
-- Up-to-date: /home/daisuke/Autoware/ros/install/sick_ldmrs_driver/lib/python2.7/dist-packages/sick_ldmrs_driver/cfg
-- Installing: /home/daisuke/Autoware/ros/install/sick_ldmrs_driver/lib/python2.7/dist-packages/sick_ldmrs_driver/cfg/SickLDMRSDriverConfig.pyc
-- Up-to-date: /home/daisuke/Autoware/ros/install/sick_ldmrs_driver/lib/python2.7/dist-packages/sick_ldmrs_driver/cfg/__init__.pyc
-- Up-to-date: /home/daisuke/Autoware/ros/install/sick_ldmrs_driver/lib/python2.7/dist-packages/sick_ldmrs_driver/cfg/__init__.py
-- Installing: /home/daisuke/Autoware/ros/install/sick_ldmrs_driver/lib/python2.7/dist-packages/sick_ldmrs_driver/cfg/SickLDMRSDriverConfig.py
-- Installing: /home/daisuke/Autoware/ros/install/sick_ldmrs_driver/lib/pkgconfig/sick_ldmrs_driver.pc
-- Up-to-date: /home/daisuke/Autoware/ros/install/sick_ldmrs_driver/share/sick_ldmrs_driver/cmake/sick_ldmrs_driverConfig.cmake
-- Up-to-date: /home/daisuke/Autoware/ros/install/sick_ldmrs_driver/share/sick_ldmrs_driver/cmake/sick_ldmrs_driverConfig-version.cmake
-- Up-to-date: /home/daisuke/Autoware/ros/install/sick_ldmrs_driver/share/sick_ldmrs_driver/package.xml
-- Up-to-date: /home/daisuke/Autoware/ros/install/sick_ldmrs_driver/include/sick_ldmrs_driver
-- Up-to-date: /home/daisuke/Autoware/ros/install/sick_ldmrs_driver/include/sick_ldmrs_driver/sick_ldmrs_node.hpp
-- Installing: /home/daisuke/Autoware/ros/install/sick_ldmrs_driver/lib/sick_ldmrs_driver/sick_ldmrs_node
-- Set runtime path of "/home/daisuke/Autoware/ros/install/sick_ldmrs_driver/lib/sick_ldmrs_driver/sick_ldmrs_node" to ""
-- Up-to-date: /home/daisuke/Autoware/ros/install/sick_ldmrs_driver/share/sick_ldmrs_driver/config
-- Up-to-date: /home/daisuke/Autoware/ros/install/sick_ldmrs_driver/share/sick_ldmrs_driver/config/analyzers.yaml
-- Up-to-date: /home/daisuke/Autoware/ros/install/sick_ldmrs_driver/share/sick_ldmrs_driver/launch
-- Up-to-date: /home/daisuke/Autoware/ros/install/sick_ldmrs_driver/share/sick_ldmrs_driver/launch/sick_ldmrs_node_with_aggregator.launch
-- Up-to-date: /home/daisuke/Autoware/ros/install/sick_ldmrs_driver/share/sick_ldmrs_driver/launch/sick_ldmrs_node.launch
-- Up-to-date: /home/daisuke/Autoware/ros/install/sick_ldmrs_driver/share/sick_ldmrs_driver/launch/sick_ldmrs.launch
-- Up-to-date: /home/daisuke/Autoware/ros/install/sick_ldmrs_driver/lib/cmake/SickLDMRS/SickLDMRSConfig.cmake
-- Up-to-date: /home/daisuke/Autoware/ros/install/sick_ldmrs_driver/lib/cmake/SickLDMRS/SickLDMRSConfigVersion.cmake
-- Up-to-date: /home/daisuke/Autoware/ros/install/sick_ldmrs_driver/lib/cmake/SickLDMRS/SickLDMRSTargets.cmake
-- Installing: /home/daisuke/Autoware/ros/install/sick_ldmrs_driver/lib/cmake/SickLDMRS/SickLDMRSTargets-release.cmake
-- Up-to-date: /home/daisuke/Autoware/ros/install/sick_ldmrs_driver/share/sick_ldmrs/package.xml
-- Up-to-date: /home/daisuke/Autoware/ros/install/sick_ldmrs_driver/bin/LDMRS_Example
-- Up-to-date: /home/daisuke/Autoware/ros/install/sick_ldmrs_driver/lib/libsick_ldmrs.so.0.1.0
-- Up-to-date: /home/daisuke/Autoware/ros/install/sick_ldmrs_driver/lib/libsick_ldmrs.so.0
-- Up-to-date: /home/daisuke/Autoware/ros/install/sick_ldmrs_driver/lib/libsick_ldmrs.so
-- Up-to-date: /home/daisuke/Autoware/ros/install/sick_ldmrs_driver/include/sick_ldmrs/.
-- Up-to-date: /home/daisuke/Autoware/ros/install/sick_ldmrs_driver/include/sick_ldmrs/./manager.hpp
-- Up-to-date: /home/daisuke/Autoware/ros/install/sick_ldmrs_driver/include/sick_ldmrs/./sopas
-- Up-to-date: /home/daisuke/Autoware/ros/install/sick_ldmrs_driver/include/sick_ldmrs/./sopas/colaa.hpp
-- Up-to-date: /home/daisuke/Autoware/ros/install/sick_ldmrs_driver/include/sick_ldmrs/./sopas/SopasBase.hpp
-- Up-to-date: /home/daisuke/Autoware/ros/install/sick_ldmrs_driver/include/sick_ldmrs/./sopas/colab.hpp
-- Up-to-date: /home/daisuke/Autoware/ros/install/sick_ldmrs_driver/include/sick_ldmrs/./sopas/LdmrsSopasLayer.hpp
-- Up-to-date: /home/daisuke/Autoware/ros/install/sick_ldmrs_driver/include/sick_ldmrs/./BasicDatatypes.hpp
-- Up-to-date: /home/daisuke/Autoware/ros/install/sick_ldmrs_driver/include/sick_ldmrs/./datatypes
-- Up-to-date: /home/daisuke/Autoware/ros/install/sick_ldmrs_driver/include/sick_ldmrs/./datatypes/Ellipse2D.hpp
-- Up-to-date: /home/daisuke/Autoware/ros/install/sick_ldmrs_driver/include/sick_ldmrs/./datatypes/FieldDescription.hpp
-- Up-to-date: /home/daisuke/Autoware/ros/install/sick_ldmrs_driver/include/sick_ldmrs/./datatypes/Measurement.hpp
-- Up-to-date: /home/daisuke/Autoware/ros/install/sick_ldmrs_driver/include/sick_ldmrs/./datatypes/ScanPoint.hpp
-- Up-to-date: /home/daisuke/Autoware/ros/install/sick_ldmrs_driver/include/sick_ldmrs/./datatypes/Trigger.hpp
-- Up-to-date: /home/daisuke/Autoware/ros/install/sick_ldmrs_driver/include/sick_ldmrs/./datatypes/Polygon3D.hpp
-- Up-to-date: /home/daisuke/Autoware/ros/install/sick_ldmrs_driver/include/sick_ldmrs/./datatypes/EvalCases.hpp
-- Up-to-date: /home/daisuke/Autoware/ros/install/sick_ldmrs_driver/include/sick_ldmrs/./datatypes/Object.hpp
-- Up-to-date: /home/daisuke/Autoware/ros/install/sick_ldmrs_driver/include/sick_ldmrs/./datatypes/ScannerInfo.hpp
-- Up-to-date: /home/daisuke/Autoware/ros/install/sick_ldmrs_driver/include/sick_ldmrs/./datatypes/Scan.hpp
-- Up-to-date: /home/daisuke/Autoware/ros/install/sick_ldmrs_driver/include/sick_ldmrs/./datatypes/Fields.hpp
-- Up-to-date: /home/daisuke/Autoware/ros/install/sick_ldmrs_driver/include/sick_ldmrs/./datatypes/Msg.hpp
-- Up-to-date: /home/daisuke/Autoware/ros/install/sick_ldmrs_driver/include/sick_ldmrs/./datatypes/FieldParameter.hpp
-- Up-to-date: /home/daisuke/Autoware/ros/install/sick_ldmrs_driver/include/sick_ldmrs/./datatypes/Box2D.hpp
-- Up-to-date: /home/daisuke/Autoware/ros/install/sick_ldmrs_driver/include/sick_ldmrs/./datatypes/Circle2D.hpp
-- Up-to-date: /home/daisuke/Autoware/ros/install/sick_ldmrs_driver/include/sick_ldmrs/./datatypes/PositionWGS84.hpp
-- Up-to-date: /home/daisuke/Autoware/ros/install/sick_ldmrs_driver/include/sick_ldmrs/./datatypes/Line2D.hpp
-- Up-to-date: /home/daisuke/Autoware/ros/install/sick_ldmrs_driver/include/sick_ldmrs/./datatypes/SensorStateInfo.hpp
-- Up-to-date: /home/daisuke/Autoware/ros/install/sick_ldmrs_driver/include/sick_ldmrs/./datatypes/EvalCaseResults.hpp
-- Up-to-date: /home/daisuke/Autoware/ros/install/sick_ldmrs_driver/include/sick_ldmrs/./datatypes/EvalCase.hpp
-- Up-to-date: /home/daisuke/Autoware/ros/install/sick_ldmrs_driver/include/sick_ldmrs/./datatypes/Position3D.hpp
-- Up-to-date: /home/daisuke/Autoware/ros/install/sick_ldmrs_driver/include/sick_ldmrs/./datatypes/EvalCaseResult.hpp
-- Up-to-date: /home/daisuke/Autoware/ros/install/sick_ldmrs_driver/include/sick_ldmrs/./datatypes/Polygon2D.hpp
-- Up-to-date: /home/daisuke/Autoware/ros/install/sick_ldmrs_driver/include/sick_ldmrs/./datatypes/Point2D.hpp
-- Up-to-date: /home/daisuke/Autoware/ros/install/sick_ldmrs_driver/include/sick_ldmrs/./datatypes/Point3D.hpp
-- Up-to-date: /home/daisuke/Autoware/ros/install/sick_ldmrs_driver/include/sick_ldmrs/./interfaces
-- Up-to-date: /home/daisuke/Autoware/ros/install/sick_ldmrs_driver/include/sick_ldmrs/./interfaces/tcp.hpp
-- Up-to-date: /home/daisuke/Autoware/ros/install/sick_ldmrs_driver/include/sick_ldmrs/./interfaces/file.hpp
-- Up-to-date: /home/daisuke/Autoware/ros/install/sick_ldmrs_driver/include/sick_ldmrs/./devices
-- Up-to-date: /home/daisuke/Autoware/ros/install/sick_ldmrs_driver/include/sick_ldmrs/./devices/LuxBase.hpp
-- Up-to-date: /home/daisuke/Autoware/ros/install/sick_ldmrs_driver/include/sick_ldmrs/./devices/BasicDevice.hpp
-- Up-to-date: /home/daisuke/Autoware/ros/install/sick_ldmrs_driver/include/sick_ldmrs/./devices/LD_MRS.hpp
-- Up-to-date: /home/daisuke/Autoware/ros/install/sick_ldmrs_driver/include/sick_ldmrs/./application
-- Up-to-date: /home/daisuke/Autoware/ros/install/sick_ldmrs_driver/include/sick_ldmrs/./application/LdmrsFieldApp.hpp
-- Up-to-date: /home/daisuke/Autoware/ros/install/sick_ldmrs_driver/include/sick_ldmrs/./application/LdmrsSectorChangeApp.hpp
-- Up-to-date: /home/daisuke/Autoware/ros/install/sick_ldmrs_driver/include/sick_ldmrs/./application/LdmrsApp.hpp
-- Up-to-date: /home/daisuke/Autoware/ros/install/sick_ldmrs_driver/include/sick_ldmrs/./application/LdmrsScanpointCoordinateApp.hpp
-- Up-to-date: /home/daisuke/Autoware/ros/install/sick_ldmrs_driver/include/sick_ldmrs/./application/LdmrsNtpTimeApp.hpp
-- Up-to-date: /home/daisuke/Autoware/ros/install/sick_ldmrs_driver/include/sick_ldmrs/./application/BasicApplication.hpp
-- Up-to-date: /home/daisuke/Autoware/ros/install/sick_ldmrs_driver/include/sick_ldmrs/./tools
-- Up-to-date: /home/daisuke/Autoware/ros/install/sick_ldmrs_driver/include/sick_ldmrs/./tools/Mutex.hpp
-- Up-to-date: /home/daisuke/Autoware/ros/install/sick_ldmrs_driver/include/sick_ldmrs/./tools/BasicDataBuffer.hpp
-- Up-to-date: /home/daisuke/Autoware/ros/install/sick_ldmrs_driver/include/sick_ldmrs/./tools/Time.hpp
-- Up-to-date: /home/daisuke/Autoware/ros/install/sick_ldmrs_driver/include/sick_ldmrs/./tools/toolbox.hpp
-- Up-to-date: /home/daisuke/Autoware/ros/install/sick_ldmrs_driver/include/sick_ldmrs/./tools/WatchdogTimer.hpp
-- Up-to-date: /home/daisuke/Autoware/ros/install/sick_ldmrs_driver/include/sick_ldmrs/./tools/SickThread.hpp
-- Up-to-date: /home/daisuke/Autoware/ros/install/sick_ldmrs_driver/include/sick_ldmrs/./tools/Timer.hpp
-- Up-to-date: /home/daisuke/Autoware/ros/install/sick_ldmrs_driver/include/sick_ldmrs/./tools/MathToolbox.hpp
-- Up-to-date: /home/daisuke/Autoware/ros/install/sick_ldmrs_driver/include/sick_ldmrs/./tools/errorhandler.hpp
Invoked command in '/home/daisuke/Autoware/ros/build/sick_ldmrs_driver' returned '0': CMAKE_PREFIX_PATH=/home/daisuke/Autoware/ros/install/sick_ldmrs_msgs:/home/daisuke/Autoware/ros/install/sick_ldmrs_description:${CMAKE_PREFIX_PATH} PKG_CONFIG_PATH=/home/daisuke/Autoware/ros/install/sick_ldmrs_msgs/lib/pkgconfig:/home/daisuke/Autoware/ros/install/sick_ldmrs_description/lib/pkgconfig:${PKG_CONFIG_PATH} PYTHONPATH=/home/daisuke/Autoware/ros/install/sick_ldmrs_msgs/lib/python2.7/dist-packages:${PYTHONPATH} ROS_PACKAGE_PATH=/home/daisuke/Autoware/ros/install/sick_ldmrs_msgs/share:/home/daisuke/Autoware/ros/install/sick_ldmrs_description/share:${ROS_PACKAGE_PATH} /usr/bin/cmake --build /home/daisuke/Autoware/ros/build/sick_ldmrs_driver --target install
