-- The C compiler identification is GNU 5.4.0
-- The CXX compiler identification is GNU 5.4.0
-- Check for working C compiler: /usr/bin/cc
-- Check for working C compiler: /usr/bin/cc -- works
-- Detecting C compiler ABI info
-- Detecting C compiler ABI info - done
-- Detecting C compile features
-- Detecting C compile features - done
-- Check for working CXX compiler: /usr/bin/c++
-- Check for working CXX compiler: /usr/bin/c++ -- works
-- Detecting CXX compiler ABI info
-- Detecting CXX compiler ABI info - done
-- Detecting CXX compile features
-- Detecting CXX compile features - done
-- Using CATKIN_DEVEL_PREFIX: /home/daisuke/Autoware/ros/build/autoware_system_msgs/devel
-- Using CMAKE_PREFIX_PATH: /home/daisuke/Autoware/ros/devel;/opt/ros/kinetic
-- This workspace overlays: /opt/ros/kinetic
-- Found PythonInterp: /home/daisuke/pyenv/shims/python (found version "2.7.12") 
-- Using PYTHON_EXECUTABLE: /home/daisuke/pyenv/shims/python
-- Using Debian Python package layout
-- Using empy: /usr/bin/empy
-- Using CATKIN_ENABLE_TESTING: ON
-- Call enable_testing()
-- Using CATKIN_TEST_RESULTS_DIR: /home/daisuke/Autoware/ros/build/autoware_system_msgs/test_results
-- Found gmock sources under '/usr/src/gmock': gmock will be built
-- Looking for pthread.h
-- Looking for pthread.h - found
-- Looking for pthread_create
-- Looking for pthread_create - not found
-- Looking for pthread_create in pthreads
-- Looking for pthread_create in pthreads - not found
-- Looking for pthread_create in pthread
-- Looking for pthread_create in pthread - found
-- Found Threads: TRUE  
-- Found gtest sources under '/usr/src/gmock': gtests will be built
-- Using Python nosetests: /usr/bin/nosetests-2.7
-- catkin 0.7.14
-- Using these message generators: gencpp;geneus;genlisp;gennodejs;genpy
-- autoware_system_msgs: 5 messages, 0 services
-- Configuring done
-- Generating done
-- Build files have been written to: /home/daisuke/Autoware/ros/build/autoware_system_msgs
[35m[1mScanning dependencies of target std_msgs_generate_messages_py[0m
[35m[1mScanning dependencies of target _autoware_system_msgs_generate_messages_check_deps_DiagnosticStatus[0m
[35m[1mScanning dependencies of target _autoware_system_msgs_generate_messages_check_deps_DiagnosticStatusArray[0m
[35m[1mScanning dependencies of target _autoware_system_msgs_generate_messages_check_deps_SystemStatus[0m
[35m[1mScanning dependencies of target _autoware_system_msgs_generate_messages_check_deps_HardwareStatus[0m
[35m[1mScanning dependencies of target rosgraph_msgs_generate_messages_cpp[0m
[35m[1mScanning dependencies of target _autoware_system_msgs_generate_messages_check_deps_NodeStatus[0m
[35m[1mScanning dependencies of target std_msgs_generate_messages_cpp[0m
[  0%] Built target std_msgs_generate_messages_py
[  0%] Built target rosgraph_msgs_generate_messages_cpp
[35m[1mScanning dependencies of target rosgraph_msgs_generate_messages_py[0m
[  0%] Built target std_msgs_generate_messages_cpp
[  0%] Built target rosgraph_msgs_generate_messages_py
[35m[1mScanning dependencies of target std_msgs_generate_messages_lisp[0m
[35m[1mScanning dependencies of target rosgraph_msgs_generate_messages_nodejs[0m
[35m[1mScanning dependencies of target std_msgs_generate_messages_nodejs[0m
[  0%] Built target std_msgs_generate_messages_lisp
[  0%] Built target rosgraph_msgs_generate_messages_nodejs
[  0%] Built target std_msgs_generate_messages_nodejs
[35m[1mScanning dependencies of target rosgraph_msgs_generate_messages_lisp[0m
[35m[1mScanning dependencies of target std_msgs_generate_messages_eus[0m
[  0%] Built target rosgraph_msgs_generate_messages_lisp
[35m[1mScanning dependencies of target rosgraph_msgs_generate_messages_eus[0m
[  0%] Built target _autoware_system_msgs_generate_messages_check_deps_SystemStatus
[  0%] Built target std_msgs_generate_messages_eus
[  0%] Built target rosgraph_msgs_generate_messages_eus
[  0%] Built target _autoware_system_msgs_generate_messages_check_deps_NodeStatus
[  0%] Built target _autoware_system_msgs_generate_messages_check_deps_DiagnosticStatus
[  0%] Built target _autoware_system_msgs_generate_messages_check_deps_HardwareStatus
[  0%] Built target _autoware_system_msgs_generate_messages_check_deps_DiagnosticStatusArray
[35m[1mScanning dependencies of target autoware_system_msgs_generate_messages_cpp[0m
[35m[1mScanning dependencies of target autoware_system_msgs_generate_messages_nodejs[0m
[35m[1mScanning dependencies of target autoware_system_msgs_generate_messages_py[0m
[35m[1mScanning dependencies of target autoware_system_msgs_generate_messages_eus[0m
[  3%] [34m[1mGenerating C++ code from autoware_system_msgs/DiagnosticStatusArray.msg[0m
[  7%] [34m[1mGenerating Javascript code from autoware_system_msgs/NodeStatus.msg[0m
[35m[1mScanning dependencies of target autoware_system_msgs_generate_messages_lisp[0m
[ 11%] [34m[1mGenerating C++ code from autoware_system_msgs/SystemStatus.msg[0m
[ 14%] [34m[1mGenerating C++ code from autoware_system_msgs/HardwareStatus.msg[0m
[ 18%] [34m[1mGenerating Python from MSG autoware_system_msgs/NodeStatus[0m
[ 22%] [34m[1mGenerating C++ code from autoware_system_msgs/NodeStatus.msg[0m
[ 25%] [34m[1mGenerating EusLisp code from autoware_system_msgs/NodeStatus.msg[0m
[ 29%] [34m[1mGenerating Lisp code from autoware_system_msgs/NodeStatus.msg[0m
[ 33%] [34m[1mGenerating EusLisp code from autoware_system_msgs/DiagnosticStatusArray.msg[0m
[ 37%] [34m[1mGenerating Javascript code from autoware_system_msgs/DiagnosticStatusArray.msg[0m
[ 40%] [34m[1mGenerating Lisp code from autoware_system_msgs/DiagnosticStatusArray.msg[0m
[ 44%] [34m[1mGenerating C++ code from autoware_system_msgs/DiagnosticStatus.msg[0m
[ 48%] [34m[1mGenerating EusLisp code from autoware_system_msgs/HardwareStatus.msg[0m
[ 51%] [34m[1mGenerating Lisp code from autoware_system_msgs/HardwareStatus.msg[0m
[ 55%] [34m[1mGenerating EusLisp code from autoware_system_msgs/SystemStatus.msg[0m
[ 59%] [34m[1mGenerating Python from MSG autoware_system_msgs/DiagnosticStatusArray[0m
[ 62%] [34m[1mGenerating Lisp code from autoware_system_msgs/SystemStatus.msg[0m
[ 66%] [34m[1mGenerating Javascript code from autoware_system_msgs/HardwareStatus.msg[0m
[ 70%] [34m[1mGenerating Lisp code from autoware_system_msgs/DiagnosticStatus.msg[0m
[ 74%] [34m[1mGenerating EusLisp manifest code for autoware_system_msgs[0m
[ 77%] [34m[1mGenerating EusLisp code from autoware_system_msgs/DiagnosticStatus.msg[0m
[ 81%] [34m[1mGenerating Javascript code from autoware_system_msgs/SystemStatus.msg[0m
[ 85%] [34m[1mGenerating Javascript code from autoware_system_msgs/DiagnosticStatus.msg[0m
[ 88%] [34m[1mGenerating Python from MSG autoware_system_msgs/HardwareStatus[0m
[ 88%] Built target autoware_system_msgs_generate_messages_lisp
[ 92%] [34m[1mGenerating Python from MSG autoware_system_msgs/SystemStatus[0m
[ 96%] [34m[1mGenerating Python from MSG autoware_system_msgs/DiagnosticStatus[0m
[ 96%] Built target autoware_system_msgs_generate_messages_cpp
[ 96%] Built target autoware_system_msgs_generate_messages_nodejs
[100%] [34m[1mGenerating Python msg __init__.py for autoware_system_msgs[0m
[100%] Built target autoware_system_msgs_generate_messages_py
[100%] Built target autoware_system_msgs_generate_messages_eus
[35m[1mScanning dependencies of target autoware_system_msgs_generate_messages[0m
[100%] Built target autoware_system_msgs_generate_messages
[35m[1mScanning dependencies of target tests[0m
Built target tests
[  0%] Built target _autoware_system_msgs_generate_messages_check_deps_HardwareStatus
[  0%] Built target std_msgs_generate_messages_cpp
[  0%] Built target rosgraph_msgs_generate_messages_cpp
[  0%] Built target _autoware_system_msgs_generate_messages_check_deps_NodeStatus
[  0%] Built target _autoware_system_msgs_generate_messages_check_deps_DiagnosticStatusArray
[  0%] Built target _autoware_system_msgs_generate_messages_check_deps_DiagnosticStatus
[  0%] Built target _autoware_system_msgs_generate_messages_check_deps_SystemStatus
[ 18%] Built target autoware_system_msgs_generate_messages_cpp
[ 18%] Built target std_msgs_generate_messages_py
[ 18%] Built target rosgraph_msgs_generate_messages_py
[ 40%] Built target autoware_system_msgs_generate_messages_py
[ 40%] Built target std_msgs_generate_messages_nodejs
[ 40%] Built target rosgraph_msgs_generate_messages_nodejs
[ 59%] Built target autoware_system_msgs_generate_messages_nodejs
[ 59%] Built target std_msgs_generate_messages_lisp
[ 59%] Built target rosgraph_msgs_generate_messages_lisp
[ 77%] Built target autoware_system_msgs_generate_messages_lisp
[ 77%] Built target std_msgs_generate_messages_eus
[ 77%] Built target rosgraph_msgs_generate_messages_eus
[100%] Built target autoware_system_msgs_generate_messages_eus
[100%] Built target autoware_system_msgs_generate_messages
[36mInstall the project...[0m
-- Install configuration: "Release"
-- Installing: /home/daisuke/Autoware/ros/install/autoware_system_msgs/share/autoware_system_msgs/msg/DiagnosticStatus.msg
-- Installing: /home/daisuke/Autoware/ros/install/autoware_system_msgs/share/autoware_system_msgs/msg/DiagnosticStatusArray.msg
-- Installing: /home/daisuke/Autoware/ros/install/autoware_system_msgs/share/autoware_system_msgs/msg/SystemStatus.msg
-- Installing: /home/daisuke/Autoware/ros/install/autoware_system_msgs/share/autoware_system_msgs/msg/NodeStatus.msg
-- Installing: /home/daisuke/Autoware/ros/install/autoware_system_msgs/share/autoware_system_msgs/msg/HardwareStatus.msg
-- Installing: /home/daisuke/Autoware/ros/install/autoware_system_msgs/share/autoware_system_msgs/cmake/autoware_system_msgs-msg-paths.cmake
-- Installing: /home/daisuke/Autoware/ros/install/autoware_system_msgs/include/autoware_system_msgs
-- Installing: /home/daisuke/Autoware/ros/install/autoware_system_msgs/include/autoware_system_msgs/SystemStatus.h
-- Installing: /home/daisuke/Autoware/ros/install/autoware_system_msgs/include/autoware_system_msgs/DiagnosticStatus.h
-- Installing: /home/daisuke/Autoware/ros/install/autoware_system_msgs/include/autoware_system_msgs/NodeStatus.h
-- Installing: /home/daisuke/Autoware/ros/install/autoware_system_msgs/include/autoware_system_msgs/DiagnosticStatusArray.h
-- Installing: /home/daisuke/Autoware/ros/install/autoware_system_msgs/include/autoware_system_msgs/HardwareStatus.h
-- Installing: /home/daisuke/Autoware/ros/install/autoware_system_msgs/share/roseus/ros/autoware_system_msgs
-- Installing: /home/daisuke/Autoware/ros/install/autoware_system_msgs/share/roseus/ros/autoware_system_msgs/manifest.l
-- Installing: /home/daisuke/Autoware/ros/install/autoware_system_msgs/share/roseus/ros/autoware_system_msgs/msg
-- Installing: /home/daisuke/Autoware/ros/install/autoware_system_msgs/share/roseus/ros/autoware_system_msgs/msg/SystemStatus.l
-- Installing: /home/daisuke/Autoware/ros/install/autoware_system_msgs/share/roseus/ros/autoware_system_msgs/msg/NodeStatus.l
-- Installing: /home/daisuke/Autoware/ros/install/autoware_system_msgs/share/roseus/ros/autoware_system_msgs/msg/DiagnosticStatus.l
-- Installing: /home/daisuke/Autoware/ros/install/autoware_system_msgs/share/roseus/ros/autoware_system_msgs/msg/HardwareStatus.l
-- Installing: /home/daisuke/Autoware/ros/install/autoware_system_msgs/share/roseus/ros/autoware_system_msgs/msg/DiagnosticStatusArray.l
-- Installing: /home/daisuke/Autoware/ros/install/autoware_system_msgs/share/common-lisp/ros/autoware_system_msgs
-- Installing: /home/daisuke/Autoware/ros/install/autoware_system_msgs/share/common-lisp/ros/autoware_system_msgs/msg
-- Installing: /home/daisuke/Autoware/ros/install/autoware_system_msgs/share/common-lisp/ros/autoware_system_msgs/msg/NodeStatus.lisp
-- Installing: /home/daisuke/Autoware/ros/install/autoware_system_msgs/share/common-lisp/ros/autoware_system_msgs/msg/HardwareStatus.lisp
-- Installing: /home/daisuke/Autoware/ros/install/autoware_system_msgs/share/common-lisp/ros/autoware_system_msgs/msg/DiagnosticStatusArray.lisp
-- Installing: /home/daisuke/Autoware/ros/install/autoware_system_msgs/share/common-lisp/ros/autoware_system_msgs/msg/_package.lisp
-- Installing: /home/daisuke/Autoware/ros/install/autoware_system_msgs/share/common-lisp/ros/autoware_system_msgs/msg/DiagnosticStatus.lisp
-- Installing: /home/daisuke/Autoware/ros/install/autoware_system_msgs/share/common-lisp/ros/autoware_system_msgs/msg/_package_DiagnosticStatus.lisp
-- Installing: /home/daisuke/Autoware/ros/install/autoware_system_msgs/share/common-lisp/ros/autoware_system_msgs/msg/_package_HardwareStatus.lisp
-- Installing: /home/daisuke/Autoware/ros/install/autoware_system_msgs/share/common-lisp/ros/autoware_system_msgs/msg/SystemStatus.lisp
-- Installing: /home/daisuke/Autoware/ros/install/autoware_system_msgs/share/common-lisp/ros/autoware_system_msgs/msg/_package_DiagnosticStatusArray.lisp
-- Installing: /home/daisuke/Autoware/ros/install/autoware_system_msgs/share/common-lisp/ros/autoware_system_msgs/msg/_package_NodeStatus.lisp
-- Installing: /home/daisuke/Autoware/ros/install/autoware_system_msgs/share/common-lisp/ros/autoware_system_msgs/msg/_package_SystemStatus.lisp
-- Installing: /home/daisuke/Autoware/ros/install/autoware_system_msgs/share/common-lisp/ros/autoware_system_msgs/msg/autoware_system_msgs-msg.asd
-- Installing: /home/daisuke/Autoware/ros/install/autoware_system_msgs/share/gennodejs/ros/autoware_system_msgs
-- Installing: /home/daisuke/Autoware/ros/install/autoware_system_msgs/share/gennodejs/ros/autoware_system_msgs/msg
-- Installing: /home/daisuke/Autoware/ros/install/autoware_system_msgs/share/gennodejs/ros/autoware_system_msgs/msg/DiagnosticStatusArray.js
-- Installing: /home/daisuke/Autoware/ros/install/autoware_system_msgs/share/gennodejs/ros/autoware_system_msgs/msg/NodeStatus.js
-- Installing: /home/daisuke/Autoware/ros/install/autoware_system_msgs/share/gennodejs/ros/autoware_system_msgs/msg/HardwareStatus.js
-- Installing: /home/daisuke/Autoware/ros/install/autoware_system_msgs/share/gennodejs/ros/autoware_system_msgs/msg/_index.js
-- Installing: /home/daisuke/Autoware/ros/install/autoware_system_msgs/share/gennodejs/ros/autoware_system_msgs/msg/SystemStatus.js
-- Installing: /home/daisuke/Autoware/ros/install/autoware_system_msgs/share/gennodejs/ros/autoware_system_msgs/msg/DiagnosticStatus.js
-- Installing: /home/daisuke/Autoware/ros/install/autoware_system_msgs/share/gennodejs/ros/autoware_system_msgs/_index.js
Listing /home/daisuke/Autoware/ros/build/autoware_system_msgs/devel/lib/python2.7/dist-packages/autoware_system_msgs ...
Compiling /home/daisuke/Autoware/ros/build/autoware_system_msgs/devel/lib/python2.7/dist-packages/autoware_system_msgs/__init__.py ...
Listing /home/daisuke/Autoware/ros/build/autoware_system_msgs/devel/lib/python2.7/dist-packages/autoware_system_msgs/msg ...
Compiling /home/daisuke/Autoware/ros/build/autoware_system_msgs/devel/lib/python2.7/dist-packages/autoware_system_msgs/msg/_DiagnosticStatus.py ...
Compiling /home/daisuke/Autoware/ros/build/autoware_system_msgs/devel/lib/python2.7/dist-packages/autoware_system_msgs/msg/_DiagnosticStatusArray.py ...
Compiling /home/daisuke/Autoware/ros/build/autoware_system_msgs/devel/lib/python2.7/dist-packages/autoware_system_msgs/msg/_HardwareStatus.py ...
Compiling /home/daisuke/Autoware/ros/build/autoware_system_msgs/devel/lib/python2.7/dist-packages/autoware_system_msgs/msg/_NodeStatus.py ...
Compiling /home/daisuke/Autoware/ros/build/autoware_system_msgs/devel/lib/python2.7/dist-packages/autoware_system_msgs/msg/_SystemStatus.py ...
Compiling /home/daisuke/Autoware/ros/build/autoware_system_msgs/devel/lib/python2.7/dist-packages/autoware_system_msgs/msg/__init__.py ...
-- Installing: /home/daisuke/Autoware/ros/install/autoware_system_msgs/lib/python2.7/dist-packages/autoware_system_msgs
-- Installing: /home/daisuke/Autoware/ros/install/autoware_system_msgs/lib/python2.7/dist-packages/autoware_system_msgs/__init__.pyc
-- Installing: /home/daisuke/Autoware/ros/install/autoware_system_msgs/lib/python2.7/dist-packages/autoware_system_msgs/__init__.py
-- Installing: /home/daisuke/Autoware/ros/install/autoware_system_msgs/lib/python2.7/dist-packages/autoware_system_msgs/msg
-- Installing: /home/daisuke/Autoware/ros/install/autoware_system_msgs/lib/python2.7/dist-packages/autoware_system_msgs/msg/_SystemStatus.py
-- Installing: /home/daisuke/Autoware/ros/install/autoware_system_msgs/lib/python2.7/dist-packages/autoware_system_msgs/msg/_DiagnosticStatus.py
-- Installing: /home/daisuke/Autoware/ros/install/autoware_system_msgs/lib/python2.7/dist-packages/autoware_system_msgs/msg/_NodeStatus.pyc
-- Installing: /home/daisuke/Autoware/ros/install/autoware_system_msgs/lib/python2.7/dist-packages/autoware_system_msgs/msg/_NodeStatus.py
-- Installing: /home/daisuke/Autoware/ros/install/autoware_system_msgs/lib/python2.7/dist-packages/autoware_system_msgs/msg/_SystemStatus.pyc
-- Installing: /home/daisuke/Autoware/ros/install/autoware_system_msgs/lib/python2.7/dist-packages/autoware_system_msgs/msg/__init__.pyc
-- Installing: /home/daisuke/Autoware/ros/install/autoware_system_msgs/lib/python2.7/dist-packages/autoware_system_msgs/msg/__init__.py
-- Installing: /home/daisuke/Autoware/ros/install/autoware_system_msgs/lib/python2.7/dist-packages/autoware_system_msgs/msg/_DiagnosticStatusArray.pyc
-- Installing: /home/daisuke/Autoware/ros/install/autoware_system_msgs/lib/python2.7/dist-packages/autoware_system_msgs/msg/_DiagnosticStatusArray.py
-- Installing: /home/daisuke/Autoware/ros/install/autoware_system_msgs/lib/python2.7/dist-packages/autoware_system_msgs/msg/_HardwareStatus.py
-- Installing: /home/daisuke/Autoware/ros/install/autoware_system_msgs/lib/python2.7/dist-packages/autoware_system_msgs/msg/_HardwareStatus.pyc
-- Installing: /home/daisuke/Autoware/ros/install/autoware_system_msgs/lib/python2.7/dist-packages/autoware_system_msgs/msg/_DiagnosticStatus.pyc
-- Installing: /home/daisuke/Autoware/ros/install/autoware_system_msgs/lib/pkgconfig/autoware_system_msgs.pc
-- Installing: /home/daisuke/Autoware/ros/install/autoware_system_msgs/share/autoware_system_msgs/cmake/autoware_system_msgs-msg-extras.cmake
-- Installing: /home/daisuke/Autoware/ros/install/autoware_system_msgs/share/autoware_system_msgs/cmake/autoware_system_msgsConfig.cmake
-- Installing: /home/daisuke/Autoware/ros/install/autoware_system_msgs/share/autoware_system_msgs/cmake/autoware_system_msgsConfig-version.cmake
-- Installing: /home/daisuke/Autoware/ros/install/autoware_system_msgs/share/autoware_system_msgs/package.xml
-- Up-to-date: /home/daisuke/Autoware/ros/install/autoware_system_msgs/share/autoware_system_msgs/msg
-- Up-to-date: /home/daisuke/Autoware/ros/install/autoware_system_msgs/share/autoware_system_msgs/msg/HardwareStatus.msg
-- Up-to-date: /home/daisuke/Autoware/ros/install/autoware_system_msgs/share/autoware_system_msgs/msg/DiagnosticStatus.msg
-- Up-to-date: /home/daisuke/Autoware/ros/install/autoware_system_msgs/share/autoware_system_msgs/msg/DiagnosticStatusArray.msg
-- Up-to-date: /home/daisuke/Autoware/ros/install/autoware_system_msgs/share/autoware_system_msgs/msg/NodeStatus.msg
-- Up-to-date: /home/daisuke/Autoware/ros/install/autoware_system_msgs/share/autoware_system_msgs/msg/SystemStatus.msg
