-- Using CATKIN_DEVEL_PREFIX: /home/daisuke/Autoware/ros/build/vlg22c_cam/devel
-- Using CMAKE_PREFIX_PATH: /home/daisuke/Autoware/ros/install/autoware_build_flags;/home/daisuke/Autoware/ros/devel;/opt/ros/kinetic
-- This workspace overlays: /home/daisuke/Autoware/ros/install/autoware_build_flags;/opt/ros/kinetic
-- Using PYTHON_EXECUTABLE: /home/daisuke/pyenv/shims/python
-- Using Debian Python package layout
-- Using empy: /usr/bin/empy
-- Using CATKIN_ENABLE_TESTING: ON
-- Call enable_testing()
-- Using CATKIN_TEST_RESULTS_DIR: /home/daisuke/Autoware/ros/build/vlg22c_cam/test_results
-- Found gmock sources under '/usr/src/gmock': gmock will be built
-- Found gtest sources under '/usr/src/gmock': gtests will be built
-- Using Python nosetests: /usr/bin/nosetests-2.7
-- catkin 0.7.14
-- Configuring done
-- Generating done
-- Build files have been written to: /home/daisuke/Autoware/ros/build/vlg22c_cam
Built target tests
[36mInstall the project...[0m
-- Install configuration: "Release"
-- Installing: /home/daisuke/Autoware/ros/install/vlg22c_cam/lib/pkgconfig/vlg22c_cam.pc
-- Up-to-date: /home/daisuke/Autoware/ros/install/vlg22c_cam/share/vlg22c_cam/cmake/vlg22c_camConfig.cmake
-- Up-to-date: /home/daisuke/Autoware/ros/install/vlg22c_cam/share/vlg22c_cam/cmake/vlg22c_camConfig-version.cmake
-- Up-to-date: /home/daisuke/Autoware/ros/install/vlg22c_cam/share/vlg22c_cam/package.xml
