Invoking command in '/home/daisuke/Autoware/ros/build/vision_dpm_ttic_detect': CMAKE_PREFIX_PATH=/home/daisuke/Autoware/ros/install/libdpm_ttic:/home/daisuke/Autoware/ros/install/autoware_msgs:/home/daisuke/Autoware/ros/install/autoware_config_msgs:/home/daisuke/Autoware/ros/install/autoware_build_flags:${CMAKE_PREFIX_PATH} LD_LIBRARY_PATH=/home/daisuke/Autoware/ros/install/libdpm_ttic/lib:${LD_LIBRARY_PATH} PKG_CONFIG_PATH=/home/daisuke/Autoware/ros/install/libdpm_ttic/lib/pkgconfig:/home/daisuke/Autoware/ros/install/autoware_msgs/lib/pkgconfig:/home/daisuke/Autoware/ros/install/autoware_config_msgs/lib/pkgconfig:/home/daisuke/Autoware/ros/install/autoware_build_flags/lib/pkgconfig:${PKG_CONFIG_PATH} PYTHONPATH=/home/daisuke/Autoware/ros/install/autoware_msgs/lib/python2.7/dist-packages:/home/daisuke/Autoware/ros/install/autoware_config_msgs/lib/python2.7/dist-packages:${PYTHONPATH} ROS_PACKAGE_PATH=/home/daisuke/Autoware/ros/install/libdpm_ttic/share:/home/daisuke/Autoware/ros/install/autoware_msgs/share:/home/daisuke/Autoware/ros/install/autoware_config_msgs/share:/home/daisuke/Autoware/ros/install/autoware_build_flags/share:${ROS_PACKAGE_PATH} /usr/bin/cmake /home/daisuke/Autoware/ros/src/computing/perception/detection/vision_detector/packages/vision_dpm_ttic_detect -DCMAKE_BUILD_TYPE=Release -DCMAKE_LIBRARY_PATH=/usr/local/cuda/lib64/stubs -DCATKIN_INSTALL_INTO_PREFIX_ROOT=0 -DCMAKE_INSTALL_PREFIX=/home/daisuke/Autoware/ros/install/vision_dpm_ttic_detect
-- The C compiler identification is GNU 5.4.0
-- The CXX compiler identification is GNU 5.4.0
-- Check for working C compiler: /usr/bin/cc
-- Check for working C compiler: /usr/bin/cc -- works
-- Detecting C compiler ABI info
-- Detecting C compiler ABI info - done
-- Detecting C compile features
-- Detecting C compile features - done
-- Check for working CXX compiler: /usr/bin/c++
-- Check for working CXX compiler: /usr/bin/c++ -- works
-- Detecting CXX compiler ABI info
-- Detecting CXX compiler ABI info - done
-- Detecting CXX compile features
-- Detecting CXX compile features - done
-- Found PkgConfig: /usr/bin/pkg-config (found version "0.29.1") 
-- Using CATKIN_DEVEL_PREFIX: /home/daisuke/Autoware/ros/build/vision_dpm_ttic_detect/devel
-- Using CMAKE_PREFIX_PATH: /home/daisuke/Autoware/ros/install/libdpm_ttic;/home/daisuke/Autoware/ros/install/autoware_msgs;/home/daisuke/Autoware/ros/install/autoware_config_msgs;/home/daisuke/Autoware/ros/install/autoware_build_flags;/home/daisuke/Autoware/ros/devel;/opt/ros/kinetic
-- This workspace overlays: /home/daisuke/Autoware/ros/install/libdpm_ttic;/home/daisuke/Autoware/ros/install/autoware_msgs;/home/daisuke/Autoware/ros/install/autoware_config_msgs;/home/daisuke/Autoware/ros/install/autoware_build_flags;/opt/ros/kinetic
-- Found PythonInterp: /home/daisuke/pyenv/shims/python (found version "2.7.12") 
-- Using PYTHON_EXECUTABLE: /home/daisuke/pyenv/shims/python
-- Using Debian Python package layout
-- Using empy: /usr/bin/empy
-- Using CATKIN_ENABLE_TESTING: ON
-- Call enable_testing()
-- Using CATKIN_TEST_RESULTS_DIR: /home/daisuke/Autoware/ros/build/vision_dpm_ttic_detect/test_results
-- Found gmock sources under '/usr/src/gmock': gmock will be built
-- Looking for pthread.h
-- Looking for pthread.h - found
-- Looking for pthread_create
-- Looking for pthread_create - not found
-- Looking for pthread_create in pthreads
-- Looking for pthread_create in pthreads - not found
-- Looking for pthread_create in pthread
-- Looking for pthread_create in pthread - found
-- Found Threads: TRUE  
-- Found gtest sources under '/usr/src/gmock': gtests will be built
-- Using Python nosetests: /usr/bin/nosetests-2.7
-- catkin 0.7.14
-- Using these message generators: gencpp;geneus;genlisp;gennodejs;genpy
-- Found CUDA: /usr/local/cuda-9.2 (found version "9.2") 
-- Found OpenCV: /opt/ros/kinetic (found version "3.3.1") 
-- Configuring done
-- Generating done
-- Build files have been written to: /home/daisuke/Autoware/ros/build/vision_dpm_ttic_detect
Invoked command in '/home/daisuke/Autoware/ros/build/vision_dpm_ttic_detect' returned '0': CMAKE_PREFIX_PATH=/home/daisuke/Autoware/ros/install/libdpm_ttic:/home/daisuke/Autoware/ros/install/autoware_msgs:/home/daisuke/Autoware/ros/install/autoware_config_msgs:/home/daisuke/Autoware/ros/install/autoware_build_flags:${CMAKE_PREFIX_PATH} LD_LIBRARY_PATH=/home/daisuke/Autoware/ros/install/libdpm_ttic/lib:${LD_LIBRARY_PATH} PKG_CONFIG_PATH=/home/daisuke/Autoware/ros/install/libdpm_ttic/lib/pkgconfig:/home/daisuke/Autoware/ros/install/autoware_msgs/lib/pkgconfig:/home/daisuke/Autoware/ros/install/autoware_config_msgs/lib/pkgconfig:/home/daisuke/Autoware/ros/install/autoware_build_flags/lib/pkgconfig:${PKG_CONFIG_PATH} PYTHONPATH=/home/daisuke/Autoware/ros/install/autoware_msgs/lib/python2.7/dist-packages:/home/daisuke/Autoware/ros/install/autoware_config_msgs/lib/python2.7/dist-packages:${PYTHONPATH} ROS_PACKAGE_PATH=/home/daisuke/Autoware/ros/install/libdpm_ttic/share:/home/daisuke/Autoware/ros/install/autoware_msgs/share:/home/daisuke/Autoware/ros/install/autoware_config_msgs/share:/home/daisuke/Autoware/ros/install/autoware_build_flags/share:${ROS_PACKAGE_PATH} /usr/bin/cmake /home/daisuke/Autoware/ros/src/computing/perception/detection/vision_detector/packages/vision_dpm_ttic_detect -DCMAKE_BUILD_TYPE=Release -DCMAKE_LIBRARY_PATH=/usr/local/cuda/lib64/stubs -DCATKIN_INSTALL_INTO_PREFIX_ROOT=0 -DCMAKE_INSTALL_PREFIX=/home/daisuke/Autoware/ros/install/vision_dpm_ttic_detect
Invoking command in '/home/daisuke/Autoware/ros/build/vision_dpm_ttic_detect': CMAKE_PREFIX_PATH=/home/daisuke/Autoware/ros/install/libdpm_ttic:/home/daisuke/Autoware/ros/install/autoware_msgs:/home/daisuke/Autoware/ros/install/autoware_config_msgs:/home/daisuke/Autoware/ros/install/autoware_build_flags:${CMAKE_PREFIX_PATH} LD_LIBRARY_PATH=/home/daisuke/Autoware/ros/install/libdpm_ttic/lib:${LD_LIBRARY_PATH} PKG_CONFIG_PATH=/home/daisuke/Autoware/ros/install/libdpm_ttic/lib/pkgconfig:/home/daisuke/Autoware/ros/install/autoware_msgs/lib/pkgconfig:/home/daisuke/Autoware/ros/install/autoware_config_msgs/lib/pkgconfig:/home/daisuke/Autoware/ros/install/autoware_build_flags/lib/pkgconfig:${PKG_CONFIG_PATH} PYTHONPATH=/home/daisuke/Autoware/ros/install/autoware_msgs/lib/python2.7/dist-packages:/home/daisuke/Autoware/ros/install/autoware_config_msgs/lib/python2.7/dist-packages:${PYTHONPATH} ROS_PACKAGE_PATH=/home/daisuke/Autoware/ros/install/libdpm_ttic/share:/home/daisuke/Autoware/ros/install/autoware_msgs/share:/home/daisuke/Autoware/ros/install/autoware_config_msgs/share:/home/daisuke/Autoware/ros/install/autoware_build_flags/share:${ROS_PACKAGE_PATH} /usr/bin/cmake --build /home/daisuke/Autoware/ros/build/vision_dpm_ttic_detect -- -j8 -l8
In file included from [01m[K/home/daisuke/Autoware/ros/src/computing/perception/detection/vision_detector/packages/vision_dpm_ttic_detect/nodes/vision_dpm_ttic_detect/vision_dpm_ttic_detect.cpp:28:0[m[K:
[01m[K/home/daisuke/Autoware/ros/install/libdpm_ttic/include/libdpm_ttic/dpm_ttic.hpp:24:19:[m[K [01;35m[Kwarning: [m[Kdefaulted and deleted functions only available with -std=c++11 or -std=gnu++11
  DPMTTICParam() = default;
[01;32m[K                   ^[m[K
[35m[1mScanning dependencies of target sensor_msgs_generate_messages_lisp[0m
[  0%] Built target sensor_msgs_generate_messages_lisp
[35m[1mScanning dependencies of target roscpp_generate_messages_eus[0m
[  0%] Built target roscpp_generate_messages_eus
[35m[1mScanning dependencies of target roscpp_generate_messages_cpp[0m
[  0%] Built target roscpp_generate_messages_cpp
[35m[1mScanning dependencies of target autoware_config_msgs_generate_messages_py[0m
[  0%] Built target autoware_config_msgs_generate_messages_py
[35m[1mScanning dependencies of target rosgraph_msgs_generate_messages_eus[0m
[  0%] Built target rosgraph_msgs_generate_messages_eus
[35m[1mScanning dependencies of target autoware_config_msgs_generate_messages_lisp[0m
[  0%] Built target autoware_config_msgs_generate_messages_lisp
[35m[1mScanning dependencies of target autoware_config_msgs_generate_messages_eus[0m
[  0%] Built target autoware_config_msgs_generate_messages_eus
[35m[1mScanning dependencies of target autoware_config_msgs_generate_messages_cpp[0m
[  0%] Built target autoware_config_msgs_generate_messages_cpp
[35m[1mScanning dependencies of target sensor_msgs_generate_messages_py[0m
[  0%] Built target sensor_msgs_generate_messages_py
[35m[1mScanning dependencies of target autoware_msgs_generate_messages_cpp[0m
[  0%] Built target autoware_msgs_generate_messages_cpp
[35m[1mScanning dependencies of target pcl_msgs_generate_messages_py[0m
[  0%] Built target pcl_msgs_generate_messages_py
[35m[1mScanning dependencies of target sensor_msgs_generate_messages_nodejs[0m
[  0%] Built target sensor_msgs_generate_messages_nodejs
[35m[1mScanning dependencies of target geometry_msgs_generate_messages_cpp[0m
[  0%] Built target geometry_msgs_generate_messages_cpp
[35m[1mScanning dependencies of target sensor_msgs_generate_messages_cpp[0m
[  0%] Built target sensor_msgs_generate_messages_cpp
[35m[1mScanning dependencies of target geometry_msgs_generate_messages_nodejs[0m
[  0%] Built target geometry_msgs_generate_messages_nodejs
[35m[1mScanning dependencies of target jsk_recognition_msgs_generate_messages_cpp[0m
[  0%] Built target jsk_recognition_msgs_generate_messages_cpp
[35m[1mScanning dependencies of target std_msgs_generate_messages_lisp[0m
[  0%] Built target std_msgs_generate_messages_lisp
[35m[1mScanning dependencies of target autoware_msgs_generate_messages_eus[0m
[  0%] Built target autoware_msgs_generate_messages_eus
[35m[1mScanning dependencies of target pcl_msgs_generate_messages_lisp[0m
[  0%] Built target pcl_msgs_generate_messages_lisp
[35m[1mScanning dependencies of target std_msgs_generate_messages_eus[0m
[  0%] Built target std_msgs_generate_messages_eus
[35m[1mScanning dependencies of target jsk_recognition_msgs_generate_messages_lisp[0m
[  0%] Built target jsk_recognition_msgs_generate_messages_lisp
[35m[1mScanning dependencies of target geometry_msgs_generate_messages_py[0m
[  0%] Built target geometry_msgs_generate_messages_py
[35m[1mScanning dependencies of target std_msgs_generate_messages_nodejs[0m
[  0%] Built target std_msgs_generate_messages_nodejs
[35m[1mScanning dependencies of target geometry_msgs_generate_messages_eus[0m
[  0%] Built target geometry_msgs_generate_messages_eus
[35m[1mScanning dependencies of target actionlib_msgs_generate_messages_py[0m
[  0%] Built target actionlib_msgs_generate_messages_py
[35m[1mScanning dependencies of target std_msgs_generate_messages_py[0m
[  0%] Built target std_msgs_generate_messages_py
[35m[1mScanning dependencies of target jsk_recognition_msgs_generate_messages_nodejs[0m
[  0%] Built target jsk_recognition_msgs_generate_messages_nodejs
[35m[1mScanning dependencies of target jsk_recognition_msgs_generate_messages_py[0m
[  0%] Built target jsk_recognition_msgs_generate_messages_py
[35m[1mScanning dependencies of target pcl_msgs_generate_messages_cpp[0m
[  0%] Built target pcl_msgs_generate_messages_cpp
[35m[1mScanning dependencies of target rosgraph_msgs_generate_messages_cpp[0m
[  0%] Built target rosgraph_msgs_generate_messages_cpp
[35m[1mScanning dependencies of target autoware_msgs_generate_messages_lisp[0m
[  0%] Built target autoware_msgs_generate_messages_lisp
[35m[1mScanning dependencies of target pcl_msgs_generate_messages_eus[0m
[  0%] Built target pcl_msgs_generate_messages_eus
[35m[1mScanning dependencies of target geometry_msgs_generate_messages_lisp[0m
[  0%] Built target geometry_msgs_generate_messages_lisp
[35m[1mScanning dependencies of target jsk_footstep_msgs_generate_messages_cpp[0m
[  0%] Built target jsk_footstep_msgs_generate_messages_cpp
[35m[1mScanning dependencies of target pcl_msgs_generate_messages_nodejs[0m
[  0%] Built target pcl_msgs_generate_messages_nodejs
[35m[1mScanning dependencies of target autoware_msgs_generate_messages_nodejs[0m
[  0%] Built target autoware_msgs_generate_messages_nodejs
[35m[1mScanning dependencies of target jsk_footstep_msgs_generate_messages_eus[0m
[  0%] Built target jsk_footstep_msgs_generate_messages_eus
[35m[1mScanning dependencies of target jsk_footstep_msgs_generate_messages_lisp[0m
[  0%] Built target jsk_footstep_msgs_generate_messages_lisp
[35m[1mScanning dependencies of target jsk_footstep_msgs_generate_messages_nodejs[0m
[  0%] Built target jsk_footstep_msgs_generate_messages_nodejs
[35m[1mScanning dependencies of target actionlib_msgs_generate_messages_nodejs[0m
[  0%] Built target actionlib_msgs_generate_messages_nodejs
[35m[1mScanning dependencies of target sensor_msgs_generate_messages_eus[0m
[  0%] Built target sensor_msgs_generate_messages_eus
[35m[1mScanning dependencies of target jsk_recognition_msgs_generate_messages_eus[0m
[  0%] Built target jsk_recognition_msgs_generate_messages_eus
[35m[1mScanning dependencies of target std_msgs_generate_messages_cpp[0m
[  0%] Built target std_msgs_generate_messages_cpp
[35m[1mScanning dependencies of target actionlib_msgs_generate_messages_cpp[0m
[  0%] Built target actionlib_msgs_generate_messages_cpp
[35m[1mScanning dependencies of target autoware_config_msgs_generate_messages_nodejs[0m
[  0%] Built target autoware_config_msgs_generate_messages_nodejs
[35m[1mScanning dependencies of target jsk_footstep_msgs_generate_messages_py[0m
[  0%] Built target jsk_footstep_msgs_generate_messages_py
[35m[1mScanning dependencies of target actionlib_msgs_generate_messages_eus[0m
[  0%] Built target actionlib_msgs_generate_messages_eus
[35m[1mScanning dependencies of target autoware_msgs_generate_messages_py[0m
[  0%] Built target autoware_msgs_generate_messages_py
[35m[1mScanning dependencies of target actionlib_msgs_generate_messages_lisp[0m
[  0%] Built target actionlib_msgs_generate_messages_lisp
[35m[1mScanning dependencies of target roscpp_generate_messages_lisp[0m
[  0%] Built target roscpp_generate_messages_lisp
[35m[1mScanning dependencies of target roscpp_generate_messages_nodejs[0m
[  0%] Built target roscpp_generate_messages_nodejs
[35m[1mScanning dependencies of target roscpp_generate_messages_py[0m
[  0%] Built target roscpp_generate_messages_py
[35m[1mScanning dependencies of target rosgraph_msgs_generate_messages_lisp[0m
[  0%] Built target rosgraph_msgs_generate_messages_lisp
[35m[1mScanning dependencies of target rosgraph_msgs_generate_messages_nodejs[0m
[  0%] Built target rosgraph_msgs_generate_messages_nodejs
[35m[1mScanning dependencies of target rosgraph_msgs_generate_messages_py[0m
[  0%] Built target rosgraph_msgs_generate_messages_py
[35m[1mScanning dependencies of target vision_dpm_ttic_detect[0m
[ 50%] [32mBuilding CXX object CMakeFiles/vision_dpm_ttic_detect.dir/nodes/vision_dpm_ttic_detect/vision_dpm_ttic_detect.cpp.o[0m
[100%] [32m[1mLinking CXX executable devel/lib/vision_dpm_ttic_detect/vision_dpm_ttic_detect[0m
[100%] Built target vision_dpm_ttic_detect
Invoked command in '/home/daisuke/Autoware/ros/build/vision_dpm_ttic_detect' returned '0': CMAKE_PREFIX_PATH=/home/daisuke/Autoware/ros/install/libdpm_ttic:/home/daisuke/Autoware/ros/install/autoware_msgs:/home/daisuke/Autoware/ros/install/autoware_config_msgs:/home/daisuke/Autoware/ros/install/autoware_build_flags:${CMAKE_PREFIX_PATH} LD_LIBRARY_PATH=/home/daisuke/Autoware/ros/install/libdpm_ttic/lib:${LD_LIBRARY_PATH} PKG_CONFIG_PATH=/home/daisuke/Autoware/ros/install/libdpm_ttic/lib/pkgconfig:/home/daisuke/Autoware/ros/install/autoware_msgs/lib/pkgconfig:/home/daisuke/Autoware/ros/install/autoware_config_msgs/lib/pkgconfig:/home/daisuke/Autoware/ros/install/autoware_build_flags/lib/pkgconfig:${PKG_CONFIG_PATH} PYTHONPATH=/home/daisuke/Autoware/ros/install/autoware_msgs/lib/python2.7/dist-packages:/home/daisuke/Autoware/ros/install/autoware_config_msgs/lib/python2.7/dist-packages:${PYTHONPATH} ROS_PACKAGE_PATH=/home/daisuke/Autoware/ros/install/libdpm_ttic/share:/home/daisuke/Autoware/ros/install/autoware_msgs/share:/home/daisuke/Autoware/ros/install/autoware_config_msgs/share:/home/daisuke/Autoware/ros/install/autoware_build_flags/share:${ROS_PACKAGE_PATH} /usr/bin/cmake --build /home/daisuke/Autoware/ros/build/vision_dpm_ttic_detect -- -j8 -l8
Invoking command in '/home/daisuke/Autoware/ros/build/vision_dpm_ttic_detect': CMAKE_PREFIX_PATH=/home/daisuke/Autoware/ros/install/libdpm_ttic:/home/daisuke/Autoware/ros/install/autoware_msgs:/home/daisuke/Autoware/ros/install/autoware_config_msgs:/home/daisuke/Autoware/ros/install/autoware_build_flags:${CMAKE_PREFIX_PATH} LD_LIBRARY_PATH=/home/daisuke/Autoware/ros/install/libdpm_ttic/lib:${LD_LIBRARY_PATH} PKG_CONFIG_PATH=/home/daisuke/Autoware/ros/install/libdpm_ttic/lib/pkgconfig:/home/daisuke/Autoware/ros/install/autoware_msgs/lib/pkgconfig:/home/daisuke/Autoware/ros/install/autoware_config_msgs/lib/pkgconfig:/home/daisuke/Autoware/ros/install/autoware_build_flags/lib/pkgconfig:${PKG_CONFIG_PATH} PYTHONPATH=/home/daisuke/Autoware/ros/install/autoware_msgs/lib/python2.7/dist-packages:/home/daisuke/Autoware/ros/install/autoware_config_msgs/lib/python2.7/dist-packages:${PYTHONPATH} ROS_PACKAGE_PATH=/home/daisuke/Autoware/ros/install/libdpm_ttic/share:/home/daisuke/Autoware/ros/install/autoware_msgs/share:/home/daisuke/Autoware/ros/install/autoware_config_msgs/share:/home/daisuke/Autoware/ros/install/autoware_build_flags/share:${ROS_PACKAGE_PATH} /usr/bin/cmake --build /home/daisuke/Autoware/ros/build/vision_dpm_ttic_detect --target tests -- -j8 -l8
[35m[1mScanning dependencies of target tests[0m
Built target tests
Invoked command in '/home/daisuke/Autoware/ros/build/vision_dpm_ttic_detect' returned '0': CMAKE_PREFIX_PATH=/home/daisuke/Autoware/ros/install/libdpm_ttic:/home/daisuke/Autoware/ros/install/autoware_msgs:/home/daisuke/Autoware/ros/install/autoware_config_msgs:/home/daisuke/Autoware/ros/install/autoware_build_flags:${CMAKE_PREFIX_PATH} LD_LIBRARY_PATH=/home/daisuke/Autoware/ros/install/libdpm_ttic/lib:${LD_LIBRARY_PATH} PKG_CONFIG_PATH=/home/daisuke/Autoware/ros/install/libdpm_ttic/lib/pkgconfig:/home/daisuke/Autoware/ros/install/autoware_msgs/lib/pkgconfig:/home/daisuke/Autoware/ros/install/autoware_config_msgs/lib/pkgconfig:/home/daisuke/Autoware/ros/install/autoware_build_flags/lib/pkgconfig:${PKG_CONFIG_PATH} PYTHONPATH=/home/daisuke/Autoware/ros/install/autoware_msgs/lib/python2.7/dist-packages:/home/daisuke/Autoware/ros/install/autoware_config_msgs/lib/python2.7/dist-packages:${PYTHONPATH} ROS_PACKAGE_PATH=/home/daisuke/Autoware/ros/install/libdpm_ttic/share:/home/daisuke/Autoware/ros/install/autoware_msgs/share:/home/daisuke/Autoware/ros/install/autoware_config_msgs/share:/home/daisuke/Autoware/ros/install/autoware_build_flags/share:${ROS_PACKAGE_PATH} /usr/bin/cmake --build /home/daisuke/Autoware/ros/build/vision_dpm_ttic_detect --target tests -- -j8 -l8
Invoking command in '/home/daisuke/Autoware/ros/build/vision_dpm_ttic_detect': CMAKE_PREFIX_PATH=/home/daisuke/Autoware/ros/install/libdpm_ttic:/home/daisuke/Autoware/ros/install/autoware_msgs:/home/daisuke/Autoware/ros/install/autoware_config_msgs:/home/daisuke/Autoware/ros/install/autoware_build_flags:${CMAKE_PREFIX_PATH} LD_LIBRARY_PATH=/home/daisuke/Autoware/ros/install/libdpm_ttic/lib:${LD_LIBRARY_PATH} PKG_CONFIG_PATH=/home/daisuke/Autoware/ros/install/libdpm_ttic/lib/pkgconfig:/home/daisuke/Autoware/ros/install/autoware_msgs/lib/pkgconfig:/home/daisuke/Autoware/ros/install/autoware_config_msgs/lib/pkgconfig:/home/daisuke/Autoware/ros/install/autoware_build_flags/lib/pkgconfig:${PKG_CONFIG_PATH} PYTHONPATH=/home/daisuke/Autoware/ros/install/autoware_msgs/lib/python2.7/dist-packages:/home/daisuke/Autoware/ros/install/autoware_config_msgs/lib/python2.7/dist-packages:${PYTHONPATH} ROS_PACKAGE_PATH=/home/daisuke/Autoware/ros/install/libdpm_ttic/share:/home/daisuke/Autoware/ros/install/autoware_msgs/share:/home/daisuke/Autoware/ros/install/autoware_config_msgs/share:/home/daisuke/Autoware/ros/install/autoware_build_flags/share:${ROS_PACKAGE_PATH} /usr/bin/cmake --build /home/daisuke/Autoware/ros/build/vision_dpm_ttic_detect --target install
[  0%] Built target sensor_msgs_generate_messages_lisp
[  0%] Built target rosgraph_msgs_generate_messages_py
[  0%] Built target rosgraph_msgs_generate_messages_nodejs
[  0%] Built target rosgraph_msgs_generate_messages_lisp
[  0%] Built target roscpp_generate_messages_py
[  0%] Built target roscpp_generate_messages_nodejs
[  0%] Built target roscpp_generate_messages_lisp
[  0%] Built target roscpp_generate_messages_eus
[  0%] Built target roscpp_generate_messages_cpp
[  0%] Built target autoware_config_msgs_generate_messages_py
[  0%] Built target rosgraph_msgs_generate_messages_eus
[  0%] Built target autoware_config_msgs_generate_messages_lisp
[  0%] Built target autoware_config_msgs_generate_messages_eus
[  0%] Built target autoware_config_msgs_generate_messages_cpp
[  0%] Built target sensor_msgs_generate_messages_py
[  0%] Built target autoware_msgs_generate_messages_cpp
[  0%] Built target pcl_msgs_generate_messages_py
[  0%] Built target sensor_msgs_generate_messages_nodejs
[  0%] Built target geometry_msgs_generate_messages_cpp
[  0%] Built target sensor_msgs_generate_messages_cpp
[  0%] Built target geometry_msgs_generate_messages_nodejs
[  0%] Built target jsk_recognition_msgs_generate_messages_cpp
[  0%] Built target std_msgs_generate_messages_lisp
[  0%] Built target autoware_msgs_generate_messages_eus
[  0%] Built target pcl_msgs_generate_messages_lisp
[  0%] Built target std_msgs_generate_messages_eus
[  0%] Built target jsk_recognition_msgs_generate_messages_lisp
[  0%] Built target geometry_msgs_generate_messages_py
[  0%] Built target std_msgs_generate_messages_nodejs
[  0%] Built target geometry_msgs_generate_messages_eus
[  0%] Built target actionlib_msgs_generate_messages_py
[  0%] Built target std_msgs_generate_messages_py
[  0%] Built target jsk_recognition_msgs_generate_messages_nodejs
[  0%] Built target jsk_recognition_msgs_generate_messages_py
[  0%] Built target pcl_msgs_generate_messages_cpp
[  0%] Built target rosgraph_msgs_generate_messages_cpp
[  0%] Built target autoware_msgs_generate_messages_lisp
[  0%] Built target pcl_msgs_generate_messages_eus
[  0%] Built target geometry_msgs_generate_messages_lisp
[  0%] Built target jsk_footstep_msgs_generate_messages_cpp
[  0%] Built target pcl_msgs_generate_messages_nodejs
[  0%] Built target autoware_msgs_generate_messages_nodejs
[  0%] Built target jsk_footstep_msgs_generate_messages_eus
[  0%] Built target jsk_footstep_msgs_generate_messages_lisp
[  0%] Built target jsk_footstep_msgs_generate_messages_nodejs
[  0%] Built target actionlib_msgs_generate_messages_nodejs
[  0%] Built target sensor_msgs_generate_messages_eus
[  0%] Built target jsk_recognition_msgs_generate_messages_eus
[  0%] Built target std_msgs_generate_messages_cpp
[  0%] Built target actionlib_msgs_generate_messages_cpp
[  0%] Built target autoware_config_msgs_generate_messages_nodejs
[  0%] Built target jsk_footstep_msgs_generate_messages_py
[  0%] Built target actionlib_msgs_generate_messages_eus
[  0%] Built target autoware_msgs_generate_messages_py
[  0%] Built target actionlib_msgs_generate_messages_lisp
[100%] Built target vision_dpm_ttic_detect
[36mInstall the project...[0m
-- Install configuration: "Release"
-- Installing: /home/daisuke/Autoware/ros/install/vision_dpm_ttic_detect/lib/pkgconfig/vision_dpm_ttic_detect.pc
-- Installing: /home/daisuke/Autoware/ros/install/vision_dpm_ttic_detect/share/vision_dpm_ttic_detect/cmake/vision_dpm_ttic_detectConfig.cmake
-- Installing: /home/daisuke/Autoware/ros/install/vision_dpm_ttic_detect/share/vision_dpm_ttic_detect/cmake/vision_dpm_ttic_detectConfig-version.cmake
-- Installing: /home/daisuke/Autoware/ros/install/vision_dpm_ttic_detect/share/vision_dpm_ttic_detect/package.xml
-- Installing: /home/daisuke/Autoware/ros/install/vision_dpm_ttic_detect/lib/vision_dpm_ttic_detect/vision_dpm_ttic_detect
-- Set runtime path of "/home/daisuke/Autoware/ros/install/vision_dpm_ttic_detect/lib/vision_dpm_ttic_detect/vision_dpm_ttic_detect" to ""
-- Installing: /home/daisuke/Autoware/ros/install/vision_dpm_ttic_detect/share/vision_dpm_ttic_detect/launch
-- Installing: /home/daisuke/Autoware/ros/install/vision_dpm_ttic_detect/share/vision_dpm_ttic_detect/launch/vision_dpm_ttic_detect.launch
-- Installing: /home/daisuke/Autoware/ros/install/vision_dpm_ttic_detect/share/vision_dpm_ttic_detect/data
-- Installing: /home/daisuke/Autoware/ros/install/vision_dpm_ttic_detect/share/vision_dpm_ttic_detect/data/person.xml
-- Installing: /home/daisuke/Autoware/ros/install/vision_dpm_ttic_detect/share/vision_dpm_ttic_detect/data/car_root.csv
-- Installing: /home/daisuke/Autoware/ros/install/vision_dpm_ttic_detect/share/vision_dpm_ttic_detect/data/car_2008.xml
-- Installing: /home/daisuke/Autoware/ros/install/vision_dpm_ttic_detect/share/vision_dpm_ttic_detect/data/car.xml
-- Installing: /home/daisuke/Autoware/ros/install/vision_dpm_ttic_detect/share/vision_dpm_ttic_detect/data/person_root.csv
-- Installing: /home/daisuke/Autoware/ros/install/vision_dpm_ttic_detect/share/vision_dpm_ttic_detect/data/car_comp.csv
-- Installing: /home/daisuke/Autoware/ros/install/vision_dpm_ttic_detect/share/vision_dpm_ttic_detect/data/car_part.csv
-- Installing: /home/daisuke/Autoware/ros/install/vision_dpm_ttic_detect/share/vision_dpm_ttic_detect/data/person_part.csv
-- Installing: /home/daisuke/Autoware/ros/install/vision_dpm_ttic_detect/share/vision_dpm_ttic_detect/data/person_comp.csv
Invoked command in '/home/daisuke/Autoware/ros/build/vision_dpm_ttic_detect' returned '0': CMAKE_PREFIX_PATH=/home/daisuke/Autoware/ros/install/libdpm_ttic:/home/daisuke/Autoware/ros/install/autoware_msgs:/home/daisuke/Autoware/ros/install/autoware_config_msgs:/home/daisuke/Autoware/ros/install/autoware_build_flags:${CMAKE_PREFIX_PATH} LD_LIBRARY_PATH=/home/daisuke/Autoware/ros/install/libdpm_ttic/lib:${LD_LIBRARY_PATH} PKG_CONFIG_PATH=/home/daisuke/Autoware/ros/install/libdpm_ttic/lib/pkgconfig:/home/daisuke/Autoware/ros/install/autoware_msgs/lib/pkgconfig:/home/daisuke/Autoware/ros/install/autoware_config_msgs/lib/pkgconfig:/home/daisuke/Autoware/ros/install/autoware_build_flags/lib/pkgconfig:${PKG_CONFIG_PATH} PYTHONPATH=/home/daisuke/Autoware/ros/install/autoware_msgs/lib/python2.7/dist-packages:/home/daisuke/Autoware/ros/install/autoware_config_msgs/lib/python2.7/dist-packages:${PYTHONPATH} ROS_PACKAGE_PATH=/home/daisuke/Autoware/ros/install/libdpm_ttic/share:/home/daisuke/Autoware/ros/install/autoware_msgs/share:/home/daisuke/Autoware/ros/install/autoware_config_msgs/share:/home/daisuke/Autoware/ros/install/autoware_build_flags/share:${ROS_PACKAGE_PATH} /usr/bin/cmake --build /home/daisuke/Autoware/ros/build/vision_dpm_ttic_detect --target install
