-- Using CATKIN_DEVEL_PREFIX: /home/daisuke/Autoware/ros/build/autoware_launcher/devel
-- Using CMAKE_PREFIX_PATH: /home/daisuke/Autoware/ros/devel;/opt/ros/kinetic
-- This workspace overlays: /opt/ros/kinetic
-- Using PYTHON_EXECUTABLE: /home/daisuke/pyenv/shims/python
-- Using Debian Python package layout
-- Using empy: /usr/bin/empy
-- Using CATKIN_ENABLE_TESTING: ON
-- Call enable_testing()
-- Using CATKIN_TEST_RESULTS_DIR: /home/daisuke/Autoware/ros/build/autoware_launcher/test_results
-- Found gmock sources under '/usr/src/gmock': gmock will be built
-- Found gtest sources under '/usr/src/gmock': gtests will be built
-- Using Python nosetests: /usr/bin/nosetests-2.7
-- catkin 0.7.14
-- Configuring done
-- Generating done
-- Build files have been written to: /home/daisuke/Autoware/ros/build/autoware_launcher
Built target tests
[36mInstall the project...[0m
-- Install configuration: "Release"
+ cd /home/daisuke/Autoware/ros/src/util/packages/autoware_launcher
+ mkdir -p /home/daisuke/Autoware/ros/install/autoware_launcher/lib/python2.7/dist-packages
+ /usr/bin/env PYTHONPATH=/home/daisuke/Autoware/ros/install/autoware_launcher/lib/python2.7/dist-packages:/home/daisuke/Autoware/ros/build/autoware_launcher/lib/python2.7/dist-packages:/home/daisuke/Autoware/ros/devel/lib/python2.7/dist-packages:/opt/ros/kinetic/lib/python2.7/dist-packages CATKIN_BINARY_DIR=/home/daisuke/Autoware/ros/build/autoware_launcher /home/daisuke/pyenv/shims/python /home/daisuke/Autoware/ros/src/util/packages/autoware_launcher/setup.py build --build-base /home/daisuke/Autoware/ros/build/autoware_launcher install --install-layout=deb --prefix=/home/daisuke/Autoware/ros/install/autoware_launcher --install-scripts=/home/daisuke/Autoware/ros/install/autoware_launcher/bin
running build
running build_py
running install
running install_lib
running install_egg_info
Removing /home/daisuke/Autoware/ros/install/autoware_launcher/lib/python2.7/dist-packages/autoware_launcher-0.1.0.egg-info
Writing /home/daisuke/Autoware/ros/install/autoware_launcher/lib/python2.7/dist-packages/autoware_launcher-0.1.0.egg-info
-- Installing: /home/daisuke/Autoware/ros/install/autoware_launcher/lib/pkgconfig/autoware_launcher.pc
-- Up-to-date: /home/daisuke/Autoware/ros/install/autoware_launcher/share/autoware_launcher/cmake/autoware_launcherConfig.cmake
-- Up-to-date: /home/daisuke/Autoware/ros/install/autoware_launcher/share/autoware_launcher/cmake/autoware_launcherConfig-version.cmake
-- Up-to-date: /home/daisuke/Autoware/ros/install/autoware_launcher/share/autoware_launcher/package.xml
-- Installing: /home/daisuke/Autoware/ros/install/autoware_launcher/lib/autoware_launcher/main
