-- Using CATKIN_DEVEL_PREFIX: /home/daisuke/Autoware/ros/build/decision_maker_panel/devel
-- Using CMAKE_PREFIX_PATH: /home/daisuke/Autoware/ros/install/autoware_msgs;/home/daisuke/Autoware/ros/install/autoware_build_flags;/home/daisuke/Autoware/ros/devel;/opt/ros/kinetic
-- This workspace overlays: /home/daisuke/Autoware/ros/install/autoware_msgs;/home/daisuke/Autoware/ros/install/autoware_build_flags;/opt/ros/kinetic
-- Using PYTHON_EXECUTABLE: /home/daisuke/pyenv/shims/python
-- Using Debian Python package layout
-- Using empy: /usr/bin/empy
-- Using CATKIN_ENABLE_TESTING: ON
-- Call enable_testing()
-- Using CATKIN_TEST_RESULTS_DIR: /home/daisuke/Autoware/ros/build/decision_maker_panel/test_results
-- Found gmock sources under '/usr/src/gmock': gmock will be built
-- Found gtest sources under '/usr/src/gmock': gtests will be built
-- Using Python nosetests: /usr/bin/nosetests-2.7
-- catkin 0.7.14
-- Using these message generators: gencpp;geneus;genlisp;gennodejs;genpy
-- Using Qt5 based on the rviz_QT_VERSION: 5.5.1
-- Configuring done
-- Generating done
-- Build files have been written to: /home/daisuke/Autoware/ros/build/decision_maker_panel
[ 25%] [34m[1mAutomatic moc for target decision_maker_panel[0m
[34m[1mGenerating moc_decision_maker_panel.cpp[0m
[ 25%] Built target decision_maker_panel_automoc
[35m[1mScanning dependencies of target decision_maker_panel[0m
[ 50%] [32mBuilding CXX object CMakeFiles/decision_maker_panel.dir/decision_maker_panel_automoc.cpp.o[0m
[ 75%] [32mBuilding CXX object CMakeFiles/decision_maker_panel.dir/src/decision_maker_panel.cpp.o[0m
[100%] [32m[1mLinking CXX shared library devel/lib/libdecision_maker_panel.so[0m
[100%] Built target decision_maker_panel
Built target tests
[ 25%] [34m[1mAutomatic moc for target decision_maker_panel[0m
[ 25%] Built target decision_maker_panel_automoc
[100%] Built target decision_maker_panel
[36mInstall the project...[0m
-- Install configuration: "Release"
-- Installing: /home/daisuke/Autoware/ros/install/decision_maker_panel/lib/pkgconfig/decision_maker_panel.pc
-- Up-to-date: /home/daisuke/Autoware/ros/install/decision_maker_panel/share/decision_maker_panel/cmake/decision_maker_panelConfig.cmake
-- Up-to-date: /home/daisuke/Autoware/ros/install/decision_maker_panel/share/decision_maker_panel/cmake/decision_maker_panelConfig-version.cmake
-- Installing: /home/daisuke/Autoware/ros/install/decision_maker_panel/share/decision_maker_panel/package.xml
-- Installing: /home/daisuke/Autoware/ros/install/decision_maker_panel/lib/libdecision_maker_panel.so
-- Set runtime path of "/home/daisuke/Autoware/ros/install/decision_maker_panel/lib/libdecision_maker_panel.so" to ""
