Invoking command in '/home/daisuke/Autoware/ros/build/microstrain_driver': /usr/bin/cmake /home/daisuke/Autoware/ros/src/sensing/drivers/imu/packages/microstrain -DCATKIN_INSTALL_INTO_PREFIX_ROOT=0 -DCMAKE_INSTALL_PREFIX=/home/daisuke/Autoware/ros/install/microstrain_driver
-- Using CATKIN_DEVEL_PREFIX: /home/daisuke/Autoware/ros/build/microstrain_driver/devel
-- Using CMAKE_PREFIX_PATH: /home/daisuke/Autoware/ros/devel;/opt/ros/kinetic
-- This workspace overlays: /opt/ros/kinetic
-- Using PYTHON_EXECUTABLE: /home/daisuke/pyenv/shims/python
-- Using Debian Python package layout
-- Using empy: /usr/bin/empy
-- Using CATKIN_ENABLE_TESTING: ON
-- Call enable_testing()
-- Using CATKIN_TEST_RESULTS_DIR: /home/daisuke/Autoware/ros/build/microstrain_driver/test_results
-- Found gmock sources under '/usr/src/gmock': gmock will be built
-- Found gtest sources under '/usr/src/gmock': gtests will be built
-- Using Python nosetests: /usr/bin/nosetests-2.7
-- catkin 0.7.14
-- Using these message generators: gencpp;geneus;genlisp;gennodejs;genpy
-- Configuring done
-- Generating done
-- Build files have been written to: /home/daisuke/Autoware/ros/build/microstrain_driver
Invoked command in '/home/daisuke/Autoware/ros/build/microstrain_driver' returned '0': /usr/bin/cmake /home/daisuke/Autoware/ros/src/sensing/drivers/imu/packages/microstrain -DCATKIN_INSTALL_INTO_PREFIX_ROOT=0 -DCMAKE_INSTALL_PREFIX=/home/daisuke/Autoware/ros/install/microstrain_driver
Invoking command in '/home/daisuke/Autoware/ros/build/microstrain_driver': /usr/bin/cmake --build /home/daisuke/Autoware/ros/build/microstrain_driver -- -j8 -l8
[ 76%] Built target microstrain_driver
[ 88%] Built target 3dm_gx5_45_node
[100%] Built target 3dm_gx5_15_node
Invoked command in '/home/daisuke/Autoware/ros/build/microstrain_driver' returned '0': /usr/bin/cmake --build /home/daisuke/Autoware/ros/build/microstrain_driver -- -j8 -l8
Invoking command in '/home/daisuke/Autoware/ros/build/microstrain_driver': /usr/bin/cmake --build /home/daisuke/Autoware/ros/build/microstrain_driver --target tests -- -j8 -l8
Built target tests
Invoked command in '/home/daisuke/Autoware/ros/build/microstrain_driver' returned '0': /usr/bin/cmake --build /home/daisuke/Autoware/ros/build/microstrain_driver --target tests -- -j8 -l8
Invoking command in '/home/daisuke/Autoware/ros/build/microstrain_driver': /usr/bin/cmake --build /home/daisuke/Autoware/ros/build/microstrain_driver --target install
[ 76%] Built target microstrain_driver
[ 88%] Built target 3dm_gx5_45_node
[100%] Built target 3dm_gx5_15_node
[36mInstall the project...[0m
-- Install configuration: "Release"
-- Installing: /home/daisuke/Autoware/ros/install/microstrain_driver/lib/pkgconfig/microstrain_driver.pc
-- Up-to-date: /home/daisuke/Autoware/ros/install/microstrain_driver/share/microstrain_driver/cmake/microstrain_driverConfig.cmake
-- Up-to-date: /home/daisuke/Autoware/ros/install/microstrain_driver/share/microstrain_driver/cmake/microstrain_driverConfig-version.cmake
-- Up-to-date: /home/daisuke/Autoware/ros/install/microstrain_driver/share/microstrain_driver/package.xml
-- Up-to-date: /home/daisuke/Autoware/ros/install/microstrain_driver/lib/libmicrostrain_driver.so
-- Up-to-date: /home/daisuke/Autoware/ros/install/microstrain_driver/lib/microstrain_driver/3dm_gx5_15_node
-- Up-to-date: /home/daisuke/Autoware/ros/install/microstrain_driver/lib/microstrain_driver/3dm_gx5_45_node
-- Up-to-date: /home/daisuke/Autoware/ros/install/microstrain_driver/share/microstrain_driver/launch
-- Up-to-date: /home/daisuke/Autoware/ros/install/microstrain_driver/share/microstrain_driver/launch/3dm_gx5_15.launch
-- Up-to-date: /home/daisuke/Autoware/ros/install/microstrain_driver/share/microstrain_driver/launch/microstrain.launch
Invoked command in '/home/daisuke/Autoware/ros/build/microstrain_driver' returned '0': /usr/bin/cmake --build /home/daisuke/Autoware/ros/build/microstrain_driver --target install
