-- Using CATKIN_DEVEL_PREFIX: /home/daisuke/Autoware/ros/build/kitti_launch/devel
-- Using CMAKE_PREFIX_PATH: /home/daisuke/Autoware/ros/install/kitti_player;/home/daisuke/Autoware/ros/install/kitti_box_publisher;/home/daisuke/Autoware/ros/install/autoware_msgs;/home/daisuke/Autoware/ros/devel;/opt/ros/kinetic
-- This workspace overlays: /home/daisuke/Autoware/ros/install/kitti_player;/home/daisuke/Autoware/ros/install/kitti_box_publisher;/home/daisuke/Autoware/ros/install/autoware_msgs;/opt/ros/kinetic
-- Using PYTHON_EXECUTABLE: /home/daisuke/pyenv/shims/python
-- Using Debian Python package layout
-- Using empy: /usr/bin/empy
-- Using CATKIN_ENABLE_TESTING: ON
-- Call enable_testing()
-- Using CATKIN_TEST_RESULTS_DIR: /home/daisuke/Autoware/ros/build/kitti_launch/test_results
-- Found gmock sources under '/usr/src/gmock': gmock will be built
-- Found gtest sources under '/usr/src/gmock': gtests will be built
-- Using Python nosetests: /usr/bin/nosetests-2.7
-- catkin 0.7.14
-- Configuring done
-- Generating done
-- Build files have been written to: /home/daisuke/Autoware/ros/build/kitti_launch
Built target tests
[36mInstall the project...[0m
-- Install configuration: "Release"
-- Installing: /home/daisuke/Autoware/ros/install/kitti_launch/lib/pkgconfig/kitti_launch.pc
-- Up-to-date: /home/daisuke/Autoware/ros/install/kitti_launch/share/kitti_launch/cmake/kitti_launchConfig.cmake
-- Up-to-date: /home/daisuke/Autoware/ros/install/kitti_launch/share/kitti_launch/cmake/kitti_launchConfig-version.cmake
-- Up-to-date: /home/daisuke/Autoware/ros/install/kitti_launch/share/kitti_launch/package.xml
-- Up-to-date: /home/daisuke/Autoware/ros/install/kitti_launch/share/kitti_launch/launch/launch
-- Up-to-date: /home/daisuke/Autoware/ros/install/kitti_launch/share/kitti_launch/launch/launch/xml
-- Up-to-date: /home/daisuke/Autoware/ros/install/kitti_launch/share/kitti_launch/launch/launch/xml/camera_lidar.xml
-- Up-to-date: /home/daisuke/Autoware/ros/install/kitti_launch/share/kitti_launch/launch/launch/xml/points_raw.xml
-- Up-to-date: /home/daisuke/Autoware/ros/install/kitti_launch/share/kitti_launch/launch/launch/kittiplayer.launch
-- Up-to-date: /home/daisuke/Autoware/ros/install/kitti_launch/share/kitti_launch/launch/xml/xml
-- Up-to-date: /home/daisuke/Autoware/ros/install/kitti_launch/share/kitti_launch/launch/xml/xml/camera_lidar.xml
-- Up-to-date: /home/daisuke/Autoware/ros/install/kitti_launch/share/kitti_launch/launch/xml/xml/points_raw.xml
-- Up-to-date: /home/daisuke/Autoware/ros/install/kitti_launch/share/kitti_launch/calib/calib
-- Up-to-date: /home/daisuke/Autoware/ros/install/kitti_launch/share/kitti_launch/calib/calib/kitti_cam02_sync.yml
-- Up-to-date: /home/daisuke/Autoware/ros/install/kitti_launch/share/kitti_launch/calib/calib/kitti_cam02_sync_kitti_conv.yml
