Invoking command in '/home/daisuke/Autoware/ros/build/kitti_launch': CMAKE_PREFIX_PATH=/home/daisuke/Autoware/ros/install/kitti_player:/home/daisuke/Autoware/ros/install/kitti_box_publisher:/home/daisuke/Autoware/ros/install/autoware_msgs:${CMAKE_PREFIX_PATH} PKG_CONFIG_PATH=/home/daisuke/Autoware/ros/install/kitti_player/lib/pkgconfig:/home/daisuke/Autoware/ros/install/kitti_box_publisher/lib/pkgconfig:/home/daisuke/Autoware/ros/install/autoware_msgs/lib/pkgconfig:${PKG_CONFIG_PATH} PYTHONPATH=/home/daisuke/Autoware/ros/install/kitti_player/lib/python2.7/dist-packages:/home/daisuke/Autoware/ros/install/autoware_msgs/lib/python2.7/dist-packages:${PYTHONPATH} ROS_PACKAGE_PATH=/home/daisuke/Autoware/ros/install/kitti_player/share:/home/daisuke/Autoware/ros/install/kitti_box_publisher/share:/home/daisuke/Autoware/ros/install/autoware_msgs/share:${ROS_PACKAGE_PATH} /usr/bin/cmake /home/daisuke/Autoware/ros/src/util/packages/kitti_pkg/kitti_launch -DCATKIN_INSTALL_INTO_PREFIX_ROOT=0 -DCMAKE_INSTALL_PREFIX=/home/daisuke/Autoware/ros/install/kitti_launch
-- Using CATKIN_DEVEL_PREFIX: /home/daisuke/Autoware/ros/build/kitti_launch/devel
-- Using CMAKE_PREFIX_PATH: /home/daisuke/Autoware/ros/install/kitti_player;/home/daisuke/Autoware/ros/install/kitti_box_publisher;/home/daisuke/Autoware/ros/install/autoware_msgs;/home/daisuke/Autoware/ros/devel;/opt/ros/kinetic
-- This workspace overlays: /home/daisuke/Autoware/ros/install/kitti_player;/home/daisuke/Autoware/ros/install/kitti_box_publisher;/home/daisuke/Autoware/ros/install/autoware_msgs;/opt/ros/kinetic
-- Using PYTHON_EXECUTABLE: /home/daisuke/pyenv/shims/python
-- Using Debian Python package layout
-- Using empy: /usr/bin/empy
-- Using CATKIN_ENABLE_TESTING: ON
-- Call enable_testing()
-- Using CATKIN_TEST_RESULTS_DIR: /home/daisuke/Autoware/ros/build/kitti_launch/test_results
-- Found gmock sources under '/usr/src/gmock': gmock will be built
-- Found gtest sources under '/usr/src/gmock': gtests will be built
-- Using Python nosetests: /usr/bin/nosetests-2.7
-- catkin 0.7.14
-- Configuring done
-- Generating done
-- Build files have been written to: /home/daisuke/Autoware/ros/build/kitti_launch
Invoked command in '/home/daisuke/Autoware/ros/build/kitti_launch' returned '0': CMAKE_PREFIX_PATH=/home/daisuke/Autoware/ros/install/kitti_player:/home/daisuke/Autoware/ros/install/kitti_box_publisher:/home/daisuke/Autoware/ros/install/autoware_msgs:${CMAKE_PREFIX_PATH} PKG_CONFIG_PATH=/home/daisuke/Autoware/ros/install/kitti_player/lib/pkgconfig:/home/daisuke/Autoware/ros/install/kitti_box_publisher/lib/pkgconfig:/home/daisuke/Autoware/ros/install/autoware_msgs/lib/pkgconfig:${PKG_CONFIG_PATH} PYTHONPATH=/home/daisuke/Autoware/ros/install/kitti_player/lib/python2.7/dist-packages:/home/daisuke/Autoware/ros/install/autoware_msgs/lib/python2.7/dist-packages:${PYTHONPATH} ROS_PACKAGE_PATH=/home/daisuke/Autoware/ros/install/kitti_player/share:/home/daisuke/Autoware/ros/install/kitti_box_publisher/share:/home/daisuke/Autoware/ros/install/autoware_msgs/share:${ROS_PACKAGE_PATH} /usr/bin/cmake /home/daisuke/Autoware/ros/src/util/packages/kitti_pkg/kitti_launch -DCATKIN_INSTALL_INTO_PREFIX_ROOT=0 -DCMAKE_INSTALL_PREFIX=/home/daisuke/Autoware/ros/install/kitti_launch
Invoking command in '/home/daisuke/Autoware/ros/build/kitti_launch': CMAKE_PREFIX_PATH=/home/daisuke/Autoware/ros/install/kitti_player:/home/daisuke/Autoware/ros/install/kitti_box_publisher:/home/daisuke/Autoware/ros/install/autoware_msgs:${CMAKE_PREFIX_PATH} PKG_CONFIG_PATH=/home/daisuke/Autoware/ros/install/kitti_player/lib/pkgconfig:/home/daisuke/Autoware/ros/install/kitti_box_publisher/lib/pkgconfig:/home/daisuke/Autoware/ros/install/autoware_msgs/lib/pkgconfig:${PKG_CONFIG_PATH} PYTHONPATH=/home/daisuke/Autoware/ros/install/kitti_player/lib/python2.7/dist-packages:/home/daisuke/Autoware/ros/install/autoware_msgs/lib/python2.7/dist-packages:${PYTHONPATH} ROS_PACKAGE_PATH=/home/daisuke/Autoware/ros/install/kitti_player/share:/home/daisuke/Autoware/ros/install/kitti_box_publisher/share:/home/daisuke/Autoware/ros/install/autoware_msgs/share:${ROS_PACKAGE_PATH} /usr/bin/cmake --build /home/daisuke/Autoware/ros/build/kitti_launch -- -j8 -l8
Invoked command in '/home/daisuke/Autoware/ros/build/kitti_launch' returned '0': CMAKE_PREFIX_PATH=/home/daisuke/Autoware/ros/install/kitti_player:/home/daisuke/Autoware/ros/install/kitti_box_publisher:/home/daisuke/Autoware/ros/install/autoware_msgs:${CMAKE_PREFIX_PATH} PKG_CONFIG_PATH=/home/daisuke/Autoware/ros/install/kitti_player/lib/pkgconfig:/home/daisuke/Autoware/ros/install/kitti_box_publisher/lib/pkgconfig:/home/daisuke/Autoware/ros/install/autoware_msgs/lib/pkgconfig:${PKG_CONFIG_PATH} PYTHONPATH=/home/daisuke/Autoware/ros/install/kitti_player/lib/python2.7/dist-packages:/home/daisuke/Autoware/ros/install/autoware_msgs/lib/python2.7/dist-packages:${PYTHONPATH} ROS_PACKAGE_PATH=/home/daisuke/Autoware/ros/install/kitti_player/share:/home/daisuke/Autoware/ros/install/kitti_box_publisher/share:/home/daisuke/Autoware/ros/install/autoware_msgs/share:${ROS_PACKAGE_PATH} /usr/bin/cmake --build /home/daisuke/Autoware/ros/build/kitti_launch -- -j8 -l8
Invoking command in '/home/daisuke/Autoware/ros/build/kitti_launch': CMAKE_PREFIX_PATH=/home/daisuke/Autoware/ros/install/kitti_player:/home/daisuke/Autoware/ros/install/kitti_box_publisher:/home/daisuke/Autoware/ros/install/autoware_msgs:${CMAKE_PREFIX_PATH} PKG_CONFIG_PATH=/home/daisuke/Autoware/ros/install/kitti_player/lib/pkgconfig:/home/daisuke/Autoware/ros/install/kitti_box_publisher/lib/pkgconfig:/home/daisuke/Autoware/ros/install/autoware_msgs/lib/pkgconfig:${PKG_CONFIG_PATH} PYTHONPATH=/home/daisuke/Autoware/ros/install/kitti_player/lib/python2.7/dist-packages:/home/daisuke/Autoware/ros/install/autoware_msgs/lib/python2.7/dist-packages:${PYTHONPATH} ROS_PACKAGE_PATH=/home/daisuke/Autoware/ros/install/kitti_player/share:/home/daisuke/Autoware/ros/install/kitti_box_publisher/share:/home/daisuke/Autoware/ros/install/autoware_msgs/share:${ROS_PACKAGE_PATH} /usr/bin/cmake --build /home/daisuke/Autoware/ros/build/kitti_launch --target tests -- -j8 -l8
Built target tests
Invoked command in '/home/daisuke/Autoware/ros/build/kitti_launch' returned '0': CMAKE_PREFIX_PATH=/home/daisuke/Autoware/ros/install/kitti_player:/home/daisuke/Autoware/ros/install/kitti_box_publisher:/home/daisuke/Autoware/ros/install/autoware_msgs:${CMAKE_PREFIX_PATH} PKG_CONFIG_PATH=/home/daisuke/Autoware/ros/install/kitti_player/lib/pkgconfig:/home/daisuke/Autoware/ros/install/kitti_box_publisher/lib/pkgconfig:/home/daisuke/Autoware/ros/install/autoware_msgs/lib/pkgconfig:${PKG_CONFIG_PATH} PYTHONPATH=/home/daisuke/Autoware/ros/install/kitti_player/lib/python2.7/dist-packages:/home/daisuke/Autoware/ros/install/autoware_msgs/lib/python2.7/dist-packages:${PYTHONPATH} ROS_PACKAGE_PATH=/home/daisuke/Autoware/ros/install/kitti_player/share:/home/daisuke/Autoware/ros/install/kitti_box_publisher/share:/home/daisuke/Autoware/ros/install/autoware_msgs/share:${ROS_PACKAGE_PATH} /usr/bin/cmake --build /home/daisuke/Autoware/ros/build/kitti_launch --target tests -- -j8 -l8
Invoking command in '/home/daisuke/Autoware/ros/build/kitti_launch': CMAKE_PREFIX_PATH=/home/daisuke/Autoware/ros/install/kitti_player:/home/daisuke/Autoware/ros/install/kitti_box_publisher:/home/daisuke/Autoware/ros/install/autoware_msgs:${CMAKE_PREFIX_PATH} PKG_CONFIG_PATH=/home/daisuke/Autoware/ros/install/kitti_player/lib/pkgconfig:/home/daisuke/Autoware/ros/install/kitti_box_publisher/lib/pkgconfig:/home/daisuke/Autoware/ros/install/autoware_msgs/lib/pkgconfig:${PKG_CONFIG_PATH} PYTHONPATH=/home/daisuke/Autoware/ros/install/kitti_player/lib/python2.7/dist-packages:/home/daisuke/Autoware/ros/install/autoware_msgs/lib/python2.7/dist-packages:${PYTHONPATH} ROS_PACKAGE_PATH=/home/daisuke/Autoware/ros/install/kitti_player/share:/home/daisuke/Autoware/ros/install/kitti_box_publisher/share:/home/daisuke/Autoware/ros/install/autoware_msgs/share:${ROS_PACKAGE_PATH} /usr/bin/cmake --build /home/daisuke/Autoware/ros/build/kitti_launch --target install
[36mInstall the project...[0m
-- Install configuration: "Release"
-- Installing: /home/daisuke/Autoware/ros/install/kitti_launch/lib/pkgconfig/kitti_launch.pc
-- Up-to-date: /home/daisuke/Autoware/ros/install/kitti_launch/share/kitti_launch/cmake/kitti_launchConfig.cmake
-- Up-to-date: /home/daisuke/Autoware/ros/install/kitti_launch/share/kitti_launch/cmake/kitti_launchConfig-version.cmake
-- Up-to-date: /home/daisuke/Autoware/ros/install/kitti_launch/share/kitti_launch/package.xml
-- Up-to-date: /home/daisuke/Autoware/ros/install/kitti_launch/share/kitti_launch/launch/launch
-- Up-to-date: /home/daisuke/Autoware/ros/install/kitti_launch/share/kitti_launch/launch/launch/xml
-- Up-to-date: /home/daisuke/Autoware/ros/install/kitti_launch/share/kitti_launch/launch/launch/xml/camera_lidar.xml
-- Up-to-date: /home/daisuke/Autoware/ros/install/kitti_launch/share/kitti_launch/launch/launch/xml/points_raw.xml
-- Up-to-date: /home/daisuke/Autoware/ros/install/kitti_launch/share/kitti_launch/launch/launch/kittiplayer.launch
-- Up-to-date: /home/daisuke/Autoware/ros/install/kitti_launch/share/kitti_launch/launch/xml/xml
-- Up-to-date: /home/daisuke/Autoware/ros/install/kitti_launch/share/kitti_launch/launch/xml/xml/camera_lidar.xml
-- Up-to-date: /home/daisuke/Autoware/ros/install/kitti_launch/share/kitti_launch/launch/xml/xml/points_raw.xml
-- Up-to-date: /home/daisuke/Autoware/ros/install/kitti_launch/share/kitti_launch/calib/calib
-- Up-to-date: /home/daisuke/Autoware/ros/install/kitti_launch/share/kitti_launch/calib/calib/kitti_cam02_sync.yml
-- Up-to-date: /home/daisuke/Autoware/ros/install/kitti_launch/share/kitti_launch/calib/calib/kitti_cam02_sync_kitti_conv.yml
Invoked command in '/home/daisuke/Autoware/ros/build/kitti_launch' returned '0': CMAKE_PREFIX_PATH=/home/daisuke/Autoware/ros/install/kitti_player:/home/daisuke/Autoware/ros/install/kitti_box_publisher:/home/daisuke/Autoware/ros/install/autoware_msgs:${CMAKE_PREFIX_PATH} PKG_CONFIG_PATH=/home/daisuke/Autoware/ros/install/kitti_player/lib/pkgconfig:/home/daisuke/Autoware/ros/install/kitti_box_publisher/lib/pkgconfig:/home/daisuke/Autoware/ros/install/autoware_msgs/lib/pkgconfig:${PKG_CONFIG_PATH} PYTHONPATH=/home/daisuke/Autoware/ros/install/kitti_player/lib/python2.7/dist-packages:/home/daisuke/Autoware/ros/install/autoware_msgs/lib/python2.7/dist-packages:${PYTHONPATH} ROS_PACKAGE_PATH=/home/daisuke/Autoware/ros/install/kitti_player/share:/home/daisuke/Autoware/ros/install/kitti_box_publisher/share:/home/daisuke/Autoware/ros/install/autoware_msgs/share:${ROS_PACKAGE_PATH} /usr/bin/cmake --build /home/daisuke/Autoware/ros/build/kitti_launch --target install
