-- Using CATKIN_DEVEL_PREFIX: /home/daisuke/Autoware/ros/build/autoware_launcher_rviz/devel
-- Using CMAKE_PREFIX_PATH: /home/daisuke/Autoware/ros/install/autoware_build_flags;/home/daisuke/Autoware/ros/devel;/opt/ros/kinetic
-- This workspace overlays: /home/daisuke/Autoware/ros/install/autoware_build_flags;/opt/ros/kinetic
-- Using PYTHON_EXECUTABLE: /home/daisuke/pyenv/shims/python
-- Using Debian Python package layout
-- Using empy: /usr/bin/empy
-- Using CATKIN_ENABLE_TESTING: ON
-- Call enable_testing()
-- Using CATKIN_TEST_RESULTS_DIR: /home/daisuke/Autoware/ros/build/autoware_launcher_rviz/test_results
-- Found gmock sources under '/usr/src/gmock': gmock will be built
-- Found gtest sources under '/usr/src/gmock': gtests will be built
-- Using Python nosetests: /usr/bin/nosetests-2.7
-- catkin 0.7.14
-- Using these message generators: gencpp;geneus;genlisp;gennodejs;genpy
-- Configuring done
-- Generating done
-- Build files have been written to: /home/daisuke/Autoware/ros/build/autoware_launcher_rviz
[100%] Built target autoware_launcher_rviz
Built target tests
[100%] Built target autoware_launcher_rviz
[36mInstall the project...[0m
-- Install configuration: "Release"
-- Installing: /home/daisuke/Autoware/ros/install/autoware_launcher_rviz/lib/pkgconfig/autoware_launcher_rviz.pc
-- Up-to-date: /home/daisuke/Autoware/ros/install/autoware_launcher_rviz/share/autoware_launcher_rviz/cmake/autoware_launcher_rvizConfig.cmake
-- Up-to-date: /home/daisuke/Autoware/ros/install/autoware_launcher_rviz/share/autoware_launcher_rviz/cmake/autoware_launcher_rvizConfig-version.cmake
-- Up-to-date: /home/daisuke/Autoware/ros/install/autoware_launcher_rviz/share/autoware_launcher_rviz/package.xml
-- Up-to-date: /home/daisuke/Autoware/ros/install/autoware_launcher_rviz/lib/libautoware_launcher_rviz.so
-- Up-to-date: /home/daisuke/Autoware/ros/install/autoware_launcher_rviz/lib/libautoware_launcher_rviz.so
-- Up-to-date: /home/daisuke/Autoware/ros/install/autoware_launcher_rviz/share/autoware_launcher_rviz/icons/icons
-- Up-to-date: /home/daisuke/Autoware/ros/install/autoware_launcher_rviz/share/autoware_launcher_rviz/icons/icons/classes
-- Up-to-date: /home/daisuke/Autoware/ros/install/autoware_launcher_rviz/share/autoware_launcher_rviz/icons/icons/classes/ModulePanel.png
