Invoking command in '/home/daisuke/Autoware/ros/build/dbw_mkz_msgs': /usr/bin/cmake /home/daisuke/Autoware/ros/src/msgs/dbw_mkz_msgs -DCATKIN_INSTALL_INTO_PREFIX_ROOT=0 -DCMAKE_INSTALL_PREFIX=/home/daisuke/Autoware/ros/install/dbw_mkz_msgs
-- Using CATKIN_DEVEL_PREFIX: /home/daisuke/Autoware/ros/build/dbw_mkz_msgs/devel
-- Using CMAKE_PREFIX_PATH: /home/daisuke/Autoware/ros/devel;/opt/ros/kinetic
-- This workspace overlays: /opt/ros/kinetic
-- Using PYTHON_EXECUTABLE: /home/daisuke/pyenv/shims/python
-- Using Debian Python package layout
-- Using empy: /usr/bin/empy
-- Using CATKIN_ENABLE_TESTING: ON
-- Call enable_testing()
-- Using CATKIN_TEST_RESULTS_DIR: /home/daisuke/Autoware/ros/build/dbw_mkz_msgs/test_results
-- Found gmock sources under '/usr/src/gmock': gmock will be built
-- Found gtest sources under '/usr/src/gmock': gtests will be built
-- Using Python nosetests: /usr/bin/nosetests-2.7
-- catkin 0.7.14
-- Using these message generators: gencpp;geneus;genlisp;gennodejs;genpy
-- dbw_mkz_msgs: 26 messages, 0 services
-- Configuring done
-- Generating done
-- Build files have been written to: /home/daisuke/Autoware/ros/build/dbw_mkz_msgs
Invoked command in '/home/daisuke/Autoware/ros/build/dbw_mkz_msgs' returned '0': /usr/bin/cmake /home/daisuke/Autoware/ros/src/msgs/dbw_mkz_msgs -DCATKIN_INSTALL_INTO_PREFIX_ROOT=0 -DCMAKE_INSTALL_PREFIX=/home/daisuke/Autoware/ros/install/dbw_mkz_msgs
Invoking command in '/home/daisuke/Autoware/ros/build/dbw_mkz_msgs': /usr/bin/cmake --build /home/daisuke/Autoware/ros/build/dbw_mkz_msgs -- -j8 -l8
[  0%] Built target _dbw_mkz_msgs_generate_messages_check_deps_TwistCmd
[  0%] Built target _dbw_mkz_msgs_generate_messages_check_deps_BrakeInfoReport
[  0%] Built target geometry_msgs_generate_messages_eus
[  0%] Built target _dbw_mkz_msgs_generate_messages_check_deps_BrakeCmd
[  0%] Built target _dbw_mkz_msgs_generate_messages_check_deps_WheelPositionReport
[  0%] Built target _dbw_mkz_msgs_generate_messages_check_deps_TurnSignal
[  0%] Built target _dbw_mkz_msgs_generate_messages_check_deps_GearReject
[  0%] Built target _dbw_mkz_msgs_generate_messages_check_deps_ThrottleCmd
[  0%] Built target _dbw_mkz_msgs_generate_messages_check_deps_HillStartAssist
[  0%] Built target _dbw_mkz_msgs_generate_messages_check_deps_SurroundReport
[  0%] Built target _dbw_mkz_msgs_generate_messages_check_deps_Misc1Report
[  0%] Built target _dbw_mkz_msgs_generate_messages_check_deps_Gear
[  0%] Built target _dbw_mkz_msgs_generate_messages_check_deps_ThrottleInfoReport
[  0%] Built target _dbw_mkz_msgs_generate_messages_check_deps_WatchdogCounter
[  0%] Built target _dbw_mkz_msgs_generate_messages_check_deps_Wiper
[  0%] Built target _dbw_mkz_msgs_generate_messages_check_deps_GearCmd
[  0%] Built target _dbw_mkz_msgs_generate_messages_check_deps_GearReport
[  0%] Built target _dbw_mkz_msgs_generate_messages_check_deps_AmbientLight
[  0%] Built target _dbw_mkz_msgs_generate_messages_check_deps_TurnSignalCmd
[  0%] Built target _dbw_mkz_msgs_generate_messages_check_deps_WheelSpeedReport
[  0%] Built target _dbw_mkz_msgs_generate_messages_check_deps_FuelLevelReport
[  0%] Built target _dbw_mkz_msgs_generate_messages_check_deps_ThrottleReport
[  0%] Built target _dbw_mkz_msgs_generate_messages_check_deps_SteeringCmd
[  0%] Built target std_msgs_generate_messages_py
[  0%] Built target geometry_msgs_generate_messages_py
[  0%] Built target geometry_msgs_generate_messages_nodejs
[  0%] Built target std_msgs_generate_messages_nodejs
[  0%] Built target geometry_msgs_generate_messages_lisp
[  0%] Built target std_msgs_generate_messages_lisp
[  0%] Built target std_msgs_generate_messages_cpp
[  0%] Built target geometry_msgs_generate_messages_cpp
[  0%] Built target _dbw_mkz_msgs_generate_messages_check_deps_ParkingBrake
[  0%] Built target _dbw_mkz_msgs_generate_messages_check_deps_BrakeReport
[  0%] Built target std_msgs_generate_messages_eus
[  0%] Built target _dbw_mkz_msgs_generate_messages_check_deps_SteeringReport
[  0%] Built target _dbw_mkz_msgs_generate_messages_check_deps_TirePressureReport
[ 20%] Built target dbw_mkz_msgs_generate_messages_eus
[ 40%] Built target dbw_mkz_msgs_generate_messages_cpp
[ 59%] Built target dbw_mkz_msgs_generate_messages_lisp
[ 79%] Built target dbw_mkz_msgs_generate_messages_nodejs
[100%] Built target dbw_mkz_msgs_generate_messages_py
[100%] Built target dbw_mkz_msgs_generate_messages
Invoked command in '/home/daisuke/Autoware/ros/build/dbw_mkz_msgs' returned '0': /usr/bin/cmake --build /home/daisuke/Autoware/ros/build/dbw_mkz_msgs -- -j8 -l8
Invoking command in '/home/daisuke/Autoware/ros/build/dbw_mkz_msgs': /usr/bin/cmake --build /home/daisuke/Autoware/ros/build/dbw_mkz_msgs --target tests -- -j8 -l8
Built target tests
Invoked command in '/home/daisuke/Autoware/ros/build/dbw_mkz_msgs' returned '0': /usr/bin/cmake --build /home/daisuke/Autoware/ros/build/dbw_mkz_msgs --target tests -- -j8 -l8
Invoking command in '/home/daisuke/Autoware/ros/build/dbw_mkz_msgs': /usr/bin/cmake --build /home/daisuke/Autoware/ros/build/dbw_mkz_msgs --target install
[  0%] Built target _dbw_mkz_msgs_generate_messages_check_deps_TwistCmd
[  0%] Built target _dbw_mkz_msgs_generate_messages_check_deps_TirePressureReport
[  0%] Built target std_msgs_generate_messages_eus
[  0%] Built target _dbw_mkz_msgs_generate_messages_check_deps_SteeringReport
[  0%] Built target _dbw_mkz_msgs_generate_messages_check_deps_ParkingBrake
[  0%] Built target _dbw_mkz_msgs_generate_messages_check_deps_BrakeReport
[  0%] Built target _dbw_mkz_msgs_generate_messages_check_deps_Gear
[  0%] Built target _dbw_mkz_msgs_generate_messages_check_deps_BrakeInfoReport
[  0%] Built target geometry_msgs_generate_messages_eus
[  0%] Built target _dbw_mkz_msgs_generate_messages_check_deps_BrakeCmd
[  0%] Built target _dbw_mkz_msgs_generate_messages_check_deps_WheelPositionReport
[  0%] Built target _dbw_mkz_msgs_generate_messages_check_deps_TurnSignal
[  0%] Built target _dbw_mkz_msgs_generate_messages_check_deps_GearReject
[  0%] Built target _dbw_mkz_msgs_generate_messages_check_deps_ThrottleCmd
[  0%] Built target _dbw_mkz_msgs_generate_messages_check_deps_HillStartAssist
[  0%] Built target _dbw_mkz_msgs_generate_messages_check_deps_SurroundReport
[  0%] Built target _dbw_mkz_msgs_generate_messages_check_deps_Misc1Report
[  0%] Built target _dbw_mkz_msgs_generate_messages_check_deps_ThrottleInfoReport
[  0%] Built target _dbw_mkz_msgs_generate_messages_check_deps_WatchdogCounter
[  0%] Built target _dbw_mkz_msgs_generate_messages_check_deps_Wiper
[  0%] Built target _dbw_mkz_msgs_generate_messages_check_deps_GearCmd
[  0%] Built target _dbw_mkz_msgs_generate_messages_check_deps_GearReport
[  0%] Built target _dbw_mkz_msgs_generate_messages_check_deps_AmbientLight
[  0%] Built target _dbw_mkz_msgs_generate_messages_check_deps_TurnSignalCmd
[  0%] Built target _dbw_mkz_msgs_generate_messages_check_deps_WheelSpeedReport
[  0%] Built target _dbw_mkz_msgs_generate_messages_check_deps_FuelLevelReport
[  0%] Built target _dbw_mkz_msgs_generate_messages_check_deps_ThrottleReport
[  0%] Built target _dbw_mkz_msgs_generate_messages_check_deps_SteeringCmd
[ 20%] Built target dbw_mkz_msgs_generate_messages_eus
[ 20%] Built target std_msgs_generate_messages_py
[ 20%] Built target geometry_msgs_generate_messages_py
[ 41%] Built target dbw_mkz_msgs_generate_messages_py
[ 41%] Built target geometry_msgs_generate_messages_nodejs
[ 41%] Built target std_msgs_generate_messages_nodejs
[ 60%] Built target dbw_mkz_msgs_generate_messages_nodejs
[ 60%] Built target geometry_msgs_generate_messages_lisp
[ 60%] Built target std_msgs_generate_messages_lisp
[ 80%] Built target dbw_mkz_msgs_generate_messages_lisp
[ 80%] Built target std_msgs_generate_messages_cpp
[ 80%] Built target geometry_msgs_generate_messages_cpp
[100%] Built target dbw_mkz_msgs_generate_messages_cpp
[100%] Built target dbw_mkz_msgs_generate_messages
[36mInstall the project...[0m
-- Install configuration: "Release"
-- Up-to-date: /home/daisuke/Autoware/ros/install/dbw_mkz_msgs/share/dbw_mkz_msgs/msg/AmbientLight.msg
-- Up-to-date: /home/daisuke/Autoware/ros/install/dbw_mkz_msgs/share/dbw_mkz_msgs/msg/BrakeCmd.msg
-- Up-to-date: /home/daisuke/Autoware/ros/install/dbw_mkz_msgs/share/dbw_mkz_msgs/msg/BrakeInfoReport.msg
-- Up-to-date: /home/daisuke/Autoware/ros/install/dbw_mkz_msgs/share/dbw_mkz_msgs/msg/BrakeReport.msg
-- Up-to-date: /home/daisuke/Autoware/ros/install/dbw_mkz_msgs/share/dbw_mkz_msgs/msg/FuelLevelReport.msg
-- Up-to-date: /home/daisuke/Autoware/ros/install/dbw_mkz_msgs/share/dbw_mkz_msgs/msg/Gear.msg
-- Up-to-date: /home/daisuke/Autoware/ros/install/dbw_mkz_msgs/share/dbw_mkz_msgs/msg/GearCmd.msg
-- Up-to-date: /home/daisuke/Autoware/ros/install/dbw_mkz_msgs/share/dbw_mkz_msgs/msg/GearReject.msg
-- Up-to-date: /home/daisuke/Autoware/ros/install/dbw_mkz_msgs/share/dbw_mkz_msgs/msg/GearReport.msg
-- Up-to-date: /home/daisuke/Autoware/ros/install/dbw_mkz_msgs/share/dbw_mkz_msgs/msg/HillStartAssist.msg
-- Up-to-date: /home/daisuke/Autoware/ros/install/dbw_mkz_msgs/share/dbw_mkz_msgs/msg/Misc1Report.msg
-- Up-to-date: /home/daisuke/Autoware/ros/install/dbw_mkz_msgs/share/dbw_mkz_msgs/msg/ParkingBrake.msg
-- Up-to-date: /home/daisuke/Autoware/ros/install/dbw_mkz_msgs/share/dbw_mkz_msgs/msg/SteeringCmd.msg
-- Up-to-date: /home/daisuke/Autoware/ros/install/dbw_mkz_msgs/share/dbw_mkz_msgs/msg/SteeringReport.msg
-- Up-to-date: /home/daisuke/Autoware/ros/install/dbw_mkz_msgs/share/dbw_mkz_msgs/msg/SurroundReport.msg
-- Up-to-date: /home/daisuke/Autoware/ros/install/dbw_mkz_msgs/share/dbw_mkz_msgs/msg/ThrottleCmd.msg
-- Up-to-date: /home/daisuke/Autoware/ros/install/dbw_mkz_msgs/share/dbw_mkz_msgs/msg/ThrottleInfoReport.msg
-- Up-to-date: /home/daisuke/Autoware/ros/install/dbw_mkz_msgs/share/dbw_mkz_msgs/msg/ThrottleReport.msg
-- Up-to-date: /home/daisuke/Autoware/ros/install/dbw_mkz_msgs/share/dbw_mkz_msgs/msg/TirePressureReport.msg
-- Up-to-date: /home/daisuke/Autoware/ros/install/dbw_mkz_msgs/share/dbw_mkz_msgs/msg/TurnSignal.msg
-- Up-to-date: /home/daisuke/Autoware/ros/install/dbw_mkz_msgs/share/dbw_mkz_msgs/msg/TurnSignalCmd.msg
-- Up-to-date: /home/daisuke/Autoware/ros/install/dbw_mkz_msgs/share/dbw_mkz_msgs/msg/TwistCmd.msg
-- Up-to-date: /home/daisuke/Autoware/ros/install/dbw_mkz_msgs/share/dbw_mkz_msgs/msg/WatchdogCounter.msg
-- Up-to-date: /home/daisuke/Autoware/ros/install/dbw_mkz_msgs/share/dbw_mkz_msgs/msg/WheelPositionReport.msg
-- Up-to-date: /home/daisuke/Autoware/ros/install/dbw_mkz_msgs/share/dbw_mkz_msgs/msg/WheelSpeedReport.msg
-- Up-to-date: /home/daisuke/Autoware/ros/install/dbw_mkz_msgs/share/dbw_mkz_msgs/msg/Wiper.msg
-- Up-to-date: /home/daisuke/Autoware/ros/install/dbw_mkz_msgs/share/dbw_mkz_msgs/cmake/dbw_mkz_msgs-msg-paths.cmake
-- Up-to-date: /home/daisuke/Autoware/ros/install/dbw_mkz_msgs/include/dbw_mkz_msgs
-- Up-to-date: /home/daisuke/Autoware/ros/install/dbw_mkz_msgs/include/dbw_mkz_msgs/GearReject.h
-- Up-to-date: /home/daisuke/Autoware/ros/install/dbw_mkz_msgs/include/dbw_mkz_msgs/FuelLevelReport.h
-- Up-to-date: /home/daisuke/Autoware/ros/install/dbw_mkz_msgs/include/dbw_mkz_msgs/GearCmd.h
-- Up-to-date: /home/daisuke/Autoware/ros/install/dbw_mkz_msgs/include/dbw_mkz_msgs/ThrottleCmd.h
-- Up-to-date: /home/daisuke/Autoware/ros/install/dbw_mkz_msgs/include/dbw_mkz_msgs/SteeringReport.h
-- Up-to-date: /home/daisuke/Autoware/ros/install/dbw_mkz_msgs/include/dbw_mkz_msgs/WheelPositionReport.h
-- Up-to-date: /home/daisuke/Autoware/ros/install/dbw_mkz_msgs/include/dbw_mkz_msgs/Wiper.h
-- Up-to-date: /home/daisuke/Autoware/ros/install/dbw_mkz_msgs/include/dbw_mkz_msgs/BrakeCmd.h
-- Up-to-date: /home/daisuke/Autoware/ros/install/dbw_mkz_msgs/include/dbw_mkz_msgs/BrakeInfoReport.h
-- Up-to-date: /home/daisuke/Autoware/ros/install/dbw_mkz_msgs/include/dbw_mkz_msgs/TurnSignalCmd.h
-- Up-to-date: /home/daisuke/Autoware/ros/install/dbw_mkz_msgs/include/dbw_mkz_msgs/SurroundReport.h
-- Up-to-date: /home/daisuke/Autoware/ros/install/dbw_mkz_msgs/include/dbw_mkz_msgs/TurnSignal.h
-- Up-to-date: /home/daisuke/Autoware/ros/install/dbw_mkz_msgs/include/dbw_mkz_msgs/HillStartAssist.h
-- Up-to-date: /home/daisuke/Autoware/ros/install/dbw_mkz_msgs/include/dbw_mkz_msgs/ThrottleReport.h
-- Up-to-date: /home/daisuke/Autoware/ros/install/dbw_mkz_msgs/include/dbw_mkz_msgs/BrakeReport.h
-- Up-to-date: /home/daisuke/Autoware/ros/install/dbw_mkz_msgs/include/dbw_mkz_msgs/WatchdogCounter.h
-- Up-to-date: /home/daisuke/Autoware/ros/install/dbw_mkz_msgs/include/dbw_mkz_msgs/ParkingBrake.h
-- Up-to-date: /home/daisuke/Autoware/ros/install/dbw_mkz_msgs/include/dbw_mkz_msgs/ThrottleInfoReport.h
-- Up-to-date: /home/daisuke/Autoware/ros/install/dbw_mkz_msgs/include/dbw_mkz_msgs/AmbientLight.h
-- Up-to-date: /home/daisuke/Autoware/ros/install/dbw_mkz_msgs/include/dbw_mkz_msgs/Gear.h
-- Up-to-date: /home/daisuke/Autoware/ros/install/dbw_mkz_msgs/include/dbw_mkz_msgs/TwistCmd.h
-- Up-to-date: /home/daisuke/Autoware/ros/install/dbw_mkz_msgs/include/dbw_mkz_msgs/GearReport.h
-- Up-to-date: /home/daisuke/Autoware/ros/install/dbw_mkz_msgs/include/dbw_mkz_msgs/Misc1Report.h
-- Up-to-date: /home/daisuke/Autoware/ros/install/dbw_mkz_msgs/include/dbw_mkz_msgs/SteeringCmd.h
-- Up-to-date: /home/daisuke/Autoware/ros/install/dbw_mkz_msgs/include/dbw_mkz_msgs/WheelSpeedReport.h
-- Up-to-date: /home/daisuke/Autoware/ros/install/dbw_mkz_msgs/include/dbw_mkz_msgs/TirePressureReport.h
-- Up-to-date: /home/daisuke/Autoware/ros/install/dbw_mkz_msgs/share/roseus/ros/dbw_mkz_msgs
-- Up-to-date: /home/daisuke/Autoware/ros/install/dbw_mkz_msgs/share/roseus/ros/dbw_mkz_msgs/manifest.l
-- Up-to-date: /home/daisuke/Autoware/ros/install/dbw_mkz_msgs/share/roseus/ros/dbw_mkz_msgs/msg
-- Up-to-date: /home/daisuke/Autoware/ros/install/dbw_mkz_msgs/share/roseus/ros/dbw_mkz_msgs/msg/GearCmd.l
-- Up-to-date: /home/daisuke/Autoware/ros/install/dbw_mkz_msgs/share/roseus/ros/dbw_mkz_msgs/msg/AmbientLight.l
-- Up-to-date: /home/daisuke/Autoware/ros/install/dbw_mkz_msgs/share/roseus/ros/dbw_mkz_msgs/msg/GearReject.l
-- Up-to-date: /home/daisuke/Autoware/ros/install/dbw_mkz_msgs/share/roseus/ros/dbw_mkz_msgs/msg/BrakeCmd.l
-- Up-to-date: /home/daisuke/Autoware/ros/install/dbw_mkz_msgs/share/roseus/ros/dbw_mkz_msgs/msg/FuelLevelReport.l
-- Up-to-date: /home/daisuke/Autoware/ros/install/dbw_mkz_msgs/share/roseus/ros/dbw_mkz_msgs/msg/SurroundReport.l
-- Up-to-date: /home/daisuke/Autoware/ros/install/dbw_mkz_msgs/share/roseus/ros/dbw_mkz_msgs/msg/TirePressureReport.l
-- Up-to-date: /home/daisuke/Autoware/ros/install/dbw_mkz_msgs/share/roseus/ros/dbw_mkz_msgs/msg/WatchdogCounter.l
-- Up-to-date: /home/daisuke/Autoware/ros/install/dbw_mkz_msgs/share/roseus/ros/dbw_mkz_msgs/msg/BrakeInfoReport.l
-- Up-to-date: /home/daisuke/Autoware/ros/install/dbw_mkz_msgs/share/roseus/ros/dbw_mkz_msgs/msg/TwistCmd.l
-- Up-to-date: /home/daisuke/Autoware/ros/install/dbw_mkz_msgs/share/roseus/ros/dbw_mkz_msgs/msg/ParkingBrake.l
-- Up-to-date: /home/daisuke/Autoware/ros/install/dbw_mkz_msgs/share/roseus/ros/dbw_mkz_msgs/msg/TurnSignalCmd.l
-- Up-to-date: /home/daisuke/Autoware/ros/install/dbw_mkz_msgs/share/roseus/ros/dbw_mkz_msgs/msg/WheelSpeedReport.l
-- Up-to-date: /home/daisuke/Autoware/ros/install/dbw_mkz_msgs/share/roseus/ros/dbw_mkz_msgs/msg/Misc1Report.l
-- Up-to-date: /home/daisuke/Autoware/ros/install/dbw_mkz_msgs/share/roseus/ros/dbw_mkz_msgs/msg/SteeringCmd.l
-- Up-to-date: /home/daisuke/Autoware/ros/install/dbw_mkz_msgs/share/roseus/ros/dbw_mkz_msgs/msg/TurnSignal.l
-- Up-to-date: /home/daisuke/Autoware/ros/install/dbw_mkz_msgs/share/roseus/ros/dbw_mkz_msgs/msg/Wiper.l
-- Up-to-date: /home/daisuke/Autoware/ros/install/dbw_mkz_msgs/share/roseus/ros/dbw_mkz_msgs/msg/HillStartAssist.l
-- Up-to-date: /home/daisuke/Autoware/ros/install/dbw_mkz_msgs/share/roseus/ros/dbw_mkz_msgs/msg/ThrottleInfoReport.l
-- Up-to-date: /home/daisuke/Autoware/ros/install/dbw_mkz_msgs/share/roseus/ros/dbw_mkz_msgs/msg/ThrottleCmd.l
-- Up-to-date: /home/daisuke/Autoware/ros/install/dbw_mkz_msgs/share/roseus/ros/dbw_mkz_msgs/msg/BrakeReport.l
-- Up-to-date: /home/daisuke/Autoware/ros/install/dbw_mkz_msgs/share/roseus/ros/dbw_mkz_msgs/msg/GearReport.l
-- Up-to-date: /home/daisuke/Autoware/ros/install/dbw_mkz_msgs/share/roseus/ros/dbw_mkz_msgs/msg/ThrottleReport.l
-- Up-to-date: /home/daisuke/Autoware/ros/install/dbw_mkz_msgs/share/roseus/ros/dbw_mkz_msgs/msg/Gear.l
-- Up-to-date: /home/daisuke/Autoware/ros/install/dbw_mkz_msgs/share/roseus/ros/dbw_mkz_msgs/msg/SteeringReport.l
-- Up-to-date: /home/daisuke/Autoware/ros/install/dbw_mkz_msgs/share/roseus/ros/dbw_mkz_msgs/msg/WheelPositionReport.l
-- Up-to-date: /home/daisuke/Autoware/ros/install/dbw_mkz_msgs/share/common-lisp/ros/dbw_mkz_msgs
-- Up-to-date: /home/daisuke/Autoware/ros/install/dbw_mkz_msgs/share/common-lisp/ros/dbw_mkz_msgs/msg
-- Up-to-date: /home/daisuke/Autoware/ros/install/dbw_mkz_msgs/share/common-lisp/ros/dbw_mkz_msgs/msg/_package_BrakeCmd.lisp
-- Up-to-date: /home/daisuke/Autoware/ros/install/dbw_mkz_msgs/share/common-lisp/ros/dbw_mkz_msgs/msg/SteeringReport.lisp
-- Up-to-date: /home/daisuke/Autoware/ros/install/dbw_mkz_msgs/share/common-lisp/ros/dbw_mkz_msgs/msg/_package_SteeringCmd.lisp
-- Up-to-date: /home/daisuke/Autoware/ros/install/dbw_mkz_msgs/share/common-lisp/ros/dbw_mkz_msgs/msg/Wiper.lisp
-- Up-to-date: /home/daisuke/Autoware/ros/install/dbw_mkz_msgs/share/common-lisp/ros/dbw_mkz_msgs/msg/_package_ThrottleInfoReport.lisp
-- Up-to-date: /home/daisuke/Autoware/ros/install/dbw_mkz_msgs/share/common-lisp/ros/dbw_mkz_msgs/msg/_package_Wiper.lisp
-- Up-to-date: /home/daisuke/Autoware/ros/install/dbw_mkz_msgs/share/common-lisp/ros/dbw_mkz_msgs/msg/_package_FuelLevelReport.lisp
-- Up-to-date: /home/daisuke/Autoware/ros/install/dbw_mkz_msgs/share/common-lisp/ros/dbw_mkz_msgs/msg/SteeringCmd.lisp
-- Up-to-date: /home/daisuke/Autoware/ros/install/dbw_mkz_msgs/share/common-lisp/ros/dbw_mkz_msgs/msg/_package_BrakeInfoReport.lisp
-- Up-to-date: /home/daisuke/Autoware/ros/install/dbw_mkz_msgs/share/common-lisp/ros/dbw_mkz_msgs/msg/FuelLevelReport.lisp
-- Up-to-date: /home/daisuke/Autoware/ros/install/dbw_mkz_msgs/share/common-lisp/ros/dbw_mkz_msgs/msg/Gear.lisp
-- Up-to-date: /home/daisuke/Autoware/ros/install/dbw_mkz_msgs/share/common-lisp/ros/dbw_mkz_msgs/msg/WheelSpeedReport.lisp
-- Up-to-date: /home/daisuke/Autoware/ros/install/dbw_mkz_msgs/share/common-lisp/ros/dbw_mkz_msgs/msg/WheelPositionReport.lisp
-- Up-to-date: /home/daisuke/Autoware/ros/install/dbw_mkz_msgs/share/common-lisp/ros/dbw_mkz_msgs/msg/BrakeReport.lisp
-- Up-to-date: /home/daisuke/Autoware/ros/install/dbw_mkz_msgs/share/common-lisp/ros/dbw_mkz_msgs/msg/ParkingBrake.lisp
-- Up-to-date: /home/daisuke/Autoware/ros/install/dbw_mkz_msgs/share/common-lisp/ros/dbw_mkz_msgs/msg/SurroundReport.lisp
-- Up-to-date: /home/daisuke/Autoware/ros/install/dbw_mkz_msgs/share/common-lisp/ros/dbw_mkz_msgs/msg/GearCmd.lisp
-- Up-to-date: /home/daisuke/Autoware/ros/install/dbw_mkz_msgs/share/common-lisp/ros/dbw_mkz_msgs/msg/WatchdogCounter.lisp
-- Up-to-date: /home/daisuke/Autoware/ros/install/dbw_mkz_msgs/share/common-lisp/ros/dbw_mkz_msgs/msg/BrakeInfoReport.lisp
-- Up-to-date: /home/daisuke/Autoware/ros/install/dbw_mkz_msgs/share/common-lisp/ros/dbw_mkz_msgs/msg/_package_WatchdogCounter.lisp
-- Up-to-date: /home/daisuke/Autoware/ros/install/dbw_mkz_msgs/share/common-lisp/ros/dbw_mkz_msgs/msg/HillStartAssist.lisp
-- Up-to-date: /home/daisuke/Autoware/ros/install/dbw_mkz_msgs/share/common-lisp/ros/dbw_mkz_msgs/msg/_package_Gear.lisp
-- Up-to-date: /home/daisuke/Autoware/ros/install/dbw_mkz_msgs/share/common-lisp/ros/dbw_mkz_msgs/msg/ThrottleInfoReport.lisp
-- Up-to-date: /home/daisuke/Autoware/ros/install/dbw_mkz_msgs/share/common-lisp/ros/dbw_mkz_msgs/msg/ThrottleCmd.lisp
-- Up-to-date: /home/daisuke/Autoware/ros/install/dbw_mkz_msgs/share/common-lisp/ros/dbw_mkz_msgs/msg/_package_TirePressureReport.lisp
-- Up-to-date: /home/daisuke/Autoware/ros/install/dbw_mkz_msgs/share/common-lisp/ros/dbw_mkz_msgs/msg/_package_WheelSpeedReport.lisp
-- Up-to-date: /home/daisuke/Autoware/ros/install/dbw_mkz_msgs/share/common-lisp/ros/dbw_mkz_msgs/msg/AmbientLight.lisp
-- Up-to-date: /home/daisuke/Autoware/ros/install/dbw_mkz_msgs/share/common-lisp/ros/dbw_mkz_msgs/msg/_package_ThrottleReport.lisp
-- Up-to-date: /home/daisuke/Autoware/ros/install/dbw_mkz_msgs/share/common-lisp/ros/dbw_mkz_msgs/msg/dbw_mkz_msgs-msg.asd
-- Up-to-date: /home/daisuke/Autoware/ros/install/dbw_mkz_msgs/share/common-lisp/ros/dbw_mkz_msgs/msg/_package.lisp
-- Up-to-date: /home/daisuke/Autoware/ros/install/dbw_mkz_msgs/share/common-lisp/ros/dbw_mkz_msgs/msg/BrakeCmd.lisp
-- Up-to-date: /home/daisuke/Autoware/ros/install/dbw_mkz_msgs/share/common-lisp/ros/dbw_mkz_msgs/msg/TurnSignalCmd.lisp
-- Up-to-date: /home/daisuke/Autoware/ros/install/dbw_mkz_msgs/share/common-lisp/ros/dbw_mkz_msgs/msg/_package_HillStartAssist.lisp
-- Up-to-date: /home/daisuke/Autoware/ros/install/dbw_mkz_msgs/share/common-lisp/ros/dbw_mkz_msgs/msg/TwistCmd.lisp
-- Up-to-date: /home/daisuke/Autoware/ros/install/dbw_mkz_msgs/share/common-lisp/ros/dbw_mkz_msgs/msg/_package_GearCmd.lisp
-- Up-to-date: /home/daisuke/Autoware/ros/install/dbw_mkz_msgs/share/common-lisp/ros/dbw_mkz_msgs/msg/_package_BrakeReport.lisp
-- Up-to-date: /home/daisuke/Autoware/ros/install/dbw_mkz_msgs/share/common-lisp/ros/dbw_mkz_msgs/msg/GearReject.lisp
-- Up-to-date: /home/daisuke/Autoware/ros/install/dbw_mkz_msgs/share/common-lisp/ros/dbw_mkz_msgs/msg/TirePressureReport.lisp
-- Up-to-date: /home/daisuke/Autoware/ros/install/dbw_mkz_msgs/share/common-lisp/ros/dbw_mkz_msgs/msg/_package_SteeringReport.lisp
-- Up-to-date: /home/daisuke/Autoware/ros/install/dbw_mkz_msgs/share/common-lisp/ros/dbw_mkz_msgs/msg/_package_GearReject.lisp
-- Up-to-date: /home/daisuke/Autoware/ros/install/dbw_mkz_msgs/share/common-lisp/ros/dbw_mkz_msgs/msg/_package_Misc1Report.lisp
-- Up-to-date: /home/daisuke/Autoware/ros/install/dbw_mkz_msgs/share/common-lisp/ros/dbw_mkz_msgs/msg/_package_TurnSignal.lisp
-- Up-to-date: /home/daisuke/Autoware/ros/install/dbw_mkz_msgs/share/common-lisp/ros/dbw_mkz_msgs/msg/GearReport.lisp
-- Up-to-date: /home/daisuke/Autoware/ros/install/dbw_mkz_msgs/share/common-lisp/ros/dbw_mkz_msgs/msg/_package_GearReport.lisp
-- Up-to-date: /home/daisuke/Autoware/ros/install/dbw_mkz_msgs/share/common-lisp/ros/dbw_mkz_msgs/msg/Misc1Report.lisp
-- Up-to-date: /home/daisuke/Autoware/ros/install/dbw_mkz_msgs/share/common-lisp/ros/dbw_mkz_msgs/msg/ThrottleReport.lisp
-- Up-to-date: /home/daisuke/Autoware/ros/install/dbw_mkz_msgs/share/common-lisp/ros/dbw_mkz_msgs/msg/_package_ThrottleCmd.lisp
-- Up-to-date: /home/daisuke/Autoware/ros/install/dbw_mkz_msgs/share/common-lisp/ros/dbw_mkz_msgs/msg/_package_AmbientLight.lisp
-- Up-to-date: /home/daisuke/Autoware/ros/install/dbw_mkz_msgs/share/common-lisp/ros/dbw_mkz_msgs/msg/_package_WheelPositionReport.lisp
-- Up-to-date: /home/daisuke/Autoware/ros/install/dbw_mkz_msgs/share/common-lisp/ros/dbw_mkz_msgs/msg/_package_ParkingBrake.lisp
-- Up-to-date: /home/daisuke/Autoware/ros/install/dbw_mkz_msgs/share/common-lisp/ros/dbw_mkz_msgs/msg/_package_TurnSignalCmd.lisp
-- Up-to-date: /home/daisuke/Autoware/ros/install/dbw_mkz_msgs/share/common-lisp/ros/dbw_mkz_msgs/msg/_package_TwistCmd.lisp
-- Up-to-date: /home/daisuke/Autoware/ros/install/dbw_mkz_msgs/share/common-lisp/ros/dbw_mkz_msgs/msg/TurnSignal.lisp
-- Up-to-date: /home/daisuke/Autoware/ros/install/dbw_mkz_msgs/share/common-lisp/ros/dbw_mkz_msgs/msg/_package_SurroundReport.lisp
-- Up-to-date: /home/daisuke/Autoware/ros/install/dbw_mkz_msgs/share/gennodejs/ros/dbw_mkz_msgs
-- Up-to-date: /home/daisuke/Autoware/ros/install/dbw_mkz_msgs/share/gennodejs/ros/dbw_mkz_msgs/msg
-- Up-to-date: /home/daisuke/Autoware/ros/install/dbw_mkz_msgs/share/gennodejs/ros/dbw_mkz_msgs/msg/Misc1Report.js
-- Up-to-date: /home/daisuke/Autoware/ros/install/dbw_mkz_msgs/share/gennodejs/ros/dbw_mkz_msgs/msg/SteeringReport.js
-- Up-to-date: /home/daisuke/Autoware/ros/install/dbw_mkz_msgs/share/gennodejs/ros/dbw_mkz_msgs/msg/SurroundReport.js
-- Up-to-date: /home/daisuke/Autoware/ros/install/dbw_mkz_msgs/share/gennodejs/ros/dbw_mkz_msgs/msg/TirePressureReport.js
-- Up-to-date: /home/daisuke/Autoware/ros/install/dbw_mkz_msgs/share/gennodejs/ros/dbw_mkz_msgs/msg/ThrottleInfoReport.js
-- Up-to-date: /home/daisuke/Autoware/ros/install/dbw_mkz_msgs/share/gennodejs/ros/dbw_mkz_msgs/msg/BrakeInfoReport.js
-- Up-to-date: /home/daisuke/Autoware/ros/install/dbw_mkz_msgs/share/gennodejs/ros/dbw_mkz_msgs/msg/GearReject.js
-- Up-to-date: /home/daisuke/Autoware/ros/install/dbw_mkz_msgs/share/gennodejs/ros/dbw_mkz_msgs/msg/TwistCmd.js
-- Up-to-date: /home/daisuke/Autoware/ros/install/dbw_mkz_msgs/share/gennodejs/ros/dbw_mkz_msgs/msg/SteeringCmd.js
-- Up-to-date: /home/daisuke/Autoware/ros/install/dbw_mkz_msgs/share/gennodejs/ros/dbw_mkz_msgs/msg/ParkingBrake.js
-- Up-to-date: /home/daisuke/Autoware/ros/install/dbw_mkz_msgs/share/gennodejs/ros/dbw_mkz_msgs/msg/Gear.js
-- Up-to-date: /home/daisuke/Autoware/ros/install/dbw_mkz_msgs/share/gennodejs/ros/dbw_mkz_msgs/msg/TurnSignal.js
-- Up-to-date: /home/daisuke/Autoware/ros/install/dbw_mkz_msgs/share/gennodejs/ros/dbw_mkz_msgs/msg/BrakeCmd.js
-- Up-to-date: /home/daisuke/Autoware/ros/install/dbw_mkz_msgs/share/gennodejs/ros/dbw_mkz_msgs/msg/ThrottleReport.js
-- Up-to-date: /home/daisuke/Autoware/ros/install/dbw_mkz_msgs/share/gennodejs/ros/dbw_mkz_msgs/msg/HillStartAssist.js
-- Up-to-date: /home/daisuke/Autoware/ros/install/dbw_mkz_msgs/share/gennodejs/ros/dbw_mkz_msgs/msg/WheelPositionReport.js
-- Up-to-date: /home/daisuke/Autoware/ros/install/dbw_mkz_msgs/share/gennodejs/ros/dbw_mkz_msgs/msg/WheelSpeedReport.js
-- Up-to-date: /home/daisuke/Autoware/ros/install/dbw_mkz_msgs/share/gennodejs/ros/dbw_mkz_msgs/msg/GearCmd.js
-- Up-to-date: /home/daisuke/Autoware/ros/install/dbw_mkz_msgs/share/gennodejs/ros/dbw_mkz_msgs/msg/AmbientLight.js
-- Up-to-date: /home/daisuke/Autoware/ros/install/dbw_mkz_msgs/share/gennodejs/ros/dbw_mkz_msgs/msg/GearReport.js
-- Up-to-date: /home/daisuke/Autoware/ros/install/dbw_mkz_msgs/share/gennodejs/ros/dbw_mkz_msgs/msg/ThrottleCmd.js
-- Up-to-date: /home/daisuke/Autoware/ros/install/dbw_mkz_msgs/share/gennodejs/ros/dbw_mkz_msgs/msg/WatchdogCounter.js
-- Up-to-date: /home/daisuke/Autoware/ros/install/dbw_mkz_msgs/share/gennodejs/ros/dbw_mkz_msgs/msg/_index.js
-- Up-to-date: /home/daisuke/Autoware/ros/install/dbw_mkz_msgs/share/gennodejs/ros/dbw_mkz_msgs/msg/TurnSignalCmd.js
-- Up-to-date: /home/daisuke/Autoware/ros/install/dbw_mkz_msgs/share/gennodejs/ros/dbw_mkz_msgs/msg/FuelLevelReport.js
-- Up-to-date: /home/daisuke/Autoware/ros/install/dbw_mkz_msgs/share/gennodejs/ros/dbw_mkz_msgs/msg/Wiper.js
-- Up-to-date: /home/daisuke/Autoware/ros/install/dbw_mkz_msgs/share/gennodejs/ros/dbw_mkz_msgs/msg/BrakeReport.js
-- Up-to-date: /home/daisuke/Autoware/ros/install/dbw_mkz_msgs/share/gennodejs/ros/dbw_mkz_msgs/_index.js
Listing /home/daisuke/Autoware/ros/build/dbw_mkz_msgs/devel/lib/python2.7/dist-packages/dbw_mkz_msgs ...
Listing /home/daisuke/Autoware/ros/build/dbw_mkz_msgs/devel/lib/python2.7/dist-packages/dbw_mkz_msgs/msg ...
-- Up-to-date: /home/daisuke/Autoware/ros/install/dbw_mkz_msgs/lib/python2.7/dist-packages/dbw_mkz_msgs
-- Up-to-date: /home/daisuke/Autoware/ros/install/dbw_mkz_msgs/lib/python2.7/dist-packages/dbw_mkz_msgs/__init__.pyc
-- Up-to-date: /home/daisuke/Autoware/ros/install/dbw_mkz_msgs/lib/python2.7/dist-packages/dbw_mkz_msgs/__init__.py
-- Up-to-date: /home/daisuke/Autoware/ros/install/dbw_mkz_msgs/lib/python2.7/dist-packages/dbw_mkz_msgs/msg
-- Up-to-date: /home/daisuke/Autoware/ros/install/dbw_mkz_msgs/lib/python2.7/dist-packages/dbw_mkz_msgs/msg/_BrakeReport.py
-- Up-to-date: /home/daisuke/Autoware/ros/install/dbw_mkz_msgs/lib/python2.7/dist-packages/dbw_mkz_msgs/msg/_WatchdogCounter.py
-- Up-to-date: /home/daisuke/Autoware/ros/install/dbw_mkz_msgs/lib/python2.7/dist-packages/dbw_mkz_msgs/msg/_SteeringCmd.py
-- Up-to-date: /home/daisuke/Autoware/ros/install/dbw_mkz_msgs/lib/python2.7/dist-packages/dbw_mkz_msgs/msg/_ThrottleReport.pyc
-- Up-to-date: /home/daisuke/Autoware/ros/install/dbw_mkz_msgs/lib/python2.7/dist-packages/dbw_mkz_msgs/msg/_WheelSpeedReport.pyc
-- Up-to-date: /home/daisuke/Autoware/ros/install/dbw_mkz_msgs/lib/python2.7/dist-packages/dbw_mkz_msgs/msg/_TurnSignalCmd.pyc
-- Up-to-date: /home/daisuke/Autoware/ros/install/dbw_mkz_msgs/lib/python2.7/dist-packages/dbw_mkz_msgs/msg/_GearCmd.pyc
-- Up-to-date: /home/daisuke/Autoware/ros/install/dbw_mkz_msgs/lib/python2.7/dist-packages/dbw_mkz_msgs/msg/_GearReport.pyc
-- Up-to-date: /home/daisuke/Autoware/ros/install/dbw_mkz_msgs/lib/python2.7/dist-packages/dbw_mkz_msgs/msg/_BrakeInfoReport.py
-- Up-to-date: /home/daisuke/Autoware/ros/install/dbw_mkz_msgs/lib/python2.7/dist-packages/dbw_mkz_msgs/msg/_FuelLevelReport.pyc
-- Up-to-date: /home/daisuke/Autoware/ros/install/dbw_mkz_msgs/lib/python2.7/dist-packages/dbw_mkz_msgs/msg/_ThrottleInfoReport.py
-- Up-to-date: /home/daisuke/Autoware/ros/install/dbw_mkz_msgs/lib/python2.7/dist-packages/dbw_mkz_msgs/msg/_WheelPositionReport.py
-- Up-to-date: /home/daisuke/Autoware/ros/install/dbw_mkz_msgs/lib/python2.7/dist-packages/dbw_mkz_msgs/msg/_SteeringReport.py
-- Up-to-date: /home/daisuke/Autoware/ros/install/dbw_mkz_msgs/lib/python2.7/dist-packages/dbw_mkz_msgs/msg/_BrakeReport.pyc
-- Up-to-date: /home/daisuke/Autoware/ros/install/dbw_mkz_msgs/lib/python2.7/dist-packages/dbw_mkz_msgs/msg/_FuelLevelReport.py
-- Up-to-date: /home/daisuke/Autoware/ros/install/dbw_mkz_msgs/lib/python2.7/dist-packages/dbw_mkz_msgs/msg/_ThrottleInfoReport.pyc
-- Up-to-date: /home/daisuke/Autoware/ros/install/dbw_mkz_msgs/lib/python2.7/dist-packages/dbw_mkz_msgs/msg/_TurnSignal.pyc
-- Up-to-date: /home/daisuke/Autoware/ros/install/dbw_mkz_msgs/lib/python2.7/dist-packages/dbw_mkz_msgs/msg/_GearReject.pyc
-- Up-to-date: /home/daisuke/Autoware/ros/install/dbw_mkz_msgs/lib/python2.7/dist-packages/dbw_mkz_msgs/msg/_ThrottleReport.py
-- Up-to-date: /home/daisuke/Autoware/ros/install/dbw_mkz_msgs/lib/python2.7/dist-packages/dbw_mkz_msgs/msg/__init__.pyc
-- Up-to-date: /home/daisuke/Autoware/ros/install/dbw_mkz_msgs/lib/python2.7/dist-packages/dbw_mkz_msgs/msg/__init__.py
-- Up-to-date: /home/daisuke/Autoware/ros/install/dbw_mkz_msgs/lib/python2.7/dist-packages/dbw_mkz_msgs/msg/_HillStartAssist.py
-- Up-to-date: /home/daisuke/Autoware/ros/install/dbw_mkz_msgs/lib/python2.7/dist-packages/dbw_mkz_msgs/msg/_Gear.py
-- Up-to-date: /home/daisuke/Autoware/ros/install/dbw_mkz_msgs/lib/python2.7/dist-packages/dbw_mkz_msgs/msg/_HillStartAssist.pyc
-- Up-to-date: /home/daisuke/Autoware/ros/install/dbw_mkz_msgs/lib/python2.7/dist-packages/dbw_mkz_msgs/msg/_AmbientLight.pyc
-- Up-to-date: /home/daisuke/Autoware/ros/install/dbw_mkz_msgs/lib/python2.7/dist-packages/dbw_mkz_msgs/msg/_WatchdogCounter.pyc
-- Up-to-date: /home/daisuke/Autoware/ros/install/dbw_mkz_msgs/lib/python2.7/dist-packages/dbw_mkz_msgs/msg/_BrakeCmd.py
-- Up-to-date: /home/daisuke/Autoware/ros/install/dbw_mkz_msgs/lib/python2.7/dist-packages/dbw_mkz_msgs/msg/_Wiper.pyc
-- Up-to-date: /home/daisuke/Autoware/ros/install/dbw_mkz_msgs/lib/python2.7/dist-packages/dbw_mkz_msgs/msg/_Gear.pyc
-- Up-to-date: /home/daisuke/Autoware/ros/install/dbw_mkz_msgs/lib/python2.7/dist-packages/dbw_mkz_msgs/msg/_TirePressureReport.py
-- Up-to-date: /home/daisuke/Autoware/ros/install/dbw_mkz_msgs/lib/python2.7/dist-packages/dbw_mkz_msgs/msg/_BrakeCmd.pyc
-- Up-to-date: /home/daisuke/Autoware/ros/install/dbw_mkz_msgs/lib/python2.7/dist-packages/dbw_mkz_msgs/msg/_WheelPositionReport.pyc
-- Up-to-date: /home/daisuke/Autoware/ros/install/dbw_mkz_msgs/lib/python2.7/dist-packages/dbw_mkz_msgs/msg/_Wiper.py
-- Up-to-date: /home/daisuke/Autoware/ros/install/dbw_mkz_msgs/lib/python2.7/dist-packages/dbw_mkz_msgs/msg/_TirePressureReport.pyc
-- Up-to-date: /home/daisuke/Autoware/ros/install/dbw_mkz_msgs/lib/python2.7/dist-packages/dbw_mkz_msgs/msg/_ThrottleCmd.py
-- Up-to-date: /home/daisuke/Autoware/ros/install/dbw_mkz_msgs/lib/python2.7/dist-packages/dbw_mkz_msgs/msg/_ParkingBrake.pyc
-- Up-to-date: /home/daisuke/Autoware/ros/install/dbw_mkz_msgs/lib/python2.7/dist-packages/dbw_mkz_msgs/msg/_AmbientLight.py
-- Up-to-date: /home/daisuke/Autoware/ros/install/dbw_mkz_msgs/lib/python2.7/dist-packages/dbw_mkz_msgs/msg/_TwistCmd.py
-- Up-to-date: /home/daisuke/Autoware/ros/install/dbw_mkz_msgs/lib/python2.7/dist-packages/dbw_mkz_msgs/msg/_WheelSpeedReport.py
-- Up-to-date: /home/daisuke/Autoware/ros/install/dbw_mkz_msgs/lib/python2.7/dist-packages/dbw_mkz_msgs/msg/_ThrottleCmd.pyc
-- Up-to-date: /home/daisuke/Autoware/ros/install/dbw_mkz_msgs/lib/python2.7/dist-packages/dbw_mkz_msgs/msg/_SurroundReport.pyc
-- Up-to-date: /home/daisuke/Autoware/ros/install/dbw_mkz_msgs/lib/python2.7/dist-packages/dbw_mkz_msgs/msg/_TwistCmd.pyc
-- Up-to-date: /home/daisuke/Autoware/ros/install/dbw_mkz_msgs/lib/python2.7/dist-packages/dbw_mkz_msgs/msg/_GearCmd.py
-- Up-to-date: /home/daisuke/Autoware/ros/install/dbw_mkz_msgs/lib/python2.7/dist-packages/dbw_mkz_msgs/msg/_ParkingBrake.py
-- Up-to-date: /home/daisuke/Autoware/ros/install/dbw_mkz_msgs/lib/python2.7/dist-packages/dbw_mkz_msgs/msg/_BrakeInfoReport.pyc
-- Up-to-date: /home/daisuke/Autoware/ros/install/dbw_mkz_msgs/lib/python2.7/dist-packages/dbw_mkz_msgs/msg/_TurnSignalCmd.py
-- Up-to-date: /home/daisuke/Autoware/ros/install/dbw_mkz_msgs/lib/python2.7/dist-packages/dbw_mkz_msgs/msg/_TurnSignal.py
-- Up-to-date: /home/daisuke/Autoware/ros/install/dbw_mkz_msgs/lib/python2.7/dist-packages/dbw_mkz_msgs/msg/_SteeringReport.pyc
-- Up-to-date: /home/daisuke/Autoware/ros/install/dbw_mkz_msgs/lib/python2.7/dist-packages/dbw_mkz_msgs/msg/_Misc1Report.pyc
-- Up-to-date: /home/daisuke/Autoware/ros/install/dbw_mkz_msgs/lib/python2.7/dist-packages/dbw_mkz_msgs/msg/_Misc1Report.py
-- Up-to-date: /home/daisuke/Autoware/ros/install/dbw_mkz_msgs/lib/python2.7/dist-packages/dbw_mkz_msgs/msg/_SteeringCmd.pyc
-- Up-to-date: /home/daisuke/Autoware/ros/install/dbw_mkz_msgs/lib/python2.7/dist-packages/dbw_mkz_msgs/msg/_GearReport.py
-- Up-to-date: /home/daisuke/Autoware/ros/install/dbw_mkz_msgs/lib/python2.7/dist-packages/dbw_mkz_msgs/msg/_GearReject.py
-- Up-to-date: /home/daisuke/Autoware/ros/install/dbw_mkz_msgs/lib/python2.7/dist-packages/dbw_mkz_msgs/msg/_SurroundReport.py
-- Installing: /home/daisuke/Autoware/ros/install/dbw_mkz_msgs/lib/pkgconfig/dbw_mkz_msgs.pc
-- Up-to-date: /home/daisuke/Autoware/ros/install/dbw_mkz_msgs/share/dbw_mkz_msgs/cmake/dbw_mkz_msgs-msg-extras.cmake
-- Up-to-date: /home/daisuke/Autoware/ros/install/dbw_mkz_msgs/share/dbw_mkz_msgs/cmake/dbw_mkz_msgsConfig.cmake
-- Up-to-date: /home/daisuke/Autoware/ros/install/dbw_mkz_msgs/share/dbw_mkz_msgs/cmake/dbw_mkz_msgsConfig-version.cmake
-- Up-to-date: /home/daisuke/Autoware/ros/install/dbw_mkz_msgs/share/dbw_mkz_msgs/package.xml
Invoked command in '/home/daisuke/Autoware/ros/build/dbw_mkz_msgs' returned '0': /usr/bin/cmake --build /home/daisuke/Autoware/ros/build/dbw_mkz_msgs --target install
