-- The C compiler identification is GNU 5.4.0
-- The CXX compiler identification is GNU 5.4.0
-- Check for working C compiler: /usr/bin/cc
-- Check for working C compiler: /usr/bin/cc -- works
-- Detecting C compiler ABI info
-- Detecting C compiler ABI info - done
-- Detecting C compile features
-- Detecting C compile features - done
-- Check for working CXX compiler: /usr/bin/c++
-- Check for working CXX compiler: /usr/bin/c++ -- works
-- Detecting CXX compiler ABI info
-- Detecting CXX compiler ABI info - done
-- Detecting CXX compile features
-- Detecting CXX compile features - done
-- Using CATKIN_DEVEL_PREFIX: /home/daisuke/Autoware/ros/build/op_simulation_package/devel
-- Using CMAKE_PREFIX_PATH: /home/daisuke/Autoware/ros/install/op_ros_helpers;/home/daisuke/Autoware/ros/install/op_simu;/home/daisuke/Autoware/ros/install/op_planner;/home/daisuke/Autoware/ros/install/op_utility;/home/daisuke/Autoware/ros/install/vector_map_server;/home/daisuke/Autoware/ros/install/map_file;/home/daisuke/Autoware/ros/install/waypoint_follower;/home/daisuke/Autoware/ros/install/vector_map;/home/daisuke/Autoware/ros/install/vector_map_msgs;/home/daisuke/Autoware/ros/install/autoware_health_checker;/home/daisuke/Autoware/ros/install/tablet_socket_msgs;/home/daisuke/Autoware/ros/install/autoware_system_msgs;/home/daisuke/Autoware/ros/install/autoware_msgs;/home/daisuke/Autoware/ros/install/autoware_config_msgs;/home/daisuke/Autoware/ros/install/autoware_build_flags;/home/daisuke/Autoware/ros/devel;/opt/ros/kinetic
-- This workspace overlays: /home/daisuke/Autoware/ros/install/op_ros_helpers;/home/daisuke/Autoware/ros/install/op_simu;/home/daisuke/Autoware/ros/install/op_planner;/home/daisuke/Autoware/ros/install/op_utility;/home/daisuke/Autoware/ros/install/vector_map_server;/home/daisuke/Autoware/ros/install/map_file;/home/daisuke/Autoware/ros/install/waypoint_follower;/home/daisuke/Autoware/ros/install/vector_map;/home/daisuke/Autoware/ros/install/vector_map_msgs;/home/daisuke/Autoware/ros/install/autoware_health_checker;/home/daisuke/Autoware/ros/install/tablet_socket_msgs;/home/daisuke/Autoware/ros/install/autoware_system_msgs;/home/daisuke/Autoware/ros/install/autoware_msgs;/home/daisuke/Autoware/ros/install/autoware_config_msgs;/home/daisuke/Autoware/ros/install/autoware_build_flags;/opt/ros/kinetic
-- Found PythonInterp: /home/daisuke/pyenv/shims/python (found version "2.7.12") 
-- Using PYTHON_EXECUTABLE: /home/daisuke/pyenv/shims/python
-- Using Debian Python package layout
-- Using empy: /usr/bin/empy
-- Using CATKIN_ENABLE_TESTING: ON
-- Call enable_testing()
-- Using CATKIN_TEST_RESULTS_DIR: /home/daisuke/Autoware/ros/build/op_simulation_package/test_results
-- Found gmock sources under '/usr/src/gmock': gmock will be built
-- Looking for pthread.h
-- Looking for pthread.h - found
-- Looking for pthread_create
-- Looking for pthread_create - not found
-- Looking for pthread_create in pthreads
-- Looking for pthread_create in pthreads - not found
-- Looking for pthread_create in pthread
-- Looking for pthread_create in pthread - found
-- Found Threads: TRUE  
-- Found gtest sources under '/usr/src/gmock': gtests will be built
-- Using Python nosetests: /usr/bin/nosetests-2.7
-- catkin 0.7.14
-- Using these message generators: gencpp;geneus;genlisp;gennodejs;genpy
-- Found OpenCV: /opt/ros/kinetic (found version "3.3.1") 
-- Configuring done
-- Generating done
-- Build files have been written to: /home/daisuke/Autoware/ros/build/op_simulation_package
In file included from [01m[K/home/daisuke/Autoware/ros/install/op_planner/include/op_planner/RoadNetwork.h:14:0[m[K,
                 from [01m[K/home/daisuke/Autoware/ros/install/op_ros_helpers/include/op_ros_helpers/op_ROSHelpers.h:10[m[K,
                 from [01m[K/home/daisuke/Autoware/ros/src/computing/planning/motion/packages/op_simulation_package/nodes/op_perception_simulator/op_perception_simulator_core.cpp:25[m[K:
[01m[K/home/daisuke/Autoware/ros/install/op_utility/include/op_utility/UtilityH.h:18:0:[m[K [01;35m[Kwarning: [m[K"DEG2RAD" redefined
 #define DEG2RAD M_PI / 180.
[01;32m[K ^[m[K
In file included from [01m[K/usr/include/pcl-1.7/pcl/PCLPointField.h:12:0[m[K,
                 from [01m[K/usr/include/pcl-1.7/pcl/conversions.h:47[m[K,
                 from [01m[K/opt/ros/kinetic/include/pcl_conversions/pcl_conversions.h:44[m[K,
                 from [01m[K/home/daisuke/Autoware/ros/src/computing/planning/motion/packages/op_simulation_package/nodes/op_perception_simulator/op_perception_simulator_core.cpp:19[m[K:
[01m[K/usr/include/pcl-1.7/pcl/pcl_macros.h:137:0:[m[K [01;36m[Knote: [m[Kthis is the location of the previous definition
 #define DEG2RAD(x) ((x)*0.017453293)
[01;32m[K ^[m[K
In file included from [01m[K/home/daisuke/Autoware/ros/install/op_planner/include/op_planner/RoadNetwork.h:14:0[m[K,
                 from [01m[K/home/daisuke/Autoware/ros/install/op_ros_helpers/include/op_ros_helpers/op_ROSHelpers.h:10[m[K,
                 from [01m[K/home/daisuke/Autoware/ros/src/computing/planning/motion/packages/op_simulation_package/nodes/op_perception_simulator/op_perception_simulator_core.cpp:25[m[K:
[01m[K/home/daisuke/Autoware/ros/install/op_utility/include/op_utility/UtilityH.h:19:0:[m[K [01;35m[Kwarning: [m[K"RAD2DEG" redefined
 #define RAD2DEG 180. / M_PI
[01;32m[K ^[m[K
In file included from [01m[K/usr/include/pcl-1.7/pcl/PCLPointField.h:12:0[m[K,
                 from [01m[K/usr/include/pcl-1.7/pcl/conversions.h:47[m[K,
                 from [01m[K/opt/ros/kinetic/include/pcl_conversions/pcl_conversions.h:44[m[K,
                 from [01m[K/home/daisuke/Autoware/ros/src/computing/planning/motion/packages/op_simulation_package/nodes/op_perception_simulator/op_perception_simulator_core.cpp:19[m[K:
[01m[K/usr/include/pcl-1.7/pcl/pcl_macros.h:141:0:[m[K [01;36m[Knote: [m[Kthis is the location of the previous definition
 #define RAD2DEG(x) ((x)*57.29578)
[01;32m[K ^[m[K
[35m[1mScanning dependencies of target autoware_system_msgs_generate_messages_cpp[0m
[35m[1mScanning dependencies of target op_perception_simulator[0m
[35m[1mScanning dependencies of target autoware_system_msgs_generate_messages_nodejs[0m
[35m[1mScanning dependencies of target tf2_msgs_generate_messages_cpp[0m
[35m[1mScanning dependencies of target tablet_socket_msgs_generate_messages_nodejs[0m
[35m[1mScanning dependencies of target op_signs_simulator[0m
[  0%] Built target autoware_system_msgs_generate_messages_cpp
[  0%] Built target tf2_msgs_generate_messages_cpp
[  0%] Built target tablet_socket_msgs_generate_messages_nodejs
[  0%] Built target autoware_system_msgs_generate_messages_nodejs
[35m[1mScanning dependencies of target tablet_socket_msgs_generate_messages_eus[0m
[35m[1mScanning dependencies of target tablet_socket_msgs_generate_messages_cpp[0m
[35m[1mScanning dependencies of target autoware_config_msgs_generate_messages_lisp[0m
[35m[1mScanning dependencies of target autoware_config_msgs_generate_messages_py[0m
[  0%] Built target autoware_config_msgs_generate_messages_lisp
[  0%] Built target tablet_socket_msgs_generate_messages_eus
[  0%] Built target tablet_socket_msgs_generate_messages_cpp
[35m[1mScanning dependencies of target visualization_msgs_generate_messages_py[0m
[  0%] Built target autoware_config_msgs_generate_messages_py
[35m[1mScanning dependencies of target autoware_config_msgs_generate_messages_eus[0m
[35m[1mScanning dependencies of target visualization_msgs_generate_messages_nodejs[0m
[ 11%] [32mBuilding CXX object CMakeFiles/op_signs_simulator.dir/nodes/op_signs_simulator/op_signs_simulator.cpp.o[0m
[ 11%] Built target visualization_msgs_generate_messages_py
[ 22%] [32mBuilding CXX object CMakeFiles/op_perception_simulator.dir/nodes/op_perception_simulator/op_perception_simulator.cpp.o[0m
[35m[1mScanning dependencies of target visualization_msgs_generate_messages_lisp[0m
[ 22%] Built target autoware_config_msgs_generate_messages_eus
[35m[1mScanning dependencies of target tablet_socket_msgs_generate_messages_lisp[0m
[ 22%] Built target visualization_msgs_generate_messages_nodejs
[35m[1mScanning dependencies of target autoware_config_msgs_generate_messages_nodejs[0m
[ 33%] [32mBuilding CXX object CMakeFiles/op_signs_simulator.dir/nodes/op_signs_simulator/op_signs_simulator_core.cpp.o[0m
[ 33%] Built target visualization_msgs_generate_messages_lisp
[ 33%] Built target tablet_socket_msgs_generate_messages_lisp
[ 44%] [32mBuilding CXX object CMakeFiles/op_perception_simulator.dir/nodes/op_perception_simulator/op_perception_simulator_core.cpp.o[0m
[35m[1mScanning dependencies of target visualization_msgs_generate_messages_cpp[0m
[35m[1mScanning dependencies of target vector_map_server_generate_messages_nodejs[0m
[ 44%] Built target autoware_config_msgs_generate_messages_nodejs
[ 44%] Built target vector_map_server_generate_messages_nodejs
[35m[1mScanning dependencies of target vector_map_server_generate_messages_lisp[0m
[35m[1mScanning dependencies of target vector_map_msgs_generate_messages_py[0m
[35m[1mScanning dependencies of target vector_map_msgs_generate_messages_lisp[0m
[ 44%] Built target visualization_msgs_generate_messages_cpp
[ 44%] Built target vector_map_msgs_generate_messages_py
[ 44%] Built target vector_map_server_generate_messages_lisp
[35m[1mScanning dependencies of target vector_map_msgs_generate_messages_cpp[0m
[ 44%] Built target vector_map_msgs_generate_messages_lisp
[ 44%] Built target vector_map_msgs_generate_messages_cpp
[35m[1mScanning dependencies of target tf2_msgs_generate_messages_nodejs[0m
[35m[1mScanning dependencies of target tf2_msgs_generate_messages_py[0m
[35m[1mScanning dependencies of target tf2_msgs_generate_messages_lisp[0m
[35m[1mScanning dependencies of target actionlib_msgs_generate_messages_lisp[0m
[ 44%] Built target tf2_msgs_generate_messages_nodejs
[ 44%] Built target tf2_msgs_generate_messages_py
[ 44%] Built target tf2_msgs_generate_messages_lisp
[ 44%] Built target actionlib_msgs_generate_messages_lisp
[35m[1mScanning dependencies of target autoware_system_msgs_generate_messages_eus[0m
[35m[1mScanning dependencies of target autoware_msgs_generate_messages_py[0m
[35m[1mScanning dependencies of target std_srvs_generate_messages_eus[0m
[35m[1mScanning dependencies of target vector_map_msgs_generate_messages_eus[0m
[ 44%] Built target autoware_system_msgs_generate_messages_eus
[ 44%] Built target autoware_msgs_generate_messages_py
[ 44%] Built target std_srvs_generate_messages_eus
[ 44%] Built target vector_map_msgs_generate_messages_eus
[35m[1mScanning dependencies of target tf_generate_messages_cpp[0m
[35m[1mScanning dependencies of target actionlib_msgs_generate_messages_eus[0m
[ 44%] Built target tf_generate_messages_cpp
[35m[1mScanning dependencies of target jsk_footstep_msgs_generate_messages_py[0m
[35m[1mScanning dependencies of target actionlib_generate_messages_lisp[0m
[ 44%] Built target actionlib_msgs_generate_messages_eus
[35m[1mScanning dependencies of target actionlib_msgs_generate_messages_cpp[0m
[ 44%] Built target jsk_footstep_msgs_generate_messages_py
[ 44%] Built target actionlib_generate_messages_lisp
[35m[1mScanning dependencies of target sensor_msgs_generate_messages_eus[0m
[ 44%] Built target actionlib_msgs_generate_messages_cpp
[35m[1mScanning dependencies of target tablet_socket_msgs_generate_messages_py[0m
[35m[1mScanning dependencies of target autoware_system_msgs_generate_messages_lisp[0m
[ 44%] Built target sensor_msgs_generate_messages_eus
[35m[1mScanning dependencies of target actionlib_generate_messages_nodejs[0m
[ 44%] Built target tablet_socket_msgs_generate_messages_py
[ 44%] Built target autoware_system_msgs_generate_messages_lisp
[35m[1mScanning dependencies of target actionlib_msgs_generate_messages_nodejs[0m
[ 44%] Built target actionlib_generate_messages_nodejs
[35m[1mScanning dependencies of target jsk_footstep_msgs_generate_messages_nodejs[0m
[35m[1mScanning dependencies of target topic_tools_generate_messages_py[0m
[ 44%] Built target actionlib_msgs_generate_messages_nodejs
[ 44%] Built target jsk_footstep_msgs_generate_messages_nodejs
[35m[1mScanning dependencies of target dynamic_reconfigure_generate_messages_nodejs[0m
[35m[1mScanning dependencies of target jsk_footstep_msgs_generate_messages_eus[0m
[ 44%] Built target topic_tools_generate_messages_py
[ 44%] Built target dynamic_reconfigure_generate_messages_nodejs
[35m[1mScanning dependencies of target pcl_msgs_generate_messages_nodejs[0m
[ 44%] Built target jsk_footstep_msgs_generate_messages_eus
[35m[1mScanning dependencies of target std_srvs_generate_messages_nodejs[0m
[ 44%] Built target pcl_msgs_generate_messages_nodejs
[35m[1mScanning dependencies of target pcl_msgs_generate_messages_eus[0m
[35m[1mScanning dependencies of target std_srvs_generate_messages_lisp[0m
[ 44%] Built target std_srvs_generate_messages_nodejs
[35m[1mScanning dependencies of target jsk_footstep_msgs_generate_messages_cpp[0m
[ 44%] Built target std_srvs_generate_messages_lisp
[ 44%] Built target pcl_msgs_generate_messages_eus
[35m[1mScanning dependencies of target autoware_msgs_generate_messages_lisp[0m
[ 44%] Built target jsk_footstep_msgs_generate_messages_cpp
[35m[1mScanning dependencies of target rosgraph_msgs_generate_messages_cpp[0m
[35m[1mScanning dependencies of target jsk_recognition_msgs_generate_messages_py[0m
[ 44%] Built target autoware_msgs_generate_messages_lisp
[35m[1mScanning dependencies of target jsk_recognition_msgs_generate_messages_nodejs[0m
[ 44%] Built target jsk_recognition_msgs_generate_messages_py
[ 44%] Built target rosgraph_msgs_generate_messages_cpp
[35m[1mScanning dependencies of target actionlib_msgs_generate_messages_py[0m
[35m[1mScanning dependencies of target std_msgs_generate_messages_nodejs[0m
[ 44%] Built target jsk_recognition_msgs_generate_messages_nodejs
[35m[1mScanning dependencies of target geometry_msgs_generate_messages_lisp[0m
[ 44%] Built target actionlib_msgs_generate_messages_py
[ 44%] Built target geometry_msgs_generate_messages_lisp
[ 44%] Built target std_msgs_generate_messages_nodejs
[35m[1mScanning dependencies of target geometry_msgs_generate_messages_py[0m
[35m[1mScanning dependencies of target jsk_recognition_msgs_generate_messages_lisp[0m
[35m[1mScanning dependencies of target bond_generate_messages_py[0m
[35m[1mScanning dependencies of target pcl_msgs_generate_messages_lisp[0m
[ 44%] Built target bond_generate_messages_py
[ 44%] Built target geometry_msgs_generate_messages_py
[ 44%] Built target pcl_msgs_generate_messages_lisp
[ 44%] Built target jsk_recognition_msgs_generate_messages_lisp
[35m[1mScanning dependencies of target autoware_msgs_generate_messages_eus[0m
[35m[1mScanning dependencies of target std_msgs_generate_messages_lisp[0m
[35m[1mScanning dependencies of target jsk_recognition_msgs_generate_messages_cpp[0m
[35m[1mScanning dependencies of target geometry_msgs_generate_messages_eus[0m
[ 44%] Built target std_msgs_generate_messages_lisp
[ 44%] Built target geometry_msgs_generate_messages_eus
[ 44%] Built target autoware_msgs_generate_messages_eus
[ 44%] Built target jsk_recognition_msgs_generate_messages_cpp
[35m[1mScanning dependencies of target geometry_msgs_generate_messages_nodejs[0m
[35m[1mScanning dependencies of target jsk_footstep_msgs_generate_messages_lisp[0m
[35m[1mScanning dependencies of target sensor_msgs_generate_messages_cpp[0m
[35m[1mScanning dependencies of target geometry_msgs_generate_messages_cpp[0m
[ 44%] Built target geometry_msgs_generate_messages_nodejs
[ 44%] Built target jsk_footstep_msgs_generate_messages_lisp
[ 44%] Built target geometry_msgs_generate_messages_cpp
[ 44%] Built target sensor_msgs_generate_messages_cpp
[35m[1mScanning dependencies of target std_msgs_generate_messages_cpp[0m
[35m[1mScanning dependencies of target sensor_msgs_generate_messages_nodejs[0m
[35m[1mScanning dependencies of target autoware_msgs_generate_messages_cpp[0m
[35m[1mScanning dependencies of target roscpp_generate_messages_cpp[0m
[ 44%] Built target std_msgs_generate_messages_cpp
[ 44%] Built target autoware_msgs_generate_messages_cpp
[35m[1mScanning dependencies of target vector_map_server_generate_messages_cpp[0m
[ 44%] Built target roscpp_generate_messages_cpp
[ 44%] Built target sensor_msgs_generate_messages_nodejs
[35m[1mScanning dependencies of target nodelet_generate_messages_py[0m
[35m[1mScanning dependencies of target bond_generate_messages_eus[0m
[ 44%] Built target vector_map_server_generate_messages_cpp
[35m[1mScanning dependencies of target roscpp_generate_messages_eus[0m
[ 44%] Built target bond_generate_messages_eus
[ 44%] Built target nodelet_generate_messages_py
[35m[1mScanning dependencies of target roscpp_generate_messages_lisp[0m
[ 44%] Built target roscpp_generate_messages_eus
[35m[1mScanning dependencies of target roscpp_generate_messages_nodejs[0m
[35m[1mScanning dependencies of target sensor_msgs_generate_messages_py[0m
[ 44%] Built target roscpp_generate_messages_lisp
[35m[1mScanning dependencies of target jsk_recognition_msgs_generate_messages_eus[0m
[ 44%] Built target roscpp_generate_messages_nodejs
[35m[1mScanning dependencies of target roscpp_generate_messages_py[0m
[ 44%] Built target sensor_msgs_generate_messages_py
[ 44%] Built target jsk_recognition_msgs_generate_messages_eus
[35m[1mScanning dependencies of target std_srvs_generate_messages_py[0m
[ 44%] Built target roscpp_generate_messages_py
[35m[1mScanning dependencies of target tf_generate_messages_nodejs[0m
[ 44%] Built target std_srvs_generate_messages_py
[35m[1mScanning dependencies of target std_msgs_generate_messages_py[0m
[35m[1mScanning dependencies of target rosgraph_msgs_generate_messages_eus[0m
[ 44%] Built target tf_generate_messages_nodejs
[35m[1mScanning dependencies of target rosgraph_msgs_generate_messages_lisp[0m
[ 44%] Built target std_msgs_generate_messages_py
[ 44%] Built target rosgraph_msgs_generate_messages_eus
[35m[1mScanning dependencies of target rosgraph_msgs_generate_messages_nodejs[0m
[35m[1mScanning dependencies of target actionlib_generate_messages_cpp[0m
[ 44%] Built target rosgraph_msgs_generate_messages_lisp
[ 44%] Built target rosgraph_msgs_generate_messages_nodejs
[35m[1mScanning dependencies of target rosgraph_msgs_generate_messages_py[0m
[ 44%] Built target actionlib_generate_messages_cpp
[ 44%] Built target rosgraph_msgs_generate_messages_py
[35m[1mScanning dependencies of target tf_generate_messages_lisp[0m
[35m[1mScanning dependencies of target dynamic_reconfigure_generate_messages_cpp[0m
[35m[1mScanning dependencies of target dynamic_reconfigure_generate_messages_lisp[0m
[35m[1mScanning dependencies of target actionlib_generate_messages_py[0m
[ 44%] Built target dynamic_reconfigure_generate_messages_lisp
[ 44%] Built target dynamic_reconfigure_generate_messages_cpp
[ 44%] Built target tf_generate_messages_lisp
[ 44%] Built target actionlib_generate_messages_py
[35m[1mScanning dependencies of target autoware_config_msgs_generate_messages_cpp[0m
[35m[1mScanning dependencies of target vector_map_msgs_generate_messages_nodejs[0m
[35m[1mScanning dependencies of target dynamic_reconfigure_generate_messages_py[0m
[35m[1mScanning dependencies of target dynamic_reconfigure_gencfg[0m
[ 44%] Built target autoware_config_msgs_generate_messages_cpp
[ 44%] Built target dynamic_reconfigure_generate_messages_py
[ 44%] Built target vector_map_msgs_generate_messages_nodejs
[ 44%] Built target dynamic_reconfigure_gencfg
[35m[1mScanning dependencies of target pcl_ros_gencfg[0m
[35m[1mScanning dependencies of target nodelet_generate_messages_cpp[0m
[35m[1mScanning dependencies of target tf2_msgs_generate_messages_eus[0m
[ 44%] Built target pcl_ros_gencfg
[ 44%] Built target nodelet_generate_messages_cpp
[35m[1mScanning dependencies of target visualization_msgs_generate_messages_eus[0m
[ 44%] Built target tf2_msgs_generate_messages_eus
[ 44%] Built target visualization_msgs_generate_messages_eus
[35m[1mScanning dependencies of target pcl_msgs_generate_messages_py[0m
[35m[1mScanning dependencies of target vector_map_server_generate_messages_py[0m
[35m[1mScanning dependencies of target dynamic_reconfigure_generate_messages_eus[0m
[ 44%] Built target vector_map_server_generate_messages_py
[ 44%] Built target pcl_msgs_generate_messages_py
[35m[1mScanning dependencies of target bond_generate_messages_nodejs[0m
[35m[1mScanning dependencies of target nodelet_generate_messages_lisp[0m
[ 44%] Built target dynamic_reconfigure_generate_messages_eus
[35m[1mScanning dependencies of target vector_map_server_generate_messages_eus[0m
[ 44%] Built target bond_generate_messages_nodejs
[35m[1mScanning dependencies of target nodelet_generate_messages_nodejs[0m
[35m[1mScanning dependencies of target autoware_system_msgs_generate_messages_py[0m
[ 44%] Built target vector_map_server_generate_messages_eus
[ 44%] Built target nodelet_generate_messages_lisp
[ 44%] Built target nodelet_generate_messages_nodejs
[35m[1mScanning dependencies of target bond_generate_messages_cpp[0m
[35m[1mScanning dependencies of target bond_generate_messages_lisp[0m
[ 44%] Built target autoware_system_msgs_generate_messages_py
[35m[1mScanning dependencies of target nodelet_generate_messages_eus[0m
[ 44%] Built target bond_generate_messages_lisp
[ 44%] Built target bond_generate_messages_cpp
[35m[1mScanning dependencies of target topic_tools_generate_messages_cpp[0m
[35m[1mScanning dependencies of target topic_tools_generate_messages_eus[0m
[ 44%] Built target topic_tools_generate_messages_cpp
[35m[1mScanning dependencies of target nodelet_topic_tools_gencfg[0m
[ 44%] Built target nodelet_generate_messages_eus
[ 44%] Built target nodelet_topic_tools_gencfg
[35m[1mScanning dependencies of target autoware_msgs_generate_messages_nodejs[0m
[ 44%] Built target topic_tools_generate_messages_eus
[35m[1mScanning dependencies of target pcl_msgs_generate_messages_cpp[0m
[35m[1mScanning dependencies of target std_srvs_generate_messages_cpp[0m
[ 44%] Built target pcl_msgs_generate_messages_cpp
[ 44%] Built target autoware_msgs_generate_messages_nodejs
[35m[1mScanning dependencies of target topic_tools_generate_messages_lisp[0m
[ 44%] Built target std_srvs_generate_messages_cpp
[35m[1mScanning dependencies of target sensor_msgs_generate_messages_lisp[0m
[35m[1mScanning dependencies of target topic_tools_generate_messages_nodejs[0m
[ 44%] Built target topic_tools_generate_messages_lisp
[ 44%] Built target sensor_msgs_generate_messages_lisp
[35m[1mScanning dependencies of target tf_generate_messages_eus[0m
[ 44%] Built target topic_tools_generate_messages_nodejs
[35m[1mScanning dependencies of target tf_generate_messages_py[0m
[ 44%] Built target tf_generate_messages_eus
[ 44%] Built target tf_generate_messages_py
[35m[1mScanning dependencies of target actionlib_generate_messages_eus[0m
[35m[1mScanning dependencies of target std_msgs_generate_messages_eus[0m
[ 44%] Built target actionlib_generate_messages_eus
[ 44%] Built target std_msgs_generate_messages_eus
[ 55%] [32m[1mLinking CXX executable devel/lib/op_simulation_package/op_perception_simulator[0m
[ 55%] Built target op_perception_simulator
[ 66%] [32m[1mLinking CXX executable devel/lib/op_simulation_package/op_signs_simulator[0m
[ 66%] Built target op_signs_simulator
[35m[1mScanning dependencies of target op_car_simulator[0m
[ 77%] [32mBuilding CXX object CMakeFiles/op_car_simulator.dir/nodes/op_car_simulator/op_car_simulator.cpp.o[0m
[ 88%] [32mBuilding CXX object CMakeFiles/op_car_simulator.dir/nodes/op_car_simulator/op_car_simulator_core.cpp.o[0m
[01m[K/home/daisuke/Autoware/ros/src/computing/planning/motion/packages/op_simulation_package/nodes/op_car_simulator/op_car_simulator_core.cpp:[m[K In member function ‘[01m[Kvoid CarSimulatorNS::OpenPlannerCarSimulator::MainLoop()[m[K’:
[01m[K/home/daisuke/Autoware/ros/src/computing/planning/motion/packages/op_simulation_package/nodes/op_car_simulator/op_car_simulator_core.cpp:796:49:[m[K [01;35m[Kwarning: [m[Kcomparison between ‘[01m[Kenum CarSimulatorNS::MAP_SOURCE_TYPE[m[K’ and ‘[01m[Kenum PlannerHNS::MAP_SOURCE_TYPE[m[K’ [-Wenum-compare]
   else if (m_SimParams.mapSource == PlannerHNS::MAP_AUTOWARE && !m_bMap)
[01;32m[K                                                 ^[m[K
[100%] [32m[1mLinking CXX executable devel/lib/op_simulation_package/op_car_simulator[0m
[100%] Built target op_car_simulator
[35m[1mScanning dependencies of target tests[0m
Built target tests
[ 33%] Built target op_signs_simulator
[ 66%] Built target op_perception_simulator
[ 66%] Built target tf2_msgs_generate_messages_cpp
[ 66%] Built target autoware_system_msgs_generate_messages_nodejs
[ 66%] Built target autoware_system_msgs_generate_messages_cpp
[ 66%] Built target tablet_socket_msgs_generate_messages_nodejs
[ 66%] Built target tablet_socket_msgs_generate_messages_lisp
[ 66%] Built target tablet_socket_msgs_generate_messages_eus
[ 66%] Built target tablet_socket_msgs_generate_messages_cpp
[ 66%] Built target autoware_config_msgs_generate_messages_lisp
[ 66%] Built target autoware_config_msgs_generate_messages_py
[ 66%] Built target autoware_config_msgs_generate_messages_eus
[ 66%] Built target visualization_msgs_generate_messages_py
[ 66%] Built target visualization_msgs_generate_messages_nodejs
[ 66%] Built target visualization_msgs_generate_messages_lisp
[ 66%] Built target autoware_config_msgs_generate_messages_nodejs
[ 66%] Built target visualization_msgs_generate_messages_cpp
[ 66%] Built target vector_map_server_generate_messages_nodejs
[ 66%] Built target vector_map_server_generate_messages_lisp
[ 66%] Built target vector_map_msgs_generate_messages_py
[ 66%] Built target vector_map_msgs_generate_messages_lisp
[ 66%] Built target vector_map_msgs_generate_messages_cpp
[ 66%] Built target tf2_msgs_generate_messages_py
[ 66%] Built target tf2_msgs_generate_messages_nodejs
[ 66%] Built target tf2_msgs_generate_messages_lisp
[ 66%] Built target actionlib_msgs_generate_messages_lisp
[ 66%] Built target autoware_system_msgs_generate_messages_eus
[ 66%] Built target autoware_msgs_generate_messages_py
[ 66%] Built target std_srvs_generate_messages_eus
[ 66%] Built target vector_map_msgs_generate_messages_eus
[ 66%] Built target tf_generate_messages_cpp
[ 66%] Built target actionlib_msgs_generate_messages_eus
[ 66%] Built target jsk_footstep_msgs_generate_messages_py
[ 66%] Built target actionlib_generate_messages_lisp
[ 66%] Built target actionlib_msgs_generate_messages_cpp
[ 66%] Built target sensor_msgs_generate_messages_eus
[ 66%] Built target tablet_socket_msgs_generate_messages_py
[ 66%] Built target actionlib_generate_messages_nodejs
[ 66%] Built target autoware_system_msgs_generate_messages_lisp
[ 66%] Built target actionlib_msgs_generate_messages_nodejs
[ 66%] Built target topic_tools_generate_messages_py
[ 66%] Built target jsk_footstep_msgs_generate_messages_nodejs
[ 66%] Built target dynamic_reconfigure_generate_messages_nodejs
[ 66%] Built target jsk_footstep_msgs_generate_messages_eus
[ 66%] Built target pcl_msgs_generate_messages_nodejs
[ 66%] Built target std_srvs_generate_messages_nodejs
[ 66%] Built target std_srvs_generate_messages_lisp
[ 66%] Built target pcl_msgs_generate_messages_eus
[ 66%] Built target jsk_footstep_msgs_generate_messages_cpp
[ 66%] Built target autoware_msgs_generate_messages_lisp
[ 66%] Built target rosgraph_msgs_generate_messages_cpp
[ 66%] Built target jsk_recognition_msgs_generate_messages_py
[ 66%] Built target jsk_recognition_msgs_generate_messages_nodejs
[ 66%] Built target actionlib_msgs_generate_messages_py
[ 66%] Built target std_msgs_generate_messages_nodejs
[ 66%] Built target geometry_msgs_generate_messages_lisp
[ 66%] Built target geometry_msgs_generate_messages_py
[ 66%] Built target jsk_recognition_msgs_generate_messages_lisp
[ 66%] Built target pcl_msgs_generate_messages_lisp
[ 66%] Built target bond_generate_messages_py
[ 66%] Built target autoware_msgs_generate_messages_eus
[ 66%] Built target std_msgs_generate_messages_lisp
[ 66%] Built target jsk_recognition_msgs_generate_messages_cpp
[ 66%] Built target geometry_msgs_generate_messages_eus
[ 66%] Built target geometry_msgs_generate_messages_nodejs
[ 66%] Built target jsk_footstep_msgs_generate_messages_lisp
[ 66%] Built target sensor_msgs_generate_messages_cpp
[ 66%] Built target geometry_msgs_generate_messages_cpp
[ 66%] Built target std_msgs_generate_messages_cpp
[ 66%] Built target sensor_msgs_generate_messages_nodejs
[ 66%] Built target autoware_msgs_generate_messages_cpp
[ 66%] Built target roscpp_generate_messages_cpp
[ 66%] Built target vector_map_server_generate_messages_cpp
[ 66%] Built target nodelet_generate_messages_py
[ 66%] Built target roscpp_generate_messages_eus
[ 66%] Built target bond_generate_messages_eus
[ 66%] Built target roscpp_generate_messages_lisp
[ 66%] Built target sensor_msgs_generate_messages_py
[ 66%] Built target roscpp_generate_messages_nodejs
[ 66%] Built target jsk_recognition_msgs_generate_messages_eus
[ 66%] Built target roscpp_generate_messages_py
[ 66%] Built target std_srvs_generate_messages_py
[ 66%] Built target tf_generate_messages_nodejs
[ 66%] Built target std_msgs_generate_messages_py
[ 66%] Built target rosgraph_msgs_generate_messages_eus
[ 66%] Built target rosgraph_msgs_generate_messages_lisp
[ 66%] Built target rosgraph_msgs_generate_messages_nodejs
[ 66%] Built target actionlib_generate_messages_cpp
[ 66%] Built target rosgraph_msgs_generate_messages_py
[ 66%] Built target tf_generate_messages_lisp
[ 66%] Built target dynamic_reconfigure_generate_messages_cpp
[ 66%] Built target dynamic_reconfigure_generate_messages_lisp
[ 66%] Built target actionlib_generate_messages_py
[ 66%] Built target dynamic_reconfigure_generate_messages_py
[ 66%] Built target autoware_config_msgs_generate_messages_cpp
[ 66%] Built target vector_map_msgs_generate_messages_nodejs
[ 66%] Built target dynamic_reconfigure_gencfg
[ 66%] Built target nodelet_generate_messages_cpp
[ 66%] Built target pcl_ros_gencfg
[ 66%] Built target tf2_msgs_generate_messages_eus
[ 66%] Built target visualization_msgs_generate_messages_eus
[ 66%] Built target vector_map_server_generate_messages_py
[ 66%] Built target pcl_msgs_generate_messages_py
[ 66%] Built target dynamic_reconfigure_generate_messages_eus
[ 66%] Built target bond_generate_messages_nodejs
[ 66%] Built target vector_map_server_generate_messages_eus
[ 66%] Built target nodelet_generate_messages_lisp
[ 66%] Built target nodelet_generate_messages_nodejs
[ 66%] Built target autoware_system_msgs_generate_messages_py
[ 66%] Built target bond_generate_messages_cpp
[ 66%] Built target bond_generate_messages_lisp
[ 66%] Built target nodelet_generate_messages_eus
[ 66%] Built target topic_tools_generate_messages_cpp
[ 66%] Built target topic_tools_generate_messages_eus
[ 66%] Built target nodelet_topic_tools_gencfg
[ 66%] Built target autoware_msgs_generate_messages_nodejs
[ 66%] Built target pcl_msgs_generate_messages_cpp
[ 66%] Built target std_srvs_generate_messages_cpp
[ 66%] Built target topic_tools_generate_messages_lisp
[ 66%] Built target sensor_msgs_generate_messages_lisp
[ 66%] Built target topic_tools_generate_messages_nodejs
[ 66%] Built target tf_generate_messages_eus
[ 66%] Built target tf_generate_messages_py
[ 66%] Built target std_msgs_generate_messages_eus
[ 66%] Built target actionlib_generate_messages_eus
[100%] Built target op_car_simulator
[36mInstall the project...[0m
-- Install configuration: "Release"
-- Installing: /home/daisuke/Autoware/ros/install/op_simulation_package/lib/pkgconfig/op_simulation_package.pc
-- Installing: /home/daisuke/Autoware/ros/install/op_simulation_package/share/op_simulation_package/cmake/op_simulation_packageConfig.cmake
-- Installing: /home/daisuke/Autoware/ros/install/op_simulation_package/share/op_simulation_package/cmake/op_simulation_packageConfig-version.cmake
-- Installing: /home/daisuke/Autoware/ros/install/op_simulation_package/share/op_simulation_package/package.xml
-- Installing: /home/daisuke/Autoware/ros/install/op_simulation_package/lib/op_simulation_package/op_car_simulator
-- Set runtime path of "/home/daisuke/Autoware/ros/install/op_simulation_package/lib/op_simulation_package/op_car_simulator" to ""
-- Installing: /home/daisuke/Autoware/ros/install/op_simulation_package/lib/op_simulation_package/op_perception_simulator
-- Set runtime path of "/home/daisuke/Autoware/ros/install/op_simulation_package/lib/op_simulation_package/op_perception_simulator" to ""
-- Installing: /home/daisuke/Autoware/ros/install/op_simulation_package/lib/op_simulation_package/op_signs_simulator
-- Set runtime path of "/home/daisuke/Autoware/ros/install/op_simulation_package/lib/op_simulation_package/op_signs_simulator" to ""
-- Installing: /home/daisuke/Autoware/ros/install/op_simulation_package/share/op_simulation_package/launch
-- Installing: /home/daisuke/Autoware/ros/install/op_simulation_package/share/op_simulation_package/launch/op_car_simulator_4.launch
-- Installing: /home/daisuke/Autoware/ros/install/op_simulation_package/share/op_simulation_package/launch/op_car_simulator_1.launch
-- Installing: /home/daisuke/Autoware/ros/install/op_simulation_package/share/op_simulation_package/launch/op_car_simulator_3.launch
-- Installing: /home/daisuke/Autoware/ros/install/op_simulation_package/share/op_simulation_package/launch/op_signs_simulator.launch
-- Installing: /home/daisuke/Autoware/ros/install/op_simulation_package/share/op_simulation_package/launch/op_car_simulator_2.launch
-- Installing: /home/daisuke/Autoware/ros/install/op_simulation_package/share/op_simulation_package/launch/op_car_simulator_5.launch
-- Installing: /home/daisuke/Autoware/ros/install/op_simulation_package/share/op_simulation_package/launch/op_perception_simulator.launch
