-- Using CATKIN_DEVEL_PREFIX: /home/daisuke/Autoware/ros/build/lane_planner/devel
-- Using CMAKE_PREFIX_PATH: /home/daisuke/Autoware/ros/install/waypoint_follower;/home/daisuke/Autoware/ros/install/vector_map;/home/daisuke/Autoware/ros/install/vector_map_msgs;/home/daisuke/Autoware/ros/install/tablet_socket;/home/daisuke/Autoware/ros/install/autoware_health_checker;/home/daisuke/Autoware/ros/install/tablet_socket_msgs;/home/daisuke/Autoware/ros/install/gnss;/home/daisuke/Autoware/ros/install/autoware_system_msgs;/home/daisuke/Autoware/ros/install/autoware_msgs;/home/daisuke/Autoware/ros/install/autoware_config_msgs;/home/daisuke/Autoware/ros/install/autoware_can_msgs;/home/daisuke/Autoware/ros/install/autoware_build_flags;/home/daisuke/Autoware/ros/devel;/opt/ros/kinetic
-- This workspace overlays: /home/daisuke/Autoware/ros/install/waypoint_follower;/home/daisuke/Autoware/ros/install/vector_map;/home/daisuke/Autoware/ros/install/vector_map_msgs;/home/daisuke/Autoware/ros/install/tablet_socket;/home/daisuke/Autoware/ros/install/autoware_health_checker;/home/daisuke/Autoware/ros/install/tablet_socket_msgs;/home/daisuke/Autoware/ros/install/gnss;/home/daisuke/Autoware/ros/install/autoware_system_msgs;/home/daisuke/Autoware/ros/install/autoware_msgs;/home/daisuke/Autoware/ros/install/autoware_config_msgs;/home/daisuke/Autoware/ros/install/autoware_can_msgs;/home/daisuke/Autoware/ros/install/autoware_build_flags;/opt/ros/kinetic
-- Using PYTHON_EXECUTABLE: /home/daisuke/pyenv/shims/python
-- Using Debian Python package layout
-- Using empy: /usr/bin/empy
-- Using CATKIN_ENABLE_TESTING: ON
-- Call enable_testing()
-- Using CATKIN_TEST_RESULTS_DIR: /home/daisuke/Autoware/ros/build/lane_planner/test_results
-- Found gmock sources under '/usr/src/gmock': gmock will be built
-- Found gtest sources under '/usr/src/gmock': gtests will be built
-- Using Python nosetests: /usr/bin/nosetests-2.7
-- catkin 0.7.14
-- Using these message generators: gencpp;geneus;genlisp;gennodejs;genpy
-- Configuring done
-- Generating done
-- Build files have been written to: /home/daisuke/Autoware/ros/build/lane_planner
[  0%] Built target autoware_system_msgs_generate_messages_cpp
[  0%] Built target std_srvs_generate_messages_lisp
[  0%] Built target autoware_config_msgs_generate_messages_py
[  0%] Built target autoware_system_msgs_generate_messages_nodejs
[  0%] Built target topic_tools_generate_messages_eus
[  0%] Built target topic_tools_generate_messages_py
[  0%] Built target topic_tools_generate_messages_lisp
[  0%] Built target std_srvs_generate_messages_nodejs
[  0%] Built target std_srvs_generate_messages_eus
[  0%] Built target bond_generate_messages_lisp
[  0%] Built target nodelet_topic_tools_gencfg
[  0%] Built target bond_generate_messages_eus
[  0%] Built target autoware_system_msgs_generate_messages_py
[  0%] Built target bond_generate_messages_cpp
[  0%] Built target nodelet_generate_messages_py
[  0%] Built target nodelet_generate_messages_lisp
[  0%] Built target nodelet_generate_messages_nodejs
[  0%] Built target nodelet_generate_messages_cpp
[  0%] Built target topic_tools_generate_messages_cpp
[  0%] Built target dynamic_reconfigure_generate_messages_lisp
[  0%] Built target nodelet_generate_messages_eus
[  0%] Built target dynamic_reconfigure_generate_messages_nodejs
[  0%] Built target dynamic_reconfigure_generate_messages_cpp
[  0%] Built target topic_tools_generate_messages_nodejs
[  0%] Built target autoware_can_msgs_generate_messages_nodejs
[  0%] Built target sensor_msgs_generate_messages_lisp
[  0%] Built target autoware_msgs_generate_messages_py
[  0%] Built target actionlib_msgs_generate_messages_lisp
[  0%] Built target jsk_footstep_msgs_generate_messages_py
[  0%] Built target actionlib_msgs_generate_messages_eus
[  0%] Built target autoware_system_msgs_generate_messages_eus
[  0%] Built target actionlib_msgs_generate_messages_cpp
[  0%] Built target actionlib_generate_messages_lisp
[  0%] Built target sensor_msgs_generate_messages_eus
[  0%] Built target autoware_system_msgs_generate_messages_lisp
[  0%] Built target actionlib_msgs_generate_messages_nodejs
[  0%] Built target jsk_footstep_msgs_generate_messages_nodejs
[  0%] Built target tf2_msgs_generate_messages_py
[  0%] Built target pcl_msgs_generate_messages_nodejs
[  0%] Built target jsk_footstep_msgs_generate_messages_eus
[  0%] Built target rosgraph_msgs_generate_messages_cpp
[  0%] Built target jsk_footstep_msgs_generate_messages_cpp
[  0%] Built target autoware_msgs_generate_messages_lisp
[  0%] Built target std_srvs_generate_messages_cpp
[  0%] Built target pcl_msgs_generate_messages_eus
[  0%] Built target autoware_msgs_generate_messages_nodejs
[  0%] Built target pcl_msgs_generate_messages_cpp
[  0%] Built target jsk_recognition_msgs_generate_messages_py
[  0%] Built target actionlib_msgs_generate_messages_py
[  0%] Built target jsk_recognition_msgs_generate_messages_nodejs
[  0%] Built target autoware_can_msgs_generate_messages_cpp
[  0%] Built target jsk_recognition_msgs_generate_messages_lisp
[  0%] Built target std_msgs_generate_messages_nodejs
[  0%] Built target geometry_msgs_generate_messages_lisp
[  0%] Built target bond_generate_messages_py
[  0%] Built target pcl_msgs_generate_messages_lisp
[  0%] Built target geometry_msgs_generate_messages_py
[  0%] Built target std_msgs_generate_messages_lisp
[  0%] Built target sensor_msgs_generate_messages_cpp
[  0%] Built target jsk_recognition_msgs_generate_messages_cpp
[  0%] Built target autoware_msgs_generate_messages_eus
[  0%] Built target geometry_msgs_generate_messages_cpp
[  0%] Built target jsk_footstep_msgs_generate_messages_lisp
[  0%] Built target std_msgs_generate_messages_cpp
[  0%] Built target tablet_socket_msgs_generate_messages_lisp
[  0%] Built target sensor_msgs_generate_messages_nodejs
[  0%] Built target bond_generate_messages_nodejs
[  0%] Built target pcl_msgs_generate_messages_py
[  0%] Built target actionlib_generate_messages_py
[  0%] Built target autoware_msgs_generate_messages_cpp
[  0%] Built target dynamic_reconfigure_generate_messages_py
[  0%] Built target dynamic_reconfigure_generate_messages_eus
[  0%] Built target roscpp_generate_messages_eus
[  0%] Built target tablet_socket_msgs_generate_messages_cpp
[  0%] Built target tablet_socket_msgs_generate_messages_py
[  0%] Built target actionlib_generate_messages_nodejs
[  0%] Built target roscpp_generate_messages_cpp
[  0%] Built target roscpp_generate_messages_lisp
[  0%] Built target sensor_msgs_generate_messages_py
[  0%] Built target roscpp_generate_messages_py
[  0%] Built target jsk_recognition_msgs_generate_messages_eus
[  0%] Built target roscpp_generate_messages_nodejs
[  0%] Built target tf_generate_messages_nodejs
[  0%] Built target std_msgs_generate_messages_py
[  0%] Built target std_srvs_generate_messages_py
[  0%] Built target rosgraph_msgs_generate_messages_eus
[  0%] Built target autoware_config_msgs_generate_messages_lisp
[  0%] Built target rosgraph_msgs_generate_messages_lisp
[  0%] Built target geometry_msgs_generate_messages_eus
[  0%] Built target rosgraph_msgs_generate_messages_py
[  0%] Built target tf_generate_messages_lisp
[  0%] Built target geometry_msgs_generate_messages_nodejs
[  0%] Built target actionlib_generate_messages_cpp
[  0%] Built target autoware_can_msgs_generate_messages_py
[  0%] Built target rosgraph_msgs_generate_messages_nodejs
[  0%] Built target tf_generate_messages_eus
[  0%] Built target tf_generate_messages_py
[  0%] Built target tf2_msgs_generate_messages_lisp
[  0%] Built target actionlib_generate_messages_eus
[  0%] Built target tf2_msgs_generate_messages_cpp
[  0%] Built target pcl_ros_gencfg
[  0%] Built target std_msgs_generate_messages_eus
[  0%] Built target tf2_msgs_generate_messages_eus
[  0%] Built target tf_generate_messages_cpp
[  0%] Built target tf2_msgs_generate_messages_nodejs
[  0%] Built target autoware_can_msgs_generate_messages_lisp
[  0%] Built target tablet_socket_msgs_generate_messages_nodejs
[  0%] Built target dynamic_reconfigure_gencfg
[  0%] Built target tablet_socket_msgs_generate_messages_eus
[  0%] Built target autoware_config_msgs_generate_messages_nodejs
[  0%] Built target autoware_config_msgs_generate_messages_cpp
[  0%] Built target autoware_config_msgs_generate_messages_eus
[  0%] Built target autoware_can_msgs_generate_messages_eus
[35m[1mScanning dependencies of target lane_select[0m
[ 16%] Built target lane_planner
[35m[1mScanning dependencies of target lane_navi[0m
[35m[1mScanning dependencies of target lane_stop[0m
[35m[1mScanning dependencies of target lane_rule[0m
[ 25%] [32mBuilding CXX object CMakeFiles/lane_select.dir/nodes/lane_select/hermite_curve.cpp.o[0m
[ 33%] [32mBuilding CXX object CMakeFiles/lane_select.dir/nodes/lane_select/lane_select_node.cpp.o[0m
[ 41%] [32mBuilding CXX object CMakeFiles/lane_select.dir/nodes/lane_select/lane_select_core.cpp.o[0m
[ 50%] [32mBuilding CXX object CMakeFiles/lane_stop.dir/nodes/lane_stop/lane_stop.cpp.o[0m
[ 58%] [32mBuilding CXX object CMakeFiles/lane_navi.dir/nodes/lane_navi/lane_navi.cpp.o[0m
[ 66%] [32mBuilding CXX object CMakeFiles/lane_rule.dir/nodes/lane_rule/lane_rule.cpp.o[0m
[ 75%] [32m[1mLinking CXX executable devel/lib/lane_planner/lane_stop[0m
[ 75%] Built target lane_stop
[ 83%] [32m[1mLinking CXX executable devel/lib/lane_planner/lane_navi[0m
[ 83%] Built target lane_navi
[ 91%] [32m[1mLinking CXX executable devel/lib/lane_planner/lane_rule[0m
[ 91%] Built target lane_rule
[100%] [32m[1mLinking CXX executable devel/lib/lane_planner/lane_select[0m
[100%] Built target lane_select
[ 33%] Built target gtest
[ 33%] Built target topic_tools_generate_messages_py
[ 33%] Built target topic_tools_generate_messages_lisp
[ 33%] Built target autoware_system_msgs_generate_messages_cpp
[ 33%] Built target autoware_system_msgs_generate_messages_nodejs
[ 33%] Built target nodelet_topic_tools_gencfg
[ 33%] Built target bond_generate_messages_lisp
[ 33%] Built target std_srvs_generate_messages_lisp
[ 33%] Built target std_srvs_generate_messages_eus
[ 33%] Built target bond_generate_messages_eus
[ 33%] Built target autoware_system_msgs_generate_messages_py
[ 33%] Built target nodelet_generate_messages_lisp
[ 33%] Built target bond_generate_messages_cpp
[ 33%] Built target nodelet_generate_messages_nodejs
[ 33%] Built target nodelet_generate_messages_py
[ 33%] Built target topic_tools_generate_messages_cpp
[ 33%] Built target nodelet_generate_messages_eus
[ 33%] Built target dynamic_reconfigure_generate_messages_nodejs
[ 33%] Built target nodelet_generate_messages_cpp
[ 33%] Built target dynamic_reconfigure_generate_messages_cpp
[ 33%] Built target dynamic_reconfigure_generate_messages_lisp
[ 33%] Built target topic_tools_generate_messages_nodejs
[ 33%] Built target actionlib_msgs_generate_messages_lisp
[ 33%] Built target autoware_system_msgs_generate_messages_eus
[ 33%] Built target autoware_msgs_generate_messages_py
[ 33%] Built target sensor_msgs_generate_messages_lisp
[ 33%] Built target autoware_can_msgs_generate_messages_nodejs
[ 33%] Built target actionlib_msgs_generate_messages_eus
[ 33%] Built target jsk_footstep_msgs_generate_messages_py
[ 33%] Built target std_srvs_generate_messages_nodejs
[ 33%] Built target actionlib_generate_messages_lisp
[ 33%] Built target actionlib_msgs_generate_messages_nodejs
[ 33%] Built target actionlib_msgs_generate_messages_cpp
[ 33%] Built target sensor_msgs_generate_messages_eus
[ 33%] Built target tf2_msgs_generate_messages_py
[ 33%] Built target jsk_footstep_msgs_generate_messages_nodejs
[ 33%] Built target pcl_msgs_generate_messages_nodejs
[ 33%] Built target jsk_footstep_msgs_generate_messages_eus
[ 33%] Built target jsk_footstep_msgs_generate_messages_cpp
[ 33%] Built target pcl_msgs_generate_messages_eus
[ 33%] Built target rosgraph_msgs_generate_messages_cpp
[ 33%] Built target autoware_msgs_generate_messages_lisp
[ 33%] Built target std_srvs_generate_messages_cpp
[ 33%] Built target autoware_msgs_generate_messages_nodejs
[ 33%] Built target pcl_msgs_generate_messages_cpp
[ 33%] Built target actionlib_msgs_generate_messages_py
[ 33%] Built target jsk_recognition_msgs_generate_messages_py
[ 33%] Built target jsk_recognition_msgs_generate_messages_nodejs
[ 33%] Built target autoware_can_msgs_generate_messages_cpp
[ 33%] Built target std_msgs_generate_messages_nodejs
[ 33%] Built target jsk_recognition_msgs_generate_messages_lisp
[ 33%] Built target autoware_system_msgs_generate_messages_lisp
[ 33%] Built target pcl_msgs_generate_messages_lisp
[ 33%] Built target geometry_msgs_generate_messages_py
[ 33%] Built target autoware_msgs_generate_messages_eus
[ 33%] Built target std_msgs_generate_messages_lisp
[ 33%] Built target bond_generate_messages_py
[ 33%] Built target jsk_recognition_msgs_generate_messages_cpp
[ 33%] Built target jsk_footstep_msgs_generate_messages_lisp
[ 33%] Built target std_msgs_generate_messages_cpp
[ 33%] Built target sensor_msgs_generate_messages_cpp
[ 33%] Built target geometry_msgs_generate_messages_cpp
[ 33%] Built target sensor_msgs_generate_messages_nodejs
[ 33%] Built target tablet_socket_msgs_generate_messages_lisp
[ 33%] Built target bond_generate_messages_nodejs
[ 33%] Built target pcl_msgs_generate_messages_py
[ 33%] Built target dynamic_reconfigure_generate_messages_py
[ 33%] Built target autoware_msgs_generate_messages_cpp
[ 33%] Built target dynamic_reconfigure_generate_messages_eus
[ 33%] Built target tablet_socket_msgs_generate_messages_cpp
[ 33%] Built target actionlib_generate_messages_py
[ 33%] Built target roscpp_generate_messages_cpp
[ 33%] Built target actionlib_generate_messages_nodejs
[ 33%] Built target tablet_socket_msgs_generate_messages_py
[ 33%] Built target roscpp_generate_messages_eus
[ 33%] Built target sensor_msgs_generate_messages_py
[ 33%] Built target roscpp_generate_messages_lisp
[ 33%] Built target topic_tools_generate_messages_eus
[ 33%] Built target roscpp_generate_messages_py
[ 33%] Built target roscpp_generate_messages_nodejs
[ 33%] Built target jsk_recognition_msgs_generate_messages_eus
[ 33%] Built target geometry_msgs_generate_messages_lisp
[ 33%] Built target std_msgs_generate_messages_py
[ 33%] Built target std_srvs_generate_messages_py
[ 33%] Built target rosgraph_msgs_generate_messages_lisp
[ 33%] Built target tf_generate_messages_nodejs
[ 33%] Built target autoware_config_msgs_generate_messages_lisp
[ 33%] Built target geometry_msgs_generate_messages_nodejs
[ 33%] Built target rosgraph_msgs_generate_messages_nodejs
[ 33%] Built target rosgraph_msgs_generate_messages_eus
[ 33%] Built target geometry_msgs_generate_messages_eus
[ 33%] Built target autoware_can_msgs_generate_messages_py
[ 33%] Built target tf_generate_messages_lisp
[ 33%] Built target actionlib_generate_messages_cpp
[ 33%] Built target tf_generate_messages_eus
[ 33%] Built target std_msgs_generate_messages_eus
[ 33%] Built target tf_generate_messages_py
[ 33%] Built target rosgraph_msgs_generate_messages_py
[ 33%] Built target tf2_msgs_generate_messages_lisp
[ 33%] Built target tf2_msgs_generate_messages_cpp
[ 33%] Built target actionlib_generate_messages_eus
[ 33%] Built target tf2_msgs_generate_messages_eus
[ 33%] Built target autoware_can_msgs_generate_messages_lisp
[ 33%] Built target pcl_ros_gencfg
[ 33%] Built target tf2_msgs_generate_messages_nodejs
[ 33%] Built target tablet_socket_msgs_generate_messages_eus
[ 33%] Built target autoware_config_msgs_generate_messages_nodejs
[ 33%] Built target autoware_can_msgs_generate_messages_eus
[ 33%] Built target tablet_socket_msgs_generate_messages_nodejs
[ 33%] Built target autoware_config_msgs_generate_messages_cpp
[ 33%] Built target tf_generate_messages_cpp
[ 33%] Built target dynamic_reconfigure_gencfg
[ 33%] Built target autoware_config_msgs_generate_messages_eus
[ 33%] Built target autoware_config_msgs_generate_messages_py
[35m[1mScanning dependencies of target test-lane_select[0m
[ 50%] [32mBuilding CXX object CMakeFiles/test-lane_select.dir/nodes/lane_select/lane_select_core.cpp.o[0m
[ 66%] [32mBuilding CXX object CMakeFiles/test-lane_select.dir/nodes/lane_select/hermite_curve.cpp.o[0m
[ 83%] [32mBuilding CXX object CMakeFiles/test-lane_select.dir/test/src/test_lane_select.cpp.o[0m
[100%] [32m[1mLinking CXX executable devel/lib/lane_planner/test-lane_select[0m
[100%] Built target test-lane_select
[100%] Built target tests
[  0%] Built target autoware_config_msgs_generate_messages_py
[  0%] Built target autoware_system_msgs_generate_messages_nodejs
[  0%] Built target autoware_system_msgs_generate_messages_cpp
[  0%] Built target topic_tools_generate_messages_py
[  0%] Built target topic_tools_generate_messages_lisp
[  0%] Built target topic_tools_generate_messages_eus
[  0%] Built target std_srvs_generate_messages_nodejs
[  0%] Built target std_srvs_generate_messages_lisp
[  0%] Built target std_srvs_generate_messages_eus
[  0%] Built target nodelet_topic_tools_gencfg
[  0%] Built target bond_generate_messages_lisp
[  0%] Built target bond_generate_messages_eus
[  0%] Built target autoware_system_msgs_generate_messages_py
[  0%] Built target bond_generate_messages_cpp
[  0%] Built target nodelet_generate_messages_py
[  0%] Built target nodelet_generate_messages_nodejs
[  0%] Built target nodelet_generate_messages_lisp
[  0%] Built target topic_tools_generate_messages_cpp
[  0%] Built target nodelet_generate_messages_eus
[  0%] Built target nodelet_generate_messages_cpp
[  0%] Built target dynamic_reconfigure_generate_messages_nodejs
[  0%] Built target dynamic_reconfigure_generate_messages_lisp
[  0%] Built target dynamic_reconfigure_generate_messages_cpp
[  0%] Built target topic_tools_generate_messages_nodejs
[  0%] Built target sensor_msgs_generate_messages_lisp
[  0%] Built target actionlib_msgs_generate_messages_lisp
[  0%] Built target autoware_system_msgs_generate_messages_eus
[  0%] Built target autoware_msgs_generate_messages_py
[  0%] Built target autoware_can_msgs_generate_messages_nodejs
[  0%] Built target actionlib_msgs_generate_messages_eus
[  0%] Built target jsk_footstep_msgs_generate_messages_py
[  0%] Built target actionlib_generate_messages_lisp
[  0%] Built target actionlib_msgs_generate_messages_cpp
[  0%] Built target sensor_msgs_generate_messages_eus
[  0%] Built target autoware_system_msgs_generate_messages_lisp
[  0%] Built target actionlib_msgs_generate_messages_nodejs
[  0%] Built target tf2_msgs_generate_messages_py
[  0%] Built target jsk_footstep_msgs_generate_messages_nodejs
[  0%] Built target jsk_footstep_msgs_generate_messages_eus
[  0%] Built target pcl_msgs_generate_messages_nodejs
[  0%] Built target pcl_msgs_generate_messages_eus
[  0%] Built target jsk_footstep_msgs_generate_messages_cpp
[  0%] Built target autoware_msgs_generate_messages_lisp
[  0%] Built target rosgraph_msgs_generate_messages_cpp
[  0%] Built target std_srvs_generate_messages_cpp
[  0%] Built target autoware_msgs_generate_messages_nodejs
[  0%] Built target pcl_msgs_generate_messages_cpp
[  0%] Built target jsk_recognition_msgs_generate_messages_py
[  0%] Built target jsk_recognition_msgs_generate_messages_nodejs
[  0%] Built target actionlib_msgs_generate_messages_py
[  0%] Built target autoware_can_msgs_generate_messages_cpp
[  0%] Built target std_msgs_generate_messages_nodejs
[  0%] Built target geometry_msgs_generate_messages_lisp
[  0%] Built target geometry_msgs_generate_messages_py
[  0%] Built target jsk_recognition_msgs_generate_messages_lisp
[  0%] Built target pcl_msgs_generate_messages_lisp
[  0%] Built target bond_generate_messages_py
[  0%] Built target autoware_msgs_generate_messages_eus
[  0%] Built target std_msgs_generate_messages_lisp
[  0%] Built target jsk_recognition_msgs_generate_messages_cpp
[  0%] Built target jsk_footstep_msgs_generate_messages_lisp
[  0%] Built target sensor_msgs_generate_messages_cpp
[  0%] Built target geometry_msgs_generate_messages_cpp
[  0%] Built target std_msgs_generate_messages_cpp
[  0%] Built target sensor_msgs_generate_messages_nodejs
[  0%] Built target tablet_socket_msgs_generate_messages_lisp
[  0%] Built target bond_generate_messages_nodejs
[  0%] Built target dynamic_reconfigure_generate_messages_eus
[  0%] Built target pcl_msgs_generate_messages_py
[  0%] Built target autoware_msgs_generate_messages_cpp
[  0%] Built target dynamic_reconfigure_generate_messages_py
[  0%] Built target actionlib_generate_messages_py
[  0%] Built target tablet_socket_msgs_generate_messages_cpp
[  0%] Built target actionlib_generate_messages_nodejs
[  0%] Built target tablet_socket_msgs_generate_messages_py
[  0%] Built target roscpp_generate_messages_cpp
[  0%] Built target roscpp_generate_messages_eus
[  0%] Built target roscpp_generate_messages_lisp
[  0%] Built target sensor_msgs_generate_messages_py
[  0%] Built target roscpp_generate_messages_nodejs
[  0%] Built target jsk_recognition_msgs_generate_messages_eus
[  0%] Built target roscpp_generate_messages_py
[  0%] Built target std_srvs_generate_messages_py
[  0%] Built target tf_generate_messages_nodejs
[  0%] Built target std_msgs_generate_messages_py
[  0%] Built target rosgraph_msgs_generate_messages_eus
[  0%] Built target autoware_config_msgs_generate_messages_lisp
[  0%] Built target rosgraph_msgs_generate_messages_lisp
[  0%] Built target geometry_msgs_generate_messages_eus
[  0%] Built target geometry_msgs_generate_messages_nodejs
[  0%] Built target autoware_can_msgs_generate_messages_py
[  0%] Built target rosgraph_msgs_generate_messages_nodejs
[  0%] Built target actionlib_generate_messages_cpp
[  0%] Built target rosgraph_msgs_generate_messages_py
[  0%] Built target tf_generate_messages_lisp
[  0%] Built target tf_generate_messages_eus
[  0%] Built target tf_generate_messages_py
[  0%] Built target std_msgs_generate_messages_eus
[  0%] Built target actionlib_generate_messages_eus
[  0%] Built target tf2_msgs_generate_messages_cpp
[  0%] Built target pcl_ros_gencfg
[  0%] Built target tf2_msgs_generate_messages_eus
[  0%] Built target tf2_msgs_generate_messages_lisp
[  0%] Built target autoware_can_msgs_generate_messages_lisp
[  0%] Built target tf2_msgs_generate_messages_nodejs
[  0%] Built target autoware_config_msgs_generate_messages_nodejs
[  0%] Built target tablet_socket_msgs_generate_messages_nodejs
[  0%] Built target tf_generate_messages_cpp
[  0%] Built target tablet_socket_msgs_generate_messages_eus
[  0%] Built target autoware_can_msgs_generate_messages_eus
[  0%] Built target dynamic_reconfigure_gencfg
[  0%] Built target autoware_config_msgs_generate_messages_cpp
[  0%] Built target autoware_config_msgs_generate_messages_eus
[ 16%] Built target lane_planner
[ 33%] Built target lane_navi
[ 50%] Built target lane_stop
[ 83%] Built target lane_select
[100%] Built target lane_rule
[36mInstall the project...[0m
-- Install configuration: "Release"
-- Installing: /home/daisuke/Autoware/ros/install/lane_planner/lib/pkgconfig/lane_planner.pc
-- Up-to-date: /home/daisuke/Autoware/ros/install/lane_planner/share/lane_planner/cmake/lane_plannerConfig.cmake
-- Up-to-date: /home/daisuke/Autoware/ros/install/lane_planner/share/lane_planner/cmake/lane_plannerConfig-version.cmake
-- Installing: /home/daisuke/Autoware/ros/install/lane_planner/share/lane_planner/package.xml
-- Up-to-date: /home/daisuke/Autoware/ros/install/lane_planner/include/lane_planner
-- Up-to-date: /home/daisuke/Autoware/ros/install/lane_planner/include/lane_planner/lane_planner_vmap.hpp
-- Installing: /home/daisuke/Autoware/ros/install/lane_planner/lib/lane_planner/lane_select
-- Set runtime path of "/home/daisuke/Autoware/ros/install/lane_planner/lib/lane_planner/lane_select" to ""
-- Installing: /home/daisuke/Autoware/ros/install/lane_planner/lib/lane_planner/lane_stop
-- Set runtime path of "/home/daisuke/Autoware/ros/install/lane_planner/lib/lane_planner/lane_stop" to ""
-- Installing: /home/daisuke/Autoware/ros/install/lane_planner/lib/lane_planner/lane_rule
-- Set runtime path of "/home/daisuke/Autoware/ros/install/lane_planner/lib/lane_planner/lane_rule" to ""
-- Installing: /home/daisuke/Autoware/ros/install/lane_planner/lib/lane_planner/lane_navi
-- Set runtime path of "/home/daisuke/Autoware/ros/install/lane_planner/lib/lane_planner/lane_navi" to ""
-- Up-to-date: /home/daisuke/Autoware/ros/install/lane_planner/lib/liblane_planner.so
-- Up-to-date: /home/daisuke/Autoware/ros/install/lane_planner/share/lane_planner/launch
-- Installing: /home/daisuke/Autoware/ros/install/lane_planner/share/lane_planner/launch/lane_select.launch
-- Up-to-date: /home/daisuke/Autoware/ros/install/lane_planner/share/lane_planner/launch/lane_navi.launch
