-- Using CATKIN_DEVEL_PREFIX: /home/daisuke/Autoware/ros/build/gnss/devel
-- Using CMAKE_PREFIX_PATH: /home/daisuke/Autoware/ros/devel;/opt/ros/kinetic
-- This workspace overlays: /opt/ros/kinetic
-- Using PYTHON_EXECUTABLE: /home/daisuke/pyenv/shims/python
-- Using Debian Python package layout
-- Using empy: /usr/bin/empy
-- Using CATKIN_ENABLE_TESTING: ON
-- Call enable_testing()
-- Using CATKIN_TEST_RESULTS_DIR: /home/daisuke/Autoware/ros/build/gnss/test_results
-- Found gmock sources under '/usr/src/gmock': gmock will be built
-- Found gtest sources under '/usr/src/gmock': gtests will be built
-- Using Python nosetests: /usr/bin/nosetests-2.7
-- catkin 0.7.14
-- Configuring done
-- Generating done
-- Build files have been written to: /home/daisuke/Autoware/ros/build/gnss
[100%] Built target gnss
Built target tests
[100%] Built target gnss
[36mInstall the project...[0m
-- Install configuration: "Release"
-- Installing: /home/daisuke/Autoware/ros/install/gnss/lib/pkgconfig/gnss.pc
-- Up-to-date: /home/daisuke/Autoware/ros/install/gnss/share/gnss/cmake/gnssConfig.cmake
-- Up-to-date: /home/daisuke/Autoware/ros/install/gnss/share/gnss/cmake/gnssConfig-version.cmake
-- Up-to-date: /home/daisuke/Autoware/ros/install/gnss/share/gnss/package.xml
-- Up-to-date: /home/daisuke/Autoware/ros/install/gnss/include/gnss
-- Up-to-date: /home/daisuke/Autoware/ros/install/gnss/include/gnss/geo_pos_conv.hpp
-- Up-to-date: /home/daisuke/Autoware/ros/install/gnss/lib/libgnss.so
