Invoking command in '/home/daisuke/Autoware/ros/build/vector_map_msgs': CMAKE_PREFIX_PATH=/home/daisuke/Autoware/ros/install/autoware_build_flags:${CMAKE_PREFIX_PATH} PKG_CONFIG_PATH=/home/daisuke/Autoware/ros/install/autoware_build_flags/lib/pkgconfig:${PKG_CONFIG_PATH} ROS_PACKAGE_PATH=/home/daisuke/Autoware/ros/install/autoware_build_flags/share:${ROS_PACKAGE_PATH} /usr/bin/cmake /home/daisuke/Autoware/ros/src/data/packages/vector_map_msgs -DCATKIN_INSTALL_INTO_PREFIX_ROOT=0 -DCMAKE_INSTALL_PREFIX=/home/daisuke/Autoware/ros/install/vector_map_msgs
-- Using CATKIN_DEVEL_PREFIX: /home/daisuke/Autoware/ros/build/vector_map_msgs/devel
-- Using CMAKE_PREFIX_PATH: /home/daisuke/Autoware/ros/install/autoware_build_flags;/home/daisuke/Autoware/ros/devel;/opt/ros/kinetic
-- This workspace overlays: /home/daisuke/Autoware/ros/install/autoware_build_flags;/opt/ros/kinetic
-- Using PYTHON_EXECUTABLE: /home/daisuke/pyenv/shims/python
-- Using Debian Python package layout
-- Using empy: /usr/bin/empy
-- Using CATKIN_ENABLE_TESTING: ON
-- Call enable_testing()
-- Using CATKIN_TEST_RESULTS_DIR: /home/daisuke/Autoware/ros/build/vector_map_msgs/test_results
-- Found gmock sources under '/usr/src/gmock': gmock will be built
-- Found gtest sources under '/usr/src/gmock': gtests will be built
-- Using Python nosetests: /usr/bin/nosetests-2.7
-- catkin 0.7.14
-- Using these message generators: gencpp;geneus;genlisp;gennodejs;genpy
-- vector_map_msgs: 64 messages, 0 services
-- Configuring done
-- Generating done
-- Build files have been written to: /home/daisuke/Autoware/ros/build/vector_map_msgs
Invoked command in '/home/daisuke/Autoware/ros/build/vector_map_msgs' returned '0': CMAKE_PREFIX_PATH=/home/daisuke/Autoware/ros/install/autoware_build_flags:${CMAKE_PREFIX_PATH} PKG_CONFIG_PATH=/home/daisuke/Autoware/ros/install/autoware_build_flags/lib/pkgconfig:${PKG_CONFIG_PATH} ROS_PACKAGE_PATH=/home/daisuke/Autoware/ros/install/autoware_build_flags/share:${ROS_PACKAGE_PATH} /usr/bin/cmake /home/daisuke/Autoware/ros/src/data/packages/vector_map_msgs -DCATKIN_INSTALL_INTO_PREFIX_ROOT=0 -DCMAKE_INSTALL_PREFIX=/home/daisuke/Autoware/ros/install/vector_map_msgs
Invoking command in '/home/daisuke/Autoware/ros/build/vector_map_msgs': CMAKE_PREFIX_PATH=/home/daisuke/Autoware/ros/install/autoware_build_flags:${CMAKE_PREFIX_PATH} PKG_CONFIG_PATH=/home/daisuke/Autoware/ros/install/autoware_build_flags/lib/pkgconfig:${PKG_CONFIG_PATH} ROS_PACKAGE_PATH=/home/daisuke/Autoware/ros/install/autoware_build_flags/share:${ROS_PACKAGE_PATH} /usr/bin/cmake --build /home/daisuke/Autoware/ros/build/vector_map_msgs -- -j8 -l8
[  0%] Built target _vector_map_msgs_generate_messages_check_deps_Box
[  0%] Built target _vector_map_msgs_generate_messages_check_deps_RoadEdge
[  0%] Built target _vector_map_msgs_generate_messages_check_deps_Wall
[  0%] Built target _vector_map_msgs_generate_messages_check_deps_SignalArray
[  0%] Built target _vector_map_msgs_generate_messages_check_deps_CrossWalkArray
[  0%] Built target _vector_map_msgs_generate_messages_check_deps_StreetLight
[  0%] Built target _vector_map_msgs_generate_messages_check_deps_Curb
[  0%] Built target _vector_map_msgs_generate_messages_check_deps_CrossWalk
[  0%] Built target _vector_map_msgs_generate_messages_check_deps_Vector
[  0%] Built target _vector_map_msgs_generate_messages_check_deps_WhiteLine
[  0%] Built target _vector_map_msgs_generate_messages_check_deps_CrossRoadArray
[  0%] Built target _vector_map_msgs_generate_messages_check_deps_RoadMark
[  0%] Built target _vector_map_msgs_generate_messages_check_deps_BoxArray
[  0%] Built target _vector_map_msgs_generate_messages_check_deps_Node
[  0%] Built target _vector_map_msgs_generate_messages_check_deps_Pole
[  0%] Built target _vector_map_msgs_generate_messages_check_deps_Line
[  0%] Built target _vector_map_msgs_generate_messages_check_deps_DriveOnPortionArray
[  0%] Built target _vector_map_msgs_generate_messages_check_deps_DTLane
[  0%] Built target _vector_map_msgs_generate_messages_check_deps_RoadPoleArray
[  0%] Built target _vector_map_msgs_generate_messages_check_deps_WallArray
[  0%] Built target _vector_map_msgs_generate_messages_check_deps_CurveMirrorArray
[  0%] Built target _vector_map_msgs_generate_messages_check_deps_GutterArray
[  0%] Built target _vector_map_msgs_generate_messages_check_deps_DTLaneArray
[  0%] Built target _vector_map_msgs_generate_messages_check_deps_FenceArray
[  0%] Built target _vector_map_msgs_generate_messages_check_deps_UtilityPole
[  0%] Built target _vector_map_msgs_generate_messages_check_deps_SideWalk
[  0%] Built target _vector_map_msgs_generate_messages_check_deps_RoadPole
[  0%] Built target _vector_map_msgs_generate_messages_check_deps_StopLineArray
[  0%] Built target _vector_map_msgs_generate_messages_check_deps_RoadSign
[  0%] Built target _vector_map_msgs_generate_messages_check_deps_Gutter
[  0%] Built target _vector_map_msgs_generate_messages_check_deps_RoadSignArray
[  0%] Built target _vector_map_msgs_generate_messages_check_deps_UtilityPoleArray
[  0%] Built target _vector_map_msgs_generate_messages_check_deps_Fence
[  0%] Built target _vector_map_msgs_generate_messages_check_deps_RailCrossing
[  0%] Built target _vector_map_msgs_generate_messages_check_deps_GuardRail
[  0%] Built target _vector_map_msgs_generate_messages_check_deps_Signal
[  0%] Built target _vector_map_msgs_generate_messages_check_deps_ZebraZone
[  0%] Built target _vector_map_msgs_generate_messages_check_deps_GuardRailArray
[  0%] Built target _vector_map_msgs_generate_messages_check_deps_Area
[  0%] Built target _vector_map_msgs_generate_messages_check_deps_WayArea
[  0%] Built target _vector_map_msgs_generate_messages_check_deps_Lane
[  0%] Built target _vector_map_msgs_generate_messages_check_deps_PoleArray
[  0%] Built target _vector_map_msgs_generate_messages_check_deps_StreetLightArray
[  0%] Built target _vector_map_msgs_generate_messages_check_deps_DriveOnPortion
[  0%] Built target _vector_map_msgs_generate_messages_check_deps_CurbArray
[  0%] Built target _vector_map_msgs_generate_messages_check_deps_NodeArray
[  0%] Built target _vector_map_msgs_generate_messages_check_deps_ZebraZoneArray
[  0%] Built target _vector_map_msgs_generate_messages_check_deps_WhiteLineArray
[  0%] Built target _vector_map_msgs_generate_messages_check_deps_LineArray
[  0%] Built target std_msgs_generate_messages_nodejs
[  0%] Built target _vector_map_msgs_generate_messages_check_deps_RoadMarkArray
[  0%] Built target _vector_map_msgs_generate_messages_check_deps_SideStrip
[  0%] Built target _vector_map_msgs_generate_messages_check_deps_StopLine
[  0%] Built target _vector_map_msgs_generate_messages_check_deps_SideWalkArray
[  0%] Built target _vector_map_msgs_generate_messages_check_deps_WayAreaArray
[  0%] Built target _vector_map_msgs_generate_messages_check_deps_RoadEdgeArray
[  0%] Built target _vector_map_msgs_generate_messages_check_deps_CrossRoad
[  0%] Built target _vector_map_msgs_generate_messages_check_deps_VectorArray
[  0%] Built target _vector_map_msgs_generate_messages_check_deps_RailCrossingArray
[  0%] Built target _vector_map_msgs_generate_messages_check_deps_PointArray
[  0%] Built target std_msgs_generate_messages_eus
[  0%] Built target _vector_map_msgs_generate_messages_check_deps_AreaArray
[  0%] Built target std_msgs_generate_messages_cpp
[  0%] Built target std_msgs_generate_messages_py
[  0%] Built target std_msgs_generate_messages_lisp
[  0%] Built target _vector_map_msgs_generate_messages_check_deps_CurveMirror
[  0%] Built target _vector_map_msgs_generate_messages_check_deps_Point
[  0%] Built target _vector_map_msgs_generate_messages_check_deps_SideStripArray
[  0%] Built target _vector_map_msgs_generate_messages_check_deps_LaneArray
[ 19%] Built target vector_map_msgs_generate_messages_lisp
[ 39%] Built target vector_map_msgs_generate_messages_nodejs
[ 58%] Built target vector_map_msgs_generate_messages_cpp
[ 91%] Built target vector_map_msgs_generate_messages_py
[100%] Built target vector_map_msgs_generate_messages_eus
[100%] Built target vector_map_msgs_generate_messages
Invoked command in '/home/daisuke/Autoware/ros/build/vector_map_msgs' returned '0': CMAKE_PREFIX_PATH=/home/daisuke/Autoware/ros/install/autoware_build_flags:${CMAKE_PREFIX_PATH} PKG_CONFIG_PATH=/home/daisuke/Autoware/ros/install/autoware_build_flags/lib/pkgconfig:${PKG_CONFIG_PATH} ROS_PACKAGE_PATH=/home/daisuke/Autoware/ros/install/autoware_build_flags/share:${ROS_PACKAGE_PATH} /usr/bin/cmake --build /home/daisuke/Autoware/ros/build/vector_map_msgs -- -j8 -l8
Invoking command in '/home/daisuke/Autoware/ros/build/vector_map_msgs': CMAKE_PREFIX_PATH=/home/daisuke/Autoware/ros/install/autoware_build_flags:${CMAKE_PREFIX_PATH} PKG_CONFIG_PATH=/home/daisuke/Autoware/ros/install/autoware_build_flags/lib/pkgconfig:${PKG_CONFIG_PATH} ROS_PACKAGE_PATH=/home/daisuke/Autoware/ros/install/autoware_build_flags/share:${ROS_PACKAGE_PATH} /usr/bin/cmake --build /home/daisuke/Autoware/ros/build/vector_map_msgs --target tests -- -j8 -l8
Built target tests
Invoked command in '/home/daisuke/Autoware/ros/build/vector_map_msgs' returned '0': CMAKE_PREFIX_PATH=/home/daisuke/Autoware/ros/install/autoware_build_flags:${CMAKE_PREFIX_PATH} PKG_CONFIG_PATH=/home/daisuke/Autoware/ros/install/autoware_build_flags/lib/pkgconfig:${PKG_CONFIG_PATH} ROS_PACKAGE_PATH=/home/daisuke/Autoware/ros/install/autoware_build_flags/share:${ROS_PACKAGE_PATH} /usr/bin/cmake --build /home/daisuke/Autoware/ros/build/vector_map_msgs --target tests -- -j8 -l8
Invoking command in '/home/daisuke/Autoware/ros/build/vector_map_msgs': CMAKE_PREFIX_PATH=/home/daisuke/Autoware/ros/install/autoware_build_flags:${CMAKE_PREFIX_PATH} PKG_CONFIG_PATH=/home/daisuke/Autoware/ros/install/autoware_build_flags/lib/pkgconfig:${PKG_CONFIG_PATH} ROS_PACKAGE_PATH=/home/daisuke/Autoware/ros/install/autoware_build_flags/share:${ROS_PACKAGE_PATH} /usr/bin/cmake --build /home/daisuke/Autoware/ros/build/vector_map_msgs --target install
[  0%] Built target _vector_map_msgs_generate_messages_check_deps_CrossWalkArray
[  0%] Built target _vector_map_msgs_generate_messages_check_deps_StreetLight
[  0%] Built target _vector_map_msgs_generate_messages_check_deps_Curb
[  0%] Built target _vector_map_msgs_generate_messages_check_deps_Wall
[  0%] Built target _vector_map_msgs_generate_messages_check_deps_CrossWalk
[  0%] Built target _vector_map_msgs_generate_messages_check_deps_Box
[  0%] Built target _vector_map_msgs_generate_messages_check_deps_RoadEdge
[  0%] Built target _vector_map_msgs_generate_messages_check_deps_SignalArray
[  0%] Built target _vector_map_msgs_generate_messages_check_deps_Vector
[  0%] Built target _vector_map_msgs_generate_messages_check_deps_WhiteLine
[  0%] Built target _vector_map_msgs_generate_messages_check_deps_CrossRoadArray
[  0%] Built target _vector_map_msgs_generate_messages_check_deps_RoadMark
[  0%] Built target _vector_map_msgs_generate_messages_check_deps_BoxArray
[  0%] Built target _vector_map_msgs_generate_messages_check_deps_Line
[  0%] Built target _vector_map_msgs_generate_messages_check_deps_Pole
[  0%] Built target _vector_map_msgs_generate_messages_check_deps_Node
[  0%] Built target _vector_map_msgs_generate_messages_check_deps_WallArray
[  0%] Built target _vector_map_msgs_generate_messages_check_deps_CurveMirrorArray
[  0%] Built target _vector_map_msgs_generate_messages_check_deps_RoadPoleArray
[  0%] Built target _vector_map_msgs_generate_messages_check_deps_DriveOnPortionArray
[  0%] Built target _vector_map_msgs_generate_messages_check_deps_DTLane
[  0%] Built target _vector_map_msgs_generate_messages_check_deps_DTLaneArray
[  0%] Built target _vector_map_msgs_generate_messages_check_deps_FenceArray
[  0%] Built target _vector_map_msgs_generate_messages_check_deps_GutterArray
[  0%] Built target _vector_map_msgs_generate_messages_check_deps_UtilityPole
[  0%] Built target _vector_map_msgs_generate_messages_check_deps_SideWalk
[  0%] Built target _vector_map_msgs_generate_messages_check_deps_StopLineArray
[  0%] Built target _vector_map_msgs_generate_messages_check_deps_Gutter
[  0%] Built target _vector_map_msgs_generate_messages_check_deps_RoadPole
[  0%] Built target _vector_map_msgs_generate_messages_check_deps_RoadSign
[  0%] Built target _vector_map_msgs_generate_messages_check_deps_RoadSignArray
[  0%] Built target _vector_map_msgs_generate_messages_check_deps_UtilityPoleArray
[  0%] Built target _vector_map_msgs_generate_messages_check_deps_RailCrossing
[  0%] Built target _vector_map_msgs_generate_messages_check_deps_GuardRail
[  0%] Built target _vector_map_msgs_generate_messages_check_deps_Fence
[  0%] Built target _vector_map_msgs_generate_messages_check_deps_ZebraZone
[  0%] Built target _vector_map_msgs_generate_messages_check_deps_GuardRailArray
[  0%] Built target _vector_map_msgs_generate_messages_check_deps_Signal
[  0%] Built target _vector_map_msgs_generate_messages_check_deps_Area
[  0%] Built target _vector_map_msgs_generate_messages_check_deps_WayArea
[  0%] Built target _vector_map_msgs_generate_messages_check_deps_Lane
[  0%] Built target _vector_map_msgs_generate_messages_check_deps_PoleArray
[  0%] Built target _vector_map_msgs_generate_messages_check_deps_StreetLightArray
[  0%] Built target _vector_map_msgs_generate_messages_check_deps_NodeArray
[  0%] Built target _vector_map_msgs_generate_messages_check_deps_CurbArray
[  0%] Built target _vector_map_msgs_generate_messages_check_deps_DriveOnPortion
[  0%] Built target _vector_map_msgs_generate_messages_check_deps_ZebraZoneArray
[  0%] Built target _vector_map_msgs_generate_messages_check_deps_WhiteLineArray
[  0%] Built target _vector_map_msgs_generate_messages_check_deps_LineArray
[  0%] Built target _vector_map_msgs_generate_messages_check_deps_RoadMarkArray
[  0%] Built target _vector_map_msgs_generate_messages_check_deps_SideStrip
[  0%] Built target _vector_map_msgs_generate_messages_check_deps_WayAreaArray
[  0%] Built target _vector_map_msgs_generate_messages_check_deps_StopLine
[  0%] Built target _vector_map_msgs_generate_messages_check_deps_SideWalkArray
[  0%] Built target _vector_map_msgs_generate_messages_check_deps_RoadEdgeArray
[  0%] Built target std_msgs_generate_messages_nodejs
[  0%] Built target _vector_map_msgs_generate_messages_check_deps_VectorArray
[  0%] Built target _vector_map_msgs_generate_messages_check_deps_CrossRoad
[  0%] Built target _vector_map_msgs_generate_messages_check_deps_PointArray
[  0%] Built target _vector_map_msgs_generate_messages_check_deps_RailCrossingArray
[  0%] Built target _vector_map_msgs_generate_messages_check_deps_AreaArray
[  0%] Built target _vector_map_msgs_generate_messages_check_deps_CurveMirror
[  0%] Built target _vector_map_msgs_generate_messages_check_deps_Point
[  0%] Built target _vector_map_msgs_generate_messages_check_deps_SideStripArray
[  0%] Built target _vector_map_msgs_generate_messages_check_deps_LaneArray
[ 19%] Built target vector_map_msgs_generate_messages_nodejs
[ 19%] Built target std_msgs_generate_messages_eus
[ 40%] Built target vector_map_msgs_generate_messages_eus
[ 40%] Built target std_msgs_generate_messages_cpp
[ 59%] Built target vector_map_msgs_generate_messages_cpp
[ 59%] Built target std_msgs_generate_messages_py
[ 80%] Built target vector_map_msgs_generate_messages_py
[ 80%] Built target std_msgs_generate_messages_lisp
[100%] Built target vector_map_msgs_generate_messages_lisp
[100%] Built target vector_map_msgs_generate_messages
[36mInstall the project...[0m
-- Install configuration: "Release"
-- Up-to-date: /home/daisuke/Autoware/ros/install/vector_map_msgs/share/vector_map_msgs/msg/Point.msg
-- Up-to-date: /home/daisuke/Autoware/ros/install/vector_map_msgs/share/vector_map_msgs/msg/PointArray.msg
-- Up-to-date: /home/daisuke/Autoware/ros/install/vector_map_msgs/share/vector_map_msgs/msg/Vector.msg
-- Up-to-date: /home/daisuke/Autoware/ros/install/vector_map_msgs/share/vector_map_msgs/msg/VectorArray.msg
-- Up-to-date: /home/daisuke/Autoware/ros/install/vector_map_msgs/share/vector_map_msgs/msg/Line.msg
-- Up-to-date: /home/daisuke/Autoware/ros/install/vector_map_msgs/share/vector_map_msgs/msg/LineArray.msg
-- Up-to-date: /home/daisuke/Autoware/ros/install/vector_map_msgs/share/vector_map_msgs/msg/Area.msg
-- Up-to-date: /home/daisuke/Autoware/ros/install/vector_map_msgs/share/vector_map_msgs/msg/AreaArray.msg
-- Up-to-date: /home/daisuke/Autoware/ros/install/vector_map_msgs/share/vector_map_msgs/msg/Pole.msg
-- Up-to-date: /home/daisuke/Autoware/ros/install/vector_map_msgs/share/vector_map_msgs/msg/PoleArray.msg
-- Up-to-date: /home/daisuke/Autoware/ros/install/vector_map_msgs/share/vector_map_msgs/msg/Box.msg
-- Up-to-date: /home/daisuke/Autoware/ros/install/vector_map_msgs/share/vector_map_msgs/msg/BoxArray.msg
-- Up-to-date: /home/daisuke/Autoware/ros/install/vector_map_msgs/share/vector_map_msgs/msg/DTLane.msg
-- Up-to-date: /home/daisuke/Autoware/ros/install/vector_map_msgs/share/vector_map_msgs/msg/DTLaneArray.msg
-- Up-to-date: /home/daisuke/Autoware/ros/install/vector_map_msgs/share/vector_map_msgs/msg/Node.msg
-- Up-to-date: /home/daisuke/Autoware/ros/install/vector_map_msgs/share/vector_map_msgs/msg/NodeArray.msg
-- Up-to-date: /home/daisuke/Autoware/ros/install/vector_map_msgs/share/vector_map_msgs/msg/Lane.msg
-- Up-to-date: /home/daisuke/Autoware/ros/install/vector_map_msgs/share/vector_map_msgs/msg/LaneArray.msg
-- Up-to-date: /home/daisuke/Autoware/ros/install/vector_map_msgs/share/vector_map_msgs/msg/WayArea.msg
-- Up-to-date: /home/daisuke/Autoware/ros/install/vector_map_msgs/share/vector_map_msgs/msg/WayAreaArray.msg
-- Up-to-date: /home/daisuke/Autoware/ros/install/vector_map_msgs/share/vector_map_msgs/msg/RoadEdge.msg
-- Up-to-date: /home/daisuke/Autoware/ros/install/vector_map_msgs/share/vector_map_msgs/msg/RoadEdgeArray.msg
-- Up-to-date: /home/daisuke/Autoware/ros/install/vector_map_msgs/share/vector_map_msgs/msg/Gutter.msg
-- Up-to-date: /home/daisuke/Autoware/ros/install/vector_map_msgs/share/vector_map_msgs/msg/GutterArray.msg
-- Up-to-date: /home/daisuke/Autoware/ros/install/vector_map_msgs/share/vector_map_msgs/msg/Curb.msg
-- Up-to-date: /home/daisuke/Autoware/ros/install/vector_map_msgs/share/vector_map_msgs/msg/CurbArray.msg
-- Up-to-date: /home/daisuke/Autoware/ros/install/vector_map_msgs/share/vector_map_msgs/msg/WhiteLine.msg
-- Up-to-date: /home/daisuke/Autoware/ros/install/vector_map_msgs/share/vector_map_msgs/msg/WhiteLineArray.msg
-- Up-to-date: /home/daisuke/Autoware/ros/install/vector_map_msgs/share/vector_map_msgs/msg/StopLine.msg
-- Up-to-date: /home/daisuke/Autoware/ros/install/vector_map_msgs/share/vector_map_msgs/msg/StopLineArray.msg
-- Up-to-date: /home/daisuke/Autoware/ros/install/vector_map_msgs/share/vector_map_msgs/msg/ZebraZone.msg
-- Up-to-date: /home/daisuke/Autoware/ros/install/vector_map_msgs/share/vector_map_msgs/msg/ZebraZoneArray.msg
-- Up-to-date: /home/daisuke/Autoware/ros/install/vector_map_msgs/share/vector_map_msgs/msg/CrossWalk.msg
-- Up-to-date: /home/daisuke/Autoware/ros/install/vector_map_msgs/share/vector_map_msgs/msg/CrossWalkArray.msg
-- Up-to-date: /home/daisuke/Autoware/ros/install/vector_map_msgs/share/vector_map_msgs/msg/RoadMark.msg
-- Up-to-date: /home/daisuke/Autoware/ros/install/vector_map_msgs/share/vector_map_msgs/msg/RoadMarkArray.msg
-- Up-to-date: /home/daisuke/Autoware/ros/install/vector_map_msgs/share/vector_map_msgs/msg/RoadPole.msg
-- Up-to-date: /home/daisuke/Autoware/ros/install/vector_map_msgs/share/vector_map_msgs/msg/RoadPoleArray.msg
-- Up-to-date: /home/daisuke/Autoware/ros/install/vector_map_msgs/share/vector_map_msgs/msg/RoadSign.msg
-- Up-to-date: /home/daisuke/Autoware/ros/install/vector_map_msgs/share/vector_map_msgs/msg/RoadSignArray.msg
-- Up-to-date: /home/daisuke/Autoware/ros/install/vector_map_msgs/share/vector_map_msgs/msg/Signal.msg
-- Up-to-date: /home/daisuke/Autoware/ros/install/vector_map_msgs/share/vector_map_msgs/msg/SignalArray.msg
-- Up-to-date: /home/daisuke/Autoware/ros/install/vector_map_msgs/share/vector_map_msgs/msg/StreetLight.msg
-- Up-to-date: /home/daisuke/Autoware/ros/install/vector_map_msgs/share/vector_map_msgs/msg/StreetLightArray.msg
-- Up-to-date: /home/daisuke/Autoware/ros/install/vector_map_msgs/share/vector_map_msgs/msg/UtilityPole.msg
-- Up-to-date: /home/daisuke/Autoware/ros/install/vector_map_msgs/share/vector_map_msgs/msg/UtilityPoleArray.msg
-- Up-to-date: /home/daisuke/Autoware/ros/install/vector_map_msgs/share/vector_map_msgs/msg/GuardRail.msg
-- Up-to-date: /home/daisuke/Autoware/ros/install/vector_map_msgs/share/vector_map_msgs/msg/GuardRailArray.msg
-- Up-to-date: /home/daisuke/Autoware/ros/install/vector_map_msgs/share/vector_map_msgs/msg/SideWalk.msg
-- Up-to-date: /home/daisuke/Autoware/ros/install/vector_map_msgs/share/vector_map_msgs/msg/SideWalkArray.msg
-- Up-to-date: /home/daisuke/Autoware/ros/install/vector_map_msgs/share/vector_map_msgs/msg/DriveOnPortion.msg
-- Up-to-date: /home/daisuke/Autoware/ros/install/vector_map_msgs/share/vector_map_msgs/msg/DriveOnPortionArray.msg
-- Up-to-date: /home/daisuke/Autoware/ros/install/vector_map_msgs/share/vector_map_msgs/msg/CrossRoad.msg
-- Up-to-date: /home/daisuke/Autoware/ros/install/vector_map_msgs/share/vector_map_msgs/msg/CrossRoadArray.msg
-- Up-to-date: /home/daisuke/Autoware/ros/install/vector_map_msgs/share/vector_map_msgs/msg/SideStrip.msg
-- Up-to-date: /home/daisuke/Autoware/ros/install/vector_map_msgs/share/vector_map_msgs/msg/SideStripArray.msg
-- Up-to-date: /home/daisuke/Autoware/ros/install/vector_map_msgs/share/vector_map_msgs/msg/CurveMirror.msg
-- Up-to-date: /home/daisuke/Autoware/ros/install/vector_map_msgs/share/vector_map_msgs/msg/CurveMirrorArray.msg
-- Up-to-date: /home/daisuke/Autoware/ros/install/vector_map_msgs/share/vector_map_msgs/msg/Wall.msg
-- Up-to-date: /home/daisuke/Autoware/ros/install/vector_map_msgs/share/vector_map_msgs/msg/WallArray.msg
-- Up-to-date: /home/daisuke/Autoware/ros/install/vector_map_msgs/share/vector_map_msgs/msg/Fence.msg
-- Up-to-date: /home/daisuke/Autoware/ros/install/vector_map_msgs/share/vector_map_msgs/msg/FenceArray.msg
-- Up-to-date: /home/daisuke/Autoware/ros/install/vector_map_msgs/share/vector_map_msgs/msg/RailCrossing.msg
-- Up-to-date: /home/daisuke/Autoware/ros/install/vector_map_msgs/share/vector_map_msgs/msg/RailCrossingArray.msg
-- Up-to-date: /home/daisuke/Autoware/ros/install/vector_map_msgs/share/vector_map_msgs/cmake/vector_map_msgs-msg-paths.cmake
-- Up-to-date: /home/daisuke/Autoware/ros/install/vector_map_msgs/include/vector_map_msgs
-- Up-to-date: /home/daisuke/Autoware/ros/install/vector_map_msgs/include/vector_map_msgs/GuardRailArray.h
-- Up-to-date: /home/daisuke/Autoware/ros/install/vector_map_msgs/include/vector_map_msgs/RailCrossing.h
-- Up-to-date: /home/daisuke/Autoware/ros/install/vector_map_msgs/include/vector_map_msgs/StopLine.h
-- Up-to-date: /home/daisuke/Autoware/ros/install/vector_map_msgs/include/vector_map_msgs/Fence.h
-- Up-to-date: /home/daisuke/Autoware/ros/install/vector_map_msgs/include/vector_map_msgs/RoadSignArray.h
-- Up-to-date: /home/daisuke/Autoware/ros/install/vector_map_msgs/include/vector_map_msgs/RoadPoleArray.h
-- Up-to-date: /home/daisuke/Autoware/ros/install/vector_map_msgs/include/vector_map_msgs/Signal.h
-- Up-to-date: /home/daisuke/Autoware/ros/install/vector_map_msgs/include/vector_map_msgs/DTLane.h
-- Up-to-date: /home/daisuke/Autoware/ros/install/vector_map_msgs/include/vector_map_msgs/GutterArray.h
-- Up-to-date: /home/daisuke/Autoware/ros/install/vector_map_msgs/include/vector_map_msgs/SideStrip.h
-- Up-to-date: /home/daisuke/Autoware/ros/install/vector_map_msgs/include/vector_map_msgs/StreetLightArray.h
-- Up-to-date: /home/daisuke/Autoware/ros/install/vector_map_msgs/include/vector_map_msgs/Box.h
-- Up-to-date: /home/daisuke/Autoware/ros/install/vector_map_msgs/include/vector_map_msgs/CrossWalkArray.h
-- Up-to-date: /home/daisuke/Autoware/ros/install/vector_map_msgs/include/vector_map_msgs/GuardRail.h
-- Up-to-date: /home/daisuke/Autoware/ros/install/vector_map_msgs/include/vector_map_msgs/UtilityPoleArray.h
-- Up-to-date: /home/daisuke/Autoware/ros/install/vector_map_msgs/include/vector_map_msgs/FenceArray.h
-- Up-to-date: /home/daisuke/Autoware/ros/install/vector_map_msgs/include/vector_map_msgs/CrossWalk.h
-- Up-to-date: /home/daisuke/Autoware/ros/install/vector_map_msgs/include/vector_map_msgs/UtilityPole.h
-- Up-to-date: /home/daisuke/Autoware/ros/install/vector_map_msgs/include/vector_map_msgs/SideWalk.h
-- Up-to-date: /home/daisuke/Autoware/ros/install/vector_map_msgs/include/vector_map_msgs/RoadPole.h
-- Up-to-date: /home/daisuke/Autoware/ros/install/vector_map_msgs/include/vector_map_msgs/DTLaneArray.h
-- Up-to-date: /home/daisuke/Autoware/ros/install/vector_map_msgs/include/vector_map_msgs/CrossRoadArray.h
-- Up-to-date: /home/daisuke/Autoware/ros/install/vector_map_msgs/include/vector_map_msgs/DriveOnPortionArray.h
-- Up-to-date: /home/daisuke/Autoware/ros/install/vector_map_msgs/include/vector_map_msgs/Wall.h
-- Up-to-date: /home/daisuke/Autoware/ros/install/vector_map_msgs/include/vector_map_msgs/SideStripArray.h
-- Up-to-date: /home/daisuke/Autoware/ros/install/vector_map_msgs/include/vector_map_msgs/CurveMirror.h
-- Up-to-date: /home/daisuke/Autoware/ros/install/vector_map_msgs/include/vector_map_msgs/WhiteLine.h
-- Up-to-date: /home/daisuke/Autoware/ros/install/vector_map_msgs/include/vector_map_msgs/WayAreaArray.h
-- Up-to-date: /home/daisuke/Autoware/ros/install/vector_map_msgs/include/vector_map_msgs/Line.h
-- Up-to-date: /home/daisuke/Autoware/ros/install/vector_map_msgs/include/vector_map_msgs/BoxArray.h
-- Up-to-date: /home/daisuke/Autoware/ros/install/vector_map_msgs/include/vector_map_msgs/RoadMarkArray.h
-- Up-to-date: /home/daisuke/Autoware/ros/install/vector_map_msgs/include/vector_map_msgs/WayArea.h
-- Up-to-date: /home/daisuke/Autoware/ros/install/vector_map_msgs/include/vector_map_msgs/WhiteLineArray.h
-- Up-to-date: /home/daisuke/Autoware/ros/install/vector_map_msgs/include/vector_map_msgs/Area.h
-- Up-to-date: /home/daisuke/Autoware/ros/install/vector_map_msgs/include/vector_map_msgs/Lane.h
-- Up-to-date: /home/daisuke/Autoware/ros/install/vector_map_msgs/include/vector_map_msgs/NodeArray.h
-- Up-to-date: /home/daisuke/Autoware/ros/install/vector_map_msgs/include/vector_map_msgs/StreetLight.h
-- Up-to-date: /home/daisuke/Autoware/ros/install/vector_map_msgs/include/vector_map_msgs/PointArray.h
-- Up-to-date: /home/daisuke/Autoware/ros/install/vector_map_msgs/include/vector_map_msgs/CurbArray.h
-- Up-to-date: /home/daisuke/Autoware/ros/install/vector_map_msgs/include/vector_map_msgs/ZebraZone.h
-- Up-to-date: /home/daisuke/Autoware/ros/install/vector_map_msgs/include/vector_map_msgs/ZebraZoneArray.h
-- Up-to-date: /home/daisuke/Autoware/ros/install/vector_map_msgs/include/vector_map_msgs/CurveMirrorArray.h
-- Up-to-date: /home/daisuke/Autoware/ros/install/vector_map_msgs/include/vector_map_msgs/StopLineArray.h
-- Up-to-date: /home/daisuke/Autoware/ros/install/vector_map_msgs/include/vector_map_msgs/Vector.h
-- Up-to-date: /home/daisuke/Autoware/ros/install/vector_map_msgs/include/vector_map_msgs/RoadEdgeArray.h
-- Up-to-date: /home/daisuke/Autoware/ros/install/vector_map_msgs/include/vector_map_msgs/LaneArray.h
-- Up-to-date: /home/daisuke/Autoware/ros/install/vector_map_msgs/include/vector_map_msgs/RoadEdge.h
-- Up-to-date: /home/daisuke/Autoware/ros/install/vector_map_msgs/include/vector_map_msgs/LineArray.h
-- Up-to-date: /home/daisuke/Autoware/ros/install/vector_map_msgs/include/vector_map_msgs/CrossRoad.h
-- Up-to-date: /home/daisuke/Autoware/ros/install/vector_map_msgs/include/vector_map_msgs/Node.h
-- Up-to-date: /home/daisuke/Autoware/ros/install/vector_map_msgs/include/vector_map_msgs/DriveOnPortion.h
-- Up-to-date: /home/daisuke/Autoware/ros/install/vector_map_msgs/include/vector_map_msgs/SideWalkArray.h
-- Up-to-date: /home/daisuke/Autoware/ros/install/vector_map_msgs/include/vector_map_msgs/RoadMark.h
-- Up-to-date: /home/daisuke/Autoware/ros/install/vector_map_msgs/include/vector_map_msgs/SignalArray.h
-- Up-to-date: /home/daisuke/Autoware/ros/install/vector_map_msgs/include/vector_map_msgs/WallArray.h
-- Up-to-date: /home/daisuke/Autoware/ros/install/vector_map_msgs/include/vector_map_msgs/Curb.h
-- Up-to-date: /home/daisuke/Autoware/ros/install/vector_map_msgs/include/vector_map_msgs/Pole.h
-- Up-to-date: /home/daisuke/Autoware/ros/install/vector_map_msgs/include/vector_map_msgs/PoleArray.h
-- Up-to-date: /home/daisuke/Autoware/ros/install/vector_map_msgs/include/vector_map_msgs/Gutter.h
-- Up-to-date: /home/daisuke/Autoware/ros/install/vector_map_msgs/include/vector_map_msgs/AreaArray.h
-- Up-to-date: /home/daisuke/Autoware/ros/install/vector_map_msgs/include/vector_map_msgs/RoadSign.h
-- Up-to-date: /home/daisuke/Autoware/ros/install/vector_map_msgs/include/vector_map_msgs/RailCrossingArray.h
-- Up-to-date: /home/daisuke/Autoware/ros/install/vector_map_msgs/include/vector_map_msgs/VectorArray.h
-- Up-to-date: /home/daisuke/Autoware/ros/install/vector_map_msgs/include/vector_map_msgs/Point.h
-- Up-to-date: /home/daisuke/Autoware/ros/install/vector_map_msgs/share/roseus/ros/vector_map_msgs
-- Up-to-date: /home/daisuke/Autoware/ros/install/vector_map_msgs/share/roseus/ros/vector_map_msgs/manifest.l
-- Up-to-date: /home/daisuke/Autoware/ros/install/vector_map_msgs/share/roseus/ros/vector_map_msgs/msg
-- Up-to-date: /home/daisuke/Autoware/ros/install/vector_map_msgs/share/roseus/ros/vector_map_msgs/msg/RoadMarkArray.l
-- Up-to-date: /home/daisuke/Autoware/ros/install/vector_map_msgs/share/roseus/ros/vector_map_msgs/msg/RailCrossingArray.l
-- Up-to-date: /home/daisuke/Autoware/ros/install/vector_map_msgs/share/roseus/ros/vector_map_msgs/msg/RailCrossing.l
-- Up-to-date: /home/daisuke/Autoware/ros/install/vector_map_msgs/share/roseus/ros/vector_map_msgs/msg/Fence.l
-- Up-to-date: /home/daisuke/Autoware/ros/install/vector_map_msgs/share/roseus/ros/vector_map_msgs/msg/Signal.l
-- Up-to-date: /home/daisuke/Autoware/ros/install/vector_map_msgs/share/roseus/ros/vector_map_msgs/msg/RoadEdge.l
-- Up-to-date: /home/daisuke/Autoware/ros/install/vector_map_msgs/share/roseus/ros/vector_map_msgs/msg/WayArea.l
-- Up-to-date: /home/daisuke/Autoware/ros/install/vector_map_msgs/share/roseus/ros/vector_map_msgs/msg/Area.l
-- Up-to-date: /home/daisuke/Autoware/ros/install/vector_map_msgs/share/roseus/ros/vector_map_msgs/msg/Point.l
-- Up-to-date: /home/daisuke/Autoware/ros/install/vector_map_msgs/share/roseus/ros/vector_map_msgs/msg/PointArray.l
-- Up-to-date: /home/daisuke/Autoware/ros/install/vector_map_msgs/share/roseus/ros/vector_map_msgs/msg/WallArray.l
-- Up-to-date: /home/daisuke/Autoware/ros/install/vector_map_msgs/share/roseus/ros/vector_map_msgs/msg/GutterArray.l
-- Up-to-date: /home/daisuke/Autoware/ros/install/vector_map_msgs/share/roseus/ros/vector_map_msgs/msg/SideWalk.l
-- Up-to-date: /home/daisuke/Autoware/ros/install/vector_map_msgs/share/roseus/ros/vector_map_msgs/msg/SignalArray.l
-- Up-to-date: /home/daisuke/Autoware/ros/install/vector_map_msgs/share/roseus/ros/vector_map_msgs/msg/RoadMark.l
-- Up-to-date: /home/daisuke/Autoware/ros/install/vector_map_msgs/share/roseus/ros/vector_map_msgs/msg/SideStripArray.l
-- Up-to-date: /home/daisuke/Autoware/ros/install/vector_map_msgs/share/roseus/ros/vector_map_msgs/msg/DriveOnPortionArray.l
-- Up-to-date: /home/daisuke/Autoware/ros/install/vector_map_msgs/share/roseus/ros/vector_map_msgs/msg/Wall.l
-- Up-to-date: /home/daisuke/Autoware/ros/install/vector_map_msgs/share/roseus/ros/vector_map_msgs/msg/FenceArray.l
-- Up-to-date: /home/daisuke/Autoware/ros/install/vector_map_msgs/share/roseus/ros/vector_map_msgs/msg/StopLineArray.l
-- Up-to-date: /home/daisuke/Autoware/ros/install/vector_map_msgs/share/roseus/ros/vector_map_msgs/msg/CrossRoad.l
-- Up-to-date: /home/daisuke/Autoware/ros/install/vector_map_msgs/share/roseus/ros/vector_map_msgs/msg/UtilityPole.l
-- Up-to-date: /home/daisuke/Autoware/ros/install/vector_map_msgs/share/roseus/ros/vector_map_msgs/msg/GuardRailArray.l
-- Up-to-date: /home/daisuke/Autoware/ros/install/vector_map_msgs/share/roseus/ros/vector_map_msgs/msg/DTLaneArray.l
-- Up-to-date: /home/daisuke/Autoware/ros/install/vector_map_msgs/share/roseus/ros/vector_map_msgs/msg/Vector.l
-- Up-to-date: /home/daisuke/Autoware/ros/install/vector_map_msgs/share/roseus/ros/vector_map_msgs/msg/StreetLightArray.l
-- Up-to-date: /home/daisuke/Autoware/ros/install/vector_map_msgs/share/roseus/ros/vector_map_msgs/msg/CurveMirror.l
-- Up-to-date: /home/daisuke/Autoware/ros/install/vector_map_msgs/share/roseus/ros/vector_map_msgs/msg/CrossRoadArray.l
-- Up-to-date: /home/daisuke/Autoware/ros/install/vector_map_msgs/share/roseus/ros/vector_map_msgs/msg/StopLine.l
-- Up-to-date: /home/daisuke/Autoware/ros/install/vector_map_msgs/share/roseus/ros/vector_map_msgs/msg/RoadSignArray.l
-- Up-to-date: /home/daisuke/Autoware/ros/install/vector_map_msgs/share/roseus/ros/vector_map_msgs/msg/VectorArray.l
-- Up-to-date: /home/daisuke/Autoware/ros/install/vector_map_msgs/share/roseus/ros/vector_map_msgs/msg/LineArray.l
-- Up-to-date: /home/daisuke/Autoware/ros/install/vector_map_msgs/share/roseus/ros/vector_map_msgs/msg/WhiteLine.l
-- Up-to-date: /home/daisuke/Autoware/ros/install/vector_map_msgs/share/roseus/ros/vector_map_msgs/msg/Line.l
-- Up-to-date: /home/daisuke/Autoware/ros/install/vector_map_msgs/share/roseus/ros/vector_map_msgs/msg/DriveOnPortion.l
-- Up-to-date: /home/daisuke/Autoware/ros/install/vector_map_msgs/share/roseus/ros/vector_map_msgs/msg/SideWalkArray.l
-- Up-to-date: /home/daisuke/Autoware/ros/install/vector_map_msgs/share/roseus/ros/vector_map_msgs/msg/ZebraZone.l
-- Up-to-date: /home/daisuke/Autoware/ros/install/vector_map_msgs/share/roseus/ros/vector_map_msgs/msg/GuardRail.l
-- Up-to-date: /home/daisuke/Autoware/ros/install/vector_map_msgs/share/roseus/ros/vector_map_msgs/msg/UtilityPoleArray.l
-- Up-to-date: /home/daisuke/Autoware/ros/install/vector_map_msgs/share/roseus/ros/vector_map_msgs/msg/SideStrip.l
-- Up-to-date: /home/daisuke/Autoware/ros/install/vector_map_msgs/share/roseus/ros/vector_map_msgs/msg/LaneArray.l
-- Up-to-date: /home/daisuke/Autoware/ros/install/vector_map_msgs/share/roseus/ros/vector_map_msgs/msg/Curb.l
-- Up-to-date: /home/daisuke/Autoware/ros/install/vector_map_msgs/share/roseus/ros/vector_map_msgs/msg/Node.l
-- Up-to-date: /home/daisuke/Autoware/ros/install/vector_map_msgs/share/roseus/ros/vector_map_msgs/msg/DTLane.l
-- Up-to-date: /home/daisuke/Autoware/ros/install/vector_map_msgs/share/roseus/ros/vector_map_msgs/msg/WhiteLineArray.l
-- Up-to-date: /home/daisuke/Autoware/ros/install/vector_map_msgs/share/roseus/ros/vector_map_msgs/msg/Lane.l
-- Up-to-date: /home/daisuke/Autoware/ros/install/vector_map_msgs/share/roseus/ros/vector_map_msgs/msg/RoadEdgeArray.l
-- Up-to-date: /home/daisuke/Autoware/ros/install/vector_map_msgs/share/roseus/ros/vector_map_msgs/msg/CurbArray.l
-- Up-to-date: /home/daisuke/Autoware/ros/install/vector_map_msgs/share/roseus/ros/vector_map_msgs/msg/NodeArray.l
-- Up-to-date: /home/daisuke/Autoware/ros/install/vector_map_msgs/share/roseus/ros/vector_map_msgs/msg/BoxArray.l
-- Up-to-date: /home/daisuke/Autoware/ros/install/vector_map_msgs/share/roseus/ros/vector_map_msgs/msg/RoadPoleArray.l
-- Up-to-date: /home/daisuke/Autoware/ros/install/vector_map_msgs/share/roseus/ros/vector_map_msgs/msg/RoadSign.l
-- Up-to-date: /home/daisuke/Autoware/ros/install/vector_map_msgs/share/roseus/ros/vector_map_msgs/msg/CrossWalk.l
-- Up-to-date: /home/daisuke/Autoware/ros/install/vector_map_msgs/share/roseus/ros/vector_map_msgs/msg/PoleArray.l
-- Up-to-date: /home/daisuke/Autoware/ros/install/vector_map_msgs/share/roseus/ros/vector_map_msgs/msg/Pole.l
-- Up-to-date: /home/daisuke/Autoware/ros/install/vector_map_msgs/share/roseus/ros/vector_map_msgs/msg/WayAreaArray.l
-- Up-to-date: /home/daisuke/Autoware/ros/install/vector_map_msgs/share/roseus/ros/vector_map_msgs/msg/ZebraZoneArray.l
-- Up-to-date: /home/daisuke/Autoware/ros/install/vector_map_msgs/share/roseus/ros/vector_map_msgs/msg/StreetLight.l
-- Up-to-date: /home/daisuke/Autoware/ros/install/vector_map_msgs/share/roseus/ros/vector_map_msgs/msg/CrossWalkArray.l
-- Up-to-date: /home/daisuke/Autoware/ros/install/vector_map_msgs/share/roseus/ros/vector_map_msgs/msg/AreaArray.l
-- Up-to-date: /home/daisuke/Autoware/ros/install/vector_map_msgs/share/roseus/ros/vector_map_msgs/msg/CurveMirrorArray.l
-- Up-to-date: /home/daisuke/Autoware/ros/install/vector_map_msgs/share/roseus/ros/vector_map_msgs/msg/Box.l
-- Up-to-date: /home/daisuke/Autoware/ros/install/vector_map_msgs/share/roseus/ros/vector_map_msgs/msg/RoadPole.l
-- Up-to-date: /home/daisuke/Autoware/ros/install/vector_map_msgs/share/roseus/ros/vector_map_msgs/msg/Gutter.l
-- Up-to-date: /home/daisuke/Autoware/ros/install/vector_map_msgs/share/common-lisp/ros/vector_map_msgs
-- Up-to-date: /home/daisuke/Autoware/ros/install/vector_map_msgs/share/common-lisp/ros/vector_map_msgs/msg
-- Up-to-date: /home/daisuke/Autoware/ros/install/vector_map_msgs/share/common-lisp/ros/vector_map_msgs/msg/Point.lisp
-- Up-to-date: /home/daisuke/Autoware/ros/install/vector_map_msgs/share/common-lisp/ros/vector_map_msgs/msg/WhiteLineArray.lisp
-- Up-to-date: /home/daisuke/Autoware/ros/install/vector_map_msgs/share/common-lisp/ros/vector_map_msgs/msg/_package_RoadEdgeArray.lisp
-- Up-to-date: /home/daisuke/Autoware/ros/install/vector_map_msgs/share/common-lisp/ros/vector_map_msgs/msg/_package_SideStripArray.lisp
-- Up-to-date: /home/daisuke/Autoware/ros/install/vector_map_msgs/share/common-lisp/ros/vector_map_msgs/msg/_package_SideWalkArray.lisp
-- Up-to-date: /home/daisuke/Autoware/ros/install/vector_map_msgs/share/common-lisp/ros/vector_map_msgs/msg/_package_RoadPoleArray.lisp
-- Up-to-date: /home/daisuke/Autoware/ros/install/vector_map_msgs/share/common-lisp/ros/vector_map_msgs/msg/_package_Area.lisp
-- Up-to-date: /home/daisuke/Autoware/ros/install/vector_map_msgs/share/common-lisp/ros/vector_map_msgs/msg/_package_Line.lisp
-- Up-to-date: /home/daisuke/Autoware/ros/install/vector_map_msgs/share/common-lisp/ros/vector_map_msgs/msg/_package_DTLaneArray.lisp
-- Up-to-date: /home/daisuke/Autoware/ros/install/vector_map_msgs/share/common-lisp/ros/vector_map_msgs/msg/SideStripArray.lisp
-- Up-to-date: /home/daisuke/Autoware/ros/install/vector_map_msgs/share/common-lisp/ros/vector_map_msgs/msg/_package_VectorArray.lisp
-- Up-to-date: /home/daisuke/Autoware/ros/install/vector_map_msgs/share/common-lisp/ros/vector_map_msgs/msg/SideStrip.lisp
-- Up-to-date: /home/daisuke/Autoware/ros/install/vector_map_msgs/share/common-lisp/ros/vector_map_msgs/msg/_package_Signal.lisp
-- Up-to-date: /home/daisuke/Autoware/ros/install/vector_map_msgs/share/common-lisp/ros/vector_map_msgs/msg/_package_RoadPole.lisp
-- Up-to-date: /home/daisuke/Autoware/ros/install/vector_map_msgs/share/common-lisp/ros/vector_map_msgs/msg/_package_RoadEdge.lisp
-- Up-to-date: /home/daisuke/Autoware/ros/install/vector_map_msgs/share/common-lisp/ros/vector_map_msgs/msg/CurveMirrorArray.lisp
-- Up-to-date: /home/daisuke/Autoware/ros/install/vector_map_msgs/share/common-lisp/ros/vector_map_msgs/msg/Box.lisp
-- Up-to-date: /home/daisuke/Autoware/ros/install/vector_map_msgs/share/common-lisp/ros/vector_map_msgs/msg/Lane.lisp
-- Up-to-date: /home/daisuke/Autoware/ros/install/vector_map_msgs/share/common-lisp/ros/vector_map_msgs/msg/_package_DriveOnPortion.lisp
-- Up-to-date: /home/daisuke/Autoware/ros/install/vector_map_msgs/share/common-lisp/ros/vector_map_msgs/msg/WayArea.lisp
-- Up-to-date: /home/daisuke/Autoware/ros/install/vector_map_msgs/share/common-lisp/ros/vector_map_msgs/msg/UtilityPole.lisp
-- Up-to-date: /home/daisuke/Autoware/ros/install/vector_map_msgs/share/common-lisp/ros/vector_map_msgs/msg/Pole.lisp
-- Up-to-date: /home/daisuke/Autoware/ros/install/vector_map_msgs/share/common-lisp/ros/vector_map_msgs/msg/VectorArray.lisp
-- Up-to-date: /home/daisuke/Autoware/ros/install/vector_map_msgs/share/common-lisp/ros/vector_map_msgs/msg/_package_WayArea.lisp
-- Up-to-date: /home/daisuke/Autoware/ros/install/vector_map_msgs/share/common-lisp/ros/vector_map_msgs/msg/RoadMark.lisp
-- Up-to-date: /home/daisuke/Autoware/ros/install/vector_map_msgs/share/common-lisp/ros/vector_map_msgs/msg/RailCrossing.lisp
-- Up-to-date: /home/daisuke/Autoware/ros/install/vector_map_msgs/share/common-lisp/ros/vector_map_msgs/msg/_package_RoadMarkArray.lisp
-- Up-to-date: /home/daisuke/Autoware/ros/install/vector_map_msgs/share/common-lisp/ros/vector_map_msgs/msg/RoadPoleArray.lisp
-- Up-to-date: /home/daisuke/Autoware/ros/install/vector_map_msgs/share/common-lisp/ros/vector_map_msgs/msg/SideWalkArray.lisp
-- Up-to-date: /home/daisuke/Autoware/ros/install/vector_map_msgs/share/common-lisp/ros/vector_map_msgs/msg/_package_GuardRailArray.lisp
-- Up-to-date: /home/daisuke/Autoware/ros/install/vector_map_msgs/share/common-lisp/ros/vector_map_msgs/msg/RoadMarkArray.lisp
-- Up-to-date: /home/daisuke/Autoware/ros/install/vector_map_msgs/share/common-lisp/ros/vector_map_msgs/msg/WhiteLine.lisp
-- Up-to-date: /home/daisuke/Autoware/ros/install/vector_map_msgs/share/common-lisp/ros/vector_map_msgs/msg/_package_RoadSign.lisp
-- Up-to-date: /home/daisuke/Autoware/ros/install/vector_map_msgs/share/common-lisp/ros/vector_map_msgs/msg/CurbArray.lisp
-- Up-to-date: /home/daisuke/Autoware/ros/install/vector_map_msgs/share/common-lisp/ros/vector_map_msgs/msg/Gutter.lisp
-- Up-to-date: /home/daisuke/Autoware/ros/install/vector_map_msgs/share/common-lisp/ros/vector_map_msgs/msg/SideWalk.lisp
-- Up-to-date: /home/daisuke/Autoware/ros/install/vector_map_msgs/share/common-lisp/ros/vector_map_msgs/msg/StreetLightArray.lisp
-- Up-to-date: /home/daisuke/Autoware/ros/install/vector_map_msgs/share/common-lisp/ros/vector_map_msgs/msg/_package_SideWalk.lisp
-- Up-to-date: /home/daisuke/Autoware/ros/install/vector_map_msgs/share/common-lisp/ros/vector_map_msgs/msg/_package_SideStrip.lisp
-- Up-to-date: /home/daisuke/Autoware/ros/install/vector_map_msgs/share/common-lisp/ros/vector_map_msgs/msg/Line.lisp
-- Up-to-date: /home/daisuke/Autoware/ros/install/vector_map_msgs/share/common-lisp/ros/vector_map_msgs/msg/vector_map_msgs-msg.asd
-- Up-to-date: /home/daisuke/Autoware/ros/install/vector_map_msgs/share/common-lisp/ros/vector_map_msgs/msg/_package_LineArray.lisp
-- Up-to-date: /home/daisuke/Autoware/ros/install/vector_map_msgs/share/common-lisp/ros/vector_map_msgs/msg/Vector.lisp
-- Up-to-date: /home/daisuke/Autoware/ros/install/vector_map_msgs/share/common-lisp/ros/vector_map_msgs/msg/_package_StreetLight.lisp
-- Up-to-date: /home/daisuke/Autoware/ros/install/vector_map_msgs/share/common-lisp/ros/vector_map_msgs/msg/_package_UtilityPoleArray.lisp
-- Up-to-date: /home/daisuke/Autoware/ros/install/vector_map_msgs/share/common-lisp/ros/vector_map_msgs/msg/_package_CrossWalk.lisp
-- Up-to-date: /home/daisuke/Autoware/ros/install/vector_map_msgs/share/common-lisp/ros/vector_map_msgs/msg/AreaArray.lisp
-- Up-to-date: /home/daisuke/Autoware/ros/install/vector_map_msgs/share/common-lisp/ros/vector_map_msgs/msg/_package_SignalArray.lisp
-- Up-to-date: /home/daisuke/Autoware/ros/install/vector_map_msgs/share/common-lisp/ros/vector_map_msgs/msg/CrossRoadArray.lisp
-- Up-to-date: /home/daisuke/Autoware/ros/install/vector_map_msgs/share/common-lisp/ros/vector_map_msgs/msg/Wall.lisp
-- Up-to-date: /home/daisuke/Autoware/ros/install/vector_map_msgs/share/common-lisp/ros/vector_map_msgs/msg/_package_StopLineArray.lisp
-- Up-to-date: /home/daisuke/Autoware/ros/install/vector_map_msgs/share/common-lisp/ros/vector_map_msgs/msg/RoadEdgeArray.lisp
-- Up-to-date: /home/daisuke/Autoware/ros/install/vector_map_msgs/share/common-lisp/ros/vector_map_msgs/msg/_package_WhiteLine.lisp
-- Up-to-date: /home/daisuke/Autoware/ros/install/vector_map_msgs/share/common-lisp/ros/vector_map_msgs/msg/StopLine.lisp
-- Up-to-date: /home/daisuke/Autoware/ros/install/vector_map_msgs/share/common-lisp/ros/vector_map_msgs/msg/WayAreaArray.lisp
-- Up-to-date: /home/daisuke/Autoware/ros/install/vector_map_msgs/share/common-lisp/ros/vector_map_msgs/msg/_package_WhiteLineArray.lisp
-- Up-to-date: /home/daisuke/Autoware/ros/install/vector_map_msgs/share/common-lisp/ros/vector_map_msgs/msg/NodeArray.lisp
-- Up-to-date: /home/daisuke/Autoware/ros/install/vector_map_msgs/share/common-lisp/ros/vector_map_msgs/msg/CrossWalkArray.lisp
-- Up-to-date: /home/daisuke/Autoware/ros/install/vector_map_msgs/share/common-lisp/ros/vector_map_msgs/msg/StreetLight.lisp
-- Up-to-date: /home/daisuke/Autoware/ros/install/vector_map_msgs/share/common-lisp/ros/vector_map_msgs/msg/PointArray.lisp
-- Up-to-date: /home/daisuke/Autoware/ros/install/vector_map_msgs/share/common-lisp/ros/vector_map_msgs/msg/_package.lisp
-- Up-to-date: /home/daisuke/Autoware/ros/install/vector_map_msgs/share/common-lisp/ros/vector_map_msgs/msg/_package_CurbArray.lisp
-- Up-to-date: /home/daisuke/Autoware/ros/install/vector_map_msgs/share/common-lisp/ros/vector_map_msgs/msg/BoxArray.lisp
-- Up-to-date: /home/daisuke/Autoware/ros/install/vector_map_msgs/share/common-lisp/ros/vector_map_msgs/msg/_package_LaneArray.lisp
-- Up-to-date: /home/daisuke/Autoware/ros/install/vector_map_msgs/share/common-lisp/ros/vector_map_msgs/msg/ZebraZoneArray.lisp
-- Up-to-date: /home/daisuke/Autoware/ros/install/vector_map_msgs/share/common-lisp/ros/vector_map_msgs/msg/RoadPole.lisp
-- Up-to-date: /home/daisuke/Autoware/ros/install/vector_map_msgs/share/common-lisp/ros/vector_map_msgs/msg/_package_CrossWalkArray.lisp
-- Up-to-date: /home/daisuke/Autoware/ros/install/vector_map_msgs/share/common-lisp/ros/vector_map_msgs/msg/_package_CurveMirrorArray.lisp
-- Up-to-date: /home/daisuke/Autoware/ros/install/vector_map_msgs/share/common-lisp/ros/vector_map_msgs/msg/UtilityPoleArray.lisp
-- Up-to-date: /home/daisuke/Autoware/ros/install/vector_map_msgs/share/common-lisp/ros/vector_map_msgs/msg/FenceArray.lisp
-- Up-to-date: /home/daisuke/Autoware/ros/install/vector_map_msgs/share/common-lisp/ros/vector_map_msgs/msg/_package_Node.lisp
-- Up-to-date: /home/daisuke/Autoware/ros/install/vector_map_msgs/share/common-lisp/ros/vector_map_msgs/msg/ZebraZone.lisp
-- Up-to-date: /home/daisuke/Autoware/ros/install/vector_map_msgs/share/common-lisp/ros/vector_map_msgs/msg/Node.lisp
-- Up-to-date: /home/daisuke/Autoware/ros/install/vector_map_msgs/share/common-lisp/ros/vector_map_msgs/msg/_package_CrossRoadArray.lisp
-- Up-to-date: /home/daisuke/Autoware/ros/install/vector_map_msgs/share/common-lisp/ros/vector_map_msgs/msg/_package_Curb.lisp
-- Up-to-date: /home/daisuke/Autoware/ros/install/vector_map_msgs/share/common-lisp/ros/vector_map_msgs/msg/_package_CurveMirror.lisp
-- Up-to-date: /home/daisuke/Autoware/ros/install/vector_map_msgs/share/common-lisp/ros/vector_map_msgs/msg/_package_NodeArray.lisp
-- Up-to-date: /home/daisuke/Autoware/ros/install/vector_map_msgs/share/common-lisp/ros/vector_map_msgs/msg/Fence.lisp
-- Up-to-date: /home/daisuke/Autoware/ros/install/vector_map_msgs/share/common-lisp/ros/vector_map_msgs/msg/_package_RailCrossingArray.lisp
-- Up-to-date: /home/daisuke/Autoware/ros/install/vector_map_msgs/share/common-lisp/ros/vector_map_msgs/msg/LaneArray.lisp
-- Up-to-date: /home/daisuke/Autoware/ros/install/vector_map_msgs/share/common-lisp/ros/vector_map_msgs/msg/_package_RoadSignArray.lisp
-- Up-to-date: /home/daisuke/Autoware/ros/install/vector_map_msgs/share/common-lisp/ros/vector_map_msgs/msg/_package_Fence.lisp
-- Up-to-date: /home/daisuke/Autoware/ros/install/vector_map_msgs/share/common-lisp/ros/vector_map_msgs/msg/_package_PoleArray.lisp
-- Up-to-date: /home/daisuke/Autoware/ros/install/vector_map_msgs/share/common-lisp/ros/vector_map_msgs/msg/CurveMirror.lisp
-- Up-to-date: /home/daisuke/Autoware/ros/install/vector_map_msgs/share/common-lisp/ros/vector_map_msgs/msg/SignalArray.lisp
-- Up-to-date: /home/daisuke/Autoware/ros/install/vector_map_msgs/share/common-lisp/ros/vector_map_msgs/msg/DTLane.lisp
-- Up-to-date: /home/daisuke/Autoware/ros/install/vector_map_msgs/share/common-lisp/ros/vector_map_msgs/msg/DTLaneArray.lisp
-- Up-to-date: /home/daisuke/Autoware/ros/install/vector_map_msgs/share/common-lisp/ros/vector_map_msgs/msg/WallArray.lisp
-- Up-to-date: /home/daisuke/Autoware/ros/install/vector_map_msgs/share/common-lisp/ros/vector_map_msgs/msg/_package_PointArray.lisp
-- Up-to-date: /home/daisuke/Autoware/ros/install/vector_map_msgs/share/common-lisp/ros/vector_map_msgs/msg/_package_WallArray.lisp
-- Up-to-date: /home/daisuke/Autoware/ros/install/vector_map_msgs/share/common-lisp/ros/vector_map_msgs/msg/GuardRail.lisp
-- Up-to-date: /home/daisuke/Autoware/ros/install/vector_map_msgs/share/common-lisp/ros/vector_map_msgs/msg/_package_FenceArray.lisp
-- Up-to-date: /home/daisuke/Autoware/ros/install/vector_map_msgs/share/common-lisp/ros/vector_map_msgs/msg/Area.lisp
-- Up-to-date: /home/daisuke/Autoware/ros/install/vector_map_msgs/share/common-lisp/ros/vector_map_msgs/msg/GutterArray.lisp
-- Up-to-date: /home/daisuke/Autoware/ros/install/vector_map_msgs/share/common-lisp/ros/vector_map_msgs/msg/DriveOnPortionArray.lisp
-- Up-to-date: /home/daisuke/Autoware/ros/install/vector_map_msgs/share/common-lisp/ros/vector_map_msgs/msg/_package_Wall.lisp
-- Up-to-date: /home/daisuke/Autoware/ros/install/vector_map_msgs/share/common-lisp/ros/vector_map_msgs/msg/Curb.lisp
-- Up-to-date: /home/daisuke/Autoware/ros/install/vector_map_msgs/share/common-lisp/ros/vector_map_msgs/msg/Signal.lisp
-- Up-to-date: /home/daisuke/Autoware/ros/install/vector_map_msgs/share/common-lisp/ros/vector_map_msgs/msg/RailCrossingArray.lisp
-- Up-to-date: /home/daisuke/Autoware/ros/install/vector_map_msgs/share/common-lisp/ros/vector_map_msgs/msg/_package_StreetLightArray.lisp
-- Up-to-date: /home/daisuke/Autoware/ros/install/vector_map_msgs/share/common-lisp/ros/vector_map_msgs/msg/RoadSign.lisp
-- Up-to-date: /home/daisuke/Autoware/ros/install/vector_map_msgs/share/common-lisp/ros/vector_map_msgs/msg/_package_GutterArray.lisp
-- Up-to-date: /home/daisuke/Autoware/ros/install/vector_map_msgs/share/common-lisp/ros/vector_map_msgs/msg/_package_ZebraZoneArray.lisp
-- Up-to-date: /home/daisuke/Autoware/ros/install/vector_map_msgs/share/common-lisp/ros/vector_map_msgs/msg/LineArray.lisp
-- Up-to-date: /home/daisuke/Autoware/ros/install/vector_map_msgs/share/common-lisp/ros/vector_map_msgs/msg/_package_DTLane.lisp
-- Up-to-date: /home/daisuke/Autoware/ros/install/vector_map_msgs/share/common-lisp/ros/vector_map_msgs/msg/_package_AreaArray.lisp
-- Up-to-date: /home/daisuke/Autoware/ros/install/vector_map_msgs/share/common-lisp/ros/vector_map_msgs/msg/_package_Lane.lisp
-- Up-to-date: /home/daisuke/Autoware/ros/install/vector_map_msgs/share/common-lisp/ros/vector_map_msgs/msg/DriveOnPortion.lisp
-- Up-to-date: /home/daisuke/Autoware/ros/install/vector_map_msgs/share/common-lisp/ros/vector_map_msgs/msg/RoadSignArray.lisp
-- Up-to-date: /home/daisuke/Autoware/ros/install/vector_map_msgs/share/common-lisp/ros/vector_map_msgs/msg/_package_DriveOnPortionArray.lisp
-- Up-to-date: /home/daisuke/Autoware/ros/install/vector_map_msgs/share/common-lisp/ros/vector_map_msgs/msg/_package_Gutter.lisp
-- Up-to-date: /home/daisuke/Autoware/ros/install/vector_map_msgs/share/common-lisp/ros/vector_map_msgs/msg/RoadEdge.lisp
-- Up-to-date: /home/daisuke/Autoware/ros/install/vector_map_msgs/share/common-lisp/ros/vector_map_msgs/msg/_package_Pole.lisp
-- Up-to-date: /home/daisuke/Autoware/ros/install/vector_map_msgs/share/common-lisp/ros/vector_map_msgs/msg/_package_BoxArray.lisp
-- Up-to-date: /home/daisuke/Autoware/ros/install/vector_map_msgs/share/common-lisp/ros/vector_map_msgs/msg/_package_CrossRoad.lisp
-- Up-to-date: /home/daisuke/Autoware/ros/install/vector_map_msgs/share/common-lisp/ros/vector_map_msgs/msg/_package_RailCrossing.lisp
-- Up-to-date: /home/daisuke/Autoware/ros/install/vector_map_msgs/share/common-lisp/ros/vector_map_msgs/msg/CrossWalk.lisp
-- Up-to-date: /home/daisuke/Autoware/ros/install/vector_map_msgs/share/common-lisp/ros/vector_map_msgs/msg/GuardRailArray.lisp
-- Up-to-date: /home/daisuke/Autoware/ros/install/vector_map_msgs/share/common-lisp/ros/vector_map_msgs/msg/_package_ZebraZone.lisp
-- Up-to-date: /home/daisuke/Autoware/ros/install/vector_map_msgs/share/common-lisp/ros/vector_map_msgs/msg/_package_WayAreaArray.lisp
-- Up-to-date: /home/daisuke/Autoware/ros/install/vector_map_msgs/share/common-lisp/ros/vector_map_msgs/msg/_package_GuardRail.lisp
-- Up-to-date: /home/daisuke/Autoware/ros/install/vector_map_msgs/share/common-lisp/ros/vector_map_msgs/msg/PoleArray.lisp
-- Up-to-date: /home/daisuke/Autoware/ros/install/vector_map_msgs/share/common-lisp/ros/vector_map_msgs/msg/_package_Point.lisp
-- Up-to-date: /home/daisuke/Autoware/ros/install/vector_map_msgs/share/common-lisp/ros/vector_map_msgs/msg/_package_UtilityPole.lisp
-- Up-to-date: /home/daisuke/Autoware/ros/install/vector_map_msgs/share/common-lisp/ros/vector_map_msgs/msg/_package_Box.lisp
-- Up-to-date: /home/daisuke/Autoware/ros/install/vector_map_msgs/share/common-lisp/ros/vector_map_msgs/msg/StopLineArray.lisp
-- Up-to-date: /home/daisuke/Autoware/ros/install/vector_map_msgs/share/common-lisp/ros/vector_map_msgs/msg/_package_Vector.lisp
-- Up-to-date: /home/daisuke/Autoware/ros/install/vector_map_msgs/share/common-lisp/ros/vector_map_msgs/msg/_package_RoadMark.lisp
-- Up-to-date: /home/daisuke/Autoware/ros/install/vector_map_msgs/share/common-lisp/ros/vector_map_msgs/msg/_package_StopLine.lisp
-- Up-to-date: /home/daisuke/Autoware/ros/install/vector_map_msgs/share/common-lisp/ros/vector_map_msgs/msg/CrossRoad.lisp
-- Up-to-date: /home/daisuke/Autoware/ros/install/vector_map_msgs/share/gennodejs/ros/vector_map_msgs
-- Up-to-date: /home/daisuke/Autoware/ros/install/vector_map_msgs/share/gennodejs/ros/vector_map_msgs/msg
-- Up-to-date: /home/daisuke/Autoware/ros/install/vector_map_msgs/share/gennodejs/ros/vector_map_msgs/msg/DriveOnPortionArray.js
-- Up-to-date: /home/daisuke/Autoware/ros/install/vector_map_msgs/share/gennodejs/ros/vector_map_msgs/msg/DriveOnPortion.js
-- Up-to-date: /home/daisuke/Autoware/ros/install/vector_map_msgs/share/gennodejs/ros/vector_map_msgs/msg/WhiteLine.js
-- Up-to-date: /home/daisuke/Autoware/ros/install/vector_map_msgs/share/gennodejs/ros/vector_map_msgs/msg/Wall.js
-- Up-to-date: /home/daisuke/Autoware/ros/install/vector_map_msgs/share/gennodejs/ros/vector_map_msgs/msg/StreetLightArray.js
-- Up-to-date: /home/daisuke/Autoware/ros/install/vector_map_msgs/share/gennodejs/ros/vector_map_msgs/msg/CurveMirror.js
-- Up-to-date: /home/daisuke/Autoware/ros/install/vector_map_msgs/share/gennodejs/ros/vector_map_msgs/msg/CurveMirrorArray.js
-- Up-to-date: /home/daisuke/Autoware/ros/install/vector_map_msgs/share/gennodejs/ros/vector_map_msgs/msg/CrossRoad.js
-- Up-to-date: /home/daisuke/Autoware/ros/install/vector_map_msgs/share/gennodejs/ros/vector_map_msgs/msg/Signal.js
-- Up-to-date: /home/daisuke/Autoware/ros/install/vector_map_msgs/share/gennodejs/ros/vector_map_msgs/msg/WayAreaArray.js
-- Up-to-date: /home/daisuke/Autoware/ros/install/vector_map_msgs/share/gennodejs/ros/vector_map_msgs/msg/ZebraZoneArray.js
-- Up-to-date: /home/daisuke/Autoware/ros/install/vector_map_msgs/share/gennodejs/ros/vector_map_msgs/msg/Line.js
-- Up-to-date: /home/daisuke/Autoware/ros/install/vector_map_msgs/share/gennodejs/ros/vector_map_msgs/msg/GuardRailArray.js
-- Up-to-date: /home/daisuke/Autoware/ros/install/vector_map_msgs/share/gennodejs/ros/vector_map_msgs/msg/RailCrossing.js
-- Up-to-date: /home/daisuke/Autoware/ros/install/vector_map_msgs/share/gennodejs/ros/vector_map_msgs/msg/NodeArray.js
-- Up-to-date: /home/daisuke/Autoware/ros/install/vector_map_msgs/share/gennodejs/ros/vector_map_msgs/msg/Pole.js
-- Up-to-date: /home/daisuke/Autoware/ros/install/vector_map_msgs/share/gennodejs/ros/vector_map_msgs/msg/RoadEdge.js
-- Up-to-date: /home/daisuke/Autoware/ros/install/vector_map_msgs/share/gennodejs/ros/vector_map_msgs/msg/RoadSign.js
-- Up-to-date: /home/daisuke/Autoware/ros/install/vector_map_msgs/share/gennodejs/ros/vector_map_msgs/msg/RoadMark.js
-- Up-to-date: /home/daisuke/Autoware/ros/install/vector_map_msgs/share/gennodejs/ros/vector_map_msgs/msg/CrossWalkArray.js
-- Up-to-date: /home/daisuke/Autoware/ros/install/vector_map_msgs/share/gennodejs/ros/vector_map_msgs/msg/Lane.js
-- Up-to-date: /home/daisuke/Autoware/ros/install/vector_map_msgs/share/gennodejs/ros/vector_map_msgs/msg/WallArray.js
-- Up-to-date: /home/daisuke/Autoware/ros/install/vector_map_msgs/share/gennodejs/ros/vector_map_msgs/msg/DTLaneArray.js
-- Up-to-date: /home/daisuke/Autoware/ros/install/vector_map_msgs/share/gennodejs/ros/vector_map_msgs/msg/ZebraZone.js
-- Up-to-date: /home/daisuke/Autoware/ros/install/vector_map_msgs/share/gennodejs/ros/vector_map_msgs/msg/StopLineArray.js
-- Up-to-date: /home/daisuke/Autoware/ros/install/vector_map_msgs/share/gennodejs/ros/vector_map_msgs/msg/DTLane.js
-- Up-to-date: /home/daisuke/Autoware/ros/install/vector_map_msgs/share/gennodejs/ros/vector_map_msgs/msg/Node.js
-- Up-to-date: /home/daisuke/Autoware/ros/install/vector_map_msgs/share/gennodejs/ros/vector_map_msgs/msg/StopLine.js
-- Up-to-date: /home/daisuke/Autoware/ros/install/vector_map_msgs/share/gennodejs/ros/vector_map_msgs/msg/SideStrip.js
-- Up-to-date: /home/daisuke/Autoware/ros/install/vector_map_msgs/share/gennodejs/ros/vector_map_msgs/msg/GuardRail.js
-- Up-to-date: /home/daisuke/Autoware/ros/install/vector_map_msgs/share/gennodejs/ros/vector_map_msgs/msg/RoadSignArray.js
-- Up-to-date: /home/daisuke/Autoware/ros/install/vector_map_msgs/share/gennodejs/ros/vector_map_msgs/msg/SignalArray.js
-- Up-to-date: /home/daisuke/Autoware/ros/install/vector_map_msgs/share/gennodejs/ros/vector_map_msgs/msg/LaneArray.js
-- Up-to-date: /home/daisuke/Autoware/ros/install/vector_map_msgs/share/gennodejs/ros/vector_map_msgs/msg/Gutter.js
-- Up-to-date: /home/daisuke/Autoware/ros/install/vector_map_msgs/share/gennodejs/ros/vector_map_msgs/msg/SideWalk.js
-- Up-to-date: /home/daisuke/Autoware/ros/install/vector_map_msgs/share/gennodejs/ros/vector_map_msgs/msg/WayArea.js
-- Up-to-date: /home/daisuke/Autoware/ros/install/vector_map_msgs/share/gennodejs/ros/vector_map_msgs/msg/UtilityPoleArray.js
-- Up-to-date: /home/daisuke/Autoware/ros/install/vector_map_msgs/share/gennodejs/ros/vector_map_msgs/msg/Vector.js
-- Up-to-date: /home/daisuke/Autoware/ros/install/vector_map_msgs/share/gennodejs/ros/vector_map_msgs/msg/CrossWalk.js
-- Up-to-date: /home/daisuke/Autoware/ros/install/vector_map_msgs/share/gennodejs/ros/vector_map_msgs/msg/FenceArray.js
-- Up-to-date: /home/daisuke/Autoware/ros/install/vector_map_msgs/share/gennodejs/ros/vector_map_msgs/msg/CurbArray.js
-- Up-to-date: /home/daisuke/Autoware/ros/install/vector_map_msgs/share/gennodejs/ros/vector_map_msgs/msg/CrossRoadArray.js
-- Up-to-date: /home/daisuke/Autoware/ros/install/vector_map_msgs/share/gennodejs/ros/vector_map_msgs/msg/RoadPoleArray.js
-- Up-to-date: /home/daisuke/Autoware/ros/install/vector_map_msgs/share/gennodejs/ros/vector_map_msgs/msg/Curb.js
-- Up-to-date: /home/daisuke/Autoware/ros/install/vector_map_msgs/share/gennodejs/ros/vector_map_msgs/msg/RoadPole.js
-- Up-to-date: /home/daisuke/Autoware/ros/install/vector_map_msgs/share/gennodejs/ros/vector_map_msgs/msg/GutterArray.js
-- Up-to-date: /home/daisuke/Autoware/ros/install/vector_map_msgs/share/gennodejs/ros/vector_map_msgs/msg/BoxArray.js
-- Up-to-date: /home/daisuke/Autoware/ros/install/vector_map_msgs/share/gennodejs/ros/vector_map_msgs/msg/PointArray.js
-- Up-to-date: /home/daisuke/Autoware/ros/install/vector_map_msgs/share/gennodejs/ros/vector_map_msgs/msg/LineArray.js
-- Up-to-date: /home/daisuke/Autoware/ros/install/vector_map_msgs/share/gennodejs/ros/vector_map_msgs/msg/_index.js
-- Up-to-date: /home/daisuke/Autoware/ros/install/vector_map_msgs/share/gennodejs/ros/vector_map_msgs/msg/Area.js
-- Up-to-date: /home/daisuke/Autoware/ros/install/vector_map_msgs/share/gennodejs/ros/vector_map_msgs/msg/WhiteLineArray.js
-- Up-to-date: /home/daisuke/Autoware/ros/install/vector_map_msgs/share/gennodejs/ros/vector_map_msgs/msg/SideWalkArray.js
-- Up-to-date: /home/daisuke/Autoware/ros/install/vector_map_msgs/share/gennodejs/ros/vector_map_msgs/msg/StreetLight.js
-- Up-to-date: /home/daisuke/Autoware/ros/install/vector_map_msgs/share/gennodejs/ros/vector_map_msgs/msg/UtilityPole.js
-- Up-to-date: /home/daisuke/Autoware/ros/install/vector_map_msgs/share/gennodejs/ros/vector_map_msgs/msg/RoadEdgeArray.js
-- Up-to-date: /home/daisuke/Autoware/ros/install/vector_map_msgs/share/gennodejs/ros/vector_map_msgs/msg/RoadMarkArray.js
-- Up-to-date: /home/daisuke/Autoware/ros/install/vector_map_msgs/share/gennodejs/ros/vector_map_msgs/msg/Fence.js
-- Up-to-date: /home/daisuke/Autoware/ros/install/vector_map_msgs/share/gennodejs/ros/vector_map_msgs/msg/Point.js
-- Up-to-date: /home/daisuke/Autoware/ros/install/vector_map_msgs/share/gennodejs/ros/vector_map_msgs/msg/RailCrossingArray.js
-- Up-to-date: /home/daisuke/Autoware/ros/install/vector_map_msgs/share/gennodejs/ros/vector_map_msgs/msg/VectorArray.js
-- Up-to-date: /home/daisuke/Autoware/ros/install/vector_map_msgs/share/gennodejs/ros/vector_map_msgs/msg/AreaArray.js
-- Up-to-date: /home/daisuke/Autoware/ros/install/vector_map_msgs/share/gennodejs/ros/vector_map_msgs/msg/SideStripArray.js
-- Up-to-date: /home/daisuke/Autoware/ros/install/vector_map_msgs/share/gennodejs/ros/vector_map_msgs/msg/PoleArray.js
-- Up-to-date: /home/daisuke/Autoware/ros/install/vector_map_msgs/share/gennodejs/ros/vector_map_msgs/msg/Box.js
-- Up-to-date: /home/daisuke/Autoware/ros/install/vector_map_msgs/share/gennodejs/ros/vector_map_msgs/_index.js
Listing /home/daisuke/Autoware/ros/build/vector_map_msgs/devel/lib/python2.7/dist-packages/vector_map_msgs ...
Listing /home/daisuke/Autoware/ros/build/vector_map_msgs/devel/lib/python2.7/dist-packages/vector_map_msgs/msg ...
-- Up-to-date: /home/daisuke/Autoware/ros/install/vector_map_msgs/lib/python2.7/dist-packages/vector_map_msgs
-- Up-to-date: /home/daisuke/Autoware/ros/install/vector_map_msgs/lib/python2.7/dist-packages/vector_map_msgs/__init__.pyc
-- Up-to-date: /home/daisuke/Autoware/ros/install/vector_map_msgs/lib/python2.7/dist-packages/vector_map_msgs/__init__.py
-- Up-to-date: /home/daisuke/Autoware/ros/install/vector_map_msgs/lib/python2.7/dist-packages/vector_map_msgs/msg
-- Up-to-date: /home/daisuke/Autoware/ros/install/vector_map_msgs/lib/python2.7/dist-packages/vector_map_msgs/msg/_WhiteLineArray.py
-- Up-to-date: /home/daisuke/Autoware/ros/install/vector_map_msgs/lib/python2.7/dist-packages/vector_map_msgs/msg/_Pole.py
-- Up-to-date: /home/daisuke/Autoware/ros/install/vector_map_msgs/lib/python2.7/dist-packages/vector_map_msgs/msg/_RoadEdgeArray.py
-- Up-to-date: /home/daisuke/Autoware/ros/install/vector_map_msgs/lib/python2.7/dist-packages/vector_map_msgs/msg/_Vector.py
-- Up-to-date: /home/daisuke/Autoware/ros/install/vector_map_msgs/lib/python2.7/dist-packages/vector_map_msgs/msg/_StreetLightArray.pyc
-- Up-to-date: /home/daisuke/Autoware/ros/install/vector_map_msgs/lib/python2.7/dist-packages/vector_map_msgs/msg/_Pole.pyc
-- Up-to-date: /home/daisuke/Autoware/ros/install/vector_map_msgs/lib/python2.7/dist-packages/vector_map_msgs/msg/_PoleArray.pyc
-- Up-to-date: /home/daisuke/Autoware/ros/install/vector_map_msgs/lib/python2.7/dist-packages/vector_map_msgs/msg/_RailCrossing.pyc
-- Up-to-date: /home/daisuke/Autoware/ros/install/vector_map_msgs/lib/python2.7/dist-packages/vector_map_msgs/msg/_CrossWalkArray.py
-- Up-to-date: /home/daisuke/Autoware/ros/install/vector_map_msgs/lib/python2.7/dist-packages/vector_map_msgs/msg/_RoadMarkArray.pyc
-- Up-to-date: /home/daisuke/Autoware/ros/install/vector_map_msgs/lib/python2.7/dist-packages/vector_map_msgs/msg/_Gutter.pyc
-- Up-to-date: /home/daisuke/Autoware/ros/install/vector_map_msgs/lib/python2.7/dist-packages/vector_map_msgs/msg/_WallArray.py
-- Up-to-date: /home/daisuke/Autoware/ros/install/vector_map_msgs/lib/python2.7/dist-packages/vector_map_msgs/msg/_RoadSign.py
-- Up-to-date: /home/daisuke/Autoware/ros/install/vector_map_msgs/lib/python2.7/dist-packages/vector_map_msgs/msg/_FenceArray.pyc
-- Up-to-date: /home/daisuke/Autoware/ros/install/vector_map_msgs/lib/python2.7/dist-packages/vector_map_msgs/msg/_Point.py
-- Up-to-date: /home/daisuke/Autoware/ros/install/vector_map_msgs/lib/python2.7/dist-packages/vector_map_msgs/msg/_Lane.pyc
-- Up-to-date: /home/daisuke/Autoware/ros/install/vector_map_msgs/lib/python2.7/dist-packages/vector_map_msgs/msg/_CurbArray.pyc
-- Up-to-date: /home/daisuke/Autoware/ros/install/vector_map_msgs/lib/python2.7/dist-packages/vector_map_msgs/msg/_DTLaneArray.pyc
-- Up-to-date: /home/daisuke/Autoware/ros/install/vector_map_msgs/lib/python2.7/dist-packages/vector_map_msgs/msg/_WayAreaArray.pyc
-- Up-to-date: /home/daisuke/Autoware/ros/install/vector_map_msgs/lib/python2.7/dist-packages/vector_map_msgs/msg/_RoadEdge.py
-- Up-to-date: /home/daisuke/Autoware/ros/install/vector_map_msgs/lib/python2.7/dist-packages/vector_map_msgs/msg/_RoadEdge.pyc
-- Up-to-date: /home/daisuke/Autoware/ros/install/vector_map_msgs/lib/python2.7/dist-packages/vector_map_msgs/msg/_RailCrossing.py
-- Up-to-date: /home/daisuke/Autoware/ros/install/vector_map_msgs/lib/python2.7/dist-packages/vector_map_msgs/msg/_Gutter.py
-- Up-to-date: /home/daisuke/Autoware/ros/install/vector_map_msgs/lib/python2.7/dist-packages/vector_map_msgs/msg/_NodeArray.pyc
-- Up-to-date: /home/daisuke/Autoware/ros/install/vector_map_msgs/lib/python2.7/dist-packages/vector_map_msgs/msg/_SideStripArray.pyc
-- Up-to-date: /home/daisuke/Autoware/ros/install/vector_map_msgs/lib/python2.7/dist-packages/vector_map_msgs/msg/_Line.py
-- Up-to-date: /home/daisuke/Autoware/ros/install/vector_map_msgs/lib/python2.7/dist-packages/vector_map_msgs/msg/_SideStripArray.py
-- Up-to-date: /home/daisuke/Autoware/ros/install/vector_map_msgs/lib/python2.7/dist-packages/vector_map_msgs/msg/_Curb.pyc
-- Up-to-date: /home/daisuke/Autoware/ros/install/vector_map_msgs/lib/python2.7/dist-packages/vector_map_msgs/msg/_DriveOnPortionArray.py
-- Up-to-date: /home/daisuke/Autoware/ros/install/vector_map_msgs/lib/python2.7/dist-packages/vector_map_msgs/msg/_RailCrossingArray.py
-- Up-to-date: /home/daisuke/Autoware/ros/install/vector_map_msgs/lib/python2.7/dist-packages/vector_map_msgs/msg/_CrossRoad.pyc
-- Up-to-date: /home/daisuke/Autoware/ros/install/vector_map_msgs/lib/python2.7/dist-packages/vector_map_msgs/msg/_GuardRail.py
-- Up-to-date: /home/daisuke/Autoware/ros/install/vector_map_msgs/lib/python2.7/dist-packages/vector_map_msgs/msg/_Fence.py
-- Up-to-date: /home/daisuke/Autoware/ros/install/vector_map_msgs/lib/python2.7/dist-packages/vector_map_msgs/msg/_DTLaneArray.py
-- Up-to-date: /home/daisuke/Autoware/ros/install/vector_map_msgs/lib/python2.7/dist-packages/vector_map_msgs/msg/_StreetLight.py
-- Up-to-date: /home/daisuke/Autoware/ros/install/vector_map_msgs/lib/python2.7/dist-packages/vector_map_msgs/msg/_CrossRoadArray.py
-- Up-to-date: /home/daisuke/Autoware/ros/install/vector_map_msgs/lib/python2.7/dist-packages/vector_map_msgs/msg/_WhiteLine.pyc
-- Up-to-date: /home/daisuke/Autoware/ros/install/vector_map_msgs/lib/python2.7/dist-packages/vector_map_msgs/msg/_ZebraZoneArray.py
-- Up-to-date: /home/daisuke/Autoware/ros/install/vector_map_msgs/lib/python2.7/dist-packages/vector_map_msgs/msg/_CrossWalk.pyc
-- Up-to-date: /home/daisuke/Autoware/ros/install/vector_map_msgs/lib/python2.7/dist-packages/vector_map_msgs/msg/_SideStrip.py
-- Up-to-date: /home/daisuke/Autoware/ros/install/vector_map_msgs/lib/python2.7/dist-packages/vector_map_msgs/msg/_BoxArray.py
-- Up-to-date: /home/daisuke/Autoware/ros/install/vector_map_msgs/lib/python2.7/dist-packages/vector_map_msgs/msg/_DriveOnPortion.pyc
-- Up-to-date: /home/daisuke/Autoware/ros/install/vector_map_msgs/lib/python2.7/dist-packages/vector_map_msgs/msg/_ZebraZone.pyc
-- Up-to-date: /home/daisuke/Autoware/ros/install/vector_map_msgs/lib/python2.7/dist-packages/vector_map_msgs/msg/_UtilityPole.pyc
-- Up-to-date: /home/daisuke/Autoware/ros/install/vector_map_msgs/lib/python2.7/dist-packages/vector_map_msgs/msg/_BoxArray.pyc
-- Up-to-date: /home/daisuke/Autoware/ros/install/vector_map_msgs/lib/python2.7/dist-packages/vector_map_msgs/msg/_PoleArray.py
-- Up-to-date: /home/daisuke/Autoware/ros/install/vector_map_msgs/lib/python2.7/dist-packages/vector_map_msgs/msg/_Signal.py
-- Up-to-date: /home/daisuke/Autoware/ros/install/vector_map_msgs/lib/python2.7/dist-packages/vector_map_msgs/msg/_RoadMark.pyc
-- Up-to-date: /home/daisuke/Autoware/ros/install/vector_map_msgs/lib/python2.7/dist-packages/vector_map_msgs/msg/_Line.pyc
-- Up-to-date: /home/daisuke/Autoware/ros/install/vector_map_msgs/lib/python2.7/dist-packages/vector_map_msgs/msg/_CrossWalk.py
-- Up-to-date: /home/daisuke/Autoware/ros/install/vector_map_msgs/lib/python2.7/dist-packages/vector_map_msgs/msg/_CrossRoadArray.pyc
-- Up-to-date: /home/daisuke/Autoware/ros/install/vector_map_msgs/lib/python2.7/dist-packages/vector_map_msgs/msg/_GutterArray.pyc
-- Up-to-date: /home/daisuke/Autoware/ros/install/vector_map_msgs/lib/python2.7/dist-packages/vector_map_msgs/msg/_ZebraZoneArray.pyc
-- Up-to-date: /home/daisuke/Autoware/ros/install/vector_map_msgs/lib/python2.7/dist-packages/vector_map_msgs/msg/_SideStrip.pyc
-- Up-to-date: /home/daisuke/Autoware/ros/install/vector_map_msgs/lib/python2.7/dist-packages/vector_map_msgs/msg/_LineArray.py
-- Up-to-date: /home/daisuke/Autoware/ros/install/vector_map_msgs/lib/python2.7/dist-packages/vector_map_msgs/msg/_Area.py
-- Up-to-date: /home/daisuke/Autoware/ros/install/vector_map_msgs/lib/python2.7/dist-packages/vector_map_msgs/msg/_AreaArray.py
-- Up-to-date: /home/daisuke/Autoware/ros/install/vector_map_msgs/lib/python2.7/dist-packages/vector_map_msgs/msg/_CrossWalkArray.pyc
-- Up-to-date: /home/daisuke/Autoware/ros/install/vector_map_msgs/lib/python2.7/dist-packages/vector_map_msgs/msg/_WhiteLineArray.pyc
-- Up-to-date: /home/daisuke/Autoware/ros/install/vector_map_msgs/lib/python2.7/dist-packages/vector_map_msgs/msg/_DTLane.pyc
-- Up-to-date: /home/daisuke/Autoware/ros/install/vector_map_msgs/lib/python2.7/dist-packages/vector_map_msgs/msg/_RoadPoleArray.py
-- Up-to-date: /home/daisuke/Autoware/ros/install/vector_map_msgs/lib/python2.7/dist-packages/vector_map_msgs/msg/_RoadPole.py
-- Up-to-date: /home/daisuke/Autoware/ros/install/vector_map_msgs/lib/python2.7/dist-packages/vector_map_msgs/msg/_Vector.pyc
-- Up-to-date: /home/daisuke/Autoware/ros/install/vector_map_msgs/lib/python2.7/dist-packages/vector_map_msgs/msg/_CurveMirror.pyc
-- Up-to-date: /home/daisuke/Autoware/ros/install/vector_map_msgs/lib/python2.7/dist-packages/vector_map_msgs/msg/_GutterArray.py
-- Up-to-date: /home/daisuke/Autoware/ros/install/vector_map_msgs/lib/python2.7/dist-packages/vector_map_msgs/msg/_UtilityPoleArray.pyc
-- Up-to-date: /home/daisuke/Autoware/ros/install/vector_map_msgs/lib/python2.7/dist-packages/vector_map_msgs/msg/__init__.pyc
-- Up-to-date: /home/daisuke/Autoware/ros/install/vector_map_msgs/lib/python2.7/dist-packages/vector_map_msgs/msg/_DTLane.py
-- Up-to-date: /home/daisuke/Autoware/ros/install/vector_map_msgs/lib/python2.7/dist-packages/vector_map_msgs/msg/__init__.py
-- Up-to-date: /home/daisuke/Autoware/ros/install/vector_map_msgs/lib/python2.7/dist-packages/vector_map_msgs/msg/_SignalArray.pyc
-- Up-to-date: /home/daisuke/Autoware/ros/install/vector_map_msgs/lib/python2.7/dist-packages/vector_map_msgs/msg/_Box.py
-- Up-to-date: /home/daisuke/Autoware/ros/install/vector_map_msgs/lib/python2.7/dist-packages/vector_map_msgs/msg/_UtilityPole.py
-- Up-to-date: /home/daisuke/Autoware/ros/install/vector_map_msgs/lib/python2.7/dist-packages/vector_map_msgs/msg/_CurveMirrorArray.pyc
-- Up-to-date: /home/daisuke/Autoware/ros/install/vector_map_msgs/lib/python2.7/dist-packages/vector_map_msgs/msg/_AreaArray.pyc
-- Up-to-date: /home/daisuke/Autoware/ros/install/vector_map_msgs/lib/python2.7/dist-packages/vector_map_msgs/msg/_SideWalk.py
-- Up-to-date: /home/daisuke/Autoware/ros/install/vector_map_msgs/lib/python2.7/dist-packages/vector_map_msgs/msg/_SideWalkArray.py
-- Up-to-date: /home/daisuke/Autoware/ros/install/vector_map_msgs/lib/python2.7/dist-packages/vector_map_msgs/msg/_LaneArray.pyc
-- Up-to-date: /home/daisuke/Autoware/ros/install/vector_map_msgs/lib/python2.7/dist-packages/vector_map_msgs/msg/_GuardRail.pyc
-- Up-to-date: /home/daisuke/Autoware/ros/install/vector_map_msgs/lib/python2.7/dist-packages/vector_map_msgs/msg/_ZebraZone.py
-- Up-to-date: /home/daisuke/Autoware/ros/install/vector_map_msgs/lib/python2.7/dist-packages/vector_map_msgs/msg/_DriveOnPortionArray.pyc
-- Up-to-date: /home/daisuke/Autoware/ros/install/vector_map_msgs/lib/python2.7/dist-packages/vector_map_msgs/msg/_WhiteLine.py
-- Up-to-date: /home/daisuke/Autoware/ros/install/vector_map_msgs/lib/python2.7/dist-packages/vector_map_msgs/msg/_RoadEdgeArray.pyc
-- Up-to-date: /home/daisuke/Autoware/ros/install/vector_map_msgs/lib/python2.7/dist-packages/vector_map_msgs/msg/_LaneArray.py
-- Up-to-date: /home/daisuke/Autoware/ros/install/vector_map_msgs/lib/python2.7/dist-packages/vector_map_msgs/msg/_SideWalk.pyc
-- Up-to-date: /home/daisuke/Autoware/ros/install/vector_map_msgs/lib/python2.7/dist-packages/vector_map_msgs/msg/_Lane.py
-- Up-to-date: /home/daisuke/Autoware/ros/install/vector_map_msgs/lib/python2.7/dist-packages/vector_map_msgs/msg/_RoadSign.pyc
-- Up-to-date: /home/daisuke/Autoware/ros/install/vector_map_msgs/lib/python2.7/dist-packages/vector_map_msgs/msg/_RoadSignArray.pyc
-- Up-to-date: /home/daisuke/Autoware/ros/install/vector_map_msgs/lib/python2.7/dist-packages/vector_map_msgs/msg/_WallArray.pyc
-- Up-to-date: /home/daisuke/Autoware/ros/install/vector_map_msgs/lib/python2.7/dist-packages/vector_map_msgs/msg/_Wall.py
-- Up-to-date: /home/daisuke/Autoware/ros/install/vector_map_msgs/lib/python2.7/dist-packages/vector_map_msgs/msg/_VectorArray.pyc
-- Up-to-date: /home/daisuke/Autoware/ros/install/vector_map_msgs/lib/python2.7/dist-packages/vector_map_msgs/msg/_WayArea.py
-- Up-to-date: /home/daisuke/Autoware/ros/install/vector_map_msgs/lib/python2.7/dist-packages/vector_map_msgs/msg/_CurveMirror.py
-- Up-to-date: /home/daisuke/Autoware/ros/install/vector_map_msgs/lib/python2.7/dist-packages/vector_map_msgs/msg/_Node.py
-- Up-to-date: /home/daisuke/Autoware/ros/install/vector_map_msgs/lib/python2.7/dist-packages/vector_map_msgs/msg/_SideWalkArray.pyc
-- Up-to-date: /home/daisuke/Autoware/ros/install/vector_map_msgs/lib/python2.7/dist-packages/vector_map_msgs/msg/_StopLineArray.py
-- Up-to-date: /home/daisuke/Autoware/ros/install/vector_map_msgs/lib/python2.7/dist-packages/vector_map_msgs/msg/_PointArray.pyc
-- Up-to-date: /home/daisuke/Autoware/ros/install/vector_map_msgs/lib/python2.7/dist-packages/vector_map_msgs/msg/_RoadPoleArray.pyc
-- Up-to-date: /home/daisuke/Autoware/ros/install/vector_map_msgs/lib/python2.7/dist-packages/vector_map_msgs/msg/_GuardRailArray.pyc
-- Up-to-date: /home/daisuke/Autoware/ros/install/vector_map_msgs/lib/python2.7/dist-packages/vector_map_msgs/msg/_StopLine.pyc
-- Up-to-date: /home/daisuke/Autoware/ros/install/vector_map_msgs/lib/python2.7/dist-packages/vector_map_msgs/msg/_StreetLight.pyc
-- Up-to-date: /home/daisuke/Autoware/ros/install/vector_map_msgs/lib/python2.7/dist-packages/vector_map_msgs/msg/_NodeArray.py
-- Up-to-date: /home/daisuke/Autoware/ros/install/vector_map_msgs/lib/python2.7/dist-packages/vector_map_msgs/msg/_Curb.py
-- Up-to-date: /home/daisuke/Autoware/ros/install/vector_map_msgs/lib/python2.7/dist-packages/vector_map_msgs/msg/_StreetLightArray.py
-- Up-to-date: /home/daisuke/Autoware/ros/install/vector_map_msgs/lib/python2.7/dist-packages/vector_map_msgs/msg/_Point.pyc
-- Up-to-date: /home/daisuke/Autoware/ros/install/vector_map_msgs/lib/python2.7/dist-packages/vector_map_msgs/msg/_StopLineArray.pyc
-- Up-to-date: /home/daisuke/Autoware/ros/install/vector_map_msgs/lib/python2.7/dist-packages/vector_map_msgs/msg/_LineArray.pyc
-- Up-to-date: /home/daisuke/Autoware/ros/install/vector_map_msgs/lib/python2.7/dist-packages/vector_map_msgs/msg/_WayAreaArray.py
-- Up-to-date: /home/daisuke/Autoware/ros/install/vector_map_msgs/lib/python2.7/dist-packages/vector_map_msgs/msg/_UtilityPoleArray.py
-- Up-to-date: /home/daisuke/Autoware/ros/install/vector_map_msgs/lib/python2.7/dist-packages/vector_map_msgs/msg/_CurbArray.py
-- Up-to-date: /home/daisuke/Autoware/ros/install/vector_map_msgs/lib/python2.7/dist-packages/vector_map_msgs/msg/_VectorArray.py
-- Up-to-date: /home/daisuke/Autoware/ros/install/vector_map_msgs/lib/python2.7/dist-packages/vector_map_msgs/msg/_WayArea.pyc
-- Up-to-date: /home/daisuke/Autoware/ros/install/vector_map_msgs/lib/python2.7/dist-packages/vector_map_msgs/msg/_RailCrossingArray.pyc
-- Up-to-date: /home/daisuke/Autoware/ros/install/vector_map_msgs/lib/python2.7/dist-packages/vector_map_msgs/msg/_Box.pyc
-- Up-to-date: /home/daisuke/Autoware/ros/install/vector_map_msgs/lib/python2.7/dist-packages/vector_map_msgs/msg/_Node.pyc
-- Up-to-date: /home/daisuke/Autoware/ros/install/vector_map_msgs/lib/python2.7/dist-packages/vector_map_msgs/msg/_GuardRailArray.py
-- Up-to-date: /home/daisuke/Autoware/ros/install/vector_map_msgs/lib/python2.7/dist-packages/vector_map_msgs/msg/_PointArray.py
-- Up-to-date: /home/daisuke/Autoware/ros/install/vector_map_msgs/lib/python2.7/dist-packages/vector_map_msgs/msg/_Area.pyc
-- Up-to-date: /home/daisuke/Autoware/ros/install/vector_map_msgs/lib/python2.7/dist-packages/vector_map_msgs/msg/_Signal.pyc
-- Up-to-date: /home/daisuke/Autoware/ros/install/vector_map_msgs/lib/python2.7/dist-packages/vector_map_msgs/msg/_Fence.pyc
-- Up-to-date: /home/daisuke/Autoware/ros/install/vector_map_msgs/lib/python2.7/dist-packages/vector_map_msgs/msg/_SignalArray.py
-- Up-to-date: /home/daisuke/Autoware/ros/install/vector_map_msgs/lib/python2.7/dist-packages/vector_map_msgs/msg/_CurveMirrorArray.py
-- Up-to-date: /home/daisuke/Autoware/ros/install/vector_map_msgs/lib/python2.7/dist-packages/vector_map_msgs/msg/_RoadPole.pyc
-- Up-to-date: /home/daisuke/Autoware/ros/install/vector_map_msgs/lib/python2.7/dist-packages/vector_map_msgs/msg/_StopLine.py
-- Up-to-date: /home/daisuke/Autoware/ros/install/vector_map_msgs/lib/python2.7/dist-packages/vector_map_msgs/msg/_DriveOnPortion.py
-- Up-to-date: /home/daisuke/Autoware/ros/install/vector_map_msgs/lib/python2.7/dist-packages/vector_map_msgs/msg/_CrossRoad.py
-- Up-to-date: /home/daisuke/Autoware/ros/install/vector_map_msgs/lib/python2.7/dist-packages/vector_map_msgs/msg/_RoadMarkArray.py
-- Up-to-date: /home/daisuke/Autoware/ros/install/vector_map_msgs/lib/python2.7/dist-packages/vector_map_msgs/msg/_RoadSignArray.py
-- Up-to-date: /home/daisuke/Autoware/ros/install/vector_map_msgs/lib/python2.7/dist-packages/vector_map_msgs/msg/_RoadMark.py
-- Up-to-date: /home/daisuke/Autoware/ros/install/vector_map_msgs/lib/python2.7/dist-packages/vector_map_msgs/msg/_FenceArray.py
-- Up-to-date: /home/daisuke/Autoware/ros/install/vector_map_msgs/lib/python2.7/dist-packages/vector_map_msgs/msg/_Wall.pyc
-- Installing: /home/daisuke/Autoware/ros/install/vector_map_msgs/lib/pkgconfig/vector_map_msgs.pc
-- Up-to-date: /home/daisuke/Autoware/ros/install/vector_map_msgs/share/vector_map_msgs/cmake/vector_map_msgs-msg-extras.cmake
-- Up-to-date: /home/daisuke/Autoware/ros/install/vector_map_msgs/share/vector_map_msgs/cmake/vector_map_msgsConfig.cmake
-- Up-to-date: /home/daisuke/Autoware/ros/install/vector_map_msgs/share/vector_map_msgs/cmake/vector_map_msgsConfig-version.cmake
-- Up-to-date: /home/daisuke/Autoware/ros/install/vector_map_msgs/share/vector_map_msgs/package.xml
Invoked command in '/home/daisuke/Autoware/ros/build/vector_map_msgs' returned '0': CMAKE_PREFIX_PATH=/home/daisuke/Autoware/ros/install/autoware_build_flags:${CMAKE_PREFIX_PATH} PKG_CONFIG_PATH=/home/daisuke/Autoware/ros/install/autoware_build_flags/lib/pkgconfig:${PKG_CONFIG_PATH} ROS_PACKAGE_PATH=/home/daisuke/Autoware/ros/install/autoware_build_flags/share:${ROS_PACKAGE_PATH} /usr/bin/cmake --build /home/daisuke/Autoware/ros/build/vector_map_msgs --target install
