Invoking command in '/home/daisuke/Autoware/ros/build/oculus_socket': /usr/bin/cmake /home/daisuke/Autoware/ros/src/socket/packages/oculus_socket -DCMAKE_BUILD_TYPE=Release -DCMAKE_LIBRARY_PATH=/usr/local/cuda/lib64/stubs -DCATKIN_INSTALL_INTO_PREFIX_ROOT=0 -DCMAKE_INSTALL_PREFIX=/home/daisuke/Autoware/ros/install/oculus_socket
-- The C compiler identification is GNU 5.4.0
-- The CXX compiler identification is GNU 5.4.0
-- Check for working C compiler: /usr/bin/cc
-- Check for working C compiler: /usr/bin/cc -- works
-- Detecting C compiler ABI info
-- Detecting C compiler ABI info - done
-- Detecting C compile features
-- Detecting C compile features - done
-- Check for working CXX compiler: /usr/bin/c++
-- Check for working CXX compiler: /usr/bin/c++ -- works
-- Detecting CXX compiler ABI info
-- Detecting CXX compiler ABI info - done
-- Detecting CXX compile features
-- Detecting CXX compile features - done
-- Using CATKIN_DEVEL_PREFIX: /home/daisuke/Autoware/ros/build/oculus_socket/devel
-- Using CMAKE_PREFIX_PATH: /home/daisuke/Autoware/ros/devel;/opt/ros/kinetic
-- This workspace overlays: /opt/ros/kinetic
-- Found PythonInterp: /home/daisuke/pyenv/shims/python (found version "2.7.12") 
-- Using PYTHON_EXECUTABLE: /home/daisuke/pyenv/shims/python
-- Using Debian Python package layout
-- Using empy: /usr/bin/empy
-- Using CATKIN_ENABLE_TESTING: ON
-- Call enable_testing()
-- Using CATKIN_TEST_RESULTS_DIR: /home/daisuke/Autoware/ros/build/oculus_socket/test_results
-- Found gmock sources under '/usr/src/gmock': gmock will be built
-- Looking for pthread.h
-- Looking for pthread.h - found
-- Looking for pthread_create
-- Looking for pthread_create - not found
-- Looking for pthread_create in pthreads
-- Looking for pthread_create in pthreads - not found
-- Looking for pthread_create in pthread
-- Looking for pthread_create in pthread - found
-- Found Threads: TRUE  
-- Found gtest sources under '/usr/src/gmock': gtests will be built
-- Using Python nosetests: /usr/bin/nosetests-2.7
-- catkin 0.7.14
-- Using these message generators: gencpp;geneus;genlisp;gennodejs;genpy
-- Configuring done
-- Generating done
-- Build files have been written to: /home/daisuke/Autoware/ros/build/oculus_socket
Invoked command in '/home/daisuke/Autoware/ros/build/oculus_socket' returned '0': /usr/bin/cmake /home/daisuke/Autoware/ros/src/socket/packages/oculus_socket -DCMAKE_BUILD_TYPE=Release -DCMAKE_LIBRARY_PATH=/usr/local/cuda/lib64/stubs -DCATKIN_INSTALL_INTO_PREFIX_ROOT=0 -DCMAKE_INSTALL_PREFIX=/home/daisuke/Autoware/ros/install/oculus_socket
Invoking command in '/home/daisuke/Autoware/ros/build/oculus_socket': /usr/bin/cmake --build /home/daisuke/Autoware/ros/build/oculus_socket -- -j8 -l8
[35m[1mScanning dependencies of target oculus_sender[0m
[ 50%] [32mBuilding CXX object CMakeFiles/oculus_sender.dir/nodes/oculus_sender/oculus_sender.cpp.o[0m
[100%] [32m[1mLinking CXX executable devel/lib/oculus_socket/oculus_sender[0m
[100%] Built target oculus_sender
Invoked command in '/home/daisuke/Autoware/ros/build/oculus_socket' returned '0': /usr/bin/cmake --build /home/daisuke/Autoware/ros/build/oculus_socket -- -j8 -l8
Invoking command in '/home/daisuke/Autoware/ros/build/oculus_socket': /usr/bin/cmake --build /home/daisuke/Autoware/ros/build/oculus_socket --target tests -- -j8 -l8
[35m[1mScanning dependencies of target tests[0m
Built target tests
Invoked command in '/home/daisuke/Autoware/ros/build/oculus_socket' returned '0': /usr/bin/cmake --build /home/daisuke/Autoware/ros/build/oculus_socket --target tests -- -j8 -l8
Invoking command in '/home/daisuke/Autoware/ros/build/oculus_socket': /usr/bin/cmake --build /home/daisuke/Autoware/ros/build/oculus_socket --target install
[100%] Built target oculus_sender
[36mInstall the project...[0m
-- Install configuration: "Release"
-- Installing: /home/daisuke/Autoware/ros/install/oculus_socket/lib/pkgconfig/oculus_socket.pc
-- Installing: /home/daisuke/Autoware/ros/install/oculus_socket/share/oculus_socket/cmake/oculus_socketConfig.cmake
-- Installing: /home/daisuke/Autoware/ros/install/oculus_socket/share/oculus_socket/cmake/oculus_socketConfig-version.cmake
-- Installing: /home/daisuke/Autoware/ros/install/oculus_socket/share/oculus_socket/package.xml
-- Installing: /home/daisuke/Autoware/ros/install/oculus_socket/lib/oculus_socket/oculus_sender
-- Set runtime path of "/home/daisuke/Autoware/ros/install/oculus_socket/lib/oculus_socket/oculus_sender" to ""
-- Installing: /home/daisuke/Autoware/ros/install/oculus_socket/share/oculus_socket/launch
-- Installing: /home/daisuke/Autoware/ros/install/oculus_socket/share/oculus_socket/launch/oculus_sender.launch
Invoked command in '/home/daisuke/Autoware/ros/build/oculus_socket' returned '0': /usr/bin/cmake --build /home/daisuke/Autoware/ros/build/oculus_socket --target install
