Invoking command in '/home/daisuke/Autoware/ros/build/kitti_player': CMAKE_PREFIX_PATH=/home/daisuke/Autoware/ros/install/autoware_build_flags:${CMAKE_PREFIX_PATH} PKG_CONFIG_PATH=/home/daisuke/Autoware/ros/install/autoware_build_flags/lib/pkgconfig:${PKG_CONFIG_PATH} ROS_PACKAGE_PATH=/home/daisuke/Autoware/ros/install/autoware_build_flags/share:${ROS_PACKAGE_PATH} /usr/bin/cmake /home/daisuke/Autoware/ros/src/util/packages/kitti_pkg/kitti_player -DCMAKE_BUILD_TYPE=Release -DCMAKE_LIBRARY_PATH=/usr/local/cuda/lib64/stubs -DCATKIN_INSTALL_INTO_PREFIX_ROOT=0 -DCMAKE_INSTALL_PREFIX=/home/daisuke/Autoware/ros/install/kitti_player
-- The C compiler identification is GNU 5.4.0
-- The CXX compiler identification is GNU 5.4.0
-- Check for working C compiler: /usr/bin/cc
-- Check for working C compiler: /usr/bin/cc -- works
-- Detecting C compiler ABI info
-- Detecting C compiler ABI info - done
-- Detecting C compile features
-- Detecting C compile features - done
-- Check for working CXX compiler: /usr/bin/c++
-- Check for working CXX compiler: /usr/bin/c++ -- works
-- Detecting CXX compiler ABI info
-- Detecting CXX compiler ABI info - done
-- Detecting CXX compile features
-- Detecting CXX compile features - done
-- Using CATKIN_DEVEL_PREFIX: /home/daisuke/Autoware/ros/build/kitti_player/devel
-- Using CMAKE_PREFIX_PATH: /home/daisuke/Autoware/ros/install/autoware_build_flags;/home/daisuke/Autoware/ros/devel;/opt/ros/kinetic
-- This workspace overlays: /home/daisuke/Autoware/ros/install/autoware_build_flags;/opt/ros/kinetic
-- Found PythonInterp: /home/daisuke/pyenv/shims/python (found version "2.7.12") 
-- Using PYTHON_EXECUTABLE: /home/daisuke/pyenv/shims/python
-- Using Debian Python package layout
-- Using empy: /usr/bin/empy
-- Using CATKIN_ENABLE_TESTING: ON
-- Call enable_testing()
-- Using CATKIN_TEST_RESULTS_DIR: /home/daisuke/Autoware/ros/build/kitti_player/test_results
-- Found gmock sources under '/usr/src/gmock': gmock will be built
-- Looking for pthread.h
-- Looking for pthread.h - found
-- Looking for pthread_create
-- Looking for pthread_create - not found
-- Looking for pthread_create in pthreads
-- Looking for pthread_create in pthreads - not found
-- Looking for pthread_create in pthread
-- Looking for pthread_create in pthread - found
-- Found Threads: TRUE  
-- Found gtest sources under '/usr/src/gmock': gtests will be built
-- Using Python nosetests: /usr/bin/nosetests-2.7
-- catkin 0.7.14
-- Using these message generators: gencpp;geneus;genlisp;gennodejs;genpy
-- Checking for module 'eigen3'
--   Found eigen3, version 3.2.92
-- Found eigen: /usr/include/eigen3  
-- Boost version: 1.58.0
-- Found the following Boost libraries:
--   system
--   filesystem
--   thread
--   date_time
--   iostreams
--   serialization
--   chrono
--   atomic
--   regex
-- Checking for module 'flann'
--   Found flann, version 1.8.4
-- Found Flann: /usr/lib/x86_64-linux-gnu/libflann_cpp_s.a  
-- Checking for module 'libopenni'
--   Found libopenni, version 1.5.4.0
-- Found openni: /usr/lib/libOpenNI.so  
-- Checking for module 'libopenni2'
--   No package 'libopenni2' found
-- Could NOT find OpenNI2 (missing:  OPENNI2_LIBRARY OPENNI2_INCLUDE_DIRS) 
** WARNING ** io features related to openni2 will be disabled
** WARNING ** io features related to pcap will be disabled
** WARNING ** io features related to png will be disabled
-- The imported target "vtkRenderingPythonTkWidgets" references the file
   "/usr/lib/x86_64-linux-gnu/libvtkRenderingPythonTkWidgets.so"
but this file does not exist.  Possible reasons include:
* The file was deleted, renamed, or moved to another location.
* An install or uninstall procedure did not complete successfully.
* The installation package was faulty and contained
   "/usr/lib/cmake/vtk-6.2/VTKTargets.cmake"
but not all the files it references.

-- The imported target "vtk" references the file
   "/usr/bin/vtk"
but this file does not exist.  Possible reasons include:
* The file was deleted, renamed, or moved to another location.
* An install or uninstall procedure did not complete successfully.
* The installation package was faulty and contained
   "/usr/lib/cmake/vtk-6.2/VTKTargets.cmake"
but not all the files it references.

-- Found libusb-1.0: /usr/include  
-- Found qhull: /usr/lib/x86_64-linux-gnu/libqhull.so  
-- Checking for module 'libopenni2'
--   No package 'libopenni2' found
-- Could NOT find OpenNI2 (missing:  OPENNI2_LIBRARY OPENNI2_INCLUDE_DIRS) 
** WARNING ** visualization features related to openni2 will be disabled
-- looking for PCL_COMMON
-- Found PCL_COMMON: /usr/lib/x86_64-linux-gnu/libpcl_common.so  
-- looking for PCL_KDTREE
-- Found PCL_KDTREE: /usr/lib/x86_64-linux-gnu/libpcl_kdtree.so  
-- looking for PCL_OCTREE
-- Found PCL_OCTREE: /usr/lib/x86_64-linux-gnu/libpcl_octree.so  
-- looking for PCL_SEARCH
-- Found PCL_SEARCH: /usr/lib/x86_64-linux-gnu/libpcl_search.so  
-- looking for PCL_IO
-- Found PCL_IO: /usr/lib/x86_64-linux-gnu/libpcl_io.so  
-- looking for PCL_SAMPLE_CONSENSUS
-- Found PCL_SAMPLE_CONSENSUS: /usr/lib/x86_64-linux-gnu/libpcl_sample_consensus.so  
-- looking for PCL_FILTERS
-- Found PCL_FILTERS: /usr/lib/x86_64-linux-gnu/libpcl_filters.so  
-- looking for PCL_GEOMETRY
-- Found PCL_GEOMETRY: /usr/include/pcl-1.7  
-- looking for PCL_FEATURES
-- Found PCL_FEATURES: /usr/lib/x86_64-linux-gnu/libpcl_features.so  
-- looking for PCL_SEGMENTATION
-- Found PCL_SEGMENTATION: /usr/lib/x86_64-linux-gnu/libpcl_segmentation.so  
-- looking for PCL_SURFACE
-- Found PCL_SURFACE: /usr/lib/x86_64-linux-gnu/libpcl_surface.so  
-- looking for PCL_REGISTRATION
-- Found PCL_REGISTRATION: /usr/lib/x86_64-linux-gnu/libpcl_registration.so  
-- looking for PCL_RECOGNITION
-- Found PCL_RECOGNITION: /usr/lib/x86_64-linux-gnu/libpcl_recognition.so  
-- looking for PCL_KEYPOINTS
-- Found PCL_KEYPOINTS: /usr/lib/x86_64-linux-gnu/libpcl_keypoints.so  
-- looking for PCL_VISUALIZATION
-- Found PCL_VISUALIZATION: /usr/lib/x86_64-linux-gnu/libpcl_visualization.so  
-- looking for PCL_PEOPLE
-- Found PCL_PEOPLE: /usr/lib/x86_64-linux-gnu/libpcl_people.so  
-- looking for PCL_OUTOFCORE
-- Found PCL_OUTOFCORE: /usr/lib/x86_64-linux-gnu/libpcl_outofcore.so  
-- looking for PCL_TRACKING
-- Found PCL_TRACKING: /usr/lib/x86_64-linux-gnu/libpcl_tracking.so  
-- looking for PCL_APPS
-- Could NOT find PCL_APPS (missing:  PCL_APPS_LIBRARY) 
-- looking for PCL_MODELER
-- Found PCL_MODELER: /usr/include/pcl-1.7  
-- looking for PCL_IN_HAND_SCANNER
-- Found PCL_IN_HAND_SCANNER: /usr/include/pcl-1.7  
-- looking for PCL_POINT_CLOUD_EDITOR
-- Found PCL_POINT_CLOUD_EDITOR: /usr/include/pcl-1.7  
-- Found PCL: /usr/lib/x86_64-linux-gnu/libboost_system.so;/usr/lib/x86_64-linux-gnu/libboost_filesystem.so;/usr/lib/x86_64-linux-gnu/libboost_thread.so;/usr/lib/x86_64-linux-gnu/libboost_date_time.so;/usr/lib/x86_64-linux-gnu/libboost_iostreams.so;/usr/lib/x86_64-linux-gnu/libboost_serialization.so;/usr/lib/x86_64-linux-gnu/libboost_chrono.so;/usr/lib/x86_64-linux-gnu/libboost_atomic.so;/usr/lib/x86_64-linux-gnu/libboost_regex.so;/usr/lib/x86_64-linux-gnu/libpthread.so;optimized;/usr/lib/x86_64-linux-gnu/libpcl_common.so;debug;/usr/lib/x86_64-linux-gnu/libpcl_common.so;optimized;/usr/lib/x86_64-linux-gnu/libflann_cpp_s.a;debug;/usr/lib/x86_64-linux-gnu/libflann_cpp_s.a;optimized;/usr/lib/x86_64-linux-gnu/libpcl_kdtree.so;debug;/usr/lib/x86_64-linux-gnu/libpcl_kdtree.so;optimized;/usr/lib/x86_64-linux-gnu/libpcl_octree.so;debug;/usr/lib/x86_64-linux-gnu/libpcl_octree.so;optimized;/usr/lib/x86_64-linux-gnu/libpcl_search.so;debug;/usr/lib/x86_64-linux-gnu/libpcl_search.so;/usr/lib/libOpenNI.so;vtkImagingStencil;vtkCommonComputationalGeometry;vtkCommonDataModel;vtkCommonMath;vtkCommonCore;vtksys;vtkCommonMisc;vtkCommonSystem;vtkCommonTransforms;vtkImagingCore;vtkCommonExecutionModel;vtkFiltersAMR;vtkFiltersGeneral;vtkFiltersCore;vtkParallelCore;vtkIOLegacy;vtkIOCore;/usr/lib/x86_64-linux-gnu/libz.so;vtkInteractionWidgets;vtkFiltersHybrid;vtkImagingSources;vtkRenderingCore;vtkCommonColor;vtkFiltersExtraction;vtkFiltersStatistics;vtkImagingFourier;vtkalglib;vtkFiltersGeometry;vtkFiltersSources;vtkFiltersModeling;vtkImagingGeneral;vtkImagingHybrid;vtkIOImage;vtkDICOMParser;vtkmetaio;/usr/lib/x86_64-linux-gnu/libjpeg.so;/usr/lib/x86_64-linux-gnu/libpng.so;/usr/lib/x86_64-linux-gnu/libtiff.so;vtkInteractionStyle;vtkRenderingAnnotation;vtkImagingColor;vtkRenderingFreeType;/usr/lib/x86_64-linux-gnu/libfreetype.so;vtkftgl;vtkRenderingVolume;vtkIOParallelNetCDF;vtkParallelMPI;/usr/lib/x86_64-linux-gnu/libnetcdf_c++.so;/usr/lib/x86_64-linux-gnu/libnetcdf.so;/usr/lib/x86_64-linux-gnu/hdf5/serial/lib/libhdf5.so;/usr/lib/x86_64-linux-gnu/libsz.so;/usr/lib/x86_64-linux-gnu/libdl.so;/usr/lib/x86_64-linux-gnu/libm.so;/usr/lib/x86_64-linux-gnu/hdf5/serial/lib/libhdf5_hl.so;vtkRenderingOpenGL;vtkIOLSDyna;vtkIOXML;vtkIOGeometry;/usr/lib/x86_64-linux-gnu/libjsoncpp.so;vtkIOXMLParser;/usr/lib/x86_64-linux-gnu/libexpat.so;vtkLocalExample;vtkInfovisCore;vtkGeovisCore;vtkInfovisLayout;vtkViewsCore;vtkproj4;/usr/lib/x86_64-linux-gnu/libpython2.7.so;vtkTestingGenericBridge;/usr/lib/libgl2ps.so;verdict;vtkIOMovie;/usr/lib/x86_64-linux-gnu/libtheoraenc.so;/usr/lib/x86_64-linux-gnu/libtheoradec.so;/usr/lib/x86_64-linux-gnu/libogg.so;vtkFiltersImaging;vtkIOMINC;vtkRenderingLOD;vtkViewsQt;vtkGUISupportQt;vtkViewsInfovis;vtkChartsCore;vtkRenderingContext2D;vtkRenderingLabel;vtkRenderingImage;vtkFiltersFlowPaths;vtkxdmf2;/usr/lib/x86_64-linux-gnu/libxml2.so;vtkFiltersReebGraph;vtkViewsContext2D;vtkIOXdmf2;vtkIOAMR;vtkRenderingContextOpenGL;vtkImagingStatistics;vtkIOParallel;vtkFiltersParallel;vtkIONetCDF;vtkexoIIc;vtkGUISupportQtOpenGL;vtkIOParallelLSDyna;vtkFiltersParallelGeometry;vtkGUISupportQtWebkit;vtkIOPLY;vtkWrappingTools;vtkFiltersHyperTree;vtkRenderingVolumeOpenGL;vtkIOExodus;vtkIOPostgreSQL;vtkIOSQL;sqlite3;vtkWrappingJava;vtkFiltersParallelFlowPaths;vtkFiltersParallelStatistics;vtkFiltersProgrammable;vtkFiltersParallelImaging;vtkRenderingParallelLIC;vtkRenderingLIC;vtkInteractionImage;vtkFiltersPython;vtkWrappingPythonCore;vtkIOParallelExodus;vtkFiltersGeneric;vtkIOVideo;vtkRenderingQt;vtkFiltersTexture;vtkIOInfovis;vtkGUISupportQtSQL;vtkRenderingFreeTypeOpenGL;vtkInfovisBoostGraphAlgorithms;vtkRenderingGL2PS;vtkIOGeoJSON;vtkFiltersVerdict;vtkViewsGeovis;vtkIOImport;vtkTestingIOSQL;vtkPythonInterpreter;vtkIOODBC;vtkIOEnSight;vtkIOMySQL;vtkRenderingMatplotlib;vtkDomainsChemistry;vtkIOExport;vtkFiltersParallelMPI;vtkIOParallelXML;vtkTestingRendering;vtkIOMPIParallel;vtkParallelMPI4Py;vtkFiltersSMP;vtkFiltersSelection;vtkIOVPIC;VPIC;vtkImagingMath;vtkImagingMorphological;vtkRenderingParallel;vtkRenderingFreeTypeFontConfig;vtkIOFFMPEG;vtkIOMPIImage;vtkIOGDAL;optimized;/usr/lib/x86_64-linux-gnu/libpcl_io.so;debug;/usr/lib/x86_64-linux-gnu/libpcl_io.so;optimized;/usr/lib/x86_64-linux-gnu/libpcl_sample_consensus.so;debug;/usr/lib/x86_64-linux-gnu/libpcl_sample_consensus.so;optimized;/usr/lib/x86_64-linux-gnu/libpcl_filters.so;debug;/usr/lib/x86_64-linux-gnu/libpcl_filters.so;optimized;/usr/lib/x86_64-linux-gnu/libpcl_features.so;debug;/usr/lib/x86_64-linux-gnu/libpcl_features.so;optimized;/usr/lib/x86_64-linux-gnu/libpcl_segmentation.so;debug;/usr/lib/x86_64-linux-gnu/libpcl_segmentation.so;optimized;/usr/lib/x86_64-linux-gnu/libqhull.so;debug;/usr/lib/x86_64-linux-gnu/libqhull.so;optimized;/usr/lib/x86_64-linux-gnu/libpcl_surface.so;debug;/usr/lib/x86_64-linux-gnu/libpcl_surface.so;optimized;/usr/lib/x86_64-linux-gnu/libpcl_registration.so;debug;/usr/lib/x86_64-linux-gnu/libpcl_registration.so;optimized;/usr/lib/x86_64-linux-gnu/libpcl_recognition.so;debug;/usr/lib/x86_64-linux-gnu/libpcl_recognition.so;optimized;/usr/lib/x86_64-linux-gnu/libpcl_keypoints.so;debug;/usr/lib/x86_64-linux-gnu/libpcl_keypoints.so;optimized;/usr/lib/x86_64-linux-gnu/libpcl_visualization.so;debug;/usr/lib/x86_64-linux-gnu/libpcl_visualization.so;optimized;/usr/lib/x86_64-linux-gnu/libpcl_people.so;debug;/usr/lib/x86_64-linux-gnu/libpcl_people.so;optimized;/usr/lib/x86_64-linux-gnu/libpcl_outofcore.so;debug;/usr/lib/x86_64-linux-gnu/libpcl_outofcore.so;optimized;/usr/lib/x86_64-linux-gnu/libpcl_tracking.so;debug;/usr/lib/x86_64-linux-gnu/libpcl_tracking.so;/usr/lib/x86_64-linux-gnu/libboost_system.so;/usr/lib/x86_64-linux-gnu/libboost_filesystem.so;/usr/lib/x86_64-linux-gnu/libboost_thread.so;/usr/lib/x86_64-linux-gnu/libboost_date_time.so;/usr/lib/x86_64-linux-gnu/libboost_iostreams.so;/usr/lib/x86_64-linux-gnu/libboost_serialization.so;/usr/lib/x86_64-linux-gnu/libboost_chrono.so;/usr/lib/x86_64-linux-gnu/libboost_atomic.so;/usr/lib/x86_64-linux-gnu/libboost_regex.so;/usr/lib/x86_64-linux-gnu/libpthread.so;optimized;/usr/lib/x86_64-linux-gnu/libqhull.so;debug;/usr/lib/x86_64-linux-gnu/libqhull.so;/usr/lib/libOpenNI.so;optimized;/usr/lib/x86_64-linux-gnu/libflann_cpp_s.a;debug;/usr/lib/x86_64-linux-gnu/libflann_cpp_s.a;vtkImagingStencil;vtkCommonComputationalGeometry;vtkCommonDataModel;vtkCommonMath;vtkCommonCore;vtksys;vtkCommonMisc;vtkCommonSystem;vtkCommonTransforms;vtkImagingCore;vtkCommonExecutionModel;vtkFiltersAMR;vtkFiltersGeneral;vtkFiltersCore;vtkParallelCore;vtkIOLegacy;vtkIOCore;/usr/lib/x86_64-linux-gnu/libz.so;vtkInteractionWidgets;vtkFiltersHybrid;vtkImagingSources;vtkRenderingCore;vtkCommonColor;vtkFiltersExtraction;vtkFiltersStatistics;vtkImagingFourier;vtkalglib;vtkFiltersGeometry;vtkFiltersSources;vtkFiltersModeling;vtkImagingGeneral;vtkImagingHybrid;vtkIOImage;vtkDICOMParser;vtkmetaio;/usr/lib/x86_64-linux-gnu/libjpeg.so;/usr/lib/x86_64-linux-gnu/libpng.so;/usr/lib/x86_64-linux-gnu/libtiff.so;vtkInteractionStyle;vtkRenderingAnnotation;vtkImagingColor;vtkRenderingFreeType;/usr/lib/x86_64-linux-gnu/libfreetype.so;vtkftgl;vtkRenderingVolume;vtkIOParallelNetCDF;vtkParallelMPI;/usr/lib/x86_64-linux-gnu/libnetcdf_c++.so;/usr/lib/x86_64-linux-gnu/libnetcdf.so;/usr/lib/x86_64-linux-gnu/hdf5/serial/lib/libhdf5.so;/usr/lib/x86_64-linux-gnu/libpthread.so;/usr/lib/x86_64-linux-gnu/libsz.so;/usr/lib/x86_64-linux-gnu/libdl.so;/usr/lib/x86_64-linux-gnu/libm.so;/usr/lib/x86_64-linux-gnu/hdf5/serial/lib/libhdf5_hl.so;vtkRenderingOpenGL;vtkIOLSDyna;vtkIOXML;vtkIOGeometry;/usr/lib/x86_64-linux-gnu/libjsoncpp.so;vtkIOXMLParser;/usr/lib/x86_64-linux-gnu/libexpat.so;vtkLocalExample;vtkInfovisCore;vtkGeovisCore;vtkInfovisLayout;vtkViewsCore;vtkproj4;/usr/lib/x86_64-linux-gnu/libpython2.7.so;vtkTestingGenericBridge;/usr/lib/libgl2ps.so;verdict;vtkIOMovie;/usr/lib/x86_64-linux-gnu/libtheoraenc.so;/usr/lib/x86_64-linux-gnu/libtheoradec.so;/usr/lib/x86_64-linux-gnu/libogg.so;vtkFiltersImaging;vtkIOMINC;vtkRenderingLOD;vtkViewsQt;vtkGUISupportQt;vtkViewsInfovis;vtkChartsCore;vtkRenderingContext2D;vtkRenderingLabel;vtkRenderingImage;vtkFiltersFlowPaths;vtkxdmf2;/usr/lib/x86_64-linux-gnu/libxml2.so;vtkFiltersReebGraph;vtkViewsContext2D;vtkIOXdmf2;vtkIOAMR;vtkRenderingContextOpenGL;vtkImagingStatistics;vtkIOParallel;vtkFiltersParallel;vtkIONetCDF;vtkexoIIc;vtkGUISupportQtOpenGL;vtkIOParallelLSDyna;vtkFiltersParallelGeometry;vtkGUISupportQtWebkit;vtkIOPLY;vtkWrappingTools;vtkFiltersHyperTree;vtkRenderingVolumeOpenGL;vtkIOExodus;vtkIOPostgreSQL;vtkIOSQL;sqlite3;vtkWrappingJava;vtkFiltersParallelFlowPaths;vtkFiltersParallelStatistics;vtkFiltersProgrammable;vtkFiltersParallelImaging;vtkRenderingParallelLIC;vtkRenderingLIC;vtkInteractionImage;vtkFiltersPython;vtkWrappingPythonCore;vtkIOParallelExodus;vtkFiltersGeneric;vtkIOVideo;vtkRenderingQt;vtkFiltersTexture;vtkIOInfovis;vtkGUISupportQtSQL;vtkRenderingFreeTypeOpenGL;vtkInfovisBoostGraphAlgorithms;vtkRenderingGL2PS;vtkIOGeoJSON;vtkFiltersVerdict;vtkViewsGeovis;vtkIOImport;vtkTestingIOSQL;vtkPythonInterpreter;vtkIOODBC;vtkIOEnSight;vtkIOMySQL;vtkRenderingMatplotlib;vtkDomainsChemistry;vtkIOExport;vtkFiltersParallelMPI;vtkIOParallelXML;vtkTestingRendering;vtkIOMPIParallel;vtkParallelMPI4Py;vtkFiltersSMP;vtkFiltersSelection;vtkIOVPIC;VPIC;vtkImagingMath;vtkImagingMorphological;vtkRenderingParallel;vtkRenderingFreeTypeFontConfig;vtkIOFFMPEG;vtkIOMPIImage;vtkIOGDAL (Required is at least version "1.7") 
-- Found OpenCV: /opt/ros/kinetic (found version "3.3.1") 
-- Configuring done
-- Generating done
-- Build files have been written to: /home/daisuke/Autoware/ros/build/kitti_player
Invoked command in '/home/daisuke/Autoware/ros/build/kitti_player' returned '0': CMAKE_PREFIX_PATH=/home/daisuke/Autoware/ros/install/autoware_build_flags:${CMAKE_PREFIX_PATH} PKG_CONFIG_PATH=/home/daisuke/Autoware/ros/install/autoware_build_flags/lib/pkgconfig:${PKG_CONFIG_PATH} ROS_PACKAGE_PATH=/home/daisuke/Autoware/ros/install/autoware_build_flags/share:${ROS_PACKAGE_PATH} /usr/bin/cmake /home/daisuke/Autoware/ros/src/util/packages/kitti_pkg/kitti_player -DCMAKE_BUILD_TYPE=Release -DCMAKE_LIBRARY_PATH=/usr/local/cuda/lib64/stubs -DCATKIN_INSTALL_INTO_PREFIX_ROOT=0 -DCMAKE_INSTALL_PREFIX=/home/daisuke/Autoware/ros/install/kitti_player
Invoking command in '/home/daisuke/Autoware/ros/build/kitti_player': CMAKE_PREFIX_PATH=/home/daisuke/Autoware/ros/install/autoware_build_flags:${CMAKE_PREFIX_PATH} PKG_CONFIG_PATH=/home/daisuke/Autoware/ros/install/autoware_build_flags/lib/pkgconfig:${PKG_CONFIG_PATH} ROS_PACKAGE_PATH=/home/daisuke/Autoware/ros/install/autoware_build_flags/share:${ROS_PACKAGE_PATH} /usr/bin/cmake --build /home/daisuke/Autoware/ros/build/kitti_player -- -j8 -l8
[35m[1mScanning dependencies of target actionlib_msgs_generate_messages_cpp[0m
[35m[1mScanning dependencies of target sensor_msgs_generate_messages_eus[0m
[35m[1mScanning dependencies of target kitti_player_gencfg[0m
[35m[1mScanning dependencies of target std_msgs_generate_messages_lisp[0m
[35m[1mScanning dependencies of target actionlib_generate_messages_nodejs[0m
[35m[1mScanning dependencies of target actionlib_msgs_generate_messages_lisp[0m
[  0%] Built target sensor_msgs_generate_messages_eus
[  0%] Built target actionlib_msgs_generate_messages_cpp
[  0%] Built target std_msgs_generate_messages_lisp
[ 33%] [34m[1mGenerating dynamic reconfigure files from cfg/kitti_player.cfg: /home/daisuke/Autoware/ros/build/kitti_player/devel/include/kitti_player/kitti_playerConfig.h /home/daisuke/Autoware/ros/build/kitti_player/devel/lib/python2.7/dist-packages/kitti_player/cfg/kitti_playerConfig.py[0m
[ 33%] Built target actionlib_generate_messages_nodejs
[ 33%] Built target actionlib_msgs_generate_messages_lisp
[35m[1mScanning dependencies of target actionlib_msgs_generate_messages_eus[0m
[35m[1mScanning dependencies of target topic_tools_generate_messages_py[0m
[35m[1mScanning dependencies of target tf2_msgs_generate_messages_py[0m
[35m[1mScanning dependencies of target actionlib_msgs_generate_messages_nodejs[0m
[ 33%] Built target actionlib_msgs_generate_messages_eus
[35m[1mScanning dependencies of target std_msgs_generate_messages_nodejs[0m
[ 33%] Built target topic_tools_generate_messages_py
[ 33%] Built target tf2_msgs_generate_messages_py
[ 33%] Built target actionlib_msgs_generate_messages_nodejs
[35m[1mScanning dependencies of target sensor_msgs_generate_messages_nodejs[0m
[35m[1mScanning dependencies of target std_msgs_generate_messages_cpp[0m
[ 33%] Built target std_msgs_generate_messages_nodejs
[35m[1mScanning dependencies of target geometry_msgs_generate_messages_cpp[0m
[35m[1mScanning dependencies of target roscpp_generate_messages_py[0m
[35m[1mScanning dependencies of target tf_generate_messages_py[0m
[35m[1mScanning dependencies of target actionlib_generate_messages_lisp[0m
[ 33%] Built target sensor_msgs_generate_messages_nodejs
Generating reconfiguration files for kitti_player in kitti_player
[ 33%] Built target std_msgs_generate_messages_cpp
[ 33%] Built target geometry_msgs_generate_messages_cpp
Wrote header file in /home/daisuke/Autoware/ros/build/kitti_player/devel/include/kitti_player/kitti_playerConfig.h
[35m[1mScanning dependencies of target tf_generate_messages_lisp[0m
[ 33%] Built target roscpp_generate_messages_py
[ 33%] Built target tf_generate_messages_py
[35m[1mScanning dependencies of target actionlib_generate_messages_cpp[0m
[ 33%] Built target actionlib_generate_messages_lisp
[35m[1mScanning dependencies of target rosgraph_msgs_generate_messages_py[0m
[ 33%] Built target tf_generate_messages_lisp
[ 33%] Built target actionlib_generate_messages_cpp
[35m[1mScanning dependencies of target actionlib_msgs_generate_messages_py[0m
[35m[1mScanning dependencies of target roscpp_generate_messages_cpp[0m
[35m[1mScanning dependencies of target geometry_msgs_generate_messages_nodejs[0m
[35m[1mScanning dependencies of target geometry_msgs_generate_messages_eus[0m
[ 33%] Built target rosgraph_msgs_generate_messages_py
[ 33%] Built target geometry_msgs_generate_messages_nodejs
[ 33%] Built target actionlib_msgs_generate_messages_py
[35m[1mScanning dependencies of target nodelet_generate_messages_py[0m
[35m[1mScanning dependencies of target roscpp_generate_messages_eus[0m
[ 33%] Built target geometry_msgs_generate_messages_eus
[ 33%] Built target roscpp_generate_messages_cpp
[35m[1mScanning dependencies of target bond_generate_messages_eus[0m
[ 33%] Built target kitti_player_gencfg
[35m[1mScanning dependencies of target geometry_msgs_generate_messages_py[0m
[ 33%] Built target nodelet_generate_messages_py
[35m[1mScanning dependencies of target geometry_msgs_generate_messages_lisp[0m
[35m[1mScanning dependencies of target std_srvs_generate_messages_lisp[0m
[35m[1mScanning dependencies of target bond_generate_messages_py[0m
[ 33%] Built target bond_generate_messages_eus
[35m[1mScanning dependencies of target sensor_msgs_generate_messages_cpp[0m
[35m[1mScanning dependencies of target tf_generate_messages_cpp[0m
[ 33%] Built target roscpp_generate_messages_eus
[ 33%] Built target geometry_msgs_generate_messages_py
[ 33%] Built target geometry_msgs_generate_messages_lisp
[ 33%] Built target bond_generate_messages_py
[ 33%] Built target std_srvs_generate_messages_lisp
[35m[1mScanning dependencies of target std_srvs_generate_messages_eus[0m
[ 33%] Built target tf_generate_messages_cpp
[ 33%] Built target sensor_msgs_generate_messages_cpp
[35m[1mScanning dependencies of target pcl_msgs_generate_messages_eus[0m
[35m[1mScanning dependencies of target rosgraph_msgs_generate_messages_nodejs[0m
[35m[1mScanning dependencies of target tf2_msgs_generate_messages_cpp[0m
[35m[1mScanning dependencies of target sensor_msgs_generate_messages_py[0m
[35m[1mScanning dependencies of target rosgraph_msgs_generate_messages_cpp[0m
[ 33%] Built target std_srvs_generate_messages_eus
[35m[1mScanning dependencies of target tf_generate_messages_eus[0m
[35m[1mScanning dependencies of target roscpp_generate_messages_nodejs[0m
[ 33%] Built target pcl_msgs_generate_messages_eus
[ 33%] Built target rosgraph_msgs_generate_messages_nodejs
[ 33%] Built target tf_generate_messages_eus
[ 33%] Built target sensor_msgs_generate_messages_py
[ 33%] Built target tf2_msgs_generate_messages_cpp
[ 33%] Built target rosgraph_msgs_generate_messages_cpp
[ 33%] Built target roscpp_generate_messages_nodejs
[35m[1mScanning dependencies of target pcl_msgs_generate_messages_nodejs[0m
[35m[1mScanning dependencies of target stereo_msgs_generate_messages_py[0m
[35m[1mScanning dependencies of target std_srvs_generate_messages_nodejs[0m
[35m[1mScanning dependencies of target std_msgs_generate_messages_py[0m
[35m[1mScanning dependencies of target rosgraph_msgs_generate_messages_eus[0m
[35m[1mScanning dependencies of target roscpp_generate_messages_lisp[0m
[35m[1mScanning dependencies of target rosgraph_msgs_generate_messages_lisp[0m
[ 33%] Built target stereo_msgs_generate_messages_py
[ 33%] Built target std_msgs_generate_messages_py
[ 33%] Built target rosgraph_msgs_generate_messages_eus
[ 33%] Built target std_srvs_generate_messages_nodejs
[ 33%] Built target pcl_msgs_generate_messages_nodejs
[35m[1mScanning dependencies of target tf_generate_messages_nodejs[0m
[ 33%] Built target roscpp_generate_messages_lisp
[ 33%] Built target rosgraph_msgs_generate_messages_lisp
[35m[1mScanning dependencies of target stereo_msgs_generate_messages_eus[0m
[35m[1mScanning dependencies of target std_srvs_generate_messages_py[0m
[35m[1mScanning dependencies of target std_msgs_generate_messages_eus[0m
[35m[1mScanning dependencies of target actionlib_generate_messages_eus[0m
[35m[1mScanning dependencies of target pcl_ros_gencfg[0m
[ 33%] Built target tf_generate_messages_nodejs
[ 33%] Built target std_srvs_generate_messages_py
[35m[1mScanning dependencies of target nodelet_generate_messages_cpp[0m
[35m[1mScanning dependencies of target tf2_msgs_generate_messages_eus[0m
[ 33%] Built target std_msgs_generate_messages_eus
[ 33%] Built target stereo_msgs_generate_messages_eus
[ 33%] Built target actionlib_generate_messages_eus
[ 33%] Built target pcl_ros_gencfg
[35m[1mScanning dependencies of target tf2_msgs_generate_messages_lisp[0m
[35m[1mScanning dependencies of target tf2_msgs_generate_messages_nodejs[0m
[35m[1mScanning dependencies of target dynamic_reconfigure_generate_messages_cpp[0m
[ 33%] Built target nodelet_generate_messages_cpp
[35m[1mScanning dependencies of target dynamic_reconfigure_generate_messages_lisp[0m
[35m[1mScanning dependencies of target dynamic_reconfigure_generate_messages_nodejs[0m
[35m[1mScanning dependencies of target actionlib_generate_messages_py[0m
[ 33%] Built target tf2_msgs_generate_messages_eus
[ 33%] Built target tf2_msgs_generate_messages_lisp
[ 33%] Built target tf2_msgs_generate_messages_nodejs
[35m[1mScanning dependencies of target dynamic_reconfigure_generate_messages_py[0m
[35m[1mScanning dependencies of target dynamic_reconfigure_gencfg[0m
[ 33%] Built target dynamic_reconfigure_generate_messages_lisp
[ 33%] Built target dynamic_reconfigure_generate_messages_cpp
[ 33%] Built target actionlib_generate_messages_py
[ 33%] Built target dynamic_reconfigure_generate_messages_nodejs
[35m[1mScanning dependencies of target bond_generate_messages_cpp[0m
[ 33%] Built target dynamic_reconfigure_generate_messages_py
[35m[1mScanning dependencies of target nodelet_generate_messages_lisp[0m
[ 33%] Built target dynamic_reconfigure_gencfg
[35m[1mScanning dependencies of target nodelet_generate_messages_nodejs[0m
[35m[1mScanning dependencies of target topic_tools_generate_messages_eus[0m
[35m[1mScanning dependencies of target nodelet_generate_messages_eus[0m
[35m[1mScanning dependencies of target topic_tools_generate_messages_cpp[0m
[35m[1mScanning dependencies of target bond_generate_messages_lisp[0m
[ 33%] Built target bond_generate_messages_cpp
[ 33%] Built target nodelet_generate_messages_lisp
[ 33%] Built target nodelet_generate_messages_eus
[35m[1mScanning dependencies of target nodelet_topic_tools_gencfg[0m
[ 33%] Built target nodelet_generate_messages_nodejs
[ 33%] Built target bond_generate_messages_lisp
[ 33%] Built target topic_tools_generate_messages_eus
[35m[1mScanning dependencies of target pcl_msgs_generate_messages_lisp[0m
[35m[1mScanning dependencies of target bond_generate_messages_nodejs[0m
[ 33%] Built target topic_tools_generate_messages_cpp
[35m[1mScanning dependencies of target dynamic_reconfigure_generate_messages_eus[0m
[ 33%] Built target nodelet_topic_tools_gencfg
[ 33%] Built target pcl_msgs_generate_messages_lisp
[35m[1mScanning dependencies of target pcl_msgs_generate_messages_cpp[0m
[ 33%] Built target bond_generate_messages_nodejs
[35m[1mScanning dependencies of target pcl_msgs_generate_messages_py[0m
[35m[1mScanning dependencies of target topic_tools_generate_messages_lisp[0m
[ 33%] Built target dynamic_reconfigure_generate_messages_eus
[35m[1mScanning dependencies of target std_srvs_generate_messages_cpp[0m
[35m[1mScanning dependencies of target stereo_msgs_generate_messages_nodejs[0m
[ 33%] Built target pcl_msgs_generate_messages_cpp
[35m[1mScanning dependencies of target topic_tools_generate_messages_nodejs[0m
[ 33%] Built target pcl_msgs_generate_messages_py
[35m[1mScanning dependencies of target sensor_msgs_generate_messages_lisp[0m
[ 33%] Built target topic_tools_generate_messages_lisp
[ 33%] Built target std_srvs_generate_messages_cpp
[35m[1mScanning dependencies of target stereo_msgs_generate_messages_cpp[0m
[ 33%] Built target topic_tools_generate_messages_nodejs
[ 33%] Built target stereo_msgs_generate_messages_nodejs
[35m[1mScanning dependencies of target stereo_msgs_generate_messages_lisp[0m
[ 33%] Built target sensor_msgs_generate_messages_lisp
[ 33%] Built target stereo_msgs_generate_messages_lisp
[ 33%] Built target stereo_msgs_generate_messages_cpp
[35m[1mScanning dependencies of target kitti_player[0m
[ 66%] [32mBuilding CXX object CMakeFiles/kitti_player.dir/src/kitti_player.cpp.o[0m
[100%] [32m[1mLinking CXX executable devel/lib/kitti_player/kitti_player[0m
[100%] Built target kitti_player
Invoked command in '/home/daisuke/Autoware/ros/build/kitti_player' returned '0': CMAKE_PREFIX_PATH=/home/daisuke/Autoware/ros/install/autoware_build_flags:${CMAKE_PREFIX_PATH} PKG_CONFIG_PATH=/home/daisuke/Autoware/ros/install/autoware_build_flags/lib/pkgconfig:${PKG_CONFIG_PATH} ROS_PACKAGE_PATH=/home/daisuke/Autoware/ros/install/autoware_build_flags/share:${ROS_PACKAGE_PATH} /usr/bin/cmake --build /home/daisuke/Autoware/ros/build/kitti_player -- -j8 -l8
Invoking command in '/home/daisuke/Autoware/ros/build/kitti_player': CMAKE_PREFIX_PATH=/home/daisuke/Autoware/ros/install/autoware_build_flags:${CMAKE_PREFIX_PATH} PKG_CONFIG_PATH=/home/daisuke/Autoware/ros/install/autoware_build_flags/lib/pkgconfig:${PKG_CONFIG_PATH} ROS_PACKAGE_PATH=/home/daisuke/Autoware/ros/install/autoware_build_flags/share:${ROS_PACKAGE_PATH} /usr/bin/cmake --build /home/daisuke/Autoware/ros/build/kitti_player --target tests -- -j8 -l8
[35m[1mScanning dependencies of target tests[0m
Built target tests
Invoked command in '/home/daisuke/Autoware/ros/build/kitti_player' returned '0': CMAKE_PREFIX_PATH=/home/daisuke/Autoware/ros/install/autoware_build_flags:${CMAKE_PREFIX_PATH} PKG_CONFIG_PATH=/home/daisuke/Autoware/ros/install/autoware_build_flags/lib/pkgconfig:${PKG_CONFIG_PATH} ROS_PACKAGE_PATH=/home/daisuke/Autoware/ros/install/autoware_build_flags/share:${ROS_PACKAGE_PATH} /usr/bin/cmake --build /home/daisuke/Autoware/ros/build/kitti_player --target tests -- -j8 -l8
Invoking command in '/home/daisuke/Autoware/ros/build/kitti_player': CMAKE_PREFIX_PATH=/home/daisuke/Autoware/ros/install/autoware_build_flags:${CMAKE_PREFIX_PATH} PKG_CONFIG_PATH=/home/daisuke/Autoware/ros/install/autoware_build_flags/lib/pkgconfig:${PKG_CONFIG_PATH} ROS_PACKAGE_PATH=/home/daisuke/Autoware/ros/install/autoware_build_flags/share:${ROS_PACKAGE_PATH} /usr/bin/cmake --build /home/daisuke/Autoware/ros/build/kitti_player --target install
[ 33%] Built target kitti_player_gencfg
[ 33%] Built target std_msgs_generate_messages_lisp
[ 33%] Built target actionlib_msgs_generate_messages_lisp
[ 33%] Built target actionlib_generate_messages_nodejs
[ 33%] Built target sensor_msgs_generate_messages_eus
[ 33%] Built target actionlib_msgs_generate_messages_cpp
[ 33%] Built target actionlib_generate_messages_lisp
[ 33%] Built target actionlib_msgs_generate_messages_eus
[ 33%] Built target actionlib_msgs_generate_messages_nodejs
[ 33%] Built target tf2_msgs_generate_messages_py
[ 33%] Built target topic_tools_generate_messages_py
[ 33%] Built target std_msgs_generate_messages_nodejs
[ 33%] Built target std_msgs_generate_messages_cpp
[ 33%] Built target sensor_msgs_generate_messages_nodejs
[ 33%] Built target geometry_msgs_generate_messages_cpp
[ 33%] Built target tf_generate_messages_py
[ 33%] Built target roscpp_generate_messages_py
[ 33%] Built target tf_generate_messages_lisp
[ 33%] Built target actionlib_generate_messages_cpp
[ 33%] Built target rosgraph_msgs_generate_messages_py
[ 33%] Built target actionlib_msgs_generate_messages_py
[ 33%] Built target geometry_msgs_generate_messages_nodejs
[ 33%] Built target geometry_msgs_generate_messages_eus
[ 33%] Built target roscpp_generate_messages_cpp
[ 33%] Built target nodelet_generate_messages_py
[ 33%] Built target roscpp_generate_messages_eus
[ 33%] Built target bond_generate_messages_eus
[ 33%] Built target geometry_msgs_generate_messages_py
[ 33%] Built target geometry_msgs_generate_messages_lisp
[ 33%] Built target bond_generate_messages_py
[ 33%] Built target std_srvs_generate_messages_lisp
[ 33%] Built target sensor_msgs_generate_messages_cpp
[ 33%] Built target tf_generate_messages_cpp
[ 33%] Built target std_srvs_generate_messages_eus
[ 33%] Built target tf2_msgs_generate_messages_cpp
[ 33%] Built target rosgraph_msgs_generate_messages_cpp
[ 33%] Built target pcl_msgs_generate_messages_eus
[ 33%] Built target rosgraph_msgs_generate_messages_nodejs
[ 33%] Built target tf_generate_messages_eus
[ 33%] Built target sensor_msgs_generate_messages_py
[ 33%] Built target roscpp_generate_messages_nodejs
[ 33%] Built target pcl_msgs_generate_messages_nodejs
[ 33%] Built target std_srvs_generate_messages_nodejs
[ 33%] Built target stereo_msgs_generate_messages_py
[ 33%] Built target rosgraph_msgs_generate_messages_lisp
[ 33%] Built target rosgraph_msgs_generate_messages_eus
[ 33%] Built target std_msgs_generate_messages_py
[ 33%] Built target roscpp_generate_messages_lisp
[ 33%] Built target tf_generate_messages_nodejs
[ 33%] Built target std_srvs_generate_messages_py
[ 33%] Built target std_msgs_generate_messages_eus
[ 33%] Built target actionlib_generate_messages_eus
[ 33%] Built target stereo_msgs_generate_messages_eus
[ 33%] Built target pcl_ros_gencfg
[ 33%] Built target tf2_msgs_generate_messages_eus
[ 33%] Built target nodelet_generate_messages_cpp
[ 33%] Built target tf2_msgs_generate_messages_lisp
[ 33%] Built target tf2_msgs_generate_messages_nodejs
[ 33%] Built target dynamic_reconfigure_generate_messages_cpp
[ 33%] Built target dynamic_reconfigure_generate_messages_lisp
[ 33%] Built target dynamic_reconfigure_generate_messages_nodejs
[ 33%] Built target actionlib_generate_messages_py
[ 33%] Built target dynamic_reconfigure_generate_messages_py
[ 33%] Built target dynamic_reconfigure_gencfg
[ 33%] Built target nodelet_generate_messages_lisp
[ 33%] Built target nodelet_generate_messages_nodejs
[ 33%] Built target bond_generate_messages_cpp
[ 33%] Built target bond_generate_messages_lisp
[ 33%] Built target nodelet_generate_messages_eus
[ 33%] Built target topic_tools_generate_messages_cpp
[ 33%] Built target topic_tools_generate_messages_eus
[ 33%] Built target nodelet_topic_tools_gencfg
[ 33%] Built target pcl_msgs_generate_messages_lisp
[ 33%] Built target bond_generate_messages_nodejs
[ 33%] Built target dynamic_reconfigure_generate_messages_eus
[ 33%] Built target pcl_msgs_generate_messages_py
[ 33%] Built target pcl_msgs_generate_messages_cpp
[ 33%] Built target std_srvs_generate_messages_cpp
[ 33%] Built target topic_tools_generate_messages_lisp
[ 33%] Built target sensor_msgs_generate_messages_lisp
[ 33%] Built target topic_tools_generate_messages_nodejs
[ 33%] Built target stereo_msgs_generate_messages_nodejs
[ 33%] Built target stereo_msgs_generate_messages_cpp
[ 33%] Built target stereo_msgs_generate_messages_lisp
[100%] Built target kitti_player
[36mInstall the project...[0m
-- Install configuration: "Release"
-- Installing: /home/daisuke/Autoware/ros/install/kitti_player/include/kitti_player/kitti_playerConfig.h
-- Installing: /home/daisuke/Autoware/ros/install/kitti_player/lib/python2.7/dist-packages/kitti_player/__init__.py
Listing /home/daisuke/Autoware/ros/build/kitti_player/devel/lib/python2.7/dist-packages/kitti_player/cfg ...
Compiling /home/daisuke/Autoware/ros/build/kitti_player/devel/lib/python2.7/dist-packages/kitti_player/cfg/__init__.py ...
Compiling /home/daisuke/Autoware/ros/build/kitti_player/devel/lib/python2.7/dist-packages/kitti_player/cfg/kitti_playerConfig.py ...
-- Installing: /home/daisuke/Autoware/ros/install/kitti_player/lib/python2.7/dist-packages/kitti_player/cfg
-- Installing: /home/daisuke/Autoware/ros/install/kitti_player/lib/python2.7/dist-packages/kitti_player/cfg/kitti_playerConfig.pyc
-- Installing: /home/daisuke/Autoware/ros/install/kitti_player/lib/python2.7/dist-packages/kitti_player/cfg/__init__.pyc
-- Installing: /home/daisuke/Autoware/ros/install/kitti_player/lib/python2.7/dist-packages/kitti_player/cfg/__init__.py
-- Installing: /home/daisuke/Autoware/ros/install/kitti_player/lib/python2.7/dist-packages/kitti_player/cfg/kitti_playerConfig.py
-- Installing: /home/daisuke/Autoware/ros/install/kitti_player/lib/pkgconfig/kitti_player.pc
-- Installing: /home/daisuke/Autoware/ros/install/kitti_player/share/kitti_player/cmake/kitti_playerConfig.cmake
-- Installing: /home/daisuke/Autoware/ros/install/kitti_player/share/kitti_player/cmake/kitti_playerConfig-version.cmake
-- Installing: /home/daisuke/Autoware/ros/install/kitti_player/share/kitti_player/package.xml
-- Installing: /home/daisuke/Autoware/ros/install/kitti_player/lib/kitti_player/kitti_player
-- Set runtime path of "/home/daisuke/Autoware/ros/install/kitti_player/lib/kitti_player/kitti_player" to ""
-- Installing: /home/daisuke/Autoware/ros/install/kitti_player/share/kitti_player/launch
-- Installing: /home/daisuke/Autoware/ros/install/kitti_player/share/kitti_player/launch/kittiplayer_libviso2.launch
-- Installing: /home/daisuke/Autoware/ros/install/kitti_player/share/kitti_player/cfg
-- Installing: /home/daisuke/Autoware/ros/install/kitti_player/share/kitti_player/cfg/kitti_player.cfg
-- Installing: /home/daisuke/Autoware/ros/install/kitti_player/share/kitti_player/cfg/rviz_kitti_player.rviz
Invoked command in '/home/daisuke/Autoware/ros/build/kitti_player' returned '0': CMAKE_PREFIX_PATH=/home/daisuke/Autoware/ros/install/autoware_build_flags:${CMAKE_PREFIX_PATH} PKG_CONFIG_PATH=/home/daisuke/Autoware/ros/install/autoware_build_flags/lib/pkgconfig:${PKG_CONFIG_PATH} ROS_PACKAGE_PATH=/home/daisuke/Autoware/ros/install/autoware_build_flags/share:${ROS_PACKAGE_PATH} /usr/bin/cmake --build /home/daisuke/Autoware/ros/build/kitti_player --target install
