Invoking command in '/home/daisuke/Autoware/ros/build/sick_ldmrs_description': /usr/bin/cmake /home/daisuke/Autoware/ros/src/sensing/drivers/lidar/packages/sick/ldmrs/sick_ldmrs_description -DCATKIN_INSTALL_INTO_PREFIX_ROOT=0 -DCMAKE_INSTALL_PREFIX=/home/daisuke/Autoware/ros/install/sick_ldmrs_description
-- Using CATKIN_DEVEL_PREFIX: /home/daisuke/Autoware/ros/build/sick_ldmrs_description/devel
-- Using CMAKE_PREFIX_PATH: /home/daisuke/Autoware/ros/devel;/opt/ros/kinetic
-- This workspace overlays: /opt/ros/kinetic
-- Using PYTHON_EXECUTABLE: /home/daisuke/pyenv/shims/python
-- Using Debian Python package layout
-- Using empy: /usr/bin/empy
-- Using CATKIN_ENABLE_TESTING: ON
-- Call enable_testing()
-- Using CATKIN_TEST_RESULTS_DIR: /home/daisuke/Autoware/ros/build/sick_ldmrs_description/test_results
-- Found gmock sources under '/usr/src/gmock': gmock will be built
-- Found gtest sources under '/usr/src/gmock': gtests will be built
-- Using Python nosetests: /usr/bin/nosetests-2.7
-- catkin 0.7.14
-- Configuring done
-- Generating done
-- Build files have been written to: /home/daisuke/Autoware/ros/build/sick_ldmrs_description
Invoked command in '/home/daisuke/Autoware/ros/build/sick_ldmrs_description' returned '0': /usr/bin/cmake /home/daisuke/Autoware/ros/src/sensing/drivers/lidar/packages/sick/ldmrs/sick_ldmrs_description -DCATKIN_INSTALL_INTO_PREFIX_ROOT=0 -DCMAKE_INSTALL_PREFIX=/home/daisuke/Autoware/ros/install/sick_ldmrs_description
Invoking command in '/home/daisuke/Autoware/ros/build/sick_ldmrs_description': /usr/bin/cmake --build /home/daisuke/Autoware/ros/build/sick_ldmrs_description -- -j8 -l8
Invoked command in '/home/daisuke/Autoware/ros/build/sick_ldmrs_description' returned '0': /usr/bin/cmake --build /home/daisuke/Autoware/ros/build/sick_ldmrs_description -- -j8 -l8
Invoking command in '/home/daisuke/Autoware/ros/build/sick_ldmrs_description': /usr/bin/cmake --build /home/daisuke/Autoware/ros/build/sick_ldmrs_description --target tests -- -j8 -l8
Built target tests
Invoked command in '/home/daisuke/Autoware/ros/build/sick_ldmrs_description' returned '0': /usr/bin/cmake --build /home/daisuke/Autoware/ros/build/sick_ldmrs_description --target tests -- -j8 -l8
Invoking command in '/home/daisuke/Autoware/ros/build/sick_ldmrs_description': /usr/bin/cmake --build /home/daisuke/Autoware/ros/build/sick_ldmrs_description --target install
[36mInstall the project...[0m
-- Install configuration: "Release"
-- Installing: /home/daisuke/Autoware/ros/install/sick_ldmrs_description/lib/pkgconfig/sick_ldmrs_description.pc
-- Up-to-date: /home/daisuke/Autoware/ros/install/sick_ldmrs_description/share/sick_ldmrs_description/cmake/sick_ldmrs_descriptionConfig.cmake
-- Up-to-date: /home/daisuke/Autoware/ros/install/sick_ldmrs_description/share/sick_ldmrs_description/cmake/sick_ldmrs_descriptionConfig-version.cmake
-- Up-to-date: /home/daisuke/Autoware/ros/install/sick_ldmrs_description/share/sick_ldmrs_description/package.xml
-- Up-to-date: /home/daisuke/Autoware/ros/install/sick_ldmrs_description/share/sick_ldmrs_description/launch
-- Up-to-date: /home/daisuke/Autoware/ros/install/sick_ldmrs_description/share/sick_ldmrs_description/launch/show_urdf.launch
-- Up-to-date: /home/daisuke/Autoware/ros/install/sick_ldmrs_description/share/sick_ldmrs_description/launch/upload_urdf.launch
-- Up-to-date: /home/daisuke/Autoware/ros/install/sick_ldmrs_description/share/sick_ldmrs_description/meshes
-- Up-to-date: /home/daisuke/Autoware/ros/install/sick_ldmrs_description/share/sick_ldmrs_description/meshes/sick_ldmrs.dae
-- Up-to-date: /home/daisuke/Autoware/ros/install/sick_ldmrs_description/share/sick_ldmrs_description/meshes/sick_ldmrs_color.png
-- Up-to-date: /home/daisuke/Autoware/ros/install/sick_ldmrs_description/share/sick_ldmrs_description/urdf
-- Up-to-date: /home/daisuke/Autoware/ros/install/sick_ldmrs_description/share/sick_ldmrs_description/urdf/sick_ldmrs.urdf.xacro
-- Up-to-date: /home/daisuke/Autoware/ros/install/sick_ldmrs_description/share/sick_ldmrs_description/urdf/sick_ldmrs_macros.urdf.xacro
Invoked command in '/home/daisuke/Autoware/ros/build/sick_ldmrs_description' returned '0': /usr/bin/cmake --build /home/daisuke/Autoware/ros/build/sick_ldmrs_description --target install
