-- The C compiler identification is GNU 5.4.0
-- The CXX compiler identification is GNU 5.4.0
-- Check for working C compiler: /usr/bin/cc
-- Check for working C compiler: /usr/bin/cc -- works
-- Detecting C compiler ABI info
-- Detecting C compiler ABI info - done
-- Detecting C compile features
-- Detecting C compile features - done
-- Check for working CXX compiler: /usr/bin/c++
-- Check for working CXX compiler: /usr/bin/c++ -- works
-- Detecting CXX compiler ABI info
-- Detecting CXX compiler ABI info - done
-- Detecting CXX compile features
-- Detecting CXX compile features - done
-- Using CATKIN_DEVEL_PREFIX: /home/daisuke/Autoware/ros/build/op_utilities/devel
-- Using CMAKE_PREFIX_PATH: /home/daisuke/Autoware/ros/install/op_ros_helpers;/home/daisuke/Autoware/ros/install/op_simu;/home/daisuke/Autoware/ros/install/op_planner;/home/daisuke/Autoware/ros/install/op_utility;/home/daisuke/Autoware/ros/install/vector_map_server;/home/daisuke/Autoware/ros/install/map_file;/home/daisuke/Autoware/ros/install/waypoint_follower;/home/daisuke/Autoware/ros/install/vector_map;/home/daisuke/Autoware/ros/install/vector_map_msgs;/home/daisuke/Autoware/ros/install/autoware_health_checker;/home/daisuke/Autoware/ros/install/tablet_socket_msgs;/home/daisuke/Autoware/ros/install/autoware_system_msgs;/home/daisuke/Autoware/ros/install/autoware_msgs;/home/daisuke/Autoware/ros/install/autoware_config_msgs;/home/daisuke/Autoware/ros/install/autoware_build_flags;/home/daisuke/Autoware/ros/devel;/opt/ros/kinetic
-- This workspace overlays: /home/daisuke/Autoware/ros/install/op_ros_helpers;/home/daisuke/Autoware/ros/install/op_simu;/home/daisuke/Autoware/ros/install/op_planner;/home/daisuke/Autoware/ros/install/op_utility;/home/daisuke/Autoware/ros/install/vector_map_server;/home/daisuke/Autoware/ros/install/map_file;/home/daisuke/Autoware/ros/install/waypoint_follower;/home/daisuke/Autoware/ros/install/vector_map;/home/daisuke/Autoware/ros/install/vector_map_msgs;/home/daisuke/Autoware/ros/install/autoware_health_checker;/home/daisuke/Autoware/ros/install/tablet_socket_msgs;/home/daisuke/Autoware/ros/install/autoware_system_msgs;/home/daisuke/Autoware/ros/install/autoware_msgs;/home/daisuke/Autoware/ros/install/autoware_config_msgs;/home/daisuke/Autoware/ros/install/autoware_build_flags;/opt/ros/kinetic
-- Found PythonInterp: /home/daisuke/pyenv/shims/python (found version "2.7.12") 
-- Using PYTHON_EXECUTABLE: /home/daisuke/pyenv/shims/python
-- Using Debian Python package layout
-- Using empy: /usr/bin/empy
-- Using CATKIN_ENABLE_TESTING: ON
-- Call enable_testing()
-- Using CATKIN_TEST_RESULTS_DIR: /home/daisuke/Autoware/ros/build/op_utilities/test_results
-- Found gmock sources under '/usr/src/gmock': gmock will be built
-- Looking for pthread.h
-- Looking for pthread.h - found
-- Looking for pthread_create
-- Looking for pthread_create - not found
-- Looking for pthread_create in pthreads
-- Looking for pthread_create in pthreads - not found
-- Looking for pthread_create in pthread
-- Looking for pthread_create in pthread - found
-- Found Threads: TRUE  
-- Found gtest sources under '/usr/src/gmock': gtests will be built
-- Using Python nosetests: /usr/bin/nosetests-2.7
-- catkin 0.7.14
-- Using these message generators: gencpp;geneus;genlisp;gennodejs;genpy
-- Found OpenCV: /opt/ros/kinetic (found version "3.3.1") 
-- Found OpenGL: /usr/lib/x86_64-linux-gnu/libGL.so  
-- Found GLEW: /usr/include  
-- Found GLUT: /usr/lib/x86_64-linux-gnu/libglut.so  
-- Looking for XOpenDisplay in /usr/lib/x86_64-linux-gnu/libX11.so;/usr/lib/x86_64-linux-gnu/libXext.so
-- Looking for XOpenDisplay in /usr/lib/x86_64-linux-gnu/libX11.so;/usr/lib/x86_64-linux-gnu/libXext.so - found
-- Looking for gethostbyname
-- Looking for gethostbyname - found
-- Looking for connect
-- Looking for connect - found
-- Looking for remove
-- Looking for remove - found
-- Looking for shmat
-- Looking for shmat - found
-- Looking for IceConnectionNumber in ICE
-- Looking for IceConnectionNumber in ICE - found
-- Found X11: /usr/lib/x86_64-linux-gnu/libX11.so
-- Configuring done
-- Generating done
-- Build files have been written to: /home/daisuke/Autoware/ros/build/op_utilities
[35m[1mScanning dependencies of target op_bag_player[0m
[  7%] [32mBuilding CXX object CMakeFiles/op_bag_player.dir/nodes/op_bag_player/op_bag_player.cpp.o[0m
[ 15%] [32mBuilding CXX object CMakeFiles/op_bag_player.dir/nodes/op_bag_player/op_bag_player_core.cpp.o[0m
[ 23%] [32mBuilding CXX object CMakeFiles/op_bag_player.dir/nodes/op_bag_player/DrawObjBase.cpp.o[0m
[ 30%] [32mBuilding CXX object CMakeFiles/op_bag_player.dir/nodes/op_bag_player/DrawingHelpers.cpp.o[0m
[35m[1mScanning dependencies of target tablet_socket_msgs_generate_messages_cpp[0m
[35m[1mScanning dependencies of target tablet_socket_msgs_generate_messages_eus[0m
[ 30%] Built target tablet_socket_msgs_generate_messages_cpp
[ 30%] Built target tablet_socket_msgs_generate_messages_eus
[ 38%] [32mBuilding CXX object CMakeFiles/op_bag_player.dir/nodes/op_bag_player/BagTopicPlayer.cpp.o[0m
[ 46%] [32mBuilding CXX object CMakeFiles/op_bag_player.dir/nodes/op_bag_player/MainWindowWrapper.cpp.o[0m
[35m[1mScanning dependencies of target tablet_socket_msgs_generate_messages_nodejs[0m
[35m[1mScanning dependencies of target tablet_socket_msgs_generate_messages_lisp[0m
[ 46%] Built target tablet_socket_msgs_generate_messages_nodejs
[ 46%] Built target tablet_socket_msgs_generate_messages_lisp
[35m[1mScanning dependencies of target autoware_system_msgs_generate_messages_cpp[0m
[35m[1mScanning dependencies of target autoware_config_msgs_generate_messages_lisp[0m
[ 46%] Built target autoware_config_msgs_generate_messages_lisp
[ 46%] Built target autoware_system_msgs_generate_messages_cpp
[35m[1mScanning dependencies of target autoware_system_msgs_generate_messages_nodejs[0m
[35m[1mScanning dependencies of target autoware_config_msgs_generate_messages_py[0m
[ 46%] Built target autoware_config_msgs_generate_messages_py
[ 46%] Built target autoware_system_msgs_generate_messages_nodejs
[35m[1mScanning dependencies of target topic_tools_generate_messages_py[0m
[35m[1mScanning dependencies of target topic_tools_generate_messages_lisp[0m
[ 46%] Built target topic_tools_generate_messages_py
[ 46%] Built target topic_tools_generate_messages_lisp
[35m[1mScanning dependencies of target std_srvs_generate_messages_nodejs[0m
[35m[1mScanning dependencies of target topic_tools_generate_messages_eus[0m
[ 46%] Built target topic_tools_generate_messages_eus
[ 46%] Built target std_srvs_generate_messages_nodejs
[35m[1mScanning dependencies of target std_srvs_generate_messages_lisp[0m
[35m[1mScanning dependencies of target std_srvs_generate_messages_eus[0m
[ 46%] Built target std_srvs_generate_messages_lisp
[ 46%] Built target std_srvs_generate_messages_eus
[35m[1mScanning dependencies of target nodelet_topic_tools_gencfg[0m
[35m[1mScanning dependencies of target bond_generate_messages_lisp[0m
[ 46%] Built target nodelet_topic_tools_gencfg
[ 46%] Built target bond_generate_messages_lisp
[35m[1mScanning dependencies of target bond_generate_messages_eus[0m
[35m[1mScanning dependencies of target autoware_system_msgs_generate_messages_py[0m
[ 46%] Built target bond_generate_messages_eus
[ 46%] Built target autoware_system_msgs_generate_messages_py
[35m[1mScanning dependencies of target bond_generate_messages_cpp[0m
[35m[1mScanning dependencies of target jsk_recognition_msgs_generate_messages_py[0m
[ 46%] Built target bond_generate_messages_cpp
[ 46%] Built target jsk_recognition_msgs_generate_messages_py
[35m[1mScanning dependencies of target jsk_recognition_msgs_generate_messages_nodejs[0m
[35m[1mScanning dependencies of target jsk_recognition_msgs_generate_messages_cpp[0m
[ 46%] Built target jsk_recognition_msgs_generate_messages_nodejs
[ 46%] Built target jsk_recognition_msgs_generate_messages_cpp
[35m[1mScanning dependencies of target topic_tools_generate_messages_nodejs[0m
[35m[1mScanning dependencies of target sensor_msgs_generate_messages_lisp[0m
[ 46%] Built target topic_tools_generate_messages_nodejs
[ 46%] Built target sensor_msgs_generate_messages_lisp
[35m[1mScanning dependencies of target sensor_msgs_generate_messages_eus[0m
[35m[1mScanning dependencies of target actionlib_msgs_generate_messages_cpp[0m
[ 46%] Built target actionlib_msgs_generate_messages_cpp
[ 46%] Built target sensor_msgs_generate_messages_eus
[35m[1mScanning dependencies of target tablet_socket_msgs_generate_messages_py[0m
[35m[1mScanning dependencies of target actionlib_generate_messages_nodejs[0m
[ 46%] Built target tablet_socket_msgs_generate_messages_py
[ 46%] Built target actionlib_generate_messages_nodejs
[35m[1mScanning dependencies of target rosgraph_msgs_generate_messages_cpp[0m
[35m[1mScanning dependencies of target pcl_msgs_generate_messages_eus[0m
[ 46%] Built target rosgraph_msgs_generate_messages_cpp
[ 46%] Built target pcl_msgs_generate_messages_eus
[35m[1mScanning dependencies of target autoware_msgs_generate_messages_cpp[0m
[35m[1mScanning dependencies of target std_msgs_generate_messages_cpp[0m
[ 46%] Built target autoware_msgs_generate_messages_cpp
[ 46%] Built target std_msgs_generate_messages_cpp
[35m[1mScanning dependencies of target sensor_msgs_generate_messages_nodejs[0m
[35m[1mScanning dependencies of target geometry_msgs_generate_messages_cpp[0m
[ 46%] Built target sensor_msgs_generate_messages_nodejs
[ 46%] Built target geometry_msgs_generate_messages_cpp
[35m[1mScanning dependencies of target rosgraph_msgs_generate_messages_nodejs[0m
[35m[1mScanning dependencies of target autoware_system_msgs_generate_messages_eus[0m
[ 46%] Built target rosgraph_msgs_generate_messages_nodejs
[ 46%] Built target autoware_system_msgs_generate_messages_eus
[35m[1mScanning dependencies of target vector_map_msgs_generate_messages_cpp[0m
[35m[1mScanning dependencies of target autoware_msgs_generate_messages_py[0m
[ 46%] Built target vector_map_msgs_generate_messages_cpp
[ 46%] Built target autoware_msgs_generate_messages_py
[35m[1mScanning dependencies of target jsk_footstep_msgs_generate_messages_nodejs[0m
[35m[1mScanning dependencies of target std_msgs_generate_messages_nodejs[0m
[ 46%] Built target jsk_footstep_msgs_generate_messages_nodejs
[ 46%] Built target std_msgs_generate_messages_nodejs
[35m[1mScanning dependencies of target geometry_msgs_generate_messages_py[0m
[35m[1mScanning dependencies of target geometry_msgs_generate_messages_lisp[0m
[ 46%] Built target geometry_msgs_generate_messages_py
[ 46%] Built target geometry_msgs_generate_messages_lisp
[35m[1mScanning dependencies of target autoware_msgs_generate_messages_lisp[0m
[35m[1mScanning dependencies of target jsk_footstep_msgs_generate_messages_cpp[0m
[ 46%] Built target autoware_msgs_generate_messages_lisp
[ 46%] Built target jsk_footstep_msgs_generate_messages_cpp
[35m[1mScanning dependencies of target std_msgs_generate_messages_lisp[0m
[35m[1mScanning dependencies of target jsk_recognition_msgs_generate_messages_lisp[0m
[ 46%] Built target std_msgs_generate_messages_lisp
[ 46%] Built target jsk_recognition_msgs_generate_messages_lisp
[35m[1mScanning dependencies of target roscpp_generate_messages_lisp[0m
[35m[1mScanning dependencies of target tf_generate_messages_cpp[0m
[ 46%] Built target roscpp_generate_messages_lisp
[ 46%] Built target tf_generate_messages_cpp
[35m[1mScanning dependencies of target vector_map_msgs_generate_messages_eus[0m
[35m[1mScanning dependencies of target geometry_msgs_generate_messages_nodejs[0m
[ 46%] Built target vector_map_msgs_generate_messages_eus
[35m[1mScanning dependencies of target geometry_msgs_generate_messages_eus[0m
[ 46%] Built target geometry_msgs_generate_messages_nodejs
[ 46%] Built target geometry_msgs_generate_messages_eus
[35m[1mScanning dependencies of target roscpp_generate_messages_cpp[0m
[35m[1mScanning dependencies of target vector_map_msgs_generate_messages_lisp[0m
[ 46%] Built target roscpp_generate_messages_cpp
[ 46%] Built target vector_map_msgs_generate_messages_lisp
[35m[1mScanning dependencies of target op_data_logger[0m
[35m[1mScanning dependencies of target vector_map_msgs_generate_messages_py[0m
[ 46%] Built target vector_map_msgs_generate_messages_py
[35m[1mScanning dependencies of target nodelet_generate_messages_py[0m
[ 46%] Built target nodelet_generate_messages_py
[35m[1mScanning dependencies of target vector_map_server_generate_messages_cpp[0m
[ 46%] Built target vector_map_server_generate_messages_cpp
[35m[1mScanning dependencies of target vector_map_server_generate_messages_lisp[0m
[ 53%] [32mBuilding CXX object CMakeFiles/op_data_logger.dir/nodes/op_data_logger/op_data_logger.cpp.o[0m
[ 53%] Built target vector_map_server_generate_messages_lisp
[ 61%] [32mBuilding CXX object CMakeFiles/op_data_logger.dir/nodes/op_data_logger/op_data_logger_core.cpp.o[0m
[35m[1mScanning dependencies of target roscpp_generate_messages_eus[0m
[ 61%] Built target roscpp_generate_messages_eus
[35m[1mScanning dependencies of target autoware_config_msgs_generate_messages_eus[0m
[ 61%] Built target autoware_config_msgs_generate_messages_eus
[35m[1mScanning dependencies of target std_srvs_generate_messages_cpp[0m
[ 61%] Built target std_srvs_generate_messages_cpp
[35m[1mScanning dependencies of target pcl_msgs_generate_messages_cpp[0m
[ 61%] Built target pcl_msgs_generate_messages_cpp
[35m[1mScanning dependencies of target autoware_msgs_generate_messages_nodejs[0m
[ 61%] Built target autoware_msgs_generate_messages_nodejs
[35m[1mScanning dependencies of target jsk_footstep_msgs_generate_messages_eus[0m
[ 61%] Built target jsk_footstep_msgs_generate_messages_eus
[35m[1mScanning dependencies of target actionlib_generate_messages_cpp[0m
[ 61%] Built target actionlib_generate_messages_cpp
[35m[1mScanning dependencies of target rosgraph_msgs_generate_messages_py[0m
[ 61%] Built target rosgraph_msgs_generate_messages_py
[35m[1mScanning dependencies of target nodelet_generate_messages_nodejs[0m
[35m[1mScanning dependencies of target tf_generate_messages_lisp[0m
[ 61%] Built target nodelet_generate_messages_nodejs
[ 61%] Built target tf_generate_messages_lisp
[35m[1mScanning dependencies of target rosgraph_msgs_generate_messages_lisp[0m
[35m[1mScanning dependencies of target pcl_msgs_generate_messages_nodejs[0m
[ 61%] Built target rosgraph_msgs_generate_messages_lisp
[35m[1mScanning dependencies of target sensor_msgs_generate_messages_py[0m
[ 61%] Built target pcl_msgs_generate_messages_nodejs
[ 61%] Built target sensor_msgs_generate_messages_py
[35m[1mScanning dependencies of target roscpp_generate_messages_nodejs[0m
[35m[1mScanning dependencies of target bond_generate_messages_py[0m
[ 61%] Built target roscpp_generate_messages_nodejs
[ 61%] Built target bond_generate_messages_py
[35m[1mScanning dependencies of target autoware_msgs_generate_messages_eus[0m
[35m[1mScanning dependencies of target jsk_recognition_msgs_generate_messages_eus[0m
[ 61%] Built target autoware_msgs_generate_messages_eus
[35m[1mScanning dependencies of target roscpp_generate_messages_py[0m
[ 61%] Built target jsk_recognition_msgs_generate_messages_eus
[ 61%] Built target roscpp_generate_messages_py
[35m[1mScanning dependencies of target std_srvs_generate_messages_py[0m
[35m[1mScanning dependencies of target tf_generate_messages_nodejs[0m
[ 61%] Built target std_srvs_generate_messages_py
[ 61%] Built target tf_generate_messages_nodejs
[35m[1mScanning dependencies of target std_msgs_generate_messages_py[0m
[35m[1mScanning dependencies of target rosgraph_msgs_generate_messages_eus[0m
[ 61%] Built target std_msgs_generate_messages_py
[35m[1mScanning dependencies of target pcl_msgs_generate_messages_lisp[0m
[ 61%] Built target rosgraph_msgs_generate_messages_eus
[ 61%] Built target pcl_msgs_generate_messages_lisp
[35m[1mScanning dependencies of target sensor_msgs_generate_messages_cpp[0m
[35m[1mScanning dependencies of target jsk_footstep_msgs_generate_messages_lisp[0m
[ 61%] Built target sensor_msgs_generate_messages_cpp
[ 61%] Built target jsk_footstep_msgs_generate_messages_lisp
[35m[1mScanning dependencies of target visualization_msgs_generate_messages_nodejs[0m
[35m[1mScanning dependencies of target jsk_footstep_msgs_generate_messages_py[0m
[ 61%] Built target visualization_msgs_generate_messages_nodejs
[ 61%] Built target jsk_footstep_msgs_generate_messages_py
[35m[1mScanning dependencies of target actionlib_generate_messages_lisp[0m
[35m[1mScanning dependencies of target actionlib_msgs_generate_messages_eus[0m
[ 61%] Built target actionlib_generate_messages_lisp
[ 61%] Built target actionlib_msgs_generate_messages_eus
[35m[1mScanning dependencies of target actionlib_msgs_generate_messages_lisp[0m
[35m[1mScanning dependencies of target autoware_system_msgs_generate_messages_lisp[0m
[ 61%] Built target actionlib_msgs_generate_messages_lisp
[ 61%] Built target autoware_system_msgs_generate_messages_lisp
[35m[1mScanning dependencies of target actionlib_msgs_generate_messages_nodejs[0m
[35m[1mScanning dependencies of target tf2_msgs_generate_messages_py[0m
[ 61%] Built target actionlib_msgs_generate_messages_nodejs
[ 61%] Built target tf2_msgs_generate_messages_py
[35m[1mScanning dependencies of target actionlib_msgs_generate_messages_py[0m
[35m[1mScanning dependencies of target vector_map_server_generate_messages_eus[0m
[ 61%] Built target actionlib_msgs_generate_messages_py
[ 61%] Built target vector_map_server_generate_messages_eus
[35m[1mScanning dependencies of target vector_map_server_generate_messages_nodejs[0m
[35m[1mScanning dependencies of target tf_generate_messages_eus[0m
[ 61%] Built target tf_generate_messages_eus
[ 61%] Built target vector_map_server_generate_messages_nodejs
[35m[1mScanning dependencies of target tf_generate_messages_py[0m
[35m[1mScanning dependencies of target std_msgs_generate_messages_eus[0m
[ 61%] Built target tf_generate_messages_py
[ 61%] Built target std_msgs_generate_messages_eus
[35m[1mScanning dependencies of target actionlib_generate_messages_eus[0m
[ 61%] Built target actionlib_generate_messages_eus
[35m[1mScanning dependencies of target tf2_msgs_generate_messages_cpp[0m
[35m[1mScanning dependencies of target tf2_msgs_generate_messages_eus[0m
[ 61%] Built target tf2_msgs_generate_messages_cpp
[35m[1mScanning dependencies of target pcl_ros_gencfg[0m
[ 61%] Built target tf2_msgs_generate_messages_eus
[ 61%] Built target pcl_ros_gencfg
[35m[1mScanning dependencies of target nodelet_generate_messages_lisp[0m
[35m[1mScanning dependencies of target nodelet_generate_messages_cpp[0m
[ 61%] Built target nodelet_generate_messages_lisp
[35m[1mScanning dependencies of target tf2_msgs_generate_messages_lisp[0m
[ 61%] Built target tf2_msgs_generate_messages_lisp
[35m[1mScanning dependencies of target tf2_msgs_generate_messages_nodejs[0m
[ 61%] Built target nodelet_generate_messages_cpp
[35m[1mScanning dependencies of target topic_tools_generate_messages_cpp[0m
[ 61%] Built target tf2_msgs_generate_messages_nodejs
[35m[1mScanning dependencies of target nodelet_generate_messages_eus[0m
[35m[1mScanning dependencies of target autoware_config_msgs_generate_messages_nodejs[0m
[ 61%] Built target topic_tools_generate_messages_cpp
[ 61%] Built target nodelet_generate_messages_eus
[ 61%] Built target autoware_config_msgs_generate_messages_nodejs
[35m[1mScanning dependencies of target dynamic_reconfigure_generate_messages_nodejs[0m
[35m[1mScanning dependencies of target visualization_msgs_generate_messages_cpp[0m
[35m[1mScanning dependencies of target visualization_msgs_generate_messages_lisp[0m
[ 61%] Built target visualization_msgs_generate_messages_cpp
[ 61%] Built target dynamic_reconfigure_generate_messages_nodejs
[ 61%] Built target visualization_msgs_generate_messages_lisp
[35m[1mScanning dependencies of target actionlib_generate_messages_py[0m
[ 61%] Built target actionlib_generate_messages_py
[35m[1mScanning dependencies of target dynamic_reconfigure_generate_messages_py[0m
[35m[1mScanning dependencies of target visualization_msgs_generate_messages_py[0m
[ 61%] Built target dynamic_reconfigure_generate_messages_py
[35m[1mScanning dependencies of target dynamic_reconfigure_generate_messages_cpp[0m
[35m[1mScanning dependencies of target bond_generate_messages_nodejs[0m
[ 61%] Built target visualization_msgs_generate_messages_py
[ 61%] Built target dynamic_reconfigure_generate_messages_cpp
[35m[1mScanning dependencies of target vector_map_server_generate_messages_py[0m
[35m[1mScanning dependencies of target pcl_msgs_generate_messages_py[0m
[ 61%] Built target bond_generate_messages_nodejs
[35m[1mScanning dependencies of target visualization_msgs_generate_messages_eus[0m
[ 61%] Built target pcl_msgs_generate_messages_py
[ 61%] Built target vector_map_server_generate_messages_py
[35m[1mScanning dependencies of target dynamic_reconfigure_generate_messages_eus[0m
[35m[1mScanning dependencies of target dynamic_reconfigure_generate_messages_lisp[0m
[ 61%] Built target visualization_msgs_generate_messages_eus
[ 61%] Built target dynamic_reconfigure_generate_messages_eus
[ 61%] Built target dynamic_reconfigure_generate_messages_lisp
[35m[1mScanning dependencies of target autoware_config_msgs_generate_messages_cpp[0m
[35m[1mScanning dependencies of target vector_map_msgs_generate_messages_nodejs[0m
[ 61%] Built target autoware_config_msgs_generate_messages_cpp
[35m[1mScanning dependencies of target dynamic_reconfigure_gencfg[0m
[ 61%] Built target vector_map_msgs_generate_messages_nodejs
[ 61%] Built target dynamic_reconfigure_gencfg
[ 69%] [32m[1mLinking CXX executable devel/lib/op_utilities/op_bag_player[0m
[ 69%] Built target op_bag_player
[ 76%] [32m[1mLinking CXX executable devel/lib/op_utilities/op_data_logger[0m
[ 76%] Built target op_data_logger
[35m[1mScanning dependencies of target op_pose2tf[0m
[ 92%] [32mBuilding CXX object CMakeFiles/op_pose2tf.dir/nodes/op_pose2tf/op_pose2tf_core.cpp.o[0m
[ 92%] [32mBuilding CXX object CMakeFiles/op_pose2tf.dir/nodes/op_pose2tf/op_pose2tf.cpp.o[0m
[100%] [32m[1mLinking CXX executable devel/lib/op_utilities/op_pose2tf[0m
[100%] Built target op_pose2tf
[35m[1mScanning dependencies of target tests[0m
Built target tests
[ 53%] Built target op_bag_player
[ 53%] Built target nodelet_generate_messages_nodejs
[ 53%] Built target autoware_system_msgs_generate_messages_nodejs
[ 53%] Built target autoware_system_msgs_generate_messages_cpp
[ 53%] Built target tablet_socket_msgs_generate_messages_nodejs
[ 53%] Built target tablet_socket_msgs_generate_messages_lisp
[ 53%] Built target tablet_socket_msgs_generate_messages_eus
[ 53%] Built target tablet_socket_msgs_generate_messages_cpp
[ 53%] Built target autoware_config_msgs_generate_messages_lisp
[ 53%] Built target autoware_config_msgs_generate_messages_py
[ 53%] Built target autoware_config_msgs_generate_messages_eus
[ 53%] Built target topic_tools_generate_messages_py
[ 53%] Built target topic_tools_generate_messages_lisp
[ 53%] Built target topic_tools_generate_messages_eus
[ 53%] Built target std_srvs_generate_messages_nodejs
[ 53%] Built target std_srvs_generate_messages_lisp
[ 53%] Built target std_srvs_generate_messages_eus
[ 53%] Built target nodelet_topic_tools_gencfg
[ 53%] Built target bond_generate_messages_lisp
[ 53%] Built target bond_generate_messages_eus
[ 53%] Built target autoware_system_msgs_generate_messages_py
[ 53%] Built target bond_generate_messages_cpp
[ 53%] Built target jsk_recognition_msgs_generate_messages_py
[ 53%] Built target jsk_recognition_msgs_generate_messages_nodejs
[ 53%] Built target jsk_recognition_msgs_generate_messages_cpp
[ 53%] Built target topic_tools_generate_messages_nodejs
[ 53%] Built target sensor_msgs_generate_messages_lisp
[ 53%] Built target sensor_msgs_generate_messages_eus
[ 53%] Built target actionlib_msgs_generate_messages_cpp
[ 53%] Built target tablet_socket_msgs_generate_messages_py
[ 53%] Built target actionlib_generate_messages_nodejs
[ 53%] Built target rosgraph_msgs_generate_messages_cpp
[ 53%] Built target pcl_msgs_generate_messages_eus
[ 53%] Built target autoware_msgs_generate_messages_cpp
[ 53%] Built target std_msgs_generate_messages_cpp
[ 53%] Built target sensor_msgs_generate_messages_nodejs
[ 53%] Built target geometry_msgs_generate_messages_cpp
[ 53%] Built target rosgraph_msgs_generate_messages_nodejs
[ 53%] Built target autoware_system_msgs_generate_messages_eus
[ 53%] Built target autoware_msgs_generate_messages_py
[ 53%] Built target vector_map_msgs_generate_messages_cpp
[ 53%] Built target jsk_footstep_msgs_generate_messages_nodejs
[ 53%] Built target std_msgs_generate_messages_nodejs
[ 53%] Built target geometry_msgs_generate_messages_py
[ 53%] Built target geometry_msgs_generate_messages_lisp
[ 53%] Built target autoware_msgs_generate_messages_lisp
[ 53%] Built target jsk_footstep_msgs_generate_messages_cpp
[ 53%] Built target std_msgs_generate_messages_lisp
[ 53%] Built target jsk_recognition_msgs_generate_messages_lisp
[ 53%] Built target roscpp_generate_messages_lisp
[ 53%] Built target tf_generate_messages_cpp
[ 53%] Built target vector_map_msgs_generate_messages_eus
[ 53%] Built target geometry_msgs_generate_messages_nodejs
[ 53%] Built target geometry_msgs_generate_messages_eus
[ 53%] Built target roscpp_generate_messages_cpp
[ 53%] Built target vector_map_msgs_generate_messages_lisp
[ 76%] Built target op_data_logger
[ 76%] Built target vector_map_msgs_generate_messages_py
[ 76%] Built target nodelet_generate_messages_py
[ 76%] Built target vector_map_server_generate_messages_cpp
[ 76%] Built target vector_map_server_generate_messages_lisp
[ 76%] Built target roscpp_generate_messages_eus
[ 76%] Built target std_srvs_generate_messages_cpp
[ 76%] Built target pcl_msgs_generate_messages_cpp
[ 76%] Built target autoware_msgs_generate_messages_nodejs
[ 76%] Built target jsk_footstep_msgs_generate_messages_eus
[ 76%] Built target actionlib_generate_messages_cpp
[ 76%] Built target rosgraph_msgs_generate_messages_py
[ 76%] Built target tf_generate_messages_lisp
[ 76%] Built target rosgraph_msgs_generate_messages_lisp
[ 76%] Built target pcl_msgs_generate_messages_nodejs
[ 76%] Built target sensor_msgs_generate_messages_py
[ 76%] Built target roscpp_generate_messages_nodejs
[ 76%] Built target bond_generate_messages_py
[ 76%] Built target autoware_msgs_generate_messages_eus
[ 76%] Built target jsk_recognition_msgs_generate_messages_eus
[ 76%] Built target roscpp_generate_messages_py
[ 76%] Built target std_srvs_generate_messages_py
[ 76%] Built target tf_generate_messages_nodejs
[ 76%] Built target std_msgs_generate_messages_py
[ 76%] Built target rosgraph_msgs_generate_messages_eus
[ 76%] Built target pcl_msgs_generate_messages_lisp
[ 76%] Built target sensor_msgs_generate_messages_cpp
[ 76%] Built target jsk_footstep_msgs_generate_messages_lisp
[ 76%] Built target visualization_msgs_generate_messages_nodejs
[ 76%] Built target jsk_footstep_msgs_generate_messages_py
[ 76%] Built target actionlib_msgs_generate_messages_eus
[ 76%] Built target actionlib_generate_messages_lisp
[ 76%] Built target actionlib_msgs_generate_messages_lisp
[ 76%] Built target autoware_system_msgs_generate_messages_lisp
[ 76%] Built target actionlib_msgs_generate_messages_nodejs
[ 76%] Built target tf2_msgs_generate_messages_py
[ 76%] Built target actionlib_msgs_generate_messages_py
[ 76%] Built target nodelet_generate_messages_lisp
[ 76%] Built target vector_map_server_generate_messages_eus
[ 76%] Built target vector_map_server_generate_messages_nodejs
[ 76%] Built target tf_generate_messages_eus
[ 76%] Built target tf_generate_messages_py
[ 76%] Built target std_msgs_generate_messages_eus
[ 76%] Built target actionlib_generate_messages_eus
[ 76%] Built target tf2_msgs_generate_messages_cpp
[ 76%] Built target pcl_ros_gencfg
[ 76%] Built target tf2_msgs_generate_messages_eus
[ 76%] Built target nodelet_generate_messages_cpp
[ 76%] Built target tf2_msgs_generate_messages_lisp
[ 76%] Built target tf2_msgs_generate_messages_nodejs
[ 76%] Built target topic_tools_generate_messages_cpp
[ 76%] Built target nodelet_generate_messages_eus
[ 76%] Built target autoware_config_msgs_generate_messages_nodejs
[ 76%] Built target visualization_msgs_generate_messages_cpp
[ 76%] Built target dynamic_reconfigure_generate_messages_nodejs
[ 76%] Built target visualization_msgs_generate_messages_lisp
[ 76%] Built target visualization_msgs_generate_messages_py
[ 76%] Built target actionlib_generate_messages_py
[ 76%] Built target dynamic_reconfigure_generate_messages_py
[ 76%] Built target dynamic_reconfigure_generate_messages_cpp
[ 76%] Built target bond_generate_messages_nodejs
[ 76%] Built target vector_map_server_generate_messages_py
[ 76%] Built target pcl_msgs_generate_messages_py
[ 76%] Built target visualization_msgs_generate_messages_eus
[ 76%] Built target dynamic_reconfigure_generate_messages_eus
[ 76%] Built target dynamic_reconfigure_generate_messages_lisp
[ 76%] Built target autoware_config_msgs_generate_messages_cpp
[ 76%] Built target vector_map_msgs_generate_messages_nodejs
[ 76%] Built target dynamic_reconfigure_gencfg
[100%] Built target op_pose2tf
[36mInstall the project...[0m
-- Install configuration: "Release"
-- Installing: /home/daisuke/Autoware/ros/install/op_utilities/lib/pkgconfig/op_utilities.pc
-- Installing: /home/daisuke/Autoware/ros/install/op_utilities/share/op_utilities/cmake/op_utilitiesConfig.cmake
-- Installing: /home/daisuke/Autoware/ros/install/op_utilities/share/op_utilities/cmake/op_utilitiesConfig-version.cmake
-- Installing: /home/daisuke/Autoware/ros/install/op_utilities/share/op_utilities/package.xml
-- Installing: /home/daisuke/Autoware/ros/install/op_utilities/lib/op_utilities/op_pose2tf
-- Set runtime path of "/home/daisuke/Autoware/ros/install/op_utilities/lib/op_utilities/op_pose2tf" to ""
-- Installing: /home/daisuke/Autoware/ros/install/op_utilities/lib/op_utilities/op_data_logger
-- Set runtime path of "/home/daisuke/Autoware/ros/install/op_utilities/lib/op_utilities/op_data_logger" to ""
-- Installing: /home/daisuke/Autoware/ros/install/op_utilities/lib/op_utilities/op_bag_player
-- Set runtime path of "/home/daisuke/Autoware/ros/install/op_utilities/lib/op_utilities/op_bag_player" to ""
-- Installing: /home/daisuke/Autoware/ros/install/op_utilities/share/op_utilities/launch
-- Installing: /home/daisuke/Autoware/ros/install/op_utilities/share/op_utilities/launch/op_data_logger.launch
-- Installing: /home/daisuke/Autoware/ros/install/op_utilities/share/op_utilities/launch/op_bag_player.launch
-- Installing: /home/daisuke/Autoware/ros/install/op_utilities/share/op_utilities/launch/op_map_converter.launch
-- Installing: /home/daisuke/Autoware/ros/install/op_utilities/share/op_utilities/launch/op_pose2tf.launch
