-- Using CATKIN_DEVEL_PREFIX: /home/daisuke/Autoware/ros/build/hokuyo/devel
-- Using CMAKE_PREFIX_PATH: /home/daisuke/Autoware/ros/install/autoware_build_flags;/home/daisuke/Autoware/ros/devel;/opt/ros/kinetic
-- This workspace overlays: /home/daisuke/Autoware/ros/install/autoware_build_flags;/opt/ros/kinetic
-- Using PYTHON_EXECUTABLE: /home/daisuke/pyenv/shims/python
-- Using Debian Python package layout
-- Using empy: /usr/bin/empy
-- Using CATKIN_ENABLE_TESTING: ON
-- Call enable_testing()
-- Using CATKIN_TEST_RESULTS_DIR: /home/daisuke/Autoware/ros/build/hokuyo/test_results
-- Found gmock sources under '/usr/src/gmock': gmock will be built
-- Found gtest sources under '/usr/src/gmock': gtests will be built
-- Using Python nosetests: /usr/bin/nosetests-2.7
-- catkin 0.7.14
-- Boost version: 1.58.0
-- Found the following Boost libraries:
--   system
--   serialization
-- Configuring done
-- Generating done
-- Build files have been written to: /home/daisuke/Autoware/ros/build/hokuyo
[100%] Built target hokuyo_3d
Built target tests
[100%] Built target hokuyo_3d
[36mInstall the project...[0m
-- Install configuration: "Release"
-- Installing: /home/daisuke/Autoware/ros/install/hokuyo/lib/pkgconfig/hokuyo.pc
-- Up-to-date: /home/daisuke/Autoware/ros/install/hokuyo/share/hokuyo/cmake/hokuyoConfig.cmake
-- Up-to-date: /home/daisuke/Autoware/ros/install/hokuyo/share/hokuyo/cmake/hokuyoConfig-version.cmake
-- Up-to-date: /home/daisuke/Autoware/ros/install/hokuyo/share/hokuyo/package.xml
-- Up-to-date: /home/daisuke/Autoware/ros/install/hokuyo/lib/hokuyo/hokuyo_3d
-- Up-to-date: /home/daisuke/Autoware/ros/install/hokuyo/share/hokuyo/launch
-- Up-to-date: /home/daisuke/Autoware/ros/install/hokuyo/share/hokuyo/launch/top_urg.launch
-- Up-to-date: /home/daisuke/Autoware/ros/install/hokuyo/share/hokuyo/launch/hokuyo_3d.launch
