Invoking command in '/home/daisuke/Autoware/ros/build/vector_map_server': CMAKE_PREFIX_PATH=/home/daisuke/Autoware/ros/install/vector_map:/home/daisuke/Autoware/ros/install/vector_map_msgs:/home/daisuke/Autoware/ros/install/autoware_msgs:/home/daisuke/Autoware/ros/install/autoware_build_flags:${CMAKE_PREFIX_PATH} LD_LIBRARY_PATH=/home/daisuke/Autoware/ros/install/vector_map/lib:${LD_LIBRARY_PATH} PKG_CONFIG_PATH=/home/daisuke/Autoware/ros/install/vector_map/lib/pkgconfig:/home/daisuke/Autoware/ros/install/vector_map_msgs/lib/pkgconfig:/home/daisuke/Autoware/ros/install/autoware_msgs/lib/pkgconfig:/home/daisuke/Autoware/ros/install/autoware_build_flags/lib/pkgconfig:${PKG_CONFIG_PATH} PYTHONPATH=/home/daisuke/Autoware/ros/install/vector_map_msgs/lib/python2.7/dist-packages:/home/daisuke/Autoware/ros/install/autoware_msgs/lib/python2.7/dist-packages:${PYTHONPATH} ROS_PACKAGE_PATH=/home/daisuke/Autoware/ros/install/vector_map/share:/home/daisuke/Autoware/ros/install/vector_map_msgs/share:/home/daisuke/Autoware/ros/install/autoware_msgs/share:/home/daisuke/Autoware/ros/install/autoware_build_flags/share:${ROS_PACKAGE_PATH} /usr/bin/cmake /home/daisuke/Autoware/ros/src/data/packages/vector_map_server -DCATKIN_INSTALL_INTO_PREFIX_ROOT=0 -DCMAKE_INSTALL_PREFIX=/home/daisuke/Autoware/ros/install/vector_map_server
-- Using CATKIN_DEVEL_PREFIX: /home/daisuke/Autoware/ros/build/vector_map_server/devel
-- Using CMAKE_PREFIX_PATH: /home/daisuke/Autoware/ros/install/vector_map;/home/daisuke/Autoware/ros/install/vector_map_msgs;/home/daisuke/Autoware/ros/install/autoware_msgs;/home/daisuke/Autoware/ros/install/autoware_build_flags;/home/daisuke/Autoware/ros/devel;/opt/ros/kinetic
-- This workspace overlays: /home/daisuke/Autoware/ros/install/vector_map;/home/daisuke/Autoware/ros/install/vector_map_msgs;/home/daisuke/Autoware/ros/install/autoware_msgs;/home/daisuke/Autoware/ros/install/autoware_build_flags;/opt/ros/kinetic
-- Using PYTHON_EXECUTABLE: /home/daisuke/pyenv/shims/python
-- Using Debian Python package layout
-- Using empy: /usr/bin/empy
-- Using CATKIN_ENABLE_TESTING: ON
-- Call enable_testing()
-- Using CATKIN_TEST_RESULTS_DIR: /home/daisuke/Autoware/ros/build/vector_map_server/test_results
-- Found gmock sources under '/usr/src/gmock': gmock will be built
-- Found gtest sources under '/usr/src/gmock': gtests will be built
-- Using Python nosetests: /usr/bin/nosetests-2.7
-- catkin 0.7.14
-- Using these message generators: gencpp;geneus;genlisp;gennodejs;genpy
-- vector_map_server: 0 messages, 27 services
-- Configuring done
-- Generating done
-- Build files have been written to: /home/daisuke/Autoware/ros/build/vector_map_server
Invoked command in '/home/daisuke/Autoware/ros/build/vector_map_server' returned '0': CMAKE_PREFIX_PATH=/home/daisuke/Autoware/ros/install/vector_map:/home/daisuke/Autoware/ros/install/vector_map_msgs:/home/daisuke/Autoware/ros/install/autoware_msgs:/home/daisuke/Autoware/ros/install/autoware_build_flags:${CMAKE_PREFIX_PATH} LD_LIBRARY_PATH=/home/daisuke/Autoware/ros/install/vector_map/lib:${LD_LIBRARY_PATH} PKG_CONFIG_PATH=/home/daisuke/Autoware/ros/install/vector_map/lib/pkgconfig:/home/daisuke/Autoware/ros/install/vector_map_msgs/lib/pkgconfig:/home/daisuke/Autoware/ros/install/autoware_msgs/lib/pkgconfig:/home/daisuke/Autoware/ros/install/autoware_build_flags/lib/pkgconfig:${PKG_CONFIG_PATH} PYTHONPATH=/home/daisuke/Autoware/ros/install/vector_map_msgs/lib/python2.7/dist-packages:/home/daisuke/Autoware/ros/install/autoware_msgs/lib/python2.7/dist-packages:${PYTHONPATH} ROS_PACKAGE_PATH=/home/daisuke/Autoware/ros/install/vector_map/share:/home/daisuke/Autoware/ros/install/vector_map_msgs/share:/home/daisuke/Autoware/ros/install/autoware_msgs/share:/home/daisuke/Autoware/ros/install/autoware_build_flags/share:${ROS_PACKAGE_PATH} /usr/bin/cmake /home/daisuke/Autoware/ros/src/data/packages/vector_map_server -DCATKIN_INSTALL_INTO_PREFIX_ROOT=0 -DCMAKE_INSTALL_PREFIX=/home/daisuke/Autoware/ros/install/vector_map_server
Invoking command in '/home/daisuke/Autoware/ros/build/vector_map_server': CMAKE_PREFIX_PATH=/home/daisuke/Autoware/ros/install/vector_map:/home/daisuke/Autoware/ros/install/vector_map_msgs:/home/daisuke/Autoware/ros/install/autoware_msgs:/home/daisuke/Autoware/ros/install/autoware_build_flags:${CMAKE_PREFIX_PATH} LD_LIBRARY_PATH=/home/daisuke/Autoware/ros/install/vector_map/lib:${LD_LIBRARY_PATH} PKG_CONFIG_PATH=/home/daisuke/Autoware/ros/install/vector_map/lib/pkgconfig:/home/daisuke/Autoware/ros/install/vector_map_msgs/lib/pkgconfig:/home/daisuke/Autoware/ros/install/autoware_msgs/lib/pkgconfig:/home/daisuke/Autoware/ros/install/autoware_build_flags/lib/pkgconfig:${PKG_CONFIG_PATH} PYTHONPATH=/home/daisuke/Autoware/ros/install/vector_map_msgs/lib/python2.7/dist-packages:/home/daisuke/Autoware/ros/install/autoware_msgs/lib/python2.7/dist-packages:${PYTHONPATH} ROS_PACKAGE_PATH=/home/daisuke/Autoware/ros/install/vector_map/share:/home/daisuke/Autoware/ros/install/vector_map_msgs/share:/home/daisuke/Autoware/ros/install/autoware_msgs/share:/home/daisuke/Autoware/ros/install/autoware_build_flags/share:${ROS_PACKAGE_PATH} /usr/bin/cmake --build /home/daisuke/Autoware/ros/build/vector_map_server -- -j8 -l8
[  0%] Built target pcl_msgs_generate_messages_py
[  0%] Built target _vector_map_server_generate_messages_check_deps_GetUtilityPole
[  0%] Built target _vector_map_server_generate_messages_check_deps_GetRoadPole
[  0%] Built target _vector_map_server_generate_messages_check_deps_GetDriveOnPortion
[  0%] Built target _vector_map_server_generate_messages_check_deps_GetRoadSign
[  0%] Built target _vector_map_server_generate_messages_check_deps_GetSignal
[  0%] Built target _vector_map_server_generate_messages_check_deps_GetRoadMark
[  0%] Built target _vector_map_server_generate_messages_check_deps_GetCurveMirror
[  0%] Built target geometry_msgs_generate_messages_nodejs
[  0%] Built target _vector_map_server_generate_messages_check_deps_GetRailCrossing
[  0%] Built target _vector_map_server_generate_messages_check_deps_GetWhiteLine
[  0%] Built target _vector_map_server_generate_messages_check_deps_GetDTLane
[  0%] Built target _vector_map_server_generate_messages_check_deps_GetSideWalk
[  0%] Built target _vector_map_server_generate_messages_check_deps_GetNode
[  0%] Built target vector_map_msgs_generate_messages_nodejs
[  0%] Built target _vector_map_server_generate_messages_check_deps_GetFence
[  0%] Built target _vector_map_server_generate_messages_check_deps_GetWayArea
[  0%] Built target _vector_map_server_generate_messages_check_deps_GetZebraZone
[  0%] Built target _vector_map_server_generate_messages_check_deps_GetStopLine
[  0%] Built target autoware_msgs_generate_messages_nodejs
[  0%] Built target _vector_map_server_generate_messages_check_deps_GetStreetLight
[  0%] Built target _vector_map_server_generate_messages_check_deps_GetWall
[  0%] Built target _vector_map_server_generate_messages_check_deps_GetGutter
[  0%] Built target _vector_map_server_generate_messages_check_deps_GetRoadEdge
[  0%] Built target _vector_map_server_generate_messages_check_deps_GetSideStrip
[  0%] Built target geometry_msgs_generate_messages_eus
[  0%] Built target vector_map_msgs_generate_messages_eus
[  0%] Built target _vector_map_server_generate_messages_check_deps_GetGuardRail
[  0%] Built target _vector_map_server_generate_messages_check_deps_PositionState
[  0%] Built target autoware_msgs_generate_messages_eus
[  0%] Built target autoware_msgs_generate_messages_cpp
[  0%] Built target _vector_map_server_generate_messages_check_deps_GetCurb
[  0%] Built target geometry_msgs_generate_messages_cpp
[  0%] Built target vector_map_msgs_generate_messages_lisp
[  0%] Built target vector_map_msgs_generate_messages_cpp
[  0%] Built target geometry_msgs_generate_messages_lisp
[  0%] Built target _vector_map_server_generate_messages_check_deps_GetCrossWalk
[  0%] Built target autoware_msgs_generate_messages_lisp
[  0%] Built target sensor_msgs_generate_messages_lisp
[  0%] Built target actionlib_msgs_generate_messages_eus
[  0%] Built target actionlib_msgs_generate_messages_lisp
[  0%] Built target _vector_map_server_generate_messages_check_deps_GetLane
[  0%] Built target autoware_msgs_generate_messages_py
[  0%] Built target _vector_map_server_generate_messages_check_deps_GetCrossRoad
[  0%] Built target actionlib_generate_messages_nodejs
[  0%] Built target actionlib_generate_messages_lisp
[  0%] Built target jsk_footstep_msgs_generate_messages_py
[  0%] Built target actionlib_msgs_generate_messages_cpp
[  0%] Built target tf2_msgs_generate_messages_py
[  0%] Built target actionlib_generate_messages_py
[  0%] Built target actionlib_msgs_generate_messages_nodejs
[  0%] Built target sensor_msgs_generate_messages_eus
[  0%] Built target std_msgs_generate_messages_nodejs
[  0%] Built target jsk_recognition_msgs_generate_messages_cpp
[  0%] Built target std_msgs_generate_messages_py
[  0%] Built target rosgraph_msgs_generate_messages_eus
[  0%] Built target actionlib_msgs_generate_messages_py
[  0%] Built target rosgraph_msgs_generate_messages_cpp
[  0%] Built target roscpp_generate_messages_cpp
[  0%] Built target tf_generate_messages_nodejs
[  0%] Built target rosgraph_msgs_generate_messages_nodejs
[  0%] Built target jsk_recognition_msgs_generate_messages_eus
[  0%] Built target pcl_msgs_generate_messages_eus
[  0%] Built target roscpp_generate_messages_py
[  0%] Built target roscpp_generate_messages_eus
[  0%] Built target sensor_msgs_generate_messages_nodejs
[  0%] Built target std_msgs_generate_messages_cpp
[  0%] Built target pcl_msgs_generate_messages_nodejs
[  0%] Built target actionlib_generate_messages_cpp
[  0%] Built target rosgraph_msgs_generate_messages_py
[  0%] Built target tf_generate_messages_lisp
[  0%] Built target sensor_msgs_generate_messages_py
[  0%] Built target roscpp_generate_messages_nodejs
[  0%] Built target rosgraph_msgs_generate_messages_lisp
[  0%] Built target roscpp_generate_messages_lisp
[  0%] Built target tf_generate_messages_eus
[  0%] Built target std_msgs_generate_messages_eus
[  0%] Built target std_msgs_generate_messages_lisp
[  0%] Built target geometry_msgs_generate_messages_py
[  0%] Built target tf_generate_messages_py
[  0%] Built target tf2_msgs_generate_messages_cpp
[  0%] Built target tf2_msgs_generate_messages_eus
[  0%] Built target tf2_msgs_generate_messages_nodejs
[  0%] Built target tf2_msgs_generate_messages_lisp
[  0%] Built target visualization_msgs_generate_messages_cpp
[  0%] Built target actionlib_generate_messages_eus
[  0%] Built target visualization_msgs_generate_messages_nodejs
[  0%] Built target sensor_msgs_generate_messages_cpp
[  0%] Built target visualization_msgs_generate_messages_py
[  0%] Built target visualization_msgs_generate_messages_lisp
[  0%] Built target jsk_footstep_msgs_generate_messages_lisp
[  0%] Built target jsk_footstep_msgs_generate_messages_nodejs
[  0%] Built target jsk_recognition_msgs_generate_messages_lisp
[  0%] Built target vector_map_msgs_generate_messages_py
[  0%] Built target tf_generate_messages_cpp
[  0%] Built target jsk_footstep_msgs_generate_messages_eus
[  0%] Built target jsk_recognition_msgs_generate_messages_py
[  0%] Built target jsk_recognition_msgs_generate_messages_nodejs
[  0%] Built target jsk_footstep_msgs_generate_messages_cpp
[  0%] Built target pcl_msgs_generate_messages_lisp
[  0%] Built target pcl_msgs_generate_messages_cpp
[  0%] Built target visualization_msgs_generate_messages_eus
[ 20%] Built target vector_map_server_generate_messages_eus
[ 39%] Built target vector_map_server_generate_messages_nodejs
[ 58%] Built target vector_map_server_generate_messages_lisp
[ 78%] Built target vector_map_server_generate_messages_py
[ 97%] Built target vector_map_server_generate_messages_cpp
[ 97%] Built target vector_map_server_generate_messages
[ 98%] Built target vector_map_client
[100%] Built target vector_map_server
Invoked command in '/home/daisuke/Autoware/ros/build/vector_map_server' returned '0': CMAKE_PREFIX_PATH=/home/daisuke/Autoware/ros/install/vector_map:/home/daisuke/Autoware/ros/install/vector_map_msgs:/home/daisuke/Autoware/ros/install/autoware_msgs:/home/daisuke/Autoware/ros/install/autoware_build_flags:${CMAKE_PREFIX_PATH} LD_LIBRARY_PATH=/home/daisuke/Autoware/ros/install/vector_map/lib:${LD_LIBRARY_PATH} PKG_CONFIG_PATH=/home/daisuke/Autoware/ros/install/vector_map/lib/pkgconfig:/home/daisuke/Autoware/ros/install/vector_map_msgs/lib/pkgconfig:/home/daisuke/Autoware/ros/install/autoware_msgs/lib/pkgconfig:/home/daisuke/Autoware/ros/install/autoware_build_flags/lib/pkgconfig:${PKG_CONFIG_PATH} PYTHONPATH=/home/daisuke/Autoware/ros/install/vector_map_msgs/lib/python2.7/dist-packages:/home/daisuke/Autoware/ros/install/autoware_msgs/lib/python2.7/dist-packages:${PYTHONPATH} ROS_PACKAGE_PATH=/home/daisuke/Autoware/ros/install/vector_map/share:/home/daisuke/Autoware/ros/install/vector_map_msgs/share:/home/daisuke/Autoware/ros/install/autoware_msgs/share:/home/daisuke/Autoware/ros/install/autoware_build_flags/share:${ROS_PACKAGE_PATH} /usr/bin/cmake --build /home/daisuke/Autoware/ros/build/vector_map_server -- -j8 -l8
Invoking command in '/home/daisuke/Autoware/ros/build/vector_map_server': CMAKE_PREFIX_PATH=/home/daisuke/Autoware/ros/install/vector_map:/home/daisuke/Autoware/ros/install/vector_map_msgs:/home/daisuke/Autoware/ros/install/autoware_msgs:/home/daisuke/Autoware/ros/install/autoware_build_flags:${CMAKE_PREFIX_PATH} LD_LIBRARY_PATH=/home/daisuke/Autoware/ros/install/vector_map/lib:${LD_LIBRARY_PATH} PKG_CONFIG_PATH=/home/daisuke/Autoware/ros/install/vector_map/lib/pkgconfig:/home/daisuke/Autoware/ros/install/vector_map_msgs/lib/pkgconfig:/home/daisuke/Autoware/ros/install/autoware_msgs/lib/pkgconfig:/home/daisuke/Autoware/ros/install/autoware_build_flags/lib/pkgconfig:${PKG_CONFIG_PATH} PYTHONPATH=/home/daisuke/Autoware/ros/install/vector_map_msgs/lib/python2.7/dist-packages:/home/daisuke/Autoware/ros/install/autoware_msgs/lib/python2.7/dist-packages:${PYTHONPATH} ROS_PACKAGE_PATH=/home/daisuke/Autoware/ros/install/vector_map/share:/home/daisuke/Autoware/ros/install/vector_map_msgs/share:/home/daisuke/Autoware/ros/install/autoware_msgs/share:/home/daisuke/Autoware/ros/install/autoware_build_flags/share:${ROS_PACKAGE_PATH} /usr/bin/cmake --build /home/daisuke/Autoware/ros/build/vector_map_server --target tests -- -j8 -l8
Built target tests
Invoked command in '/home/daisuke/Autoware/ros/build/vector_map_server' returned '0': CMAKE_PREFIX_PATH=/home/daisuke/Autoware/ros/install/vector_map:/home/daisuke/Autoware/ros/install/vector_map_msgs:/home/daisuke/Autoware/ros/install/autoware_msgs:/home/daisuke/Autoware/ros/install/autoware_build_flags:${CMAKE_PREFIX_PATH} LD_LIBRARY_PATH=/home/daisuke/Autoware/ros/install/vector_map/lib:${LD_LIBRARY_PATH} PKG_CONFIG_PATH=/home/daisuke/Autoware/ros/install/vector_map/lib/pkgconfig:/home/daisuke/Autoware/ros/install/vector_map_msgs/lib/pkgconfig:/home/daisuke/Autoware/ros/install/autoware_msgs/lib/pkgconfig:/home/daisuke/Autoware/ros/install/autoware_build_flags/lib/pkgconfig:${PKG_CONFIG_PATH} PYTHONPATH=/home/daisuke/Autoware/ros/install/vector_map_msgs/lib/python2.7/dist-packages:/home/daisuke/Autoware/ros/install/autoware_msgs/lib/python2.7/dist-packages:${PYTHONPATH} ROS_PACKAGE_PATH=/home/daisuke/Autoware/ros/install/vector_map/share:/home/daisuke/Autoware/ros/install/vector_map_msgs/share:/home/daisuke/Autoware/ros/install/autoware_msgs/share:/home/daisuke/Autoware/ros/install/autoware_build_flags/share:${ROS_PACKAGE_PATH} /usr/bin/cmake --build /home/daisuke/Autoware/ros/build/vector_map_server --target tests -- -j8 -l8
Invoking command in '/home/daisuke/Autoware/ros/build/vector_map_server': CMAKE_PREFIX_PATH=/home/daisuke/Autoware/ros/install/vector_map:/home/daisuke/Autoware/ros/install/vector_map_msgs:/home/daisuke/Autoware/ros/install/autoware_msgs:/home/daisuke/Autoware/ros/install/autoware_build_flags:${CMAKE_PREFIX_PATH} LD_LIBRARY_PATH=/home/daisuke/Autoware/ros/install/vector_map/lib:${LD_LIBRARY_PATH} PKG_CONFIG_PATH=/home/daisuke/Autoware/ros/install/vector_map/lib/pkgconfig:/home/daisuke/Autoware/ros/install/vector_map_msgs/lib/pkgconfig:/home/daisuke/Autoware/ros/install/autoware_msgs/lib/pkgconfig:/home/daisuke/Autoware/ros/install/autoware_build_flags/lib/pkgconfig:${PKG_CONFIG_PATH} PYTHONPATH=/home/daisuke/Autoware/ros/install/vector_map_msgs/lib/python2.7/dist-packages:/home/daisuke/Autoware/ros/install/autoware_msgs/lib/python2.7/dist-packages:${PYTHONPATH} ROS_PACKAGE_PATH=/home/daisuke/Autoware/ros/install/vector_map/share:/home/daisuke/Autoware/ros/install/vector_map_msgs/share:/home/daisuke/Autoware/ros/install/autoware_msgs/share:/home/daisuke/Autoware/ros/install/autoware_build_flags/share:${ROS_PACKAGE_PATH} /usr/bin/cmake --build /home/daisuke/Autoware/ros/build/vector_map_server --target install
[  0%] Built target pcl_msgs_generate_messages_py
[  0%] Built target _vector_map_server_generate_messages_check_deps_GetRoadMark
[  0%] Built target _vector_map_server_generate_messages_check_deps_GetUtilityPole
[  0%] Built target _vector_map_server_generate_messages_check_deps_GetRoadPole
[  0%] Built target _vector_map_server_generate_messages_check_deps_GetSignal
[  0%] Built target _vector_map_server_generate_messages_check_deps_GetDriveOnPortion
[  0%] Built target _vector_map_server_generate_messages_check_deps_GetCurveMirror
[  0%] Built target _vector_map_server_generate_messages_check_deps_GetRoadSign
[  0%] Built target _vector_map_server_generate_messages_check_deps_GetRailCrossing
[  0%] Built target _vector_map_server_generate_messages_check_deps_GetWhiteLine
[  0%] Built target geometry_msgs_generate_messages_nodejs
[  0%] Built target _vector_map_server_generate_messages_check_deps_GetDTLane
[  0%] Built target _vector_map_server_generate_messages_check_deps_GetNode
[  0%] Built target _vector_map_server_generate_messages_check_deps_GetWayArea
[  0%] Built target _vector_map_server_generate_messages_check_deps_GetSideWalk
[  0%] Built target _vector_map_server_generate_messages_check_deps_GetFence
[  0%] Built target _vector_map_server_generate_messages_check_deps_GetZebraZone
[  0%] Built target _vector_map_server_generate_messages_check_deps_GetStopLine
[  0%] Built target _vector_map_server_generate_messages_check_deps_GetWall
[  0%] Built target _vector_map_server_generate_messages_check_deps_GetStreetLight
[  0%] Built target vector_map_msgs_generate_messages_nodejs
[  0%] Built target _vector_map_server_generate_messages_check_deps_GetGuardRail
[  0%] Built target _vector_map_server_generate_messages_check_deps_GetGutter
[  0%] Built target _vector_map_server_generate_messages_check_deps_GetSideStrip
[  0%] Built target _vector_map_server_generate_messages_check_deps_GetRoadEdge
[  0%] Built target autoware_msgs_generate_messages_nodejs
[  0%] Built target _vector_map_server_generate_messages_check_deps_PositionState
[  0%] Built target _vector_map_server_generate_messages_check_deps_GetCurb
[  0%] Built target _vector_map_server_generate_messages_check_deps_GetCrossWalk
[  0%] Built target _vector_map_server_generate_messages_check_deps_GetLane
[  0%] Built target _vector_map_server_generate_messages_check_deps_GetCrossRoad
[ 19%] Built target vector_map_server_generate_messages_nodejs
[ 19%] Built target geometry_msgs_generate_messages_eus
[ 19%] Built target vector_map_msgs_generate_messages_eus
[ 19%] Built target autoware_msgs_generate_messages_eus
[ 39%] Built target vector_map_server_generate_messages_eus
[ 39%] Built target autoware_msgs_generate_messages_cpp
[ 39%] Built target geometry_msgs_generate_messages_cpp
[ 39%] Built target vector_map_msgs_generate_messages_cpp
[ 59%] Built target vector_map_server_generate_messages_cpp
[ 59%] Built target vector_map_msgs_generate_messages_lisp
[ 59%] Built target geometry_msgs_generate_messages_lisp
[ 59%] Built target autoware_msgs_generate_messages_lisp
[ 77%] Built target vector_map_server_generate_messages_lisp
[ 77%] Built target sensor_msgs_generate_messages_lisp
[ 77%] Built target actionlib_msgs_generate_messages_lisp
[ 77%] Built target autoware_msgs_generate_messages_py
[ 77%] Built target actionlib_msgs_generate_messages_eus
[ 77%] Built target actionlib_generate_messages_lisp
[ 77%] Built target jsk_footstep_msgs_generate_messages_py
[ 77%] Built target actionlib_generate_messages_py
[ 77%] Built target actionlib_generate_messages_nodejs
[ 77%] Built target sensor_msgs_generate_messages_eus
[ 77%] Built target actionlib_msgs_generate_messages_cpp
[ 77%] Built target actionlib_msgs_generate_messages_nodejs
[ 77%] Built target tf2_msgs_generate_messages_py
[ 77%] Built target std_msgs_generate_messages_nodejs
[ 77%] Built target jsk_recognition_msgs_generate_messages_cpp
[ 77%] Built target std_msgs_generate_messages_py
[ 77%] Built target rosgraph_msgs_generate_messages_eus
[ 77%] Built target rosgraph_msgs_generate_messages_nodejs
[ 77%] Built target actionlib_msgs_generate_messages_py
[ 77%] Built target roscpp_generate_messages_cpp
[ 77%] Built target rosgraph_msgs_generate_messages_cpp
[ 77%] Built target pcl_msgs_generate_messages_eus
[ 77%] Built target tf_generate_messages_nodejs
[ 77%] Built target jsk_recognition_msgs_generate_messages_eus
[ 77%] Built target roscpp_generate_messages_py
[ 77%] Built target std_msgs_generate_messages_cpp
[ 77%] Built target sensor_msgs_generate_messages_nodejs
[ 77%] Built target roscpp_generate_messages_eus
[ 77%] Built target pcl_msgs_generate_messages_nodejs
[ 77%] Built target actionlib_generate_messages_cpp
[ 77%] Built target rosgraph_msgs_generate_messages_py
[ 77%] Built target tf_generate_messages_lisp
[ 77%] Built target rosgraph_msgs_generate_messages_lisp
[ 77%] Built target sensor_msgs_generate_messages_py
[ 77%] Built target roscpp_generate_messages_nodejs
[ 77%] Built target tf_generate_messages_eus
[ 77%] Built target roscpp_generate_messages_lisp
[ 77%] Built target geometry_msgs_generate_messages_py
[ 77%] Built target std_msgs_generate_messages_lisp
[ 77%] Built target tf_generate_messages_py
[ 77%] Built target std_msgs_generate_messages_eus
[ 77%] Built target actionlib_generate_messages_eus
[ 77%] Built target tf2_msgs_generate_messages_cpp
[ 77%] Built target tf2_msgs_generate_messages_eus
[ 77%] Built target tf2_msgs_generate_messages_lisp
[ 77%] Built target tf2_msgs_generate_messages_nodejs
[ 77%] Built target visualization_msgs_generate_messages_cpp
[ 77%] Built target visualization_msgs_generate_messages_lisp
[ 77%] Built target visualization_msgs_generate_messages_nodejs
[ 77%] Built target sensor_msgs_generate_messages_cpp
[ 77%] Built target jsk_footstep_msgs_generate_messages_lisp
[ 77%] Built target visualization_msgs_generate_messages_py
[ 77%] Built target jsk_footstep_msgs_generate_messages_nodejs
[ 77%] Built target tf_generate_messages_cpp
[ 77%] Built target vector_map_msgs_generate_messages_py
[ 77%] Built target jsk_footstep_msgs_generate_messages_eus
[ 77%] Built target jsk_recognition_msgs_generate_messages_lisp
[ 77%] Built target jsk_footstep_msgs_generate_messages_cpp
[ 77%] Built target jsk_recognition_msgs_generate_messages_nodejs
[ 77%] Built target jsk_recognition_msgs_generate_messages_py
[ 77%] Built target pcl_msgs_generate_messages_cpp
[ 77%] Built target pcl_msgs_generate_messages_lisp
[ 97%] Built target vector_map_server_generate_messages_py
[ 97%] Built target visualization_msgs_generate_messages_eus
[ 98%] Built target vector_map_client
[100%] Built target vector_map_server
[100%] Built target vector_map_server_generate_messages
[36mInstall the project...[0m
-- Install configuration: "Release"
-- Up-to-date: /home/daisuke/Autoware/ros/install/vector_map_server/share/vector_map_server/srv/GetDTLane.srv
-- Up-to-date: /home/daisuke/Autoware/ros/install/vector_map_server/share/vector_map_server/srv/GetNode.srv
-- Up-to-date: /home/daisuke/Autoware/ros/install/vector_map_server/share/vector_map_server/srv/GetLane.srv
-- Up-to-date: /home/daisuke/Autoware/ros/install/vector_map_server/share/vector_map_server/srv/GetWayArea.srv
-- Up-to-date: /home/daisuke/Autoware/ros/install/vector_map_server/share/vector_map_server/srv/GetRoadEdge.srv
-- Up-to-date: /home/daisuke/Autoware/ros/install/vector_map_server/share/vector_map_server/srv/GetGutter.srv
-- Up-to-date: /home/daisuke/Autoware/ros/install/vector_map_server/share/vector_map_server/srv/GetCurb.srv
-- Up-to-date: /home/daisuke/Autoware/ros/install/vector_map_server/share/vector_map_server/srv/GetWhiteLine.srv
-- Up-to-date: /home/daisuke/Autoware/ros/install/vector_map_server/share/vector_map_server/srv/GetStopLine.srv
-- Up-to-date: /home/daisuke/Autoware/ros/install/vector_map_server/share/vector_map_server/srv/GetZebraZone.srv
-- Up-to-date: /home/daisuke/Autoware/ros/install/vector_map_server/share/vector_map_server/srv/GetCrossWalk.srv
-- Up-to-date: /home/daisuke/Autoware/ros/install/vector_map_server/share/vector_map_server/srv/GetRoadMark.srv
-- Up-to-date: /home/daisuke/Autoware/ros/install/vector_map_server/share/vector_map_server/srv/GetRoadPole.srv
-- Up-to-date: /home/daisuke/Autoware/ros/install/vector_map_server/share/vector_map_server/srv/GetRoadSign.srv
-- Up-to-date: /home/daisuke/Autoware/ros/install/vector_map_server/share/vector_map_server/srv/GetSignal.srv
-- Up-to-date: /home/daisuke/Autoware/ros/install/vector_map_server/share/vector_map_server/srv/GetStreetLight.srv
-- Up-to-date: /home/daisuke/Autoware/ros/install/vector_map_server/share/vector_map_server/srv/GetUtilityPole.srv
-- Up-to-date: /home/daisuke/Autoware/ros/install/vector_map_server/share/vector_map_server/srv/GetGuardRail.srv
-- Up-to-date: /home/daisuke/Autoware/ros/install/vector_map_server/share/vector_map_server/srv/GetSideWalk.srv
-- Up-to-date: /home/daisuke/Autoware/ros/install/vector_map_server/share/vector_map_server/srv/GetDriveOnPortion.srv
-- Up-to-date: /home/daisuke/Autoware/ros/install/vector_map_server/share/vector_map_server/srv/GetCrossRoad.srv
-- Up-to-date: /home/daisuke/Autoware/ros/install/vector_map_server/share/vector_map_server/srv/GetSideStrip.srv
-- Up-to-date: /home/daisuke/Autoware/ros/install/vector_map_server/share/vector_map_server/srv/GetCurveMirror.srv
-- Up-to-date: /home/daisuke/Autoware/ros/install/vector_map_server/share/vector_map_server/srv/GetWall.srv
-- Up-to-date: /home/daisuke/Autoware/ros/install/vector_map_server/share/vector_map_server/srv/GetFence.srv
-- Up-to-date: /home/daisuke/Autoware/ros/install/vector_map_server/share/vector_map_server/srv/GetRailCrossing.srv
-- Up-to-date: /home/daisuke/Autoware/ros/install/vector_map_server/share/vector_map_server/srv/PositionState.srv
-- Up-to-date: /home/daisuke/Autoware/ros/install/vector_map_server/share/vector_map_server/cmake/vector_map_server-msg-paths.cmake
-- Up-to-date: /home/daisuke/Autoware/ros/install/vector_map_server/include/vector_map_server
-- Up-to-date: /home/daisuke/Autoware/ros/install/vector_map_server/include/vector_map_server/GetRoadEdgeResponse.h
-- Up-to-date: /home/daisuke/Autoware/ros/install/vector_map_server/include/vector_map_server/GetZebraZoneRequest.h
-- Up-to-date: /home/daisuke/Autoware/ros/install/vector_map_server/include/vector_map_server/GetDTLane.h
-- Up-to-date: /home/daisuke/Autoware/ros/install/vector_map_server/include/vector_map_server/GetStopLineResponse.h
-- Up-to-date: /home/daisuke/Autoware/ros/install/vector_map_server/include/vector_map_server/GetZebraZone.h
-- Up-to-date: /home/daisuke/Autoware/ros/install/vector_map_server/include/vector_map_server/GetRoadSignRequest.h
-- Up-to-date: /home/daisuke/Autoware/ros/install/vector_map_server/include/vector_map_server/GetGutterResponse.h
-- Up-to-date: /home/daisuke/Autoware/ros/install/vector_map_server/include/vector_map_server/GetRoadPole.h
-- Up-to-date: /home/daisuke/Autoware/ros/install/vector_map_server/include/vector_map_server/GetFence.h
-- Up-to-date: /home/daisuke/Autoware/ros/install/vector_map_server/include/vector_map_server/GetDTLaneRequest.h
-- Up-to-date: /home/daisuke/Autoware/ros/install/vector_map_server/include/vector_map_server/GetWayArea.h
-- Up-to-date: /home/daisuke/Autoware/ros/install/vector_map_server/include/vector_map_server/GetRoadEdgeRequest.h
-- Up-to-date: /home/daisuke/Autoware/ros/install/vector_map_server/include/vector_map_server/GetRailCrossingRequest.h
-- Up-to-date: /home/daisuke/Autoware/ros/install/vector_map_server/include/vector_map_server/GetSideWalkRequest.h
-- Up-to-date: /home/daisuke/Autoware/ros/install/vector_map_server/include/vector_map_server/GetCrossWalk.h
-- Up-to-date: /home/daisuke/Autoware/ros/install/vector_map_server/include/vector_map_server/GetGuardRailResponse.h
-- Up-to-date: /home/daisuke/Autoware/ros/install/vector_map_server/include/vector_map_server/GetFenceRequest.h
-- Up-to-date: /home/daisuke/Autoware/ros/install/vector_map_server/include/vector_map_server/GetSignalResponse.h
-- Up-to-date: /home/daisuke/Autoware/ros/install/vector_map_server/include/vector_map_server/GetSideStripRequest.h
-- Up-to-date: /home/daisuke/Autoware/ros/install/vector_map_server/include/vector_map_server/GetSideWalk.h
-- Up-to-date: /home/daisuke/Autoware/ros/install/vector_map_server/include/vector_map_server/GetCrossRoadRequest.h
-- Up-to-date: /home/daisuke/Autoware/ros/install/vector_map_server/include/vector_map_server/GetRailCrossing.h
-- Up-to-date: /home/daisuke/Autoware/ros/install/vector_map_server/include/vector_map_server/GetCrossRoad.h
-- Up-to-date: /home/daisuke/Autoware/ros/install/vector_map_server/include/vector_map_server/GetStreetLight.h
-- Up-to-date: /home/daisuke/Autoware/ros/install/vector_map_server/include/vector_map_server/GetWhiteLine.h
-- Up-to-date: /home/daisuke/Autoware/ros/install/vector_map_server/include/vector_map_server/GetRoadSign.h
-- Up-to-date: /home/daisuke/Autoware/ros/install/vector_map_server/include/vector_map_server/GetWallRequest.h
-- Up-to-date: /home/daisuke/Autoware/ros/install/vector_map_server/include/vector_map_server/GetSignalRequest.h
-- Up-to-date: /home/daisuke/Autoware/ros/install/vector_map_server/include/vector_map_server/GetUtilityPoleResponse.h
-- Up-to-date: /home/daisuke/Autoware/ros/install/vector_map_server/include/vector_map_server/GetCurveMirrorResponse.h
-- Up-to-date: /home/daisuke/Autoware/ros/install/vector_map_server/include/vector_map_server/GetWayAreaRequest.h
-- Up-to-date: /home/daisuke/Autoware/ros/install/vector_map_server/include/vector_map_server/GetGutter.h
-- Up-to-date: /home/daisuke/Autoware/ros/install/vector_map_server/include/vector_map_server/GetUtilityPole.h
-- Up-to-date: /home/daisuke/Autoware/ros/install/vector_map_server/include/vector_map_server/GetFenceResponse.h
-- Up-to-date: /home/daisuke/Autoware/ros/install/vector_map_server/include/vector_map_server/GetSideStripResponse.h
-- Up-to-date: /home/daisuke/Autoware/ros/install/vector_map_server/include/vector_map_server/GetWhiteLineRequest.h
-- Up-to-date: /home/daisuke/Autoware/ros/install/vector_map_server/include/vector_map_server/GetWallResponse.h
-- Up-to-date: /home/daisuke/Autoware/ros/install/vector_map_server/include/vector_map_server/GetRailCrossingResponse.h
-- Up-to-date: /home/daisuke/Autoware/ros/install/vector_map_server/include/vector_map_server/GetRoadMark.h
-- Up-to-date: /home/daisuke/Autoware/ros/install/vector_map_server/include/vector_map_server/GetRoadPoleResponse.h
-- Up-to-date: /home/daisuke/Autoware/ros/install/vector_map_server/include/vector_map_server/GetCrossRoadResponse.h
-- Up-to-date: /home/daisuke/Autoware/ros/install/vector_map_server/include/vector_map_server/GetUtilityPoleRequest.h
-- Up-to-date: /home/daisuke/Autoware/ros/install/vector_map_server/include/vector_map_server/GetLaneResponse.h
-- Up-to-date: /home/daisuke/Autoware/ros/install/vector_map_server/include/vector_map_server/GetRoadPoleRequest.h
-- Up-to-date: /home/daisuke/Autoware/ros/install/vector_map_server/include/vector_map_server/GetNodeRequest.h
-- Up-to-date: /home/daisuke/Autoware/ros/install/vector_map_server/include/vector_map_server/GetWayAreaResponse.h
-- Up-to-date: /home/daisuke/Autoware/ros/install/vector_map_server/include/vector_map_server/GetGuardRail.h
-- Up-to-date: /home/daisuke/Autoware/ros/install/vector_map_server/include/vector_map_server/GetCurb.h
-- Up-to-date: /home/daisuke/Autoware/ros/install/vector_map_server/include/vector_map_server/GetDTLaneResponse.h
-- Up-to-date: /home/daisuke/Autoware/ros/install/vector_map_server/include/vector_map_server/GetWhiteLineResponse.h
-- Up-to-date: /home/daisuke/Autoware/ros/install/vector_map_server/include/vector_map_server/GetRoadEdge.h
-- Up-to-date: /home/daisuke/Autoware/ros/install/vector_map_server/include/vector_map_server/GetStopLine.h
-- Up-to-date: /home/daisuke/Autoware/ros/install/vector_map_server/include/vector_map_server/GetStreetLightResponse.h
-- Up-to-date: /home/daisuke/Autoware/ros/install/vector_map_server/include/vector_map_server/GetCurbRequest.h
-- Up-to-date: /home/daisuke/Autoware/ros/install/vector_map_server/include/vector_map_server/GetRoadMarkRequest.h
-- Up-to-date: /home/daisuke/Autoware/ros/install/vector_map_server/include/vector_map_server/GetLane.h
-- Up-to-date: /home/daisuke/Autoware/ros/install/vector_map_server/include/vector_map_server/GetGutterRequest.h
-- Up-to-date: /home/daisuke/Autoware/ros/install/vector_map_server/include/vector_map_server/GetCurbResponse.h
-- Up-to-date: /home/daisuke/Autoware/ros/install/vector_map_server/include/vector_map_server/PositionState.h
-- Up-to-date: /home/daisuke/Autoware/ros/install/vector_map_server/include/vector_map_server/GetNode.h
-- Up-to-date: /home/daisuke/Autoware/ros/install/vector_map_server/include/vector_map_server/GetSideWalkResponse.h
-- Up-to-date: /home/daisuke/Autoware/ros/install/vector_map_server/include/vector_map_server/GetDriveOnPortionResponse.h
-- Up-to-date: /home/daisuke/Autoware/ros/install/vector_map_server/include/vector_map_server/GetDriveOnPortionRequest.h
-- Up-to-date: /home/daisuke/Autoware/ros/install/vector_map_server/include/vector_map_server/GetSideStrip.h
-- Up-to-date: /home/daisuke/Autoware/ros/install/vector_map_server/include/vector_map_server/GetCurveMirrorRequest.h
-- Up-to-date: /home/daisuke/Autoware/ros/install/vector_map_server/include/vector_map_server/GetWall.h
-- Up-to-date: /home/daisuke/Autoware/ros/install/vector_map_server/include/vector_map_server/GetCrossWalkRequest.h
-- Up-to-date: /home/daisuke/Autoware/ros/install/vector_map_server/include/vector_map_server/PositionStateRequest.h
-- Up-to-date: /home/daisuke/Autoware/ros/install/vector_map_server/include/vector_map_server/GetNodeResponse.h
-- Up-to-date: /home/daisuke/Autoware/ros/install/vector_map_server/include/vector_map_server/GetRoadSignResponse.h
-- Up-to-date: /home/daisuke/Autoware/ros/install/vector_map_server/include/vector_map_server/GetRoadMarkResponse.h
-- Up-to-date: /home/daisuke/Autoware/ros/install/vector_map_server/include/vector_map_server/GetZebraZoneResponse.h
-- Up-to-date: /home/daisuke/Autoware/ros/install/vector_map_server/include/vector_map_server/GetCrossWalkResponse.h
-- Up-to-date: /home/daisuke/Autoware/ros/install/vector_map_server/include/vector_map_server/PositionStateResponse.h
-- Up-to-date: /home/daisuke/Autoware/ros/install/vector_map_server/include/vector_map_server/GetSignal.h
-- Up-to-date: /home/daisuke/Autoware/ros/install/vector_map_server/include/vector_map_server/GetCurveMirror.h
-- Up-to-date: /home/daisuke/Autoware/ros/install/vector_map_server/include/vector_map_server/GetLaneRequest.h
-- Up-to-date: /home/daisuke/Autoware/ros/install/vector_map_server/include/vector_map_server/GetStreetLightRequest.h
-- Up-to-date: /home/daisuke/Autoware/ros/install/vector_map_server/include/vector_map_server/GetDriveOnPortion.h
-- Up-to-date: /home/daisuke/Autoware/ros/install/vector_map_server/include/vector_map_server/GetGuardRailRequest.h
-- Up-to-date: /home/daisuke/Autoware/ros/install/vector_map_server/include/vector_map_server/GetStopLineRequest.h
-- Up-to-date: /home/daisuke/Autoware/ros/install/vector_map_server/share/roseus/ros/vector_map_server
-- Up-to-date: /home/daisuke/Autoware/ros/install/vector_map_server/share/roseus/ros/vector_map_server/srv
-- Up-to-date: /home/daisuke/Autoware/ros/install/vector_map_server/share/roseus/ros/vector_map_server/srv/GetRoadEdge.l
-- Up-to-date: /home/daisuke/Autoware/ros/install/vector_map_server/share/roseus/ros/vector_map_server/srv/GetRoadPole.l
-- Up-to-date: /home/daisuke/Autoware/ros/install/vector_map_server/share/roseus/ros/vector_map_server/srv/GetSideStrip.l
-- Up-to-date: /home/daisuke/Autoware/ros/install/vector_map_server/share/roseus/ros/vector_map_server/srv/GetCurveMirror.l
-- Up-to-date: /home/daisuke/Autoware/ros/install/vector_map_server/share/roseus/ros/vector_map_server/srv/GetRoadSign.l
-- Up-to-date: /home/daisuke/Autoware/ros/install/vector_map_server/share/roseus/ros/vector_map_server/srv/GetStreetLight.l
-- Up-to-date: /home/daisuke/Autoware/ros/install/vector_map_server/share/roseus/ros/vector_map_server/srv/GetWhiteLine.l
-- Up-to-date: /home/daisuke/Autoware/ros/install/vector_map_server/share/roseus/ros/vector_map_server/srv/GetDriveOnPortion.l
-- Up-to-date: /home/daisuke/Autoware/ros/install/vector_map_server/share/roseus/ros/vector_map_server/srv/GetZebraZone.l
-- Up-to-date: /home/daisuke/Autoware/ros/install/vector_map_server/share/roseus/ros/vector_map_server/srv/GetRailCrossing.l
-- Up-to-date: /home/daisuke/Autoware/ros/install/vector_map_server/share/roseus/ros/vector_map_server/srv/GetWayArea.l
-- Up-to-date: /home/daisuke/Autoware/ros/install/vector_map_server/share/roseus/ros/vector_map_server/srv/GetSignal.l
-- Up-to-date: /home/daisuke/Autoware/ros/install/vector_map_server/share/roseus/ros/vector_map_server/srv/GetWall.l
-- Up-to-date: /home/daisuke/Autoware/ros/install/vector_map_server/share/roseus/ros/vector_map_server/srv/GetSideWalk.l
-- Up-to-date: /home/daisuke/Autoware/ros/install/vector_map_server/share/roseus/ros/vector_map_server/srv/GetFence.l
-- Up-to-date: /home/daisuke/Autoware/ros/install/vector_map_server/share/roseus/ros/vector_map_server/srv/GetLane.l
-- Up-to-date: /home/daisuke/Autoware/ros/install/vector_map_server/share/roseus/ros/vector_map_server/srv/GetUtilityPole.l
-- Up-to-date: /home/daisuke/Autoware/ros/install/vector_map_server/share/roseus/ros/vector_map_server/srv/GetGutter.l
-- Up-to-date: /home/daisuke/Autoware/ros/install/vector_map_server/share/roseus/ros/vector_map_server/srv/GetGuardRail.l
-- Up-to-date: /home/daisuke/Autoware/ros/install/vector_map_server/share/roseus/ros/vector_map_server/srv/GetRoadMark.l
-- Up-to-date: /home/daisuke/Autoware/ros/install/vector_map_server/share/roseus/ros/vector_map_server/srv/GetNode.l
-- Up-to-date: /home/daisuke/Autoware/ros/install/vector_map_server/share/roseus/ros/vector_map_server/srv/PositionState.l
-- Up-to-date: /home/daisuke/Autoware/ros/install/vector_map_server/share/roseus/ros/vector_map_server/srv/GetDTLane.l
-- Up-to-date: /home/daisuke/Autoware/ros/install/vector_map_server/share/roseus/ros/vector_map_server/srv/GetCrossRoad.l
-- Up-to-date: /home/daisuke/Autoware/ros/install/vector_map_server/share/roseus/ros/vector_map_server/srv/GetStopLine.l
-- Up-to-date: /home/daisuke/Autoware/ros/install/vector_map_server/share/roseus/ros/vector_map_server/srv/GetCurb.l
-- Up-to-date: /home/daisuke/Autoware/ros/install/vector_map_server/share/roseus/ros/vector_map_server/srv/GetCrossWalk.l
-- Up-to-date: /home/daisuke/Autoware/ros/install/vector_map_server/share/roseus/ros/vector_map_server/manifest.l
-- Up-to-date: /home/daisuke/Autoware/ros/install/vector_map_server/share/common-lisp/ros/vector_map_server
-- Up-to-date: /home/daisuke/Autoware/ros/install/vector_map_server/share/common-lisp/ros/vector_map_server/srv
-- Up-to-date: /home/daisuke/Autoware/ros/install/vector_map_server/share/common-lisp/ros/vector_map_server/srv/_package_GetCrossRoad.lisp
-- Up-to-date: /home/daisuke/Autoware/ros/install/vector_map_server/share/common-lisp/ros/vector_map_server/srv/GetUtilityPole.lisp
-- Up-to-date: /home/daisuke/Autoware/ros/install/vector_map_server/share/common-lisp/ros/vector_map_server/srv/GetCurveMirror.lisp
-- Up-to-date: /home/daisuke/Autoware/ros/install/vector_map_server/share/common-lisp/ros/vector_map_server/srv/GetCrossWalk.lisp
-- Up-to-date: /home/daisuke/Autoware/ros/install/vector_map_server/share/common-lisp/ros/vector_map_server/srv/GetWayArea.lisp
-- Up-to-date: /home/daisuke/Autoware/ros/install/vector_map_server/share/common-lisp/ros/vector_map_server/srv/GetWall.lisp
-- Up-to-date: /home/daisuke/Autoware/ros/install/vector_map_server/share/common-lisp/ros/vector_map_server/srv/_package_GetStreetLight.lisp
-- Up-to-date: /home/daisuke/Autoware/ros/install/vector_map_server/share/common-lisp/ros/vector_map_server/srv/_package_GetRoadPole.lisp
-- Up-to-date: /home/daisuke/Autoware/ros/install/vector_map_server/share/common-lisp/ros/vector_map_server/srv/GetGuardRail.lisp
-- Up-to-date: /home/daisuke/Autoware/ros/install/vector_map_server/share/common-lisp/ros/vector_map_server/srv/GetRoadEdge.lisp
-- Up-to-date: /home/daisuke/Autoware/ros/install/vector_map_server/share/common-lisp/ros/vector_map_server/srv/GetSideWalk.lisp
-- Up-to-date: /home/daisuke/Autoware/ros/install/vector_map_server/share/common-lisp/ros/vector_map_server/srv/_package_GetSideStrip.lisp
-- Up-to-date: /home/daisuke/Autoware/ros/install/vector_map_server/share/common-lisp/ros/vector_map_server/srv/PositionState.lisp
-- Up-to-date: /home/daisuke/Autoware/ros/install/vector_map_server/share/common-lisp/ros/vector_map_server/srv/vector_map_server-srv.asd
-- Up-to-date: /home/daisuke/Autoware/ros/install/vector_map_server/share/common-lisp/ros/vector_map_server/srv/GetNode.lisp
-- Up-to-date: /home/daisuke/Autoware/ros/install/vector_map_server/share/common-lisp/ros/vector_map_server/srv/_package_GetWhiteLine.lisp
-- Up-to-date: /home/daisuke/Autoware/ros/install/vector_map_server/share/common-lisp/ros/vector_map_server/srv/GetRoadPole.lisp
-- Up-to-date: /home/daisuke/Autoware/ros/install/vector_map_server/share/common-lisp/ros/vector_map_server/srv/GetLane.lisp
-- Up-to-date: /home/daisuke/Autoware/ros/install/vector_map_server/share/common-lisp/ros/vector_map_server/srv/GetZebraZone.lisp
-- Up-to-date: /home/daisuke/Autoware/ros/install/vector_map_server/share/common-lisp/ros/vector_map_server/srv/_package_GetGutter.lisp
-- Up-to-date: /home/daisuke/Autoware/ros/install/vector_map_server/share/common-lisp/ros/vector_map_server/srv/_package_GetGuardRail.lisp
-- Up-to-date: /home/daisuke/Autoware/ros/install/vector_map_server/share/common-lisp/ros/vector_map_server/srv/_package_GetNode.lisp
-- Up-to-date: /home/daisuke/Autoware/ros/install/vector_map_server/share/common-lisp/ros/vector_map_server/srv/_package_GetRoadEdge.lisp
-- Up-to-date: /home/daisuke/Autoware/ros/install/vector_map_server/share/common-lisp/ros/vector_map_server/srv/_package.lisp
-- Up-to-date: /home/daisuke/Autoware/ros/install/vector_map_server/share/common-lisp/ros/vector_map_server/srv/_package_GetZebraZone.lisp
-- Up-to-date: /home/daisuke/Autoware/ros/install/vector_map_server/share/common-lisp/ros/vector_map_server/srv/_package_GetWall.lisp
-- Up-to-date: /home/daisuke/Autoware/ros/install/vector_map_server/share/common-lisp/ros/vector_map_server/srv/GetRoadSign.lisp
-- Up-to-date: /home/daisuke/Autoware/ros/install/vector_map_server/share/common-lisp/ros/vector_map_server/srv/GetSignal.lisp
-- Up-to-date: /home/daisuke/Autoware/ros/install/vector_map_server/share/common-lisp/ros/vector_map_server/srv/GetDTLane.lisp
-- Up-to-date: /home/daisuke/Autoware/ros/install/vector_map_server/share/common-lisp/ros/vector_map_server/srv/GetGutter.lisp
-- Up-to-date: /home/daisuke/Autoware/ros/install/vector_map_server/share/common-lisp/ros/vector_map_server/srv/_package_GetWayArea.lisp
-- Up-to-date: /home/daisuke/Autoware/ros/install/vector_map_server/share/common-lisp/ros/vector_map_server/srv/_package_GetCurb.lisp
-- Up-to-date: /home/daisuke/Autoware/ros/install/vector_map_server/share/common-lisp/ros/vector_map_server/srv/_package_GetStopLine.lisp
-- Up-to-date: /home/daisuke/Autoware/ros/install/vector_map_server/share/common-lisp/ros/vector_map_server/srv/_package_GetRoadMark.lisp
-- Up-to-date: /home/daisuke/Autoware/ros/install/vector_map_server/share/common-lisp/ros/vector_map_server/srv/_package_GetRoadSign.lisp
-- Up-to-date: /home/daisuke/Autoware/ros/install/vector_map_server/share/common-lisp/ros/vector_map_server/srv/_package_GetUtilityPole.lisp
-- Up-to-date: /home/daisuke/Autoware/ros/install/vector_map_server/share/common-lisp/ros/vector_map_server/srv/GetCurb.lisp
-- Up-to-date: /home/daisuke/Autoware/ros/install/vector_map_server/share/common-lisp/ros/vector_map_server/srv/_package_GetSideWalk.lisp
-- Up-to-date: /home/daisuke/Autoware/ros/install/vector_map_server/share/common-lisp/ros/vector_map_server/srv/_package_GetLane.lisp
-- Up-to-date: /home/daisuke/Autoware/ros/install/vector_map_server/share/common-lisp/ros/vector_map_server/srv/GetSideStrip.lisp
-- Up-to-date: /home/daisuke/Autoware/ros/install/vector_map_server/share/common-lisp/ros/vector_map_server/srv/_package_GetRailCrossing.lisp
-- Up-to-date: /home/daisuke/Autoware/ros/install/vector_map_server/share/common-lisp/ros/vector_map_server/srv/GetRailCrossing.lisp
-- Up-to-date: /home/daisuke/Autoware/ros/install/vector_map_server/share/common-lisp/ros/vector_map_server/srv/GetWhiteLine.lisp
-- Up-to-date: /home/daisuke/Autoware/ros/install/vector_map_server/share/common-lisp/ros/vector_map_server/srv/_package_GetFence.lisp
-- Up-to-date: /home/daisuke/Autoware/ros/install/vector_map_server/share/common-lisp/ros/vector_map_server/srv/GetStreetLight.lisp
-- Up-to-date: /home/daisuke/Autoware/ros/install/vector_map_server/share/common-lisp/ros/vector_map_server/srv/GetStopLine.lisp
-- Up-to-date: /home/daisuke/Autoware/ros/install/vector_map_server/share/common-lisp/ros/vector_map_server/srv/GetRoadMark.lisp
-- Up-to-date: /home/daisuke/Autoware/ros/install/vector_map_server/share/common-lisp/ros/vector_map_server/srv/_package_GetDriveOnPortion.lisp
-- Up-to-date: /home/daisuke/Autoware/ros/install/vector_map_server/share/common-lisp/ros/vector_map_server/srv/_package_GetDTLane.lisp
-- Up-to-date: /home/daisuke/Autoware/ros/install/vector_map_server/share/common-lisp/ros/vector_map_server/srv/_package_GetCrossWalk.lisp
-- Up-to-date: /home/daisuke/Autoware/ros/install/vector_map_server/share/common-lisp/ros/vector_map_server/srv/GetFence.lisp
-- Up-to-date: /home/daisuke/Autoware/ros/install/vector_map_server/share/common-lisp/ros/vector_map_server/srv/_package_GetSignal.lisp
-- Up-to-date: /home/daisuke/Autoware/ros/install/vector_map_server/share/common-lisp/ros/vector_map_server/srv/_package_PositionState.lisp
-- Up-to-date: /home/daisuke/Autoware/ros/install/vector_map_server/share/common-lisp/ros/vector_map_server/srv/GetCrossRoad.lisp
-- Up-to-date: /home/daisuke/Autoware/ros/install/vector_map_server/share/common-lisp/ros/vector_map_server/srv/_package_GetCurveMirror.lisp
-- Up-to-date: /home/daisuke/Autoware/ros/install/vector_map_server/share/common-lisp/ros/vector_map_server/srv/GetDriveOnPortion.lisp
-- Up-to-date: /home/daisuke/Autoware/ros/install/vector_map_server/share/gennodejs/ros/vector_map_server
-- Up-to-date: /home/daisuke/Autoware/ros/install/vector_map_server/share/gennodejs/ros/vector_map_server/srv
-- Up-to-date: /home/daisuke/Autoware/ros/install/vector_map_server/share/gennodejs/ros/vector_map_server/srv/GetGuardRail.js
-- Up-to-date: /home/daisuke/Autoware/ros/install/vector_map_server/share/gennodejs/ros/vector_map_server/srv/GetStreetLight.js
-- Up-to-date: /home/daisuke/Autoware/ros/install/vector_map_server/share/gennodejs/ros/vector_map_server/srv/GetRailCrossing.js
-- Up-to-date: /home/daisuke/Autoware/ros/install/vector_map_server/share/gennodejs/ros/vector_map_server/srv/GetSignal.js
-- Up-to-date: /home/daisuke/Autoware/ros/install/vector_map_server/share/gennodejs/ros/vector_map_server/srv/GetFence.js
-- Up-to-date: /home/daisuke/Autoware/ros/install/vector_map_server/share/gennodejs/ros/vector_map_server/srv/GetDriveOnPortion.js
-- Up-to-date: /home/daisuke/Autoware/ros/install/vector_map_server/share/gennodejs/ros/vector_map_server/srv/GetWhiteLine.js
-- Up-to-date: /home/daisuke/Autoware/ros/install/vector_map_server/share/gennodejs/ros/vector_map_server/srv/GetGutter.js
-- Up-to-date: /home/daisuke/Autoware/ros/install/vector_map_server/share/gennodejs/ros/vector_map_server/srv/GetDTLane.js
-- Up-to-date: /home/daisuke/Autoware/ros/install/vector_map_server/share/gennodejs/ros/vector_map_server/srv/GetZebraZone.js
-- Up-to-date: /home/daisuke/Autoware/ros/install/vector_map_server/share/gennodejs/ros/vector_map_server/srv/PositionState.js
-- Up-to-date: /home/daisuke/Autoware/ros/install/vector_map_server/share/gennodejs/ros/vector_map_server/srv/GetWall.js
-- Up-to-date: /home/daisuke/Autoware/ros/install/vector_map_server/share/gennodejs/ros/vector_map_server/srv/GetUtilityPole.js
-- Up-to-date: /home/daisuke/Autoware/ros/install/vector_map_server/share/gennodejs/ros/vector_map_server/srv/GetRoadEdge.js
-- Up-to-date: /home/daisuke/Autoware/ros/install/vector_map_server/share/gennodejs/ros/vector_map_server/srv/GetRoadSign.js
-- Up-to-date: /home/daisuke/Autoware/ros/install/vector_map_server/share/gennodejs/ros/vector_map_server/srv/GetLane.js
-- Up-to-date: /home/daisuke/Autoware/ros/install/vector_map_server/share/gennodejs/ros/vector_map_server/srv/GetRoadPole.js
-- Up-to-date: /home/daisuke/Autoware/ros/install/vector_map_server/share/gennodejs/ros/vector_map_server/srv/GetSideWalk.js
-- Up-to-date: /home/daisuke/Autoware/ros/install/vector_map_server/share/gennodejs/ros/vector_map_server/srv/GetCurveMirror.js
-- Up-to-date: /home/daisuke/Autoware/ros/install/vector_map_server/share/gennodejs/ros/vector_map_server/srv/GetCurb.js
-- Up-to-date: /home/daisuke/Autoware/ros/install/vector_map_server/share/gennodejs/ros/vector_map_server/srv/GetStopLine.js
-- Up-to-date: /home/daisuke/Autoware/ros/install/vector_map_server/share/gennodejs/ros/vector_map_server/srv/GetWayArea.js
-- Up-to-date: /home/daisuke/Autoware/ros/install/vector_map_server/share/gennodejs/ros/vector_map_server/srv/_index.js
-- Up-to-date: /home/daisuke/Autoware/ros/install/vector_map_server/share/gennodejs/ros/vector_map_server/srv/GetNode.js
-- Up-to-date: /home/daisuke/Autoware/ros/install/vector_map_server/share/gennodejs/ros/vector_map_server/srv/GetSideStrip.js
-- Up-to-date: /home/daisuke/Autoware/ros/install/vector_map_server/share/gennodejs/ros/vector_map_server/srv/GetCrossWalk.js
-- Up-to-date: /home/daisuke/Autoware/ros/install/vector_map_server/share/gennodejs/ros/vector_map_server/srv/GetRoadMark.js
-- Up-to-date: /home/daisuke/Autoware/ros/install/vector_map_server/share/gennodejs/ros/vector_map_server/srv/GetCrossRoad.js
-- Up-to-date: /home/daisuke/Autoware/ros/install/vector_map_server/share/gennodejs/ros/vector_map_server/_index.js
Listing /home/daisuke/Autoware/ros/build/vector_map_server/devel/lib/python2.7/dist-packages/vector_map_server ...
Listing /home/daisuke/Autoware/ros/build/vector_map_server/devel/lib/python2.7/dist-packages/vector_map_server/srv ...
-- Up-to-date: /home/daisuke/Autoware/ros/install/vector_map_server/lib/python2.7/dist-packages/vector_map_server
-- Up-to-date: /home/daisuke/Autoware/ros/install/vector_map_server/lib/python2.7/dist-packages/vector_map_server/srv
-- Up-to-date: /home/daisuke/Autoware/ros/install/vector_map_server/lib/python2.7/dist-packages/vector_map_server/srv/_GetDTLane.pyc
-- Up-to-date: /home/daisuke/Autoware/ros/install/vector_map_server/lib/python2.7/dist-packages/vector_map_server/srv/_GetRoadEdge.pyc
-- Up-to-date: /home/daisuke/Autoware/ros/install/vector_map_server/lib/python2.7/dist-packages/vector_map_server/srv/_GetStopLine.py
-- Up-to-date: /home/daisuke/Autoware/ros/install/vector_map_server/lib/python2.7/dist-packages/vector_map_server/srv/_GetWall.py
-- Up-to-date: /home/daisuke/Autoware/ros/install/vector_map_server/lib/python2.7/dist-packages/vector_map_server/srv/_GetGutter.pyc
-- Up-to-date: /home/daisuke/Autoware/ros/install/vector_map_server/lib/python2.7/dist-packages/vector_map_server/srv/_GetSideWalk.pyc
-- Up-to-date: /home/daisuke/Autoware/ros/install/vector_map_server/lib/python2.7/dist-packages/vector_map_server/srv/_GetSideWalk.py
-- Up-to-date: /home/daisuke/Autoware/ros/install/vector_map_server/lib/python2.7/dist-packages/vector_map_server/srv/_GetCrossWalk.pyc
-- Up-to-date: /home/daisuke/Autoware/ros/install/vector_map_server/lib/python2.7/dist-packages/vector_map_server/srv/_GetRoadSign.pyc
-- Up-to-date: /home/daisuke/Autoware/ros/install/vector_map_server/lib/python2.7/dist-packages/vector_map_server/srv/_GetCrossRoad.pyc
-- Up-to-date: /home/daisuke/Autoware/ros/install/vector_map_server/lib/python2.7/dist-packages/vector_map_server/srv/_GetCurveMirror.py
-- Up-to-date: /home/daisuke/Autoware/ros/install/vector_map_server/lib/python2.7/dist-packages/vector_map_server/srv/_GetGutter.py
-- Up-to-date: /home/daisuke/Autoware/ros/install/vector_map_server/lib/python2.7/dist-packages/vector_map_server/srv/_GetWall.pyc
-- Up-to-date: /home/daisuke/Autoware/ros/install/vector_map_server/lib/python2.7/dist-packages/vector_map_server/srv/_GetUtilityPole.py
-- Up-to-date: /home/daisuke/Autoware/ros/install/vector_map_server/lib/python2.7/dist-packages/vector_map_server/srv/_GetSideStrip.py
-- Up-to-date: /home/daisuke/Autoware/ros/install/vector_map_server/lib/python2.7/dist-packages/vector_map_server/srv/_GetCurb.pyc
-- Up-to-date: /home/daisuke/Autoware/ros/install/vector_map_server/lib/python2.7/dist-packages/vector_map_server/srv/_GetDTLane.py
-- Up-to-date: /home/daisuke/Autoware/ros/install/vector_map_server/lib/python2.7/dist-packages/vector_map_server/srv/_GetStopLine.pyc
-- Up-to-date: /home/daisuke/Autoware/ros/install/vector_map_server/lib/python2.7/dist-packages/vector_map_server/srv/_GetGuardRail.py
-- Up-to-date: /home/daisuke/Autoware/ros/install/vector_map_server/lib/python2.7/dist-packages/vector_map_server/srv/_PositionState.py
-- Up-to-date: /home/daisuke/Autoware/ros/install/vector_map_server/lib/python2.7/dist-packages/vector_map_server/srv/_GetNode.py
-- Up-to-date: /home/daisuke/Autoware/ros/install/vector_map_server/lib/python2.7/dist-packages/vector_map_server/srv/_GetDriveOnPortion.pyc
-- Up-to-date: /home/daisuke/Autoware/ros/install/vector_map_server/lib/python2.7/dist-packages/vector_map_server/srv/_GetRoadMark.py
-- Up-to-date: /home/daisuke/Autoware/ros/install/vector_map_server/lib/python2.7/dist-packages/vector_map_server/srv/_GetRoadPole.pyc
-- Up-to-date: /home/daisuke/Autoware/ros/install/vector_map_server/lib/python2.7/dist-packages/vector_map_server/srv/_GetRoadEdge.py
-- Up-to-date: /home/daisuke/Autoware/ros/install/vector_map_server/lib/python2.7/dist-packages/vector_map_server/srv/_GetLane.py
-- Up-to-date: /home/daisuke/Autoware/ros/install/vector_map_server/lib/python2.7/dist-packages/vector_map_server/srv/__init__.pyc
-- Up-to-date: /home/daisuke/Autoware/ros/install/vector_map_server/lib/python2.7/dist-packages/vector_map_server/srv/__init__.py
-- Up-to-date: /home/daisuke/Autoware/ros/install/vector_map_server/lib/python2.7/dist-packages/vector_map_server/srv/_GetSignal.py
-- Up-to-date: /home/daisuke/Autoware/ros/install/vector_map_server/lib/python2.7/dist-packages/vector_map_server/srv/_GetFence.pyc
-- Up-to-date: /home/daisuke/Autoware/ros/install/vector_map_server/lib/python2.7/dist-packages/vector_map_server/srv/_GetFence.py
-- Up-to-date: /home/daisuke/Autoware/ros/install/vector_map_server/lib/python2.7/dist-packages/vector_map_server/srv/_PositionState.pyc
-- Up-to-date: /home/daisuke/Autoware/ros/install/vector_map_server/lib/python2.7/dist-packages/vector_map_server/srv/_GetRoadSign.py
-- Up-to-date: /home/daisuke/Autoware/ros/install/vector_map_server/lib/python2.7/dist-packages/vector_map_server/srv/_GetCurb.py
-- Up-to-date: /home/daisuke/Autoware/ros/install/vector_map_server/lib/python2.7/dist-packages/vector_map_server/srv/_GetStreetLight.pyc
-- Up-to-date: /home/daisuke/Autoware/ros/install/vector_map_server/lib/python2.7/dist-packages/vector_map_server/srv/_GetRoadMark.pyc
-- Up-to-date: /home/daisuke/Autoware/ros/install/vector_map_server/lib/python2.7/dist-packages/vector_map_server/srv/_GetCurveMirror.pyc
-- Up-to-date: /home/daisuke/Autoware/ros/install/vector_map_server/lib/python2.7/dist-packages/vector_map_server/srv/_GetSignal.pyc
-- Up-to-date: /home/daisuke/Autoware/ros/install/vector_map_server/lib/python2.7/dist-packages/vector_map_server/srv/_GetWhiteLine.py
-- Up-to-date: /home/daisuke/Autoware/ros/install/vector_map_server/lib/python2.7/dist-packages/vector_map_server/srv/_GetWayArea.py
-- Up-to-date: /home/daisuke/Autoware/ros/install/vector_map_server/lib/python2.7/dist-packages/vector_map_server/srv/_GetRoadPole.py
-- Up-to-date: /home/daisuke/Autoware/ros/install/vector_map_server/lib/python2.7/dist-packages/vector_map_server/srv/_GetCrossRoad.py
-- Up-to-date: /home/daisuke/Autoware/ros/install/vector_map_server/lib/python2.7/dist-packages/vector_map_server/srv/_GetGuardRail.pyc
-- Up-to-date: /home/daisuke/Autoware/ros/install/vector_map_server/lib/python2.7/dist-packages/vector_map_server/srv/_GetUtilityPole.pyc
-- Up-to-date: /home/daisuke/Autoware/ros/install/vector_map_server/lib/python2.7/dist-packages/vector_map_server/srv/_GetStreetLight.py
-- Up-to-date: /home/daisuke/Autoware/ros/install/vector_map_server/lib/python2.7/dist-packages/vector_map_server/srv/_GetSideStrip.pyc
-- Up-to-date: /home/daisuke/Autoware/ros/install/vector_map_server/lib/python2.7/dist-packages/vector_map_server/srv/_GetNode.pyc
-- Up-to-date: /home/daisuke/Autoware/ros/install/vector_map_server/lib/python2.7/dist-packages/vector_map_server/srv/_GetRailCrossing.pyc
-- Up-to-date: /home/daisuke/Autoware/ros/install/vector_map_server/lib/python2.7/dist-packages/vector_map_server/srv/_GetDriveOnPortion.py
-- Up-to-date: /home/daisuke/Autoware/ros/install/vector_map_server/lib/python2.7/dist-packages/vector_map_server/srv/_GetLane.pyc
-- Up-to-date: /home/daisuke/Autoware/ros/install/vector_map_server/lib/python2.7/dist-packages/vector_map_server/srv/_GetRailCrossing.py
-- Up-to-date: /home/daisuke/Autoware/ros/install/vector_map_server/lib/python2.7/dist-packages/vector_map_server/srv/_GetWayArea.pyc
-- Up-to-date: /home/daisuke/Autoware/ros/install/vector_map_server/lib/python2.7/dist-packages/vector_map_server/srv/_GetZebraZone.pyc
-- Up-to-date: /home/daisuke/Autoware/ros/install/vector_map_server/lib/python2.7/dist-packages/vector_map_server/srv/_GetWhiteLine.pyc
-- Up-to-date: /home/daisuke/Autoware/ros/install/vector_map_server/lib/python2.7/dist-packages/vector_map_server/srv/_GetCrossWalk.py
-- Up-to-date: /home/daisuke/Autoware/ros/install/vector_map_server/lib/python2.7/dist-packages/vector_map_server/srv/_GetZebraZone.py
-- Up-to-date: /home/daisuke/Autoware/ros/install/vector_map_server/lib/python2.7/dist-packages/vector_map_server/__init__.pyc
-- Up-to-date: /home/daisuke/Autoware/ros/install/vector_map_server/lib/python2.7/dist-packages/vector_map_server/__init__.py
-- Installing: /home/daisuke/Autoware/ros/install/vector_map_server/lib/pkgconfig/vector_map_server.pc
-- Up-to-date: /home/daisuke/Autoware/ros/install/vector_map_server/share/vector_map_server/cmake/vector_map_server-msg-extras.cmake
-- Up-to-date: /home/daisuke/Autoware/ros/install/vector_map_server/share/vector_map_server/cmake/vector_map_serverConfig.cmake
-- Up-to-date: /home/daisuke/Autoware/ros/install/vector_map_server/share/vector_map_server/cmake/vector_map_serverConfig-version.cmake
-- Up-to-date: /home/daisuke/Autoware/ros/install/vector_map_server/share/vector_map_server/package.xml
-- Up-to-date: /home/daisuke/Autoware/ros/install/vector_map_server/lib/vector_map_server/vector_map_server
-- Up-to-date: /home/daisuke/Autoware/ros/install/vector_map_server/lib/vector_map_server/vector_map_client
Invoked command in '/home/daisuke/Autoware/ros/build/vector_map_server' returned '0': CMAKE_PREFIX_PATH=/home/daisuke/Autoware/ros/install/vector_map:/home/daisuke/Autoware/ros/install/vector_map_msgs:/home/daisuke/Autoware/ros/install/autoware_msgs:/home/daisuke/Autoware/ros/install/autoware_build_flags:${CMAKE_PREFIX_PATH} LD_LIBRARY_PATH=/home/daisuke/Autoware/ros/install/vector_map/lib:${LD_LIBRARY_PATH} PKG_CONFIG_PATH=/home/daisuke/Autoware/ros/install/vector_map/lib/pkgconfig:/home/daisuke/Autoware/ros/install/vector_map_msgs/lib/pkgconfig:/home/daisuke/Autoware/ros/install/autoware_msgs/lib/pkgconfig:/home/daisuke/Autoware/ros/install/autoware_build_flags/lib/pkgconfig:${PKG_CONFIG_PATH} PYTHONPATH=/home/daisuke/Autoware/ros/install/vector_map_msgs/lib/python2.7/dist-packages:/home/daisuke/Autoware/ros/install/autoware_msgs/lib/python2.7/dist-packages:${PYTHONPATH} ROS_PACKAGE_PATH=/home/daisuke/Autoware/ros/install/vector_map/share:/home/daisuke/Autoware/ros/install/vector_map_msgs/share:/home/daisuke/Autoware/ros/install/autoware_msgs/share:/home/daisuke/Autoware/ros/install/autoware_build_flags/share:${ROS_PACKAGE_PATH} /usr/bin/cmake --build /home/daisuke/Autoware/ros/build/vector_map_server --target install
