Invoking command in '/home/daisuke/Autoware/ros/build/rslidar': CMAKE_PREFIX_PATH=/home/daisuke/Autoware/ros/install/rslidar_driver:/home/daisuke/Autoware/ros/install/rslidar_msgs:${CMAKE_PREFIX_PATH} PKG_CONFIG_PATH=/home/daisuke/Autoware/ros/install/rslidar_driver/lib/pkgconfig:/home/daisuke/Autoware/ros/install/rslidar_msgs/lib/pkgconfig:${PKG_CONFIG_PATH} PYTHONPATH=/home/daisuke/Autoware/ros/install/rslidar_pointcloud/lib/python2.7/dist-packages:/home/daisuke/Autoware/ros/install/rslidar_driver/lib/python2.7/dist-packages:/home/daisuke/Autoware/ros/install/rslidar_msgs/lib/python2.7/dist-packages:${PYTHONPATH} ROS_PACKAGE_PATH=/home/daisuke/Autoware/ros/install/rslidar_pointcloud/share:/home/daisuke/Autoware/ros/install/rslidar_driver/share:/home/daisuke/Autoware/ros/install/rslidar_msgs/share:${ROS_PACKAGE_PATH} /usr/bin/cmake /home/daisuke/Autoware/ros/src/sensing/drivers/lidar/packages/robosense/rslidar -DCATKIN_INSTALL_INTO_PREFIX_ROOT=0 -DCMAKE_INSTALL_PREFIX=/home/daisuke/Autoware/ros/install/rslidar
-- Using CATKIN_DEVEL_PREFIX: /home/daisuke/Autoware/ros/build/rslidar/devel
-- Using CMAKE_PREFIX_PATH: /home/daisuke/Autoware/ros/install/rslidar_driver;/home/daisuke/Autoware/ros/install/rslidar_msgs;/home/daisuke/Autoware/ros/devel;/opt/ros/kinetic
-- This workspace overlays: /home/daisuke/Autoware/ros/install/rslidar_driver;/home/daisuke/Autoware/ros/install/rslidar_msgs;/opt/ros/kinetic
-- Using PYTHON_EXECUTABLE: /home/daisuke/pyenv/shims/python
-- Using Debian Python package layout
-- Using empy: /usr/bin/empy
-- Using CATKIN_ENABLE_TESTING: ON
-- Call enable_testing()
-- Using CATKIN_TEST_RESULTS_DIR: /home/daisuke/Autoware/ros/build/rslidar/test_results
-- Found gmock sources under '/usr/src/gmock': gmock will be built
-- Found gtest sources under '/usr/src/gmock': gtests will be built
-- Using Python nosetests: /usr/bin/nosetests-2.7
-- catkin 0.7.14
-- Configuring done
-- Generating done
-- Build files have been written to: /home/daisuke/Autoware/ros/build/rslidar
Invoked command in '/home/daisuke/Autoware/ros/build/rslidar' returned '0': CMAKE_PREFIX_PATH=/home/daisuke/Autoware/ros/install/rslidar_driver:/home/daisuke/Autoware/ros/install/rslidar_msgs:${CMAKE_PREFIX_PATH} PKG_CONFIG_PATH=/home/daisuke/Autoware/ros/install/rslidar_driver/lib/pkgconfig:/home/daisuke/Autoware/ros/install/rslidar_msgs/lib/pkgconfig:${PKG_CONFIG_PATH} PYTHONPATH=/home/daisuke/Autoware/ros/install/rslidar_pointcloud/lib/python2.7/dist-packages:/home/daisuke/Autoware/ros/install/rslidar_driver/lib/python2.7/dist-packages:/home/daisuke/Autoware/ros/install/rslidar_msgs/lib/python2.7/dist-packages:${PYTHONPATH} ROS_PACKAGE_PATH=/home/daisuke/Autoware/ros/install/rslidar_pointcloud/share:/home/daisuke/Autoware/ros/install/rslidar_driver/share:/home/daisuke/Autoware/ros/install/rslidar_msgs/share:${ROS_PACKAGE_PATH} /usr/bin/cmake /home/daisuke/Autoware/ros/src/sensing/drivers/lidar/packages/robosense/rslidar -DCATKIN_INSTALL_INTO_PREFIX_ROOT=0 -DCMAKE_INSTALL_PREFIX=/home/daisuke/Autoware/ros/install/rslidar
Invoking command in '/home/daisuke/Autoware/ros/build/rslidar': CMAKE_PREFIX_PATH=/home/daisuke/Autoware/ros/install/rslidar_driver:/home/daisuke/Autoware/ros/install/rslidar_msgs:${CMAKE_PREFIX_PATH} PKG_CONFIG_PATH=/home/daisuke/Autoware/ros/install/rslidar_driver/lib/pkgconfig:/home/daisuke/Autoware/ros/install/rslidar_msgs/lib/pkgconfig:${PKG_CONFIG_PATH} PYTHONPATH=/home/daisuke/Autoware/ros/install/rslidar_pointcloud/lib/python2.7/dist-packages:/home/daisuke/Autoware/ros/install/rslidar_driver/lib/python2.7/dist-packages:/home/daisuke/Autoware/ros/install/rslidar_msgs/lib/python2.7/dist-packages:${PYTHONPATH} ROS_PACKAGE_PATH=/home/daisuke/Autoware/ros/install/rslidar_pointcloud/share:/home/daisuke/Autoware/ros/install/rslidar_driver/share:/home/daisuke/Autoware/ros/install/rslidar_msgs/share:${ROS_PACKAGE_PATH} /usr/bin/cmake --build /home/daisuke/Autoware/ros/build/rslidar -- -j8 -l8
Invoked command in '/home/daisuke/Autoware/ros/build/rslidar' returned '0': CMAKE_PREFIX_PATH=/home/daisuke/Autoware/ros/install/rslidar_driver:/home/daisuke/Autoware/ros/install/rslidar_msgs:${CMAKE_PREFIX_PATH} PKG_CONFIG_PATH=/home/daisuke/Autoware/ros/install/rslidar_driver/lib/pkgconfig:/home/daisuke/Autoware/ros/install/rslidar_msgs/lib/pkgconfig:${PKG_CONFIG_PATH} PYTHONPATH=/home/daisuke/Autoware/ros/install/rslidar_pointcloud/lib/python2.7/dist-packages:/home/daisuke/Autoware/ros/install/rslidar_driver/lib/python2.7/dist-packages:/home/daisuke/Autoware/ros/install/rslidar_msgs/lib/python2.7/dist-packages:${PYTHONPATH} ROS_PACKAGE_PATH=/home/daisuke/Autoware/ros/install/rslidar_pointcloud/share:/home/daisuke/Autoware/ros/install/rslidar_driver/share:/home/daisuke/Autoware/ros/install/rslidar_msgs/share:${ROS_PACKAGE_PATH} /usr/bin/cmake --build /home/daisuke/Autoware/ros/build/rslidar -- -j8 -l8
Invoking command in '/home/daisuke/Autoware/ros/build/rslidar': CMAKE_PREFIX_PATH=/home/daisuke/Autoware/ros/install/rslidar_driver:/home/daisuke/Autoware/ros/install/rslidar_msgs:${CMAKE_PREFIX_PATH} PKG_CONFIG_PATH=/home/daisuke/Autoware/ros/install/rslidar_driver/lib/pkgconfig:/home/daisuke/Autoware/ros/install/rslidar_msgs/lib/pkgconfig:${PKG_CONFIG_PATH} PYTHONPATH=/home/daisuke/Autoware/ros/install/rslidar_pointcloud/lib/python2.7/dist-packages:/home/daisuke/Autoware/ros/install/rslidar_driver/lib/python2.7/dist-packages:/home/daisuke/Autoware/ros/install/rslidar_msgs/lib/python2.7/dist-packages:${PYTHONPATH} ROS_PACKAGE_PATH=/home/daisuke/Autoware/ros/install/rslidar_pointcloud/share:/home/daisuke/Autoware/ros/install/rslidar_driver/share:/home/daisuke/Autoware/ros/install/rslidar_msgs/share:${ROS_PACKAGE_PATH} /usr/bin/cmake --build /home/daisuke/Autoware/ros/build/rslidar --target tests -- -j8 -l8
