-- Using CATKIN_DEVEL_PREFIX: /home/daisuke/Autoware/ros/build/oculus_socket/devel
-- Using CMAKE_PREFIX_PATH: /home/daisuke/Autoware/ros/devel;/opt/ros/kinetic
-- This workspace overlays: /opt/ros/kinetic
-- Using PYTHON_EXECUTABLE: /home/daisuke/pyenv/shims/python
-- Using Debian Python package layout
-- Using empy: /usr/bin/empy
-- Using CATKIN_ENABLE_TESTING: ON
-- Call enable_testing()
-- Using CATKIN_TEST_RESULTS_DIR: /home/daisuke/Autoware/ros/build/oculus_socket/test_results
-- Found gmock sources under '/usr/src/gmock': gmock will be built
-- Found gtest sources under '/usr/src/gmock': gtests will be built
-- Using Python nosetests: /usr/bin/nosetests-2.7
-- catkin 0.7.14
-- Using these message generators: gencpp;geneus;genlisp;gennodejs;genpy
-- Configuring done
-- Generating done
-- Build files have been written to: /home/daisuke/Autoware/ros/build/oculus_socket
[100%] Built target oculus_sender
Built target tests
[100%] Built target oculus_sender
[36mInstall the project...[0m
-- Install configuration: "Release"
-- Installing: /home/daisuke/Autoware/ros/install/oculus_socket/lib/pkgconfig/oculus_socket.pc
-- Up-to-date: /home/daisuke/Autoware/ros/install/oculus_socket/share/oculus_socket/cmake/oculus_socketConfig.cmake
-- Up-to-date: /home/daisuke/Autoware/ros/install/oculus_socket/share/oculus_socket/cmake/oculus_socketConfig-version.cmake
-- Up-to-date: /home/daisuke/Autoware/ros/install/oculus_socket/share/oculus_socket/package.xml
-- Up-to-date: /home/daisuke/Autoware/ros/install/oculus_socket/lib/oculus_socket/oculus_sender
-- Up-to-date: /home/daisuke/Autoware/ros/install/oculus_socket/share/oculus_socket/launch
-- Up-to-date: /home/daisuke/Autoware/ros/install/oculus_socket/share/oculus_socket/launch/oculus_sender.launch
