Invoking command in '/home/daisuke/Autoware/ros/build/op_local_planner': CMAKE_PREFIX_PATH=/home/daisuke/Autoware/ros/install/op_ros_helpers:/home/daisuke/Autoware/ros/install/op_simu:/home/daisuke/Autoware/ros/install/op_planner:/home/daisuke/Autoware/ros/install/op_utility:/home/daisuke/Autoware/ros/install/vector_map_server:/home/daisuke/Autoware/ros/install/map_file:/home/daisuke/Autoware/ros/install/waypoint_follower:/home/daisuke/Autoware/ros/install/vector_map:/home/daisuke/Autoware/ros/install/vector_map_msgs:/home/daisuke/Autoware/ros/install/autoware_health_checker:/home/daisuke/Autoware/ros/install/tablet_socket_msgs:/home/daisuke/Autoware/ros/install/autoware_system_msgs:/home/daisuke/Autoware/ros/install/autoware_msgs:/home/daisuke/Autoware/ros/install/autoware_config_msgs:/home/daisuke/Autoware/ros/install/autoware_can_msgs:/home/daisuke/Autoware/ros/install/autoware_build_flags:${CMAKE_PREFIX_PATH} LD_LIBRARY_PATH=/home/daisuke/Autoware/ros/install/op_ros_helpers/lib:/home/daisuke/Autoware/ros/install/op_simu/lib:/home/daisuke/Autoware/ros/install/op_planner/lib:/home/daisuke/Autoware/ros/install/op_utility/lib:/home/daisuke/Autoware/ros/install/map_file/lib:/home/daisuke/Autoware/ros/install/waypoint_follower/lib:/home/daisuke/Autoware/ros/install/vector_map/lib:/home/daisuke/Autoware/ros/install/autoware_health_checker/lib:${LD_LIBRARY_PATH} PKG_CONFIG_PATH=/home/daisuke/Autoware/ros/install/op_ros_helpers/lib/pkgconfig:/home/daisuke/Autoware/ros/install/op_simu/lib/pkgconfig:/home/daisuke/Autoware/ros/install/op_planner/lib/pkgconfig:/home/daisuke/Autoware/ros/install/op_utility/lib/pkgconfig:/home/daisuke/Autoware/ros/install/vector_map_server/lib/pkgconfig:/home/daisuke/Autoware/ros/install/map_file/lib/pkgconfig:/home/daisuke/Autoware/ros/install/waypoint_follower/lib/pkgconfig:/home/daisuke/Autoware/ros/install/vector_map/lib/pkgconfig:/home/daisuke/Autoware/ros/install/vector_map_msgs/lib/pkgconfig:/home/daisuke/Autoware/ros/install/autoware_health_checker/lib/pkgconfig:/home/daisuke/Autoware/ros/install/tablet_socket_msgs/lib/pkgconfig:/home/daisuke/Autoware/ros/install/autoware_system_msgs/lib/pkgconfig:/home/daisuke/Autoware/ros/install/autoware_msgs/lib/pkgconfig:/home/daisuke/Autoware/ros/install/autoware_config_msgs/lib/pkgconfig:/home/daisuke/Autoware/ros/install/autoware_can_msgs/lib/pkgconfig:/home/daisuke/Autoware/ros/install/autoware_build_flags/lib/pkgconfig:${PKG_CONFIG_PATH} PYTHONPATH=/home/daisuke/Autoware/ros/install/vector_map_server/lib/python2.7/dist-packages:/home/daisuke/Autoware/ros/install/vector_map_msgs/lib/python2.7/dist-packages:/home/daisuke/Autoware/ros/install/tablet_socket_msgs/lib/python2.7/dist-packages:/home/daisuke/Autoware/ros/install/autoware_system_msgs/lib/python2.7/dist-packages:/home/daisuke/Autoware/ros/install/autoware_msgs/lib/python2.7/dist-packages:/home/daisuke/Autoware/ros/install/autoware_config_msgs/lib/python2.7/dist-packages:/home/daisuke/Autoware/ros/install/autoware_can_msgs/lib/python2.7/dist-packages:${PYTHONPATH} ROS_PACKAGE_PATH=/home/daisuke/Autoware/ros/install/op_ros_helpers/share:/home/daisuke/Autoware/ros/install/op_simu/share:/home/daisuke/Autoware/ros/install/op_planner/share:/home/daisuke/Autoware/ros/install/op_utility/share:/home/daisuke/Autoware/ros/install/vector_map_server/share:/home/daisuke/Autoware/ros/install/map_file/share:/home/daisuke/Autoware/ros/install/waypoint_follower/share:/home/daisuke/Autoware/ros/install/vector_map/share:/home/daisuke/Autoware/ros/install/vector_map_msgs/share:/home/daisuke/Autoware/ros/install/autoware_health_checker/share:/home/daisuke/Autoware/ros/install/tablet_socket_msgs/share:/home/daisuke/Autoware/ros/install/autoware_system_msgs/share:/home/daisuke/Autoware/ros/install/autoware_msgs/share:/home/daisuke/Autoware/ros/install/autoware_config_msgs/share:/home/daisuke/Autoware/ros/install/autoware_can_msgs/share:/home/daisuke/Autoware/ros/install/autoware_build_flags/share:${ROS_PACKAGE_PATH} /usr/bin/cmake /home/daisuke/Autoware/ros/src/computing/planning/motion/packages/op_local_planner -DCMAKE_BUILD_TYPE=Release -DCMAKE_LIBRARY_PATH=/usr/local/cuda/lib64/stubs -DCATKIN_INSTALL_INTO_PREFIX_ROOT=0 -DCMAKE_INSTALL_PREFIX=/home/daisuke/Autoware/ros/install/op_local_planner
-- The C compiler identification is GNU 5.4.0
-- The CXX compiler identification is GNU 5.4.0
-- Check for working C compiler: /usr/bin/cc
-- Check for working C compiler: /usr/bin/cc -- works
-- Detecting C compiler ABI info
-- Detecting C compiler ABI info - done
-- Detecting C compile features
-- Detecting C compile features - done
-- Check for working CXX compiler: /usr/bin/c++
-- Check for working CXX compiler: /usr/bin/c++ -- works
-- Detecting CXX compiler ABI info
-- Detecting CXX compiler ABI info - done
-- Detecting CXX compile features
-- Detecting CXX compile features - done
-- Using CATKIN_DEVEL_PREFIX: /home/daisuke/Autoware/ros/build/op_local_planner/devel
-- Using CMAKE_PREFIX_PATH: /home/daisuke/Autoware/ros/install/op_ros_helpers;/home/daisuke/Autoware/ros/install/op_simu;/home/daisuke/Autoware/ros/install/op_planner;/home/daisuke/Autoware/ros/install/op_utility;/home/daisuke/Autoware/ros/install/vector_map_server;/home/daisuke/Autoware/ros/install/map_file;/home/daisuke/Autoware/ros/install/waypoint_follower;/home/daisuke/Autoware/ros/install/vector_map;/home/daisuke/Autoware/ros/install/vector_map_msgs;/home/daisuke/Autoware/ros/install/autoware_health_checker;/home/daisuke/Autoware/ros/install/tablet_socket_msgs;/home/daisuke/Autoware/ros/install/autoware_system_msgs;/home/daisuke/Autoware/ros/install/autoware_msgs;/home/daisuke/Autoware/ros/install/autoware_config_msgs;/home/daisuke/Autoware/ros/install/autoware_can_msgs;/home/daisuke/Autoware/ros/install/autoware_build_flags;/home/daisuke/Autoware/ros/devel;/opt/ros/kinetic
-- This workspace overlays: /home/daisuke/Autoware/ros/install/op_ros_helpers;/home/daisuke/Autoware/ros/install/op_simu;/home/daisuke/Autoware/ros/install/op_planner;/home/daisuke/Autoware/ros/install/op_utility;/home/daisuke/Autoware/ros/install/vector_map_server;/home/daisuke/Autoware/ros/install/map_file;/home/daisuke/Autoware/ros/install/waypoint_follower;/home/daisuke/Autoware/ros/install/vector_map;/home/daisuke/Autoware/ros/install/vector_map_msgs;/home/daisuke/Autoware/ros/install/autoware_health_checker;/home/daisuke/Autoware/ros/install/tablet_socket_msgs;/home/daisuke/Autoware/ros/install/autoware_system_msgs;/home/daisuke/Autoware/ros/install/autoware_msgs;/home/daisuke/Autoware/ros/install/autoware_config_msgs;/home/daisuke/Autoware/ros/install/autoware_can_msgs;/home/daisuke/Autoware/ros/install/autoware_build_flags;/opt/ros/kinetic
-- Found PythonInterp: /home/daisuke/pyenv/shims/python (found version "2.7.12") 
-- Using PYTHON_EXECUTABLE: /home/daisuke/pyenv/shims/python
-- Using Debian Python package layout
-- Using empy: /usr/bin/empy
-- Using CATKIN_ENABLE_TESTING: ON
-- Call enable_testing()
-- Using CATKIN_TEST_RESULTS_DIR: /home/daisuke/Autoware/ros/build/op_local_planner/test_results
-- Found gmock sources under '/usr/src/gmock': gmock will be built
-- Looking for pthread.h
-- Looking for pthread.h - found
-- Looking for pthread_create
-- Looking for pthread_create - not found
-- Looking for pthread_create in pthreads
-- Looking for pthread_create in pthreads - not found
-- Looking for pthread_create in pthread
-- Looking for pthread_create in pthread - found
-- Found Threads: TRUE  
-- Found gtest sources under '/usr/src/gmock': gtests will be built
-- Using Python nosetests: /usr/bin/nosetests-2.7
-- catkin 0.7.14
-- Using these message generators: gencpp;geneus;genlisp;gennodejs;genpy
-- Configuring done
-- Generating done
-- Build files have been written to: /home/daisuke/Autoware/ros/build/op_local_planner
Invoked command in '/home/daisuke/Autoware/ros/build/op_local_planner' returned '0': CMAKE_PREFIX_PATH=/home/daisuke/Autoware/ros/install/op_ros_helpers:/home/daisuke/Autoware/ros/install/op_simu:/home/daisuke/Autoware/ros/install/op_planner:/home/daisuke/Autoware/ros/install/op_utility:/home/daisuke/Autoware/ros/install/vector_map_server:/home/daisuke/Autoware/ros/install/map_file:/home/daisuke/Autoware/ros/install/waypoint_follower:/home/daisuke/Autoware/ros/install/vector_map:/home/daisuke/Autoware/ros/install/vector_map_msgs:/home/daisuke/Autoware/ros/install/autoware_health_checker:/home/daisuke/Autoware/ros/install/tablet_socket_msgs:/home/daisuke/Autoware/ros/install/autoware_system_msgs:/home/daisuke/Autoware/ros/install/autoware_msgs:/home/daisuke/Autoware/ros/install/autoware_config_msgs:/home/daisuke/Autoware/ros/install/autoware_can_msgs:/home/daisuke/Autoware/ros/install/autoware_build_flags:${CMAKE_PREFIX_PATH} LD_LIBRARY_PATH=/home/daisuke/Autoware/ros/install/op_ros_helpers/lib:/home/daisuke/Autoware/ros/install/op_simu/lib:/home/daisuke/Autoware/ros/install/op_planner/lib:/home/daisuke/Autoware/ros/install/op_utility/lib:/home/daisuke/Autoware/ros/install/map_file/lib:/home/daisuke/Autoware/ros/install/waypoint_follower/lib:/home/daisuke/Autoware/ros/install/vector_map/lib:/home/daisuke/Autoware/ros/install/autoware_health_checker/lib:${LD_LIBRARY_PATH} PKG_CONFIG_PATH=/home/daisuke/Autoware/ros/install/op_ros_helpers/lib/pkgconfig:/home/daisuke/Autoware/ros/install/op_simu/lib/pkgconfig:/home/daisuke/Autoware/ros/install/op_planner/lib/pkgconfig:/home/daisuke/Autoware/ros/install/op_utility/lib/pkgconfig:/home/daisuke/Autoware/ros/install/vector_map_server/lib/pkgconfig:/home/daisuke/Autoware/ros/install/map_file/lib/pkgconfig:/home/daisuke/Autoware/ros/install/waypoint_follower/lib/pkgconfig:/home/daisuke/Autoware/ros/install/vector_map/lib/pkgconfig:/home/daisuke/Autoware/ros/install/vector_map_msgs/lib/pkgconfig:/home/daisuke/Autoware/ros/install/autoware_health_checker/lib/pkgconfig:/home/daisuke/Autoware/ros/install/tablet_socket_msgs/lib/pkgconfig:/home/daisuke/Autoware/ros/install/autoware_system_msgs/lib/pkgconfig:/home/daisuke/Autoware/ros/install/autoware_msgs/lib/pkgconfig:/home/daisuke/Autoware/ros/install/autoware_config_msgs/lib/pkgconfig:/home/daisuke/Autoware/ros/install/autoware_can_msgs/lib/pkgconfig:/home/daisuke/Autoware/ros/install/autoware_build_flags/lib/pkgconfig:${PKG_CONFIG_PATH} PYTHONPATH=/home/daisuke/Autoware/ros/install/vector_map_server/lib/python2.7/dist-packages:/home/daisuke/Autoware/ros/install/vector_map_msgs/lib/python2.7/dist-packages:/home/daisuke/Autoware/ros/install/tablet_socket_msgs/lib/python2.7/dist-packages:/home/daisuke/Autoware/ros/install/autoware_system_msgs/lib/python2.7/dist-packages:/home/daisuke/Autoware/ros/install/autoware_msgs/lib/python2.7/dist-packages:/home/daisuke/Autoware/ros/install/autoware_config_msgs/lib/python2.7/dist-packages:/home/daisuke/Autoware/ros/install/autoware_can_msgs/lib/python2.7/dist-packages:${PYTHONPATH} ROS_PACKAGE_PATH=/home/daisuke/Autoware/ros/install/op_ros_helpers/share:/home/daisuke/Autoware/ros/install/op_simu/share:/home/daisuke/Autoware/ros/install/op_planner/share:/home/daisuke/Autoware/ros/install/op_utility/share:/home/daisuke/Autoware/ros/install/vector_map_server/share:/home/daisuke/Autoware/ros/install/map_file/share:/home/daisuke/Autoware/ros/install/waypoint_follower/share:/home/daisuke/Autoware/ros/install/vector_map/share:/home/daisuke/Autoware/ros/install/vector_map_msgs/share:/home/daisuke/Autoware/ros/install/autoware_health_checker/share:/home/daisuke/Autoware/ros/install/tablet_socket_msgs/share:/home/daisuke/Autoware/ros/install/autoware_system_msgs/share:/home/daisuke/Autoware/ros/install/autoware_msgs/share:/home/daisuke/Autoware/ros/install/autoware_config_msgs/share:/home/daisuke/Autoware/ros/install/autoware_can_msgs/share:/home/daisuke/Autoware/ros/install/autoware_build_flags/share:${ROS_PACKAGE_PATH} /usr/bin/cmake /home/daisuke/Autoware/ros/src/computing/planning/motion/packages/op_local_planner -DCMAKE_BUILD_TYPE=Release -DCMAKE_LIBRARY_PATH=/usr/local/cuda/lib64/stubs -DCATKIN_INSTALL_INTO_PREFIX_ROOT=0 -DCMAKE_INSTALL_PREFIX=/home/daisuke/Autoware/ros/install/op_local_planner
Invoking command in '/home/daisuke/Autoware/ros/build/op_local_planner': CMAKE_PREFIX_PATH=/home/daisuke/Autoware/ros/install/op_ros_helpers:/home/daisuke/Autoware/ros/install/op_simu:/home/daisuke/Autoware/ros/install/op_planner:/home/daisuke/Autoware/ros/install/op_utility:/home/daisuke/Autoware/ros/install/vector_map_server:/home/daisuke/Autoware/ros/install/map_file:/home/daisuke/Autoware/ros/install/waypoint_follower:/home/daisuke/Autoware/ros/install/vector_map:/home/daisuke/Autoware/ros/install/vector_map_msgs:/home/daisuke/Autoware/ros/install/autoware_health_checker:/home/daisuke/Autoware/ros/install/tablet_socket_msgs:/home/daisuke/Autoware/ros/install/autoware_system_msgs:/home/daisuke/Autoware/ros/install/autoware_msgs:/home/daisuke/Autoware/ros/install/autoware_config_msgs:/home/daisuke/Autoware/ros/install/autoware_can_msgs:/home/daisuke/Autoware/ros/install/autoware_build_flags:${CMAKE_PREFIX_PATH} LD_LIBRARY_PATH=/home/daisuke/Autoware/ros/install/op_ros_helpers/lib:/home/daisuke/Autoware/ros/install/op_simu/lib:/home/daisuke/Autoware/ros/install/op_planner/lib:/home/daisuke/Autoware/ros/install/op_utility/lib:/home/daisuke/Autoware/ros/install/map_file/lib:/home/daisuke/Autoware/ros/install/waypoint_follower/lib:/home/daisuke/Autoware/ros/install/vector_map/lib:/home/daisuke/Autoware/ros/install/autoware_health_checker/lib:${LD_LIBRARY_PATH} PKG_CONFIG_PATH=/home/daisuke/Autoware/ros/install/op_ros_helpers/lib/pkgconfig:/home/daisuke/Autoware/ros/install/op_simu/lib/pkgconfig:/home/daisuke/Autoware/ros/install/op_planner/lib/pkgconfig:/home/daisuke/Autoware/ros/install/op_utility/lib/pkgconfig:/home/daisuke/Autoware/ros/install/vector_map_server/lib/pkgconfig:/home/daisuke/Autoware/ros/install/map_file/lib/pkgconfig:/home/daisuke/Autoware/ros/install/waypoint_follower/lib/pkgconfig:/home/daisuke/Autoware/ros/install/vector_map/lib/pkgconfig:/home/daisuke/Autoware/ros/install/vector_map_msgs/lib/pkgconfig:/home/daisuke/Autoware/ros/install/autoware_health_checker/lib/pkgconfig:/home/daisuke/Autoware/ros/install/tablet_socket_msgs/lib/pkgconfig:/home/daisuke/Autoware/ros/install/autoware_system_msgs/lib/pkgconfig:/home/daisuke/Autoware/ros/install/autoware_msgs/lib/pkgconfig:/home/daisuke/Autoware/ros/install/autoware_config_msgs/lib/pkgconfig:/home/daisuke/Autoware/ros/install/autoware_can_msgs/lib/pkgconfig:/home/daisuke/Autoware/ros/install/autoware_build_flags/lib/pkgconfig:${PKG_CONFIG_PATH} PYTHONPATH=/home/daisuke/Autoware/ros/install/vector_map_server/lib/python2.7/dist-packages:/home/daisuke/Autoware/ros/install/vector_map_msgs/lib/python2.7/dist-packages:/home/daisuke/Autoware/ros/install/tablet_socket_msgs/lib/python2.7/dist-packages:/home/daisuke/Autoware/ros/install/autoware_system_msgs/lib/python2.7/dist-packages:/home/daisuke/Autoware/ros/install/autoware_msgs/lib/python2.7/dist-packages:/home/daisuke/Autoware/ros/install/autoware_config_msgs/lib/python2.7/dist-packages:/home/daisuke/Autoware/ros/install/autoware_can_msgs/lib/python2.7/dist-packages:${PYTHONPATH} ROS_PACKAGE_PATH=/home/daisuke/Autoware/ros/install/op_ros_helpers/share:/home/daisuke/Autoware/ros/install/op_simu/share:/home/daisuke/Autoware/ros/install/op_planner/share:/home/daisuke/Autoware/ros/install/op_utility/share:/home/daisuke/Autoware/ros/install/vector_map_server/share:/home/daisuke/Autoware/ros/install/map_file/share:/home/daisuke/Autoware/ros/install/waypoint_follower/share:/home/daisuke/Autoware/ros/install/vector_map/share:/home/daisuke/Autoware/ros/install/vector_map_msgs/share:/home/daisuke/Autoware/ros/install/autoware_health_checker/share:/home/daisuke/Autoware/ros/install/tablet_socket_msgs/share:/home/daisuke/Autoware/ros/install/autoware_system_msgs/share:/home/daisuke/Autoware/ros/install/autoware_msgs/share:/home/daisuke/Autoware/ros/install/autoware_config_msgs/share:/home/daisuke/Autoware/ros/install/autoware_can_msgs/share:/home/daisuke/Autoware/ros/install/autoware_build_flags/share:${ROS_PACKAGE_PATH} /usr/bin/cmake --build /home/daisuke/Autoware/ros/build/op_local_planner -- -j8 -l8
[35m[1mScanning dependencies of target tablet_socket_msgs_generate_messages_lisp[0m
[35m[1mScanning dependencies of target jsk_recognition_msgs_generate_messages_lisp[0m
[35m[1mScanning dependencies of target autoware_system_msgs_generate_messages_nodejs[0m
[35m[1mScanning dependencies of target tablet_socket_msgs_generate_messages_nodejs[0m
[35m[1mScanning dependencies of target autoware_system_msgs_generate_messages_cpp[0m
[  0%] Built target tablet_socket_msgs_generate_messages_lisp
[35m[1mScanning dependencies of target op_behavior_selector[0m
[  0%] Built target jsk_recognition_msgs_generate_messages_lisp
[  0%] Built target autoware_system_msgs_generate_messages_cpp
[  0%] Built target autoware_system_msgs_generate_messages_nodejs
[35m[1mScanning dependencies of target tablet_socket_msgs_generate_messages_cpp[0m
[  0%] Built target tablet_socket_msgs_generate_messages_nodejs
[35m[1mScanning dependencies of target autoware_config_msgs_generate_messages_lisp[0m
[35m[1mScanning dependencies of target visualization_msgs_generate_messages_py[0m
[35m[1mScanning dependencies of target autoware_config_msgs_generate_messages_py[0m
[35m[1mScanning dependencies of target autoware_config_msgs_generate_messages_eus[0m
[  0%] Built target tablet_socket_msgs_generate_messages_cpp
[  0%] Built target autoware_config_msgs_generate_messages_py
[  0%] Built target autoware_config_msgs_generate_messages_lisp
[  0%] Built target visualization_msgs_generate_messages_py
[35m[1mScanning dependencies of target visualization_msgs_generate_messages_cpp[0m
[35m[1mScanning dependencies of target visualization_msgs_generate_messages_lisp[0m
[  0%] Built target autoware_config_msgs_generate_messages_eus
[35m[1mScanning dependencies of target autoware_config_msgs_generate_messages_nodejs[0m
[  7%] [32mBuilding CXX object CMakeFiles/op_behavior_selector.dir/nodes/op_behavior_selector/op_behavior_selector.cpp.o[0m
[35m[1mScanning dependencies of target autoware_msgs_generate_messages_cpp[0m
[  7%] Built target autoware_config_msgs_generate_messages_nodejs
[  7%] Built target visualization_msgs_generate_messages_lisp
[35m[1mScanning dependencies of target vector_map_server_generate_messages_nodejs[0m
[  7%] Built target autoware_msgs_generate_messages_cpp
[  7%] Built target visualization_msgs_generate_messages_cpp
[ 14%] [32mBuilding CXX object CMakeFiles/op_behavior_selector.dir/nodes/op_behavior_selector/op_behavior_selector_core.cpp.o[0m
[ 14%] Built target vector_map_server_generate_messages_nodejs
[35m[1mScanning dependencies of target vector_map_server_generate_messages_lisp[0m
[35m[1mScanning dependencies of target jsk_footstep_msgs_generate_messages_py[0m
[35m[1mScanning dependencies of target jsk_footstep_msgs_generate_messages_nodejs[0m
[ 14%] Built target vector_map_server_generate_messages_lisp
[ 14%] Built target jsk_footstep_msgs_generate_messages_py
[35m[1mScanning dependencies of target jsk_footstep_msgs_generate_messages_eus[0m
[35m[1mScanning dependencies of target tablet_socket_msgs_generate_messages_eus[0m
[ 14%] Built target jsk_footstep_msgs_generate_messages_nodejs
[ 14%] Built target jsk_footstep_msgs_generate_messages_eus
[35m[1mScanning dependencies of target autoware_msgs_generate_messages_lisp[0m
[35m[1mScanning dependencies of target jsk_footstep_msgs_generate_messages_cpp[0m
[ 14%] Built target tablet_socket_msgs_generate_messages_eus
[35m[1mScanning dependencies of target jsk_recognition_msgs_generate_messages_nodejs[0m
[35m[1mScanning dependencies of target jsk_recognition_msgs_generate_messages_py[0m
[ 14%] Built target autoware_msgs_generate_messages_lisp
[35m[1mScanning dependencies of target autoware_system_msgs_generate_messages_eus[0m
[ 14%] Built target jsk_recognition_msgs_generate_messages_nodejs
[ 14%] Built target jsk_footstep_msgs_generate_messages_cpp
[35m[1mScanning dependencies of target autoware_msgs_generate_messages_py[0m
[ 14%] Built target jsk_recognition_msgs_generate_messages_py
[35m[1mScanning dependencies of target tablet_socket_msgs_generate_messages_py[0m
[35m[1mScanning dependencies of target sensor_msgs_generate_messages_eus[0m
[ 14%] Built target autoware_msgs_generate_messages_py
[ 14%] Built target autoware_system_msgs_generate_messages_eus
[35m[1mScanning dependencies of target actionlib_generate_messages_nodejs[0m
[35m[1mScanning dependencies of target actionlib_msgs_generate_messages_cpp[0m
[35m[1mScanning dependencies of target jsk_footstep_msgs_generate_messages_lisp[0m
[ 14%] Built target sensor_msgs_generate_messages_eus
[ 14%] Built target tablet_socket_msgs_generate_messages_py
[35m[1mScanning dependencies of target sensor_msgs_generate_messages_cpp[0m
[35m[1mScanning dependencies of target op_trajectory_generator[0m
[ 14%] Built target sensor_msgs_generate_messages_cpp
[ 14%] Built target actionlib_generate_messages_nodejs
[35m[1mScanning dependencies of target pcl_msgs_generate_messages_nodejs[0m
[ 14%] Built target jsk_footstep_msgs_generate_messages_lisp
[ 14%] Built target actionlib_msgs_generate_messages_cpp
[35m[1mScanning dependencies of target pcl_msgs_generate_messages_eus[0m
[ 14%] Built target pcl_msgs_generate_messages_nodejs
[35m[1mScanning dependencies of target std_srvs_generate_messages_nodejs[0m
[35m[1mScanning dependencies of target rosgraph_msgs_generate_messages_cpp[0m
[35m[1mScanning dependencies of target rosgraph_msgs_generate_messages_lisp[0m
[35m[1mScanning dependencies of target autoware_can_msgs_generate_messages_nodejs[0m
[ 14%] Built target pcl_msgs_generate_messages_eus
[ 14%] Built target std_srvs_generate_messages_nodejs
[ 14%] Built target rosgraph_msgs_generate_messages_cpp
[ 14%] Built target autoware_can_msgs_generate_messages_nodejs
[35m[1mScanning dependencies of target std_srvs_generate_messages_eus[0m
[35m[1mScanning dependencies of target visualization_msgs_generate_messages_nodejs[0m
[ 14%] Built target rosgraph_msgs_generate_messages_lisp
[ 21%] [32mBuilding CXX object CMakeFiles/op_trajectory_generator.dir/nodes/op_trajectory_generator/op_trajectory_generator.cpp.o[0m
[35m[1mScanning dependencies of target autoware_can_msgs_generate_messages_eus[0m
[ 28%] [32mBuilding CXX object CMakeFiles/op_trajectory_generator.dir/nodes/op_trajectory_generator/op_trajectory_generator_core.cpp.o[0m
[ 28%] Built target std_srvs_generate_messages_eus
[ 28%] Built target visualization_msgs_generate_messages_nodejs
[35m[1mScanning dependencies of target autoware_can_msgs_generate_messages_cpp[0m
[ 28%] Built target autoware_can_msgs_generate_messages_eus
[35m[1mScanning dependencies of target std_msgs_generate_messages_cpp[0m
[35m[1mScanning dependencies of target sensor_msgs_generate_messages_nodejs[0m
[ 28%] Built target autoware_can_msgs_generate_messages_cpp
[ 28%] Built target sensor_msgs_generate_messages_nodejs
[35m[1mScanning dependencies of target geometry_msgs_generate_messages_cpp[0m
[ 28%] Built target std_msgs_generate_messages_cpp
[35m[1mScanning dependencies of target op_motion_predictor[0m
[35m[1mScanning dependencies of target rosgraph_msgs_generate_messages_nodejs[0m
[ 28%] Built target geometry_msgs_generate_messages_cpp
[35m[1mScanning dependencies of target vector_map_msgs_generate_messages_cpp[0m
[35m[1mScanning dependencies of target std_msgs_generate_messages_nodejs[0m
[ 28%] Built target rosgraph_msgs_generate_messages_nodejs
[ 28%] Built target vector_map_msgs_generate_messages_cpp
[35m[1mScanning dependencies of target autoware_can_msgs_generate_messages_py[0m
[35m[1mScanning dependencies of target geometry_msgs_generate_messages_eus[0m
[ 28%] Built target std_msgs_generate_messages_nodejs
[ 28%] Built target autoware_can_msgs_generate_messages_py
[35m[1mScanning dependencies of target geometry_msgs_generate_messages_nodejs[0m
[ 28%] Built target geometry_msgs_generate_messages_eus
[35m[1mScanning dependencies of target jsk_recognition_msgs_generate_messages_cpp[0m
[ 35%] [32mBuilding CXX object CMakeFiles/op_motion_predictor.dir/nodes/op_motion_predictor/op_motion_predictor.cpp.o[0m
[ 35%] Built target geometry_msgs_generate_messages_nodejs
[35m[1mScanning dependencies of target geometry_msgs_generate_messages_py[0m
[ 35%] Built target jsk_recognition_msgs_generate_messages_cpp
[ 42%] [32mBuilding CXX object CMakeFiles/op_motion_predictor.dir/nodes/op_motion_predictor/op_motion_predictor_core.cpp.o[0m
[ 42%] Built target geometry_msgs_generate_messages_py
[35m[1mScanning dependencies of target geometry_msgs_generate_messages_lisp[0m
[ 42%] Built target geometry_msgs_generate_messages_lisp
[35m[1mScanning dependencies of target autoware_msgs_generate_messages_eus[0m
[35m[1mScanning dependencies of target bond_generate_messages_py[0m
[ 42%] Built target autoware_msgs_generate_messages_eus
[ 42%] Built target bond_generate_messages_py
[35m[1mScanning dependencies of target std_srvs_generate_messages_lisp[0m
[35m[1mScanning dependencies of target std_msgs_generate_messages_lisp[0m
[ 42%] Built target std_srvs_generate_messages_lisp
[ 42%] Built target std_msgs_generate_messages_lisp
[35m[1mScanning dependencies of target roscpp_generate_messages_lisp[0m
[35m[1mScanning dependencies of target tf_generate_messages_cpp[0m
[ 42%] Built target roscpp_generate_messages_lisp
[ 42%] Built target tf_generate_messages_cpp
[35m[1mScanning dependencies of target vector_map_msgs_generate_messages_eus[0m
[35m[1mScanning dependencies of target vector_map_server_generate_messages_eus[0m
[ 42%] Built target vector_map_msgs_generate_messages_eus
[35m[1mScanning dependencies of target nodelet_generate_messages_lisp[0m
[ 42%] Built target vector_map_server_generate_messages_eus
[ 42%] Built target nodelet_generate_messages_lisp
[35m[1mScanning dependencies of target roscpp_generate_messages_cpp[0m
[35m[1mScanning dependencies of target vector_map_server_generate_messages_cpp[0m
[ 42%] Built target vector_map_server_generate_messages_cpp
[ 42%] Built target roscpp_generate_messages_cpp
[35m[1mScanning dependencies of target nodelet_generate_messages_py[0m
[35m[1mScanning dependencies of target vector_map_msgs_generate_messages_lisp[0m
[ 42%] Built target nodelet_generate_messages_py
[ 42%] Built target vector_map_msgs_generate_messages_lisp
[35m[1mScanning dependencies of target autoware_msgs_generate_messages_nodejs[0m
[35m[1mScanning dependencies of target pcl_msgs_generate_messages_cpp[0m
[ 42%] Built target autoware_msgs_generate_messages_nodejs
[ 42%] Built target pcl_msgs_generate_messages_cpp
[35m[1mScanning dependencies of target op_trajectory_evaluator[0m
[35m[1mScanning dependencies of target std_srvs_generate_messages_cpp[0m
[ 42%] Built target std_srvs_generate_messages_cpp
[35m[1mScanning dependencies of target pcl_msgs_generate_messages_lisp[0m
[ 50%] [32mBuilding CXX object CMakeFiles/op_trajectory_evaluator.dir/nodes/op_trajectory_evaluator/op_trajectory_evaluator.cpp.o[0m
[ 50%] Built target pcl_msgs_generate_messages_lisp
[35m[1mScanning dependencies of target autoware_can_msgs_generate_messages_lisp[0m
[ 50%] Built target autoware_can_msgs_generate_messages_lisp
[ 57%] [32mBuilding CXX object CMakeFiles/op_trajectory_evaluator.dir/nodes/op_trajectory_evaluator/op_trajectory_evaluator_core.cpp.o[0m
[35m[1mScanning dependencies of target tf2_msgs_generate_messages_lisp[0m
[ 57%] Built target tf2_msgs_generate_messages_lisp
[35m[1mScanning dependencies of target vector_map_msgs_generate_messages_py[0m
[ 57%] Built target vector_map_msgs_generate_messages_py
[35m[1mScanning dependencies of target roscpp_generate_messages_eus[0m
[ 57%] Built target roscpp_generate_messages_eus
[35m[1mScanning dependencies of target bond_generate_messages_eus[0m
[ 57%] Built target bond_generate_messages_eus
[35m[1mScanning dependencies of target actionlib_generate_messages_cpp[0m
[ 57%] Built target actionlib_generate_messages_cpp
[35m[1mScanning dependencies of target rosgraph_msgs_generate_messages_py[0m
[ 57%] Built target rosgraph_msgs_generate_messages_py
[35m[1mScanning dependencies of target tf_generate_messages_lisp[0m
[ 57%] Built target tf_generate_messages_lisp
[35m[1mScanning dependencies of target sensor_msgs_generate_messages_py[0m
[ 57%] Built target sensor_msgs_generate_messages_py
[35m[1mScanning dependencies of target roscpp_generate_messages_nodejs[0m
[ 57%] Built target roscpp_generate_messages_nodejs
[35m[1mScanning dependencies of target jsk_recognition_msgs_generate_messages_eus[0m
[ 57%] Built target jsk_recognition_msgs_generate_messages_eus
[35m[1mScanning dependencies of target std_srvs_generate_messages_py[0m
[ 57%] Built target std_srvs_generate_messages_py
[35m[1mScanning dependencies of target tf_generate_messages_nodejs[0m
[ 57%] Built target tf_generate_messages_nodejs
[35m[1mScanning dependencies of target std_msgs_generate_messages_py[0m
[ 57%] Built target std_msgs_generate_messages_py
[35m[1mScanning dependencies of target rosgraph_msgs_generate_messages_eus[0m
[ 57%] Built target rosgraph_msgs_generate_messages_eus
[35m[1mScanning dependencies of target dynamic_reconfigure_generate_messages_cpp[0m
[ 57%] Built target dynamic_reconfigure_generate_messages_cpp
[ 64%] [32m[1mLinking CXX executable devel/lib/op_local_planner/op_trajectory_generator[0m
[ 64%] Built target op_trajectory_generator
[ 71%] [32m[1mLinking CXX executable devel/lib/op_local_planner/op_trajectory_evaluator[0m
[ 71%] Built target op_trajectory_evaluator
[ 78%] [32m[1mLinking CXX executable devel/lib/op_local_planner/op_behavior_selector[0m
[ 78%] Built target op_behavior_selector
[ 85%] [32m[1mLinking CXX executable devel/lib/op_local_planner/op_motion_predictor[0m
[ 85%] Built target op_motion_predictor
[35m[1mScanning dependencies of target nodelet_generate_messages_cpp[0m
[ 85%] Built target nodelet_generate_messages_cpp
[35m[1mScanning dependencies of target pcl_ros_gencfg[0m
[ 85%] Built target pcl_ros_gencfg
[35m[1mScanning dependencies of target tf2_msgs_generate_messages_eus[0m
[ 85%] Built target tf2_msgs_generate_messages_eus
[35m[1mScanning dependencies of target visualization_msgs_generate_messages_eus[0m
[ 85%] Built target visualization_msgs_generate_messages_eus
[35m[1mScanning dependencies of target vector_map_server_generate_messages_py[0m
[ 85%] Built target vector_map_server_generate_messages_py
[35m[1mScanning dependencies of target pcl_msgs_generate_messages_py[0m
[ 85%] Built target pcl_msgs_generate_messages_py
[35m[1mScanning dependencies of target dynamic_reconfigure_generate_messages_eus[0m
[ 85%] Built target dynamic_reconfigure_generate_messages_eus
[35m[1mScanning dependencies of target bond_generate_messages_nodejs[0m
[ 85%] Built target bond_generate_messages_nodejs
[35m[1mScanning dependencies of target tf2_msgs_generate_messages_nodejs[0m
[ 85%] Built target tf2_msgs_generate_messages_nodejs
[35m[1mScanning dependencies of target nodelet_generate_messages_nodejs[0m
[ 85%] Built target nodelet_generate_messages_nodejs
[35m[1mScanning dependencies of target autoware_system_msgs_generate_messages_py[0m
[ 85%] Built target autoware_system_msgs_generate_messages_py
[35m[1mScanning dependencies of target bond_generate_messages_cpp[0m
[ 85%] Built target bond_generate_messages_cpp
[35m[1mScanning dependencies of target bond_generate_messages_lisp[0m
[ 85%] Built target bond_generate_messages_lisp
[35m[1mScanning dependencies of target nodelet_generate_messages_eus[0m
[ 85%] Built target nodelet_generate_messages_eus
[35m[1mScanning dependencies of target topic_tools_generate_messages_cpp[0m
[ 85%] Built target topic_tools_generate_messages_cpp
[35m[1mScanning dependencies of target topic_tools_generate_messages_eus[0m
[ 85%] Built target topic_tools_generate_messages_eus
[35m[1mScanning dependencies of target nodelet_topic_tools_gencfg[0m
[ 85%] Built target nodelet_topic_tools_gencfg
[35m[1mScanning dependencies of target topic_tools_generate_messages_lisp[0m
[ 85%] Built target topic_tools_generate_messages_lisp
[35m[1mScanning dependencies of target sensor_msgs_generate_messages_lisp[0m
[ 85%] Built target sensor_msgs_generate_messages_lisp
[35m[1mScanning dependencies of target topic_tools_generate_messages_nodejs[0m
[ 85%] Built target topic_tools_generate_messages_nodejs
[35m[1mScanning dependencies of target topic_tools_generate_messages_py[0m
[ 85%] Built target topic_tools_generate_messages_py
[35m[1mScanning dependencies of target autoware_system_msgs_generate_messages_lisp[0m
[ 85%] Built target autoware_system_msgs_generate_messages_lisp
[35m[1mScanning dependencies of target actionlib_msgs_generate_messages_nodejs[0m
[ 85%] Built target actionlib_msgs_generate_messages_nodejs
[35m[1mScanning dependencies of target tf2_msgs_generate_messages_py[0m
[ 85%] Built target tf2_msgs_generate_messages_py
[35m[1mScanning dependencies of target tf_generate_messages_eus[0m
[ 85%] Built target tf_generate_messages_eus
[35m[1mScanning dependencies of target tf_generate_messages_py[0m
[ 85%] Built target tf_generate_messages_py
[35m[1mScanning dependencies of target std_msgs_generate_messages_eus[0m
[ 85%] Built target std_msgs_generate_messages_eus
[35m[1mScanning dependencies of target actionlib_generate_messages_eus[0m
[ 85%] Built target actionlib_generate_messages_eus
[35m[1mScanning dependencies of target actionlib_generate_messages_lisp[0m
[ 85%] Built target actionlib_generate_messages_lisp
[35m[1mScanning dependencies of target actionlib_msgs_generate_messages_eus[0m
[ 85%] Built target actionlib_msgs_generate_messages_eus
[35m[1mScanning dependencies of target dynamic_reconfigure_generate_messages_py[0m
[ 85%] Built target dynamic_reconfigure_generate_messages_py
[35m[1mScanning dependencies of target actionlib_generate_messages_py[0m
[ 85%] Built target actionlib_generate_messages_py
[35m[1mScanning dependencies of target actionlib_msgs_generate_messages_lisp[0m
[ 85%] Built target actionlib_msgs_generate_messages_lisp
[35m[1mScanning dependencies of target actionlib_msgs_generate_messages_py[0m
[ 85%] Built target actionlib_msgs_generate_messages_py
[35m[1mScanning dependencies of target tf2_msgs_generate_messages_cpp[0m
[ 85%] Built target tf2_msgs_generate_messages_cpp
[35m[1mScanning dependencies of target dynamic_reconfigure_gencfg[0m
[ 85%] Built target dynamic_reconfigure_gencfg
[35m[1mScanning dependencies of target vector_map_msgs_generate_messages_nodejs[0m
[ 85%] Built target vector_map_msgs_generate_messages_nodejs
[35m[1mScanning dependencies of target autoware_config_msgs_generate_messages_cpp[0m
[ 85%] Built target autoware_config_msgs_generate_messages_cpp
[35m[1mScanning dependencies of target dynamic_reconfigure_generate_messages_nodejs[0m
[ 85%] Built target dynamic_reconfigure_generate_messages_nodejs
[35m[1mScanning dependencies of target dynamic_reconfigure_generate_messages_lisp[0m
[ 85%] Built target dynamic_reconfigure_generate_messages_lisp
[35m[1mScanning dependencies of target roscpp_generate_messages_py[0m
[ 85%] Built target roscpp_generate_messages_py
[35m[1mScanning dependencies of target op_common_params[0m
[ 92%] [32mBuilding CXX object CMakeFiles/op_common_params.dir/nodes/op_common_params/op_common_params.cpp.o[0m
[100%] [32m[1mLinking CXX executable devel/lib/op_local_planner/op_common_params[0m
[100%] Built target op_common_params
Invoked command in '/home/daisuke/Autoware/ros/build/op_local_planner' returned '0': CMAKE_PREFIX_PATH=/home/daisuke/Autoware/ros/install/op_ros_helpers:/home/daisuke/Autoware/ros/install/op_simu:/home/daisuke/Autoware/ros/install/op_planner:/home/daisuke/Autoware/ros/install/op_utility:/home/daisuke/Autoware/ros/install/vector_map_server:/home/daisuke/Autoware/ros/install/map_file:/home/daisuke/Autoware/ros/install/waypoint_follower:/home/daisuke/Autoware/ros/install/vector_map:/home/daisuke/Autoware/ros/install/vector_map_msgs:/home/daisuke/Autoware/ros/install/autoware_health_checker:/home/daisuke/Autoware/ros/install/tablet_socket_msgs:/home/daisuke/Autoware/ros/install/autoware_system_msgs:/home/daisuke/Autoware/ros/install/autoware_msgs:/home/daisuke/Autoware/ros/install/autoware_config_msgs:/home/daisuke/Autoware/ros/install/autoware_can_msgs:/home/daisuke/Autoware/ros/install/autoware_build_flags:${CMAKE_PREFIX_PATH} LD_LIBRARY_PATH=/home/daisuke/Autoware/ros/install/op_ros_helpers/lib:/home/daisuke/Autoware/ros/install/op_simu/lib:/home/daisuke/Autoware/ros/install/op_planner/lib:/home/daisuke/Autoware/ros/install/op_utility/lib:/home/daisuke/Autoware/ros/install/map_file/lib:/home/daisuke/Autoware/ros/install/waypoint_follower/lib:/home/daisuke/Autoware/ros/install/vector_map/lib:/home/daisuke/Autoware/ros/install/autoware_health_checker/lib:${LD_LIBRARY_PATH} PKG_CONFIG_PATH=/home/daisuke/Autoware/ros/install/op_ros_helpers/lib/pkgconfig:/home/daisuke/Autoware/ros/install/op_simu/lib/pkgconfig:/home/daisuke/Autoware/ros/install/op_planner/lib/pkgconfig:/home/daisuke/Autoware/ros/install/op_utility/lib/pkgconfig:/home/daisuke/Autoware/ros/install/vector_map_server/lib/pkgconfig:/home/daisuke/Autoware/ros/install/map_file/lib/pkgconfig:/home/daisuke/Autoware/ros/install/waypoint_follower/lib/pkgconfig:/home/daisuke/Autoware/ros/install/vector_map/lib/pkgconfig:/home/daisuke/Autoware/ros/install/vector_map_msgs/lib/pkgconfig:/home/daisuke/Autoware/ros/install/autoware_health_checker/lib/pkgconfig:/home/daisuke/Autoware/ros/install/tablet_socket_msgs/lib/pkgconfig:/home/daisuke/Autoware/ros/install/autoware_system_msgs/lib/pkgconfig:/home/daisuke/Autoware/ros/install/autoware_msgs/lib/pkgconfig:/home/daisuke/Autoware/ros/install/autoware_config_msgs/lib/pkgconfig:/home/daisuke/Autoware/ros/install/autoware_can_msgs/lib/pkgconfig:/home/daisuke/Autoware/ros/install/autoware_build_flags/lib/pkgconfig:${PKG_CONFIG_PATH} PYTHONPATH=/home/daisuke/Autoware/ros/install/vector_map_server/lib/python2.7/dist-packages:/home/daisuke/Autoware/ros/install/vector_map_msgs/lib/python2.7/dist-packages:/home/daisuke/Autoware/ros/install/tablet_socket_msgs/lib/python2.7/dist-packages:/home/daisuke/Autoware/ros/install/autoware_system_msgs/lib/python2.7/dist-packages:/home/daisuke/Autoware/ros/install/autoware_msgs/lib/python2.7/dist-packages:/home/daisuke/Autoware/ros/install/autoware_config_msgs/lib/python2.7/dist-packages:/home/daisuke/Autoware/ros/install/autoware_can_msgs/lib/python2.7/dist-packages:${PYTHONPATH} ROS_PACKAGE_PATH=/home/daisuke/Autoware/ros/install/op_ros_helpers/share:/home/daisuke/Autoware/ros/install/op_simu/share:/home/daisuke/Autoware/ros/install/op_planner/share:/home/daisuke/Autoware/ros/install/op_utility/share:/home/daisuke/Autoware/ros/install/vector_map_server/share:/home/daisuke/Autoware/ros/install/map_file/share:/home/daisuke/Autoware/ros/install/waypoint_follower/share:/home/daisuke/Autoware/ros/install/vector_map/share:/home/daisuke/Autoware/ros/install/vector_map_msgs/share:/home/daisuke/Autoware/ros/install/autoware_health_checker/share:/home/daisuke/Autoware/ros/install/tablet_socket_msgs/share:/home/daisuke/Autoware/ros/install/autoware_system_msgs/share:/home/daisuke/Autoware/ros/install/autoware_msgs/share:/home/daisuke/Autoware/ros/install/autoware_config_msgs/share:/home/daisuke/Autoware/ros/install/autoware_can_msgs/share:/home/daisuke/Autoware/ros/install/autoware_build_flags/share:${ROS_PACKAGE_PATH} /usr/bin/cmake --build /home/daisuke/Autoware/ros/build/op_local_planner -- -j8 -l8
Invoking command in '/home/daisuke/Autoware/ros/build/op_local_planner': CMAKE_PREFIX_PATH=/home/daisuke/Autoware/ros/install/op_ros_helpers:/home/daisuke/Autoware/ros/install/op_simu:/home/daisuke/Autoware/ros/install/op_planner:/home/daisuke/Autoware/ros/install/op_utility:/home/daisuke/Autoware/ros/install/vector_map_server:/home/daisuke/Autoware/ros/install/map_file:/home/daisuke/Autoware/ros/install/waypoint_follower:/home/daisuke/Autoware/ros/install/vector_map:/home/daisuke/Autoware/ros/install/vector_map_msgs:/home/daisuke/Autoware/ros/install/autoware_health_checker:/home/daisuke/Autoware/ros/install/tablet_socket_msgs:/home/daisuke/Autoware/ros/install/autoware_system_msgs:/home/daisuke/Autoware/ros/install/autoware_msgs:/home/daisuke/Autoware/ros/install/autoware_config_msgs:/home/daisuke/Autoware/ros/install/autoware_can_msgs:/home/daisuke/Autoware/ros/install/autoware_build_flags:${CMAKE_PREFIX_PATH} LD_LIBRARY_PATH=/home/daisuke/Autoware/ros/install/op_ros_helpers/lib:/home/daisuke/Autoware/ros/install/op_simu/lib:/home/daisuke/Autoware/ros/install/op_planner/lib:/home/daisuke/Autoware/ros/install/op_utility/lib:/home/daisuke/Autoware/ros/install/map_file/lib:/home/daisuke/Autoware/ros/install/waypoint_follower/lib:/home/daisuke/Autoware/ros/install/vector_map/lib:/home/daisuke/Autoware/ros/install/autoware_health_checker/lib:${LD_LIBRARY_PATH} PKG_CONFIG_PATH=/home/daisuke/Autoware/ros/install/op_ros_helpers/lib/pkgconfig:/home/daisuke/Autoware/ros/install/op_simu/lib/pkgconfig:/home/daisuke/Autoware/ros/install/op_planner/lib/pkgconfig:/home/daisuke/Autoware/ros/install/op_utility/lib/pkgconfig:/home/daisuke/Autoware/ros/install/vector_map_server/lib/pkgconfig:/home/daisuke/Autoware/ros/install/map_file/lib/pkgconfig:/home/daisuke/Autoware/ros/install/waypoint_follower/lib/pkgconfig:/home/daisuke/Autoware/ros/install/vector_map/lib/pkgconfig:/home/daisuke/Autoware/ros/install/vector_map_msgs/lib/pkgconfig:/home/daisuke/Autoware/ros/install/autoware_health_checker/lib/pkgconfig:/home/daisuke/Autoware/ros/install/tablet_socket_msgs/lib/pkgconfig:/home/daisuke/Autoware/ros/install/autoware_system_msgs/lib/pkgconfig:/home/daisuke/Autoware/ros/install/autoware_msgs/lib/pkgconfig:/home/daisuke/Autoware/ros/install/autoware_config_msgs/lib/pkgconfig:/home/daisuke/Autoware/ros/install/autoware_can_msgs/lib/pkgconfig:/home/daisuke/Autoware/ros/install/autoware_build_flags/lib/pkgconfig:${PKG_CONFIG_PATH} PYTHONPATH=/home/daisuke/Autoware/ros/install/vector_map_server/lib/python2.7/dist-packages:/home/daisuke/Autoware/ros/install/vector_map_msgs/lib/python2.7/dist-packages:/home/daisuke/Autoware/ros/install/tablet_socket_msgs/lib/python2.7/dist-packages:/home/daisuke/Autoware/ros/install/autoware_system_msgs/lib/python2.7/dist-packages:/home/daisuke/Autoware/ros/install/autoware_msgs/lib/python2.7/dist-packages:/home/daisuke/Autoware/ros/install/autoware_config_msgs/lib/python2.7/dist-packages:/home/daisuke/Autoware/ros/install/autoware_can_msgs/lib/python2.7/dist-packages:${PYTHONPATH} ROS_PACKAGE_PATH=/home/daisuke/Autoware/ros/install/op_ros_helpers/share:/home/daisuke/Autoware/ros/install/op_simu/share:/home/daisuke/Autoware/ros/install/op_planner/share:/home/daisuke/Autoware/ros/install/op_utility/share:/home/daisuke/Autoware/ros/install/vector_map_server/share:/home/daisuke/Autoware/ros/install/map_file/share:/home/daisuke/Autoware/ros/install/waypoint_follower/share:/home/daisuke/Autoware/ros/install/vector_map/share:/home/daisuke/Autoware/ros/install/vector_map_msgs/share:/home/daisuke/Autoware/ros/install/autoware_health_checker/share:/home/daisuke/Autoware/ros/install/tablet_socket_msgs/share:/home/daisuke/Autoware/ros/install/autoware_system_msgs/share:/home/daisuke/Autoware/ros/install/autoware_msgs/share:/home/daisuke/Autoware/ros/install/autoware_config_msgs/share:/home/daisuke/Autoware/ros/install/autoware_can_msgs/share:/home/daisuke/Autoware/ros/install/autoware_build_flags/share:${ROS_PACKAGE_PATH} /usr/bin/cmake --build /home/daisuke/Autoware/ros/build/op_local_planner --target tests -- -j8 -l8
[35m[1mScanning dependencies of target tests[0m
Built target tests
Invoked command in '/home/daisuke/Autoware/ros/build/op_local_planner' returned '0': CMAKE_PREFIX_PATH=/home/daisuke/Autoware/ros/install/op_ros_helpers:/home/daisuke/Autoware/ros/install/op_simu:/home/daisuke/Autoware/ros/install/op_planner:/home/daisuke/Autoware/ros/install/op_utility:/home/daisuke/Autoware/ros/install/vector_map_server:/home/daisuke/Autoware/ros/install/map_file:/home/daisuke/Autoware/ros/install/waypoint_follower:/home/daisuke/Autoware/ros/install/vector_map:/home/daisuke/Autoware/ros/install/vector_map_msgs:/home/daisuke/Autoware/ros/install/autoware_health_checker:/home/daisuke/Autoware/ros/install/tablet_socket_msgs:/home/daisuke/Autoware/ros/install/autoware_system_msgs:/home/daisuke/Autoware/ros/install/autoware_msgs:/home/daisuke/Autoware/ros/install/autoware_config_msgs:/home/daisuke/Autoware/ros/install/autoware_can_msgs:/home/daisuke/Autoware/ros/install/autoware_build_flags:${CMAKE_PREFIX_PATH} LD_LIBRARY_PATH=/home/daisuke/Autoware/ros/install/op_ros_helpers/lib:/home/daisuke/Autoware/ros/install/op_simu/lib:/home/daisuke/Autoware/ros/install/op_planner/lib:/home/daisuke/Autoware/ros/install/op_utility/lib:/home/daisuke/Autoware/ros/install/map_file/lib:/home/daisuke/Autoware/ros/install/waypoint_follower/lib:/home/daisuke/Autoware/ros/install/vector_map/lib:/home/daisuke/Autoware/ros/install/autoware_health_checker/lib:${LD_LIBRARY_PATH} PKG_CONFIG_PATH=/home/daisuke/Autoware/ros/install/op_ros_helpers/lib/pkgconfig:/home/daisuke/Autoware/ros/install/op_simu/lib/pkgconfig:/home/daisuke/Autoware/ros/install/op_planner/lib/pkgconfig:/home/daisuke/Autoware/ros/install/op_utility/lib/pkgconfig:/home/daisuke/Autoware/ros/install/vector_map_server/lib/pkgconfig:/home/daisuke/Autoware/ros/install/map_file/lib/pkgconfig:/home/daisuke/Autoware/ros/install/waypoint_follower/lib/pkgconfig:/home/daisuke/Autoware/ros/install/vector_map/lib/pkgconfig:/home/daisuke/Autoware/ros/install/vector_map_msgs/lib/pkgconfig:/home/daisuke/Autoware/ros/install/autoware_health_checker/lib/pkgconfig:/home/daisuke/Autoware/ros/install/tablet_socket_msgs/lib/pkgconfig:/home/daisuke/Autoware/ros/install/autoware_system_msgs/lib/pkgconfig:/home/daisuke/Autoware/ros/install/autoware_msgs/lib/pkgconfig:/home/daisuke/Autoware/ros/install/autoware_config_msgs/lib/pkgconfig:/home/daisuke/Autoware/ros/install/autoware_can_msgs/lib/pkgconfig:/home/daisuke/Autoware/ros/install/autoware_build_flags/lib/pkgconfig:${PKG_CONFIG_PATH} PYTHONPATH=/home/daisuke/Autoware/ros/install/vector_map_server/lib/python2.7/dist-packages:/home/daisuke/Autoware/ros/install/vector_map_msgs/lib/python2.7/dist-packages:/home/daisuke/Autoware/ros/install/tablet_socket_msgs/lib/python2.7/dist-packages:/home/daisuke/Autoware/ros/install/autoware_system_msgs/lib/python2.7/dist-packages:/home/daisuke/Autoware/ros/install/autoware_msgs/lib/python2.7/dist-packages:/home/daisuke/Autoware/ros/install/autoware_config_msgs/lib/python2.7/dist-packages:/home/daisuke/Autoware/ros/install/autoware_can_msgs/lib/python2.7/dist-packages:${PYTHONPATH} ROS_PACKAGE_PATH=/home/daisuke/Autoware/ros/install/op_ros_helpers/share:/home/daisuke/Autoware/ros/install/op_simu/share:/home/daisuke/Autoware/ros/install/op_planner/share:/home/daisuke/Autoware/ros/install/op_utility/share:/home/daisuke/Autoware/ros/install/vector_map_server/share:/home/daisuke/Autoware/ros/install/map_file/share:/home/daisuke/Autoware/ros/install/waypoint_follower/share:/home/daisuke/Autoware/ros/install/vector_map/share:/home/daisuke/Autoware/ros/install/vector_map_msgs/share:/home/daisuke/Autoware/ros/install/autoware_health_checker/share:/home/daisuke/Autoware/ros/install/tablet_socket_msgs/share:/home/daisuke/Autoware/ros/install/autoware_system_msgs/share:/home/daisuke/Autoware/ros/install/autoware_msgs/share:/home/daisuke/Autoware/ros/install/autoware_config_msgs/share:/home/daisuke/Autoware/ros/install/autoware_can_msgs/share:/home/daisuke/Autoware/ros/install/autoware_build_flags/share:${ROS_PACKAGE_PATH} /usr/bin/cmake --build /home/daisuke/Autoware/ros/build/op_local_planner --target tests -- -j8 -l8
Invoking command in '/home/daisuke/Autoware/ros/build/op_local_planner': CMAKE_PREFIX_PATH=/home/daisuke/Autoware/ros/install/op_ros_helpers:/home/daisuke/Autoware/ros/install/op_simu:/home/daisuke/Autoware/ros/install/op_planner:/home/daisuke/Autoware/ros/install/op_utility:/home/daisuke/Autoware/ros/install/vector_map_server:/home/daisuke/Autoware/ros/install/map_file:/home/daisuke/Autoware/ros/install/waypoint_follower:/home/daisuke/Autoware/ros/install/vector_map:/home/daisuke/Autoware/ros/install/vector_map_msgs:/home/daisuke/Autoware/ros/install/autoware_health_checker:/home/daisuke/Autoware/ros/install/tablet_socket_msgs:/home/daisuke/Autoware/ros/install/autoware_system_msgs:/home/daisuke/Autoware/ros/install/autoware_msgs:/home/daisuke/Autoware/ros/install/autoware_config_msgs:/home/daisuke/Autoware/ros/install/autoware_can_msgs:/home/daisuke/Autoware/ros/install/autoware_build_flags:${CMAKE_PREFIX_PATH} LD_LIBRARY_PATH=/home/daisuke/Autoware/ros/install/op_ros_helpers/lib:/home/daisuke/Autoware/ros/install/op_simu/lib:/home/daisuke/Autoware/ros/install/op_planner/lib:/home/daisuke/Autoware/ros/install/op_utility/lib:/home/daisuke/Autoware/ros/install/map_file/lib:/home/daisuke/Autoware/ros/install/waypoint_follower/lib:/home/daisuke/Autoware/ros/install/vector_map/lib:/home/daisuke/Autoware/ros/install/autoware_health_checker/lib:${LD_LIBRARY_PATH} PKG_CONFIG_PATH=/home/daisuke/Autoware/ros/install/op_ros_helpers/lib/pkgconfig:/home/daisuke/Autoware/ros/install/op_simu/lib/pkgconfig:/home/daisuke/Autoware/ros/install/op_planner/lib/pkgconfig:/home/daisuke/Autoware/ros/install/op_utility/lib/pkgconfig:/home/daisuke/Autoware/ros/install/vector_map_server/lib/pkgconfig:/home/daisuke/Autoware/ros/install/map_file/lib/pkgconfig:/home/daisuke/Autoware/ros/install/waypoint_follower/lib/pkgconfig:/home/daisuke/Autoware/ros/install/vector_map/lib/pkgconfig:/home/daisuke/Autoware/ros/install/vector_map_msgs/lib/pkgconfig:/home/daisuke/Autoware/ros/install/autoware_health_checker/lib/pkgconfig:/home/daisuke/Autoware/ros/install/tablet_socket_msgs/lib/pkgconfig:/home/daisuke/Autoware/ros/install/autoware_system_msgs/lib/pkgconfig:/home/daisuke/Autoware/ros/install/autoware_msgs/lib/pkgconfig:/home/daisuke/Autoware/ros/install/autoware_config_msgs/lib/pkgconfig:/home/daisuke/Autoware/ros/install/autoware_can_msgs/lib/pkgconfig:/home/daisuke/Autoware/ros/install/autoware_build_flags/lib/pkgconfig:${PKG_CONFIG_PATH} PYTHONPATH=/home/daisuke/Autoware/ros/install/vector_map_server/lib/python2.7/dist-packages:/home/daisuke/Autoware/ros/install/vector_map_msgs/lib/python2.7/dist-packages:/home/daisuke/Autoware/ros/install/tablet_socket_msgs/lib/python2.7/dist-packages:/home/daisuke/Autoware/ros/install/autoware_system_msgs/lib/python2.7/dist-packages:/home/daisuke/Autoware/ros/install/autoware_msgs/lib/python2.7/dist-packages:/home/daisuke/Autoware/ros/install/autoware_config_msgs/lib/python2.7/dist-packages:/home/daisuke/Autoware/ros/install/autoware_can_msgs/lib/python2.7/dist-packages:${PYTHONPATH} ROS_PACKAGE_PATH=/home/daisuke/Autoware/ros/install/op_ros_helpers/share:/home/daisuke/Autoware/ros/install/op_simu/share:/home/daisuke/Autoware/ros/install/op_planner/share:/home/daisuke/Autoware/ros/install/op_utility/share:/home/daisuke/Autoware/ros/install/vector_map_server/share:/home/daisuke/Autoware/ros/install/map_file/share:/home/daisuke/Autoware/ros/install/waypoint_follower/share:/home/daisuke/Autoware/ros/install/vector_map/share:/home/daisuke/Autoware/ros/install/vector_map_msgs/share:/home/daisuke/Autoware/ros/install/autoware_health_checker/share:/home/daisuke/Autoware/ros/install/tablet_socket_msgs/share:/home/daisuke/Autoware/ros/install/autoware_system_msgs/share:/home/daisuke/Autoware/ros/install/autoware_msgs/share:/home/daisuke/Autoware/ros/install/autoware_config_msgs/share:/home/daisuke/Autoware/ros/install/autoware_can_msgs/share:/home/daisuke/Autoware/ros/install/autoware_build_flags/share:${ROS_PACKAGE_PATH} /usr/bin/cmake --build /home/daisuke/Autoware/ros/build/op_local_planner --target install
[ 21%] Built target op_behavior_selector
[ 21%] Built target jsk_recognition_msgs_generate_messages_lisp
[ 21%] Built target autoware_system_msgs_generate_messages_nodejs
[ 21%] Built target autoware_system_msgs_generate_messages_cpp
[ 21%] Built target tablet_socket_msgs_generate_messages_nodejs
[ 21%] Built target tablet_socket_msgs_generate_messages_lisp
[ 21%] Built target tablet_socket_msgs_generate_messages_eus
[ 21%] Built target tablet_socket_msgs_generate_messages_cpp
[ 21%] Built target autoware_config_msgs_generate_messages_lisp
[ 21%] Built target autoware_config_msgs_generate_messages_py
[ 21%] Built target autoware_config_msgs_generate_messages_eus
[ 21%] Built target visualization_msgs_generate_messages_py
[ 21%] Built target visualization_msgs_generate_messages_lisp
[ 21%] Built target autoware_config_msgs_generate_messages_nodejs
[ 21%] Built target visualization_msgs_generate_messages_cpp
[ 21%] Built target autoware_msgs_generate_messages_cpp
[ 21%] Built target vector_map_server_generate_messages_nodejs
[ 21%] Built target vector_map_server_generate_messages_lisp
[ 21%] Built target jsk_footstep_msgs_generate_messages_py
[ 21%] Built target jsk_footstep_msgs_generate_messages_nodejs
[ 21%] Built target jsk_footstep_msgs_generate_messages_eus
[ 21%] Built target autoware_msgs_generate_messages_lisp
[ 21%] Built target jsk_footstep_msgs_generate_messages_cpp
[ 21%] Built target jsk_recognition_msgs_generate_messages_py
[ 21%] Built target jsk_recognition_msgs_generate_messages_nodejs
[ 21%] Built target autoware_system_msgs_generate_messages_eus
[ 21%] Built target autoware_msgs_generate_messages_py
[ 21%] Built target sensor_msgs_generate_messages_eus
[ 21%] Built target tablet_socket_msgs_generate_messages_py
[ 21%] Built target actionlib_generate_messages_nodejs
[ 21%] Built target actionlib_msgs_generate_messages_cpp
[ 21%] Built target jsk_footstep_msgs_generate_messages_lisp
[ 21%] Built target sensor_msgs_generate_messages_cpp
[ 42%] Built target op_trajectory_generator
[ 42%] Built target pcl_msgs_generate_messages_nodejs
[ 42%] Built target std_srvs_generate_messages_nodejs
[ 42%] Built target pcl_msgs_generate_messages_eus
[ 42%] Built target rosgraph_msgs_generate_messages_cpp
[ 42%] Built target rosgraph_msgs_generate_messages_lisp
[ 42%] Built target autoware_can_msgs_generate_messages_nodejs
[ 42%] Built target std_srvs_generate_messages_eus
[ 42%] Built target autoware_can_msgs_generate_messages_eus
[ 42%] Built target visualization_msgs_generate_messages_nodejs
[ 42%] Built target autoware_can_msgs_generate_messages_cpp
[ 42%] Built target std_msgs_generate_messages_cpp
[ 42%] Built target sensor_msgs_generate_messages_nodejs
[ 42%] Built target geometry_msgs_generate_messages_cpp
[ 64%] Built target op_motion_predictor
[ 64%] Built target rosgraph_msgs_generate_messages_nodejs
[ 64%] Built target vector_map_msgs_generate_messages_cpp
[ 64%] Built target std_msgs_generate_messages_nodejs
[ 64%] Built target autoware_can_msgs_generate_messages_py
[ 64%] Built target geometry_msgs_generate_messages_eus
[ 64%] Built target geometry_msgs_generate_messages_nodejs
[ 64%] Built target jsk_recognition_msgs_generate_messages_cpp
[ 64%] Built target geometry_msgs_generate_messages_py
[ 64%] Built target geometry_msgs_generate_messages_lisp
[ 64%] Built target autoware_msgs_generate_messages_eus
[ 64%] Built target bond_generate_messages_py
[ 64%] Built target std_srvs_generate_messages_lisp
[ 64%] Built target std_msgs_generate_messages_lisp
[ 64%] Built target roscpp_generate_messages_lisp
[ 64%] Built target tf_generate_messages_cpp
[ 64%] Built target vector_map_msgs_generate_messages_eus
[ 64%] Built target vector_map_server_generate_messages_eus
[ 64%] Built target nodelet_generate_messages_lisp
[ 64%] Built target roscpp_generate_messages_cpp
[ 64%] Built target vector_map_server_generate_messages_cpp
[ 64%] Built target nodelet_generate_messages_py
[ 64%] Built target vector_map_msgs_generate_messages_lisp
[ 64%] Built target autoware_msgs_generate_messages_nodejs
[ 64%] Built target pcl_msgs_generate_messages_cpp
[ 64%] Built target std_srvs_generate_messages_cpp
[ 85%] Built target op_trajectory_evaluator
[ 85%] Built target pcl_msgs_generate_messages_lisp
[ 85%] Built target autoware_can_msgs_generate_messages_lisp
[ 85%] Built target tf2_msgs_generate_messages_lisp
[ 85%] Built target vector_map_msgs_generate_messages_py
[ 85%] Built target roscpp_generate_messages_eus
[ 85%] Built target bond_generate_messages_eus
[ 85%] Built target actionlib_generate_messages_cpp
[ 85%] Built target rosgraph_msgs_generate_messages_py
[ 85%] Built target tf_generate_messages_lisp
[ 85%] Built target sensor_msgs_generate_messages_py
[ 85%] Built target roscpp_generate_messages_nodejs
[ 85%] Built target jsk_recognition_msgs_generate_messages_eus
[ 85%] Built target roscpp_generate_messages_py
[ 85%] Built target std_srvs_generate_messages_py
[ 85%] Built target tf_generate_messages_nodejs
[ 85%] Built target std_msgs_generate_messages_py
[ 85%] Built target rosgraph_msgs_generate_messages_eus
[ 85%] Built target dynamic_reconfigure_generate_messages_cpp
[ 85%] Built target dynamic_reconfigure_generate_messages_lisp
[ 85%] Built target dynamic_reconfigure_generate_messages_nodejs
[ 85%] Built target autoware_config_msgs_generate_messages_cpp
[ 85%] Built target vector_map_msgs_generate_messages_nodejs
[ 85%] Built target dynamic_reconfigure_gencfg
[ 85%] Built target nodelet_generate_messages_cpp
[ 85%] Built target pcl_ros_gencfg
[ 85%] Built target tf2_msgs_generate_messages_eus
[ 85%] Built target visualization_msgs_generate_messages_eus
[ 85%] Built target vector_map_server_generate_messages_py
[ 85%] Built target pcl_msgs_generate_messages_py
[ 85%] Built target dynamic_reconfigure_generate_messages_eus
[ 85%] Built target bond_generate_messages_nodejs
[ 85%] Built target tf2_msgs_generate_messages_nodejs
[ 85%] Built target nodelet_generate_messages_nodejs
[ 85%] Built target autoware_system_msgs_generate_messages_py
[ 85%] Built target bond_generate_messages_cpp
[ 85%] Built target bond_generate_messages_lisp
[ 85%] Built target nodelet_generate_messages_eus
[ 85%] Built target topic_tools_generate_messages_cpp
[ 85%] Built target topic_tools_generate_messages_eus
[ 85%] Built target nodelet_topic_tools_gencfg
[ 85%] Built target topic_tools_generate_messages_lisp
[ 85%] Built target sensor_msgs_generate_messages_lisp
[ 85%] Built target topic_tools_generate_messages_nodejs
[ 85%] Built target topic_tools_generate_messages_py
[ 85%] Built target autoware_system_msgs_generate_messages_lisp
[ 85%] Built target actionlib_msgs_generate_messages_nodejs
[ 85%] Built target tf2_msgs_generate_messages_py
[ 85%] Built target tf_generate_messages_eus
[ 85%] Built target tf_generate_messages_py
[ 85%] Built target std_msgs_generate_messages_eus
[ 85%] Built target actionlib_generate_messages_eus
[ 85%] Built target actionlib_generate_messages_lisp
[ 85%] Built target actionlib_msgs_generate_messages_eus
[ 85%] Built target dynamic_reconfigure_generate_messages_py
[ 85%] Built target actionlib_generate_messages_py
[ 85%] Built target actionlib_msgs_generate_messages_lisp
[ 85%] Built target actionlib_msgs_generate_messages_py
[ 85%] Built target tf2_msgs_generate_messages_cpp
[100%] Built target op_common_params
[36mInstall the project...[0m
-- Install configuration: "Release"
-- Installing: /home/daisuke/Autoware/ros/install/op_local_planner/lib/pkgconfig/op_local_planner.pc
-- Installing: /home/daisuke/Autoware/ros/install/op_local_planner/share/op_local_planner/cmake/op_local_plannerConfig.cmake
-- Installing: /home/daisuke/Autoware/ros/install/op_local_planner/share/op_local_planner/cmake/op_local_plannerConfig-version.cmake
-- Installing: /home/daisuke/Autoware/ros/install/op_local_planner/share/op_local_planner/package.xml
-- Installing: /home/daisuke/Autoware/ros/install/op_local_planner/lib/op_local_planner/op_common_params
-- Set runtime path of "/home/daisuke/Autoware/ros/install/op_local_planner/lib/op_local_planner/op_common_params" to ""
-- Installing: /home/daisuke/Autoware/ros/install/op_local_planner/lib/op_local_planner/op_trajectory_generator
-- Set runtime path of "/home/daisuke/Autoware/ros/install/op_local_planner/lib/op_local_planner/op_trajectory_generator" to ""
-- Installing: /home/daisuke/Autoware/ros/install/op_local_planner/lib/op_local_planner/op_trajectory_evaluator
-- Set runtime path of "/home/daisuke/Autoware/ros/install/op_local_planner/lib/op_local_planner/op_trajectory_evaluator" to ""
-- Installing: /home/daisuke/Autoware/ros/install/op_local_planner/lib/op_local_planner/op_behavior_selector
-- Set runtime path of "/home/daisuke/Autoware/ros/install/op_local_planner/lib/op_local_planner/op_behavior_selector" to ""
-- Installing: /home/daisuke/Autoware/ros/install/op_local_planner/lib/op_local_planner/op_motion_predictor
-- Set runtime path of "/home/daisuke/Autoware/ros/install/op_local_planner/lib/op_local_planner/op_motion_predictor" to ""
-- Installing: /home/daisuke/Autoware/ros/install/op_local_planner/share/op_local_planner/launch
-- Installing: /home/daisuke/Autoware/ros/install/op_local_planner/share/op_local_planner/launch/op_trajectory_generator.launch
-- Installing: /home/daisuke/Autoware/ros/install/op_local_planner/share/op_local_planner/launch/op_common_params.launch
-- Installing: /home/daisuke/Autoware/ros/install/op_local_planner/share/op_local_planner/launch/op_behavior_selector.launch
-- Installing: /home/daisuke/Autoware/ros/install/op_local_planner/share/op_local_planner/launch/op_motion_predictor.launch
-- Installing: /home/daisuke/Autoware/ros/install/op_local_planner/share/op_local_planner/launch/op_trajectory_evaluator.launch
Invoked command in '/home/daisuke/Autoware/ros/build/op_local_planner' returned '0': CMAKE_PREFIX_PATH=/home/daisuke/Autoware/ros/install/op_ros_helpers:/home/daisuke/Autoware/ros/install/op_simu:/home/daisuke/Autoware/ros/install/op_planner:/home/daisuke/Autoware/ros/install/op_utility:/home/daisuke/Autoware/ros/install/vector_map_server:/home/daisuke/Autoware/ros/install/map_file:/home/daisuke/Autoware/ros/install/waypoint_follower:/home/daisuke/Autoware/ros/install/vector_map:/home/daisuke/Autoware/ros/install/vector_map_msgs:/home/daisuke/Autoware/ros/install/autoware_health_checker:/home/daisuke/Autoware/ros/install/tablet_socket_msgs:/home/daisuke/Autoware/ros/install/autoware_system_msgs:/home/daisuke/Autoware/ros/install/autoware_msgs:/home/daisuke/Autoware/ros/install/autoware_config_msgs:/home/daisuke/Autoware/ros/install/autoware_can_msgs:/home/daisuke/Autoware/ros/install/autoware_build_flags:${CMAKE_PREFIX_PATH} LD_LIBRARY_PATH=/home/daisuke/Autoware/ros/install/op_ros_helpers/lib:/home/daisuke/Autoware/ros/install/op_simu/lib:/home/daisuke/Autoware/ros/install/op_planner/lib:/home/daisuke/Autoware/ros/install/op_utility/lib:/home/daisuke/Autoware/ros/install/map_file/lib:/home/daisuke/Autoware/ros/install/waypoint_follower/lib:/home/daisuke/Autoware/ros/install/vector_map/lib:/home/daisuke/Autoware/ros/install/autoware_health_checker/lib:${LD_LIBRARY_PATH} PKG_CONFIG_PATH=/home/daisuke/Autoware/ros/install/op_ros_helpers/lib/pkgconfig:/home/daisuke/Autoware/ros/install/op_simu/lib/pkgconfig:/home/daisuke/Autoware/ros/install/op_planner/lib/pkgconfig:/home/daisuke/Autoware/ros/install/op_utility/lib/pkgconfig:/home/daisuke/Autoware/ros/install/vector_map_server/lib/pkgconfig:/home/daisuke/Autoware/ros/install/map_file/lib/pkgconfig:/home/daisuke/Autoware/ros/install/waypoint_follower/lib/pkgconfig:/home/daisuke/Autoware/ros/install/vector_map/lib/pkgconfig:/home/daisuke/Autoware/ros/install/vector_map_msgs/lib/pkgconfig:/home/daisuke/Autoware/ros/install/autoware_health_checker/lib/pkgconfig:/home/daisuke/Autoware/ros/install/tablet_socket_msgs/lib/pkgconfig:/home/daisuke/Autoware/ros/install/autoware_system_msgs/lib/pkgconfig:/home/daisuke/Autoware/ros/install/autoware_msgs/lib/pkgconfig:/home/daisuke/Autoware/ros/install/autoware_config_msgs/lib/pkgconfig:/home/daisuke/Autoware/ros/install/autoware_can_msgs/lib/pkgconfig:/home/daisuke/Autoware/ros/install/autoware_build_flags/lib/pkgconfig:${PKG_CONFIG_PATH} PYTHONPATH=/home/daisuke/Autoware/ros/install/vector_map_server/lib/python2.7/dist-packages:/home/daisuke/Autoware/ros/install/vector_map_msgs/lib/python2.7/dist-packages:/home/daisuke/Autoware/ros/install/tablet_socket_msgs/lib/python2.7/dist-packages:/home/daisuke/Autoware/ros/install/autoware_system_msgs/lib/python2.7/dist-packages:/home/daisuke/Autoware/ros/install/autoware_msgs/lib/python2.7/dist-packages:/home/daisuke/Autoware/ros/install/autoware_config_msgs/lib/python2.7/dist-packages:/home/daisuke/Autoware/ros/install/autoware_can_msgs/lib/python2.7/dist-packages:${PYTHONPATH} ROS_PACKAGE_PATH=/home/daisuke/Autoware/ros/install/op_ros_helpers/share:/home/daisuke/Autoware/ros/install/op_simu/share:/home/daisuke/Autoware/ros/install/op_planner/share:/home/daisuke/Autoware/ros/install/op_utility/share:/home/daisuke/Autoware/ros/install/vector_map_server/share:/home/daisuke/Autoware/ros/install/map_file/share:/home/daisuke/Autoware/ros/install/waypoint_follower/share:/home/daisuke/Autoware/ros/install/vector_map/share:/home/daisuke/Autoware/ros/install/vector_map_msgs/share:/home/daisuke/Autoware/ros/install/autoware_health_checker/share:/home/daisuke/Autoware/ros/install/tablet_socket_msgs/share:/home/daisuke/Autoware/ros/install/autoware_system_msgs/share:/home/daisuke/Autoware/ros/install/autoware_msgs/share:/home/daisuke/Autoware/ros/install/autoware_config_msgs/share:/home/daisuke/Autoware/ros/install/autoware_can_msgs/share:/home/daisuke/Autoware/ros/install/autoware_build_flags/share:${ROS_PACKAGE_PATH} /usr/bin/cmake --build /home/daisuke/Autoware/ros/build/op_local_planner --target install
